[2025-12-14T16:49:11.957+0000] {processor.py:161} INFO - Started process (PID=84) to work on /home/airflow/.local/lib/python3.12/site-packages/airflow/example_dags/example_task_group.py
[2025-12-14T16:49:11.959+0000] {processor.py:830} INFO - Processing file /home/airflow/.local/lib/python3.12/site-packages/airflow/example_dags/example_task_group.py for tasks to queue
[2025-12-14T16:49:11.969+0000] {logging_mixin.py:188} INFO - [2025-12-14T16:49:11.967+0000] {dagbag.py:540} INFO - Filling up the DagBag from /home/airflow/.local/lib/python3.12/site-packages/airflow/example_dags/example_task_group.py
[2025-12-14T16:49:11.995+0000] {processor.py:840} INFO - DAG(s) 'example_task_group' retrieved from /home/airflow/.local/lib/python3.12/site-packages/airflow/example_dags/example_task_group.py
[2025-12-14T16:49:12.266+0000] {logging_mixin.py:188} INFO - [2025-12-14T16:49:12.266+0000] {dag.py:3096} INFO - Sync 1 DAGs
[2025-12-14T16:49:12.300+0000] {logging_mixin.py:188} INFO - [2025-12-14T16:49:12.300+0000] {dag.py:3954} INFO - Setting next_dagrun for example_task_group to 2025-12-13 00:00:00+00:00, run_after=2025-12-14 00:00:00+00:00
[2025-12-14T16:49:12.327+0000] {processor.py:183} INFO - Processing /home/airflow/.local/lib/python3.12/site-packages/airflow/example_dags/example_task_group.py took 0.379 seconds
[2025-12-14T16:49:42.507+0000] {processor.py:161} INFO - Started process (PID=149) to work on /home/airflow/.local/lib/python3.12/site-packages/airflow/example_dags/example_task_group.py
[2025-12-14T16:49:42.508+0000] {processor.py:830} INFO - Processing file /home/airflow/.local/lib/python3.12/site-packages/airflow/example_dags/example_task_group.py for tasks to queue
[2025-12-14T16:49:42.513+0000] {logging_mixin.py:188} INFO - [2025-12-14T16:49:42.512+0000] {dagbag.py:540} INFO - Filling up the DagBag from /home/airflow/.local/lib/python3.12/site-packages/airflow/example_dags/example_task_group.py
[2025-12-14T16:49:42.523+0000] {processor.py:840} INFO - DAG(s) 'example_task_group' retrieved from /home/airflow/.local/lib/python3.12/site-packages/airflow/example_dags/example_task_group.py
[2025-12-14T16:49:42.551+0000] {logging_mixin.py:188} INFO - [2025-12-14T16:49:42.550+0000] {dag.py:3096} INFO - Sync 1 DAGs
[2025-12-14T16:49:42.578+0000] {logging_mixin.py:188} INFO - [2025-12-14T16:49:42.578+0000] {dag.py:3954} INFO - Setting next_dagrun for example_task_group to 2025-12-13 00:00:00+00:00, run_after=2025-12-14 00:00:00+00:00
[2025-12-14T16:49:42.605+0000] {processor.py:183} INFO - Processing /home/airflow/.local/lib/python3.12/site-packages/airflow/example_dags/example_task_group.py took 0.104 seconds
[2025-12-14T16:50:12.936+0000] {processor.py:161} INFO - Started process (PID=207) to work on /home/airflow/.local/lib/python3.12/site-packages/airflow/example_dags/example_task_group.py
[2025-12-14T16:50:12.939+0000] {processor.py:830} INFO - Processing file /home/airflow/.local/lib/python3.12/site-packages/airflow/example_dags/example_task_group.py for tasks to queue
[2025-12-14T16:50:12.943+0000] {logging_mixin.py:188} INFO - [2025-12-14T16:50:12.942+0000] {dagbag.py:540} INFO - Filling up the DagBag from /home/airflow/.local/lib/python3.12/site-packages/airflow/example_dags/example_task_group.py
[2025-12-14T16:50:12.953+0000] {processor.py:840} INFO - DAG(s) 'example_task_group' retrieved from /home/airflow/.local/lib/python3.12/site-packages/airflow/example_dags/example_task_group.py
[2025-12-14T16:50:12.991+0000] {logging_mixin.py:188} INFO - [2025-12-14T16:50:12.991+0000] {dag.py:3096} INFO - Sync 1 DAGs
[2025-12-14T16:50:13.036+0000] {logging_mixin.py:188} INFO - [2025-12-14T16:50:13.036+0000] {dag.py:3954} INFO - Setting next_dagrun for example_task_group to 2025-12-13 00:00:00+00:00, run_after=2025-12-14 00:00:00+00:00
[2025-12-14T16:50:13.076+0000] {processor.py:183} INFO - Processing /home/airflow/.local/lib/python3.12/site-packages/airflow/example_dags/example_task_group.py took 0.148 seconds
[2025-12-14T16:50:43.251+0000] {processor.py:161} INFO - Started process (PID=271) to work on /home/airflow/.local/lib/python3.12/site-packages/airflow/example_dags/example_task_group.py
[2025-12-14T16:50:43.253+0000] {processor.py:830} INFO - Processing file /home/airflow/.local/lib/python3.12/site-packages/airflow/example_dags/example_task_group.py for tasks to queue
[2025-12-14T16:50:43.256+0000] {logging_mixin.py:188} INFO - [2025-12-14T16:50:43.255+0000] {dagbag.py:540} INFO - Filling up the DagBag from /home/airflow/.local/lib/python3.12/site-packages/airflow/example_dags/example_task_group.py
[2025-12-14T16:50:43.265+0000] {processor.py:840} INFO - DAG(s) 'example_task_group' retrieved from /home/airflow/.local/lib/python3.12/site-packages/airflow/example_dags/example_task_group.py
[2025-12-14T16:50:43.291+0000] {logging_mixin.py:188} INFO - [2025-12-14T16:50:43.291+0000] {dag.py:3096} INFO - Sync 1 DAGs
[2025-12-14T16:50:43.316+0000] {logging_mixin.py:188} INFO - [2025-12-14T16:50:43.316+0000] {dag.py:3954} INFO - Setting next_dagrun for example_task_group to 2025-12-13 00:00:00+00:00, run_after=2025-12-14 00:00:00+00:00
[2025-12-14T16:50:43.341+0000] {processor.py:183} INFO - Processing /home/airflow/.local/lib/python3.12/site-packages/airflow/example_dags/example_task_group.py took 0.097 seconds
[2025-12-14T16:51:13.539+0000] {processor.py:161} INFO - Started process (PID=330) to work on /home/airflow/.local/lib/python3.12/site-packages/airflow/example_dags/example_task_group.py
[2025-12-14T16:51:13.540+0000] {processor.py:830} INFO - Processing file /home/airflow/.local/lib/python3.12/site-packages/airflow/example_dags/example_task_group.py for tasks to queue
[2025-12-14T16:51:13.544+0000] {logging_mixin.py:188} INFO - [2025-12-14T16:51:13.543+0000] {dagbag.py:540} INFO - Filling up the DagBag from /home/airflow/.local/lib/python3.12/site-packages/airflow/example_dags/example_task_group.py
[2025-12-14T16:51:13.557+0000] {processor.py:840} INFO - DAG(s) 'example_task_group' retrieved from /home/airflow/.local/lib/python3.12/site-packages/airflow/example_dags/example_task_group.py
[2025-12-14T16:51:13.590+0000] {logging_mixin.py:188} INFO - [2025-12-14T16:51:13.590+0000] {dag.py:3096} INFO - Sync 1 DAGs
[2025-12-14T16:51:13.622+0000] {logging_mixin.py:188} INFO - [2025-12-14T16:51:13.622+0000] {dag.py:3954} INFO - Setting next_dagrun for example_task_group to 2025-12-13 00:00:00+00:00, run_after=2025-12-14 00:00:00+00:00
[2025-12-14T16:51:13.646+0000] {processor.py:183} INFO - Processing /home/airflow/.local/lib/python3.12/site-packages/airflow/example_dags/example_task_group.py took 0.118 seconds
[2025-12-14T16:51:45.032+0000] {processor.py:161} INFO - Started process (PID=388) to work on /home/airflow/.local/lib/python3.12/site-packages/airflow/example_dags/example_task_group.py
[2025-12-14T16:51:45.039+0000] {processor.py:830} INFO - Processing file /home/airflow/.local/lib/python3.12/site-packages/airflow/example_dags/example_task_group.py for tasks to queue
[2025-12-14T16:51:45.053+0000] {logging_mixin.py:188} INFO - [2025-12-14T16:51:45.050+0000] {dagbag.py:540} INFO - Filling up the DagBag from /home/airflow/.local/lib/python3.12/site-packages/airflow/example_dags/example_task_group.py
[2025-12-14T16:51:45.099+0000] {processor.py:840} INFO - DAG(s) 'example_task_group' retrieved from /home/airflow/.local/lib/python3.12/site-packages/airflow/example_dags/example_task_group.py
[2025-12-14T16:51:45.248+0000] {logging_mixin.py:188} INFO - [2025-12-14T16:51:45.245+0000] {dag.py:3096} INFO - Sync 1 DAGs
[2025-12-14T16:51:45.408+0000] {logging_mixin.py:188} INFO - [2025-12-14T16:51:45.407+0000] {dag.py:3954} INFO - Setting next_dagrun for example_task_group to 2025-12-13 00:00:00+00:00, run_after=2025-12-14 00:00:00+00:00
[2025-12-14T16:51:45.517+0000] {processor.py:183} INFO - Processing /home/airflow/.local/lib/python3.12/site-packages/airflow/example_dags/example_task_group.py took 0.526 seconds
[2025-12-14T16:52:16.196+0000] {processor.py:161} INFO - Started process (PID=446) to work on /home/airflow/.local/lib/python3.12/site-packages/airflow/example_dags/example_task_group.py
[2025-12-14T16:52:16.198+0000] {processor.py:830} INFO - Processing file /home/airflow/.local/lib/python3.12/site-packages/airflow/example_dags/example_task_group.py for tasks to queue
[2025-12-14T16:52:16.200+0000] {logging_mixin.py:188} INFO - [2025-12-14T16:52:16.200+0000] {dagbag.py:540} INFO - Filling up the DagBag from /home/airflow/.local/lib/python3.12/site-packages/airflow/example_dags/example_task_group.py
[2025-12-14T16:52:16.209+0000] {processor.py:840} INFO - DAG(s) 'example_task_group' retrieved from /home/airflow/.local/lib/python3.12/site-packages/airflow/example_dags/example_task_group.py
[2025-12-14T16:52:16.234+0000] {logging_mixin.py:188} INFO - [2025-12-14T16:52:16.234+0000] {dag.py:3096} INFO - Sync 1 DAGs
[2025-12-14T16:52:16.261+0000] {logging_mixin.py:188} INFO - [2025-12-14T16:52:16.261+0000] {dag.py:3954} INFO - Setting next_dagrun for example_task_group to 2025-12-13 00:00:00+00:00, run_after=2025-12-14 00:00:00+00:00
[2025-12-14T16:52:16.287+0000] {processor.py:183} INFO - Processing /home/airflow/.local/lib/python3.12/site-packages/airflow/example_dags/example_task_group.py took 0.099 seconds
[2025-12-14T16:55:08.695+0000] {processor.py:161} INFO - Started process (PID=137) to work on /home/airflow/.local/lib/python3.12/site-packages/airflow/example_dags/example_task_group.py
[2025-12-14T16:55:08.710+0000] {processor.py:830} INFO - Processing file /home/airflow/.local/lib/python3.12/site-packages/airflow/example_dags/example_task_group.py for tasks to queue
[2025-12-14T16:55:08.714+0000] {logging_mixin.py:188} INFO - [2025-12-14T16:55:08.713+0000] {dagbag.py:540} INFO - Filling up the DagBag from /home/airflow/.local/lib/python3.12/site-packages/airflow/example_dags/example_task_group.py
[2025-12-14T16:55:08.731+0000] {processor.py:840} INFO - DAG(s) 'example_task_group' retrieved from /home/airflow/.local/lib/python3.12/site-packages/airflow/example_dags/example_task_group.py
[2025-12-14T16:55:08.910+0000] {logging_mixin.py:188} INFO - [2025-12-14T16:55:08.909+0000] {dag.py:3096} INFO - Sync 1 DAGs
[2025-12-14T16:55:08.951+0000] {logging_mixin.py:188} INFO - [2025-12-14T16:55:08.951+0000] {dag.py:3954} INFO - Setting next_dagrun for example_task_group to 2025-12-13 00:00:00+00:00, run_after=2025-12-14 00:00:00+00:00
[2025-12-14T16:55:08.994+0000] {processor.py:183} INFO - Processing /home/airflow/.local/lib/python3.12/site-packages/airflow/example_dags/example_task_group.py took 0.308 seconds
[2025-12-14T16:55:39.358+0000] {processor.py:161} INFO - Started process (PID=209) to work on /home/airflow/.local/lib/python3.12/site-packages/airflow/example_dags/example_task_group.py
[2025-12-14T16:55:39.359+0000] {processor.py:830} INFO - Processing file /home/airflow/.local/lib/python3.12/site-packages/airflow/example_dags/example_task_group.py for tasks to queue
[2025-12-14T16:55:39.362+0000] {logging_mixin.py:188} INFO - [2025-12-14T16:55:39.361+0000] {dagbag.py:540} INFO - Filling up the DagBag from /home/airflow/.local/lib/python3.12/site-packages/airflow/example_dags/example_task_group.py
[2025-12-14T16:55:39.370+0000] {processor.py:840} INFO - DAG(s) 'example_task_group' retrieved from /home/airflow/.local/lib/python3.12/site-packages/airflow/example_dags/example_task_group.py
[2025-12-14T16:55:39.396+0000] {logging_mixin.py:188} INFO - [2025-12-14T16:55:39.396+0000] {dag.py:3096} INFO - Sync 1 DAGs
[2025-12-14T16:55:39.424+0000] {logging_mixin.py:188} INFO - [2025-12-14T16:55:39.424+0000] {dag.py:3954} INFO - Setting next_dagrun for example_task_group to 2025-12-13 00:00:00+00:00, run_after=2025-12-14 00:00:00+00:00
[2025-12-14T16:55:39.457+0000] {processor.py:183} INFO - Processing /home/airflow/.local/lib/python3.12/site-packages/airflow/example_dags/example_task_group.py took 0.106 seconds
[2025-12-14T16:56:09.727+0000] {processor.py:161} INFO - Started process (PID=269) to work on /home/airflow/.local/lib/python3.12/site-packages/airflow/example_dags/example_task_group.py
[2025-12-14T16:56:09.728+0000] {processor.py:830} INFO - Processing file /home/airflow/.local/lib/python3.12/site-packages/airflow/example_dags/example_task_group.py for tasks to queue
[2025-12-14T16:56:09.731+0000] {logging_mixin.py:188} INFO - [2025-12-14T16:56:09.731+0000] {dagbag.py:540} INFO - Filling up the DagBag from /home/airflow/.local/lib/python3.12/site-packages/airflow/example_dags/example_task_group.py
[2025-12-14T16:56:09.741+0000] {processor.py:840} INFO - DAG(s) 'example_task_group' retrieved from /home/airflow/.local/lib/python3.12/site-packages/airflow/example_dags/example_task_group.py
[2025-12-14T16:56:09.770+0000] {logging_mixin.py:188} INFO - [2025-12-14T16:56:09.770+0000] {dag.py:3096} INFO - Sync 1 DAGs
[2025-12-14T16:56:09.800+0000] {logging_mixin.py:188} INFO - [2025-12-14T16:56:09.799+0000] {dag.py:3954} INFO - Setting next_dagrun for example_task_group to 2025-12-13 00:00:00+00:00, run_after=2025-12-14 00:00:00+00:00
[2025-12-14T16:56:09.832+0000] {processor.py:183} INFO - Processing /home/airflow/.local/lib/python3.12/site-packages/airflow/example_dags/example_task_group.py took 0.114 seconds
[2025-12-14T16:56:40.445+0000] {processor.py:161} INFO - Started process (PID=339) to work on /home/airflow/.local/lib/python3.12/site-packages/airflow/example_dags/example_task_group.py
[2025-12-14T16:56:40.447+0000] {processor.py:830} INFO - Processing file /home/airflow/.local/lib/python3.12/site-packages/airflow/example_dags/example_task_group.py for tasks to queue
[2025-12-14T16:56:40.449+0000] {logging_mixin.py:188} INFO - [2025-12-14T16:56:40.449+0000] {dagbag.py:540} INFO - Filling up the DagBag from /home/airflow/.local/lib/python3.12/site-packages/airflow/example_dags/example_task_group.py
[2025-12-14T16:56:40.457+0000] {processor.py:840} INFO - DAG(s) 'example_task_group' retrieved from /home/airflow/.local/lib/python3.12/site-packages/airflow/example_dags/example_task_group.py
[2025-12-14T16:56:40.482+0000] {logging_mixin.py:188} INFO - [2025-12-14T16:56:40.482+0000] {dag.py:3096} INFO - Sync 1 DAGs
[2025-12-14T16:56:40.506+0000] {logging_mixin.py:188} INFO - [2025-12-14T16:56:40.505+0000] {dag.py:3954} INFO - Setting next_dagrun for example_task_group to 2025-12-13 00:00:00+00:00, run_after=2025-12-14 00:00:00+00:00
[2025-12-14T16:56:40.531+0000] {processor.py:183} INFO - Processing /home/airflow/.local/lib/python3.12/site-packages/airflow/example_dags/example_task_group.py took 0.092 seconds
[2025-12-14T16:57:11.577+0000] {processor.py:161} INFO - Started process (PID=410) to work on /home/airflow/.local/lib/python3.12/site-packages/airflow/example_dags/example_task_group.py
[2025-12-14T16:57:11.579+0000] {processor.py:830} INFO - Processing file /home/airflow/.local/lib/python3.12/site-packages/airflow/example_dags/example_task_group.py for tasks to queue
[2025-12-14T16:57:11.581+0000] {logging_mixin.py:188} INFO - [2025-12-14T16:57:11.581+0000] {dagbag.py:540} INFO - Filling up the DagBag from /home/airflow/.local/lib/python3.12/site-packages/airflow/example_dags/example_task_group.py
[2025-12-14T16:57:11.591+0000] {processor.py:840} INFO - DAG(s) 'example_task_group' retrieved from /home/airflow/.local/lib/python3.12/site-packages/airflow/example_dags/example_task_group.py
[2025-12-14T16:57:11.616+0000] {logging_mixin.py:188} INFO - [2025-12-14T16:57:11.615+0000] {dag.py:3096} INFO - Sync 1 DAGs
[2025-12-14T16:57:11.641+0000] {logging_mixin.py:188} INFO - [2025-12-14T16:57:11.640+0000] {dag.py:3954} INFO - Setting next_dagrun for example_task_group to 2025-12-13 00:00:00+00:00, run_after=2025-12-14 00:00:00+00:00
[2025-12-14T16:57:11.665+0000] {processor.py:183} INFO - Processing /home/airflow/.local/lib/python3.12/site-packages/airflow/example_dags/example_task_group.py took 0.096 seconds
[2025-12-14T16:58:32.903+0000] {processor.py:161} INFO - Started process (PID=86) to work on /home/airflow/.local/lib/python3.12/site-packages/airflow/example_dags/example_task_group.py
[2025-12-14T16:58:32.905+0000] {processor.py:830} INFO - Processing file /home/airflow/.local/lib/python3.12/site-packages/airflow/example_dags/example_task_group.py for tasks to queue
[2025-12-14T16:58:32.907+0000] {logging_mixin.py:188} INFO - [2025-12-14T16:58:32.907+0000] {dagbag.py:540} INFO - Filling up the DagBag from /home/airflow/.local/lib/python3.12/site-packages/airflow/example_dags/example_task_group.py
[2025-12-14T16:58:32.917+0000] {processor.py:840} INFO - DAG(s) 'example_task_group' retrieved from /home/airflow/.local/lib/python3.12/site-packages/airflow/example_dags/example_task_group.py
[2025-12-14T16:58:33.071+0000] {logging_mixin.py:188} INFO - [2025-12-14T16:58:33.070+0000] {dag.py:3096} INFO - Sync 1 DAGs
[2025-12-14T16:58:33.095+0000] {logging_mixin.py:188} INFO - [2025-12-14T16:58:33.095+0000] {dag.py:3954} INFO - Setting next_dagrun for example_task_group to 2025-12-13 00:00:00+00:00, run_after=2025-12-14 00:00:00+00:00
[2025-12-14T16:58:33.126+0000] {processor.py:183} INFO - Processing /home/airflow/.local/lib/python3.12/site-packages/airflow/example_dags/example_task_group.py took 0.230 seconds
[2025-12-14T16:59:03.487+0000] {processor.py:161} INFO - Started process (PID=146) to work on /home/airflow/.local/lib/python3.12/site-packages/airflow/example_dags/example_task_group.py
[2025-12-14T16:59:03.489+0000] {processor.py:830} INFO - Processing file /home/airflow/.local/lib/python3.12/site-packages/airflow/example_dags/example_task_group.py for tasks to queue
[2025-12-14T16:59:03.492+0000] {logging_mixin.py:188} INFO - [2025-12-14T16:59:03.492+0000] {dagbag.py:540} INFO - Filling up the DagBag from /home/airflow/.local/lib/python3.12/site-packages/airflow/example_dags/example_task_group.py
[2025-12-14T16:59:03.502+0000] {processor.py:840} INFO - DAG(s) 'example_task_group' retrieved from /home/airflow/.local/lib/python3.12/site-packages/airflow/example_dags/example_task_group.py
[2025-12-14T16:59:03.530+0000] {logging_mixin.py:188} INFO - [2025-12-14T16:59:03.530+0000] {dag.py:3096} INFO - Sync 1 DAGs
[2025-12-14T16:59:03.555+0000] {logging_mixin.py:188} INFO - [2025-12-14T16:59:03.554+0000] {dag.py:3954} INFO - Setting next_dagrun for example_task_group to 2025-12-13 00:00:00+00:00, run_after=2025-12-14 00:00:00+00:00
[2025-12-14T16:59:03.578+0000] {processor.py:183} INFO - Processing /home/airflow/.local/lib/python3.12/site-packages/airflow/example_dags/example_task_group.py took 0.099 seconds
[2025-12-14T16:59:34.952+0000] {processor.py:161} INFO - Started process (PID=206) to work on /home/airflow/.local/lib/python3.12/site-packages/airflow/example_dags/example_task_group.py
[2025-12-14T16:59:34.954+0000] {processor.py:830} INFO - Processing file /home/airflow/.local/lib/python3.12/site-packages/airflow/example_dags/example_task_group.py for tasks to queue
[2025-12-14T16:59:34.955+0000] {logging_mixin.py:188} INFO - [2025-12-14T16:59:34.955+0000] {dagbag.py:540} INFO - Filling up the DagBag from /home/airflow/.local/lib/python3.12/site-packages/airflow/example_dags/example_task_group.py
[2025-12-14T16:59:34.968+0000] {processor.py:840} INFO - DAG(s) 'example_task_group' retrieved from /home/airflow/.local/lib/python3.12/site-packages/airflow/example_dags/example_task_group.py
[2025-12-14T16:59:35.001+0000] {logging_mixin.py:188} INFO - [2025-12-14T16:59:35.001+0000] {dag.py:3096} INFO - Sync 1 DAGs
[2025-12-14T16:59:35.036+0000] {logging_mixin.py:188} INFO - [2025-12-14T16:59:35.036+0000] {dag.py:3954} INFO - Setting next_dagrun for example_task_group to 2025-12-13 00:00:00+00:00, run_after=2025-12-14 00:00:00+00:00
[2025-12-14T16:59:35.067+0000] {processor.py:183} INFO - Processing /home/airflow/.local/lib/python3.12/site-packages/airflow/example_dags/example_task_group.py took 0.123 seconds
[2025-12-14T17:00:05.978+0000] {processor.py:161} INFO - Started process (PID=266) to work on /home/airflow/.local/lib/python3.12/site-packages/airflow/example_dags/example_task_group.py
[2025-12-14T17:00:05.979+0000] {processor.py:830} INFO - Processing file /home/airflow/.local/lib/python3.12/site-packages/airflow/example_dags/example_task_group.py for tasks to queue
[2025-12-14T17:00:05.981+0000] {logging_mixin.py:188} INFO - [2025-12-14T17:00:05.980+0000] {dagbag.py:540} INFO - Filling up the DagBag from /home/airflow/.local/lib/python3.12/site-packages/airflow/example_dags/example_task_group.py
[2025-12-14T17:00:05.990+0000] {processor.py:840} INFO - DAG(s) 'example_task_group' retrieved from /home/airflow/.local/lib/python3.12/site-packages/airflow/example_dags/example_task_group.py
[2025-12-14T17:00:06.025+0000] {logging_mixin.py:188} INFO - [2025-12-14T17:00:06.025+0000] {dag.py:3096} INFO - Sync 1 DAGs
[2025-12-14T17:00:06.050+0000] {logging_mixin.py:188} INFO - [2025-12-14T17:00:06.050+0000] {dag.py:3954} INFO - Setting next_dagrun for example_task_group to 2025-12-13 00:00:00+00:00, run_after=2025-12-14 00:00:00+00:00
[2025-12-14T17:00:06.072+0000] {processor.py:183} INFO - Processing /home/airflow/.local/lib/python3.12/site-packages/airflow/example_dags/example_task_group.py took 0.101 seconds
[2025-12-14T17:00:36.726+0000] {processor.py:161} INFO - Started process (PID=326) to work on /home/airflow/.local/lib/python3.12/site-packages/airflow/example_dags/example_task_group.py
[2025-12-14T17:00:36.728+0000] {processor.py:830} INFO - Processing file /home/airflow/.local/lib/python3.12/site-packages/airflow/example_dags/example_task_group.py for tasks to queue
[2025-12-14T17:00:36.729+0000] {logging_mixin.py:188} INFO - [2025-12-14T17:00:36.729+0000] {dagbag.py:540} INFO - Filling up the DagBag from /home/airflow/.local/lib/python3.12/site-packages/airflow/example_dags/example_task_group.py
[2025-12-14T17:00:36.739+0000] {processor.py:840} INFO - DAG(s) 'example_task_group' retrieved from /home/airflow/.local/lib/python3.12/site-packages/airflow/example_dags/example_task_group.py
[2025-12-14T17:00:36.768+0000] {logging_mixin.py:188} INFO - [2025-12-14T17:00:36.768+0000] {dag.py:3096} INFO - Sync 1 DAGs
[2025-12-14T17:00:36.799+0000] {logging_mixin.py:188} INFO - [2025-12-14T17:00:36.798+0000] {dag.py:3954} INFO - Setting next_dagrun for example_task_group to 2025-12-13 00:00:00+00:00, run_after=2025-12-14 00:00:00+00:00
[2025-12-14T17:00:36.835+0000] {processor.py:183} INFO - Processing /home/airflow/.local/lib/python3.12/site-packages/airflow/example_dags/example_task_group.py took 0.116 seconds
[2025-12-14T17:02:49.815+0000] {processor.py:161} INFO - Started process (PID=124) to work on /home/airflow/.local/lib/python3.12/site-packages/airflow/example_dags/example_task_group.py
[2025-12-14T17:02:49.818+0000] {processor.py:830} INFO - Processing file /home/airflow/.local/lib/python3.12/site-packages/airflow/example_dags/example_task_group.py for tasks to queue
[2025-12-14T17:02:49.821+0000] {logging_mixin.py:188} INFO - [2025-12-14T17:02:49.821+0000] {dagbag.py:540} INFO - Filling up the DagBag from /home/airflow/.local/lib/python3.12/site-packages/airflow/example_dags/example_task_group.py
[2025-12-14T17:02:49.835+0000] {processor.py:840} INFO - DAG(s) 'example_task_group' retrieved from /home/airflow/.local/lib/python3.12/site-packages/airflow/example_dags/example_task_group.py
[2025-12-14T17:02:50.067+0000] {logging_mixin.py:188} INFO - [2025-12-14T17:02:50.067+0000] {dag.py:3096} INFO - Sync 1 DAGs
[2025-12-14T17:02:50.111+0000] {logging_mixin.py:188} INFO - [2025-12-14T17:02:50.111+0000] {dag.py:3954} INFO - Setting next_dagrun for example_task_group to 2025-12-13 00:00:00+00:00, run_after=2025-12-14 00:00:00+00:00
[2025-12-14T17:02:50.145+0000] {processor.py:183} INFO - Processing /home/airflow/.local/lib/python3.12/site-packages/airflow/example_dags/example_task_group.py took 0.342 seconds
[2025-12-14T17:03:21.552+0000] {processor.py:161} INFO - Started process (PID=195) to work on /home/airflow/.local/lib/python3.12/site-packages/airflow/example_dags/example_task_group.py
[2025-12-14T17:03:21.555+0000] {processor.py:830} INFO - Processing file /home/airflow/.local/lib/python3.12/site-packages/airflow/example_dags/example_task_group.py for tasks to queue
[2025-12-14T17:03:21.559+0000] {logging_mixin.py:188} INFO - [2025-12-14T17:03:21.559+0000] {dagbag.py:540} INFO - Filling up the DagBag from /home/airflow/.local/lib/python3.12/site-packages/airflow/example_dags/example_task_group.py
[2025-12-14T17:03:21.576+0000] {processor.py:840} INFO - DAG(s) 'example_task_group' retrieved from /home/airflow/.local/lib/python3.12/site-packages/airflow/example_dags/example_task_group.py
[2025-12-14T17:03:21.618+0000] {logging_mixin.py:188} INFO - [2025-12-14T17:03:21.617+0000] {dag.py:3096} INFO - Sync 1 DAGs
[2025-12-14T17:03:21.662+0000] {logging_mixin.py:188} INFO - [2025-12-14T17:03:21.662+0000] {dag.py:3954} INFO - Setting next_dagrun for example_task_group to 2025-12-13 00:00:00+00:00, run_after=2025-12-14 00:00:00+00:00
[2025-12-14T17:03:21.696+0000] {processor.py:183} INFO - Processing /home/airflow/.local/lib/python3.12/site-packages/airflow/example_dags/example_task_group.py took 0.157 seconds
[2025-12-14T17:03:52.580+0000] {processor.py:161} INFO - Started process (PID=266) to work on /home/airflow/.local/lib/python3.12/site-packages/airflow/example_dags/example_task_group.py
[2025-12-14T17:03:52.582+0000] {processor.py:830} INFO - Processing file /home/airflow/.local/lib/python3.12/site-packages/airflow/example_dags/example_task_group.py for tasks to queue
[2025-12-14T17:03:52.584+0000] {logging_mixin.py:188} INFO - [2025-12-14T17:03:52.583+0000] {dagbag.py:540} INFO - Filling up the DagBag from /home/airflow/.local/lib/python3.12/site-packages/airflow/example_dags/example_task_group.py
[2025-12-14T17:03:52.592+0000] {processor.py:840} INFO - DAG(s) 'example_task_group' retrieved from /home/airflow/.local/lib/python3.12/site-packages/airflow/example_dags/example_task_group.py
[2025-12-14T17:03:52.618+0000] {logging_mixin.py:188} INFO - [2025-12-14T17:03:52.617+0000] {dag.py:3096} INFO - Sync 1 DAGs
[2025-12-14T17:03:52.645+0000] {logging_mixin.py:188} INFO - [2025-12-14T17:03:52.645+0000] {dag.py:3954} INFO - Setting next_dagrun for example_task_group to 2025-12-13 00:00:00+00:00, run_after=2025-12-14 00:00:00+00:00
[2025-12-14T17:03:52.670+0000] {processor.py:183} INFO - Processing /home/airflow/.local/lib/python3.12/site-packages/airflow/example_dags/example_task_group.py took 0.096 seconds
[2025-12-14T17:04:23.583+0000] {processor.py:161} INFO - Started process (PID=326) to work on /home/airflow/.local/lib/python3.12/site-packages/airflow/example_dags/example_task_group.py
[2025-12-14T17:04:23.584+0000] {processor.py:830} INFO - Processing file /home/airflow/.local/lib/python3.12/site-packages/airflow/example_dags/example_task_group.py for tasks to queue
[2025-12-14T17:04:23.589+0000] {logging_mixin.py:188} INFO - [2025-12-14T17:04:23.589+0000] {dagbag.py:540} INFO - Filling up the DagBag from /home/airflow/.local/lib/python3.12/site-packages/airflow/example_dags/example_task_group.py
[2025-12-14T17:04:23.600+0000] {processor.py:840} INFO - DAG(s) 'example_task_group' retrieved from /home/airflow/.local/lib/python3.12/site-packages/airflow/example_dags/example_task_group.py
[2025-12-14T17:04:23.632+0000] {logging_mixin.py:188} INFO - [2025-12-14T17:04:23.632+0000] {dag.py:3096} INFO - Sync 1 DAGs
[2025-12-14T17:04:23.667+0000] {logging_mixin.py:188} INFO - [2025-12-14T17:04:23.667+0000] {dag.py:3954} INFO - Setting next_dagrun for example_task_group to 2025-12-13 00:00:00+00:00, run_after=2025-12-14 00:00:00+00:00
[2025-12-14T17:04:23.697+0000] {processor.py:183} INFO - Processing /home/airflow/.local/lib/python3.12/site-packages/airflow/example_dags/example_task_group.py took 0.122 seconds
[2025-12-14T17:07:15.637+0000] {processor.py:161} INFO - Started process (PID=115) to work on /home/airflow/.local/lib/python3.12/site-packages/airflow/example_dags/example_task_group.py
[2025-12-14T17:07:15.639+0000] {processor.py:830} INFO - Processing file /home/airflow/.local/lib/python3.12/site-packages/airflow/example_dags/example_task_group.py for tasks to queue
[2025-12-14T17:07:15.643+0000] {logging_mixin.py:188} INFO - [2025-12-14T17:07:15.642+0000] {dagbag.py:540} INFO - Filling up the DagBag from /home/airflow/.local/lib/python3.12/site-packages/airflow/example_dags/example_task_group.py
[2025-12-14T17:07:15.653+0000] {processor.py:840} INFO - DAG(s) 'example_task_group' retrieved from /home/airflow/.local/lib/python3.12/site-packages/airflow/example_dags/example_task_group.py
[2025-12-14T17:07:15.810+0000] {logging_mixin.py:188} INFO - [2025-12-14T17:07:15.810+0000] {dag.py:3096} INFO - Sync 1 DAGs
[2025-12-14T17:07:15.837+0000] {logging_mixin.py:188} INFO - [2025-12-14T17:07:15.837+0000] {dag.py:3954} INFO - Setting next_dagrun for example_task_group to 2025-12-13 00:00:00+00:00, run_after=2025-12-14 00:00:00+00:00
[2025-12-14T17:07:15.867+0000] {processor.py:183} INFO - Processing /home/airflow/.local/lib/python3.12/site-packages/airflow/example_dags/example_task_group.py took 0.238 seconds
[2025-12-14T17:07:47.591+0000] {processor.py:161} INFO - Started process (PID=186) to work on /home/airflow/.local/lib/python3.12/site-packages/airflow/example_dags/example_task_group.py
[2025-12-14T17:07:47.593+0000] {processor.py:830} INFO - Processing file /home/airflow/.local/lib/python3.12/site-packages/airflow/example_dags/example_task_group.py for tasks to queue
[2025-12-14T17:07:47.596+0000] {logging_mixin.py:188} INFO - [2025-12-14T17:07:47.595+0000] {dagbag.py:540} INFO - Filling up the DagBag from /home/airflow/.local/lib/python3.12/site-packages/airflow/example_dags/example_task_group.py
[2025-12-14T17:07:47.607+0000] {processor.py:840} INFO - DAG(s) 'example_task_group' retrieved from /home/airflow/.local/lib/python3.12/site-packages/airflow/example_dags/example_task_group.py
[2025-12-14T17:07:47.637+0000] {logging_mixin.py:188} INFO - [2025-12-14T17:07:47.637+0000] {dag.py:3096} INFO - Sync 1 DAGs
[2025-12-14T17:07:47.669+0000] {logging_mixin.py:188} INFO - [2025-12-14T17:07:47.669+0000] {dag.py:3954} INFO - Setting next_dagrun for example_task_group to 2025-12-13 00:00:00+00:00, run_after=2025-12-14 00:00:00+00:00
[2025-12-14T17:07:47.700+0000] {processor.py:183} INFO - Processing /home/airflow/.local/lib/python3.12/site-packages/airflow/example_dags/example_task_group.py took 0.117 seconds
[2025-12-14T17:08:18.700+0000] {processor.py:161} INFO - Started process (PID=246) to work on /home/airflow/.local/lib/python3.12/site-packages/airflow/example_dags/example_task_group.py
[2025-12-14T17:08:18.702+0000] {processor.py:830} INFO - Processing file /home/airflow/.local/lib/python3.12/site-packages/airflow/example_dags/example_task_group.py for tasks to queue
[2025-12-14T17:08:18.705+0000] {logging_mixin.py:188} INFO - [2025-12-14T17:08:18.704+0000] {dagbag.py:540} INFO - Filling up the DagBag from /home/airflow/.local/lib/python3.12/site-packages/airflow/example_dags/example_task_group.py
[2025-12-14T17:08:18.714+0000] {processor.py:840} INFO - DAG(s) 'example_task_group' retrieved from /home/airflow/.local/lib/python3.12/site-packages/airflow/example_dags/example_task_group.py
[2025-12-14T17:08:18.741+0000] {logging_mixin.py:188} INFO - [2025-12-14T17:08:18.741+0000] {dag.py:3096} INFO - Sync 1 DAGs
[2025-12-14T17:08:18.771+0000] {logging_mixin.py:188} INFO - [2025-12-14T17:08:18.770+0000] {dag.py:3954} INFO - Setting next_dagrun for example_task_group to 2025-12-13 00:00:00+00:00, run_after=2025-12-14 00:00:00+00:00
[2025-12-14T17:08:18.801+0000] {processor.py:183} INFO - Processing /home/airflow/.local/lib/python3.12/site-packages/airflow/example_dags/example_task_group.py took 0.108 seconds
[2025-12-14T17:08:49.429+0000] {processor.py:161} INFO - Started process (PID=316) to work on /home/airflow/.local/lib/python3.12/site-packages/airflow/example_dags/example_task_group.py
[2025-12-14T17:08:49.430+0000] {processor.py:830} INFO - Processing file /home/airflow/.local/lib/python3.12/site-packages/airflow/example_dags/example_task_group.py for tasks to queue
[2025-12-14T17:08:49.432+0000] {logging_mixin.py:188} INFO - [2025-12-14T17:08:49.432+0000] {dagbag.py:540} INFO - Filling up the DagBag from /home/airflow/.local/lib/python3.12/site-packages/airflow/example_dags/example_task_group.py
[2025-12-14T17:08:49.441+0000] {processor.py:840} INFO - DAG(s) 'example_task_group' retrieved from /home/airflow/.local/lib/python3.12/site-packages/airflow/example_dags/example_task_group.py
[2025-12-14T17:08:49.466+0000] {logging_mixin.py:188} INFO - [2025-12-14T17:08:49.466+0000] {dag.py:3096} INFO - Sync 1 DAGs
[2025-12-14T17:08:49.490+0000] {logging_mixin.py:188} INFO - [2025-12-14T17:08:49.490+0000] {dag.py:3954} INFO - Setting next_dagrun for example_task_group to 2025-12-13 00:00:00+00:00, run_after=2025-12-14 00:00:00+00:00
[2025-12-14T17:08:49.518+0000] {processor.py:183} INFO - Processing /home/airflow/.local/lib/python3.12/site-packages/airflow/example_dags/example_task_group.py took 0.096 seconds
[2025-12-14T17:09:19.711+0000] {processor.py:161} INFO - Started process (PID=387) to work on /home/airflow/.local/lib/python3.12/site-packages/airflow/example_dags/example_task_group.py
[2025-12-14T17:09:19.713+0000] {processor.py:830} INFO - Processing file /home/airflow/.local/lib/python3.12/site-packages/airflow/example_dags/example_task_group.py for tasks to queue
[2025-12-14T17:09:19.715+0000] {logging_mixin.py:188} INFO - [2025-12-14T17:09:19.715+0000] {dagbag.py:540} INFO - Filling up the DagBag from /home/airflow/.local/lib/python3.12/site-packages/airflow/example_dags/example_task_group.py
[2025-12-14T17:09:19.724+0000] {processor.py:840} INFO - DAG(s) 'example_task_group' retrieved from /home/airflow/.local/lib/python3.12/site-packages/airflow/example_dags/example_task_group.py
[2025-12-14T17:09:19.752+0000] {logging_mixin.py:188} INFO - [2025-12-14T17:09:19.752+0000] {dag.py:3096} INFO - Sync 1 DAGs
[2025-12-14T17:09:19.778+0000] {logging_mixin.py:188} INFO - [2025-12-14T17:09:19.778+0000] {dag.py:3954} INFO - Setting next_dagrun for example_task_group to 2025-12-13 00:00:00+00:00, run_after=2025-12-14 00:00:00+00:00
[2025-12-14T17:09:19.800+0000] {processor.py:183} INFO - Processing /home/airflow/.local/lib/python3.12/site-packages/airflow/example_dags/example_task_group.py took 0.095 seconds
[2025-12-14T17:09:50.151+0000] {processor.py:161} INFO - Started process (PID=458) to work on /home/airflow/.local/lib/python3.12/site-packages/airflow/example_dags/example_task_group.py
[2025-12-14T17:09:50.155+0000] {processor.py:830} INFO - Processing file /home/airflow/.local/lib/python3.12/site-packages/airflow/example_dags/example_task_group.py for tasks to queue
[2025-12-14T17:09:50.158+0000] {logging_mixin.py:188} INFO - [2025-12-14T17:09:50.157+0000] {dagbag.py:540} INFO - Filling up the DagBag from /home/airflow/.local/lib/python3.12/site-packages/airflow/example_dags/example_task_group.py
[2025-12-14T17:09:50.174+0000] {processor.py:840} INFO - DAG(s) 'example_task_group' retrieved from /home/airflow/.local/lib/python3.12/site-packages/airflow/example_dags/example_task_group.py
[2025-12-14T17:09:50.209+0000] {logging_mixin.py:188} INFO - [2025-12-14T17:09:50.209+0000] {dag.py:3096} INFO - Sync 1 DAGs
[2025-12-14T17:09:50.238+0000] {logging_mixin.py:188} INFO - [2025-12-14T17:09:50.238+0000] {dag.py:3954} INFO - Setting next_dagrun for example_task_group to 2025-12-13 00:00:00+00:00, run_after=2025-12-14 00:00:00+00:00
[2025-12-14T17:09:50.269+0000] {processor.py:183} INFO - Processing /home/airflow/.local/lib/python3.12/site-packages/airflow/example_dags/example_task_group.py took 0.127 seconds
[2025-12-14T17:10:20.759+0000] {processor.py:161} INFO - Started process (PID=542) to work on /home/airflow/.local/lib/python3.12/site-packages/airflow/example_dags/example_task_group.py
[2025-12-14T17:10:20.760+0000] {processor.py:830} INFO - Processing file /home/airflow/.local/lib/python3.12/site-packages/airflow/example_dags/example_task_group.py for tasks to queue
[2025-12-14T17:10:20.764+0000] {logging_mixin.py:188} INFO - [2025-12-14T17:10:20.763+0000] {dagbag.py:540} INFO - Filling up the DagBag from /home/airflow/.local/lib/python3.12/site-packages/airflow/example_dags/example_task_group.py
[2025-12-14T17:10:20.774+0000] {processor.py:840} INFO - DAG(s) 'example_task_group' retrieved from /home/airflow/.local/lib/python3.12/site-packages/airflow/example_dags/example_task_group.py
[2025-12-14T17:10:20.799+0000] {logging_mixin.py:188} INFO - [2025-12-14T17:10:20.799+0000] {dag.py:3096} INFO - Sync 1 DAGs
[2025-12-14T17:10:20.822+0000] {logging_mixin.py:188} INFO - [2025-12-14T17:10:20.822+0000] {dag.py:3954} INFO - Setting next_dagrun for example_task_group to 2025-12-13 00:00:00+00:00, run_after=2025-12-14 00:00:00+00:00
[2025-12-14T17:10:20.849+0000] {processor.py:183} INFO - Processing /home/airflow/.local/lib/python3.12/site-packages/airflow/example_dags/example_task_group.py took 0.097 seconds
[2025-12-14T17:10:51.107+0000] {processor.py:161} INFO - Started process (PID=613) to work on /home/airflow/.local/lib/python3.12/site-packages/airflow/example_dags/example_task_group.py
[2025-12-14T17:10:51.109+0000] {processor.py:830} INFO - Processing file /home/airflow/.local/lib/python3.12/site-packages/airflow/example_dags/example_task_group.py for tasks to queue
[2025-12-14T17:10:51.112+0000] {logging_mixin.py:188} INFO - [2025-12-14T17:10:51.111+0000] {dagbag.py:540} INFO - Filling up the DagBag from /home/airflow/.local/lib/python3.12/site-packages/airflow/example_dags/example_task_group.py
[2025-12-14T17:10:51.123+0000] {processor.py:840} INFO - DAG(s) 'example_task_group' retrieved from /home/airflow/.local/lib/python3.12/site-packages/airflow/example_dags/example_task_group.py
[2025-12-14T17:10:51.152+0000] {logging_mixin.py:188} INFO - [2025-12-14T17:10:51.151+0000] {dag.py:3096} INFO - Sync 1 DAGs
[2025-12-14T17:10:51.178+0000] {logging_mixin.py:188} INFO - [2025-12-14T17:10:51.178+0000] {dag.py:3954} INFO - Setting next_dagrun for example_task_group to 2025-12-13 00:00:00+00:00, run_after=2025-12-14 00:00:00+00:00
[2025-12-14T17:10:51.203+0000] {processor.py:183} INFO - Processing /home/airflow/.local/lib/python3.12/site-packages/airflow/example_dags/example_task_group.py took 0.103 seconds
[2025-12-14T17:11:21.686+0000] {processor.py:161} INFO - Started process (PID=684) to work on /home/airflow/.local/lib/python3.12/site-packages/airflow/example_dags/example_task_group.py
[2025-12-14T17:11:21.687+0000] {processor.py:830} INFO - Processing file /home/airflow/.local/lib/python3.12/site-packages/airflow/example_dags/example_task_group.py for tasks to queue
[2025-12-14T17:11:21.689+0000] {logging_mixin.py:188} INFO - [2025-12-14T17:11:21.689+0000] {dagbag.py:540} INFO - Filling up the DagBag from /home/airflow/.local/lib/python3.12/site-packages/airflow/example_dags/example_task_group.py
[2025-12-14T17:11:21.700+0000] {processor.py:840} INFO - DAG(s) 'example_task_group' retrieved from /home/airflow/.local/lib/python3.12/site-packages/airflow/example_dags/example_task_group.py
[2025-12-14T17:11:21.725+0000] {logging_mixin.py:188} INFO - [2025-12-14T17:11:21.725+0000] {dag.py:3096} INFO - Sync 1 DAGs
[2025-12-14T17:11:21.749+0000] {logging_mixin.py:188} INFO - [2025-12-14T17:11:21.749+0000] {dag.py:3954} INFO - Setting next_dagrun for example_task_group to 2025-12-13 00:00:00+00:00, run_after=2025-12-14 00:00:00+00:00
[2025-12-14T17:11:21.773+0000] {processor.py:183} INFO - Processing /home/airflow/.local/lib/python3.12/site-packages/airflow/example_dags/example_task_group.py took 0.093 seconds
[2025-12-14T17:11:51.940+0000] {processor.py:161} INFO - Started process (PID=755) to work on /home/airflow/.local/lib/python3.12/site-packages/airflow/example_dags/example_task_group.py
[2025-12-14T17:11:51.941+0000] {processor.py:830} INFO - Processing file /home/airflow/.local/lib/python3.12/site-packages/airflow/example_dags/example_task_group.py for tasks to queue
[2025-12-14T17:11:51.944+0000] {logging_mixin.py:188} INFO - [2025-12-14T17:11:51.943+0000] {dagbag.py:540} INFO - Filling up the DagBag from /home/airflow/.local/lib/python3.12/site-packages/airflow/example_dags/example_task_group.py
[2025-12-14T17:11:51.953+0000] {processor.py:840} INFO - DAG(s) 'example_task_group' retrieved from /home/airflow/.local/lib/python3.12/site-packages/airflow/example_dags/example_task_group.py
[2025-12-14T17:11:51.978+0000] {logging_mixin.py:188} INFO - [2025-12-14T17:11:51.977+0000] {dag.py:3096} INFO - Sync 1 DAGs
[2025-12-14T17:11:52.001+0000] {logging_mixin.py:188} INFO - [2025-12-14T17:11:52.001+0000] {dag.py:3954} INFO - Setting next_dagrun for example_task_group to 2025-12-13 00:00:00+00:00, run_after=2025-12-14 00:00:00+00:00
[2025-12-14T17:11:52.025+0000] {processor.py:183} INFO - Processing /home/airflow/.local/lib/python3.12/site-packages/airflow/example_dags/example_task_group.py took 0.092 seconds
[2025-12-14T17:12:22.251+0000] {processor.py:161} INFO - Started process (PID=826) to work on /home/airflow/.local/lib/python3.12/site-packages/airflow/example_dags/example_task_group.py
[2025-12-14T17:12:22.252+0000] {processor.py:830} INFO - Processing file /home/airflow/.local/lib/python3.12/site-packages/airflow/example_dags/example_task_group.py for tasks to queue
[2025-12-14T17:12:22.255+0000] {logging_mixin.py:188} INFO - [2025-12-14T17:12:22.254+0000] {dagbag.py:540} INFO - Filling up the DagBag from /home/airflow/.local/lib/python3.12/site-packages/airflow/example_dags/example_task_group.py
[2025-12-14T17:12:22.264+0000] {processor.py:840} INFO - DAG(s) 'example_task_group' retrieved from /home/airflow/.local/lib/python3.12/site-packages/airflow/example_dags/example_task_group.py
[2025-12-14T17:12:22.289+0000] {logging_mixin.py:188} INFO - [2025-12-14T17:12:22.289+0000] {dag.py:3096} INFO - Sync 1 DAGs
[2025-12-14T17:12:22.313+0000] {logging_mixin.py:188} INFO - [2025-12-14T17:12:22.313+0000] {dag.py:3954} INFO - Setting next_dagrun for example_task_group to 2025-12-13 00:00:00+00:00, run_after=2025-12-14 00:00:00+00:00
[2025-12-14T17:12:22.334+0000] {processor.py:183} INFO - Processing /home/airflow/.local/lib/python3.12/site-packages/airflow/example_dags/example_task_group.py took 0.090 seconds
[2025-12-14T17:12:52.796+0000] {processor.py:161} INFO - Started process (PID=898) to work on /home/airflow/.local/lib/python3.12/site-packages/airflow/example_dags/example_task_group.py
[2025-12-14T17:12:52.799+0000] {processor.py:830} INFO - Processing file /home/airflow/.local/lib/python3.12/site-packages/airflow/example_dags/example_task_group.py for tasks to queue
[2025-12-14T17:12:52.803+0000] {logging_mixin.py:188} INFO - [2025-12-14T17:12:52.802+0000] {dagbag.py:540} INFO - Filling up the DagBag from /home/airflow/.local/lib/python3.12/site-packages/airflow/example_dags/example_task_group.py
[2025-12-14T17:12:52.817+0000] {processor.py:840} INFO - DAG(s) 'example_task_group' retrieved from /home/airflow/.local/lib/python3.12/site-packages/airflow/example_dags/example_task_group.py
[2025-12-14T17:12:52.853+0000] {logging_mixin.py:188} INFO - [2025-12-14T17:12:52.853+0000] {dag.py:3096} INFO - Sync 1 DAGs
[2025-12-14T17:12:52.884+0000] {logging_mixin.py:188} INFO - [2025-12-14T17:12:52.883+0000] {dag.py:3954} INFO - Setting next_dagrun for example_task_group to 2025-12-13 00:00:00+00:00, run_after=2025-12-14 00:00:00+00:00
[2025-12-14T17:12:52.910+0000] {processor.py:183} INFO - Processing /home/airflow/.local/lib/python3.12/site-packages/airflow/example_dags/example_task_group.py took 0.123 seconds
[2025-12-14T17:13:23.099+0000] {processor.py:161} INFO - Started process (PID=969) to work on /home/airflow/.local/lib/python3.12/site-packages/airflow/example_dags/example_task_group.py
[2025-12-14T17:13:23.101+0000] {processor.py:830} INFO - Processing file /home/airflow/.local/lib/python3.12/site-packages/airflow/example_dags/example_task_group.py for tasks to queue
[2025-12-14T17:13:23.103+0000] {logging_mixin.py:188} INFO - [2025-12-14T17:13:23.103+0000] {dagbag.py:540} INFO - Filling up the DagBag from /home/airflow/.local/lib/python3.12/site-packages/airflow/example_dags/example_task_group.py
[2025-12-14T17:13:23.113+0000] {processor.py:840} INFO - DAG(s) 'example_task_group' retrieved from /home/airflow/.local/lib/python3.12/site-packages/airflow/example_dags/example_task_group.py
[2025-12-14T17:13:23.141+0000] {logging_mixin.py:188} INFO - [2025-12-14T17:13:23.141+0000] {dag.py:3096} INFO - Sync 1 DAGs
[2025-12-14T17:13:23.169+0000] {logging_mixin.py:188} INFO - [2025-12-14T17:13:23.168+0000] {dag.py:3954} INFO - Setting next_dagrun for example_task_group to 2025-12-13 00:00:00+00:00, run_after=2025-12-14 00:00:00+00:00
[2025-12-14T17:13:23.192+0000] {processor.py:183} INFO - Processing /home/airflow/.local/lib/python3.12/site-packages/airflow/example_dags/example_task_group.py took 0.100 seconds
[2025-12-14T17:13:53.331+0000] {processor.py:161} INFO - Started process (PID=1040) to work on /home/airflow/.local/lib/python3.12/site-packages/airflow/example_dags/example_task_group.py
[2025-12-14T17:13:53.333+0000] {processor.py:830} INFO - Processing file /home/airflow/.local/lib/python3.12/site-packages/airflow/example_dags/example_task_group.py for tasks to queue
[2025-12-14T17:13:53.336+0000] {logging_mixin.py:188} INFO - [2025-12-14T17:13:53.335+0000] {dagbag.py:540} INFO - Filling up the DagBag from /home/airflow/.local/lib/python3.12/site-packages/airflow/example_dags/example_task_group.py
[2025-12-14T17:13:53.357+0000] {processor.py:840} INFO - DAG(s) 'example_task_group' retrieved from /home/airflow/.local/lib/python3.12/site-packages/airflow/example_dags/example_task_group.py
[2025-12-14T17:13:53.389+0000] {logging_mixin.py:188} INFO - [2025-12-14T17:13:53.389+0000] {dag.py:3096} INFO - Sync 1 DAGs
[2025-12-14T17:13:53.414+0000] {logging_mixin.py:188} INFO - [2025-12-14T17:13:53.414+0000] {dag.py:3954} INFO - Setting next_dagrun for example_task_group to 2025-12-13 00:00:00+00:00, run_after=2025-12-14 00:00:00+00:00
[2025-12-14T17:13:53.440+0000] {processor.py:183} INFO - Processing /home/airflow/.local/lib/python3.12/site-packages/airflow/example_dags/example_task_group.py took 0.116 seconds
[2025-12-14T17:14:24.839+0000] {processor.py:161} INFO - Started process (PID=1112) to work on /home/airflow/.local/lib/python3.12/site-packages/airflow/example_dags/example_task_group.py
[2025-12-14T17:14:24.840+0000] {processor.py:830} INFO - Processing file /home/airflow/.local/lib/python3.12/site-packages/airflow/example_dags/example_task_group.py for tasks to queue
[2025-12-14T17:14:24.843+0000] {logging_mixin.py:188} INFO - [2025-12-14T17:14:24.843+0000] {dagbag.py:540} INFO - Filling up the DagBag from /home/airflow/.local/lib/python3.12/site-packages/airflow/example_dags/example_task_group.py
[2025-12-14T17:14:24.856+0000] {processor.py:840} INFO - DAG(s) 'example_task_group' retrieved from /home/airflow/.local/lib/python3.12/site-packages/airflow/example_dags/example_task_group.py
[2025-12-14T17:14:24.885+0000] {logging_mixin.py:188} INFO - [2025-12-14T17:14:24.884+0000] {dag.py:3096} INFO - Sync 1 DAGs
[2025-12-14T17:14:24.914+0000] {logging_mixin.py:188} INFO - [2025-12-14T17:14:24.914+0000] {dag.py:3954} INFO - Setting next_dagrun for example_task_group to 2025-12-13 00:00:00+00:00, run_after=2025-12-14 00:00:00+00:00
[2025-12-14T17:14:25.123+0000] {processor.py:183} INFO - Processing /home/airflow/.local/lib/python3.12/site-packages/airflow/example_dags/example_task_group.py took 0.293 seconds
[2025-12-14T17:14:55.337+0000] {processor.py:161} INFO - Started process (PID=1170) to work on /home/airflow/.local/lib/python3.12/site-packages/airflow/example_dags/example_task_group.py
[2025-12-14T17:14:55.338+0000] {processor.py:830} INFO - Processing file /home/airflow/.local/lib/python3.12/site-packages/airflow/example_dags/example_task_group.py for tasks to queue
[2025-12-14T17:14:55.341+0000] {logging_mixin.py:188} INFO - [2025-12-14T17:14:55.340+0000] {dagbag.py:540} INFO - Filling up the DagBag from /home/airflow/.local/lib/python3.12/site-packages/airflow/example_dags/example_task_group.py
[2025-12-14T17:14:55.349+0000] {processor.py:840} INFO - DAG(s) 'example_task_group' retrieved from /home/airflow/.local/lib/python3.12/site-packages/airflow/example_dags/example_task_group.py
[2025-12-14T17:14:55.373+0000] {logging_mixin.py:188} INFO - [2025-12-14T17:14:55.373+0000] {dag.py:3096} INFO - Sync 1 DAGs
[2025-12-14T17:14:55.396+0000] {logging_mixin.py:188} INFO - [2025-12-14T17:14:55.396+0000] {dag.py:3954} INFO - Setting next_dagrun for example_task_group to 2025-12-13 00:00:00+00:00, run_after=2025-12-14 00:00:00+00:00
[2025-12-14T17:14:55.417+0000] {processor.py:183} INFO - Processing /home/airflow/.local/lib/python3.12/site-packages/airflow/example_dags/example_task_group.py took 0.087 seconds
[2025-12-14T17:15:25.623+0000] {processor.py:161} INFO - Started process (PID=1242) to work on /home/airflow/.local/lib/python3.12/site-packages/airflow/example_dags/example_task_group.py
[2025-12-14T17:15:25.625+0000] {processor.py:830} INFO - Processing file /home/airflow/.local/lib/python3.12/site-packages/airflow/example_dags/example_task_group.py for tasks to queue
[2025-12-14T17:15:25.628+0000] {logging_mixin.py:188} INFO - [2025-12-14T17:15:25.627+0000] {dagbag.py:540} INFO - Filling up the DagBag from /home/airflow/.local/lib/python3.12/site-packages/airflow/example_dags/example_task_group.py
[2025-12-14T17:15:25.636+0000] {processor.py:840} INFO - DAG(s) 'example_task_group' retrieved from /home/airflow/.local/lib/python3.12/site-packages/airflow/example_dags/example_task_group.py
[2025-12-14T17:15:25.660+0000] {logging_mixin.py:188} INFO - [2025-12-14T17:15:25.660+0000] {dag.py:3096} INFO - Sync 1 DAGs
[2025-12-14T17:15:25.683+0000] {logging_mixin.py:188} INFO - [2025-12-14T17:15:25.683+0000] {dag.py:3954} INFO - Setting next_dagrun for example_task_group to 2025-12-13 00:00:00+00:00, run_after=2025-12-14 00:00:00+00:00
[2025-12-14T17:15:25.707+0000] {processor.py:183} INFO - Processing /home/airflow/.local/lib/python3.12/site-packages/airflow/example_dags/example_task_group.py took 0.090 seconds
[2025-12-14T17:15:56.163+0000] {processor.py:161} INFO - Started process (PID=1313) to work on /home/airflow/.local/lib/python3.12/site-packages/airflow/example_dags/example_task_group.py
[2025-12-14T17:15:56.165+0000] {processor.py:830} INFO - Processing file /home/airflow/.local/lib/python3.12/site-packages/airflow/example_dags/example_task_group.py for tasks to queue
[2025-12-14T17:15:56.168+0000] {logging_mixin.py:188} INFO - [2025-12-14T17:15:56.168+0000] {dagbag.py:540} INFO - Filling up the DagBag from /home/airflow/.local/lib/python3.12/site-packages/airflow/example_dags/example_task_group.py
[2025-12-14T17:15:56.178+0000] {processor.py:840} INFO - DAG(s) 'example_task_group' retrieved from /home/airflow/.local/lib/python3.12/site-packages/airflow/example_dags/example_task_group.py
[2025-12-14T17:15:56.205+0000] {logging_mixin.py:188} INFO - [2025-12-14T17:15:56.205+0000] {dag.py:3096} INFO - Sync 1 DAGs
[2025-12-14T17:15:56.230+0000] {logging_mixin.py:188} INFO - [2025-12-14T17:15:56.230+0000] {dag.py:3954} INFO - Setting next_dagrun for example_task_group to 2025-12-13 00:00:00+00:00, run_after=2025-12-14 00:00:00+00:00
[2025-12-14T17:15:56.255+0000] {processor.py:183} INFO - Processing /home/airflow/.local/lib/python3.12/site-packages/airflow/example_dags/example_task_group.py took 0.100 seconds
