[2025-12-14T16:49:10.879+0000] {processor.py:161} INFO - Started process (PID=79) to work on /home/airflow/.local/lib/python3.12/site-packages/airflow/example_dags/example_task_group_decorator.py
[2025-12-14T16:49:10.882+0000] {processor.py:830} INFO - Processing file /home/airflow/.local/lib/python3.12/site-packages/airflow/example_dags/example_task_group_decorator.py for tasks to queue
[2025-12-14T16:49:10.887+0000] {logging_mixin.py:188} INFO - [2025-12-14T16:49:10.885+0000] {dagbag.py:540} INFO - Filling up the DagBag from /home/airflow/.local/lib/python3.12/site-packages/airflow/example_dags/example_task_group_decorator.py
[2025-12-14T16:49:10.924+0000] {processor.py:840} INFO - DAG(s) 'example_task_group_decorator' retrieved from /home/airflow/.local/lib/python3.12/site-packages/airflow/example_dags/example_task_group_decorator.py
[2025-12-14T16:49:11.170+0000] {logging_mixin.py:188} INFO - [2025-12-14T16:49:11.169+0000] {dag.py:3096} INFO - Sync 1 DAGs
[2025-12-14T16:49:11.205+0000] {logging_mixin.py:188} INFO - [2025-12-14T16:49:11.204+0000] {dag.py:3954} INFO - Setting next_dagrun for example_task_group_decorator to 2025-12-13 00:00:00+00:00, run_after=2025-12-14 00:00:00+00:00
[2025-12-14T16:49:11.237+0000] {processor.py:183} INFO - Processing /home/airflow/.local/lib/python3.12/site-packages/airflow/example_dags/example_task_group_decorator.py took 0.371 seconds
[2025-12-14T16:49:42.076+0000] {processor.py:161} INFO - Started process (PID=144) to work on /home/airflow/.local/lib/python3.12/site-packages/airflow/example_dags/example_task_group_decorator.py
[2025-12-14T16:49:42.078+0000] {processor.py:830} INFO - Processing file /home/airflow/.local/lib/python3.12/site-packages/airflow/example_dags/example_task_group_decorator.py for tasks to queue
[2025-12-14T16:49:42.081+0000] {logging_mixin.py:188} INFO - [2025-12-14T16:49:42.080+0000] {dagbag.py:540} INFO - Filling up the DagBag from /home/airflow/.local/lib/python3.12/site-packages/airflow/example_dags/example_task_group_decorator.py
[2025-12-14T16:49:42.101+0000] {processor.py:840} INFO - DAG(s) 'example_task_group_decorator' retrieved from /home/airflow/.local/lib/python3.12/site-packages/airflow/example_dags/example_task_group_decorator.py
[2025-12-14T16:49:42.131+0000] {logging_mixin.py:188} INFO - [2025-12-14T16:49:42.131+0000] {dag.py:3096} INFO - Sync 1 DAGs
[2025-12-14T16:49:42.155+0000] {logging_mixin.py:188} INFO - [2025-12-14T16:49:42.155+0000] {dag.py:3954} INFO - Setting next_dagrun for example_task_group_decorator to 2025-12-13 00:00:00+00:00, run_after=2025-12-14 00:00:00+00:00
[2025-12-14T16:49:42.181+0000] {processor.py:183} INFO - Processing /home/airflow/.local/lib/python3.12/site-packages/airflow/example_dags/example_task_group_decorator.py took 0.113 seconds
[2025-12-14T16:50:12.603+0000] {processor.py:161} INFO - Started process (PID=202) to work on /home/airflow/.local/lib/python3.12/site-packages/airflow/example_dags/example_task_group_decorator.py
[2025-12-14T16:50:12.605+0000] {processor.py:830} INFO - Processing file /home/airflow/.local/lib/python3.12/site-packages/airflow/example_dags/example_task_group_decorator.py for tasks to queue
[2025-12-14T16:50:12.608+0000] {logging_mixin.py:188} INFO - [2025-12-14T16:50:12.607+0000] {dagbag.py:540} INFO - Filling up the DagBag from /home/airflow/.local/lib/python3.12/site-packages/airflow/example_dags/example_task_group_decorator.py
[2025-12-14T16:50:12.631+0000] {processor.py:840} INFO - DAG(s) 'example_task_group_decorator' retrieved from /home/airflow/.local/lib/python3.12/site-packages/airflow/example_dags/example_task_group_decorator.py
[2025-12-14T16:50:12.677+0000] {logging_mixin.py:188} INFO - [2025-12-14T16:50:12.677+0000] {dag.py:3096} INFO - Sync 1 DAGs
[2025-12-14T16:50:12.708+0000] {logging_mixin.py:188} INFO - [2025-12-14T16:50:12.707+0000] {dag.py:3954} INFO - Setting next_dagrun for example_task_group_decorator to 2025-12-13 00:00:00+00:00, run_after=2025-12-14 00:00:00+00:00
[2025-12-14T16:50:12.732+0000] {processor.py:183} INFO - Processing /home/airflow/.local/lib/python3.12/site-packages/airflow/example_dags/example_task_group_decorator.py took 0.137 seconds
[2025-12-14T16:50:42.923+0000] {processor.py:161} INFO - Started process (PID=267) to work on /home/airflow/.local/lib/python3.12/site-packages/airflow/example_dags/example_task_group_decorator.py
[2025-12-14T16:50:42.925+0000] {processor.py:830} INFO - Processing file /home/airflow/.local/lib/python3.12/site-packages/airflow/example_dags/example_task_group_decorator.py for tasks to queue
[2025-12-14T16:50:42.928+0000] {logging_mixin.py:188} INFO - [2025-12-14T16:50:42.928+0000] {dagbag.py:540} INFO - Filling up the DagBag from /home/airflow/.local/lib/python3.12/site-packages/airflow/example_dags/example_task_group_decorator.py
[2025-12-14T16:50:42.952+0000] {processor.py:840} INFO - DAG(s) 'example_task_group_decorator' retrieved from /home/airflow/.local/lib/python3.12/site-packages/airflow/example_dags/example_task_group_decorator.py
[2025-12-14T16:50:42.998+0000] {logging_mixin.py:188} INFO - [2025-12-14T16:50:42.997+0000] {dag.py:3096} INFO - Sync 1 DAGs
[2025-12-14T16:50:43.040+0000] {logging_mixin.py:188} INFO - [2025-12-14T16:50:43.040+0000] {dag.py:3954} INFO - Setting next_dagrun for example_task_group_decorator to 2025-12-13 00:00:00+00:00, run_after=2025-12-14 00:00:00+00:00
[2025-12-14T16:50:43.080+0000] {processor.py:183} INFO - Processing /home/airflow/.local/lib/python3.12/site-packages/airflow/example_dags/example_task_group_decorator.py took 0.164 seconds
[2025-12-14T16:51:13.153+0000] {processor.py:161} INFO - Started process (PID=325) to work on /home/airflow/.local/lib/python3.12/site-packages/airflow/example_dags/example_task_group_decorator.py
[2025-12-14T16:51:13.155+0000] {processor.py:830} INFO - Processing file /home/airflow/.local/lib/python3.12/site-packages/airflow/example_dags/example_task_group_decorator.py for tasks to queue
[2025-12-14T16:51:13.158+0000] {logging_mixin.py:188} INFO - [2025-12-14T16:51:13.157+0000] {dagbag.py:540} INFO - Filling up the DagBag from /home/airflow/.local/lib/python3.12/site-packages/airflow/example_dags/example_task_group_decorator.py
[2025-12-14T16:51:13.181+0000] {processor.py:840} INFO - DAG(s) 'example_task_group_decorator' retrieved from /home/airflow/.local/lib/python3.12/site-packages/airflow/example_dags/example_task_group_decorator.py
[2025-12-14T16:51:13.212+0000] {logging_mixin.py:188} INFO - [2025-12-14T16:51:13.211+0000] {dag.py:3096} INFO - Sync 1 DAGs
[2025-12-14T16:51:13.238+0000] {logging_mixin.py:188} INFO - [2025-12-14T16:51:13.238+0000] {dag.py:3954} INFO - Setting next_dagrun for example_task_group_decorator to 2025-12-13 00:00:00+00:00, run_after=2025-12-14 00:00:00+00:00
[2025-12-14T16:51:13.265+0000] {processor.py:183} INFO - Processing /home/airflow/.local/lib/python3.12/site-packages/airflow/example_dags/example_task_group_decorator.py took 0.121 seconds
[2025-12-14T16:51:43.503+0000] {processor.py:161} INFO - Started process (PID=383) to work on /home/airflow/.local/lib/python3.12/site-packages/airflow/example_dags/example_task_group_decorator.py
[2025-12-14T16:51:43.505+0000] {processor.py:830} INFO - Processing file /home/airflow/.local/lib/python3.12/site-packages/airflow/example_dags/example_task_group_decorator.py for tasks to queue
[2025-12-14T16:51:43.509+0000] {logging_mixin.py:188} INFO - [2025-12-14T16:51:43.508+0000] {dagbag.py:540} INFO - Filling up the DagBag from /home/airflow/.local/lib/python3.12/site-packages/airflow/example_dags/example_task_group_decorator.py
[2025-12-14T16:51:43.530+0000] {processor.py:840} INFO - DAG(s) 'example_task_group_decorator' retrieved from /home/airflow/.local/lib/python3.12/site-packages/airflow/example_dags/example_task_group_decorator.py
[2025-12-14T16:51:43.564+0000] {logging_mixin.py:188} INFO - [2025-12-14T16:51:43.563+0000] {dag.py:3096} INFO - Sync 1 DAGs
[2025-12-14T16:51:43.592+0000] {logging_mixin.py:188} INFO - [2025-12-14T16:51:43.591+0000] {dag.py:3954} INFO - Setting next_dagrun for example_task_group_decorator to 2025-12-13 00:00:00+00:00, run_after=2025-12-14 00:00:00+00:00
[2025-12-14T16:51:43.619+0000] {processor.py:183} INFO - Processing /home/airflow/.local/lib/python3.12/site-packages/airflow/example_dags/example_task_group_decorator.py took 0.124 seconds
[2025-12-14T16:52:13.888+0000] {processor.py:161} INFO - Started process (PID=441) to work on /home/airflow/.local/lib/python3.12/site-packages/airflow/example_dags/example_task_group_decorator.py
[2025-12-14T16:52:13.890+0000] {processor.py:830} INFO - Processing file /home/airflow/.local/lib/python3.12/site-packages/airflow/example_dags/example_task_group_decorator.py for tasks to queue
[2025-12-14T16:52:13.893+0000] {logging_mixin.py:188} INFO - [2025-12-14T16:52:13.892+0000] {dagbag.py:540} INFO - Filling up the DagBag from /home/airflow/.local/lib/python3.12/site-packages/airflow/example_dags/example_task_group_decorator.py
[2025-12-14T16:52:13.913+0000] {processor.py:840} INFO - DAG(s) 'example_task_group_decorator' retrieved from /home/airflow/.local/lib/python3.12/site-packages/airflow/example_dags/example_task_group_decorator.py
[2025-12-14T16:52:13.947+0000] {logging_mixin.py:188} INFO - [2025-12-14T16:52:13.946+0000] {dag.py:3096} INFO - Sync 1 DAGs
[2025-12-14T16:52:13.972+0000] {logging_mixin.py:188} INFO - [2025-12-14T16:52:13.972+0000] {dag.py:3954} INFO - Setting next_dagrun for example_task_group_decorator to 2025-12-13 00:00:00+00:00, run_after=2025-12-14 00:00:00+00:00
[2025-12-14T16:52:13.998+0000] {processor.py:183} INFO - Processing /home/airflow/.local/lib/python3.12/site-packages/airflow/example_dags/example_task_group_decorator.py took 0.119 seconds
[2025-12-14T16:55:07.413+0000] {processor.py:161} INFO - Started process (PID=126) to work on /home/airflow/.local/lib/python3.12/site-packages/airflow/example_dags/example_task_group_decorator.py
[2025-12-14T16:55:07.420+0000] {processor.py:830} INFO - Processing file /home/airflow/.local/lib/python3.12/site-packages/airflow/example_dags/example_task_group_decorator.py for tasks to queue
[2025-12-14T16:55:07.423+0000] {logging_mixin.py:188} INFO - [2025-12-14T16:55:07.423+0000] {dagbag.py:540} INFO - Filling up the DagBag from /home/airflow/.local/lib/python3.12/site-packages/airflow/example_dags/example_task_group_decorator.py
[2025-12-14T16:55:07.448+0000] {processor.py:840} INFO - DAG(s) 'example_task_group_decorator' retrieved from /home/airflow/.local/lib/python3.12/site-packages/airflow/example_dags/example_task_group_decorator.py
[2025-12-14T16:55:07.627+0000] {logging_mixin.py:188} INFO - [2025-12-14T16:55:07.627+0000] {dag.py:3096} INFO - Sync 1 DAGs
[2025-12-14T16:55:07.653+0000] {logging_mixin.py:188} INFO - [2025-12-14T16:55:07.653+0000] {dag.py:3954} INFO - Setting next_dagrun for example_task_group_decorator to 2025-12-13 00:00:00+00:00, run_after=2025-12-14 00:00:00+00:00
[2025-12-14T16:55:07.679+0000] {processor.py:183} INFO - Processing /home/airflow/.local/lib/python3.12/site-packages/airflow/example_dags/example_task_group_decorator.py took 0.276 seconds
[2025-12-14T16:55:38.079+0000] {processor.py:161} INFO - Started process (PID=186) to work on /home/airflow/.local/lib/python3.12/site-packages/airflow/example_dags/example_task_group_decorator.py
[2025-12-14T16:55:38.081+0000] {processor.py:830} INFO - Processing file /home/airflow/.local/lib/python3.12/site-packages/airflow/example_dags/example_task_group_decorator.py for tasks to queue
[2025-12-14T16:55:38.087+0000] {logging_mixin.py:188} INFO - [2025-12-14T16:55:38.086+0000] {dagbag.py:540} INFO - Filling up the DagBag from /home/airflow/.local/lib/python3.12/site-packages/airflow/example_dags/example_task_group_decorator.py
[2025-12-14T16:55:38.116+0000] {processor.py:840} INFO - DAG(s) 'example_task_group_decorator' retrieved from /home/airflow/.local/lib/python3.12/site-packages/airflow/example_dags/example_task_group_decorator.py
[2025-12-14T16:55:38.165+0000] {logging_mixin.py:188} INFO - [2025-12-14T16:55:38.165+0000] {dag.py:3096} INFO - Sync 1 DAGs
[2025-12-14T16:55:38.217+0000] {logging_mixin.py:188} INFO - [2025-12-14T16:55:38.217+0000] {dag.py:3954} INFO - Setting next_dagrun for example_task_group_decorator to 2025-12-13 00:00:00+00:00, run_after=2025-12-14 00:00:00+00:00
[2025-12-14T16:55:38.650+0000] {processor.py:183} INFO - Processing /home/airflow/.local/lib/python3.12/site-packages/airflow/example_dags/example_task_group_decorator.py took 0.581 seconds
[2025-12-14T16:56:08.955+0000] {processor.py:161} INFO - Started process (PID=262) to work on /home/airflow/.local/lib/python3.12/site-packages/airflow/example_dags/example_task_group_decorator.py
[2025-12-14T16:56:08.956+0000] {processor.py:830} INFO - Processing file /home/airflow/.local/lib/python3.12/site-packages/airflow/example_dags/example_task_group_decorator.py for tasks to queue
[2025-12-14T16:56:08.959+0000] {logging_mixin.py:188} INFO - [2025-12-14T16:56:08.958+0000] {dagbag.py:540} INFO - Filling up the DagBag from /home/airflow/.local/lib/python3.12/site-packages/airflow/example_dags/example_task_group_decorator.py
[2025-12-14T16:56:08.978+0000] {processor.py:840} INFO - DAG(s) 'example_task_group_decorator' retrieved from /home/airflow/.local/lib/python3.12/site-packages/airflow/example_dags/example_task_group_decorator.py
[2025-12-14T16:56:09.022+0000] {logging_mixin.py:188} INFO - [2025-12-14T16:56:09.022+0000] {dag.py:3096} INFO - Sync 1 DAGs
[2025-12-14T16:56:09.049+0000] {logging_mixin.py:188} INFO - [2025-12-14T16:56:09.048+0000] {dag.py:3954} INFO - Setting next_dagrun for example_task_group_decorator to 2025-12-13 00:00:00+00:00, run_after=2025-12-14 00:00:00+00:00
[2025-12-14T16:56:09.073+0000] {processor.py:183} INFO - Processing /home/airflow/.local/lib/python3.12/site-packages/airflow/example_dags/example_task_group_decorator.py took 0.124 seconds
[2025-12-14T16:56:39.168+0000] {processor.py:161} INFO - Started process (PID=334) to work on /home/airflow/.local/lib/python3.12/site-packages/airflow/example_dags/example_task_group_decorator.py
[2025-12-14T16:56:39.170+0000] {processor.py:830} INFO - Processing file /home/airflow/.local/lib/python3.12/site-packages/airflow/example_dags/example_task_group_decorator.py for tasks to queue
[2025-12-14T16:56:39.173+0000] {logging_mixin.py:188} INFO - [2025-12-14T16:56:39.172+0000] {dagbag.py:540} INFO - Filling up the DagBag from /home/airflow/.local/lib/python3.12/site-packages/airflow/example_dags/example_task_group_decorator.py
[2025-12-14T16:56:39.192+0000] {processor.py:840} INFO - DAG(s) 'example_task_group_decorator' retrieved from /home/airflow/.local/lib/python3.12/site-packages/airflow/example_dags/example_task_group_decorator.py
[2025-12-14T16:56:39.229+0000] {logging_mixin.py:188} INFO - [2025-12-14T16:56:39.228+0000] {dag.py:3096} INFO - Sync 1 DAGs
[2025-12-14T16:56:39.255+0000] {logging_mixin.py:188} INFO - [2025-12-14T16:56:39.255+0000] {dag.py:3954} INFO - Setting next_dagrun for example_task_group_decorator to 2025-12-13 00:00:00+00:00, run_after=2025-12-14 00:00:00+00:00
[2025-12-14T16:56:39.277+0000] {processor.py:183} INFO - Processing /home/airflow/.local/lib/python3.12/site-packages/airflow/example_dags/example_task_group_decorator.py took 0.118 seconds
[2025-12-14T16:57:09.415+0000] {processor.py:161} INFO - Started process (PID=405) to work on /home/airflow/.local/lib/python3.12/site-packages/airflow/example_dags/example_task_group_decorator.py
[2025-12-14T16:57:09.416+0000] {processor.py:830} INFO - Processing file /home/airflow/.local/lib/python3.12/site-packages/airflow/example_dags/example_task_group_decorator.py for tasks to queue
[2025-12-14T16:57:09.418+0000] {logging_mixin.py:188} INFO - [2025-12-14T16:57:09.418+0000] {dagbag.py:540} INFO - Filling up the DagBag from /home/airflow/.local/lib/python3.12/site-packages/airflow/example_dags/example_task_group_decorator.py
[2025-12-14T16:57:09.434+0000] {processor.py:840} INFO - DAG(s) 'example_task_group_decorator' retrieved from /home/airflow/.local/lib/python3.12/site-packages/airflow/example_dags/example_task_group_decorator.py
[2025-12-14T16:57:09.463+0000] {logging_mixin.py:188} INFO - [2025-12-14T16:57:09.463+0000] {dag.py:3096} INFO - Sync 1 DAGs
[2025-12-14T16:57:09.485+0000] {logging_mixin.py:188} INFO - [2025-12-14T16:57:09.485+0000] {dag.py:3954} INFO - Setting next_dagrun for example_task_group_decorator to 2025-12-13 00:00:00+00:00, run_after=2025-12-14 00:00:00+00:00
[2025-12-14T16:57:09.509+0000] {processor.py:183} INFO - Processing /home/airflow/.local/lib/python3.12/site-packages/airflow/example_dags/example_task_group_decorator.py took 0.101 seconds
[2025-12-14T16:58:32.195+0000] {processor.py:161} INFO - Started process (PID=81) to work on /home/airflow/.local/lib/python3.12/site-packages/airflow/example_dags/example_task_group_decorator.py
[2025-12-14T16:58:32.197+0000] {processor.py:830} INFO - Processing file /home/airflow/.local/lib/python3.12/site-packages/airflow/example_dags/example_task_group_decorator.py for tasks to queue
[2025-12-14T16:58:32.201+0000] {logging_mixin.py:188} INFO - [2025-12-14T16:58:32.200+0000] {dagbag.py:540} INFO - Filling up the DagBag from /home/airflow/.local/lib/python3.12/site-packages/airflow/example_dags/example_task_group_decorator.py
[2025-12-14T16:58:32.229+0000] {processor.py:840} INFO - DAG(s) 'example_task_group_decorator' retrieved from /home/airflow/.local/lib/python3.12/site-packages/airflow/example_dags/example_task_group_decorator.py
[2025-12-14T16:58:32.447+0000] {logging_mixin.py:188} INFO - [2025-12-14T16:58:32.447+0000] {dag.py:3096} INFO - Sync 1 DAGs
[2025-12-14T16:58:32.476+0000] {logging_mixin.py:188} INFO - [2025-12-14T16:58:32.476+0000] {dag.py:3954} INFO - Setting next_dagrun for example_task_group_decorator to 2025-12-13 00:00:00+00:00, run_after=2025-12-14 00:00:00+00:00
[2025-12-14T16:58:32.503+0000] {processor.py:183} INFO - Processing /home/airflow/.local/lib/python3.12/site-packages/airflow/example_dags/example_task_group_decorator.py took 0.317 seconds
[2025-12-14T16:59:03.101+0000] {processor.py:161} INFO - Started process (PID=141) to work on /home/airflow/.local/lib/python3.12/site-packages/airflow/example_dags/example_task_group_decorator.py
[2025-12-14T16:59:03.103+0000] {processor.py:830} INFO - Processing file /home/airflow/.local/lib/python3.12/site-packages/airflow/example_dags/example_task_group_decorator.py for tasks to queue
[2025-12-14T16:59:03.106+0000] {logging_mixin.py:188} INFO - [2025-12-14T16:59:03.105+0000] {dagbag.py:540} INFO - Filling up the DagBag from /home/airflow/.local/lib/python3.12/site-packages/airflow/example_dags/example_task_group_decorator.py
[2025-12-14T16:59:03.126+0000] {processor.py:840} INFO - DAG(s) 'example_task_group_decorator' retrieved from /home/airflow/.local/lib/python3.12/site-packages/airflow/example_dags/example_task_group_decorator.py
[2025-12-14T16:59:03.161+0000] {logging_mixin.py:188} INFO - [2025-12-14T16:59:03.161+0000] {dag.py:3096} INFO - Sync 1 DAGs
[2025-12-14T16:59:03.191+0000] {logging_mixin.py:188} INFO - [2025-12-14T16:59:03.191+0000] {dag.py:3954} INFO - Setting next_dagrun for example_task_group_decorator to 2025-12-13 00:00:00+00:00, run_after=2025-12-14 00:00:00+00:00
[2025-12-14T16:59:03.227+0000] {processor.py:183} INFO - Processing /home/airflow/.local/lib/python3.12/site-packages/airflow/example_dags/example_task_group_decorator.py took 0.133 seconds
[2025-12-14T16:59:34.428+0000] {processor.py:161} INFO - Started process (PID=201) to work on /home/airflow/.local/lib/python3.12/site-packages/airflow/example_dags/example_task_group_decorator.py
[2025-12-14T16:59:34.431+0000] {processor.py:830} INFO - Processing file /home/airflow/.local/lib/python3.12/site-packages/airflow/example_dags/example_task_group_decorator.py for tasks to queue
[2025-12-14T16:59:34.432+0000] {logging_mixin.py:188} INFO - [2025-12-14T16:59:34.432+0000] {dagbag.py:540} INFO - Filling up the DagBag from /home/airflow/.local/lib/python3.12/site-packages/airflow/example_dags/example_task_group_decorator.py
[2025-12-14T16:59:34.462+0000] {processor.py:840} INFO - DAG(s) 'example_task_group_decorator' retrieved from /home/airflow/.local/lib/python3.12/site-packages/airflow/example_dags/example_task_group_decorator.py
[2025-12-14T16:59:34.509+0000] {logging_mixin.py:188} INFO - [2025-12-14T16:59:34.508+0000] {dag.py:3096} INFO - Sync 1 DAGs
[2025-12-14T16:59:34.550+0000] {logging_mixin.py:188} INFO - [2025-12-14T16:59:34.550+0000] {dag.py:3954} INFO - Setting next_dagrun for example_task_group_decorator to 2025-12-13 00:00:00+00:00, run_after=2025-12-14 00:00:00+00:00
[2025-12-14T16:59:34.585+0000] {processor.py:183} INFO - Processing /home/airflow/.local/lib/python3.12/site-packages/airflow/example_dags/example_task_group_decorator.py took 0.166 seconds
[2025-12-14T17:00:05.444+0000] {processor.py:161} INFO - Started process (PID=261) to work on /home/airflow/.local/lib/python3.12/site-packages/airflow/example_dags/example_task_group_decorator.py
[2025-12-14T17:00:05.445+0000] {processor.py:830} INFO - Processing file /home/airflow/.local/lib/python3.12/site-packages/airflow/example_dags/example_task_group_decorator.py for tasks to queue
[2025-12-14T17:00:05.446+0000] {logging_mixin.py:188} INFO - [2025-12-14T17:00:05.446+0000] {dagbag.py:540} INFO - Filling up the DagBag from /home/airflow/.local/lib/python3.12/site-packages/airflow/example_dags/example_task_group_decorator.py
[2025-12-14T17:00:05.463+0000] {processor.py:840} INFO - DAG(s) 'example_task_group_decorator' retrieved from /home/airflow/.local/lib/python3.12/site-packages/airflow/example_dags/example_task_group_decorator.py
[2025-12-14T17:00:05.492+0000] {logging_mixin.py:188} INFO - [2025-12-14T17:00:05.492+0000] {dag.py:3096} INFO - Sync 1 DAGs
[2025-12-14T17:00:05.519+0000] {logging_mixin.py:188} INFO - [2025-12-14T17:00:05.519+0000] {dag.py:3954} INFO - Setting next_dagrun for example_task_group_decorator to 2025-12-13 00:00:00+00:00, run_after=2025-12-14 00:00:00+00:00
[2025-12-14T17:00:05.543+0000] {processor.py:183} INFO - Processing /home/airflow/.local/lib/python3.12/site-packages/airflow/example_dags/example_task_group_decorator.py took 0.105 seconds
[2025-12-14T17:00:35.821+0000] {processor.py:161} INFO - Started process (PID=319) to work on /home/airflow/.local/lib/python3.12/site-packages/airflow/example_dags/example_task_group_decorator.py
[2025-12-14T17:00:35.823+0000] {processor.py:830} INFO - Processing file /home/airflow/.local/lib/python3.12/site-packages/airflow/example_dags/example_task_group_decorator.py for tasks to queue
[2025-12-14T17:00:35.825+0000] {logging_mixin.py:188} INFO - [2025-12-14T17:00:35.824+0000] {dagbag.py:540} INFO - Filling up the DagBag from /home/airflow/.local/lib/python3.12/site-packages/airflow/example_dags/example_task_group_decorator.py
[2025-12-14T17:00:35.845+0000] {processor.py:840} INFO - DAG(s) 'example_task_group_decorator' retrieved from /home/airflow/.local/lib/python3.12/site-packages/airflow/example_dags/example_task_group_decorator.py
[2025-12-14T17:00:35.879+0000] {logging_mixin.py:188} INFO - [2025-12-14T17:00:35.878+0000] {dag.py:3096} INFO - Sync 1 DAGs
[2025-12-14T17:00:35.906+0000] {logging_mixin.py:188} INFO - [2025-12-14T17:00:35.905+0000] {dag.py:3954} INFO - Setting next_dagrun for example_task_group_decorator to 2025-12-13 00:00:00+00:00, run_after=2025-12-14 00:00:00+00:00
[2025-12-14T17:00:35.931+0000] {processor.py:183} INFO - Processing /home/airflow/.local/lib/python3.12/site-packages/airflow/example_dags/example_task_group_decorator.py took 0.116 seconds
[2025-12-14T17:02:48.822+0000] {processor.py:161} INFO - Started process (PID=119) to work on /home/airflow/.local/lib/python3.12/site-packages/airflow/example_dags/example_task_group_decorator.py
[2025-12-14T17:02:48.825+0000] {processor.py:830} INFO - Processing file /home/airflow/.local/lib/python3.12/site-packages/airflow/example_dags/example_task_group_decorator.py for tasks to queue
[2025-12-14T17:02:48.830+0000] {logging_mixin.py:188} INFO - [2025-12-14T17:02:48.829+0000] {dagbag.py:540} INFO - Filling up the DagBag from /home/airflow/.local/lib/python3.12/site-packages/airflow/example_dags/example_task_group_decorator.py
[2025-12-14T17:02:48.878+0000] {processor.py:840} INFO - DAG(s) 'example_task_group_decorator' retrieved from /home/airflow/.local/lib/python3.12/site-packages/airflow/example_dags/example_task_group_decorator.py
[2025-12-14T17:02:49.150+0000] {logging_mixin.py:188} INFO - [2025-12-14T17:02:49.150+0000] {dag.py:3096} INFO - Sync 1 DAGs
[2025-12-14T17:02:49.200+0000] {logging_mixin.py:188} INFO - [2025-12-14T17:02:49.200+0000] {dag.py:3954} INFO - Setting next_dagrun for example_task_group_decorator to 2025-12-13 00:00:00+00:00, run_after=2025-12-14 00:00:00+00:00
[2025-12-14T17:02:49.248+0000] {processor.py:183} INFO - Processing /home/airflow/.local/lib/python3.12/site-packages/airflow/example_dags/example_task_group_decorator.py took 0.441 seconds
[2025-12-14T17:03:19.769+0000] {processor.py:161} INFO - Started process (PID=179) to work on /home/airflow/.local/lib/python3.12/site-packages/airflow/example_dags/example_task_group_decorator.py
[2025-12-14T17:03:19.771+0000] {processor.py:830} INFO - Processing file /home/airflow/.local/lib/python3.12/site-packages/airflow/example_dags/example_task_group_decorator.py for tasks to queue
[2025-12-14T17:03:19.774+0000] {logging_mixin.py:188} INFO - [2025-12-14T17:03:19.773+0000] {dagbag.py:540} INFO - Filling up the DagBag from /home/airflow/.local/lib/python3.12/site-packages/airflow/example_dags/example_task_group_decorator.py
[2025-12-14T17:03:19.797+0000] {processor.py:840} INFO - DAG(s) 'example_task_group_decorator' retrieved from /home/airflow/.local/lib/python3.12/site-packages/airflow/example_dags/example_task_group_decorator.py
[2025-12-14T17:03:19.847+0000] {logging_mixin.py:188} INFO - [2025-12-14T17:03:19.846+0000] {dag.py:3096} INFO - Sync 1 DAGs
[2025-12-14T17:03:19.890+0000] {logging_mixin.py:188} INFO - [2025-12-14T17:03:19.890+0000] {dag.py:3954} INFO - Setting next_dagrun for example_task_group_decorator to 2025-12-13 00:00:00+00:00, run_after=2025-12-14 00:00:00+00:00
[2025-12-14T17:03:20.904+0000] {processor.py:183} INFO - Processing /home/airflow/.local/lib/python3.12/site-packages/airflow/example_dags/example_task_group_decorator.py took 1.146 seconds
[2025-12-14T17:03:51.800+0000] {processor.py:161} INFO - Started process (PID=249) to work on /home/airflow/.local/lib/python3.12/site-packages/airflow/example_dags/example_task_group_decorator.py
[2025-12-14T17:03:51.802+0000] {processor.py:830} INFO - Processing file /home/airflow/.local/lib/python3.12/site-packages/airflow/example_dags/example_task_group_decorator.py for tasks to queue
[2025-12-14T17:03:51.804+0000] {logging_mixin.py:188} INFO - [2025-12-14T17:03:51.803+0000] {dagbag.py:540} INFO - Filling up the DagBag from /home/airflow/.local/lib/python3.12/site-packages/airflow/example_dags/example_task_group_decorator.py
[2025-12-14T17:03:51.820+0000] {processor.py:840} INFO - DAG(s) 'example_task_group_decorator' retrieved from /home/airflow/.local/lib/python3.12/site-packages/airflow/example_dags/example_task_group_decorator.py
[2025-12-14T17:03:51.851+0000] {logging_mixin.py:188} INFO - [2025-12-14T17:03:51.851+0000] {dag.py:3096} INFO - Sync 1 DAGs
[2025-12-14T17:03:51.876+0000] {logging_mixin.py:188} INFO - [2025-12-14T17:03:51.876+0000] {dag.py:3954} INFO - Setting next_dagrun for example_task_group_decorator to 2025-12-13 00:00:00+00:00, run_after=2025-12-14 00:00:00+00:00
[2025-12-14T17:03:51.900+0000] {processor.py:183} INFO - Processing /home/airflow/.local/lib/python3.12/site-packages/airflow/example_dags/example_task_group_decorator.py took 0.108 seconds
[2025-12-14T17:04:22.045+0000] {processor.py:161} INFO - Started process (PID=319) to work on /home/airflow/.local/lib/python3.12/site-packages/airflow/example_dags/example_task_group_decorator.py
[2025-12-14T17:04:22.047+0000] {processor.py:830} INFO - Processing file /home/airflow/.local/lib/python3.12/site-packages/airflow/example_dags/example_task_group_decorator.py for tasks to queue
[2025-12-14T17:04:22.049+0000] {logging_mixin.py:188} INFO - [2025-12-14T17:04:22.049+0000] {dagbag.py:540} INFO - Filling up the DagBag from /home/airflow/.local/lib/python3.12/site-packages/airflow/example_dags/example_task_group_decorator.py
[2025-12-14T17:04:22.066+0000] {processor.py:840} INFO - DAG(s) 'example_task_group_decorator' retrieved from /home/airflow/.local/lib/python3.12/site-packages/airflow/example_dags/example_task_group_decorator.py
[2025-12-14T17:04:22.095+0000] {logging_mixin.py:188} INFO - [2025-12-14T17:04:22.095+0000] {dag.py:3096} INFO - Sync 1 DAGs
[2025-12-14T17:04:22.119+0000] {logging_mixin.py:188} INFO - [2025-12-14T17:04:22.119+0000] {dag.py:3954} INFO - Setting next_dagrun for example_task_group_decorator to 2025-12-13 00:00:00+00:00, run_after=2025-12-14 00:00:00+00:00
[2025-12-14T17:04:22.142+0000] {processor.py:183} INFO - Processing /home/airflow/.local/lib/python3.12/site-packages/airflow/example_dags/example_task_group_decorator.py took 0.104 seconds
[2025-12-14T17:07:14.655+0000] {processor.py:161} INFO - Started process (PID=110) to work on /home/airflow/.local/lib/python3.12/site-packages/airflow/example_dags/example_task_group_decorator.py
[2025-12-14T17:07:14.657+0000] {processor.py:830} INFO - Processing file /home/airflow/.local/lib/python3.12/site-packages/airflow/example_dags/example_task_group_decorator.py for tasks to queue
[2025-12-14T17:07:14.662+0000] {logging_mixin.py:188} INFO - [2025-12-14T17:07:14.661+0000] {dagbag.py:540} INFO - Filling up the DagBag from /home/airflow/.local/lib/python3.12/site-packages/airflow/example_dags/example_task_group_decorator.py
[2025-12-14T17:07:14.693+0000] {processor.py:840} INFO - DAG(s) 'example_task_group_decorator' retrieved from /home/airflow/.local/lib/python3.12/site-packages/airflow/example_dags/example_task_group_decorator.py
[2025-12-14T17:07:14.879+0000] {logging_mixin.py:188} INFO - [2025-12-14T17:07:14.879+0000] {dag.py:3096} INFO - Sync 1 DAGs
[2025-12-14T17:07:14.910+0000] {logging_mixin.py:188} INFO - [2025-12-14T17:07:14.910+0000] {dag.py:3954} INFO - Setting next_dagrun for example_task_group_decorator to 2025-12-13 00:00:00+00:00, run_after=2025-12-14 00:00:00+00:00
[2025-12-14T17:07:14.939+0000] {processor.py:183} INFO - Processing /home/airflow/.local/lib/python3.12/site-packages/airflow/example_dags/example_task_group_decorator.py took 0.297 seconds
[2025-12-14T17:07:45.312+0000] {processor.py:161} INFO - Started process (PID=170) to work on /home/airflow/.local/lib/python3.12/site-packages/airflow/example_dags/example_task_group_decorator.py
[2025-12-14T17:07:45.314+0000] {processor.py:830} INFO - Processing file /home/airflow/.local/lib/python3.12/site-packages/airflow/example_dags/example_task_group_decorator.py for tasks to queue
[2025-12-14T17:07:45.317+0000] {logging_mixin.py:188} INFO - [2025-12-14T17:07:45.316+0000] {dagbag.py:540} INFO - Filling up the DagBag from /home/airflow/.local/lib/python3.12/site-packages/airflow/example_dags/example_task_group_decorator.py
[2025-12-14T17:07:45.334+0000] {processor.py:840} INFO - DAG(s) 'example_task_group_decorator' retrieved from /home/airflow/.local/lib/python3.12/site-packages/airflow/example_dags/example_task_group_decorator.py
[2025-12-14T17:07:45.366+0000] {logging_mixin.py:188} INFO - [2025-12-14T17:07:45.365+0000] {dag.py:3096} INFO - Sync 1 DAGs
[2025-12-14T17:07:45.393+0000] {logging_mixin.py:188} INFO - [2025-12-14T17:07:45.392+0000] {dag.py:3954} INFO - Setting next_dagrun for example_task_group_decorator to 2025-12-13 00:00:00+00:00, run_after=2025-12-14 00:00:00+00:00
[2025-12-14T17:07:45.420+0000] {processor.py:183} INFO - Processing /home/airflow/.local/lib/python3.12/site-packages/airflow/example_dags/example_task_group_decorator.py took 0.114 seconds
[2025-12-14T17:08:16.181+0000] {processor.py:161} INFO - Started process (PID=239) to work on /home/airflow/.local/lib/python3.12/site-packages/airflow/example_dags/example_task_group_decorator.py
[2025-12-14T17:08:16.182+0000] {processor.py:830} INFO - Processing file /home/airflow/.local/lib/python3.12/site-packages/airflow/example_dags/example_task_group_decorator.py for tasks to queue
[2025-12-14T17:08:16.185+0000] {logging_mixin.py:188} INFO - [2025-12-14T17:08:16.184+0000] {dagbag.py:540} INFO - Filling up the DagBag from /home/airflow/.local/lib/python3.12/site-packages/airflow/example_dags/example_task_group_decorator.py
[2025-12-14T17:08:16.205+0000] {processor.py:840} INFO - DAG(s) 'example_task_group_decorator' retrieved from /home/airflow/.local/lib/python3.12/site-packages/airflow/example_dags/example_task_group_decorator.py
[2025-12-14T17:08:16.243+0000] {logging_mixin.py:188} INFO - [2025-12-14T17:08:16.243+0000] {dag.py:3096} INFO - Sync 1 DAGs
[2025-12-14T17:08:16.282+0000] {logging_mixin.py:188} INFO - [2025-12-14T17:08:16.282+0000] {dag.py:3954} INFO - Setting next_dagrun for example_task_group_decorator to 2025-12-13 00:00:00+00:00, run_after=2025-12-14 00:00:00+00:00
[2025-12-14T17:08:16.314+0000] {processor.py:183} INFO - Processing /home/airflow/.local/lib/python3.12/site-packages/airflow/example_dags/example_task_group_decorator.py took 0.139 seconds
[2025-12-14T17:08:47.127+0000] {processor.py:161} INFO - Started process (PID=311) to work on /home/airflow/.local/lib/python3.12/site-packages/airflow/example_dags/example_task_group_decorator.py
[2025-12-14T17:08:47.129+0000] {processor.py:830} INFO - Processing file /home/airflow/.local/lib/python3.12/site-packages/airflow/example_dags/example_task_group_decorator.py for tasks to queue
[2025-12-14T17:08:47.133+0000] {logging_mixin.py:188} INFO - [2025-12-14T17:08:47.132+0000] {dagbag.py:540} INFO - Filling up the DagBag from /home/airflow/.local/lib/python3.12/site-packages/airflow/example_dags/example_task_group_decorator.py
[2025-12-14T17:08:47.160+0000] {processor.py:840} INFO - DAG(s) 'example_task_group_decorator' retrieved from /home/airflow/.local/lib/python3.12/site-packages/airflow/example_dags/example_task_group_decorator.py
[2025-12-14T17:08:47.200+0000] {logging_mixin.py:188} INFO - [2025-12-14T17:08:47.200+0000] {dag.py:3096} INFO - Sync 1 DAGs
[2025-12-14T17:08:47.227+0000] {logging_mixin.py:188} INFO - [2025-12-14T17:08:47.227+0000] {dag.py:3954} INFO - Setting next_dagrun for example_task_group_decorator to 2025-12-13 00:00:00+00:00, run_after=2025-12-14 00:00:00+00:00
[2025-12-14T17:08:47.248+0000] {processor.py:183} INFO - Processing /home/airflow/.local/lib/python3.12/site-packages/airflow/example_dags/example_task_group_decorator.py took 0.131 seconds
[2025-12-14T17:09:17.522+0000] {processor.py:161} INFO - Started process (PID=382) to work on /home/airflow/.local/lib/python3.12/site-packages/airflow/example_dags/example_task_group_decorator.py
[2025-12-14T17:09:17.523+0000] {processor.py:830} INFO - Processing file /home/airflow/.local/lib/python3.12/site-packages/airflow/example_dags/example_task_group_decorator.py for tasks to queue
[2025-12-14T17:09:17.526+0000] {logging_mixin.py:188} INFO - [2025-12-14T17:09:17.526+0000] {dagbag.py:540} INFO - Filling up the DagBag from /home/airflow/.local/lib/python3.12/site-packages/airflow/example_dags/example_task_group_decorator.py
[2025-12-14T17:09:17.545+0000] {processor.py:840} INFO - DAG(s) 'example_task_group_decorator' retrieved from /home/airflow/.local/lib/python3.12/site-packages/airflow/example_dags/example_task_group_decorator.py
[2025-12-14T17:09:17.583+0000] {logging_mixin.py:188} INFO - [2025-12-14T17:09:17.582+0000] {dag.py:3096} INFO - Sync 1 DAGs
[2025-12-14T17:09:17.611+0000] {logging_mixin.py:188} INFO - [2025-12-14T17:09:17.610+0000] {dag.py:3954} INFO - Setting next_dagrun for example_task_group_decorator to 2025-12-13 00:00:00+00:00, run_after=2025-12-14 00:00:00+00:00
[2025-12-14T17:09:17.635+0000] {processor.py:183} INFO - Processing /home/airflow/.local/lib/python3.12/site-packages/airflow/example_dags/example_task_group_decorator.py took 0.122 seconds
[2025-12-14T17:09:47.940+0000] {processor.py:161} INFO - Started process (PID=453) to work on /home/airflow/.local/lib/python3.12/site-packages/airflow/example_dags/example_task_group_decorator.py
[2025-12-14T17:09:47.942+0000] {processor.py:830} INFO - Processing file /home/airflow/.local/lib/python3.12/site-packages/airflow/example_dags/example_task_group_decorator.py for tasks to queue
[2025-12-14T17:09:47.945+0000] {logging_mixin.py:188} INFO - [2025-12-14T17:09:47.944+0000] {dagbag.py:540} INFO - Filling up the DagBag from /home/airflow/.local/lib/python3.12/site-packages/airflow/example_dags/example_task_group_decorator.py
[2025-12-14T17:09:47.966+0000] {processor.py:840} INFO - DAG(s) 'example_task_group_decorator' retrieved from /home/airflow/.local/lib/python3.12/site-packages/airflow/example_dags/example_task_group_decorator.py
[2025-12-14T17:09:48.001+0000] {logging_mixin.py:188} INFO - [2025-12-14T17:09:48.000+0000] {dag.py:3096} INFO - Sync 1 DAGs
[2025-12-14T17:09:48.028+0000] {logging_mixin.py:188} INFO - [2025-12-14T17:09:48.028+0000] {dag.py:3954} INFO - Setting next_dagrun for example_task_group_decorator to 2025-12-13 00:00:00+00:00, run_after=2025-12-14 00:00:00+00:00
[2025-12-14T17:09:48.060+0000] {processor.py:183} INFO - Processing /home/airflow/.local/lib/python3.12/site-packages/airflow/example_dags/example_task_group_decorator.py took 0.126 seconds
[2025-12-14T17:10:18.480+0000] {processor.py:161} INFO - Started process (PID=537) to work on /home/airflow/.local/lib/python3.12/site-packages/airflow/example_dags/example_task_group_decorator.py
[2025-12-14T17:10:18.481+0000] {processor.py:830} INFO - Processing file /home/airflow/.local/lib/python3.12/site-packages/airflow/example_dags/example_task_group_decorator.py for tasks to queue
[2025-12-14T17:10:18.484+0000] {logging_mixin.py:188} INFO - [2025-12-14T17:10:18.484+0000] {dagbag.py:540} INFO - Filling up the DagBag from /home/airflow/.local/lib/python3.12/site-packages/airflow/example_dags/example_task_group_decorator.py
[2025-12-14T17:10:18.501+0000] {processor.py:840} INFO - DAG(s) 'example_task_group_decorator' retrieved from /home/airflow/.local/lib/python3.12/site-packages/airflow/example_dags/example_task_group_decorator.py
[2025-12-14T17:10:18.531+0000] {logging_mixin.py:188} INFO - [2025-12-14T17:10:18.530+0000] {dag.py:3096} INFO - Sync 1 DAGs
[2025-12-14T17:10:18.556+0000] {logging_mixin.py:188} INFO - [2025-12-14T17:10:18.556+0000] {dag.py:3954} INFO - Setting next_dagrun for example_task_group_decorator to 2025-12-13 00:00:00+00:00, run_after=2025-12-14 00:00:00+00:00
[2025-12-14T17:10:18.578+0000] {processor.py:183} INFO - Processing /home/airflow/.local/lib/python3.12/site-packages/airflow/example_dags/example_task_group_decorator.py took 0.105 seconds
[2025-12-14T17:10:48.816+0000] {processor.py:161} INFO - Started process (PID=608) to work on /home/airflow/.local/lib/python3.12/site-packages/airflow/example_dags/example_task_group_decorator.py
[2025-12-14T17:10:48.817+0000] {processor.py:830} INFO - Processing file /home/airflow/.local/lib/python3.12/site-packages/airflow/example_dags/example_task_group_decorator.py for tasks to queue
[2025-12-14T17:10:48.820+0000] {logging_mixin.py:188} INFO - [2025-12-14T17:10:48.820+0000] {dagbag.py:540} INFO - Filling up the DagBag from /home/airflow/.local/lib/python3.12/site-packages/airflow/example_dags/example_task_group_decorator.py
[2025-12-14T17:10:48.841+0000] {processor.py:840} INFO - DAG(s) 'example_task_group_decorator' retrieved from /home/airflow/.local/lib/python3.12/site-packages/airflow/example_dags/example_task_group_decorator.py
[2025-12-14T17:10:48.876+0000] {logging_mixin.py:188} INFO - [2025-12-14T17:10:48.876+0000] {dag.py:3096} INFO - Sync 1 DAGs
[2025-12-14T17:10:48.903+0000] {logging_mixin.py:188} INFO - [2025-12-14T17:10:48.902+0000] {dag.py:3954} INFO - Setting next_dagrun for example_task_group_decorator to 2025-12-13 00:00:00+00:00, run_after=2025-12-14 00:00:00+00:00
[2025-12-14T17:10:48.926+0000] {processor.py:183} INFO - Processing /home/airflow/.local/lib/python3.12/site-packages/airflow/example_dags/example_task_group_decorator.py took 0.119 seconds
[2025-12-14T17:11:19.377+0000] {processor.py:161} INFO - Started process (PID=679) to work on /home/airflow/.local/lib/python3.12/site-packages/airflow/example_dags/example_task_group_decorator.py
[2025-12-14T17:11:19.378+0000] {processor.py:830} INFO - Processing file /home/airflow/.local/lib/python3.12/site-packages/airflow/example_dags/example_task_group_decorator.py for tasks to queue
[2025-12-14T17:11:19.381+0000] {logging_mixin.py:188} INFO - [2025-12-14T17:11:19.381+0000] {dagbag.py:540} INFO - Filling up the DagBag from /home/airflow/.local/lib/python3.12/site-packages/airflow/example_dags/example_task_group_decorator.py
[2025-12-14T17:11:19.400+0000] {processor.py:840} INFO - DAG(s) 'example_task_group_decorator' retrieved from /home/airflow/.local/lib/python3.12/site-packages/airflow/example_dags/example_task_group_decorator.py
[2025-12-14T17:11:19.431+0000] {logging_mixin.py:188} INFO - [2025-12-14T17:11:19.430+0000] {dag.py:3096} INFO - Sync 1 DAGs
[2025-12-14T17:11:19.455+0000] {logging_mixin.py:188} INFO - [2025-12-14T17:11:19.454+0000] {dag.py:3954} INFO - Setting next_dagrun for example_task_group_decorator to 2025-12-13 00:00:00+00:00, run_after=2025-12-14 00:00:00+00:00
[2025-12-14T17:11:19.476+0000] {processor.py:183} INFO - Processing /home/airflow/.local/lib/python3.12/site-packages/airflow/example_dags/example_task_group_decorator.py took 0.106 seconds
[2025-12-14T17:11:49.602+0000] {processor.py:161} INFO - Started process (PID=750) to work on /home/airflow/.local/lib/python3.12/site-packages/airflow/example_dags/example_task_group_decorator.py
[2025-12-14T17:11:49.604+0000] {processor.py:830} INFO - Processing file /home/airflow/.local/lib/python3.12/site-packages/airflow/example_dags/example_task_group_decorator.py for tasks to queue
[2025-12-14T17:11:49.607+0000] {logging_mixin.py:188} INFO - [2025-12-14T17:11:49.606+0000] {dagbag.py:540} INFO - Filling up the DagBag from /home/airflow/.local/lib/python3.12/site-packages/airflow/example_dags/example_task_group_decorator.py
[2025-12-14T17:11:49.624+0000] {processor.py:840} INFO - DAG(s) 'example_task_group_decorator' retrieved from /home/airflow/.local/lib/python3.12/site-packages/airflow/example_dags/example_task_group_decorator.py
[2025-12-14T17:11:49.654+0000] {logging_mixin.py:188} INFO - [2025-12-14T17:11:49.653+0000] {dag.py:3096} INFO - Sync 1 DAGs
[2025-12-14T17:11:49.677+0000] {logging_mixin.py:188} INFO - [2025-12-14T17:11:49.677+0000] {dag.py:3954} INFO - Setting next_dagrun for example_task_group_decorator to 2025-12-13 00:00:00+00:00, run_after=2025-12-14 00:00:00+00:00
[2025-12-14T17:11:49.700+0000] {processor.py:183} INFO - Processing /home/airflow/.local/lib/python3.12/site-packages/airflow/example_dags/example_task_group_decorator.py took 0.105 seconds
[2025-12-14T17:12:19.968+0000] {processor.py:161} INFO - Started process (PID=821) to work on /home/airflow/.local/lib/python3.12/site-packages/airflow/example_dags/example_task_group_decorator.py
[2025-12-14T17:12:19.970+0000] {processor.py:830} INFO - Processing file /home/airflow/.local/lib/python3.12/site-packages/airflow/example_dags/example_task_group_decorator.py for tasks to queue
[2025-12-14T17:12:19.972+0000] {logging_mixin.py:188} INFO - [2025-12-14T17:12:19.971+0000] {dagbag.py:540} INFO - Filling up the DagBag from /home/airflow/.local/lib/python3.12/site-packages/airflow/example_dags/example_task_group_decorator.py
[2025-12-14T17:12:19.990+0000] {processor.py:840} INFO - DAG(s) 'example_task_group_decorator' retrieved from /home/airflow/.local/lib/python3.12/site-packages/airflow/example_dags/example_task_group_decorator.py
[2025-12-14T17:12:20.018+0000] {logging_mixin.py:188} INFO - [2025-12-14T17:12:20.018+0000] {dag.py:3096} INFO - Sync 1 DAGs
[2025-12-14T17:12:20.042+0000] {logging_mixin.py:188} INFO - [2025-12-14T17:12:20.042+0000] {dag.py:3954} INFO - Setting next_dagrun for example_task_group_decorator to 2025-12-13 00:00:00+00:00, run_after=2025-12-14 00:00:00+00:00
[2025-12-14T17:12:20.064+0000] {processor.py:183} INFO - Processing /home/airflow/.local/lib/python3.12/site-packages/airflow/example_dags/example_task_group_decorator.py took 0.102 seconds
[2025-12-14T17:12:50.510+0000] {processor.py:161} INFO - Started process (PID=893) to work on /home/airflow/.local/lib/python3.12/site-packages/airflow/example_dags/example_task_group_decorator.py
[2025-12-14T17:12:50.511+0000] {processor.py:830} INFO - Processing file /home/airflow/.local/lib/python3.12/site-packages/airflow/example_dags/example_task_group_decorator.py for tasks to queue
[2025-12-14T17:12:50.513+0000] {logging_mixin.py:188} INFO - [2025-12-14T17:12:50.513+0000] {dagbag.py:540} INFO - Filling up the DagBag from /home/airflow/.local/lib/python3.12/site-packages/airflow/example_dags/example_task_group_decorator.py
[2025-12-14T17:12:50.531+0000] {processor.py:840} INFO - DAG(s) 'example_task_group_decorator' retrieved from /home/airflow/.local/lib/python3.12/site-packages/airflow/example_dags/example_task_group_decorator.py
[2025-12-14T17:12:50.560+0000] {logging_mixin.py:188} INFO - [2025-12-14T17:12:50.559+0000] {dag.py:3096} INFO - Sync 1 DAGs
[2025-12-14T17:12:50.583+0000] {logging_mixin.py:188} INFO - [2025-12-14T17:12:50.583+0000] {dag.py:3954} INFO - Setting next_dagrun for example_task_group_decorator to 2025-12-13 00:00:00+00:00, run_after=2025-12-14 00:00:00+00:00
[2025-12-14T17:12:50.605+0000] {processor.py:183} INFO - Processing /home/airflow/.local/lib/python3.12/site-packages/airflow/example_dags/example_task_group_decorator.py took 0.101 seconds
[2025-12-14T17:13:20.844+0000] {processor.py:161} INFO - Started process (PID=964) to work on /home/airflow/.local/lib/python3.12/site-packages/airflow/example_dags/example_task_group_decorator.py
[2025-12-14T17:13:20.846+0000] {processor.py:830} INFO - Processing file /home/airflow/.local/lib/python3.12/site-packages/airflow/example_dags/example_task_group_decorator.py for tasks to queue
[2025-12-14T17:13:20.848+0000] {logging_mixin.py:188} INFO - [2025-12-14T17:13:20.848+0000] {dagbag.py:540} INFO - Filling up the DagBag from /home/airflow/.local/lib/python3.12/site-packages/airflow/example_dags/example_task_group_decorator.py
[2025-12-14T17:13:20.867+0000] {processor.py:840} INFO - DAG(s) 'example_task_group_decorator' retrieved from /home/airflow/.local/lib/python3.12/site-packages/airflow/example_dags/example_task_group_decorator.py
[2025-12-14T17:13:20.896+0000] {logging_mixin.py:188} INFO - [2025-12-14T17:13:20.896+0000] {dag.py:3096} INFO - Sync 1 DAGs
[2025-12-14T17:13:20.920+0000] {logging_mixin.py:188} INFO - [2025-12-14T17:13:20.920+0000] {dag.py:3954} INFO - Setting next_dagrun for example_task_group_decorator to 2025-12-13 00:00:00+00:00, run_after=2025-12-14 00:00:00+00:00
[2025-12-14T17:13:20.943+0000] {processor.py:183} INFO - Processing /home/airflow/.local/lib/python3.12/site-packages/airflow/example_dags/example_task_group_decorator.py took 0.106 seconds
[2025-12-14T17:13:51.968+0000] {processor.py:161} INFO - Started process (PID=1024) to work on /home/airflow/.local/lib/python3.12/site-packages/airflow/example_dags/example_task_group_decorator.py
[2025-12-14T17:13:51.970+0000] {processor.py:830} INFO - Processing file /home/airflow/.local/lib/python3.12/site-packages/airflow/example_dags/example_task_group_decorator.py for tasks to queue
[2025-12-14T17:13:51.972+0000] {logging_mixin.py:188} INFO - [2025-12-14T17:13:51.972+0000] {dagbag.py:540} INFO - Filling up the DagBag from /home/airflow/.local/lib/python3.12/site-packages/airflow/example_dags/example_task_group_decorator.py
[2025-12-14T17:13:51.988+0000] {processor.py:840} INFO - DAG(s) 'example_task_group_decorator' retrieved from /home/airflow/.local/lib/python3.12/site-packages/airflow/example_dags/example_task_group_decorator.py
[2025-12-14T17:13:52.017+0000] {logging_mixin.py:188} INFO - [2025-12-14T17:13:52.017+0000] {dag.py:3096} INFO - Sync 1 DAGs
[2025-12-14T17:13:52.041+0000] {logging_mixin.py:188} INFO - [2025-12-14T17:13:52.041+0000] {dag.py:3954} INFO - Setting next_dagrun for example_task_group_decorator to 2025-12-13 00:00:00+00:00, run_after=2025-12-14 00:00:00+00:00
[2025-12-14T17:13:52.068+0000] {processor.py:183} INFO - Processing /home/airflow/.local/lib/python3.12/site-packages/airflow/example_dags/example_task_group_decorator.py took 0.107 seconds
[2025-12-14T17:14:22.258+0000] {processor.py:161} INFO - Started process (PID=1094) to work on /home/airflow/.local/lib/python3.12/site-packages/airflow/example_dags/example_task_group_decorator.py
[2025-12-14T17:14:22.259+0000] {processor.py:830} INFO - Processing file /home/airflow/.local/lib/python3.12/site-packages/airflow/example_dags/example_task_group_decorator.py for tasks to queue
[2025-12-14T17:14:22.262+0000] {logging_mixin.py:188} INFO - [2025-12-14T17:14:22.262+0000] {dagbag.py:540} INFO - Filling up the DagBag from /home/airflow/.local/lib/python3.12/site-packages/airflow/example_dags/example_task_group_decorator.py
[2025-12-14T17:14:22.289+0000] {processor.py:840} INFO - DAG(s) 'example_task_group_decorator' retrieved from /home/airflow/.local/lib/python3.12/site-packages/airflow/example_dags/example_task_group_decorator.py
[2025-12-14T17:14:22.332+0000] {logging_mixin.py:188} INFO - [2025-12-14T17:14:22.331+0000] {dag.py:3096} INFO - Sync 1 DAGs
[2025-12-14T17:14:22.360+0000] {logging_mixin.py:188} INFO - [2025-12-14T17:14:22.360+0000] {dag.py:3954} INFO - Setting next_dagrun for example_task_group_decorator to 2025-12-13 00:00:00+00:00, run_after=2025-12-14 00:00:00+00:00
[2025-12-14T17:14:22.572+0000] {processor.py:183} INFO - Processing /home/airflow/.local/lib/python3.12/site-packages/airflow/example_dags/example_task_group_decorator.py took 0.323 seconds
[2025-12-14T17:14:52.910+0000] {processor.py:161} INFO - Started process (PID=1165) to work on /home/airflow/.local/lib/python3.12/site-packages/airflow/example_dags/example_task_group_decorator.py
[2025-12-14T17:14:52.912+0000] {processor.py:830} INFO - Processing file /home/airflow/.local/lib/python3.12/site-packages/airflow/example_dags/example_task_group_decorator.py for tasks to queue
[2025-12-14T17:14:52.914+0000] {logging_mixin.py:188} INFO - [2025-12-14T17:14:52.914+0000] {dagbag.py:540} INFO - Filling up the DagBag from /home/airflow/.local/lib/python3.12/site-packages/airflow/example_dags/example_task_group_decorator.py
[2025-12-14T17:14:52.930+0000] {processor.py:840} INFO - DAG(s) 'example_task_group_decorator' retrieved from /home/airflow/.local/lib/python3.12/site-packages/airflow/example_dags/example_task_group_decorator.py
[2025-12-14T17:14:52.958+0000] {logging_mixin.py:188} INFO - [2025-12-14T17:14:52.958+0000] {dag.py:3096} INFO - Sync 1 DAGs
[2025-12-14T17:14:52.982+0000] {logging_mixin.py:188} INFO - [2025-12-14T17:14:52.982+0000] {dag.py:3954} INFO - Setting next_dagrun for example_task_group_decorator to 2025-12-13 00:00:00+00:00, run_after=2025-12-14 00:00:00+00:00
[2025-12-14T17:14:53.002+0000] {processor.py:183} INFO - Processing /home/airflow/.local/lib/python3.12/site-packages/airflow/example_dags/example_task_group_decorator.py took 0.099 seconds
[2025-12-14T17:15:23.214+0000] {processor.py:161} INFO - Started process (PID=1237) to work on /home/airflow/.local/lib/python3.12/site-packages/airflow/example_dags/example_task_group_decorator.py
[2025-12-14T17:15:23.216+0000] {processor.py:830} INFO - Processing file /home/airflow/.local/lib/python3.12/site-packages/airflow/example_dags/example_task_group_decorator.py for tasks to queue
[2025-12-14T17:15:23.219+0000] {logging_mixin.py:188} INFO - [2025-12-14T17:15:23.219+0000] {dagbag.py:540} INFO - Filling up the DagBag from /home/airflow/.local/lib/python3.12/site-packages/airflow/example_dags/example_task_group_decorator.py
[2025-12-14T17:15:23.240+0000] {processor.py:840} INFO - DAG(s) 'example_task_group_decorator' retrieved from /home/airflow/.local/lib/python3.12/site-packages/airflow/example_dags/example_task_group_decorator.py
[2025-12-14T17:15:23.270+0000] {logging_mixin.py:188} INFO - [2025-12-14T17:15:23.270+0000] {dag.py:3096} INFO - Sync 1 DAGs
[2025-12-14T17:15:23.298+0000] {logging_mixin.py:188} INFO - [2025-12-14T17:15:23.297+0000] {dag.py:3954} INFO - Setting next_dagrun for example_task_group_decorator to 2025-12-13 00:00:00+00:00, run_after=2025-12-14 00:00:00+00:00
[2025-12-14T17:15:23.322+0000] {processor.py:183} INFO - Processing /home/airflow/.local/lib/python3.12/site-packages/airflow/example_dags/example_task_group_decorator.py took 0.116 seconds
[2025-12-14T17:15:53.681+0000] {processor.py:161} INFO - Started process (PID=1308) to work on /home/airflow/.local/lib/python3.12/site-packages/airflow/example_dags/example_task_group_decorator.py
[2025-12-14T17:15:53.683+0000] {processor.py:830} INFO - Processing file /home/airflow/.local/lib/python3.12/site-packages/airflow/example_dags/example_task_group_decorator.py for tasks to queue
[2025-12-14T17:15:53.688+0000] {logging_mixin.py:188} INFO - [2025-12-14T17:15:53.687+0000] {dagbag.py:540} INFO - Filling up the DagBag from /home/airflow/.local/lib/python3.12/site-packages/airflow/example_dags/example_task_group_decorator.py
[2025-12-14T17:15:53.715+0000] {processor.py:840} INFO - DAG(s) 'example_task_group_decorator' retrieved from /home/airflow/.local/lib/python3.12/site-packages/airflow/example_dags/example_task_group_decorator.py
[2025-12-14T17:15:53.758+0000] {logging_mixin.py:188} INFO - [2025-12-14T17:15:53.758+0000] {dag.py:3096} INFO - Sync 1 DAGs
[2025-12-14T17:15:53.792+0000] {logging_mixin.py:188} INFO - [2025-12-14T17:15:53.792+0000] {dag.py:3954} INFO - Setting next_dagrun for example_task_group_decorator to 2025-12-13 00:00:00+00:00, run_after=2025-12-14 00:00:00+00:00
[2025-12-14T17:15:53.818+0000] {processor.py:183} INFO - Processing /home/airflow/.local/lib/python3.12/site-packages/airflow/example_dags/example_task_group_decorator.py took 0.147 seconds
[2025-12-14T17:16:24.202+0000] {processor.py:161} INFO - Started process (PID=1379) to work on /home/airflow/.local/lib/python3.12/site-packages/airflow/example_dags/example_task_group_decorator.py
[2025-12-14T17:16:24.203+0000] {processor.py:830} INFO - Processing file /home/airflow/.local/lib/python3.12/site-packages/airflow/example_dags/example_task_group_decorator.py for tasks to queue
[2025-12-14T17:16:24.206+0000] {logging_mixin.py:188} INFO - [2025-12-14T17:16:24.205+0000] {dagbag.py:540} INFO - Filling up the DagBag from /home/airflow/.local/lib/python3.12/site-packages/airflow/example_dags/example_task_group_decorator.py
[2025-12-14T17:16:24.223+0000] {processor.py:840} INFO - DAG(s) 'example_task_group_decorator' retrieved from /home/airflow/.local/lib/python3.12/site-packages/airflow/example_dags/example_task_group_decorator.py
[2025-12-14T17:16:24.254+0000] {logging_mixin.py:188} INFO - [2025-12-14T17:16:24.254+0000] {dag.py:3096} INFO - Sync 1 DAGs
[2025-12-14T17:16:24.281+0000] {logging_mixin.py:188} INFO - [2025-12-14T17:16:24.281+0000] {dag.py:3954} INFO - Setting next_dagrun for example_task_group_decorator to 2025-12-13 00:00:00+00:00, run_after=2025-12-14 00:00:00+00:00
[2025-12-14T17:16:24.306+0000] {processor.py:183} INFO - Processing /home/airflow/.local/lib/python3.12/site-packages/airflow/example_dags/example_task_group_decorator.py took 0.111 seconds
