[2025-12-14T16:49:10.763+0000] {processor.py:161} INFO - Started process (PID=78) to work on /home/airflow/.local/lib/python3.12/site-packages/airflow/example_dags/example_short_circuit_decorator.py
[2025-12-14T16:49:10.765+0000] {processor.py:830} INFO - Processing file /home/airflow/.local/lib/python3.12/site-packages/airflow/example_dags/example_short_circuit_decorator.py for tasks to queue
[2025-12-14T16:49:10.769+0000] {logging_mixin.py:188} INFO - [2025-12-14T16:49:10.769+0000] {dagbag.py:540} INFO - Filling up the DagBag from /home/airflow/.local/lib/python3.12/site-packages/airflow/example_dags/example_short_circuit_decorator.py
[2025-12-14T16:49:10.794+0000] {processor.py:840} INFO - DAG(s) 'example_short_circuit_decorator' retrieved from /home/airflow/.local/lib/python3.12/site-packages/airflow/example_dags/example_short_circuit_decorator.py
[2025-12-14T16:49:11.051+0000] {logging_mixin.py:188} INFO - [2025-12-14T16:49:11.051+0000] {dag.py:3096} INFO - Sync 1 DAGs
[2025-12-14T16:49:11.094+0000] {logging_mixin.py:188} INFO - [2025-12-14T16:49:11.093+0000] {dag.py:3954} INFO - Setting next_dagrun for example_short_circuit_decorator to 2025-12-13 00:00:00+00:00, run_after=2025-12-14 00:00:00+00:00
[2025-12-14T16:49:11.128+0000] {processor.py:183} INFO - Processing /home/airflow/.local/lib/python3.12/site-packages/airflow/example_dags/example_short_circuit_decorator.py took 0.374 seconds
[2025-12-14T16:49:41.936+0000] {processor.py:161} INFO - Started process (PID=143) to work on /home/airflow/.local/lib/python3.12/site-packages/airflow/example_dags/example_short_circuit_decorator.py
[2025-12-14T16:49:41.938+0000] {processor.py:830} INFO - Processing file /home/airflow/.local/lib/python3.12/site-packages/airflow/example_dags/example_short_circuit_decorator.py for tasks to queue
[2025-12-14T16:49:41.940+0000] {logging_mixin.py:188} INFO - [2025-12-14T16:49:41.940+0000] {dagbag.py:540} INFO - Filling up the DagBag from /home/airflow/.local/lib/python3.12/site-packages/airflow/example_dags/example_short_circuit_decorator.py
[2025-12-14T16:49:41.951+0000] {processor.py:840} INFO - DAG(s) 'example_short_circuit_decorator' retrieved from /home/airflow/.local/lib/python3.12/site-packages/airflow/example_dags/example_short_circuit_decorator.py
[2025-12-14T16:49:41.979+0000] {logging_mixin.py:188} INFO - [2025-12-14T16:49:41.979+0000] {dag.py:3096} INFO - Sync 1 DAGs
[2025-12-14T16:49:42.004+0000] {logging_mixin.py:188} INFO - [2025-12-14T16:49:42.004+0000] {dag.py:3954} INFO - Setting next_dagrun for example_short_circuit_decorator to 2025-12-13 00:00:00+00:00, run_after=2025-12-14 00:00:00+00:00
[2025-12-14T16:49:42.030+0000] {processor.py:183} INFO - Processing /home/airflow/.local/lib/python3.12/site-packages/airflow/example_dags/example_short_circuit_decorator.py took 0.103 seconds
[2025-12-14T16:50:12.456+0000] {processor.py:161} INFO - Started process (PID=201) to work on /home/airflow/.local/lib/python3.12/site-packages/airflow/example_dags/example_short_circuit_decorator.py
[2025-12-14T16:50:12.458+0000] {processor.py:830} INFO - Processing file /home/airflow/.local/lib/python3.12/site-packages/airflow/example_dags/example_short_circuit_decorator.py for tasks to queue
[2025-12-14T16:50:12.460+0000] {logging_mixin.py:188} INFO - [2025-12-14T16:50:12.460+0000] {dagbag.py:540} INFO - Filling up the DagBag from /home/airflow/.local/lib/python3.12/site-packages/airflow/example_dags/example_short_circuit_decorator.py
[2025-12-14T16:50:12.471+0000] {processor.py:840} INFO - DAG(s) 'example_short_circuit_decorator' retrieved from /home/airflow/.local/lib/python3.12/site-packages/airflow/example_dags/example_short_circuit_decorator.py
[2025-12-14T16:50:12.498+0000] {logging_mixin.py:188} INFO - [2025-12-14T16:50:12.498+0000] {dag.py:3096} INFO - Sync 1 DAGs
[2025-12-14T16:50:12.531+0000] {logging_mixin.py:188} INFO - [2025-12-14T16:50:12.530+0000] {dag.py:3954} INFO - Setting next_dagrun for example_short_circuit_decorator to 2025-12-13 00:00:00+00:00, run_after=2025-12-14 00:00:00+00:00
[2025-12-14T16:50:12.557+0000] {processor.py:183} INFO - Processing /home/airflow/.local/lib/python3.12/site-packages/airflow/example_dags/example_short_circuit_decorator.py took 0.109 seconds
[2025-12-14T16:50:42.775+0000] {processor.py:161} INFO - Started process (PID=266) to work on /home/airflow/.local/lib/python3.12/site-packages/airflow/example_dags/example_short_circuit_decorator.py
[2025-12-14T16:50:42.777+0000] {processor.py:830} INFO - Processing file /home/airflow/.local/lib/python3.12/site-packages/airflow/example_dags/example_short_circuit_decorator.py for tasks to queue
[2025-12-14T16:50:42.780+0000] {logging_mixin.py:188} INFO - [2025-12-14T16:50:42.779+0000] {dagbag.py:540} INFO - Filling up the DagBag from /home/airflow/.local/lib/python3.12/site-packages/airflow/example_dags/example_short_circuit_decorator.py
[2025-12-14T16:50:42.791+0000] {processor.py:840} INFO - DAG(s) 'example_short_circuit_decorator' retrieved from /home/airflow/.local/lib/python3.12/site-packages/airflow/example_dags/example_short_circuit_decorator.py
[2025-12-14T16:50:42.820+0000] {logging_mixin.py:188} INFO - [2025-12-14T16:50:42.820+0000] {dag.py:3096} INFO - Sync 1 DAGs
[2025-12-14T16:50:42.849+0000] {logging_mixin.py:188} INFO - [2025-12-14T16:50:42.849+0000] {dag.py:3954} INFO - Setting next_dagrun for example_short_circuit_decorator to 2025-12-13 00:00:00+00:00, run_after=2025-12-14 00:00:00+00:00
[2025-12-14T16:50:42.875+0000] {processor.py:183} INFO - Processing /home/airflow/.local/lib/python3.12/site-packages/airflow/example_dags/example_short_circuit_decorator.py took 0.112 seconds
[2025-12-14T16:51:13.099+0000] {processor.py:161} INFO - Started process (PID=324) to work on /home/airflow/.local/lib/python3.12/site-packages/airflow/example_dags/example_short_circuit_decorator.py
[2025-12-14T16:51:13.101+0000] {processor.py:830} INFO - Processing file /home/airflow/.local/lib/python3.12/site-packages/airflow/example_dags/example_short_circuit_decorator.py for tasks to queue
[2025-12-14T16:51:13.108+0000] {logging_mixin.py:188} INFO - [2025-12-14T16:51:13.108+0000] {dagbag.py:540} INFO - Filling up the DagBag from /home/airflow/.local/lib/python3.12/site-packages/airflow/example_dags/example_short_circuit_decorator.py
[2025-12-14T16:51:13.130+0000] {processor.py:840} INFO - DAG(s) 'example_short_circuit_decorator' retrieved from /home/airflow/.local/lib/python3.12/site-packages/airflow/example_dags/example_short_circuit_decorator.py
[2025-12-14T16:51:13.174+0000] {logging_mixin.py:188} INFO - [2025-12-14T16:51:13.173+0000] {dag.py:3096} INFO - Sync 1 DAGs
[2025-12-14T16:51:13.201+0000] {logging_mixin.py:188} INFO - [2025-12-14T16:51:13.201+0000] {dag.py:3954} INFO - Setting next_dagrun for example_short_circuit_decorator to 2025-12-13 00:00:00+00:00, run_after=2025-12-14 00:00:00+00:00
[2025-12-14T16:51:13.225+0000] {processor.py:183} INFO - Processing /home/airflow/.local/lib/python3.12/site-packages/airflow/example_dags/example_short_circuit_decorator.py took 0.138 seconds
[2025-12-14T16:51:43.357+0000] {processor.py:161} INFO - Started process (PID=382) to work on /home/airflow/.local/lib/python3.12/site-packages/airflow/example_dags/example_short_circuit_decorator.py
[2025-12-14T16:51:43.359+0000] {processor.py:830} INFO - Processing file /home/airflow/.local/lib/python3.12/site-packages/airflow/example_dags/example_short_circuit_decorator.py for tasks to queue
[2025-12-14T16:51:43.362+0000] {logging_mixin.py:188} INFO - [2025-12-14T16:51:43.361+0000] {dagbag.py:540} INFO - Filling up the DagBag from /home/airflow/.local/lib/python3.12/site-packages/airflow/example_dags/example_short_circuit_decorator.py
[2025-12-14T16:51:43.372+0000] {processor.py:840} INFO - DAG(s) 'example_short_circuit_decorator' retrieved from /home/airflow/.local/lib/python3.12/site-packages/airflow/example_dags/example_short_circuit_decorator.py
[2025-12-14T16:51:43.401+0000] {logging_mixin.py:188} INFO - [2025-12-14T16:51:43.400+0000] {dag.py:3096} INFO - Sync 1 DAGs
[2025-12-14T16:51:43.424+0000] {logging_mixin.py:188} INFO - [2025-12-14T16:51:43.424+0000] {dag.py:3954} INFO - Setting next_dagrun for example_short_circuit_decorator to 2025-12-13 00:00:00+00:00, run_after=2025-12-14 00:00:00+00:00
[2025-12-14T16:51:43.449+0000] {processor.py:183} INFO - Processing /home/airflow/.local/lib/python3.12/site-packages/airflow/example_dags/example_short_circuit_decorator.py took 0.099 seconds
[2025-12-14T16:52:13.721+0000] {processor.py:161} INFO - Started process (PID=440) to work on /home/airflow/.local/lib/python3.12/site-packages/airflow/example_dags/example_short_circuit_decorator.py
[2025-12-14T16:52:13.723+0000] {processor.py:830} INFO - Processing file /home/airflow/.local/lib/python3.12/site-packages/airflow/example_dags/example_short_circuit_decorator.py for tasks to queue
[2025-12-14T16:52:13.726+0000] {logging_mixin.py:188} INFO - [2025-12-14T16:52:13.726+0000] {dagbag.py:540} INFO - Filling up the DagBag from /home/airflow/.local/lib/python3.12/site-packages/airflow/example_dags/example_short_circuit_decorator.py
[2025-12-14T16:52:13.740+0000] {processor.py:840} INFO - DAG(s) 'example_short_circuit_decorator' retrieved from /home/airflow/.local/lib/python3.12/site-packages/airflow/example_dags/example_short_circuit_decorator.py
[2025-12-14T16:52:13.776+0000] {logging_mixin.py:188} INFO - [2025-12-14T16:52:13.776+0000] {dag.py:3096} INFO - Sync 1 DAGs
[2025-12-14T16:52:13.807+0000] {logging_mixin.py:188} INFO - [2025-12-14T16:52:13.806+0000] {dag.py:3954} INFO - Setting next_dagrun for example_short_circuit_decorator to 2025-12-13 00:00:00+00:00, run_after=2025-12-14 00:00:00+00:00
[2025-12-14T16:52:13.836+0000] {processor.py:183} INFO - Processing /home/airflow/.local/lib/python3.12/site-packages/airflow/example_dags/example_short_circuit_decorator.py took 0.125 seconds
[2025-12-14T16:55:06.966+0000] {processor.py:161} INFO - Started process (PID=118) to work on /home/airflow/.local/lib/python3.12/site-packages/airflow/example_dags/example_short_circuit_decorator.py
[2025-12-14T16:55:06.967+0000] {processor.py:830} INFO - Processing file /home/airflow/.local/lib/python3.12/site-packages/airflow/example_dags/example_short_circuit_decorator.py for tasks to queue
[2025-12-14T16:55:06.970+0000] {logging_mixin.py:188} INFO - [2025-12-14T16:55:06.969+0000] {dagbag.py:540} INFO - Filling up the DagBag from /home/airflow/.local/lib/python3.12/site-packages/airflow/example_dags/example_short_circuit_decorator.py
[2025-12-14T16:55:06.991+0000] {processor.py:840} INFO - DAG(s) 'example_short_circuit_decorator' retrieved from /home/airflow/.local/lib/python3.12/site-packages/airflow/example_dags/example_short_circuit_decorator.py
[2025-12-14T16:55:07.187+0000] {logging_mixin.py:188} INFO - [2025-12-14T16:55:07.187+0000] {dag.py:3096} INFO - Sync 1 DAGs
[2025-12-14T16:55:07.226+0000] {logging_mixin.py:188} INFO - [2025-12-14T16:55:07.226+0000] {dag.py:3954} INFO - Setting next_dagrun for example_short_circuit_decorator to 2025-12-13 00:00:00+00:00, run_after=2025-12-14 00:00:00+00:00
[2025-12-14T16:55:07.332+0000] {processor.py:183} INFO - Processing /home/airflow/.local/lib/python3.12/site-packages/airflow/example_dags/example_short_circuit_decorator.py took 0.377 seconds
[2025-12-14T16:55:37.907+0000] {processor.py:161} INFO - Started process (PID=185) to work on /home/airflow/.local/lib/python3.12/site-packages/airflow/example_dags/example_short_circuit_decorator.py
[2025-12-14T16:55:37.909+0000] {processor.py:830} INFO - Processing file /home/airflow/.local/lib/python3.12/site-packages/airflow/example_dags/example_short_circuit_decorator.py for tasks to queue
[2025-12-14T16:55:37.911+0000] {logging_mixin.py:188} INFO - [2025-12-14T16:55:37.911+0000] {dagbag.py:540} INFO - Filling up the DagBag from /home/airflow/.local/lib/python3.12/site-packages/airflow/example_dags/example_short_circuit_decorator.py
[2025-12-14T16:55:37.923+0000] {processor.py:840} INFO - DAG(s) 'example_short_circuit_decorator' retrieved from /home/airflow/.local/lib/python3.12/site-packages/airflow/example_dags/example_short_circuit_decorator.py
[2025-12-14T16:55:37.951+0000] {logging_mixin.py:188} INFO - [2025-12-14T16:55:37.951+0000] {dag.py:3096} INFO - Sync 1 DAGs
[2025-12-14T16:55:37.982+0000] {logging_mixin.py:188} INFO - [2025-12-14T16:55:37.982+0000] {dag.py:3954} INFO - Setting next_dagrun for example_short_circuit_decorator to 2025-12-13 00:00:00+00:00, run_after=2025-12-14 00:00:00+00:00
[2025-12-14T16:55:38.029+0000] {processor.py:183} INFO - Processing /home/airflow/.local/lib/python3.12/site-packages/airflow/example_dags/example_short_circuit_decorator.py took 0.131 seconds
[2025-12-14T16:56:08.786+0000] {processor.py:161} INFO - Started process (PID=261) to work on /home/airflow/.local/lib/python3.12/site-packages/airflow/example_dags/example_short_circuit_decorator.py
[2025-12-14T16:56:08.788+0000] {processor.py:830} INFO - Processing file /home/airflow/.local/lib/python3.12/site-packages/airflow/example_dags/example_short_circuit_decorator.py for tasks to queue
[2025-12-14T16:56:08.791+0000] {logging_mixin.py:188} INFO - [2025-12-14T16:56:08.790+0000] {dagbag.py:540} INFO - Filling up the DagBag from /home/airflow/.local/lib/python3.12/site-packages/airflow/example_dags/example_short_circuit_decorator.py
[2025-12-14T16:56:08.803+0000] {processor.py:840} INFO - DAG(s) 'example_short_circuit_decorator' retrieved from /home/airflow/.local/lib/python3.12/site-packages/airflow/example_dags/example_short_circuit_decorator.py
[2025-12-14T16:56:08.849+0000] {logging_mixin.py:188} INFO - [2025-12-14T16:56:08.848+0000] {dag.py:3096} INFO - Sync 1 DAGs
[2025-12-14T16:56:08.880+0000] {logging_mixin.py:188} INFO - [2025-12-14T16:56:08.880+0000] {dag.py:3954} INFO - Setting next_dagrun for example_short_circuit_decorator to 2025-12-13 00:00:00+00:00, run_after=2025-12-14 00:00:00+00:00
[2025-12-14T16:56:08.908+0000] {processor.py:183} INFO - Processing /home/airflow/.local/lib/python3.12/site-packages/airflow/example_dags/example_short_circuit_decorator.py took 0.130 seconds
[2025-12-14T16:56:39.003+0000] {processor.py:161} INFO - Started process (PID=333) to work on /home/airflow/.local/lib/python3.12/site-packages/airflow/example_dags/example_short_circuit_decorator.py
[2025-12-14T16:56:39.005+0000] {processor.py:830} INFO - Processing file /home/airflow/.local/lib/python3.12/site-packages/airflow/example_dags/example_short_circuit_decorator.py for tasks to queue
[2025-12-14T16:56:39.008+0000] {logging_mixin.py:188} INFO - [2025-12-14T16:56:39.007+0000] {dagbag.py:540} INFO - Filling up the DagBag from /home/airflow/.local/lib/python3.12/site-packages/airflow/example_dags/example_short_circuit_decorator.py
[2025-12-14T16:56:39.020+0000] {processor.py:840} INFO - DAG(s) 'example_short_circuit_decorator' retrieved from /home/airflow/.local/lib/python3.12/site-packages/airflow/example_dags/example_short_circuit_decorator.py
[2025-12-14T16:56:39.052+0000] {logging_mixin.py:188} INFO - [2025-12-14T16:56:39.051+0000] {dag.py:3096} INFO - Sync 1 DAGs
[2025-12-14T16:56:39.082+0000] {logging_mixin.py:188} INFO - [2025-12-14T16:56:39.081+0000] {dag.py:3954} INFO - Setting next_dagrun for example_short_circuit_decorator to 2025-12-13 00:00:00+00:00, run_after=2025-12-14 00:00:00+00:00
[2025-12-14T16:56:39.109+0000] {processor.py:183} INFO - Processing /home/airflow/.local/lib/python3.12/site-packages/airflow/example_dags/example_short_circuit_decorator.py took 0.115 seconds
[2025-12-14T16:57:09.282+0000] {processor.py:161} INFO - Started process (PID=404) to work on /home/airflow/.local/lib/python3.12/site-packages/airflow/example_dags/example_short_circuit_decorator.py
[2025-12-14T16:57:09.284+0000] {processor.py:830} INFO - Processing file /home/airflow/.local/lib/python3.12/site-packages/airflow/example_dags/example_short_circuit_decorator.py for tasks to queue
[2025-12-14T16:57:09.286+0000] {logging_mixin.py:188} INFO - [2025-12-14T16:57:09.286+0000] {dagbag.py:540} INFO - Filling up the DagBag from /home/airflow/.local/lib/python3.12/site-packages/airflow/example_dags/example_short_circuit_decorator.py
[2025-12-14T16:57:09.296+0000] {processor.py:840} INFO - DAG(s) 'example_short_circuit_decorator' retrieved from /home/airflow/.local/lib/python3.12/site-packages/airflow/example_dags/example_short_circuit_decorator.py
[2025-12-14T16:57:09.325+0000] {logging_mixin.py:188} INFO - [2025-12-14T16:57:09.325+0000] {dag.py:3096} INFO - Sync 1 DAGs
[2025-12-14T16:57:09.350+0000] {logging_mixin.py:188} INFO - [2025-12-14T16:57:09.350+0000] {dag.py:3954} INFO - Setting next_dagrun for example_short_circuit_decorator to 2025-12-13 00:00:00+00:00, run_after=2025-12-14 00:00:00+00:00
[2025-12-14T16:57:09.373+0000] {processor.py:183} INFO - Processing /home/airflow/.local/lib/python3.12/site-packages/airflow/example_dags/example_short_circuit_decorator.py took 0.097 seconds
[2025-12-14T16:58:31.982+0000] {processor.py:161} INFO - Started process (PID=80) to work on /home/airflow/.local/lib/python3.12/site-packages/airflow/example_dags/example_short_circuit_decorator.py
[2025-12-14T16:58:31.984+0000] {processor.py:830} INFO - Processing file /home/airflow/.local/lib/python3.12/site-packages/airflow/example_dags/example_short_circuit_decorator.py for tasks to queue
[2025-12-14T16:58:31.987+0000] {logging_mixin.py:188} INFO - [2025-12-14T16:58:31.986+0000] {dagbag.py:540} INFO - Filling up the DagBag from /home/airflow/.local/lib/python3.12/site-packages/airflow/example_dags/example_short_circuit_decorator.py
[2025-12-14T16:58:32.004+0000] {processor.py:840} INFO - DAG(s) 'example_short_circuit_decorator' retrieved from /home/airflow/.local/lib/python3.12/site-packages/airflow/example_dags/example_short_circuit_decorator.py
[2025-12-14T16:58:32.208+0000] {logging_mixin.py:188} INFO - [2025-12-14T16:58:32.208+0000] {dag.py:3096} INFO - Sync 1 DAGs
[2025-12-14T16:58:32.239+0000] {logging_mixin.py:188} INFO - [2025-12-14T16:58:32.239+0000] {dag.py:3954} INFO - Setting next_dagrun for example_short_circuit_decorator to 2025-12-13 00:00:00+00:00, run_after=2025-12-14 00:00:00+00:00
[2025-12-14T16:58:32.272+0000] {processor.py:183} INFO - Processing /home/airflow/.local/lib/python3.12/site-packages/airflow/example_dags/example_short_circuit_decorator.py took 0.299 seconds
[2025-12-14T16:59:03.011+0000] {processor.py:161} INFO - Started process (PID=140) to work on /home/airflow/.local/lib/python3.12/site-packages/airflow/example_dags/example_short_circuit_decorator.py
[2025-12-14T16:59:03.013+0000] {processor.py:830} INFO - Processing file /home/airflow/.local/lib/python3.12/site-packages/airflow/example_dags/example_short_circuit_decorator.py for tasks to queue
[2025-12-14T16:59:03.017+0000] {logging_mixin.py:188} INFO - [2025-12-14T16:59:03.016+0000] {dagbag.py:540} INFO - Filling up the DagBag from /home/airflow/.local/lib/python3.12/site-packages/airflow/example_dags/example_short_circuit_decorator.py
[2025-12-14T16:59:03.031+0000] {processor.py:840} INFO - DAG(s) 'example_short_circuit_decorator' retrieved from /home/airflow/.local/lib/python3.12/site-packages/airflow/example_dags/example_short_circuit_decorator.py
[2025-12-14T16:59:03.064+0000] {logging_mixin.py:188} INFO - [2025-12-14T16:59:03.064+0000] {dag.py:3096} INFO - Sync 1 DAGs
[2025-12-14T16:59:03.099+0000] {logging_mixin.py:188} INFO - [2025-12-14T16:59:03.099+0000] {dag.py:3954} INFO - Setting next_dagrun for example_short_circuit_decorator to 2025-12-13 00:00:00+00:00, run_after=2025-12-14 00:00:00+00:00
[2025-12-14T16:59:03.128+0000] {processor.py:183} INFO - Processing /home/airflow/.local/lib/python3.12/site-packages/airflow/example_dags/example_short_circuit_decorator.py took 0.127 seconds
[2025-12-14T16:59:34.253+0000] {processor.py:161} INFO - Started process (PID=200) to work on /home/airflow/.local/lib/python3.12/site-packages/airflow/example_dags/example_short_circuit_decorator.py
[2025-12-14T16:59:34.256+0000] {processor.py:830} INFO - Processing file /home/airflow/.local/lib/python3.12/site-packages/airflow/example_dags/example_short_circuit_decorator.py for tasks to queue
[2025-12-14T16:59:34.257+0000] {logging_mixin.py:188} INFO - [2025-12-14T16:59:34.257+0000] {dagbag.py:540} INFO - Filling up the DagBag from /home/airflow/.local/lib/python3.12/site-packages/airflow/example_dags/example_short_circuit_decorator.py
[2025-12-14T16:59:34.275+0000] {processor.py:840} INFO - DAG(s) 'example_short_circuit_decorator' retrieved from /home/airflow/.local/lib/python3.12/site-packages/airflow/example_dags/example_short_circuit_decorator.py
[2025-12-14T16:59:34.315+0000] {logging_mixin.py:188} INFO - [2025-12-14T16:59:34.315+0000] {dag.py:3096} INFO - Sync 1 DAGs
[2025-12-14T16:59:34.351+0000] {logging_mixin.py:188} INFO - [2025-12-14T16:59:34.350+0000] {dag.py:3954} INFO - Setting next_dagrun for example_short_circuit_decorator to 2025-12-13 00:00:00+00:00, run_after=2025-12-14 00:00:00+00:00
[2025-12-14T16:59:34.380+0000] {processor.py:183} INFO - Processing /home/airflow/.local/lib/python3.12/site-packages/airflow/example_dags/example_short_circuit_decorator.py took 0.138 seconds
[2025-12-14T17:00:05.307+0000] {processor.py:161} INFO - Started process (PID=259) to work on /home/airflow/.local/lib/python3.12/site-packages/airflow/example_dags/example_short_circuit_decorator.py
[2025-12-14T17:00:05.308+0000] {processor.py:830} INFO - Processing file /home/airflow/.local/lib/python3.12/site-packages/airflow/example_dags/example_short_circuit_decorator.py for tasks to queue
[2025-12-14T17:00:05.309+0000] {logging_mixin.py:188} INFO - [2025-12-14T17:00:05.309+0000] {dagbag.py:540} INFO - Filling up the DagBag from /home/airflow/.local/lib/python3.12/site-packages/airflow/example_dags/example_short_circuit_decorator.py
[2025-12-14T17:00:05.321+0000] {processor.py:840} INFO - DAG(s) 'example_short_circuit_decorator' retrieved from /home/airflow/.local/lib/python3.12/site-packages/airflow/example_dags/example_short_circuit_decorator.py
[2025-12-14T17:00:05.355+0000] {logging_mixin.py:188} INFO - [2025-12-14T17:00:05.355+0000] {dag.py:3096} INFO - Sync 1 DAGs
[2025-12-14T17:00:05.378+0000] {logging_mixin.py:188} INFO - [2025-12-14T17:00:05.378+0000] {dag.py:3954} INFO - Setting next_dagrun for example_short_circuit_decorator to 2025-12-13 00:00:00+00:00, run_after=2025-12-14 00:00:00+00:00
[2025-12-14T17:00:05.403+0000] {processor.py:183} INFO - Processing /home/airflow/.local/lib/python3.12/site-packages/airflow/example_dags/example_short_circuit_decorator.py took 0.103 seconds
[2025-12-14T17:00:35.822+0000] {processor.py:161} INFO - Started process (PID=318) to work on /home/airflow/.local/lib/python3.12/site-packages/airflow/example_dags/example_short_circuit_decorator.py
[2025-12-14T17:00:35.823+0000] {processor.py:830} INFO - Processing file /home/airflow/.local/lib/python3.12/site-packages/airflow/example_dags/example_short_circuit_decorator.py for tasks to queue
[2025-12-14T17:00:35.825+0000] {logging_mixin.py:188} INFO - [2025-12-14T17:00:35.824+0000] {dagbag.py:540} INFO - Filling up the DagBag from /home/airflow/.local/lib/python3.12/site-packages/airflow/example_dags/example_short_circuit_decorator.py
[2025-12-14T17:00:35.837+0000] {processor.py:840} INFO - DAG(s) 'example_short_circuit_decorator' retrieved from /home/airflow/.local/lib/python3.12/site-packages/airflow/example_dags/example_short_circuit_decorator.py
[2025-12-14T17:00:35.870+0000] {logging_mixin.py:188} INFO - [2025-12-14T17:00:35.870+0000] {dag.py:3096} INFO - Sync 1 DAGs
[2025-12-14T17:00:35.899+0000] {logging_mixin.py:188} INFO - [2025-12-14T17:00:35.899+0000] {dag.py:3954} INFO - Setting next_dagrun for example_short_circuit_decorator to 2025-12-13 00:00:00+00:00, run_after=2025-12-14 00:00:00+00:00
[2025-12-14T17:00:35.924+0000] {processor.py:183} INFO - Processing /home/airflow/.local/lib/python3.12/site-packages/airflow/example_dags/example_short_circuit_decorator.py took 0.109 seconds
[2025-12-14T17:02:48.407+0000] {processor.py:161} INFO - Started process (PID=118) to work on /home/airflow/.local/lib/python3.12/site-packages/airflow/example_dags/example_short_circuit_decorator.py
[2025-12-14T17:02:48.409+0000] {processor.py:830} INFO - Processing file /home/airflow/.local/lib/python3.12/site-packages/airflow/example_dags/example_short_circuit_decorator.py for tasks to queue
[2025-12-14T17:02:48.413+0000] {logging_mixin.py:188} INFO - [2025-12-14T17:02:48.413+0000] {dagbag.py:540} INFO - Filling up the DagBag from /home/airflow/.local/lib/python3.12/site-packages/airflow/example_dags/example_short_circuit_decorator.py
[2025-12-14T17:02:48.438+0000] {processor.py:840} INFO - DAG(s) 'example_short_circuit_decorator' retrieved from /home/airflow/.local/lib/python3.12/site-packages/airflow/example_dags/example_short_circuit_decorator.py
[2025-12-14T17:02:48.722+0000] {logging_mixin.py:188} INFO - [2025-12-14T17:02:48.721+0000] {dag.py:3096} INFO - Sync 1 DAGs
[2025-12-14T17:02:48.770+0000] {logging_mixin.py:188} INFO - [2025-12-14T17:02:48.770+0000] {dag.py:3954} INFO - Setting next_dagrun for example_short_circuit_decorator to 2025-12-13 00:00:00+00:00, run_after=2025-12-14 00:00:00+00:00
[2025-12-14T17:02:48.832+0000] {processor.py:183} INFO - Processing /home/airflow/.local/lib/python3.12/site-packages/airflow/example_dags/example_short_circuit_decorator.py took 0.438 seconds
[2025-12-14T17:03:19.560+0000] {processor.py:161} INFO - Started process (PID=177) to work on /home/airflow/.local/lib/python3.12/site-packages/airflow/example_dags/example_short_circuit_decorator.py
[2025-12-14T17:03:19.561+0000] {processor.py:830} INFO - Processing file /home/airflow/.local/lib/python3.12/site-packages/airflow/example_dags/example_short_circuit_decorator.py for tasks to queue
[2025-12-14T17:03:19.564+0000] {logging_mixin.py:188} INFO - [2025-12-14T17:03:19.564+0000] {dagbag.py:540} INFO - Filling up the DagBag from /home/airflow/.local/lib/python3.12/site-packages/airflow/example_dags/example_short_circuit_decorator.py
[2025-12-14T17:03:19.579+0000] {processor.py:840} INFO - DAG(s) 'example_short_circuit_decorator' retrieved from /home/airflow/.local/lib/python3.12/site-packages/airflow/example_dags/example_short_circuit_decorator.py
[2025-12-14T17:03:19.622+0000] {logging_mixin.py:188} INFO - [2025-12-14T17:03:19.621+0000] {dag.py:3096} INFO - Sync 1 DAGs
[2025-12-14T17:03:19.658+0000] {logging_mixin.py:188} INFO - [2025-12-14T17:03:19.658+0000] {dag.py:3954} INFO - Setting next_dagrun for example_short_circuit_decorator to 2025-12-13 00:00:00+00:00, run_after=2025-12-14 00:00:00+00:00
[2025-12-14T17:03:19.709+0000] {processor.py:183} INFO - Processing /home/airflow/.local/lib/python3.12/site-packages/airflow/example_dags/example_short_circuit_decorator.py took 0.157 seconds
[2025-12-14T17:03:50.716+0000] {processor.py:161} INFO - Started process (PID=247) to work on /home/airflow/.local/lib/python3.12/site-packages/airflow/example_dags/example_short_circuit_decorator.py
[2025-12-14T17:03:50.718+0000] {processor.py:830} INFO - Processing file /home/airflow/.local/lib/python3.12/site-packages/airflow/example_dags/example_short_circuit_decorator.py for tasks to queue
[2025-12-14T17:03:50.720+0000] {logging_mixin.py:188} INFO - [2025-12-14T17:03:50.720+0000] {dagbag.py:540} INFO - Filling up the DagBag from /home/airflow/.local/lib/python3.12/site-packages/airflow/example_dags/example_short_circuit_decorator.py
[2025-12-14T17:03:50.732+0000] {processor.py:840} INFO - DAG(s) 'example_short_circuit_decorator' retrieved from /home/airflow/.local/lib/python3.12/site-packages/airflow/example_dags/example_short_circuit_decorator.py
[2025-12-14T17:03:50.758+0000] {logging_mixin.py:188} INFO - [2025-12-14T17:03:50.758+0000] {dag.py:3096} INFO - Sync 1 DAGs
[2025-12-14T17:03:50.782+0000] {logging_mixin.py:188} INFO - [2025-12-14T17:03:50.782+0000] {dag.py:3954} INFO - Setting next_dagrun for example_short_circuit_decorator to 2025-12-13 00:00:00+00:00, run_after=2025-12-14 00:00:00+00:00
[2025-12-14T17:03:50.806+0000] {processor.py:183} INFO - Processing /home/airflow/.local/lib/python3.12/site-packages/airflow/example_dags/example_short_circuit_decorator.py took 0.097 seconds
[2025-12-14T17:04:20.916+0000] {processor.py:161} INFO - Started process (PID=318) to work on /home/airflow/.local/lib/python3.12/site-packages/airflow/example_dags/example_short_circuit_decorator.py
[2025-12-14T17:04:20.918+0000] {processor.py:830} INFO - Processing file /home/airflow/.local/lib/python3.12/site-packages/airflow/example_dags/example_short_circuit_decorator.py for tasks to queue
[2025-12-14T17:04:20.921+0000] {logging_mixin.py:188} INFO - [2025-12-14T17:04:20.920+0000] {dagbag.py:540} INFO - Filling up the DagBag from /home/airflow/.local/lib/python3.12/site-packages/airflow/example_dags/example_short_circuit_decorator.py
[2025-12-14T17:04:20.933+0000] {processor.py:840} INFO - DAG(s) 'example_short_circuit_decorator' retrieved from /home/airflow/.local/lib/python3.12/site-packages/airflow/example_dags/example_short_circuit_decorator.py
[2025-12-14T17:04:20.960+0000] {logging_mixin.py:188} INFO - [2025-12-14T17:04:20.959+0000] {dag.py:3096} INFO - Sync 1 DAGs
[2025-12-14T17:04:20.984+0000] {logging_mixin.py:188} INFO - [2025-12-14T17:04:20.984+0000] {dag.py:3954} INFO - Setting next_dagrun for example_short_circuit_decorator to 2025-12-13 00:00:00+00:00, run_after=2025-12-14 00:00:00+00:00
[2025-12-14T17:04:21.007+0000] {processor.py:183} INFO - Processing /home/airflow/.local/lib/python3.12/site-packages/airflow/example_dags/example_short_circuit_decorator.py took 0.101 seconds
[2025-12-14T17:07:14.335+0000] {processor.py:161} INFO - Started process (PID=109) to work on /home/airflow/.local/lib/python3.12/site-packages/airflow/example_dags/example_short_circuit_decorator.py
[2025-12-14T17:07:14.337+0000] {processor.py:830} INFO - Processing file /home/airflow/.local/lib/python3.12/site-packages/airflow/example_dags/example_short_circuit_decorator.py for tasks to queue
[2025-12-14T17:07:14.339+0000] {logging_mixin.py:188} INFO - [2025-12-14T17:07:14.339+0000] {dagbag.py:540} INFO - Filling up the DagBag from /home/airflow/.local/lib/python3.12/site-packages/airflow/example_dags/example_short_circuit_decorator.py
[2025-12-14T17:07:14.356+0000] {processor.py:840} INFO - DAG(s) 'example_short_circuit_decorator' retrieved from /home/airflow/.local/lib/python3.12/site-packages/airflow/example_dags/example_short_circuit_decorator.py
[2025-12-14T17:07:14.526+0000] {logging_mixin.py:188} INFO - [2025-12-14T17:07:14.526+0000] {dag.py:3096} INFO - Sync 1 DAGs
[2025-12-14T17:07:14.568+0000] {logging_mixin.py:188} INFO - [2025-12-14T17:07:14.568+0000] {dag.py:3954} INFO - Setting next_dagrun for example_short_circuit_decorator to 2025-12-13 00:00:00+00:00, run_after=2025-12-14 00:00:00+00:00
[2025-12-14T17:07:14.599+0000] {processor.py:183} INFO - Processing /home/airflow/.local/lib/python3.12/site-packages/airflow/example_dags/example_short_circuit_decorator.py took 0.270 seconds
[2025-12-14T17:07:45.149+0000] {processor.py:161} INFO - Started process (PID=169) to work on /home/airflow/.local/lib/python3.12/site-packages/airflow/example_dags/example_short_circuit_decorator.py
[2025-12-14T17:07:45.151+0000] {processor.py:830} INFO - Processing file /home/airflow/.local/lib/python3.12/site-packages/airflow/example_dags/example_short_circuit_decorator.py for tasks to queue
[2025-12-14T17:07:45.154+0000] {logging_mixin.py:188} INFO - [2025-12-14T17:07:45.154+0000] {dagbag.py:540} INFO - Filling up the DagBag from /home/airflow/.local/lib/python3.12/site-packages/airflow/example_dags/example_short_circuit_decorator.py
[2025-12-14T17:07:45.167+0000] {processor.py:840} INFO - DAG(s) 'example_short_circuit_decorator' retrieved from /home/airflow/.local/lib/python3.12/site-packages/airflow/example_dags/example_short_circuit_decorator.py
[2025-12-14T17:07:45.201+0000] {logging_mixin.py:188} INFO - [2025-12-14T17:07:45.200+0000] {dag.py:3096} INFO - Sync 1 DAGs
[2025-12-14T17:07:45.235+0000] {logging_mixin.py:188} INFO - [2025-12-14T17:07:45.235+0000] {dag.py:3954} INFO - Setting next_dagrun for example_short_circuit_decorator to 2025-12-13 00:00:00+00:00, run_after=2025-12-14 00:00:00+00:00
[2025-12-14T17:07:45.264+0000] {processor.py:183} INFO - Processing /home/airflow/.local/lib/python3.12/site-packages/airflow/example_dags/example_short_circuit_decorator.py took 0.124 seconds
[2025-12-14T17:08:16.181+0000] {processor.py:161} INFO - Started process (PID=238) to work on /home/airflow/.local/lib/python3.12/site-packages/airflow/example_dags/example_short_circuit_decorator.py
[2025-12-14T17:08:16.182+0000] {processor.py:830} INFO - Processing file /home/airflow/.local/lib/python3.12/site-packages/airflow/example_dags/example_short_circuit_decorator.py for tasks to queue
[2025-12-14T17:08:16.185+0000] {logging_mixin.py:188} INFO - [2025-12-14T17:08:16.184+0000] {dagbag.py:540} INFO - Filling up the DagBag from /home/airflow/.local/lib/python3.12/site-packages/airflow/example_dags/example_short_circuit_decorator.py
[2025-12-14T17:08:16.197+0000] {processor.py:840} INFO - DAG(s) 'example_short_circuit_decorator' retrieved from /home/airflow/.local/lib/python3.12/site-packages/airflow/example_dags/example_short_circuit_decorator.py
[2025-12-14T17:08:16.234+0000] {logging_mixin.py:188} INFO - [2025-12-14T17:08:16.234+0000] {dag.py:3096} INFO - Sync 1 DAGs
[2025-12-14T17:08:16.262+0000] {logging_mixin.py:188} INFO - [2025-12-14T17:08:16.262+0000] {dag.py:3954} INFO - Setting next_dagrun for example_short_circuit_decorator to 2025-12-13 00:00:00+00:00, run_after=2025-12-14 00:00:00+00:00
[2025-12-14T17:08:16.298+0000] {processor.py:183} INFO - Processing /home/airflow/.local/lib/python3.12/site-packages/airflow/example_dags/example_short_circuit_decorator.py took 0.125 seconds
[2025-12-14T17:08:47.126+0000] {processor.py:161} INFO - Started process (PID=310) to work on /home/airflow/.local/lib/python3.12/site-packages/airflow/example_dags/example_short_circuit_decorator.py
[2025-12-14T17:08:47.128+0000] {processor.py:830} INFO - Processing file /home/airflow/.local/lib/python3.12/site-packages/airflow/example_dags/example_short_circuit_decorator.py for tasks to queue
[2025-12-14T17:08:47.133+0000] {logging_mixin.py:188} INFO - [2025-12-14T17:08:47.132+0000] {dagbag.py:540} INFO - Filling up the DagBag from /home/airflow/.local/lib/python3.12/site-packages/airflow/example_dags/example_short_circuit_decorator.py
[2025-12-14T17:08:47.149+0000] {processor.py:840} INFO - DAG(s) 'example_short_circuit_decorator' retrieved from /home/airflow/.local/lib/python3.12/site-packages/airflow/example_dags/example_short_circuit_decorator.py
[2025-12-14T17:08:47.186+0000] {logging_mixin.py:188} INFO - [2025-12-14T17:08:47.185+0000] {dag.py:3096} INFO - Sync 1 DAGs
[2025-12-14T17:08:47.216+0000] {logging_mixin.py:188} INFO - [2025-12-14T17:08:47.215+0000] {dag.py:3954} INFO - Setting next_dagrun for example_short_circuit_decorator to 2025-12-13 00:00:00+00:00, run_after=2025-12-14 00:00:00+00:00
[2025-12-14T17:08:47.238+0000] {processor.py:183} INFO - Processing /home/airflow/.local/lib/python3.12/site-packages/airflow/example_dags/example_short_circuit_decorator.py took 0.125 seconds
[2025-12-14T17:09:17.521+0000] {processor.py:161} INFO - Started process (PID=381) to work on /home/airflow/.local/lib/python3.12/site-packages/airflow/example_dags/example_short_circuit_decorator.py
[2025-12-14T17:09:17.523+0000] {processor.py:830} INFO - Processing file /home/airflow/.local/lib/python3.12/site-packages/airflow/example_dags/example_short_circuit_decorator.py for tasks to queue
[2025-12-14T17:09:17.526+0000] {logging_mixin.py:188} INFO - [2025-12-14T17:09:17.525+0000] {dagbag.py:540} INFO - Filling up the DagBag from /home/airflow/.local/lib/python3.12/site-packages/airflow/example_dags/example_short_circuit_decorator.py
[2025-12-14T17:09:17.538+0000] {processor.py:840} INFO - DAG(s) 'example_short_circuit_decorator' retrieved from /home/airflow/.local/lib/python3.12/site-packages/airflow/example_dags/example_short_circuit_decorator.py
[2025-12-14T17:09:17.570+0000] {logging_mixin.py:188} INFO - [2025-12-14T17:09:17.569+0000] {dag.py:3096} INFO - Sync 1 DAGs
[2025-12-14T17:09:17.604+0000] {logging_mixin.py:188} INFO - [2025-12-14T17:09:17.604+0000] {dag.py:3954} INFO - Setting next_dagrun for example_short_circuit_decorator to 2025-12-13 00:00:00+00:00, run_after=2025-12-14 00:00:00+00:00
[2025-12-14T17:09:17.631+0000] {processor.py:183} INFO - Processing /home/airflow/.local/lib/python3.12/site-packages/airflow/example_dags/example_short_circuit_decorator.py took 0.118 seconds
[2025-12-14T17:09:47.940+0000] {processor.py:161} INFO - Started process (PID=452) to work on /home/airflow/.local/lib/python3.12/site-packages/airflow/example_dags/example_short_circuit_decorator.py
[2025-12-14T17:09:47.942+0000] {processor.py:830} INFO - Processing file /home/airflow/.local/lib/python3.12/site-packages/airflow/example_dags/example_short_circuit_decorator.py for tasks to queue
[2025-12-14T17:09:47.945+0000] {logging_mixin.py:188} INFO - [2025-12-14T17:09:47.944+0000] {dagbag.py:540} INFO - Filling up the DagBag from /home/airflow/.local/lib/python3.12/site-packages/airflow/example_dags/example_short_circuit_decorator.py
[2025-12-14T17:09:47.958+0000] {processor.py:840} INFO - DAG(s) 'example_short_circuit_decorator' retrieved from /home/airflow/.local/lib/python3.12/site-packages/airflow/example_dags/example_short_circuit_decorator.py
[2025-12-14T17:09:47.991+0000] {logging_mixin.py:188} INFO - [2025-12-14T17:09:47.990+0000] {dag.py:3096} INFO - Sync 1 DAGs
[2025-12-14T17:09:48.020+0000] {logging_mixin.py:188} INFO - [2025-12-14T17:09:48.020+0000] {dag.py:3954} INFO - Setting next_dagrun for example_short_circuit_decorator to 2025-12-13 00:00:00+00:00, run_after=2025-12-14 00:00:00+00:00
[2025-12-14T17:09:48.053+0000] {processor.py:183} INFO - Processing /home/airflow/.local/lib/python3.12/site-packages/airflow/example_dags/example_short_circuit_decorator.py took 0.119 seconds
[2025-12-14T17:10:18.480+0000] {processor.py:161} INFO - Started process (PID=536) to work on /home/airflow/.local/lib/python3.12/site-packages/airflow/example_dags/example_short_circuit_decorator.py
[2025-12-14T17:10:18.481+0000] {processor.py:830} INFO - Processing file /home/airflow/.local/lib/python3.12/site-packages/airflow/example_dags/example_short_circuit_decorator.py for tasks to queue
[2025-12-14T17:10:18.484+0000] {logging_mixin.py:188} INFO - [2025-12-14T17:10:18.484+0000] {dagbag.py:540} INFO - Filling up the DagBag from /home/airflow/.local/lib/python3.12/site-packages/airflow/example_dags/example_short_circuit_decorator.py
[2025-12-14T17:10:18.494+0000] {processor.py:840} INFO - DAG(s) 'example_short_circuit_decorator' retrieved from /home/airflow/.local/lib/python3.12/site-packages/airflow/example_dags/example_short_circuit_decorator.py
[2025-12-14T17:10:18.521+0000] {logging_mixin.py:188} INFO - [2025-12-14T17:10:18.521+0000] {dag.py:3096} INFO - Sync 1 DAGs
[2025-12-14T17:10:18.545+0000] {logging_mixin.py:188} INFO - [2025-12-14T17:10:18.545+0000] {dag.py:3954} INFO - Setting next_dagrun for example_short_circuit_decorator to 2025-12-13 00:00:00+00:00, run_after=2025-12-14 00:00:00+00:00
[2025-12-14T17:10:18.570+0000] {processor.py:183} INFO - Processing /home/airflow/.local/lib/python3.12/site-packages/airflow/example_dags/example_short_circuit_decorator.py took 0.098 seconds
[2025-12-14T17:10:48.815+0000] {processor.py:161} INFO - Started process (PID=607) to work on /home/airflow/.local/lib/python3.12/site-packages/airflow/example_dags/example_short_circuit_decorator.py
[2025-12-14T17:10:48.817+0000] {processor.py:830} INFO - Processing file /home/airflow/.local/lib/python3.12/site-packages/airflow/example_dags/example_short_circuit_decorator.py for tasks to queue
[2025-12-14T17:10:48.820+0000] {logging_mixin.py:188} INFO - [2025-12-14T17:10:48.820+0000] {dagbag.py:540} INFO - Filling up the DagBag from /home/airflow/.local/lib/python3.12/site-packages/airflow/example_dags/example_short_circuit_decorator.py
[2025-12-14T17:10:48.834+0000] {processor.py:840} INFO - DAG(s) 'example_short_circuit_decorator' retrieved from /home/airflow/.local/lib/python3.12/site-packages/airflow/example_dags/example_short_circuit_decorator.py
[2025-12-14T17:10:48.866+0000] {logging_mixin.py:188} INFO - [2025-12-14T17:10:48.866+0000] {dag.py:3096} INFO - Sync 1 DAGs
[2025-12-14T17:10:48.896+0000] {logging_mixin.py:188} INFO - [2025-12-14T17:10:48.895+0000] {dag.py:3954} INFO - Setting next_dagrun for example_short_circuit_decorator to 2025-12-13 00:00:00+00:00, run_after=2025-12-14 00:00:00+00:00
[2025-12-14T17:10:48.919+0000] {processor.py:183} INFO - Processing /home/airflow/.local/lib/python3.12/site-packages/airflow/example_dags/example_short_circuit_decorator.py took 0.113 seconds
[2025-12-14T17:11:19.377+0000] {processor.py:161} INFO - Started process (PID=678) to work on /home/airflow/.local/lib/python3.12/site-packages/airflow/example_dags/example_short_circuit_decorator.py
[2025-12-14T17:11:19.378+0000] {processor.py:830} INFO - Processing file /home/airflow/.local/lib/python3.12/site-packages/airflow/example_dags/example_short_circuit_decorator.py for tasks to queue
[2025-12-14T17:11:19.381+0000] {logging_mixin.py:188} INFO - [2025-12-14T17:11:19.381+0000] {dagbag.py:540} INFO - Filling up the DagBag from /home/airflow/.local/lib/python3.12/site-packages/airflow/example_dags/example_short_circuit_decorator.py
[2025-12-14T17:11:19.391+0000] {processor.py:840} INFO - DAG(s) 'example_short_circuit_decorator' retrieved from /home/airflow/.local/lib/python3.12/site-packages/airflow/example_dags/example_short_circuit_decorator.py
[2025-12-14T17:11:19.420+0000] {logging_mixin.py:188} INFO - [2025-12-14T17:11:19.419+0000] {dag.py:3096} INFO - Sync 1 DAGs
[2025-12-14T17:11:19.442+0000] {logging_mixin.py:188} INFO - [2025-12-14T17:11:19.442+0000] {dag.py:3954} INFO - Setting next_dagrun for example_short_circuit_decorator to 2025-12-13 00:00:00+00:00, run_after=2025-12-14 00:00:00+00:00
[2025-12-14T17:11:19.467+0000] {processor.py:183} INFO - Processing /home/airflow/.local/lib/python3.12/site-packages/airflow/example_dags/example_short_circuit_decorator.py took 0.098 seconds
[2025-12-14T17:11:49.602+0000] {processor.py:161} INFO - Started process (PID=749) to work on /home/airflow/.local/lib/python3.12/site-packages/airflow/example_dags/example_short_circuit_decorator.py
[2025-12-14T17:11:49.604+0000] {processor.py:830} INFO - Processing file /home/airflow/.local/lib/python3.12/site-packages/airflow/example_dags/example_short_circuit_decorator.py for tasks to queue
[2025-12-14T17:11:49.607+0000] {logging_mixin.py:188} INFO - [2025-12-14T17:11:49.607+0000] {dagbag.py:540} INFO - Filling up the DagBag from /home/airflow/.local/lib/python3.12/site-packages/airflow/example_dags/example_short_circuit_decorator.py
[2025-12-14T17:11:49.618+0000] {processor.py:840} INFO - DAG(s) 'example_short_circuit_decorator' retrieved from /home/airflow/.local/lib/python3.12/site-packages/airflow/example_dags/example_short_circuit_decorator.py
[2025-12-14T17:11:49.645+0000] {logging_mixin.py:188} INFO - [2025-12-14T17:11:49.645+0000] {dag.py:3096} INFO - Sync 1 DAGs
[2025-12-14T17:11:49.669+0000] {logging_mixin.py:188} INFO - [2025-12-14T17:11:49.668+0000] {dag.py:3954} INFO - Setting next_dagrun for example_short_circuit_decorator to 2025-12-13 00:00:00+00:00, run_after=2025-12-14 00:00:00+00:00
[2025-12-14T17:11:49.693+0000] {processor.py:183} INFO - Processing /home/airflow/.local/lib/python3.12/site-packages/airflow/example_dags/example_short_circuit_decorator.py took 0.098 seconds
[2025-12-14T17:12:19.968+0000] {processor.py:161} INFO - Started process (PID=820) to work on /home/airflow/.local/lib/python3.12/site-packages/airflow/example_dags/example_short_circuit_decorator.py
[2025-12-14T17:12:19.969+0000] {processor.py:830} INFO - Processing file /home/airflow/.local/lib/python3.12/site-packages/airflow/example_dags/example_short_circuit_decorator.py for tasks to queue
[2025-12-14T17:12:19.971+0000] {logging_mixin.py:188} INFO - [2025-12-14T17:12:19.971+0000] {dagbag.py:540} INFO - Filling up the DagBag from /home/airflow/.local/lib/python3.12/site-packages/airflow/example_dags/example_short_circuit_decorator.py
[2025-12-14T17:12:19.983+0000] {processor.py:840} INFO - DAG(s) 'example_short_circuit_decorator' retrieved from /home/airflow/.local/lib/python3.12/site-packages/airflow/example_dags/example_short_circuit_decorator.py
[2025-12-14T17:12:20.010+0000] {logging_mixin.py:188} INFO - [2025-12-14T17:12:20.010+0000] {dag.py:3096} INFO - Sync 1 DAGs
[2025-12-14T17:12:20.034+0000] {logging_mixin.py:188} INFO - [2025-12-14T17:12:20.034+0000] {dag.py:3954} INFO - Setting next_dagrun for example_short_circuit_decorator to 2025-12-13 00:00:00+00:00, run_after=2025-12-14 00:00:00+00:00
[2025-12-14T17:12:20.060+0000] {processor.py:183} INFO - Processing /home/airflow/.local/lib/python3.12/site-packages/airflow/example_dags/example_short_circuit_decorator.py took 0.099 seconds
[2025-12-14T17:12:50.510+0000] {processor.py:161} INFO - Started process (PID=892) to work on /home/airflow/.local/lib/python3.12/site-packages/airflow/example_dags/example_short_circuit_decorator.py
[2025-12-14T17:12:50.511+0000] {processor.py:830} INFO - Processing file /home/airflow/.local/lib/python3.12/site-packages/airflow/example_dags/example_short_circuit_decorator.py for tasks to queue
[2025-12-14T17:12:50.513+0000] {logging_mixin.py:188} INFO - [2025-12-14T17:12:50.513+0000] {dagbag.py:540} INFO - Filling up the DagBag from /home/airflow/.local/lib/python3.12/site-packages/airflow/example_dags/example_short_circuit_decorator.py
[2025-12-14T17:12:50.524+0000] {processor.py:840} INFO - DAG(s) 'example_short_circuit_decorator' retrieved from /home/airflow/.local/lib/python3.12/site-packages/airflow/example_dags/example_short_circuit_decorator.py
[2025-12-14T17:12:50.551+0000] {logging_mixin.py:188} INFO - [2025-12-14T17:12:50.551+0000] {dag.py:3096} INFO - Sync 1 DAGs
[2025-12-14T17:12:50.575+0000] {logging_mixin.py:188} INFO - [2025-12-14T17:12:50.575+0000] {dag.py:3954} INFO - Setting next_dagrun for example_short_circuit_decorator to 2025-12-13 00:00:00+00:00, run_after=2025-12-14 00:00:00+00:00
[2025-12-14T17:12:50.600+0000] {processor.py:183} INFO - Processing /home/airflow/.local/lib/python3.12/site-packages/airflow/example_dags/example_short_circuit_decorator.py took 0.097 seconds
[2025-12-14T17:13:20.684+0000] {processor.py:161} INFO - Started process (PID=963) to work on /home/airflow/.local/lib/python3.12/site-packages/airflow/example_dags/example_short_circuit_decorator.py
[2025-12-14T17:13:20.686+0000] {processor.py:830} INFO - Processing file /home/airflow/.local/lib/python3.12/site-packages/airflow/example_dags/example_short_circuit_decorator.py for tasks to queue
[2025-12-14T17:13:20.689+0000] {logging_mixin.py:188} INFO - [2025-12-14T17:13:20.689+0000] {dagbag.py:540} INFO - Filling up the DagBag from /home/airflow/.local/lib/python3.12/site-packages/airflow/example_dags/example_short_circuit_decorator.py
[2025-12-14T17:13:20.703+0000] {processor.py:840} INFO - DAG(s) 'example_short_circuit_decorator' retrieved from /home/airflow/.local/lib/python3.12/site-packages/airflow/example_dags/example_short_circuit_decorator.py
[2025-12-14T17:13:20.738+0000] {logging_mixin.py:188} INFO - [2025-12-14T17:13:20.738+0000] {dag.py:3096} INFO - Sync 1 DAGs
[2025-12-14T17:13:20.767+0000] {logging_mixin.py:188} INFO - [2025-12-14T17:13:20.767+0000] {dag.py:3954} INFO - Setting next_dagrun for example_short_circuit_decorator to 2025-12-13 00:00:00+00:00, run_after=2025-12-14 00:00:00+00:00
[2025-12-14T17:13:20.793+0000] {processor.py:183} INFO - Processing /home/airflow/.local/lib/python3.12/site-packages/airflow/example_dags/example_short_circuit_decorator.py took 0.120 seconds
[2025-12-14T17:13:51.669+0000] {processor.py:161} INFO - Started process (PID=1022) to work on /home/airflow/.local/lib/python3.12/site-packages/airflow/example_dags/example_short_circuit_decorator.py
[2025-12-14T17:13:51.670+0000] {processor.py:830} INFO - Processing file /home/airflow/.local/lib/python3.12/site-packages/airflow/example_dags/example_short_circuit_decorator.py for tasks to queue
[2025-12-14T17:13:51.672+0000] {logging_mixin.py:188} INFO - [2025-12-14T17:13:51.672+0000] {dagbag.py:540} INFO - Filling up the DagBag from /home/airflow/.local/lib/python3.12/site-packages/airflow/example_dags/example_short_circuit_decorator.py
[2025-12-14T17:13:51.683+0000] {processor.py:840} INFO - DAG(s) 'example_short_circuit_decorator' retrieved from /home/airflow/.local/lib/python3.12/site-packages/airflow/example_dags/example_short_circuit_decorator.py
[2025-12-14T17:13:51.710+0000] {logging_mixin.py:188} INFO - [2025-12-14T17:13:51.709+0000] {dag.py:3096} INFO - Sync 1 DAGs
[2025-12-14T17:13:51.893+0000] {logging_mixin.py:188} INFO - [2025-12-14T17:13:51.892+0000] {dag.py:3954} INFO - Setting next_dagrun for example_short_circuit_decorator to 2025-12-13 00:00:00+00:00, run_after=2025-12-14 00:00:00+00:00
[2025-12-14T17:13:51.917+0000] {processor.py:183} INFO - Processing /home/airflow/.local/lib/python3.12/site-packages/airflow/example_dags/example_short_circuit_decorator.py took 0.255 seconds
[2025-12-14T17:14:22.257+0000] {processor.py:161} INFO - Started process (PID=1093) to work on /home/airflow/.local/lib/python3.12/site-packages/airflow/example_dags/example_short_circuit_decorator.py
[2025-12-14T17:14:22.259+0000] {processor.py:830} INFO - Processing file /home/airflow/.local/lib/python3.12/site-packages/airflow/example_dags/example_short_circuit_decorator.py for tasks to queue
[2025-12-14T17:14:22.261+0000] {logging_mixin.py:188} INFO - [2025-12-14T17:14:22.261+0000] {dagbag.py:540} INFO - Filling up the DagBag from /home/airflow/.local/lib/python3.12/site-packages/airflow/example_dags/example_short_circuit_decorator.py
[2025-12-14T17:14:22.275+0000] {processor.py:840} INFO - DAG(s) 'example_short_circuit_decorator' retrieved from /home/airflow/.local/lib/python3.12/site-packages/airflow/example_dags/example_short_circuit_decorator.py
[2025-12-14T17:14:22.314+0000] {logging_mixin.py:188} INFO - [2025-12-14T17:14:22.314+0000] {dag.py:3096} INFO - Sync 1 DAGs
[2025-12-14T17:14:22.342+0000] {logging_mixin.py:188} INFO - [2025-12-14T17:14:22.341+0000] {dag.py:3954} INFO - Setting next_dagrun for example_short_circuit_decorator to 2025-12-13 00:00:00+00:00, run_after=2025-12-14 00:00:00+00:00
[2025-12-14T17:14:22.555+0000] {processor.py:183} INFO - Processing /home/airflow/.local/lib/python3.12/site-packages/airflow/example_dags/example_short_circuit_decorator.py took 0.306 seconds
[2025-12-14T17:14:52.910+0000] {processor.py:161} INFO - Started process (PID=1164) to work on /home/airflow/.local/lib/python3.12/site-packages/airflow/example_dags/example_short_circuit_decorator.py
[2025-12-14T17:14:52.912+0000] {processor.py:830} INFO - Processing file /home/airflow/.local/lib/python3.12/site-packages/airflow/example_dags/example_short_circuit_decorator.py for tasks to queue
[2025-12-14T17:14:52.914+0000] {logging_mixin.py:188} INFO - [2025-12-14T17:14:52.914+0000] {dagbag.py:540} INFO - Filling up the DagBag from /home/airflow/.local/lib/python3.12/site-packages/airflow/example_dags/example_short_circuit_decorator.py
[2025-12-14T17:14:52.924+0000] {processor.py:840} INFO - DAG(s) 'example_short_circuit_decorator' retrieved from /home/airflow/.local/lib/python3.12/site-packages/airflow/example_dags/example_short_circuit_decorator.py
[2025-12-14T17:14:52.952+0000] {logging_mixin.py:188} INFO - [2025-12-14T17:14:52.951+0000] {dag.py:3096} INFO - Sync 1 DAGs
[2025-12-14T17:14:52.975+0000] {logging_mixin.py:188} INFO - [2025-12-14T17:14:52.975+0000] {dag.py:3954} INFO - Setting next_dagrun for example_short_circuit_decorator to 2025-12-13 00:00:00+00:00, run_after=2025-12-14 00:00:00+00:00
[2025-12-14T17:14:52.999+0000] {processor.py:183} INFO - Processing /home/airflow/.local/lib/python3.12/site-packages/airflow/example_dags/example_short_circuit_decorator.py took 0.096 seconds
[2025-12-14T17:15:23.212+0000] {processor.py:161} INFO - Started process (PID=1236) to work on /home/airflow/.local/lib/python3.12/site-packages/airflow/example_dags/example_short_circuit_decorator.py
[2025-12-14T17:15:23.214+0000] {processor.py:830} INFO - Processing file /home/airflow/.local/lib/python3.12/site-packages/airflow/example_dags/example_short_circuit_decorator.py for tasks to queue
[2025-12-14T17:15:23.217+0000] {logging_mixin.py:188} INFO - [2025-12-14T17:15:23.216+0000] {dagbag.py:540} INFO - Filling up the DagBag from /home/airflow/.local/lib/python3.12/site-packages/airflow/example_dags/example_short_circuit_decorator.py
[2025-12-14T17:15:23.228+0000] {processor.py:840} INFO - DAG(s) 'example_short_circuit_decorator' retrieved from /home/airflow/.local/lib/python3.12/site-packages/airflow/example_dags/example_short_circuit_decorator.py
[2025-12-14T17:15:23.255+0000] {logging_mixin.py:188} INFO - [2025-12-14T17:15:23.255+0000] {dag.py:3096} INFO - Sync 1 DAGs
[2025-12-14T17:15:23.281+0000] {logging_mixin.py:188} INFO - [2025-12-14T17:15:23.281+0000] {dag.py:3954} INFO - Setting next_dagrun for example_short_circuit_decorator to 2025-12-13 00:00:00+00:00, run_after=2025-12-14 00:00:00+00:00
[2025-12-14T17:15:23.305+0000] {processor.py:183} INFO - Processing /home/airflow/.local/lib/python3.12/site-packages/airflow/example_dags/example_short_circuit_decorator.py took 0.099 seconds
[2025-12-14T17:15:53.682+0000] {processor.py:161} INFO - Started process (PID=1307) to work on /home/airflow/.local/lib/python3.12/site-packages/airflow/example_dags/example_short_circuit_decorator.py
[2025-12-14T17:15:53.684+0000] {processor.py:830} INFO - Processing file /home/airflow/.local/lib/python3.12/site-packages/airflow/example_dags/example_short_circuit_decorator.py for tasks to queue
[2025-12-14T17:15:53.690+0000] {logging_mixin.py:188} INFO - [2025-12-14T17:15:53.689+0000] {dagbag.py:540} INFO - Filling up the DagBag from /home/airflow/.local/lib/python3.12/site-packages/airflow/example_dags/example_short_circuit_decorator.py
[2025-12-14T17:15:53.709+0000] {processor.py:840} INFO - DAG(s) 'example_short_circuit_decorator' retrieved from /home/airflow/.local/lib/python3.12/site-packages/airflow/example_dags/example_short_circuit_decorator.py
[2025-12-14T17:15:53.748+0000] {logging_mixin.py:188} INFO - [2025-12-14T17:15:53.748+0000] {dag.py:3096} INFO - Sync 1 DAGs
[2025-12-14T17:15:53.781+0000] {logging_mixin.py:188} INFO - [2025-12-14T17:15:53.781+0000] {dag.py:3954} INFO - Setting next_dagrun for example_short_circuit_decorator to 2025-12-13 00:00:00+00:00, run_after=2025-12-14 00:00:00+00:00
[2025-12-14T17:15:53.812+0000] {processor.py:183} INFO - Processing /home/airflow/.local/lib/python3.12/site-packages/airflow/example_dags/example_short_circuit_decorator.py took 0.141 seconds
[2025-12-14T17:16:24.202+0000] {processor.py:161} INFO - Started process (PID=1378) to work on /home/airflow/.local/lib/python3.12/site-packages/airflow/example_dags/example_short_circuit_decorator.py
[2025-12-14T17:16:24.203+0000] {processor.py:830} INFO - Processing file /home/airflow/.local/lib/python3.12/site-packages/airflow/example_dags/example_short_circuit_decorator.py for tasks to queue
[2025-12-14T17:16:24.206+0000] {logging_mixin.py:188} INFO - [2025-12-14T17:16:24.205+0000] {dagbag.py:540} INFO - Filling up the DagBag from /home/airflow/.local/lib/python3.12/site-packages/airflow/example_dags/example_short_circuit_decorator.py
[2025-12-14T17:16:24.216+0000] {processor.py:840} INFO - DAG(s) 'example_short_circuit_decorator' retrieved from /home/airflow/.local/lib/python3.12/site-packages/airflow/example_dags/example_short_circuit_decorator.py
[2025-12-14T17:16:24.244+0000] {logging_mixin.py:188} INFO - [2025-12-14T17:16:24.244+0000] {dag.py:3096} INFO - Sync 1 DAGs
[2025-12-14T17:16:24.272+0000] {logging_mixin.py:188} INFO - [2025-12-14T17:16:24.272+0000] {dag.py:3954} INFO - Setting next_dagrun for example_short_circuit_decorator to 2025-12-13 00:00:00+00:00, run_after=2025-12-14 00:00:00+00:00
[2025-12-14T17:16:24.302+0000] {processor.py:183} INFO - Processing /home/airflow/.local/lib/python3.12/site-packages/airflow/example_dags/example_short_circuit_decorator.py took 0.107 seconds
[2025-12-14T17:16:54.476+0000] {processor.py:161} INFO - Started process (PID=1449) to work on /home/airflow/.local/lib/python3.12/site-packages/airflow/example_dags/example_short_circuit_decorator.py
[2025-12-14T17:16:54.477+0000] {processor.py:830} INFO - Processing file /home/airflow/.local/lib/python3.12/site-packages/airflow/example_dags/example_short_circuit_decorator.py for tasks to queue
[2025-12-14T17:16:54.480+0000] {logging_mixin.py:188} INFO - [2025-12-14T17:16:54.479+0000] {dagbag.py:540} INFO - Filling up the DagBag from /home/airflow/.local/lib/python3.12/site-packages/airflow/example_dags/example_short_circuit_decorator.py
[2025-12-14T17:16:54.492+0000] {processor.py:840} INFO - DAG(s) 'example_short_circuit_decorator' retrieved from /home/airflow/.local/lib/python3.12/site-packages/airflow/example_dags/example_short_circuit_decorator.py
[2025-12-14T17:16:54.519+0000] {logging_mixin.py:188} INFO - [2025-12-14T17:16:54.519+0000] {dag.py:3096} INFO - Sync 1 DAGs
[2025-12-14T17:16:54.544+0000] {logging_mixin.py:188} INFO - [2025-12-14T17:16:54.544+0000] {dag.py:3954} INFO - Setting next_dagrun for example_short_circuit_decorator to 2025-12-13 00:00:00+00:00, run_after=2025-12-14 00:00:00+00:00
[2025-12-14T17:16:54.567+0000] {processor.py:183} INFO - Processing /home/airflow/.local/lib/python3.12/site-packages/airflow/example_dags/example_short_circuit_decorator.py took 0.099 seconds
[2025-12-14T17:17:25.022+0000] {processor.py:161} INFO - Started process (PID=1520) to work on /home/airflow/.local/lib/python3.12/site-packages/airflow/example_dags/example_short_circuit_decorator.py
[2025-12-14T17:17:25.024+0000] {processor.py:830} INFO - Processing file /home/airflow/.local/lib/python3.12/site-packages/airflow/example_dags/example_short_circuit_decorator.py for tasks to queue
[2025-12-14T17:17:25.029+0000] {logging_mixin.py:188} INFO - [2025-12-14T17:17:25.028+0000] {dagbag.py:540} INFO - Filling up the DagBag from /home/airflow/.local/lib/python3.12/site-packages/airflow/example_dags/example_short_circuit_decorator.py
[2025-12-14T17:17:25.052+0000] {processor.py:840} INFO - DAG(s) 'example_short_circuit_decorator' retrieved from /home/airflow/.local/lib/python3.12/site-packages/airflow/example_dags/example_short_circuit_decorator.py
[2025-12-14T17:17:25.133+0000] {logging_mixin.py:188} INFO - [2025-12-14T17:17:25.132+0000] {dag.py:3096} INFO - Sync 1 DAGs
[2025-12-14T17:17:25.187+0000] {logging_mixin.py:188} INFO - [2025-12-14T17:17:25.186+0000] {dag.py:3954} INFO - Setting next_dagrun for example_short_circuit_decorator to 2025-12-13 00:00:00+00:00, run_after=2025-12-14 00:00:00+00:00
[2025-12-14T17:17:25.216+0000] {processor.py:183} INFO - Processing /home/airflow/.local/lib/python3.12/site-packages/airflow/example_dags/example_short_circuit_decorator.py took 0.208 seconds
[2025-12-14T17:17:55.484+0000] {processor.py:161} INFO - Started process (PID=1591) to work on /home/airflow/.local/lib/python3.12/site-packages/airflow/example_dags/example_short_circuit_decorator.py
[2025-12-14T17:17:55.485+0000] {processor.py:830} INFO - Processing file /home/airflow/.local/lib/python3.12/site-packages/airflow/example_dags/example_short_circuit_decorator.py for tasks to queue
[2025-12-14T17:17:55.487+0000] {logging_mixin.py:188} INFO - [2025-12-14T17:17:55.487+0000] {dagbag.py:540} INFO - Filling up the DagBag from /home/airflow/.local/lib/python3.12/site-packages/airflow/example_dags/example_short_circuit_decorator.py
[2025-12-14T17:17:55.497+0000] {processor.py:840} INFO - DAG(s) 'example_short_circuit_decorator' retrieved from /home/airflow/.local/lib/python3.12/site-packages/airflow/example_dags/example_short_circuit_decorator.py
[2025-12-14T17:17:55.524+0000] {logging_mixin.py:188} INFO - [2025-12-14T17:17:55.524+0000] {dag.py:3096} INFO - Sync 1 DAGs
[2025-12-14T17:17:55.548+0000] {logging_mixin.py:188} INFO - [2025-12-14T17:17:55.548+0000] {dag.py:3954} INFO - Setting next_dagrun for example_short_circuit_decorator to 2025-12-13 00:00:00+00:00, run_after=2025-12-14 00:00:00+00:00
[2025-12-14T17:17:55.575+0000] {processor.py:183} INFO - Processing /home/airflow/.local/lib/python3.12/site-packages/airflow/example_dags/example_short_circuit_decorator.py took 0.098 seconds
[2025-12-14T17:18:26.408+0000] {processor.py:161} INFO - Started process (PID=1662) to work on /home/airflow/.local/lib/python3.12/site-packages/airflow/example_dags/example_short_circuit_decorator.py
[2025-12-14T17:18:26.409+0000] {processor.py:830} INFO - Processing file /home/airflow/.local/lib/python3.12/site-packages/airflow/example_dags/example_short_circuit_decorator.py for tasks to queue
[2025-12-14T17:18:26.411+0000] {logging_mixin.py:188} INFO - [2025-12-14T17:18:26.411+0000] {dagbag.py:540} INFO - Filling up the DagBag from /home/airflow/.local/lib/python3.12/site-packages/airflow/example_dags/example_short_circuit_decorator.py
[2025-12-14T17:18:26.422+0000] {processor.py:840} INFO - DAG(s) 'example_short_circuit_decorator' retrieved from /home/airflow/.local/lib/python3.12/site-packages/airflow/example_dags/example_short_circuit_decorator.py
[2025-12-14T17:18:26.448+0000] {logging_mixin.py:188} INFO - [2025-12-14T17:18:26.448+0000] {dag.py:3096} INFO - Sync 1 DAGs
[2025-12-14T17:18:26.471+0000] {logging_mixin.py:188} INFO - [2025-12-14T17:18:26.471+0000] {dag.py:3954} INFO - Setting next_dagrun for example_short_circuit_decorator to 2025-12-13 00:00:00+00:00, run_after=2025-12-14 00:00:00+00:00
[2025-12-14T17:18:26.494+0000] {processor.py:183} INFO - Processing /home/airflow/.local/lib/python3.12/site-packages/airflow/example_dags/example_short_circuit_decorator.py took 0.096 seconds
[2025-12-14T17:18:56.897+0000] {processor.py:161} INFO - Started process (PID=1733) to work on /home/airflow/.local/lib/python3.12/site-packages/airflow/example_dags/example_short_circuit_decorator.py
[2025-12-14T17:18:56.898+0000] {processor.py:830} INFO - Processing file /home/airflow/.local/lib/python3.12/site-packages/airflow/example_dags/example_short_circuit_decorator.py for tasks to queue
[2025-12-14T17:18:56.900+0000] {logging_mixin.py:188} INFO - [2025-12-14T17:18:56.900+0000] {dagbag.py:540} INFO - Filling up the DagBag from /home/airflow/.local/lib/python3.12/site-packages/airflow/example_dags/example_short_circuit_decorator.py
[2025-12-14T17:18:56.910+0000] {processor.py:840} INFO - DAG(s) 'example_short_circuit_decorator' retrieved from /home/airflow/.local/lib/python3.12/site-packages/airflow/example_dags/example_short_circuit_decorator.py
[2025-12-14T17:18:56.942+0000] {logging_mixin.py:188} INFO - [2025-12-14T17:18:56.942+0000] {dag.py:3096} INFO - Sync 1 DAGs
[2025-12-14T17:18:56.967+0000] {logging_mixin.py:188} INFO - [2025-12-14T17:18:56.967+0000] {dag.py:3954} INFO - Setting next_dagrun for example_short_circuit_decorator to 2025-12-13 00:00:00+00:00, run_after=2025-12-14 00:00:00+00:00
[2025-12-14T17:18:56.991+0000] {processor.py:183} INFO - Processing /home/airflow/.local/lib/python3.12/site-packages/airflow/example_dags/example_short_circuit_decorator.py took 0.101 seconds
[2025-12-14T17:19:27.336+0000] {processor.py:161} INFO - Started process (PID=1804) to work on /home/airflow/.local/lib/python3.12/site-packages/airflow/example_dags/example_short_circuit_decorator.py
[2025-12-14T17:19:27.338+0000] {processor.py:830} INFO - Processing file /home/airflow/.local/lib/python3.12/site-packages/airflow/example_dags/example_short_circuit_decorator.py for tasks to queue
[2025-12-14T17:19:27.340+0000] {logging_mixin.py:188} INFO - [2025-12-14T17:19:27.340+0000] {dagbag.py:540} INFO - Filling up the DagBag from /home/airflow/.local/lib/python3.12/site-packages/airflow/example_dags/example_short_circuit_decorator.py
[2025-12-14T17:19:27.351+0000] {processor.py:840} INFO - DAG(s) 'example_short_circuit_decorator' retrieved from /home/airflow/.local/lib/python3.12/site-packages/airflow/example_dags/example_short_circuit_decorator.py
[2025-12-14T17:19:27.379+0000] {logging_mixin.py:188} INFO - [2025-12-14T17:19:27.379+0000] {dag.py:3096} INFO - Sync 1 DAGs
[2025-12-14T17:19:27.407+0000] {logging_mixin.py:188} INFO - [2025-12-14T17:19:27.407+0000] {dag.py:3954} INFO - Setting next_dagrun for example_short_circuit_decorator to 2025-12-13 00:00:00+00:00, run_after=2025-12-14 00:00:00+00:00
[2025-12-14T17:19:27.433+0000] {processor.py:183} INFO - Processing /home/airflow/.local/lib/python3.12/site-packages/airflow/example_dags/example_short_circuit_decorator.py took 0.104 seconds
[2025-12-14T17:19:58.332+0000] {processor.py:161} INFO - Started process (PID=1875) to work on /home/airflow/.local/lib/python3.12/site-packages/airflow/example_dags/example_short_circuit_decorator.py
[2025-12-14T17:19:58.334+0000] {processor.py:830} INFO - Processing file /home/airflow/.local/lib/python3.12/site-packages/airflow/example_dags/example_short_circuit_decorator.py for tasks to queue
[2025-12-14T17:19:58.336+0000] {logging_mixin.py:188} INFO - [2025-12-14T17:19:58.336+0000] {dagbag.py:540} INFO - Filling up the DagBag from /home/airflow/.local/lib/python3.12/site-packages/airflow/example_dags/example_short_circuit_decorator.py
[2025-12-14T17:19:58.347+0000] {processor.py:840} INFO - DAG(s) 'example_short_circuit_decorator' retrieved from /home/airflow/.local/lib/python3.12/site-packages/airflow/example_dags/example_short_circuit_decorator.py
[2025-12-14T17:19:58.375+0000] {logging_mixin.py:188} INFO - [2025-12-14T17:19:58.375+0000] {dag.py:3096} INFO - Sync 1 DAGs
[2025-12-14T17:19:58.402+0000] {logging_mixin.py:188} INFO - [2025-12-14T17:19:58.401+0000] {dag.py:3954} INFO - Setting next_dagrun for example_short_circuit_decorator to 2025-12-13 00:00:00+00:00, run_after=2025-12-14 00:00:00+00:00
[2025-12-14T17:19:58.427+0000] {processor.py:183} INFO - Processing /home/airflow/.local/lib/python3.12/site-packages/airflow/example_dags/example_short_circuit_decorator.py took 0.101 seconds
[2025-12-14T17:20:28.711+0000] {processor.py:161} INFO - Started process (PID=1946) to work on /home/airflow/.local/lib/python3.12/site-packages/airflow/example_dags/example_short_circuit_decorator.py
[2025-12-14T17:20:28.712+0000] {processor.py:830} INFO - Processing file /home/airflow/.local/lib/python3.12/site-packages/airflow/example_dags/example_short_circuit_decorator.py for tasks to queue
[2025-12-14T17:20:28.716+0000] {logging_mixin.py:188} INFO - [2025-12-14T17:20:28.715+0000] {dagbag.py:540} INFO - Filling up the DagBag from /home/airflow/.local/lib/python3.12/site-packages/airflow/example_dags/example_short_circuit_decorator.py
[2025-12-14T17:20:28.728+0000] {processor.py:840} INFO - DAG(s) 'example_short_circuit_decorator' retrieved from /home/airflow/.local/lib/python3.12/site-packages/airflow/example_dags/example_short_circuit_decorator.py
[2025-12-14T17:20:28.757+0000] {logging_mixin.py:188} INFO - [2025-12-14T17:20:28.756+0000] {dag.py:3096} INFO - Sync 1 DAGs
[2025-12-14T17:20:28.785+0000] {logging_mixin.py:188} INFO - [2025-12-14T17:20:28.784+0000] {dag.py:3954} INFO - Setting next_dagrun for example_short_circuit_decorator to 2025-12-13 00:00:00+00:00, run_after=2025-12-14 00:00:00+00:00
[2025-12-14T17:20:28.810+0000] {processor.py:183} INFO - Processing /home/airflow/.local/lib/python3.12/site-packages/airflow/example_dags/example_short_circuit_decorator.py took 0.107 seconds
