[2025-12-14T16:49:17.346+0000] {processor.py:161} INFO - Started process (PID=115) to work on /home/airflow/.local/lib/python3.12/site-packages/airflow/example_dags/example_latest_only_with_trigger.py
[2025-12-14T16:49:17.348+0000] {processor.py:830} INFO - Processing file /home/airflow/.local/lib/python3.12/site-packages/airflow/example_dags/example_latest_only_with_trigger.py for tasks to queue
[2025-12-14T16:49:17.350+0000] {logging_mixin.py:188} INFO - [2025-12-14T16:49:17.350+0000] {dagbag.py:540} INFO - Filling up the DagBag from /home/airflow/.local/lib/python3.12/site-packages/airflow/example_dags/example_latest_only_with_trigger.py
[2025-12-14T16:49:17.359+0000] {processor.py:840} INFO - DAG(s) 'latest_only_with_trigger' retrieved from /home/airflow/.local/lib/python3.12/site-packages/airflow/example_dags/example_latest_only_with_trigger.py
[2025-12-14T16:49:17.523+0000] {logging_mixin.py:188} INFO - [2025-12-14T16:49:17.523+0000] {dag.py:3096} INFO - Sync 1 DAGs
[2025-12-14T16:49:17.547+0000] {logging_mixin.py:188} INFO - [2025-12-14T16:49:17.547+0000] {dag.py:3954} INFO - Setting next_dagrun for latest_only_with_trigger to 2025-12-14 12:00:00+00:00, run_after=2025-12-14 16:00:00+00:00
[2025-12-14T16:49:17.576+0000] {processor.py:183} INFO - Processing /home/airflow/.local/lib/python3.12/site-packages/airflow/example_dags/example_latest_only_with_trigger.py took 0.238 seconds
[2025-12-14T16:49:48.076+0000] {processor.py:161} INFO - Started process (PID=180) to work on /home/airflow/.local/lib/python3.12/site-packages/airflow/example_dags/example_latest_only_with_trigger.py
[2025-12-14T16:49:48.078+0000] {processor.py:830} INFO - Processing file /home/airflow/.local/lib/python3.12/site-packages/airflow/example_dags/example_latest_only_with_trigger.py for tasks to queue
[2025-12-14T16:49:48.082+0000] {logging_mixin.py:188} INFO - [2025-12-14T16:49:48.081+0000] {dagbag.py:540} INFO - Filling up the DagBag from /home/airflow/.local/lib/python3.12/site-packages/airflow/example_dags/example_latest_only_with_trigger.py
[2025-12-14T16:49:48.090+0000] {processor.py:840} INFO - DAG(s) 'latest_only_with_trigger' retrieved from /home/airflow/.local/lib/python3.12/site-packages/airflow/example_dags/example_latest_only_with_trigger.py
[2025-12-14T16:49:48.128+0000] {logging_mixin.py:188} INFO - [2025-12-14T16:49:48.128+0000] {dag.py:3096} INFO - Sync 1 DAGs
[2025-12-14T16:49:48.164+0000] {logging_mixin.py:188} INFO - [2025-12-14T16:49:48.164+0000] {dag.py:3954} INFO - Setting next_dagrun for latest_only_with_trigger to 2025-12-14 12:00:00+00:00, run_after=2025-12-14 16:00:00+00:00
[2025-12-14T16:49:48.555+0000] {processor.py:183} INFO - Processing /home/airflow/.local/lib/python3.12/site-packages/airflow/example_dags/example_latest_only_with_trigger.py took 0.487 seconds
[2025-12-14T16:50:18.804+0000] {processor.py:161} INFO - Started process (PID=238) to work on /home/airflow/.local/lib/python3.12/site-packages/airflow/example_dags/example_latest_only_with_trigger.py
[2025-12-14T16:50:18.805+0000] {processor.py:830} INFO - Processing file /home/airflow/.local/lib/python3.12/site-packages/airflow/example_dags/example_latest_only_with_trigger.py for tasks to queue
[2025-12-14T16:50:18.807+0000] {logging_mixin.py:188} INFO - [2025-12-14T16:50:18.807+0000] {dagbag.py:540} INFO - Filling up the DagBag from /home/airflow/.local/lib/python3.12/site-packages/airflow/example_dags/example_latest_only_with_trigger.py
[2025-12-14T16:50:18.814+0000] {processor.py:840} INFO - DAG(s) 'latest_only_with_trigger' retrieved from /home/airflow/.local/lib/python3.12/site-packages/airflow/example_dags/example_latest_only_with_trigger.py
[2025-12-14T16:50:18.845+0000] {logging_mixin.py:188} INFO - [2025-12-14T16:50:18.845+0000] {dag.py:3096} INFO - Sync 1 DAGs
[2025-12-14T16:50:18.872+0000] {logging_mixin.py:188} INFO - [2025-12-14T16:50:18.872+0000] {dag.py:3954} INFO - Setting next_dagrun for latest_only_with_trigger to 2025-12-14 12:00:00+00:00, run_after=2025-12-14 16:00:00+00:00
[2025-12-14T16:50:18.898+0000] {processor.py:183} INFO - Processing /home/airflow/.local/lib/python3.12/site-packages/airflow/example_dags/example_latest_only_with_trigger.py took 0.102 seconds
[2025-12-14T16:50:49.927+0000] {processor.py:161} INFO - Started process (PID=303) to work on /home/airflow/.local/lib/python3.12/site-packages/airflow/example_dags/example_latest_only_with_trigger.py
[2025-12-14T16:50:49.932+0000] {processor.py:830} INFO - Processing file /home/airflow/.local/lib/python3.12/site-packages/airflow/example_dags/example_latest_only_with_trigger.py for tasks to queue
[2025-12-14T16:50:49.935+0000] {logging_mixin.py:188} INFO - [2025-12-14T16:50:49.934+0000] {dagbag.py:540} INFO - Filling up the DagBag from /home/airflow/.local/lib/python3.12/site-packages/airflow/example_dags/example_latest_only_with_trigger.py
[2025-12-14T16:50:49.943+0000] {processor.py:840} INFO - DAG(s) 'latest_only_with_trigger' retrieved from /home/airflow/.local/lib/python3.12/site-packages/airflow/example_dags/example_latest_only_with_trigger.py
[2025-12-14T16:50:49.976+0000] {logging_mixin.py:188} INFO - [2025-12-14T16:50:49.975+0000] {dag.py:3096} INFO - Sync 1 DAGs
[2025-12-14T16:50:50.017+0000] {logging_mixin.py:188} INFO - [2025-12-14T16:50:50.016+0000] {dag.py:3954} INFO - Setting next_dagrun for latest_only_with_trigger to 2025-12-14 12:00:00+00:00, run_after=2025-12-14 16:00:00+00:00
[2025-12-14T16:50:50.051+0000] {processor.py:183} INFO - Processing /home/airflow/.local/lib/python3.12/site-packages/airflow/example_dags/example_latest_only_with_trigger.py took 0.136 seconds
[2025-12-14T16:51:20.944+0000] {processor.py:161} INFO - Started process (PID=361) to work on /home/airflow/.local/lib/python3.12/site-packages/airflow/example_dags/example_latest_only_with_trigger.py
[2025-12-14T16:51:20.946+0000] {processor.py:830} INFO - Processing file /home/airflow/.local/lib/python3.12/site-packages/airflow/example_dags/example_latest_only_with_trigger.py for tasks to queue
[2025-12-14T16:51:20.949+0000] {logging_mixin.py:188} INFO - [2025-12-14T16:51:20.949+0000] {dagbag.py:540} INFO - Filling up the DagBag from /home/airflow/.local/lib/python3.12/site-packages/airflow/example_dags/example_latest_only_with_trigger.py
[2025-12-14T16:51:20.957+0000] {processor.py:840} INFO - DAG(s) 'latest_only_with_trigger' retrieved from /home/airflow/.local/lib/python3.12/site-packages/airflow/example_dags/example_latest_only_with_trigger.py
[2025-12-14T16:51:20.989+0000] {logging_mixin.py:188} INFO - [2025-12-14T16:51:20.989+0000] {dag.py:3096} INFO - Sync 1 DAGs
[2025-12-14T16:51:21.016+0000] {logging_mixin.py:188} INFO - [2025-12-14T16:51:21.016+0000] {dag.py:3954} INFO - Setting next_dagrun for latest_only_with_trigger to 2025-12-14 12:00:00+00:00, run_after=2025-12-14 16:00:00+00:00
[2025-12-14T16:51:21.294+0000] {processor.py:183} INFO - Processing /home/airflow/.local/lib/python3.12/site-packages/airflow/example_dags/example_latest_only_with_trigger.py took 0.358 seconds
[2025-12-14T16:51:51.568+0000] {processor.py:161} INFO - Started process (PID=419) to work on /home/airflow/.local/lib/python3.12/site-packages/airflow/example_dags/example_latest_only_with_trigger.py
[2025-12-14T16:51:51.570+0000] {processor.py:830} INFO - Processing file /home/airflow/.local/lib/python3.12/site-packages/airflow/example_dags/example_latest_only_with_trigger.py for tasks to queue
[2025-12-14T16:51:51.573+0000] {logging_mixin.py:188} INFO - [2025-12-14T16:51:51.573+0000] {dagbag.py:540} INFO - Filling up the DagBag from /home/airflow/.local/lib/python3.12/site-packages/airflow/example_dags/example_latest_only_with_trigger.py
[2025-12-14T16:51:51.580+0000] {processor.py:840} INFO - DAG(s) 'latest_only_with_trigger' retrieved from /home/airflow/.local/lib/python3.12/site-packages/airflow/example_dags/example_latest_only_with_trigger.py
[2025-12-14T16:51:51.607+0000] {logging_mixin.py:188} INFO - [2025-12-14T16:51:51.607+0000] {dag.py:3096} INFO - Sync 1 DAGs
[2025-12-14T16:51:51.633+0000] {logging_mixin.py:188} INFO - [2025-12-14T16:51:51.633+0000] {dag.py:3954} INFO - Setting next_dagrun for latest_only_with_trigger to 2025-12-14 12:00:00+00:00, run_after=2025-12-14 16:00:00+00:00
[2025-12-14T16:51:51.662+0000] {processor.py:183} INFO - Processing /home/airflow/.local/lib/python3.12/site-packages/airflow/example_dags/example_latest_only_with_trigger.py took 0.102 seconds
[2025-12-14T16:52:22.031+0000] {processor.py:161} INFO - Started process (PID=477) to work on /home/airflow/.local/lib/python3.12/site-packages/airflow/example_dags/example_latest_only_with_trigger.py
[2025-12-14T16:52:22.033+0000] {processor.py:830} INFO - Processing file /home/airflow/.local/lib/python3.12/site-packages/airflow/example_dags/example_latest_only_with_trigger.py for tasks to queue
[2025-12-14T16:52:22.035+0000] {logging_mixin.py:188} INFO - [2025-12-14T16:52:22.035+0000] {dagbag.py:540} INFO - Filling up the DagBag from /home/airflow/.local/lib/python3.12/site-packages/airflow/example_dags/example_latest_only_with_trigger.py
[2025-12-14T16:52:22.043+0000] {processor.py:840} INFO - DAG(s) 'latest_only_with_trigger' retrieved from /home/airflow/.local/lib/python3.12/site-packages/airflow/example_dags/example_latest_only_with_trigger.py
[2025-12-14T16:52:22.072+0000] {logging_mixin.py:188} INFO - [2025-12-14T16:52:22.072+0000] {dag.py:3096} INFO - Sync 1 DAGs
[2025-12-14T16:52:22.101+0000] {logging_mixin.py:188} INFO - [2025-12-14T16:52:22.101+0000] {dag.py:3954} INFO - Setting next_dagrun for latest_only_with_trigger to 2025-12-14 12:00:00+00:00, run_after=2025-12-14 16:00:00+00:00
[2025-12-14T16:52:22.129+0000] {processor.py:183} INFO - Processing /home/airflow/.local/lib/python3.12/site-packages/airflow/example_dags/example_latest_only_with_trigger.py took 0.107 seconds
[2025-12-14T16:55:13.804+0000] {processor.py:161} INFO - Started process (PID=168) to work on /home/airflow/.local/lib/python3.12/site-packages/airflow/example_dags/example_latest_only_with_trigger.py
[2025-12-14T16:55:13.806+0000] {processor.py:830} INFO - Processing file /home/airflow/.local/lib/python3.12/site-packages/airflow/example_dags/example_latest_only_with_trigger.py for tasks to queue
[2025-12-14T16:55:13.810+0000] {logging_mixin.py:188} INFO - [2025-12-14T16:55:13.809+0000] {dagbag.py:540} INFO - Filling up the DagBag from /home/airflow/.local/lib/python3.12/site-packages/airflow/example_dags/example_latest_only_with_trigger.py
[2025-12-14T16:55:13.819+0000] {processor.py:840} INFO - DAG(s) 'latest_only_with_trigger' retrieved from /home/airflow/.local/lib/python3.12/site-packages/airflow/example_dags/example_latest_only_with_trigger.py
[2025-12-14T16:55:13.995+0000] {logging_mixin.py:188} INFO - [2025-12-14T16:55:13.995+0000] {dag.py:3096} INFO - Sync 1 DAGs
[2025-12-14T16:55:14.022+0000] {logging_mixin.py:188} INFO - [2025-12-14T16:55:14.021+0000] {dag.py:3954} INFO - Setting next_dagrun for latest_only_with_trigger to 2025-12-14 12:00:00+00:00, run_after=2025-12-14 16:00:00+00:00
[2025-12-14T16:55:14.052+0000] {processor.py:183} INFO - Processing /home/airflow/.local/lib/python3.12/site-packages/airflow/example_dags/example_latest_only_with_trigger.py took 0.256 seconds
[2025-12-14T16:55:44.192+0000] {processor.py:161} INFO - Started process (PID=240) to work on /home/airflow/.local/lib/python3.12/site-packages/airflow/example_dags/example_latest_only_with_trigger.py
[2025-12-14T16:55:44.194+0000] {processor.py:830} INFO - Processing file /home/airflow/.local/lib/python3.12/site-packages/airflow/example_dags/example_latest_only_with_trigger.py for tasks to queue
[2025-12-14T16:55:44.197+0000] {logging_mixin.py:188} INFO - [2025-12-14T16:55:44.196+0000] {dagbag.py:540} INFO - Filling up the DagBag from /home/airflow/.local/lib/python3.12/site-packages/airflow/example_dags/example_latest_only_with_trigger.py
[2025-12-14T16:55:44.204+0000] {processor.py:840} INFO - DAG(s) 'latest_only_with_trigger' retrieved from /home/airflow/.local/lib/python3.12/site-packages/airflow/example_dags/example_latest_only_with_trigger.py
[2025-12-14T16:55:44.231+0000] {logging_mixin.py:188} INFO - [2025-12-14T16:55:44.231+0000] {dag.py:3096} INFO - Sync 1 DAGs
[2025-12-14T16:55:44.258+0000] {logging_mixin.py:188} INFO - [2025-12-14T16:55:44.257+0000] {dag.py:3954} INFO - Setting next_dagrun for latest_only_with_trigger to 2025-12-14 12:00:00+00:00, run_after=2025-12-14 16:00:00+00:00
[2025-12-14T16:55:44.287+0000] {processor.py:183} INFO - Processing /home/airflow/.local/lib/python3.12/site-packages/airflow/example_dags/example_latest_only_with_trigger.py took 0.102 seconds
[2025-12-14T16:56:15.045+0000] {processor.py:161} INFO - Started process (PID=311) to work on /home/airflow/.local/lib/python3.12/site-packages/airflow/example_dags/example_latest_only_with_trigger.py
[2025-12-14T16:56:15.047+0000] {processor.py:830} INFO - Processing file /home/airflow/.local/lib/python3.12/site-packages/airflow/example_dags/example_latest_only_with_trigger.py for tasks to queue
[2025-12-14T16:56:15.049+0000] {logging_mixin.py:188} INFO - [2025-12-14T16:56:15.049+0000] {dagbag.py:540} INFO - Filling up the DagBag from /home/airflow/.local/lib/python3.12/site-packages/airflow/example_dags/example_latest_only_with_trigger.py
[2025-12-14T16:56:15.058+0000] {processor.py:840} INFO - DAG(s) 'latest_only_with_trigger' retrieved from /home/airflow/.local/lib/python3.12/site-packages/airflow/example_dags/example_latest_only_with_trigger.py
[2025-12-14T16:56:15.084+0000] {logging_mixin.py:188} INFO - [2025-12-14T16:56:15.084+0000] {dag.py:3096} INFO - Sync 1 DAGs
[2025-12-14T16:56:15.108+0000] {logging_mixin.py:188} INFO - [2025-12-14T16:56:15.108+0000] {dag.py:3954} INFO - Setting next_dagrun for latest_only_with_trigger to 2025-12-14 12:00:00+00:00, run_after=2025-12-14 16:00:00+00:00
[2025-12-14T16:56:15.130+0000] {processor.py:183} INFO - Processing /home/airflow/.local/lib/python3.12/site-packages/airflow/example_dags/example_latest_only_with_trigger.py took 0.092 seconds
[2025-12-14T16:56:46.104+0000] {processor.py:161} INFO - Started process (PID=383) to work on /home/airflow/.local/lib/python3.12/site-packages/airflow/example_dags/example_latest_only_with_trigger.py
[2025-12-14T16:56:46.106+0000] {processor.py:830} INFO - Processing file /home/airflow/.local/lib/python3.12/site-packages/airflow/example_dags/example_latest_only_with_trigger.py for tasks to queue
[2025-12-14T16:56:46.109+0000] {logging_mixin.py:188} INFO - [2025-12-14T16:56:46.108+0000] {dagbag.py:540} INFO - Filling up the DagBag from /home/airflow/.local/lib/python3.12/site-packages/airflow/example_dags/example_latest_only_with_trigger.py
[2025-12-14T16:56:46.118+0000] {processor.py:840} INFO - DAG(s) 'latest_only_with_trigger' retrieved from /home/airflow/.local/lib/python3.12/site-packages/airflow/example_dags/example_latest_only_with_trigger.py
[2025-12-14T16:56:46.152+0000] {logging_mixin.py:188} INFO - [2025-12-14T16:56:46.152+0000] {dag.py:3096} INFO - Sync 1 DAGs
[2025-12-14T16:56:46.186+0000] {logging_mixin.py:188} INFO - [2025-12-14T16:56:46.186+0000] {dag.py:3954} INFO - Setting next_dagrun for latest_only_with_trigger to 2025-12-14 12:00:00+00:00, run_after=2025-12-14 16:00:00+00:00
[2025-12-14T16:56:46.224+0000] {processor.py:183} INFO - Processing /home/airflow/.local/lib/python3.12/site-packages/airflow/example_dags/example_latest_only_with_trigger.py took 0.129 seconds
[2025-12-14T16:57:16.870+0000] {processor.py:161} INFO - Started process (PID=454) to work on /home/airflow/.local/lib/python3.12/site-packages/airflow/example_dags/example_latest_only_with_trigger.py
[2025-12-14T16:57:16.871+0000] {processor.py:830} INFO - Processing file /home/airflow/.local/lib/python3.12/site-packages/airflow/example_dags/example_latest_only_with_trigger.py for tasks to queue
[2025-12-14T16:57:16.875+0000] {logging_mixin.py:188} INFO - [2025-12-14T16:57:16.874+0000] {dagbag.py:540} INFO - Filling up the DagBag from /home/airflow/.local/lib/python3.12/site-packages/airflow/example_dags/example_latest_only_with_trigger.py
[2025-12-14T16:57:16.883+0000] {processor.py:840} INFO - DAG(s) 'latest_only_with_trigger' retrieved from /home/airflow/.local/lib/python3.12/site-packages/airflow/example_dags/example_latest_only_with_trigger.py
[2025-12-14T16:57:16.910+0000] {logging_mixin.py:188} INFO - [2025-12-14T16:57:16.909+0000] {dag.py:3096} INFO - Sync 1 DAGs
[2025-12-14T16:57:16.938+0000] {logging_mixin.py:188} INFO - [2025-12-14T16:57:16.938+0000] {dag.py:3954} INFO - Setting next_dagrun for latest_only_with_trigger to 2025-12-14 12:00:00+00:00, run_after=2025-12-14 16:00:00+00:00
[2025-12-14T16:57:16.963+0000] {processor.py:183} INFO - Processing /home/airflow/.local/lib/python3.12/site-packages/airflow/example_dags/example_latest_only_with_trigger.py took 0.102 seconds
[2025-12-14T16:58:37.938+0000] {processor.py:161} INFO - Started process (PID=117) to work on /home/airflow/.local/lib/python3.12/site-packages/airflow/example_dags/example_latest_only_with_trigger.py
[2025-12-14T16:58:37.940+0000] {processor.py:830} INFO - Processing file /home/airflow/.local/lib/python3.12/site-packages/airflow/example_dags/example_latest_only_with_trigger.py for tasks to queue
[2025-12-14T16:58:37.943+0000] {logging_mixin.py:188} INFO - [2025-12-14T16:58:37.943+0000] {dagbag.py:540} INFO - Filling up the DagBag from /home/airflow/.local/lib/python3.12/site-packages/airflow/example_dags/example_latest_only_with_trigger.py
[2025-12-14T16:58:37.956+0000] {processor.py:840} INFO - DAG(s) 'latest_only_with_trigger' retrieved from /home/airflow/.local/lib/python3.12/site-packages/airflow/example_dags/example_latest_only_with_trigger.py
[2025-12-14T16:58:38.103+0000] {logging_mixin.py:188} INFO - [2025-12-14T16:58:38.103+0000] {dag.py:3096} INFO - Sync 1 DAGs
[2025-12-14T16:58:38.126+0000] {logging_mixin.py:188} INFO - [2025-12-14T16:58:38.126+0000] {dag.py:3954} INFO - Setting next_dagrun for latest_only_with_trigger to 2025-12-14 12:00:00+00:00, run_after=2025-12-14 16:00:00+00:00
[2025-12-14T16:58:38.152+0000] {processor.py:183} INFO - Processing /home/airflow/.local/lib/python3.12/site-packages/airflow/example_dags/example_latest_only_with_trigger.py took 0.223 seconds
[2025-12-14T16:59:08.460+0000] {processor.py:161} INFO - Started process (PID=177) to work on /home/airflow/.local/lib/python3.12/site-packages/airflow/example_dags/example_latest_only_with_trigger.py
[2025-12-14T16:59:08.461+0000] {processor.py:830} INFO - Processing file /home/airflow/.local/lib/python3.12/site-packages/airflow/example_dags/example_latest_only_with_trigger.py for tasks to queue
[2025-12-14T16:59:08.463+0000] {logging_mixin.py:188} INFO - [2025-12-14T16:59:08.463+0000] {dagbag.py:540} INFO - Filling up the DagBag from /home/airflow/.local/lib/python3.12/site-packages/airflow/example_dags/example_latest_only_with_trigger.py
[2025-12-14T16:59:08.470+0000] {processor.py:840} INFO - DAG(s) 'latest_only_with_trigger' retrieved from /home/airflow/.local/lib/python3.12/site-packages/airflow/example_dags/example_latest_only_with_trigger.py
[2025-12-14T16:59:08.494+0000] {logging_mixin.py:188} INFO - [2025-12-14T16:59:08.494+0000] {dag.py:3096} INFO - Sync 1 DAGs
[2025-12-14T16:59:08.523+0000] {logging_mixin.py:188} INFO - [2025-12-14T16:59:08.522+0000] {dag.py:3954} INFO - Setting next_dagrun for latest_only_with_trigger to 2025-12-14 12:00:00+00:00, run_after=2025-12-14 16:00:00+00:00
[2025-12-14T16:59:08.547+0000] {processor.py:183} INFO - Processing /home/airflow/.local/lib/python3.12/site-packages/airflow/example_dags/example_latest_only_with_trigger.py took 0.095 seconds
[2025-12-14T16:59:38.826+0000] {processor.py:161} INFO - Started process (PID=237) to work on /home/airflow/.local/lib/python3.12/site-packages/airflow/example_dags/example_latest_only_with_trigger.py
[2025-12-14T16:59:38.828+0000] {processor.py:830} INFO - Processing file /home/airflow/.local/lib/python3.12/site-packages/airflow/example_dags/example_latest_only_with_trigger.py for tasks to queue
[2025-12-14T16:59:38.830+0000] {logging_mixin.py:188} INFO - [2025-12-14T16:59:38.829+0000] {dagbag.py:540} INFO - Filling up the DagBag from /home/airflow/.local/lib/python3.12/site-packages/airflow/example_dags/example_latest_only_with_trigger.py
[2025-12-14T16:59:38.839+0000] {processor.py:840} INFO - DAG(s) 'latest_only_with_trigger' retrieved from /home/airflow/.local/lib/python3.12/site-packages/airflow/example_dags/example_latest_only_with_trigger.py
[2025-12-14T16:59:38.871+0000] {logging_mixin.py:188} INFO - [2025-12-14T16:59:38.871+0000] {dag.py:3096} INFO - Sync 1 DAGs
[2025-12-14T16:59:38.912+0000] {logging_mixin.py:188} INFO - [2025-12-14T16:59:38.912+0000] {dag.py:3954} INFO - Setting next_dagrun for latest_only_with_trigger to 2025-12-14 12:00:00+00:00, run_after=2025-12-14 16:00:00+00:00
[2025-12-14T16:59:38.937+0000] {processor.py:183} INFO - Processing /home/airflow/.local/lib/python3.12/site-packages/airflow/example_dags/example_latest_only_with_trigger.py took 0.121 seconds
[2025-12-14T17:00:09.295+0000] {processor.py:161} INFO - Started process (PID=297) to work on /home/airflow/.local/lib/python3.12/site-packages/airflow/example_dags/example_latest_only_with_trigger.py
[2025-12-14T17:00:09.296+0000] {processor.py:830} INFO - Processing file /home/airflow/.local/lib/python3.12/site-packages/airflow/example_dags/example_latest_only_with_trigger.py for tasks to queue
[2025-12-14T17:00:09.298+0000] {logging_mixin.py:188} INFO - [2025-12-14T17:00:09.297+0000] {dagbag.py:540} INFO - Filling up the DagBag from /home/airflow/.local/lib/python3.12/site-packages/airflow/example_dags/example_latest_only_with_trigger.py
[2025-12-14T17:00:09.308+0000] {processor.py:840} INFO - DAG(s) 'latest_only_with_trigger' retrieved from /home/airflow/.local/lib/python3.12/site-packages/airflow/example_dags/example_latest_only_with_trigger.py
[2025-12-14T17:00:09.335+0000] {logging_mixin.py:188} INFO - [2025-12-14T17:00:09.335+0000] {dag.py:3096} INFO - Sync 1 DAGs
[2025-12-14T17:00:09.365+0000] {logging_mixin.py:188} INFO - [2025-12-14T17:00:09.364+0000] {dag.py:3954} INFO - Setting next_dagrun for latest_only_with_trigger to 2025-12-14 12:00:00+00:00, run_after=2025-12-14 16:00:00+00:00
[2025-12-14T17:00:09.390+0000] {processor.py:183} INFO - Processing /home/airflow/.local/lib/python3.12/site-packages/airflow/example_dags/example_latest_only_with_trigger.py took 0.102 seconds
[2025-12-14T17:00:41.827+0000] {processor.py:161} INFO - Started process (PID=357) to work on /home/airflow/.local/lib/python3.12/site-packages/airflow/example_dags/example_latest_only_with_trigger.py
[2025-12-14T17:00:41.829+0000] {processor.py:830} INFO - Processing file /home/airflow/.local/lib/python3.12/site-packages/airflow/example_dags/example_latest_only_with_trigger.py for tasks to queue
[2025-12-14T17:00:41.831+0000] {logging_mixin.py:188} INFO - [2025-12-14T17:00:41.830+0000] {dagbag.py:540} INFO - Filling up the DagBag from /home/airflow/.local/lib/python3.12/site-packages/airflow/example_dags/example_latest_only_with_trigger.py
[2025-12-14T17:00:41.841+0000] {processor.py:840} INFO - DAG(s) 'latest_only_with_trigger' retrieved from /home/airflow/.local/lib/python3.12/site-packages/airflow/example_dags/example_latest_only_with_trigger.py
[2025-12-14T17:00:41.870+0000] {logging_mixin.py:188} INFO - [2025-12-14T17:00:41.869+0000] {dag.py:3096} INFO - Sync 1 DAGs
[2025-12-14T17:00:41.906+0000] {logging_mixin.py:188} INFO - [2025-12-14T17:00:41.905+0000] {dag.py:3954} INFO - Setting next_dagrun for latest_only_with_trigger to 2025-12-14 12:00:00+00:00, run_after=2025-12-14 16:00:00+00:00
[2025-12-14T17:00:41.931+0000] {processor.py:183} INFO - Processing /home/airflow/.local/lib/python3.12/site-packages/airflow/example_dags/example_latest_only_with_trigger.py took 0.114 seconds
[2025-12-14T17:02:58.016+0000] {processor.py:161} INFO - Started process (PID=155) to work on /home/airflow/.local/lib/python3.12/site-packages/airflow/example_dags/example_latest_only_with_trigger.py
[2025-12-14T17:02:58.018+0000] {processor.py:830} INFO - Processing file /home/airflow/.local/lib/python3.12/site-packages/airflow/example_dags/example_latest_only_with_trigger.py for tasks to queue
[2025-12-14T17:02:58.022+0000] {logging_mixin.py:188} INFO - [2025-12-14T17:02:58.022+0000] {dagbag.py:540} INFO - Filling up the DagBag from /home/airflow/.local/lib/python3.12/site-packages/airflow/example_dags/example_latest_only_with_trigger.py
[2025-12-14T17:02:58.033+0000] {processor.py:840} INFO - DAG(s) 'latest_only_with_trigger' retrieved from /home/airflow/.local/lib/python3.12/site-packages/airflow/example_dags/example_latest_only_with_trigger.py
[2025-12-14T17:02:58.231+0000] {logging_mixin.py:188} INFO - [2025-12-14T17:02:58.230+0000] {dag.py:3096} INFO - Sync 1 DAGs
[2025-12-14T17:02:58.305+0000] {logging_mixin.py:188} INFO - [2025-12-14T17:02:58.305+0000] {dag.py:3954} INFO - Setting next_dagrun for latest_only_with_trigger to 2025-12-14 12:00:00+00:00, run_after=2025-12-14 16:00:00+00:00
[2025-12-14T17:02:58.387+0000] {processor.py:183} INFO - Processing /home/airflow/.local/lib/python3.12/site-packages/airflow/example_dags/example_latest_only_with_trigger.py took 0.395 seconds
[2025-12-14T17:03:28.576+0000] {processor.py:161} INFO - Started process (PID=226) to work on /home/airflow/.local/lib/python3.12/site-packages/airflow/example_dags/example_latest_only_with_trigger.py
[2025-12-14T17:03:28.578+0000] {processor.py:830} INFO - Processing file /home/airflow/.local/lib/python3.12/site-packages/airflow/example_dags/example_latest_only_with_trigger.py for tasks to queue
[2025-12-14T17:03:28.580+0000] {logging_mixin.py:188} INFO - [2025-12-14T17:03:28.580+0000] {dagbag.py:540} INFO - Filling up the DagBag from /home/airflow/.local/lib/python3.12/site-packages/airflow/example_dags/example_latest_only_with_trigger.py
[2025-12-14T17:03:28.587+0000] {processor.py:840} INFO - DAG(s) 'latest_only_with_trigger' retrieved from /home/airflow/.local/lib/python3.12/site-packages/airflow/example_dags/example_latest_only_with_trigger.py
[2025-12-14T17:03:28.614+0000] {logging_mixin.py:188} INFO - [2025-12-14T17:03:28.613+0000] {dag.py:3096} INFO - Sync 1 DAGs
[2025-12-14T17:03:28.640+0000] {logging_mixin.py:188} INFO - [2025-12-14T17:03:28.640+0000] {dag.py:3954} INFO - Setting next_dagrun for latest_only_with_trigger to 2025-12-14 12:00:00+00:00, run_after=2025-12-14 16:00:00+00:00
[2025-12-14T17:03:28.666+0000] {processor.py:183} INFO - Processing /home/airflow/.local/lib/python3.12/site-packages/airflow/example_dags/example_latest_only_with_trigger.py took 0.096 seconds
[2025-12-14T17:03:59.334+0000] {processor.py:161} INFO - Started process (PID=297) to work on /home/airflow/.local/lib/python3.12/site-packages/airflow/example_dags/example_latest_only_with_trigger.py
[2025-12-14T17:03:59.335+0000] {processor.py:830} INFO - Processing file /home/airflow/.local/lib/python3.12/site-packages/airflow/example_dags/example_latest_only_with_trigger.py for tasks to queue
[2025-12-14T17:03:59.338+0000] {logging_mixin.py:188} INFO - [2025-12-14T17:03:59.337+0000] {dagbag.py:540} INFO - Filling up the DagBag from /home/airflow/.local/lib/python3.12/site-packages/airflow/example_dags/example_latest_only_with_trigger.py
[2025-12-14T17:03:59.344+0000] {processor.py:840} INFO - DAG(s) 'latest_only_with_trigger' retrieved from /home/airflow/.local/lib/python3.12/site-packages/airflow/example_dags/example_latest_only_with_trigger.py
[2025-12-14T17:03:59.369+0000] {logging_mixin.py:188} INFO - [2025-12-14T17:03:59.368+0000] {dag.py:3096} INFO - Sync 1 DAGs
[2025-12-14T17:03:59.391+0000] {logging_mixin.py:188} INFO - [2025-12-14T17:03:59.391+0000] {dag.py:3954} INFO - Setting next_dagrun for latest_only_with_trigger to 2025-12-14 12:00:00+00:00, run_after=2025-12-14 16:00:00+00:00
[2025-12-14T17:03:59.413+0000] {processor.py:183} INFO - Processing /home/airflow/.local/lib/python3.12/site-packages/airflow/example_dags/example_latest_only_with_trigger.py took 0.087 seconds
[2025-12-14T17:04:30.066+0000] {processor.py:161} INFO - Started process (PID=368) to work on /home/airflow/.local/lib/python3.12/site-packages/airflow/example_dags/example_latest_only_with_trigger.py
[2025-12-14T17:04:30.069+0000] {processor.py:830} INFO - Processing file /home/airflow/.local/lib/python3.12/site-packages/airflow/example_dags/example_latest_only_with_trigger.py for tasks to queue
[2025-12-14T17:04:30.073+0000] {logging_mixin.py:188} INFO - [2025-12-14T17:04:30.072+0000] {dagbag.py:540} INFO - Filling up the DagBag from /home/airflow/.local/lib/python3.12/site-packages/airflow/example_dags/example_latest_only_with_trigger.py
[2025-12-14T17:04:30.084+0000] {processor.py:840} INFO - DAG(s) 'latest_only_with_trigger' retrieved from /home/airflow/.local/lib/python3.12/site-packages/airflow/example_dags/example_latest_only_with_trigger.py
[2025-12-14T17:04:30.124+0000] {logging_mixin.py:188} INFO - [2025-12-14T17:04:30.124+0000] {dag.py:3096} INFO - Sync 1 DAGs
[2025-12-14T17:04:30.158+0000] {logging_mixin.py:188} INFO - [2025-12-14T17:04:30.158+0000] {dag.py:3954} INFO - Setting next_dagrun for latest_only_with_trigger to 2025-12-14 12:00:00+00:00, run_after=2025-12-14 16:00:00+00:00
[2025-12-14T17:04:30.191+0000] {processor.py:183} INFO - Processing /home/airflow/.local/lib/python3.12/site-packages/airflow/example_dags/example_latest_only_with_trigger.py took 0.133 seconds
[2025-12-14T17:07:20.731+0000] {processor.py:161} INFO - Started process (PID=146) to work on /home/airflow/.local/lib/python3.12/site-packages/airflow/example_dags/example_latest_only_with_trigger.py
[2025-12-14T17:07:20.733+0000] {processor.py:830} INFO - Processing file /home/airflow/.local/lib/python3.12/site-packages/airflow/example_dags/example_latest_only_with_trigger.py for tasks to queue
[2025-12-14T17:07:20.736+0000] {logging_mixin.py:188} INFO - [2025-12-14T17:07:20.736+0000] {dagbag.py:540} INFO - Filling up the DagBag from /home/airflow/.local/lib/python3.12/site-packages/airflow/example_dags/example_latest_only_with_trigger.py
[2025-12-14T17:07:20.745+0000] {processor.py:840} INFO - DAG(s) 'latest_only_with_trigger' retrieved from /home/airflow/.local/lib/python3.12/site-packages/airflow/example_dags/example_latest_only_with_trigger.py
[2025-12-14T17:07:20.885+0000] {logging_mixin.py:188} INFO - [2025-12-14T17:07:20.884+0000] {dag.py:3096} INFO - Sync 1 DAGs
[2025-12-14T17:07:20.909+0000] {logging_mixin.py:188} INFO - [2025-12-14T17:07:20.909+0000] {dag.py:3954} INFO - Setting next_dagrun for latest_only_with_trigger to 2025-12-14 12:00:00+00:00, run_after=2025-12-14 16:00:00+00:00
[2025-12-14T17:07:20.938+0000] {processor.py:183} INFO - Processing /home/airflow/.local/lib/python3.12/site-packages/airflow/example_dags/example_latest_only_with_trigger.py took 0.216 seconds
[2025-12-14T17:07:51.049+0000] {processor.py:161} INFO - Started process (PID=217) to work on /home/airflow/.local/lib/python3.12/site-packages/airflow/example_dags/example_latest_only_with_trigger.py
[2025-12-14T17:07:51.050+0000] {processor.py:830} INFO - Processing file /home/airflow/.local/lib/python3.12/site-packages/airflow/example_dags/example_latest_only_with_trigger.py for tasks to queue
[2025-12-14T17:07:51.053+0000] {logging_mixin.py:188} INFO - [2025-12-14T17:07:51.053+0000] {dagbag.py:540} INFO - Filling up the DagBag from /home/airflow/.local/lib/python3.12/site-packages/airflow/example_dags/example_latest_only_with_trigger.py
[2025-12-14T17:07:51.062+0000] {processor.py:840} INFO - DAG(s) 'latest_only_with_trigger' retrieved from /home/airflow/.local/lib/python3.12/site-packages/airflow/example_dags/example_latest_only_with_trigger.py
[2025-12-14T17:07:51.100+0000] {logging_mixin.py:188} INFO - [2025-12-14T17:07:51.100+0000] {dag.py:3096} INFO - Sync 1 DAGs
[2025-12-14T17:07:51.139+0000] {logging_mixin.py:188} INFO - [2025-12-14T17:07:51.139+0000] {dag.py:3954} INFO - Setting next_dagrun for latest_only_with_trigger to 2025-12-14 12:00:00+00:00, run_after=2025-12-14 16:00:00+00:00
[2025-12-14T17:07:51.170+0000] {processor.py:183} INFO - Processing /home/airflow/.local/lib/python3.12/site-packages/airflow/example_dags/example_latest_only_with_trigger.py took 0.132 seconds
[2025-12-14T17:08:22.299+0000] {processor.py:161} INFO - Started process (PID=288) to work on /home/airflow/.local/lib/python3.12/site-packages/airflow/example_dags/example_latest_only_with_trigger.py
[2025-12-14T17:08:22.302+0000] {processor.py:830} INFO - Processing file /home/airflow/.local/lib/python3.12/site-packages/airflow/example_dags/example_latest_only_with_trigger.py for tasks to queue
[2025-12-14T17:08:22.307+0000] {logging_mixin.py:188} INFO - [2025-12-14T17:08:22.306+0000] {dagbag.py:540} INFO - Filling up the DagBag from /home/airflow/.local/lib/python3.12/site-packages/airflow/example_dags/example_latest_only_with_trigger.py
[2025-12-14T17:08:22.320+0000] {processor.py:840} INFO - DAG(s) 'latest_only_with_trigger' retrieved from /home/airflow/.local/lib/python3.12/site-packages/airflow/example_dags/example_latest_only_with_trigger.py
[2025-12-14T17:08:22.370+0000] {logging_mixin.py:188} INFO - [2025-12-14T17:08:22.370+0000] {dag.py:3096} INFO - Sync 1 DAGs
[2025-12-14T17:08:22.416+0000] {logging_mixin.py:188} INFO - [2025-12-14T17:08:22.415+0000] {dag.py:3954} INFO - Setting next_dagrun for latest_only_with_trigger to 2025-12-14 12:00:00+00:00, run_after=2025-12-14 16:00:00+00:00
[2025-12-14T17:08:22.461+0000] {processor.py:183} INFO - Processing /home/airflow/.local/lib/python3.12/site-packages/airflow/example_dags/example_latest_only_with_trigger.py took 0.178 seconds
[2025-12-14T17:08:54.477+0000] {processor.py:161} INFO - Started process (PID=360) to work on /home/airflow/.local/lib/python3.12/site-packages/airflow/example_dags/example_latest_only_with_trigger.py
[2025-12-14T17:08:54.478+0000] {processor.py:830} INFO - Processing file /home/airflow/.local/lib/python3.12/site-packages/airflow/example_dags/example_latest_only_with_trigger.py for tasks to queue
[2025-12-14T17:08:54.481+0000] {logging_mixin.py:188} INFO - [2025-12-14T17:08:54.480+0000] {dagbag.py:540} INFO - Filling up the DagBag from /home/airflow/.local/lib/python3.12/site-packages/airflow/example_dags/example_latest_only_with_trigger.py
[2025-12-14T17:08:54.487+0000] {processor.py:840} INFO - DAG(s) 'latest_only_with_trigger' retrieved from /home/airflow/.local/lib/python3.12/site-packages/airflow/example_dags/example_latest_only_with_trigger.py
[2025-12-14T17:08:54.512+0000] {logging_mixin.py:188} INFO - [2025-12-14T17:08:54.512+0000] {dag.py:3096} INFO - Sync 1 DAGs
[2025-12-14T17:08:54.536+0000] {logging_mixin.py:188} INFO - [2025-12-14T17:08:54.536+0000] {dag.py:3954} INFO - Setting next_dagrun for latest_only_with_trigger to 2025-12-14 12:00:00+00:00, run_after=2025-12-14 16:00:00+00:00
[2025-12-14T17:08:54.560+0000] {processor.py:183} INFO - Processing /home/airflow/.local/lib/python3.12/site-packages/airflow/example_dags/example_latest_only_with_trigger.py took 0.090 seconds
[2025-12-14T17:09:26.336+0000] {processor.py:161} INFO - Started process (PID=431) to work on /home/airflow/.local/lib/python3.12/site-packages/airflow/example_dags/example_latest_only_with_trigger.py
[2025-12-14T17:09:26.338+0000] {processor.py:830} INFO - Processing file /home/airflow/.local/lib/python3.12/site-packages/airflow/example_dags/example_latest_only_with_trigger.py for tasks to queue
[2025-12-14T17:09:26.340+0000] {logging_mixin.py:188} INFO - [2025-12-14T17:09:26.340+0000] {dagbag.py:540} INFO - Filling up the DagBag from /home/airflow/.local/lib/python3.12/site-packages/airflow/example_dags/example_latest_only_with_trigger.py
[2025-12-14T17:09:26.347+0000] {processor.py:840} INFO - DAG(s) 'latest_only_with_trigger' retrieved from /home/airflow/.local/lib/python3.12/site-packages/airflow/example_dags/example_latest_only_with_trigger.py
[2025-12-14T17:09:26.374+0000] {logging_mixin.py:188} INFO - [2025-12-14T17:09:26.374+0000] {dag.py:3096} INFO - Sync 1 DAGs
[2025-12-14T17:09:26.402+0000] {logging_mixin.py:188} INFO - [2025-12-14T17:09:26.402+0000] {dag.py:3954} INFO - Setting next_dagrun for latest_only_with_trigger to 2025-12-14 12:00:00+00:00, run_after=2025-12-14 16:00:00+00:00
[2025-12-14T17:09:26.430+0000] {processor.py:183} INFO - Processing /home/airflow/.local/lib/python3.12/site-packages/airflow/example_dags/example_latest_only_with_trigger.py took 0.101 seconds
[2025-12-14T17:09:57.564+0000] {processor.py:161} INFO - Started process (PID=502) to work on /home/airflow/.local/lib/python3.12/site-packages/airflow/example_dags/example_latest_only_with_trigger.py
[2025-12-14T17:09:57.566+0000] {processor.py:830} INFO - Processing file /home/airflow/.local/lib/python3.12/site-packages/airflow/example_dags/example_latest_only_with_trigger.py for tasks to queue
[2025-12-14T17:09:57.570+0000] {logging_mixin.py:188} INFO - [2025-12-14T17:09:57.569+0000] {dagbag.py:540} INFO - Filling up the DagBag from /home/airflow/.local/lib/python3.12/site-packages/airflow/example_dags/example_latest_only_with_trigger.py
[2025-12-14T17:09:57.577+0000] {processor.py:840} INFO - DAG(s) 'latest_only_with_trigger' retrieved from /home/airflow/.local/lib/python3.12/site-packages/airflow/example_dags/example_latest_only_with_trigger.py
[2025-12-14T17:09:57.604+0000] {logging_mixin.py:188} INFO - [2025-12-14T17:09:57.604+0000] {dag.py:3096} INFO - Sync 1 DAGs
[2025-12-14T17:09:57.629+0000] {logging_mixin.py:188} INFO - [2025-12-14T17:09:57.629+0000] {dag.py:3954} INFO - Setting next_dagrun for latest_only_with_trigger to 2025-12-14 12:00:00+00:00, run_after=2025-12-14 16:00:00+00:00
[2025-12-14T17:09:57.656+0000] {processor.py:183} INFO - Processing /home/airflow/.local/lib/python3.12/site-packages/airflow/example_dags/example_latest_only_with_trigger.py took 0.099 seconds
[2025-12-14T17:10:27.879+0000] {processor.py:161} INFO - Started process (PID=573) to work on /home/airflow/.local/lib/python3.12/site-packages/airflow/example_dags/example_latest_only_with_trigger.py
[2025-12-14T17:10:27.880+0000] {processor.py:830} INFO - Processing file /home/airflow/.local/lib/python3.12/site-packages/airflow/example_dags/example_latest_only_with_trigger.py for tasks to queue
[2025-12-14T17:10:27.883+0000] {logging_mixin.py:188} INFO - [2025-12-14T17:10:27.882+0000] {dagbag.py:540} INFO - Filling up the DagBag from /home/airflow/.local/lib/python3.12/site-packages/airflow/example_dags/example_latest_only_with_trigger.py
[2025-12-14T17:10:27.890+0000] {processor.py:840} INFO - DAG(s) 'latest_only_with_trigger' retrieved from /home/airflow/.local/lib/python3.12/site-packages/airflow/example_dags/example_latest_only_with_trigger.py
[2025-12-14T17:10:27.915+0000] {logging_mixin.py:188} INFO - [2025-12-14T17:10:27.915+0000] {dag.py:3096} INFO - Sync 1 DAGs
[2025-12-14T17:10:27.942+0000] {logging_mixin.py:188} INFO - [2025-12-14T17:10:27.942+0000] {dag.py:3954} INFO - Setting next_dagrun for latest_only_with_trigger to 2025-12-14 12:00:00+00:00, run_after=2025-12-14 16:00:00+00:00
[2025-12-14T17:10:27.967+0000] {processor.py:183} INFO - Processing /home/airflow/.local/lib/python3.12/site-packages/airflow/example_dags/example_latest_only_with_trigger.py took 0.096 seconds
[2025-12-14T17:10:58.483+0000] {processor.py:161} INFO - Started process (PID=644) to work on /home/airflow/.local/lib/python3.12/site-packages/airflow/example_dags/example_latest_only_with_trigger.py
[2025-12-14T17:10:58.485+0000] {processor.py:830} INFO - Processing file /home/airflow/.local/lib/python3.12/site-packages/airflow/example_dags/example_latest_only_with_trigger.py for tasks to queue
[2025-12-14T17:10:58.488+0000] {logging_mixin.py:188} INFO - [2025-12-14T17:10:58.487+0000] {dagbag.py:540} INFO - Filling up the DagBag from /home/airflow/.local/lib/python3.12/site-packages/airflow/example_dags/example_latest_only_with_trigger.py
[2025-12-14T17:10:58.496+0000] {processor.py:840} INFO - DAG(s) 'latest_only_with_trigger' retrieved from /home/airflow/.local/lib/python3.12/site-packages/airflow/example_dags/example_latest_only_with_trigger.py
[2025-12-14T17:10:58.528+0000] {logging_mixin.py:188} INFO - [2025-12-14T17:10:58.528+0000] {dag.py:3096} INFO - Sync 1 DAGs
[2025-12-14T17:10:58.558+0000] {logging_mixin.py:188} INFO - [2025-12-14T17:10:58.558+0000] {dag.py:3954} INFO - Setting next_dagrun for latest_only_with_trigger to 2025-12-14 12:00:00+00:00, run_after=2025-12-14 16:00:00+00:00
[2025-12-14T17:10:58.587+0000] {processor.py:183} INFO - Processing /home/airflow/.local/lib/python3.12/site-packages/airflow/example_dags/example_latest_only_with_trigger.py took 0.113 seconds
[2025-12-14T17:11:29.163+0000] {processor.py:161} INFO - Started process (PID=715) to work on /home/airflow/.local/lib/python3.12/site-packages/airflow/example_dags/example_latest_only_with_trigger.py
[2025-12-14T17:11:29.165+0000] {processor.py:830} INFO - Processing file /home/airflow/.local/lib/python3.12/site-packages/airflow/example_dags/example_latest_only_with_trigger.py for tasks to queue
[2025-12-14T17:11:29.168+0000] {logging_mixin.py:188} INFO - [2025-12-14T17:11:29.167+0000] {dagbag.py:540} INFO - Filling up the DagBag from /home/airflow/.local/lib/python3.12/site-packages/airflow/example_dags/example_latest_only_with_trigger.py
[2025-12-14T17:11:29.177+0000] {processor.py:840} INFO - DAG(s) 'latest_only_with_trigger' retrieved from /home/airflow/.local/lib/python3.12/site-packages/airflow/example_dags/example_latest_only_with_trigger.py
[2025-12-14T17:11:29.209+0000] {logging_mixin.py:188} INFO - [2025-12-14T17:11:29.209+0000] {dag.py:3096} INFO - Sync 1 DAGs
[2025-12-14T17:11:29.248+0000] {logging_mixin.py:188} INFO - [2025-12-14T17:11:29.247+0000] {dag.py:3954} INFO - Setting next_dagrun for latest_only_with_trigger to 2025-12-14 12:00:00+00:00, run_after=2025-12-14 16:00:00+00:00
[2025-12-14T17:11:29.276+0000] {processor.py:183} INFO - Processing /home/airflow/.local/lib/python3.12/site-packages/airflow/example_dags/example_latest_only_with_trigger.py took 0.126 seconds
[2025-12-14T17:11:59.403+0000] {processor.py:161} INFO - Started process (PID=786) to work on /home/airflow/.local/lib/python3.12/site-packages/airflow/example_dags/example_latest_only_with_trigger.py
[2025-12-14T17:11:59.405+0000] {processor.py:830} INFO - Processing file /home/airflow/.local/lib/python3.12/site-packages/airflow/example_dags/example_latest_only_with_trigger.py for tasks to queue
[2025-12-14T17:11:59.409+0000] {logging_mixin.py:188} INFO - [2025-12-14T17:11:59.408+0000] {dagbag.py:540} INFO - Filling up the DagBag from /home/airflow/.local/lib/python3.12/site-packages/airflow/example_dags/example_latest_only_with_trigger.py
[2025-12-14T17:11:59.418+0000] {processor.py:840} INFO - DAG(s) 'latest_only_with_trigger' retrieved from /home/airflow/.local/lib/python3.12/site-packages/airflow/example_dags/example_latest_only_with_trigger.py
[2025-12-14T17:11:59.456+0000] {logging_mixin.py:188} INFO - [2025-12-14T17:11:59.456+0000] {dag.py:3096} INFO - Sync 1 DAGs
[2025-12-14T17:11:59.485+0000] {logging_mixin.py:188} INFO - [2025-12-14T17:11:59.485+0000] {dag.py:3954} INFO - Setting next_dagrun for latest_only_with_trigger to 2025-12-14 12:00:00+00:00, run_after=2025-12-14 16:00:00+00:00
[2025-12-14T17:11:59.516+0000] {processor.py:183} INFO - Processing /home/airflow/.local/lib/python3.12/site-packages/airflow/example_dags/example_latest_only_with_trigger.py took 0.127 seconds
[2025-12-14T17:12:29.938+0000] {processor.py:161} INFO - Started process (PID=857) to work on /home/airflow/.local/lib/python3.12/site-packages/airflow/example_dags/example_latest_only_with_trigger.py
[2025-12-14T17:12:29.940+0000] {processor.py:830} INFO - Processing file /home/airflow/.local/lib/python3.12/site-packages/airflow/example_dags/example_latest_only_with_trigger.py for tasks to queue
[2025-12-14T17:12:29.944+0000] {logging_mixin.py:188} INFO - [2025-12-14T17:12:29.943+0000] {dagbag.py:540} INFO - Filling up the DagBag from /home/airflow/.local/lib/python3.12/site-packages/airflow/example_dags/example_latest_only_with_trigger.py
[2025-12-14T17:12:29.954+0000] {processor.py:840} INFO - DAG(s) 'latest_only_with_trigger' retrieved from /home/airflow/.local/lib/python3.12/site-packages/airflow/example_dags/example_latest_only_with_trigger.py
[2025-12-14T17:12:29.989+0000] {logging_mixin.py:188} INFO - [2025-12-14T17:12:29.988+0000] {dag.py:3096} INFO - Sync 1 DAGs
[2025-12-14T17:12:30.024+0000] {logging_mixin.py:188} INFO - [2025-12-14T17:12:30.024+0000] {dag.py:3954} INFO - Setting next_dagrun for latest_only_with_trigger to 2025-12-14 12:00:00+00:00, run_after=2025-12-14 16:00:00+00:00
[2025-12-14T17:12:30.053+0000] {processor.py:183} INFO - Processing /home/airflow/.local/lib/python3.12/site-packages/airflow/example_dags/example_latest_only_with_trigger.py took 0.126 seconds
[2025-12-14T17:13:00.562+0000] {processor.py:161} INFO - Started process (PID=929) to work on /home/airflow/.local/lib/python3.12/site-packages/airflow/example_dags/example_latest_only_with_trigger.py
[2025-12-14T17:13:00.563+0000] {processor.py:830} INFO - Processing file /home/airflow/.local/lib/python3.12/site-packages/airflow/example_dags/example_latest_only_with_trigger.py for tasks to queue
[2025-12-14T17:13:00.566+0000] {logging_mixin.py:188} INFO - [2025-12-14T17:13:00.565+0000] {dagbag.py:540} INFO - Filling up the DagBag from /home/airflow/.local/lib/python3.12/site-packages/airflow/example_dags/example_latest_only_with_trigger.py
[2025-12-14T17:13:00.573+0000] {processor.py:840} INFO - DAG(s) 'latest_only_with_trigger' retrieved from /home/airflow/.local/lib/python3.12/site-packages/airflow/example_dags/example_latest_only_with_trigger.py
[2025-12-14T17:13:00.604+0000] {logging_mixin.py:188} INFO - [2025-12-14T17:13:00.604+0000] {dag.py:3096} INFO - Sync 1 DAGs
[2025-12-14T17:13:00.635+0000] {logging_mixin.py:188} INFO - [2025-12-14T17:13:00.635+0000] {dag.py:3954} INFO - Setting next_dagrun for latest_only_with_trigger to 2025-12-14 12:00:00+00:00, run_after=2025-12-14 16:00:00+00:00
[2025-12-14T17:13:00.666+0000] {processor.py:183} INFO - Processing /home/airflow/.local/lib/python3.12/site-packages/airflow/example_dags/example_latest_only_with_trigger.py took 0.113 seconds
[2025-12-14T17:13:30.961+0000] {processor.py:161} INFO - Started process (PID=1000) to work on /home/airflow/.local/lib/python3.12/site-packages/airflow/example_dags/example_latest_only_with_trigger.py
[2025-12-14T17:13:30.963+0000] {processor.py:830} INFO - Processing file /home/airflow/.local/lib/python3.12/site-packages/airflow/example_dags/example_latest_only_with_trigger.py for tasks to queue
[2025-12-14T17:13:30.966+0000] {logging_mixin.py:188} INFO - [2025-12-14T17:13:30.966+0000] {dagbag.py:540} INFO - Filling up the DagBag from /home/airflow/.local/lib/python3.12/site-packages/airflow/example_dags/example_latest_only_with_trigger.py
[2025-12-14T17:13:30.973+0000] {processor.py:840} INFO - DAG(s) 'latest_only_with_trigger' retrieved from /home/airflow/.local/lib/python3.12/site-packages/airflow/example_dags/example_latest_only_with_trigger.py
[2025-12-14T17:13:31.004+0000] {logging_mixin.py:188} INFO - [2025-12-14T17:13:31.003+0000] {dag.py:3096} INFO - Sync 1 DAGs
[2025-12-14T17:13:31.034+0000] {logging_mixin.py:188} INFO - [2025-12-14T17:13:31.034+0000] {dag.py:3954} INFO - Setting next_dagrun for latest_only_with_trigger to 2025-12-14 12:00:00+00:00, run_after=2025-12-14 16:00:00+00:00
[2025-12-14T17:13:31.061+0000] {processor.py:183} INFO - Processing /home/airflow/.local/lib/python3.12/site-packages/airflow/example_dags/example_latest_only_with_trigger.py took 0.107 seconds
[2025-12-14T17:14:01.835+0000] {processor.py:161} INFO - Started process (PID=1071) to work on /home/airflow/.local/lib/python3.12/site-packages/airflow/example_dags/example_latest_only_with_trigger.py
[2025-12-14T17:14:01.837+0000] {processor.py:830} INFO - Processing file /home/airflow/.local/lib/python3.12/site-packages/airflow/example_dags/example_latest_only_with_trigger.py for tasks to queue
[2025-12-14T17:14:01.840+0000] {logging_mixin.py:188} INFO - [2025-12-14T17:14:01.840+0000] {dagbag.py:540} INFO - Filling up the DagBag from /home/airflow/.local/lib/python3.12/site-packages/airflow/example_dags/example_latest_only_with_trigger.py
[2025-12-14T17:14:01.847+0000] {processor.py:840} INFO - DAG(s) 'latest_only_with_trigger' retrieved from /home/airflow/.local/lib/python3.12/site-packages/airflow/example_dags/example_latest_only_with_trigger.py
[2025-12-14T17:14:01.874+0000] {logging_mixin.py:188} INFO - [2025-12-14T17:14:01.874+0000] {dag.py:3096} INFO - Sync 1 DAGs
[2025-12-14T17:14:01.900+0000] {logging_mixin.py:188} INFO - [2025-12-14T17:14:01.899+0000] {dag.py:3954} INFO - Setting next_dagrun for latest_only_with_trigger to 2025-12-14 12:00:00+00:00, run_after=2025-12-14 16:00:00+00:00
[2025-12-14T17:14:01.926+0000] {processor.py:183} INFO - Processing /home/airflow/.local/lib/python3.12/site-packages/airflow/example_dags/example_latest_only_with_trigger.py took 0.098 seconds
[2025-12-14T17:14:32.417+0000] {processor.py:161} INFO - Started process (PID=1143) to work on /home/airflow/.local/lib/python3.12/site-packages/airflow/example_dags/example_latest_only_with_trigger.py
[2025-12-14T17:14:32.419+0000] {processor.py:830} INFO - Processing file /home/airflow/.local/lib/python3.12/site-packages/airflow/example_dags/example_latest_only_with_trigger.py for tasks to queue
[2025-12-14T17:14:32.421+0000] {logging_mixin.py:188} INFO - [2025-12-14T17:14:32.421+0000] {dagbag.py:540} INFO - Filling up the DagBag from /home/airflow/.local/lib/python3.12/site-packages/airflow/example_dags/example_latest_only_with_trigger.py
[2025-12-14T17:14:32.428+0000] {processor.py:840} INFO - DAG(s) 'latest_only_with_trigger' retrieved from /home/airflow/.local/lib/python3.12/site-packages/airflow/example_dags/example_latest_only_with_trigger.py
[2025-12-14T17:14:32.454+0000] {logging_mixin.py:188} INFO - [2025-12-14T17:14:32.454+0000] {dag.py:3096} INFO - Sync 1 DAGs
[2025-12-14T17:14:32.479+0000] {logging_mixin.py:188} INFO - [2025-12-14T17:14:32.479+0000] {dag.py:3954} INFO - Setting next_dagrun for latest_only_with_trigger to 2025-12-14 12:00:00+00:00, run_after=2025-12-14 16:00:00+00:00
[2025-12-14T17:14:32.501+0000] {processor.py:183} INFO - Processing /home/airflow/.local/lib/python3.12/site-packages/airflow/example_dags/example_latest_only_with_trigger.py took 0.091 seconds
[2025-12-14T17:15:03.462+0000] {processor.py:161} INFO - Started process (PID=1214) to work on /home/airflow/.local/lib/python3.12/site-packages/airflow/example_dags/example_latest_only_with_trigger.py
[2025-12-14T17:15:03.463+0000] {processor.py:830} INFO - Processing file /home/airflow/.local/lib/python3.12/site-packages/airflow/example_dags/example_latest_only_with_trigger.py for tasks to queue
[2025-12-14T17:15:03.466+0000] {logging_mixin.py:188} INFO - [2025-12-14T17:15:03.465+0000] {dagbag.py:540} INFO - Filling up the DagBag from /home/airflow/.local/lib/python3.12/site-packages/airflow/example_dags/example_latest_only_with_trigger.py
[2025-12-14T17:15:03.473+0000] {processor.py:840} INFO - DAG(s) 'latest_only_with_trigger' retrieved from /home/airflow/.local/lib/python3.12/site-packages/airflow/example_dags/example_latest_only_with_trigger.py
[2025-12-14T17:15:03.647+0000] {logging_mixin.py:188} INFO - [2025-12-14T17:15:03.647+0000] {dag.py:3096} INFO - Sync 1 DAGs
[2025-12-14T17:15:03.667+0000] {logging_mixin.py:188} INFO - [2025-12-14T17:15:03.667+0000] {dag.py:3954} INFO - Setting next_dagrun for latest_only_with_trigger to 2025-12-14 12:00:00+00:00, run_after=2025-12-14 16:00:00+00:00
[2025-12-14T17:15:03.689+0000] {processor.py:183} INFO - Processing /home/airflow/.local/lib/python3.12/site-packages/airflow/example_dags/example_latest_only_with_trigger.py took 0.235 seconds
[2025-12-14T17:15:34.327+0000] {processor.py:161} INFO - Started process (PID=1286) to work on /home/airflow/.local/lib/python3.12/site-packages/airflow/example_dags/example_latest_only_with_trigger.py
[2025-12-14T17:15:34.329+0000] {processor.py:830} INFO - Processing file /home/airflow/.local/lib/python3.12/site-packages/airflow/example_dags/example_latest_only_with_trigger.py for tasks to queue
[2025-12-14T17:15:34.331+0000] {logging_mixin.py:188} INFO - [2025-12-14T17:15:34.331+0000] {dagbag.py:540} INFO - Filling up the DagBag from /home/airflow/.local/lib/python3.12/site-packages/airflow/example_dags/example_latest_only_with_trigger.py
[2025-12-14T17:15:34.338+0000] {processor.py:840} INFO - DAG(s) 'latest_only_with_trigger' retrieved from /home/airflow/.local/lib/python3.12/site-packages/airflow/example_dags/example_latest_only_with_trigger.py
[2025-12-14T17:15:34.362+0000] {logging_mixin.py:188} INFO - [2025-12-14T17:15:34.362+0000] {dag.py:3096} INFO - Sync 1 DAGs
[2025-12-14T17:15:34.386+0000] {logging_mixin.py:188} INFO - [2025-12-14T17:15:34.385+0000] {dag.py:3954} INFO - Setting next_dagrun for latest_only_with_trigger to 2025-12-14 12:00:00+00:00, run_after=2025-12-14 16:00:00+00:00
[2025-12-14T17:15:34.409+0000] {processor.py:183} INFO - Processing /home/airflow/.local/lib/python3.12/site-packages/airflow/example_dags/example_latest_only_with_trigger.py took 0.090 seconds
[2025-12-14T17:16:04.632+0000] {processor.py:161} INFO - Started process (PID=1357) to work on /home/airflow/.local/lib/python3.12/site-packages/airflow/example_dags/example_latest_only_with_trigger.py
[2025-12-14T17:16:04.633+0000] {processor.py:830} INFO - Processing file /home/airflow/.local/lib/python3.12/site-packages/airflow/example_dags/example_latest_only_with_trigger.py for tasks to queue
[2025-12-14T17:16:04.637+0000] {logging_mixin.py:188} INFO - [2025-12-14T17:16:04.636+0000] {dagbag.py:540} INFO - Filling up the DagBag from /home/airflow/.local/lib/python3.12/site-packages/airflow/example_dags/example_latest_only_with_trigger.py
[2025-12-14T17:16:04.648+0000] {processor.py:840} INFO - DAG(s) 'latest_only_with_trigger' retrieved from /home/airflow/.local/lib/python3.12/site-packages/airflow/example_dags/example_latest_only_with_trigger.py
[2025-12-14T17:16:04.677+0000] {logging_mixin.py:188} INFO - [2025-12-14T17:16:04.677+0000] {dag.py:3096} INFO - Sync 1 DAGs
[2025-12-14T17:16:04.708+0000] {logging_mixin.py:188} INFO - [2025-12-14T17:16:04.707+0000] {dag.py:3954} INFO - Setting next_dagrun for latest_only_with_trigger to 2025-12-14 12:00:00+00:00, run_after=2025-12-14 16:00:00+00:00
[2025-12-14T17:16:04.736+0000] {processor.py:183} INFO - Processing /home/airflow/.local/lib/python3.12/site-packages/airflow/example_dags/example_latest_only_with_trigger.py took 0.113 seconds
