[2025-12-14T16:49:17.578+0000] {processor.py:161} INFO - Started process (PID=116) to work on /home/airflow/.local/lib/python3.12/site-packages/airflow/example_dags/example_python_operator.py
[2025-12-14T16:49:17.579+0000] {processor.py:830} INFO - Processing file /home/airflow/.local/lib/python3.12/site-packages/airflow/example_dags/example_python_operator.py for tasks to queue
[2025-12-14T16:49:17.583+0000] {logging_mixin.py:188} INFO - [2025-12-14T16:49:17.582+0000] {dagbag.py:540} INFO - Filling up the DagBag from /home/airflow/.local/lib/python3.12/site-packages/airflow/example_dags/example_python_operator.py
[2025-12-14T16:49:17.599+0000] {processor.py:840} INFO - DAG(s) 'example_python_operator' retrieved from /home/airflow/.local/lib/python3.12/site-packages/airflow/example_dags/example_python_operator.py
[2025-12-14T16:49:17.738+0000] {logging_mixin.py:188} INFO - [2025-12-14T16:49:17.738+0000] {dag.py:3096} INFO - Sync 1 DAGs
[2025-12-14T16:49:17.756+0000] {logging_mixin.py:188} INFO - [2025-12-14T16:49:17.756+0000] {dag.py:3954} INFO - Setting next_dagrun for example_python_operator to None, run_after=None
[2025-12-14T16:49:17.785+0000] {processor.py:183} INFO - Processing /home/airflow/.local/lib/python3.12/site-packages/airflow/example_dags/example_python_operator.py took 0.215 seconds
[2025-12-14T16:49:48.608+0000] {processor.py:161} INFO - Started process (PID=181) to work on /home/airflow/.local/lib/python3.12/site-packages/airflow/example_dags/example_python_operator.py
[2025-12-14T16:49:48.610+0000] {processor.py:830} INFO - Processing file /home/airflow/.local/lib/python3.12/site-packages/airflow/example_dags/example_python_operator.py for tasks to queue
[2025-12-14T16:49:48.612+0000] {logging_mixin.py:188} INFO - [2025-12-14T16:49:48.612+0000] {dagbag.py:540} INFO - Filling up the DagBag from /home/airflow/.local/lib/python3.12/site-packages/airflow/example_dags/example_python_operator.py
[2025-12-14T16:49:48.626+0000] {processor.py:840} INFO - DAG(s) 'example_python_operator' retrieved from /home/airflow/.local/lib/python3.12/site-packages/airflow/example_dags/example_python_operator.py
[2025-12-14T16:49:48.653+0000] {logging_mixin.py:188} INFO - [2025-12-14T16:49:48.653+0000] {dag.py:3096} INFO - Sync 1 DAGs
[2025-12-14T16:49:48.669+0000] {logging_mixin.py:188} INFO - [2025-12-14T16:49:48.668+0000] {dag.py:3954} INFO - Setting next_dagrun for example_python_operator to None, run_after=None
[2025-12-14T16:49:48.693+0000] {processor.py:183} INFO - Processing /home/airflow/.local/lib/python3.12/site-packages/airflow/example_dags/example_python_operator.py took 0.093 seconds
[2025-12-14T16:50:18.914+0000] {processor.py:161} INFO - Started process (PID=239) to work on /home/airflow/.local/lib/python3.12/site-packages/airflow/example_dags/example_python_operator.py
[2025-12-14T16:50:18.920+0000] {processor.py:830} INFO - Processing file /home/airflow/.local/lib/python3.12/site-packages/airflow/example_dags/example_python_operator.py for tasks to queue
[2025-12-14T16:50:18.923+0000] {logging_mixin.py:188} INFO - [2025-12-14T16:50:18.923+0000] {dagbag.py:540} INFO - Filling up the DagBag from /home/airflow/.local/lib/python3.12/site-packages/airflow/example_dags/example_python_operator.py
[2025-12-14T16:50:18.937+0000] {processor.py:840} INFO - DAG(s) 'example_python_operator' retrieved from /home/airflow/.local/lib/python3.12/site-packages/airflow/example_dags/example_python_operator.py
[2025-12-14T16:50:18.963+0000] {logging_mixin.py:188} INFO - [2025-12-14T16:50:18.963+0000] {dag.py:3096} INFO - Sync 1 DAGs
[2025-12-14T16:50:18.979+0000] {logging_mixin.py:188} INFO - [2025-12-14T16:50:18.979+0000] {dag.py:3954} INFO - Setting next_dagrun for example_python_operator to None, run_after=None
[2025-12-14T16:50:19.005+0000] {processor.py:183} INFO - Processing /home/airflow/.local/lib/python3.12/site-packages/airflow/example_dags/example_python_operator.py took 0.099 seconds
[2025-12-14T16:50:50.027+0000] {processor.py:161} INFO - Started process (PID=304) to work on /home/airflow/.local/lib/python3.12/site-packages/airflow/example_dags/example_python_operator.py
[2025-12-14T16:50:50.028+0000] {processor.py:830} INFO - Processing file /home/airflow/.local/lib/python3.12/site-packages/airflow/example_dags/example_python_operator.py for tasks to queue
[2025-12-14T16:50:50.032+0000] {logging_mixin.py:188} INFO - [2025-12-14T16:50:50.031+0000] {dagbag.py:540} INFO - Filling up the DagBag from /home/airflow/.local/lib/python3.12/site-packages/airflow/example_dags/example_python_operator.py
[2025-12-14T16:50:50.052+0000] {processor.py:840} INFO - DAG(s) 'example_python_operator' retrieved from /home/airflow/.local/lib/python3.12/site-packages/airflow/example_dags/example_python_operator.py
[2025-12-14T16:50:50.098+0000] {logging_mixin.py:188} INFO - [2025-12-14T16:50:50.097+0000] {dag.py:3096} INFO - Sync 1 DAGs
[2025-12-14T16:50:50.122+0000] {logging_mixin.py:188} INFO - [2025-12-14T16:50:50.121+0000] {dag.py:3954} INFO - Setting next_dagrun for example_python_operator to None, run_after=None
[2025-12-14T16:50:50.153+0000] {processor.py:183} INFO - Processing /home/airflow/.local/lib/python3.12/site-packages/airflow/example_dags/example_python_operator.py took 0.137 seconds
[2025-12-14T16:51:21.010+0000] {processor.py:161} INFO - Started process (PID=362) to work on /home/airflow/.local/lib/python3.12/site-packages/airflow/example_dags/example_python_operator.py
[2025-12-14T16:51:21.011+0000] {processor.py:830} INFO - Processing file /home/airflow/.local/lib/python3.12/site-packages/airflow/example_dags/example_python_operator.py for tasks to queue
[2025-12-14T16:51:21.015+0000] {logging_mixin.py:188} INFO - [2025-12-14T16:51:21.014+0000] {dagbag.py:540} INFO - Filling up the DagBag from /home/airflow/.local/lib/python3.12/site-packages/airflow/example_dags/example_python_operator.py
[2025-12-14T16:51:21.031+0000] {processor.py:840} INFO - DAG(s) 'example_python_operator' retrieved from /home/airflow/.local/lib/python3.12/site-packages/airflow/example_dags/example_python_operator.py
[2025-12-14T16:51:21.057+0000] {logging_mixin.py:188} INFO - [2025-12-14T16:51:21.057+0000] {dag.py:3096} INFO - Sync 1 DAGs
[2025-12-14T16:51:21.072+0000] {logging_mixin.py:188} INFO - [2025-12-14T16:51:21.072+0000] {dag.py:3954} INFO - Setting next_dagrun for example_python_operator to None, run_after=None
[2025-12-14T16:51:21.375+0000] {processor.py:183} INFO - Processing /home/airflow/.local/lib/python3.12/site-packages/airflow/example_dags/example_python_operator.py took 0.375 seconds
[2025-12-14T16:51:51.671+0000] {processor.py:161} INFO - Started process (PID=420) to work on /home/airflow/.local/lib/python3.12/site-packages/airflow/example_dags/example_python_operator.py
[2025-12-14T16:51:51.673+0000] {processor.py:830} INFO - Processing file /home/airflow/.local/lib/python3.12/site-packages/airflow/example_dags/example_python_operator.py for tasks to queue
[2025-12-14T16:51:51.675+0000] {logging_mixin.py:188} INFO - [2025-12-14T16:51:51.675+0000] {dagbag.py:540} INFO - Filling up the DagBag from /home/airflow/.local/lib/python3.12/site-packages/airflow/example_dags/example_python_operator.py
[2025-12-14T16:51:51.690+0000] {processor.py:840} INFO - DAG(s) 'example_python_operator' retrieved from /home/airflow/.local/lib/python3.12/site-packages/airflow/example_dags/example_python_operator.py
[2025-12-14T16:51:51.719+0000] {logging_mixin.py:188} INFO - [2025-12-14T16:51:51.718+0000] {dag.py:3096} INFO - Sync 1 DAGs
[2025-12-14T16:51:51.739+0000] {logging_mixin.py:188} INFO - [2025-12-14T16:51:51.738+0000] {dag.py:3954} INFO - Setting next_dagrun for example_python_operator to None, run_after=None
[2025-12-14T16:51:51.766+0000] {processor.py:183} INFO - Processing /home/airflow/.local/lib/python3.12/site-packages/airflow/example_dags/example_python_operator.py took 0.103 seconds
[2025-12-14T16:52:22.145+0000] {processor.py:161} INFO - Started process (PID=478) to work on /home/airflow/.local/lib/python3.12/site-packages/airflow/example_dags/example_python_operator.py
[2025-12-14T16:52:22.147+0000] {processor.py:830} INFO - Processing file /home/airflow/.local/lib/python3.12/site-packages/airflow/example_dags/example_python_operator.py for tasks to queue
[2025-12-14T16:52:22.150+0000] {logging_mixin.py:188} INFO - [2025-12-14T16:52:22.150+0000] {dagbag.py:540} INFO - Filling up the DagBag from /home/airflow/.local/lib/python3.12/site-packages/airflow/example_dags/example_python_operator.py
[2025-12-14T16:52:22.163+0000] {processor.py:840} INFO - DAG(s) 'example_python_operator' retrieved from /home/airflow/.local/lib/python3.12/site-packages/airflow/example_dags/example_python_operator.py
[2025-12-14T16:52:22.190+0000] {logging_mixin.py:188} INFO - [2025-12-14T16:52:22.190+0000] {dag.py:3096} INFO - Sync 1 DAGs
[2025-12-14T16:52:22.210+0000] {logging_mixin.py:188} INFO - [2025-12-14T16:52:22.210+0000] {dag.py:3954} INFO - Setting next_dagrun for example_python_operator to None, run_after=None
[2025-12-14T16:52:22.237+0000] {processor.py:183} INFO - Processing /home/airflow/.local/lib/python3.12/site-packages/airflow/example_dags/example_python_operator.py took 0.100 seconds
[2025-12-14T16:55:13.854+0000] {processor.py:161} INFO - Started process (PID=169) to work on /home/airflow/.local/lib/python3.12/site-packages/airflow/example_dags/example_python_operator.py
[2025-12-14T16:55:13.858+0000] {processor.py:830} INFO - Processing file /home/airflow/.local/lib/python3.12/site-packages/airflow/example_dags/example_python_operator.py for tasks to queue
[2025-12-14T16:55:13.860+0000] {logging_mixin.py:188} INFO - [2025-12-14T16:55:13.860+0000] {dagbag.py:540} INFO - Filling up the DagBag from /home/airflow/.local/lib/python3.12/site-packages/airflow/example_dags/example_python_operator.py
[2025-12-14T16:55:13.877+0000] {processor.py:840} INFO - DAG(s) 'example_python_operator' retrieved from /home/airflow/.local/lib/python3.12/site-packages/airflow/example_dags/example_python_operator.py
[2025-12-14T16:55:14.034+0000] {logging_mixin.py:188} INFO - [2025-12-14T16:55:14.033+0000] {dag.py:3096} INFO - Sync 1 DAGs
[2025-12-14T16:55:14.050+0000] {logging_mixin.py:188} INFO - [2025-12-14T16:55:14.049+0000] {dag.py:3954} INFO - Setting next_dagrun for example_python_operator to None, run_after=None
[2025-12-14T16:55:14.081+0000] {processor.py:183} INFO - Processing /home/airflow/.local/lib/python3.12/site-packages/airflow/example_dags/example_python_operator.py took 0.237 seconds
[2025-12-14T16:55:44.193+0000] {processor.py:161} INFO - Started process (PID=241) to work on /home/airflow/.local/lib/python3.12/site-packages/airflow/example_dags/example_python_operator.py
[2025-12-14T16:55:44.194+0000] {processor.py:830} INFO - Processing file /home/airflow/.local/lib/python3.12/site-packages/airflow/example_dags/example_python_operator.py for tasks to queue
[2025-12-14T16:55:44.196+0000] {logging_mixin.py:188} INFO - [2025-12-14T16:55:44.196+0000] {dagbag.py:540} INFO - Filling up the DagBag from /home/airflow/.local/lib/python3.12/site-packages/airflow/example_dags/example_python_operator.py
[2025-12-14T16:55:44.210+0000] {processor.py:840} INFO - DAG(s) 'example_python_operator' retrieved from /home/airflow/.local/lib/python3.12/site-packages/airflow/example_dags/example_python_operator.py
[2025-12-14T16:55:44.240+0000] {logging_mixin.py:188} INFO - [2025-12-14T16:55:44.240+0000] {dag.py:3096} INFO - Sync 1 DAGs
[2025-12-14T16:55:44.256+0000] {logging_mixin.py:188} INFO - [2025-12-14T16:55:44.256+0000] {dag.py:3954} INFO - Setting next_dagrun for example_python_operator to None, run_after=None
[2025-12-14T16:55:44.286+0000] {processor.py:183} INFO - Processing /home/airflow/.local/lib/python3.12/site-packages/airflow/example_dags/example_python_operator.py took 0.100 seconds
[2025-12-14T16:56:15.179+0000] {processor.py:161} INFO - Started process (PID=312) to work on /home/airflow/.local/lib/python3.12/site-packages/airflow/example_dags/example_python_operator.py
[2025-12-14T16:56:15.181+0000] {processor.py:830} INFO - Processing file /home/airflow/.local/lib/python3.12/site-packages/airflow/example_dags/example_python_operator.py for tasks to queue
[2025-12-14T16:56:15.183+0000] {logging_mixin.py:188} INFO - [2025-12-14T16:56:15.183+0000] {dagbag.py:540} INFO - Filling up the DagBag from /home/airflow/.local/lib/python3.12/site-packages/airflow/example_dags/example_python_operator.py
[2025-12-14T16:56:15.195+0000] {processor.py:840} INFO - DAG(s) 'example_python_operator' retrieved from /home/airflow/.local/lib/python3.12/site-packages/airflow/example_dags/example_python_operator.py
[2025-12-14T16:56:15.223+0000] {logging_mixin.py:188} INFO - [2025-12-14T16:56:15.222+0000] {dag.py:3096} INFO - Sync 1 DAGs
[2025-12-14T16:56:15.236+0000] {logging_mixin.py:188} INFO - [2025-12-14T16:56:15.236+0000] {dag.py:3954} INFO - Setting next_dagrun for example_python_operator to None, run_after=None
[2025-12-14T16:56:15.261+0000] {processor.py:183} INFO - Processing /home/airflow/.local/lib/python3.12/site-packages/airflow/example_dags/example_python_operator.py took 0.088 seconds
[2025-12-14T16:56:46.280+0000] {processor.py:161} INFO - Started process (PID=384) to work on /home/airflow/.local/lib/python3.12/site-packages/airflow/example_dags/example_python_operator.py
[2025-12-14T16:56:46.281+0000] {processor.py:830} INFO - Processing file /home/airflow/.local/lib/python3.12/site-packages/airflow/example_dags/example_python_operator.py for tasks to queue
[2025-12-14T16:56:46.283+0000] {logging_mixin.py:188} INFO - [2025-12-14T16:56:46.283+0000] {dagbag.py:540} INFO - Filling up the DagBag from /home/airflow/.local/lib/python3.12/site-packages/airflow/example_dags/example_python_operator.py
[2025-12-14T16:56:46.296+0000] {processor.py:840} INFO - DAG(s) 'example_python_operator' retrieved from /home/airflow/.local/lib/python3.12/site-packages/airflow/example_dags/example_python_operator.py
[2025-12-14T16:56:46.320+0000] {logging_mixin.py:188} INFO - [2025-12-14T16:56:46.320+0000] {dag.py:3096} INFO - Sync 1 DAGs
[2025-12-14T16:56:46.335+0000] {logging_mixin.py:188} INFO - [2025-12-14T16:56:46.334+0000] {dag.py:3954} INFO - Setting next_dagrun for example_python_operator to None, run_after=None
[2025-12-14T16:56:46.358+0000] {processor.py:183} INFO - Processing /home/airflow/.local/lib/python3.12/site-packages/airflow/example_dags/example_python_operator.py took 0.086 seconds
[2025-12-14T16:57:16.890+0000] {processor.py:161} INFO - Started process (PID=455) to work on /home/airflow/.local/lib/python3.12/site-packages/airflow/example_dags/example_python_operator.py
[2025-12-14T16:57:16.891+0000] {processor.py:830} INFO - Processing file /home/airflow/.local/lib/python3.12/site-packages/airflow/example_dags/example_python_operator.py for tasks to queue
[2025-12-14T16:57:16.894+0000] {logging_mixin.py:188} INFO - [2025-12-14T16:57:16.893+0000] {dagbag.py:540} INFO - Filling up the DagBag from /home/airflow/.local/lib/python3.12/site-packages/airflow/example_dags/example_python_operator.py
[2025-12-14T16:57:16.907+0000] {processor.py:840} INFO - DAG(s) 'example_python_operator' retrieved from /home/airflow/.local/lib/python3.12/site-packages/airflow/example_dags/example_python_operator.py
[2025-12-14T16:57:16.937+0000] {logging_mixin.py:188} INFO - [2025-12-14T16:57:16.936+0000] {dag.py:3096} INFO - Sync 1 DAGs
[2025-12-14T16:57:16.952+0000] {logging_mixin.py:188} INFO - [2025-12-14T16:57:16.952+0000] {dag.py:3954} INFO - Setting next_dagrun for example_python_operator to None, run_after=None
[2025-12-14T16:57:16.976+0000] {processor.py:183} INFO - Processing /home/airflow/.local/lib/python3.12/site-packages/airflow/example_dags/example_python_operator.py took 0.095 seconds
[2025-12-14T16:58:38.175+0000] {processor.py:161} INFO - Started process (PID=118) to work on /home/airflow/.local/lib/python3.12/site-packages/airflow/example_dags/example_python_operator.py
[2025-12-14T16:58:38.176+0000] {processor.py:830} INFO - Processing file /home/airflow/.local/lib/python3.12/site-packages/airflow/example_dags/example_python_operator.py for tasks to queue
[2025-12-14T16:58:38.180+0000] {logging_mixin.py:188} INFO - [2025-12-14T16:58:38.179+0000] {dagbag.py:540} INFO - Filling up the DagBag from /home/airflow/.local/lib/python3.12/site-packages/airflow/example_dags/example_python_operator.py
[2025-12-14T16:58:38.197+0000] {processor.py:840} INFO - DAG(s) 'example_python_operator' retrieved from /home/airflow/.local/lib/python3.12/site-packages/airflow/example_dags/example_python_operator.py
[2025-12-14T16:58:38.639+0000] {logging_mixin.py:188} INFO - [2025-12-14T16:58:38.638+0000] {dag.py:3096} INFO - Sync 1 DAGs
[2025-12-14T16:58:38.797+0000] {logging_mixin.py:188} INFO - [2025-12-14T16:58:38.796+0000] {dag.py:3954} INFO - Setting next_dagrun for example_python_operator to None, run_after=None
[2025-12-14T16:58:38.872+0000] {processor.py:183} INFO - Processing /home/airflow/.local/lib/python3.12/site-packages/airflow/example_dags/example_python_operator.py took 0.705 seconds
[2025-12-14T16:59:09.625+0000] {processor.py:161} INFO - Started process (PID=180) to work on /home/airflow/.local/lib/python3.12/site-packages/airflow/example_dags/example_python_operator.py
[2025-12-14T16:59:09.626+0000] {processor.py:830} INFO - Processing file /home/airflow/.local/lib/python3.12/site-packages/airflow/example_dags/example_python_operator.py for tasks to queue
[2025-12-14T16:59:09.629+0000] {logging_mixin.py:188} INFO - [2025-12-14T16:59:09.628+0000] {dagbag.py:540} INFO - Filling up the DagBag from /home/airflow/.local/lib/python3.12/site-packages/airflow/example_dags/example_python_operator.py
[2025-12-14T16:59:09.644+0000] {processor.py:840} INFO - DAG(s) 'example_python_operator' retrieved from /home/airflow/.local/lib/python3.12/site-packages/airflow/example_dags/example_python_operator.py
[2025-12-14T16:59:09.672+0000] {logging_mixin.py:188} INFO - [2025-12-14T16:59:09.672+0000] {dag.py:3096} INFO - Sync 1 DAGs
[2025-12-14T16:59:09.688+0000] {logging_mixin.py:188} INFO - [2025-12-14T16:59:09.688+0000] {dag.py:3954} INFO - Setting next_dagrun for example_python_operator to None, run_after=None
[2025-12-14T16:59:10.031+0000] {processor.py:183} INFO - Processing /home/airflow/.local/lib/python3.12/site-packages/airflow/example_dags/example_python_operator.py took 0.414 seconds
[2025-12-14T16:59:41.041+0000] {processor.py:161} INFO - Started process (PID=242) to work on /home/airflow/.local/lib/python3.12/site-packages/airflow/example_dags/example_python_operator.py
[2025-12-14T16:59:41.043+0000] {processor.py:830} INFO - Processing file /home/airflow/.local/lib/python3.12/site-packages/airflow/example_dags/example_python_operator.py for tasks to queue
[2025-12-14T16:59:41.045+0000] {logging_mixin.py:188} INFO - [2025-12-14T16:59:41.044+0000] {dagbag.py:540} INFO - Filling up the DagBag from /home/airflow/.local/lib/python3.12/site-packages/airflow/example_dags/example_python_operator.py
[2025-12-14T16:59:41.060+0000] {processor.py:840} INFO - DAG(s) 'example_python_operator' retrieved from /home/airflow/.local/lib/python3.12/site-packages/airflow/example_dags/example_python_operator.py
[2025-12-14T16:59:41.092+0000] {logging_mixin.py:188} INFO - [2025-12-14T16:59:41.091+0000] {dag.py:3096} INFO - Sync 1 DAGs
[2025-12-14T16:59:41.106+0000] {logging_mixin.py:188} INFO - [2025-12-14T16:59:41.105+0000] {dag.py:3954} INFO - Setting next_dagrun for example_python_operator to None, run_after=None
[2025-12-14T16:59:41.131+0000] {processor.py:183} INFO - Processing /home/airflow/.local/lib/python3.12/site-packages/airflow/example_dags/example_python_operator.py took 0.099 seconds
[2025-12-14T17:00:11.549+0000] {processor.py:161} INFO - Started process (PID=302) to work on /home/airflow/.local/lib/python3.12/site-packages/airflow/example_dags/example_python_operator.py
[2025-12-14T17:00:11.551+0000] {processor.py:830} INFO - Processing file /home/airflow/.local/lib/python3.12/site-packages/airflow/example_dags/example_python_operator.py for tasks to queue
[2025-12-14T17:00:11.552+0000] {logging_mixin.py:188} INFO - [2025-12-14T17:00:11.552+0000] {dagbag.py:540} INFO - Filling up the DagBag from /home/airflow/.local/lib/python3.12/site-packages/airflow/example_dags/example_python_operator.py
[2025-12-14T17:00:11.565+0000] {processor.py:840} INFO - DAG(s) 'example_python_operator' retrieved from /home/airflow/.local/lib/python3.12/site-packages/airflow/example_dags/example_python_operator.py
[2025-12-14T17:00:11.591+0000] {logging_mixin.py:188} INFO - [2025-12-14T17:00:11.591+0000] {dag.py:3096} INFO - Sync 1 DAGs
[2025-12-14T17:00:11.605+0000] {logging_mixin.py:188} INFO - [2025-12-14T17:00:11.605+0000] {dag.py:3954} INFO - Setting next_dagrun for example_python_operator to None, run_after=None
[2025-12-14T17:00:11.627+0000] {processor.py:183} INFO - Processing /home/airflow/.local/lib/python3.12/site-packages/airflow/example_dags/example_python_operator.py took 0.087 seconds
[2025-12-14T17:00:42.058+0000] {processor.py:161} INFO - Started process (PID=360) to work on /home/airflow/.local/lib/python3.12/site-packages/airflow/example_dags/example_python_operator.py
[2025-12-14T17:00:42.059+0000] {processor.py:830} INFO - Processing file /home/airflow/.local/lib/python3.12/site-packages/airflow/example_dags/example_python_operator.py for tasks to queue
[2025-12-14T17:00:42.060+0000] {logging_mixin.py:188} INFO - [2025-12-14T17:00:42.060+0000] {dagbag.py:540} INFO - Filling up the DagBag from /home/airflow/.local/lib/python3.12/site-packages/airflow/example_dags/example_python_operator.py
[2025-12-14T17:00:42.075+0000] {processor.py:840} INFO - DAG(s) 'example_python_operator' retrieved from /home/airflow/.local/lib/python3.12/site-packages/airflow/example_dags/example_python_operator.py
[2025-12-14T17:00:42.127+0000] {logging_mixin.py:188} INFO - [2025-12-14T17:00:42.127+0000] {dag.py:3096} INFO - Sync 1 DAGs
[2025-12-14T17:00:42.163+0000] {logging_mixin.py:188} INFO - [2025-12-14T17:00:42.162+0000] {dag.py:3954} INFO - Setting next_dagrun for example_python_operator to None, run_after=None
[2025-12-14T17:00:42.197+0000] {processor.py:183} INFO - Processing /home/airflow/.local/lib/python3.12/site-packages/airflow/example_dags/example_python_operator.py took 0.146 seconds
[2025-12-14T17:02:58.093+0000] {processor.py:161} INFO - Started process (PID=156) to work on /home/airflow/.local/lib/python3.12/site-packages/airflow/example_dags/example_python_operator.py
[2025-12-14T17:02:58.094+0000] {processor.py:830} INFO - Processing file /home/airflow/.local/lib/python3.12/site-packages/airflow/example_dags/example_python_operator.py for tasks to queue
[2025-12-14T17:02:58.098+0000] {logging_mixin.py:188} INFO - [2025-12-14T17:02:58.097+0000] {dagbag.py:540} INFO - Filling up the DagBag from /home/airflow/.local/lib/python3.12/site-packages/airflow/example_dags/example_python_operator.py
[2025-12-14T17:02:58.126+0000] {processor.py:840} INFO - DAG(s) 'example_python_operator' retrieved from /home/airflow/.local/lib/python3.12/site-packages/airflow/example_dags/example_python_operator.py
[2025-12-14T17:02:58.395+0000] {logging_mixin.py:188} INFO - [2025-12-14T17:02:58.395+0000] {dag.py:3096} INFO - Sync 1 DAGs
[2025-12-14T17:02:58.420+0000] {logging_mixin.py:188} INFO - [2025-12-14T17:02:58.420+0000] {dag.py:3954} INFO - Setting next_dagrun for example_python_operator to None, run_after=None
[2025-12-14T17:02:58.461+0000] {processor.py:183} INFO - Processing /home/airflow/.local/lib/python3.12/site-packages/airflow/example_dags/example_python_operator.py took 0.379 seconds
[2025-12-14T17:03:28.576+0000] {processor.py:161} INFO - Started process (PID=227) to work on /home/airflow/.local/lib/python3.12/site-packages/airflow/example_dags/example_python_operator.py
[2025-12-14T17:03:28.578+0000] {processor.py:830} INFO - Processing file /home/airflow/.local/lib/python3.12/site-packages/airflow/example_dags/example_python_operator.py for tasks to queue
[2025-12-14T17:03:28.580+0000] {logging_mixin.py:188} INFO - [2025-12-14T17:03:28.580+0000] {dagbag.py:540} INFO - Filling up the DagBag from /home/airflow/.local/lib/python3.12/site-packages/airflow/example_dags/example_python_operator.py
[2025-12-14T17:03:28.594+0000] {processor.py:840} INFO - DAG(s) 'example_python_operator' retrieved from /home/airflow/.local/lib/python3.12/site-packages/airflow/example_dags/example_python_operator.py
[2025-12-14T17:03:28.622+0000] {logging_mixin.py:188} INFO - [2025-12-14T17:03:28.621+0000] {dag.py:3096} INFO - Sync 1 DAGs
[2025-12-14T17:03:28.637+0000] {logging_mixin.py:188} INFO - [2025-12-14T17:03:28.637+0000] {dag.py:3954} INFO - Setting next_dagrun for example_python_operator to None, run_after=None
[2025-12-14T17:03:28.664+0000] {processor.py:183} INFO - Processing /home/airflow/.local/lib/python3.12/site-packages/airflow/example_dags/example_python_operator.py took 0.095 seconds
[2025-12-14T17:03:59.438+0000] {processor.py:161} INFO - Started process (PID=298) to work on /home/airflow/.local/lib/python3.12/site-packages/airflow/example_dags/example_python_operator.py
[2025-12-14T17:03:59.439+0000] {processor.py:830} INFO - Processing file /home/airflow/.local/lib/python3.12/site-packages/airflow/example_dags/example_python_operator.py for tasks to queue
[2025-12-14T17:03:59.442+0000] {logging_mixin.py:188} INFO - [2025-12-14T17:03:59.441+0000] {dagbag.py:540} INFO - Filling up the DagBag from /home/airflow/.local/lib/python3.12/site-packages/airflow/example_dags/example_python_operator.py
[2025-12-14T17:03:59.453+0000] {processor.py:840} INFO - DAG(s) 'example_python_operator' retrieved from /home/airflow/.local/lib/python3.12/site-packages/airflow/example_dags/example_python_operator.py
[2025-12-14T17:03:59.480+0000] {logging_mixin.py:188} INFO - [2025-12-14T17:03:59.480+0000] {dag.py:3096} INFO - Sync 1 DAGs
[2025-12-14T17:03:59.494+0000] {logging_mixin.py:188} INFO - [2025-12-14T17:03:59.494+0000] {dag.py:3954} INFO - Setting next_dagrun for example_python_operator to None, run_after=None
[2025-12-14T17:03:59.517+0000] {processor.py:183} INFO - Processing /home/airflow/.local/lib/python3.12/site-packages/airflow/example_dags/example_python_operator.py took 0.086 seconds
[2025-12-14T17:04:30.200+0000] {processor.py:161} INFO - Started process (PID=369) to work on /home/airflow/.local/lib/python3.12/site-packages/airflow/example_dags/example_python_operator.py
[2025-12-14T17:04:30.203+0000] {processor.py:830} INFO - Processing file /home/airflow/.local/lib/python3.12/site-packages/airflow/example_dags/example_python_operator.py for tasks to queue
[2025-12-14T17:04:30.206+0000] {logging_mixin.py:188} INFO - [2025-12-14T17:04:30.205+0000] {dagbag.py:540} INFO - Filling up the DagBag from /home/airflow/.local/lib/python3.12/site-packages/airflow/example_dags/example_python_operator.py
[2025-12-14T17:04:30.222+0000] {processor.py:840} INFO - DAG(s) 'example_python_operator' retrieved from /home/airflow/.local/lib/python3.12/site-packages/airflow/example_dags/example_python_operator.py
[2025-12-14T17:04:30.259+0000] {logging_mixin.py:188} INFO - [2025-12-14T17:04:30.259+0000] {dag.py:3096} INFO - Sync 1 DAGs
[2025-12-14T17:04:30.281+0000] {logging_mixin.py:188} INFO - [2025-12-14T17:04:30.281+0000] {dag.py:3954} INFO - Setting next_dagrun for example_python_operator to None, run_after=None
[2025-12-14T17:04:30.314+0000] {processor.py:183} INFO - Processing /home/airflow/.local/lib/python3.12/site-packages/airflow/example_dags/example_python_operator.py took 0.126 seconds
[2025-12-14T17:07:20.968+0000] {processor.py:161} INFO - Started process (PID=147) to work on /home/airflow/.local/lib/python3.12/site-packages/airflow/example_dags/example_python_operator.py
[2025-12-14T17:07:20.969+0000] {processor.py:830} INFO - Processing file /home/airflow/.local/lib/python3.12/site-packages/airflow/example_dags/example_python_operator.py for tasks to queue
[2025-12-14T17:07:20.972+0000] {logging_mixin.py:188} INFO - [2025-12-14T17:07:20.972+0000] {dagbag.py:540} INFO - Filling up the DagBag from /home/airflow/.local/lib/python3.12/site-packages/airflow/example_dags/example_python_operator.py
[2025-12-14T17:07:20.990+0000] {processor.py:840} INFO - DAG(s) 'example_python_operator' retrieved from /home/airflow/.local/lib/python3.12/site-packages/airflow/example_dags/example_python_operator.py
[2025-12-14T17:07:21.150+0000] {logging_mixin.py:188} INFO - [2025-12-14T17:07:21.149+0000] {dag.py:3096} INFO - Sync 1 DAGs
[2025-12-14T17:07:21.163+0000] {logging_mixin.py:188} INFO - [2025-12-14T17:07:21.163+0000] {dag.py:3954} INFO - Setting next_dagrun for example_python_operator to None, run_after=None
[2025-12-14T17:07:21.192+0000] {processor.py:183} INFO - Processing /home/airflow/.local/lib/python3.12/site-packages/airflow/example_dags/example_python_operator.py took 0.232 seconds
[2025-12-14T17:07:51.307+0000] {processor.py:161} INFO - Started process (PID=220) to work on /home/airflow/.local/lib/python3.12/site-packages/airflow/example_dags/example_python_operator.py
[2025-12-14T17:07:51.309+0000] {processor.py:830} INFO - Processing file /home/airflow/.local/lib/python3.12/site-packages/airflow/example_dags/example_python_operator.py for tasks to queue
[2025-12-14T17:07:51.312+0000] {logging_mixin.py:188} INFO - [2025-12-14T17:07:51.311+0000] {dagbag.py:540} INFO - Filling up the DagBag from /home/airflow/.local/lib/python3.12/site-packages/airflow/example_dags/example_python_operator.py
[2025-12-14T17:07:51.325+0000] {processor.py:840} INFO - DAG(s) 'example_python_operator' retrieved from /home/airflow/.local/lib/python3.12/site-packages/airflow/example_dags/example_python_operator.py
[2025-12-14T17:07:51.356+0000] {logging_mixin.py:188} INFO - [2025-12-14T17:07:51.355+0000] {dag.py:3096} INFO - Sync 1 DAGs
[2025-12-14T17:07:51.373+0000] {logging_mixin.py:188} INFO - [2025-12-14T17:07:51.372+0000] {dag.py:3954} INFO - Setting next_dagrun for example_python_operator to None, run_after=None
[2025-12-14T17:07:51.396+0000] {processor.py:183} INFO - Processing /home/airflow/.local/lib/python3.12/site-packages/airflow/example_dags/example_python_operator.py took 0.095 seconds
[2025-12-14T17:08:22.597+0000] {processor.py:161} INFO - Started process (PID=291) to work on /home/airflow/.local/lib/python3.12/site-packages/airflow/example_dags/example_python_operator.py
[2025-12-14T17:08:22.599+0000] {processor.py:830} INFO - Processing file /home/airflow/.local/lib/python3.12/site-packages/airflow/example_dags/example_python_operator.py for tasks to queue
[2025-12-14T17:08:22.604+0000] {logging_mixin.py:188} INFO - [2025-12-14T17:08:22.603+0000] {dagbag.py:540} INFO - Filling up the DagBag from /home/airflow/.local/lib/python3.12/site-packages/airflow/example_dags/example_python_operator.py
[2025-12-14T17:08:22.625+0000] {processor.py:840} INFO - DAG(s) 'example_python_operator' retrieved from /home/airflow/.local/lib/python3.12/site-packages/airflow/example_dags/example_python_operator.py
[2025-12-14T17:08:22.670+0000] {logging_mixin.py:188} INFO - [2025-12-14T17:08:22.669+0000] {dag.py:3096} INFO - Sync 1 DAGs
[2025-12-14T17:08:22.703+0000] {logging_mixin.py:188} INFO - [2025-12-14T17:08:22.702+0000] {dag.py:3954} INFO - Setting next_dagrun for example_python_operator to None, run_after=None
[2025-12-14T17:08:22.745+0000] {processor.py:183} INFO - Processing /home/airflow/.local/lib/python3.12/site-packages/airflow/example_dags/example_python_operator.py took 0.158 seconds
[2025-12-14T17:08:54.570+0000] {processor.py:161} INFO - Started process (PID=361) to work on /home/airflow/.local/lib/python3.12/site-packages/airflow/example_dags/example_python_operator.py
[2025-12-14T17:08:54.571+0000] {processor.py:830} INFO - Processing file /home/airflow/.local/lib/python3.12/site-packages/airflow/example_dags/example_python_operator.py for tasks to queue
[2025-12-14T17:08:54.574+0000] {logging_mixin.py:188} INFO - [2025-12-14T17:08:54.574+0000] {dagbag.py:540} INFO - Filling up the DagBag from /home/airflow/.local/lib/python3.12/site-packages/airflow/example_dags/example_python_operator.py
[2025-12-14T17:08:54.586+0000] {processor.py:840} INFO - DAG(s) 'example_python_operator' retrieved from /home/airflow/.local/lib/python3.12/site-packages/airflow/example_dags/example_python_operator.py
[2025-12-14T17:08:54.615+0000] {logging_mixin.py:188} INFO - [2025-12-14T17:08:54.614+0000] {dag.py:3096} INFO - Sync 1 DAGs
[2025-12-14T17:08:54.630+0000] {logging_mixin.py:188} INFO - [2025-12-14T17:08:54.630+0000] {dag.py:3954} INFO - Setting next_dagrun for example_python_operator to None, run_after=None
[2025-12-14T17:08:54.655+0000] {processor.py:183} INFO - Processing /home/airflow/.local/lib/python3.12/site-packages/airflow/example_dags/example_python_operator.py took 0.092 seconds
[2025-12-14T17:09:26.482+0000] {processor.py:161} INFO - Started process (PID=432) to work on /home/airflow/.local/lib/python3.12/site-packages/airflow/example_dags/example_python_operator.py
[2025-12-14T17:09:26.483+0000] {processor.py:830} INFO - Processing file /home/airflow/.local/lib/python3.12/site-packages/airflow/example_dags/example_python_operator.py for tasks to queue
[2025-12-14T17:09:26.487+0000] {logging_mixin.py:188} INFO - [2025-12-14T17:09:26.486+0000] {dagbag.py:540} INFO - Filling up the DagBag from /home/airflow/.local/lib/python3.12/site-packages/airflow/example_dags/example_python_operator.py
[2025-12-14T17:09:26.503+0000] {processor.py:840} INFO - DAG(s) 'example_python_operator' retrieved from /home/airflow/.local/lib/python3.12/site-packages/airflow/example_dags/example_python_operator.py
[2025-12-14T17:09:26.535+0000] {logging_mixin.py:188} INFO - [2025-12-14T17:09:26.535+0000] {dag.py:3096} INFO - Sync 1 DAGs
[2025-12-14T17:09:26.553+0000] {logging_mixin.py:188} INFO - [2025-12-14T17:09:26.553+0000] {dag.py:3954} INFO - Setting next_dagrun for example_python_operator to None, run_after=None
[2025-12-14T17:09:26.581+0000] {processor.py:183} INFO - Processing /home/airflow/.local/lib/python3.12/site-packages/airflow/example_dags/example_python_operator.py took 0.108 seconds
[2025-12-14T17:09:57.571+0000] {processor.py:161} INFO - Started process (PID=503) to work on /home/airflow/.local/lib/python3.12/site-packages/airflow/example_dags/example_python_operator.py
[2025-12-14T17:09:57.572+0000] {processor.py:830} INFO - Processing file /home/airflow/.local/lib/python3.12/site-packages/airflow/example_dags/example_python_operator.py for tasks to queue
[2025-12-14T17:09:57.575+0000] {logging_mixin.py:188} INFO - [2025-12-14T17:09:57.575+0000] {dagbag.py:540} INFO - Filling up the DagBag from /home/airflow/.local/lib/python3.12/site-packages/airflow/example_dags/example_python_operator.py
[2025-12-14T17:09:57.589+0000] {processor.py:840} INFO - DAG(s) 'example_python_operator' retrieved from /home/airflow/.local/lib/python3.12/site-packages/airflow/example_dags/example_python_operator.py
[2025-12-14T17:09:57.618+0000] {logging_mixin.py:188} INFO - [2025-12-14T17:09:57.618+0000] {dag.py:3096} INFO - Sync 1 DAGs
[2025-12-14T17:09:57.634+0000] {logging_mixin.py:188} INFO - [2025-12-14T17:09:57.633+0000] {dag.py:3954} INFO - Setting next_dagrun for example_python_operator to None, run_after=None
[2025-12-14T17:09:57.657+0000] {processor.py:183} INFO - Processing /home/airflow/.local/lib/python3.12/site-packages/airflow/example_dags/example_python_operator.py took 0.094 seconds
[2025-12-14T17:10:27.951+0000] {processor.py:161} INFO - Started process (PID=574) to work on /home/airflow/.local/lib/python3.12/site-packages/airflow/example_dags/example_python_operator.py
[2025-12-14T17:10:27.953+0000] {processor.py:830} INFO - Processing file /home/airflow/.local/lib/python3.12/site-packages/airflow/example_dags/example_python_operator.py for tasks to queue
[2025-12-14T17:10:27.955+0000] {logging_mixin.py:188} INFO - [2025-12-14T17:10:27.954+0000] {dagbag.py:540} INFO - Filling up the DagBag from /home/airflow/.local/lib/python3.12/site-packages/airflow/example_dags/example_python_operator.py
[2025-12-14T17:10:27.967+0000] {processor.py:840} INFO - DAG(s) 'example_python_operator' retrieved from /home/airflow/.local/lib/python3.12/site-packages/airflow/example_dags/example_python_operator.py
[2025-12-14T17:10:27.996+0000] {logging_mixin.py:188} INFO - [2025-12-14T17:10:27.995+0000] {dag.py:3096} INFO - Sync 1 DAGs
[2025-12-14T17:10:28.010+0000] {logging_mixin.py:188} INFO - [2025-12-14T17:10:28.010+0000] {dag.py:3954} INFO - Setting next_dagrun for example_python_operator to None, run_after=None
[2025-12-14T17:10:28.033+0000] {processor.py:183} INFO - Processing /home/airflow/.local/lib/python3.12/site-packages/airflow/example_dags/example_python_operator.py took 0.088 seconds
[2025-12-14T17:10:58.556+0000] {processor.py:161} INFO - Started process (PID=645) to work on /home/airflow/.local/lib/python3.12/site-packages/airflow/example_dags/example_python_operator.py
[2025-12-14T17:10:58.557+0000] {processor.py:830} INFO - Processing file /home/airflow/.local/lib/python3.12/site-packages/airflow/example_dags/example_python_operator.py for tasks to queue
[2025-12-14T17:10:58.560+0000] {logging_mixin.py:188} INFO - [2025-12-14T17:10:58.560+0000] {dagbag.py:540} INFO - Filling up the DagBag from /home/airflow/.local/lib/python3.12/site-packages/airflow/example_dags/example_python_operator.py
[2025-12-14T17:10:58.577+0000] {processor.py:840} INFO - DAG(s) 'example_python_operator' retrieved from /home/airflow/.local/lib/python3.12/site-packages/airflow/example_dags/example_python_operator.py
[2025-12-14T17:10:58.611+0000] {logging_mixin.py:188} INFO - [2025-12-14T17:10:58.610+0000] {dag.py:3096} INFO - Sync 1 DAGs
[2025-12-14T17:10:58.631+0000] {logging_mixin.py:188} INFO - [2025-12-14T17:10:58.631+0000] {dag.py:3954} INFO - Setting next_dagrun for example_python_operator to None, run_after=None
[2025-12-14T17:10:58.665+0000] {processor.py:183} INFO - Processing /home/airflow/.local/lib/python3.12/site-packages/airflow/example_dags/example_python_operator.py took 0.119 seconds
[2025-12-14T17:11:29.242+0000] {processor.py:161} INFO - Started process (PID=716) to work on /home/airflow/.local/lib/python3.12/site-packages/airflow/example_dags/example_python_operator.py
[2025-12-14T17:11:29.243+0000] {processor.py:830} INFO - Processing file /home/airflow/.local/lib/python3.12/site-packages/airflow/example_dags/example_python_operator.py for tasks to queue
[2025-12-14T17:11:29.246+0000] {logging_mixin.py:188} INFO - [2025-12-14T17:11:29.246+0000] {dagbag.py:540} INFO - Filling up the DagBag from /home/airflow/.local/lib/python3.12/site-packages/airflow/example_dags/example_python_operator.py
[2025-12-14T17:11:29.261+0000] {processor.py:840} INFO - DAG(s) 'example_python_operator' retrieved from /home/airflow/.local/lib/python3.12/site-packages/airflow/example_dags/example_python_operator.py
[2025-12-14T17:11:29.296+0000] {logging_mixin.py:188} INFO - [2025-12-14T17:11:29.296+0000] {dag.py:3096} INFO - Sync 1 DAGs
[2025-12-14T17:11:29.315+0000] {logging_mixin.py:188} INFO - [2025-12-14T17:11:29.315+0000] {dag.py:3954} INFO - Setting next_dagrun for example_python_operator to None, run_after=None
[2025-12-14T17:11:29.341+0000] {processor.py:183} INFO - Processing /home/airflow/.local/lib/python3.12/site-packages/airflow/example_dags/example_python_operator.py took 0.110 seconds
[2025-12-14T17:11:59.432+0000] {processor.py:161} INFO - Started process (PID=787) to work on /home/airflow/.local/lib/python3.12/site-packages/airflow/example_dags/example_python_operator.py
[2025-12-14T17:11:59.434+0000] {processor.py:830} INFO - Processing file /home/airflow/.local/lib/python3.12/site-packages/airflow/example_dags/example_python_operator.py for tasks to queue
[2025-12-14T17:11:59.437+0000] {logging_mixin.py:188} INFO - [2025-12-14T17:11:59.436+0000] {dagbag.py:540} INFO - Filling up the DagBag from /home/airflow/.local/lib/python3.12/site-packages/airflow/example_dags/example_python_operator.py
[2025-12-14T17:11:59.458+0000] {processor.py:840} INFO - DAG(s) 'example_python_operator' retrieved from /home/airflow/.local/lib/python3.12/site-packages/airflow/example_dags/example_python_operator.py
[2025-12-14T17:11:59.492+0000] {logging_mixin.py:188} INFO - [2025-12-14T17:11:59.491+0000] {dag.py:3096} INFO - Sync 1 DAGs
[2025-12-14T17:11:59.512+0000] {logging_mixin.py:188} INFO - [2025-12-14T17:11:59.512+0000] {dag.py:3954} INFO - Setting next_dagrun for example_python_operator to None, run_after=None
[2025-12-14T17:11:59.544+0000] {processor.py:183} INFO - Processing /home/airflow/.local/lib/python3.12/site-packages/airflow/example_dags/example_python_operator.py took 0.121 seconds
[2025-12-14T17:12:30.021+0000] {processor.py:161} INFO - Started process (PID=858) to work on /home/airflow/.local/lib/python3.12/site-packages/airflow/example_dags/example_python_operator.py
[2025-12-14T17:12:30.023+0000] {processor.py:830} INFO - Processing file /home/airflow/.local/lib/python3.12/site-packages/airflow/example_dags/example_python_operator.py for tasks to queue
[2025-12-14T17:12:30.026+0000] {logging_mixin.py:188} INFO - [2025-12-14T17:12:30.026+0000] {dagbag.py:540} INFO - Filling up the DagBag from /home/airflow/.local/lib/python3.12/site-packages/airflow/example_dags/example_python_operator.py
[2025-12-14T17:12:30.043+0000] {processor.py:840} INFO - DAG(s) 'example_python_operator' retrieved from /home/airflow/.local/lib/python3.12/site-packages/airflow/example_dags/example_python_operator.py
[2025-12-14T17:12:30.080+0000] {logging_mixin.py:188} INFO - [2025-12-14T17:12:30.079+0000] {dag.py:3096} INFO - Sync 1 DAGs
[2025-12-14T17:12:30.101+0000] {logging_mixin.py:188} INFO - [2025-12-14T17:12:30.101+0000] {dag.py:3954} INFO - Setting next_dagrun for example_python_operator to None, run_after=None
[2025-12-14T17:12:30.130+0000] {processor.py:183} INFO - Processing /home/airflow/.local/lib/python3.12/site-packages/airflow/example_dags/example_python_operator.py took 0.120 seconds
[2025-12-14T17:13:00.717+0000] {processor.py:161} INFO - Started process (PID=930) to work on /home/airflow/.local/lib/python3.12/site-packages/airflow/example_dags/example_python_operator.py
[2025-12-14T17:13:00.719+0000] {processor.py:830} INFO - Processing file /home/airflow/.local/lib/python3.12/site-packages/airflow/example_dags/example_python_operator.py for tasks to queue
[2025-12-14T17:13:00.721+0000] {logging_mixin.py:188} INFO - [2025-12-14T17:13:00.721+0000] {dagbag.py:540} INFO - Filling up the DagBag from /home/airflow/.local/lib/python3.12/site-packages/airflow/example_dags/example_python_operator.py
[2025-12-14T17:13:00.735+0000] {processor.py:840} INFO - DAG(s) 'example_python_operator' retrieved from /home/airflow/.local/lib/python3.12/site-packages/airflow/example_dags/example_python_operator.py
[2025-12-14T17:13:00.768+0000] {logging_mixin.py:188} INFO - [2025-12-14T17:13:00.768+0000] {dag.py:3096} INFO - Sync 1 DAGs
[2025-12-14T17:13:00.782+0000] {logging_mixin.py:188} INFO - [2025-12-14T17:13:00.782+0000] {dag.py:3954} INFO - Setting next_dagrun for example_python_operator to None, run_after=None
[2025-12-14T17:13:00.803+0000] {processor.py:183} INFO - Processing /home/airflow/.local/lib/python3.12/site-packages/airflow/example_dags/example_python_operator.py took 0.093 seconds
[2025-12-14T17:13:31.120+0000] {processor.py:161} INFO - Started process (PID=1001) to work on /home/airflow/.local/lib/python3.12/site-packages/airflow/example_dags/example_python_operator.py
[2025-12-14T17:13:31.122+0000] {processor.py:830} INFO - Processing file /home/airflow/.local/lib/python3.12/site-packages/airflow/example_dags/example_python_operator.py for tasks to queue
[2025-12-14T17:13:31.125+0000] {logging_mixin.py:188} INFO - [2025-12-14T17:13:31.124+0000] {dagbag.py:540} INFO - Filling up the DagBag from /home/airflow/.local/lib/python3.12/site-packages/airflow/example_dags/example_python_operator.py
[2025-12-14T17:13:31.139+0000] {processor.py:840} INFO - DAG(s) 'example_python_operator' retrieved from /home/airflow/.local/lib/python3.12/site-packages/airflow/example_dags/example_python_operator.py
[2025-12-14T17:13:31.171+0000] {logging_mixin.py:188} INFO - [2025-12-14T17:13:31.171+0000] {dag.py:3096} INFO - Sync 1 DAGs
[2025-12-14T17:13:31.189+0000] {logging_mixin.py:188} INFO - [2025-12-14T17:13:31.189+0000] {dag.py:3954} INFO - Setting next_dagrun for example_python_operator to None, run_after=None
[2025-12-14T17:13:31.220+0000] {processor.py:183} INFO - Processing /home/airflow/.local/lib/python3.12/site-packages/airflow/example_dags/example_python_operator.py took 0.108 seconds
[2025-12-14T17:14:01.939+0000] {processor.py:161} INFO - Started process (PID=1072) to work on /home/airflow/.local/lib/python3.12/site-packages/airflow/example_dags/example_python_operator.py
[2025-12-14T17:14:01.941+0000] {processor.py:830} INFO - Processing file /home/airflow/.local/lib/python3.12/site-packages/airflow/example_dags/example_python_operator.py for tasks to queue
[2025-12-14T17:14:01.944+0000] {logging_mixin.py:188} INFO - [2025-12-14T17:14:01.943+0000] {dagbag.py:540} INFO - Filling up the DagBag from /home/airflow/.local/lib/python3.12/site-packages/airflow/example_dags/example_python_operator.py
[2025-12-14T17:14:01.965+0000] {processor.py:840} INFO - DAG(s) 'example_python_operator' retrieved from /home/airflow/.local/lib/python3.12/site-packages/airflow/example_dags/example_python_operator.py
[2025-12-14T17:14:01.997+0000] {logging_mixin.py:188} INFO - [2025-12-14T17:14:01.997+0000] {dag.py:3096} INFO - Sync 1 DAGs
[2025-12-14T17:14:02.014+0000] {logging_mixin.py:188} INFO - [2025-12-14T17:14:02.013+0000] {dag.py:3954} INFO - Setting next_dagrun for example_python_operator to None, run_after=None
[2025-12-14T17:14:02.044+0000] {processor.py:183} INFO - Processing /home/airflow/.local/lib/python3.12/site-packages/airflow/example_dags/example_python_operator.py took 0.114 seconds
[2025-12-14T17:14:32.500+0000] {processor.py:161} INFO - Started process (PID=1144) to work on /home/airflow/.local/lib/python3.12/site-packages/airflow/example_dags/example_python_operator.py
[2025-12-14T17:14:32.502+0000] {processor.py:830} INFO - Processing file /home/airflow/.local/lib/python3.12/site-packages/airflow/example_dags/example_python_operator.py for tasks to queue
[2025-12-14T17:14:32.504+0000] {logging_mixin.py:188} INFO - [2025-12-14T17:14:32.504+0000] {dagbag.py:540} INFO - Filling up the DagBag from /home/airflow/.local/lib/python3.12/site-packages/airflow/example_dags/example_python_operator.py
[2025-12-14T17:14:32.518+0000] {processor.py:840} INFO - DAG(s) 'example_python_operator' retrieved from /home/airflow/.local/lib/python3.12/site-packages/airflow/example_dags/example_python_operator.py
[2025-12-14T17:14:32.546+0000] {logging_mixin.py:188} INFO - [2025-12-14T17:14:32.545+0000] {dag.py:3096} INFO - Sync 1 DAGs
[2025-12-14T17:14:32.560+0000] {logging_mixin.py:188} INFO - [2025-12-14T17:14:32.560+0000] {dag.py:3954} INFO - Setting next_dagrun for example_python_operator to None, run_after=None
[2025-12-14T17:14:32.586+0000] {processor.py:183} INFO - Processing /home/airflow/.local/lib/python3.12/site-packages/airflow/example_dags/example_python_operator.py took 0.092 seconds
[2025-12-14T17:15:03.617+0000] {processor.py:161} INFO - Started process (PID=1215) to work on /home/airflow/.local/lib/python3.12/site-packages/airflow/example_dags/example_python_operator.py
[2025-12-14T17:15:03.618+0000] {processor.py:830} INFO - Processing file /home/airflow/.local/lib/python3.12/site-packages/airflow/example_dags/example_python_operator.py for tasks to queue
[2025-12-14T17:15:03.621+0000] {logging_mixin.py:188} INFO - [2025-12-14T17:15:03.620+0000] {dagbag.py:540} INFO - Filling up the DagBag from /home/airflow/.local/lib/python3.12/site-packages/airflow/example_dags/example_python_operator.py
[2025-12-14T17:15:03.634+0000] {processor.py:840} INFO - DAG(s) 'example_python_operator' retrieved from /home/airflow/.local/lib/python3.12/site-packages/airflow/example_dags/example_python_operator.py
[2025-12-14T17:15:03.809+0000] {logging_mixin.py:188} INFO - [2025-12-14T17:15:03.809+0000] {dag.py:3096} INFO - Sync 1 DAGs
[2025-12-14T17:15:03.821+0000] {logging_mixin.py:188} INFO - [2025-12-14T17:15:03.821+0000] {dag.py:3954} INFO - Setting next_dagrun for example_python_operator to None, run_after=None
[2025-12-14T17:15:03.844+0000] {processor.py:183} INFO - Processing /home/airflow/.local/lib/python3.12/site-packages/airflow/example_dags/example_python_operator.py took 0.234 seconds
[2025-12-14T17:15:34.413+0000] {processor.py:161} INFO - Started process (PID=1288) to work on /home/airflow/.local/lib/python3.12/site-packages/airflow/example_dags/example_python_operator.py
[2025-12-14T17:15:34.414+0000] {processor.py:830} INFO - Processing file /home/airflow/.local/lib/python3.12/site-packages/airflow/example_dags/example_python_operator.py for tasks to queue
[2025-12-14T17:15:34.417+0000] {logging_mixin.py:188} INFO - [2025-12-14T17:15:34.417+0000] {dagbag.py:540} INFO - Filling up the DagBag from /home/airflow/.local/lib/python3.12/site-packages/airflow/example_dags/example_python_operator.py
[2025-12-14T17:15:34.430+0000] {processor.py:840} INFO - DAG(s) 'example_python_operator' retrieved from /home/airflow/.local/lib/python3.12/site-packages/airflow/example_dags/example_python_operator.py
[2025-12-14T17:15:34.456+0000] {logging_mixin.py:188} INFO - [2025-12-14T17:15:34.456+0000] {dag.py:3096} INFO - Sync 1 DAGs
[2025-12-14T17:15:34.470+0000] {logging_mixin.py:188} INFO - [2025-12-14T17:15:34.469+0000] {dag.py:3954} INFO - Setting next_dagrun for example_python_operator to None, run_after=None
[2025-12-14T17:15:34.494+0000] {processor.py:183} INFO - Processing /home/airflow/.local/lib/python3.12/site-packages/airflow/example_dags/example_python_operator.py took 0.088 seconds
[2025-12-14T17:16:04.787+0000] {processor.py:161} INFO - Started process (PID=1359) to work on /home/airflow/.local/lib/python3.12/site-packages/airflow/example_dags/example_python_operator.py
[2025-12-14T17:16:04.789+0000] {processor.py:830} INFO - Processing file /home/airflow/.local/lib/python3.12/site-packages/airflow/example_dags/example_python_operator.py for tasks to queue
[2025-12-14T17:16:04.792+0000] {logging_mixin.py:188} INFO - [2025-12-14T17:16:04.791+0000] {dagbag.py:540} INFO - Filling up the DagBag from /home/airflow/.local/lib/python3.12/site-packages/airflow/example_dags/example_python_operator.py
[2025-12-14T17:16:04.808+0000] {processor.py:840} INFO - DAG(s) 'example_python_operator' retrieved from /home/airflow/.local/lib/python3.12/site-packages/airflow/example_dags/example_python_operator.py
[2025-12-14T17:16:04.835+0000] {logging_mixin.py:188} INFO - [2025-12-14T17:16:04.835+0000] {dag.py:3096} INFO - Sync 1 DAGs
[2025-12-14T17:16:04.850+0000] {logging_mixin.py:188} INFO - [2025-12-14T17:16:04.850+0000] {dag.py:3954} INFO - Setting next_dagrun for example_python_operator to None, run_after=None
[2025-12-14T17:16:04.876+0000] {processor.py:183} INFO - Processing /home/airflow/.local/lib/python3.12/site-packages/airflow/example_dags/example_python_operator.py took 0.098 seconds
