[2025-12-14T16:49:13.543+0000] {processor.py:161} INFO - Started process (PID=92) to work on /home/airflow/.local/lib/python3.12/site-packages/airflow/example_dags/example_python_decorator.py
[2025-12-14T16:49:13.545+0000] {processor.py:830} INFO - Processing file /home/airflow/.local/lib/python3.12/site-packages/airflow/example_dags/example_python_decorator.py for tasks to queue
[2025-12-14T16:49:13.548+0000] {logging_mixin.py:188} INFO - [2025-12-14T16:49:13.548+0000] {dagbag.py:540} INFO - Filling up the DagBag from /home/airflow/.local/lib/python3.12/site-packages/airflow/example_dags/example_python_decorator.py
[2025-12-14T16:49:13.572+0000] {processor.py:840} INFO - DAG(s) 'example_python_decorator' retrieved from /home/airflow/.local/lib/python3.12/site-packages/airflow/example_dags/example_python_decorator.py
[2025-12-14T16:49:13.746+0000] {logging_mixin.py:188} INFO - [2025-12-14T16:49:13.746+0000] {dag.py:3096} INFO - Sync 1 DAGs
[2025-12-14T16:49:13.763+0000] {logging_mixin.py:188} INFO - [2025-12-14T16:49:13.762+0000] {dag.py:3954} INFO - Setting next_dagrun for example_python_decorator to None, run_after=None
[2025-12-14T16:49:13.796+0000] {processor.py:183} INFO - Processing /home/airflow/.local/lib/python3.12/site-packages/airflow/example_dags/example_python_decorator.py took 0.262 seconds
[2025-12-14T16:49:44.095+0000] {processor.py:161} INFO - Started process (PID=157) to work on /home/airflow/.local/lib/python3.12/site-packages/airflow/example_dags/example_python_decorator.py
[2025-12-14T16:49:44.097+0000] {processor.py:830} INFO - Processing file /home/airflow/.local/lib/python3.12/site-packages/airflow/example_dags/example_python_decorator.py for tasks to queue
[2025-12-14T16:49:44.099+0000] {logging_mixin.py:188} INFO - [2025-12-14T16:49:44.099+0000] {dagbag.py:540} INFO - Filling up the DagBag from /home/airflow/.local/lib/python3.12/site-packages/airflow/example_dags/example_python_decorator.py
[2025-12-14T16:49:44.115+0000] {processor.py:840} INFO - DAG(s) 'example_python_decorator' retrieved from /home/airflow/.local/lib/python3.12/site-packages/airflow/example_dags/example_python_decorator.py
[2025-12-14T16:49:44.140+0000] {logging_mixin.py:188} INFO - [2025-12-14T16:49:44.139+0000] {dag.py:3096} INFO - Sync 1 DAGs
[2025-12-14T16:49:44.154+0000] {logging_mixin.py:188} INFO - [2025-12-14T16:49:44.154+0000] {dag.py:3954} INFO - Setting next_dagrun for example_python_decorator to None, run_after=None
[2025-12-14T16:49:44.176+0000] {processor.py:183} INFO - Processing /home/airflow/.local/lib/python3.12/site-packages/airflow/example_dags/example_python_decorator.py took 0.089 seconds
[2025-12-14T16:50:14.616+0000] {processor.py:161} INFO - Started process (PID=215) to work on /home/airflow/.local/lib/python3.12/site-packages/airflow/example_dags/example_python_decorator.py
[2025-12-14T16:50:14.618+0000] {processor.py:830} INFO - Processing file /home/airflow/.local/lib/python3.12/site-packages/airflow/example_dags/example_python_decorator.py for tasks to queue
[2025-12-14T16:50:14.621+0000] {logging_mixin.py:188} INFO - [2025-12-14T16:50:14.621+0000] {dagbag.py:540} INFO - Filling up the DagBag from /home/airflow/.local/lib/python3.12/site-packages/airflow/example_dags/example_python_decorator.py
[2025-12-14T16:50:14.640+0000] {processor.py:840} INFO - DAG(s) 'example_python_decorator' retrieved from /home/airflow/.local/lib/python3.12/site-packages/airflow/example_dags/example_python_decorator.py
[2025-12-14T16:50:14.678+0000] {logging_mixin.py:188} INFO - [2025-12-14T16:50:14.677+0000] {dag.py:3096} INFO - Sync 1 DAGs
[2025-12-14T16:50:14.695+0000] {logging_mixin.py:188} INFO - [2025-12-14T16:50:14.695+0000] {dag.py:3954} INFO - Setting next_dagrun for example_python_decorator to None, run_after=None
[2025-12-14T16:50:14.718+0000] {processor.py:183} INFO - Processing /home/airflow/.local/lib/python3.12/site-packages/airflow/example_dags/example_python_decorator.py took 0.110 seconds
[2025-12-14T16:50:44.941+0000] {processor.py:161} INFO - Started process (PID=280) to work on /home/airflow/.local/lib/python3.12/site-packages/airflow/example_dags/example_python_decorator.py
[2025-12-14T16:50:44.944+0000] {processor.py:830} INFO - Processing file /home/airflow/.local/lib/python3.12/site-packages/airflow/example_dags/example_python_decorator.py for tasks to queue
[2025-12-14T16:50:44.947+0000] {logging_mixin.py:188} INFO - [2025-12-14T16:50:44.946+0000] {dagbag.py:540} INFO - Filling up the DagBag from /home/airflow/.local/lib/python3.12/site-packages/airflow/example_dags/example_python_decorator.py
[2025-12-14T16:50:44.971+0000] {processor.py:840} INFO - DAG(s) 'example_python_decorator' retrieved from /home/airflow/.local/lib/python3.12/site-packages/airflow/example_dags/example_python_decorator.py
[2025-12-14T16:50:45.035+0000] {logging_mixin.py:188} INFO - [2025-12-14T16:50:45.035+0000] {dag.py:3096} INFO - Sync 1 DAGs
[2025-12-14T16:50:45.070+0000] {logging_mixin.py:188} INFO - [2025-12-14T16:50:45.069+0000] {dag.py:3954} INFO - Setting next_dagrun for example_python_decorator to None, run_after=None
[2025-12-14T16:50:45.110+0000] {processor.py:183} INFO - Processing /home/airflow/.local/lib/python3.12/site-packages/airflow/example_dags/example_python_decorator.py took 0.179 seconds
[2025-12-14T16:51:15.964+0000] {processor.py:161} INFO - Started process (PID=338) to work on /home/airflow/.local/lib/python3.12/site-packages/airflow/example_dags/example_python_decorator.py
[2025-12-14T16:51:15.966+0000] {processor.py:830} INFO - Processing file /home/airflow/.local/lib/python3.12/site-packages/airflow/example_dags/example_python_decorator.py for tasks to queue
[2025-12-14T16:51:15.969+0000] {logging_mixin.py:188} INFO - [2025-12-14T16:51:15.969+0000] {dagbag.py:540} INFO - Filling up the DagBag from /home/airflow/.local/lib/python3.12/site-packages/airflow/example_dags/example_python_decorator.py
[2025-12-14T16:51:15.985+0000] {processor.py:840} INFO - DAG(s) 'example_python_decorator' retrieved from /home/airflow/.local/lib/python3.12/site-packages/airflow/example_dags/example_python_decorator.py
[2025-12-14T16:51:16.011+0000] {logging_mixin.py:188} INFO - [2025-12-14T16:51:16.010+0000] {dag.py:3096} INFO - Sync 1 DAGs
[2025-12-14T16:51:16.024+0000] {logging_mixin.py:188} INFO - [2025-12-14T16:51:16.024+0000] {dag.py:3954} INFO - Setting next_dagrun for example_python_decorator to None, run_after=None
[2025-12-14T16:51:16.047+0000] {processor.py:183} INFO - Processing /home/airflow/.local/lib/python3.12/site-packages/airflow/example_dags/example_python_decorator.py took 0.091 seconds
[2025-12-14T16:51:46.952+0000] {processor.py:161} INFO - Started process (PID=396) to work on /home/airflow/.local/lib/python3.12/site-packages/airflow/example_dags/example_python_decorator.py
[2025-12-14T16:51:46.954+0000] {processor.py:830} INFO - Processing file /home/airflow/.local/lib/python3.12/site-packages/airflow/example_dags/example_python_decorator.py for tasks to queue
[2025-12-14T16:51:46.958+0000] {logging_mixin.py:188} INFO - [2025-12-14T16:51:46.957+0000] {dagbag.py:540} INFO - Filling up the DagBag from /home/airflow/.local/lib/python3.12/site-packages/airflow/example_dags/example_python_decorator.py
[2025-12-14T16:51:46.981+0000] {processor.py:840} INFO - DAG(s) 'example_python_decorator' retrieved from /home/airflow/.local/lib/python3.12/site-packages/airflow/example_dags/example_python_decorator.py
[2025-12-14T16:51:47.019+0000] {logging_mixin.py:188} INFO - [2025-12-14T16:51:47.019+0000] {dag.py:3096} INFO - Sync 1 DAGs
[2025-12-14T16:51:47.042+0000] {logging_mixin.py:188} INFO - [2025-12-14T16:51:47.042+0000] {dag.py:3954} INFO - Setting next_dagrun for example_python_decorator to None, run_after=None
[2025-12-14T16:51:47.066+0000] {processor.py:183} INFO - Processing /home/airflow/.local/lib/python3.12/site-packages/airflow/example_dags/example_python_decorator.py took 0.121 seconds
[2025-12-14T16:52:17.780+0000] {processor.py:161} INFO - Started process (PID=454) to work on /home/airflow/.local/lib/python3.12/site-packages/airflow/example_dags/example_python_decorator.py
[2025-12-14T16:52:17.782+0000] {processor.py:830} INFO - Processing file /home/airflow/.local/lib/python3.12/site-packages/airflow/example_dags/example_python_decorator.py for tasks to queue
[2025-12-14T16:52:17.785+0000] {logging_mixin.py:188} INFO - [2025-12-14T16:52:17.784+0000] {dagbag.py:540} INFO - Filling up the DagBag from /home/airflow/.local/lib/python3.12/site-packages/airflow/example_dags/example_python_decorator.py
[2025-12-14T16:52:17.801+0000] {processor.py:840} INFO - DAG(s) 'example_python_decorator' retrieved from /home/airflow/.local/lib/python3.12/site-packages/airflow/example_dags/example_python_decorator.py
[2025-12-14T16:52:17.831+0000] {logging_mixin.py:188} INFO - [2025-12-14T16:52:17.830+0000] {dag.py:3096} INFO - Sync 1 DAGs
[2025-12-14T16:52:17.846+0000] {logging_mixin.py:188} INFO - [2025-12-14T16:52:17.845+0000] {dag.py:3954} INFO - Setting next_dagrun for example_python_decorator to None, run_after=None
[2025-12-14T16:52:17.872+0000] {processor.py:183} INFO - Processing /home/airflow/.local/lib/python3.12/site-packages/airflow/example_dags/example_python_decorator.py took 0.101 seconds
[2025-12-14T16:55:09.913+0000] {processor.py:161} INFO - Started process (PID=145) to work on /home/airflow/.local/lib/python3.12/site-packages/airflow/example_dags/example_python_decorator.py
[2025-12-14T16:55:09.945+0000] {processor.py:830} INFO - Processing file /home/airflow/.local/lib/python3.12/site-packages/airflow/example_dags/example_python_decorator.py for tasks to queue
[2025-12-14T16:55:09.948+0000] {logging_mixin.py:188} INFO - [2025-12-14T16:55:09.947+0000] {dagbag.py:540} INFO - Filling up the DagBag from /home/airflow/.local/lib/python3.12/site-packages/airflow/example_dags/example_python_decorator.py
[2025-12-14T16:55:09.966+0000] {processor.py:840} INFO - DAG(s) 'example_python_decorator' retrieved from /home/airflow/.local/lib/python3.12/site-packages/airflow/example_dags/example_python_decorator.py
[2025-12-14T16:55:10.109+0000] {logging_mixin.py:188} INFO - [2025-12-14T16:55:10.109+0000] {dag.py:3096} INFO - Sync 1 DAGs
[2025-12-14T16:55:10.122+0000] {logging_mixin.py:188} INFO - [2025-12-14T16:55:10.122+0000] {dag.py:3954} INFO - Setting next_dagrun for example_python_decorator to None, run_after=None
[2025-12-14T16:55:10.154+0000] {processor.py:183} INFO - Processing /home/airflow/.local/lib/python3.12/site-packages/airflow/example_dags/example_python_decorator.py took 0.250 seconds
[2025-12-14T16:55:40.273+0000] {processor.py:161} INFO - Started process (PID=217) to work on /home/airflow/.local/lib/python3.12/site-packages/airflow/example_dags/example_python_decorator.py
[2025-12-14T16:55:40.274+0000] {processor.py:830} INFO - Processing file /home/airflow/.local/lib/python3.12/site-packages/airflow/example_dags/example_python_decorator.py for tasks to queue
[2025-12-14T16:55:40.277+0000] {logging_mixin.py:188} INFO - [2025-12-14T16:55:40.277+0000] {dagbag.py:540} INFO - Filling up the DagBag from /home/airflow/.local/lib/python3.12/site-packages/airflow/example_dags/example_python_decorator.py
[2025-12-14T16:55:40.295+0000] {processor.py:840} INFO - DAG(s) 'example_python_decorator' retrieved from /home/airflow/.local/lib/python3.12/site-packages/airflow/example_dags/example_python_decorator.py
[2025-12-14T16:55:40.324+0000] {logging_mixin.py:188} INFO - [2025-12-14T16:55:40.324+0000] {dag.py:3096} INFO - Sync 1 DAGs
[2025-12-14T16:55:40.339+0000] {logging_mixin.py:188} INFO - [2025-12-14T16:55:40.339+0000] {dag.py:3954} INFO - Setting next_dagrun for example_python_decorator to None, run_after=None
[2025-12-14T16:55:40.605+0000] {processor.py:183} INFO - Processing /home/airflow/.local/lib/python3.12/site-packages/airflow/example_dags/example_python_decorator.py took 0.340 seconds
[2025-12-14T16:56:11.215+0000] {processor.py:161} INFO - Started process (PID=288) to work on /home/airflow/.local/lib/python3.12/site-packages/airflow/example_dags/example_python_decorator.py
[2025-12-14T16:56:11.217+0000] {processor.py:830} INFO - Processing file /home/airflow/.local/lib/python3.12/site-packages/airflow/example_dags/example_python_decorator.py for tasks to queue
[2025-12-14T16:56:11.220+0000] {logging_mixin.py:188} INFO - [2025-12-14T16:56:11.220+0000] {dagbag.py:540} INFO - Filling up the DagBag from /home/airflow/.local/lib/python3.12/site-packages/airflow/example_dags/example_python_decorator.py
[2025-12-14T16:56:11.238+0000] {processor.py:840} INFO - DAG(s) 'example_python_decorator' retrieved from /home/airflow/.local/lib/python3.12/site-packages/airflow/example_dags/example_python_decorator.py
[2025-12-14T16:56:11.267+0000] {logging_mixin.py:188} INFO - [2025-12-14T16:56:11.267+0000] {dag.py:3096} INFO - Sync 1 DAGs
[2025-12-14T16:56:11.284+0000] {logging_mixin.py:188} INFO - [2025-12-14T16:56:11.283+0000] {dag.py:3954} INFO - Setting next_dagrun for example_python_decorator to None, run_after=None
[2025-12-14T16:56:11.319+0000] {processor.py:183} INFO - Processing /home/airflow/.local/lib/python3.12/site-packages/airflow/example_dags/example_python_decorator.py took 0.115 seconds
[2025-12-14T16:56:42.217+0000] {processor.py:161} INFO - Started process (PID=349) to work on /home/airflow/.local/lib/python3.12/site-packages/airflow/example_dags/example_python_decorator.py
[2025-12-14T16:56:42.218+0000] {processor.py:830} INFO - Processing file /home/airflow/.local/lib/python3.12/site-packages/airflow/example_dags/example_python_decorator.py for tasks to queue
[2025-12-14T16:56:42.221+0000] {logging_mixin.py:188} INFO - [2025-12-14T16:56:42.220+0000] {dagbag.py:540} INFO - Filling up the DagBag from /home/airflow/.local/lib/python3.12/site-packages/airflow/example_dags/example_python_decorator.py
[2025-12-14T16:56:42.239+0000] {processor.py:840} INFO - DAG(s) 'example_python_decorator' retrieved from /home/airflow/.local/lib/python3.12/site-packages/airflow/example_dags/example_python_decorator.py
[2025-12-14T16:56:42.271+0000] {logging_mixin.py:188} INFO - [2025-12-14T16:56:42.270+0000] {dag.py:3096} INFO - Sync 1 DAGs
[2025-12-14T16:56:42.289+0000] {logging_mixin.py:188} INFO - [2025-12-14T16:56:42.288+0000] {dag.py:3954} INFO - Setting next_dagrun for example_python_decorator to None, run_after=None
[2025-12-14T16:56:42.316+0000] {processor.py:183} INFO - Processing /home/airflow/.local/lib/python3.12/site-packages/airflow/example_dags/example_python_decorator.py took 0.107 seconds
[2025-12-14T16:57:13.100+0000] {processor.py:161} INFO - Started process (PID=418) to work on /home/airflow/.local/lib/python3.12/site-packages/airflow/example_dags/example_python_decorator.py
[2025-12-14T16:57:13.102+0000] {processor.py:830} INFO - Processing file /home/airflow/.local/lib/python3.12/site-packages/airflow/example_dags/example_python_decorator.py for tasks to queue
[2025-12-14T16:57:13.104+0000] {logging_mixin.py:188} INFO - [2025-12-14T16:57:13.104+0000] {dagbag.py:540} INFO - Filling up the DagBag from /home/airflow/.local/lib/python3.12/site-packages/airflow/example_dags/example_python_decorator.py
[2025-12-14T16:57:13.119+0000] {processor.py:840} INFO - DAG(s) 'example_python_decorator' retrieved from /home/airflow/.local/lib/python3.12/site-packages/airflow/example_dags/example_python_decorator.py
[2025-12-14T16:57:13.146+0000] {logging_mixin.py:188} INFO - [2025-12-14T16:57:13.146+0000] {dag.py:3096} INFO - Sync 1 DAGs
[2025-12-14T16:57:13.159+0000] {logging_mixin.py:188} INFO - [2025-12-14T16:57:13.159+0000] {dag.py:3954} INFO - Setting next_dagrun for example_python_decorator to None, run_after=None
[2025-12-14T16:57:13.182+0000] {processor.py:183} INFO - Processing /home/airflow/.local/lib/python3.12/site-packages/airflow/example_dags/example_python_decorator.py took 0.088 seconds
[2025-12-14T16:58:34.076+0000] {processor.py:161} INFO - Started process (PID=94) to work on /home/airflow/.local/lib/python3.12/site-packages/airflow/example_dags/example_python_decorator.py
[2025-12-14T16:58:34.077+0000] {processor.py:830} INFO - Processing file /home/airflow/.local/lib/python3.12/site-packages/airflow/example_dags/example_python_decorator.py for tasks to queue
[2025-12-14T16:58:34.080+0000] {logging_mixin.py:188} INFO - [2025-12-14T16:58:34.079+0000] {dagbag.py:540} INFO - Filling up the DagBag from /home/airflow/.local/lib/python3.12/site-packages/airflow/example_dags/example_python_decorator.py
[2025-12-14T16:58:34.100+0000] {processor.py:840} INFO - DAG(s) 'example_python_decorator' retrieved from /home/airflow/.local/lib/python3.12/site-packages/airflow/example_dags/example_python_decorator.py
[2025-12-14T16:58:34.243+0000] {logging_mixin.py:188} INFO - [2025-12-14T16:58:34.243+0000] {dag.py:3096} INFO - Sync 1 DAGs
[2025-12-14T16:58:34.256+0000] {logging_mixin.py:188} INFO - [2025-12-14T16:58:34.256+0000] {dag.py:3954} INFO - Setting next_dagrun for example_python_decorator to None, run_after=None
[2025-12-14T16:58:34.281+0000] {processor.py:183} INFO - Processing /home/airflow/.local/lib/python3.12/site-packages/airflow/example_dags/example_python_decorator.py took 0.213 seconds
[2025-12-14T16:59:04.446+0000] {processor.py:161} INFO - Started process (PID=154) to work on /home/airflow/.local/lib/python3.12/site-packages/airflow/example_dags/example_python_decorator.py
[2025-12-14T16:59:04.447+0000] {processor.py:830} INFO - Processing file /home/airflow/.local/lib/python3.12/site-packages/airflow/example_dags/example_python_decorator.py for tasks to queue
[2025-12-14T16:59:04.450+0000] {logging_mixin.py:188} INFO - [2025-12-14T16:59:04.450+0000] {dagbag.py:540} INFO - Filling up the DagBag from /home/airflow/.local/lib/python3.12/site-packages/airflow/example_dags/example_python_decorator.py
[2025-12-14T16:59:04.470+0000] {processor.py:840} INFO - DAG(s) 'example_python_decorator' retrieved from /home/airflow/.local/lib/python3.12/site-packages/airflow/example_dags/example_python_decorator.py
[2025-12-14T16:59:04.500+0000] {logging_mixin.py:188} INFO - [2025-12-14T16:59:04.499+0000] {dag.py:3096} INFO - Sync 1 DAGs
[2025-12-14T16:59:04.514+0000] {logging_mixin.py:188} INFO - [2025-12-14T16:59:04.514+0000] {dag.py:3954} INFO - Setting next_dagrun for example_python_decorator to None, run_after=None
[2025-12-14T16:59:04.541+0000] {processor.py:183} INFO - Processing /home/airflow/.local/lib/python3.12/site-packages/airflow/example_dags/example_python_decorator.py took 0.105 seconds
[2025-12-14T16:59:35.594+0000] {processor.py:161} INFO - Started process (PID=214) to work on /home/airflow/.local/lib/python3.12/site-packages/airflow/example_dags/example_python_decorator.py
[2025-12-14T16:59:35.596+0000] {processor.py:830} INFO - Processing file /home/airflow/.local/lib/python3.12/site-packages/airflow/example_dags/example_python_decorator.py for tasks to queue
[2025-12-14T16:59:35.598+0000] {logging_mixin.py:188} INFO - [2025-12-14T16:59:35.597+0000] {dagbag.py:540} INFO - Filling up the DagBag from /home/airflow/.local/lib/python3.12/site-packages/airflow/example_dags/example_python_decorator.py
[2025-12-14T16:59:35.617+0000] {processor.py:840} INFO - DAG(s) 'example_python_decorator' retrieved from /home/airflow/.local/lib/python3.12/site-packages/airflow/example_dags/example_python_decorator.py
[2025-12-14T16:59:35.648+0000] {logging_mixin.py:188} INFO - [2025-12-14T16:59:35.648+0000] {dag.py:3096} INFO - Sync 1 DAGs
[2025-12-14T16:59:35.666+0000] {logging_mixin.py:188} INFO - [2025-12-14T16:59:35.666+0000] {dag.py:3954} INFO - Setting next_dagrun for example_python_decorator to None, run_after=None
[2025-12-14T16:59:35.699+0000] {processor.py:183} INFO - Processing /home/airflow/.local/lib/python3.12/site-packages/airflow/example_dags/example_python_decorator.py took 0.113 seconds
[2025-12-14T17:00:06.498+0000] {processor.py:161} INFO - Started process (PID=274) to work on /home/airflow/.local/lib/python3.12/site-packages/airflow/example_dags/example_python_decorator.py
[2025-12-14T17:00:06.499+0000] {processor.py:830} INFO - Processing file /home/airflow/.local/lib/python3.12/site-packages/airflow/example_dags/example_python_decorator.py for tasks to queue
[2025-12-14T17:00:06.501+0000] {logging_mixin.py:188} INFO - [2025-12-14T17:00:06.500+0000] {dagbag.py:540} INFO - Filling up the DagBag from /home/airflow/.local/lib/python3.12/site-packages/airflow/example_dags/example_python_decorator.py
[2025-12-14T17:00:06.515+0000] {processor.py:840} INFO - DAG(s) 'example_python_decorator' retrieved from /home/airflow/.local/lib/python3.12/site-packages/airflow/example_dags/example_python_decorator.py
[2025-12-14T17:00:06.547+0000] {logging_mixin.py:188} INFO - [2025-12-14T17:00:06.547+0000] {dag.py:3096} INFO - Sync 1 DAGs
[2025-12-14T17:00:06.562+0000] {logging_mixin.py:188} INFO - [2025-12-14T17:00:06.561+0000] {dag.py:3954} INFO - Setting next_dagrun for example_python_decorator to None, run_after=None
[2025-12-14T17:00:06.587+0000] {processor.py:183} INFO - Processing /home/airflow/.local/lib/python3.12/site-packages/airflow/example_dags/example_python_decorator.py took 0.096 seconds
[2025-12-14T17:00:37.467+0000] {processor.py:161} INFO - Started process (PID=334) to work on /home/airflow/.local/lib/python3.12/site-packages/airflow/example_dags/example_python_decorator.py
[2025-12-14T17:00:37.472+0000] {processor.py:830} INFO - Processing file /home/airflow/.local/lib/python3.12/site-packages/airflow/example_dags/example_python_decorator.py for tasks to queue
[2025-12-14T17:00:37.479+0000] {logging_mixin.py:188} INFO - [2025-12-14T17:00:37.476+0000] {dagbag.py:540} INFO - Filling up the DagBag from /home/airflow/.local/lib/python3.12/site-packages/airflow/example_dags/example_python_decorator.py
[2025-12-14T17:00:37.561+0000] {processor.py:840} INFO - DAG(s) 'example_python_decorator' retrieved from /home/airflow/.local/lib/python3.12/site-packages/airflow/example_dags/example_python_decorator.py
[2025-12-14T17:00:37.701+0000] {logging_mixin.py:188} INFO - [2025-12-14T17:00:37.700+0000] {dag.py:3096} INFO - Sync 1 DAGs
[2025-12-14T17:00:37.771+0000] {logging_mixin.py:188} INFO - [2025-12-14T17:00:37.770+0000] {dag.py:3954} INFO - Setting next_dagrun for example_python_decorator to None, run_after=None
[2025-12-14T17:00:37.886+0000] {processor.py:183} INFO - Processing /home/airflow/.local/lib/python3.12/site-packages/airflow/example_dags/example_python_decorator.py took 0.453 seconds
[2025-12-14T17:02:51.868+0000] {processor.py:161} INFO - Started process (PID=132) to work on /home/airflow/.local/lib/python3.12/site-packages/airflow/example_dags/example_python_decorator.py
[2025-12-14T17:02:51.870+0000] {processor.py:830} INFO - Processing file /home/airflow/.local/lib/python3.12/site-packages/airflow/example_dags/example_python_decorator.py for tasks to queue
[2025-12-14T17:02:51.875+0000] {logging_mixin.py:188} INFO - [2025-12-14T17:02:51.874+0000] {dagbag.py:540} INFO - Filling up the DagBag from /home/airflow/.local/lib/python3.12/site-packages/airflow/example_dags/example_python_decorator.py
[2025-12-14T17:02:51.906+0000] {processor.py:840} INFO - DAG(s) 'example_python_decorator' retrieved from /home/airflow/.local/lib/python3.12/site-packages/airflow/example_dags/example_python_decorator.py
[2025-12-14T17:02:52.132+0000] {logging_mixin.py:188} INFO - [2025-12-14T17:02:52.132+0000] {dag.py:3096} INFO - Sync 1 DAGs
[2025-12-14T17:02:52.153+0000] {logging_mixin.py:188} INFO - [2025-12-14T17:02:52.153+0000] {dag.py:3954} INFO - Setting next_dagrun for example_python_decorator to None, run_after=None
[2025-12-14T17:02:52.187+0000] {processor.py:183} INFO - Processing /home/airflow/.local/lib/python3.12/site-packages/airflow/example_dags/example_python_decorator.py took 0.332 seconds
[2025-12-14T17:03:22.364+0000] {processor.py:161} INFO - Started process (PID=203) to work on /home/airflow/.local/lib/python3.12/site-packages/airflow/example_dags/example_python_decorator.py
[2025-12-14T17:03:22.366+0000] {processor.py:830} INFO - Processing file /home/airflow/.local/lib/python3.12/site-packages/airflow/example_dags/example_python_decorator.py for tasks to queue
[2025-12-14T17:03:22.370+0000] {logging_mixin.py:188} INFO - [2025-12-14T17:03:22.369+0000] {dagbag.py:540} INFO - Filling up the DagBag from /home/airflow/.local/lib/python3.12/site-packages/airflow/example_dags/example_python_decorator.py
[2025-12-14T17:03:22.394+0000] {processor.py:840} INFO - DAG(s) 'example_python_decorator' retrieved from /home/airflow/.local/lib/python3.12/site-packages/airflow/example_dags/example_python_decorator.py
[2025-12-14T17:03:22.436+0000] {logging_mixin.py:188} INFO - [2025-12-14T17:03:22.436+0000] {dag.py:3096} INFO - Sync 1 DAGs
[2025-12-14T17:03:22.461+0000] {logging_mixin.py:188} INFO - [2025-12-14T17:03:22.461+0000] {dag.py:3954} INFO - Setting next_dagrun for example_python_decorator to None, run_after=None
[2025-12-14T17:03:22.492+0000] {processor.py:183} INFO - Processing /home/airflow/.local/lib/python3.12/site-packages/airflow/example_dags/example_python_decorator.py took 0.138 seconds
[2025-12-14T17:03:53.377+0000] {processor.py:161} INFO - Started process (PID=274) to work on /home/airflow/.local/lib/python3.12/site-packages/airflow/example_dags/example_python_decorator.py
[2025-12-14T17:03:53.378+0000] {processor.py:830} INFO - Processing file /home/airflow/.local/lib/python3.12/site-packages/airflow/example_dags/example_python_decorator.py for tasks to queue
[2025-12-14T17:03:53.380+0000] {logging_mixin.py:188} INFO - [2025-12-14T17:03:53.380+0000] {dagbag.py:540} INFO - Filling up the DagBag from /home/airflow/.local/lib/python3.12/site-packages/airflow/example_dags/example_python_decorator.py
[2025-12-14T17:03:53.395+0000] {processor.py:840} INFO - DAG(s) 'example_python_decorator' retrieved from /home/airflow/.local/lib/python3.12/site-packages/airflow/example_dags/example_python_decorator.py
[2025-12-14T17:03:53.420+0000] {logging_mixin.py:188} INFO - [2025-12-14T17:03:53.420+0000] {dag.py:3096} INFO - Sync 1 DAGs
[2025-12-14T17:03:53.433+0000] {logging_mixin.py:188} INFO - [2025-12-14T17:03:53.433+0000] {dag.py:3954} INFO - Setting next_dagrun for example_python_decorator to None, run_after=None
[2025-12-14T17:03:53.455+0000] {processor.py:183} INFO - Processing /home/airflow/.local/lib/python3.12/site-packages/airflow/example_dags/example_python_decorator.py took 0.085 seconds
[2025-12-14T17:04:24.926+0000] {processor.py:161} INFO - Started process (PID=345) to work on /home/airflow/.local/lib/python3.12/site-packages/airflow/example_dags/example_python_decorator.py
[2025-12-14T17:04:24.928+0000] {processor.py:830} INFO - Processing file /home/airflow/.local/lib/python3.12/site-packages/airflow/example_dags/example_python_decorator.py for tasks to queue
[2025-12-14T17:04:24.930+0000] {logging_mixin.py:188} INFO - [2025-12-14T17:04:24.930+0000] {dagbag.py:540} INFO - Filling up the DagBag from /home/airflow/.local/lib/python3.12/site-packages/airflow/example_dags/example_python_decorator.py
[2025-12-14T17:04:24.950+0000] {processor.py:840} INFO - DAG(s) 'example_python_decorator' retrieved from /home/airflow/.local/lib/python3.12/site-packages/airflow/example_dags/example_python_decorator.py
[2025-12-14T17:04:24.981+0000] {logging_mixin.py:188} INFO - [2025-12-14T17:04:24.981+0000] {dag.py:3096} INFO - Sync 1 DAGs
[2025-12-14T17:04:24.998+0000] {logging_mixin.py:188} INFO - [2025-12-14T17:04:24.998+0000] {dag.py:3954} INFO - Setting next_dagrun for example_python_decorator to None, run_after=None
[2025-12-14T17:04:25.024+0000] {processor.py:183} INFO - Processing /home/airflow/.local/lib/python3.12/site-packages/airflow/example_dags/example_python_decorator.py took 0.107 seconds
[2025-12-14T17:07:16.952+0000] {processor.py:161} INFO - Started process (PID=123) to work on /home/airflow/.local/lib/python3.12/site-packages/airflow/example_dags/example_python_decorator.py
[2025-12-14T17:07:16.953+0000] {processor.py:830} INFO - Processing file /home/airflow/.local/lib/python3.12/site-packages/airflow/example_dags/example_python_decorator.py for tasks to queue
[2025-12-14T17:07:16.958+0000] {logging_mixin.py:188} INFO - [2025-12-14T17:07:16.957+0000] {dagbag.py:540} INFO - Filling up the DagBag from /home/airflow/.local/lib/python3.12/site-packages/airflow/example_dags/example_python_decorator.py
[2025-12-14T17:07:16.998+0000] {processor.py:840} INFO - DAG(s) 'example_python_decorator' retrieved from /home/airflow/.local/lib/python3.12/site-packages/airflow/example_dags/example_python_decorator.py
[2025-12-14T17:07:17.219+0000] {logging_mixin.py:188} INFO - [2025-12-14T17:07:17.218+0000] {dag.py:3096} INFO - Sync 1 DAGs
[2025-12-14T17:07:17.235+0000] {logging_mixin.py:188} INFO - [2025-12-14T17:07:17.235+0000] {dag.py:3954} INFO - Setting next_dagrun for example_python_decorator to None, run_after=None
[2025-12-14T17:07:17.295+0000] {processor.py:183} INFO - Processing /home/airflow/.local/lib/python3.12/site-packages/airflow/example_dags/example_python_decorator.py took 0.353 seconds
[2025-12-14T17:07:48.278+0000] {processor.py:161} INFO - Started process (PID=194) to work on /home/airflow/.local/lib/python3.12/site-packages/airflow/example_dags/example_python_decorator.py
[2025-12-14T17:07:48.279+0000] {processor.py:830} INFO - Processing file /home/airflow/.local/lib/python3.12/site-packages/airflow/example_dags/example_python_decorator.py for tasks to queue
[2025-12-14T17:07:48.282+0000] {logging_mixin.py:188} INFO - [2025-12-14T17:07:48.281+0000] {dagbag.py:540} INFO - Filling up the DagBag from /home/airflow/.local/lib/python3.12/site-packages/airflow/example_dags/example_python_decorator.py
[2025-12-14T17:07:48.296+0000] {processor.py:840} INFO - DAG(s) 'example_python_decorator' retrieved from /home/airflow/.local/lib/python3.12/site-packages/airflow/example_dags/example_python_decorator.py
[2025-12-14T17:07:48.322+0000] {logging_mixin.py:188} INFO - [2025-12-14T17:07:48.321+0000] {dag.py:3096} INFO - Sync 1 DAGs
[2025-12-14T17:07:48.335+0000] {logging_mixin.py:188} INFO - [2025-12-14T17:07:48.335+0000] {dag.py:3954} INFO - Setting next_dagrun for example_python_decorator to None, run_after=None
[2025-12-14T17:07:48.360+0000] {processor.py:183} INFO - Processing /home/airflow/.local/lib/python3.12/site-packages/airflow/example_dags/example_python_decorator.py took 0.090 seconds
[2025-12-14T17:08:19.996+0000] {processor.py:161} INFO - Started process (PID=265) to work on /home/airflow/.local/lib/python3.12/site-packages/airflow/example_dags/example_python_decorator.py
[2025-12-14T17:08:19.997+0000] {processor.py:830} INFO - Processing file /home/airflow/.local/lib/python3.12/site-packages/airflow/example_dags/example_python_decorator.py for tasks to queue
[2025-12-14T17:08:19.999+0000] {logging_mixin.py:188} INFO - [2025-12-14T17:08:19.999+0000] {dagbag.py:540} INFO - Filling up the DagBag from /home/airflow/.local/lib/python3.12/site-packages/airflow/example_dags/example_python_decorator.py
[2025-12-14T17:08:20.015+0000] {processor.py:840} INFO - DAG(s) 'example_python_decorator' retrieved from /home/airflow/.local/lib/python3.12/site-packages/airflow/example_dags/example_python_decorator.py
[2025-12-14T17:08:20.045+0000] {logging_mixin.py:188} INFO - [2025-12-14T17:08:20.045+0000] {dag.py:3096} INFO - Sync 1 DAGs
[2025-12-14T17:08:20.060+0000] {logging_mixin.py:188} INFO - [2025-12-14T17:08:20.059+0000] {dag.py:3954} INFO - Setting next_dagrun for example_python_decorator to None, run_after=None
[2025-12-14T17:08:20.087+0000] {processor.py:183} INFO - Processing /home/airflow/.local/lib/python3.12/site-packages/airflow/example_dags/example_python_decorator.py took 0.098 seconds
[2025-12-14T17:08:50.285+0000] {processor.py:161} INFO - Started process (PID=326) to work on /home/airflow/.local/lib/python3.12/site-packages/airflow/example_dags/example_python_decorator.py
[2025-12-14T17:08:50.287+0000] {processor.py:830} INFO - Processing file /home/airflow/.local/lib/python3.12/site-packages/airflow/example_dags/example_python_decorator.py for tasks to queue
[2025-12-14T17:08:50.289+0000] {logging_mixin.py:188} INFO - [2025-12-14T17:08:50.289+0000] {dagbag.py:540} INFO - Filling up the DagBag from /home/airflow/.local/lib/python3.12/site-packages/airflow/example_dags/example_python_decorator.py
[2025-12-14T17:08:50.306+0000] {processor.py:840} INFO - DAG(s) 'example_python_decorator' retrieved from /home/airflow/.local/lib/python3.12/site-packages/airflow/example_dags/example_python_decorator.py
[2025-12-14T17:08:50.339+0000] {logging_mixin.py:188} INFO - [2025-12-14T17:08:50.339+0000] {dag.py:3096} INFO - Sync 1 DAGs
[2025-12-14T17:08:50.358+0000] {logging_mixin.py:188} INFO - [2025-12-14T17:08:50.358+0000] {dag.py:3954} INFO - Setting next_dagrun for example_python_decorator to None, run_after=None
[2025-12-14T17:08:50.389+0000] {processor.py:183} INFO - Processing /home/airflow/.local/lib/python3.12/site-packages/airflow/example_dags/example_python_decorator.py took 0.111 seconds
[2025-12-14T17:09:20.446+0000] {processor.py:161} INFO - Started process (PID=395) to work on /home/airflow/.local/lib/python3.12/site-packages/airflow/example_dags/example_python_decorator.py
[2025-12-14T17:09:20.448+0000] {processor.py:830} INFO - Processing file /home/airflow/.local/lib/python3.12/site-packages/airflow/example_dags/example_python_decorator.py for tasks to queue
[2025-12-14T17:09:20.453+0000] {logging_mixin.py:188} INFO - [2025-12-14T17:09:20.452+0000] {dagbag.py:540} INFO - Filling up the DagBag from /home/airflow/.local/lib/python3.12/site-packages/airflow/example_dags/example_python_decorator.py
[2025-12-14T17:09:20.474+0000] {processor.py:840} INFO - DAG(s) 'example_python_decorator' retrieved from /home/airflow/.local/lib/python3.12/site-packages/airflow/example_dags/example_python_decorator.py
[2025-12-14T17:09:20.518+0000] {logging_mixin.py:188} INFO - [2025-12-14T17:09:20.517+0000] {dag.py:3096} INFO - Sync 1 DAGs
[2025-12-14T17:09:20.544+0000] {logging_mixin.py:188} INFO - [2025-12-14T17:09:20.543+0000] {dag.py:3954} INFO - Setting next_dagrun for example_python_decorator to None, run_after=None
[2025-12-14T17:09:20.605+0000] {processor.py:183} INFO - Processing /home/airflow/.local/lib/python3.12/site-packages/airflow/example_dags/example_python_decorator.py took 0.169 seconds
[2025-12-14T17:09:50.803+0000] {processor.py:161} INFO - Started process (PID=466) to work on /home/airflow/.local/lib/python3.12/site-packages/airflow/example_dags/example_python_decorator.py
[2025-12-14T17:09:50.805+0000] {processor.py:830} INFO - Processing file /home/airflow/.local/lib/python3.12/site-packages/airflow/example_dags/example_python_decorator.py for tasks to queue
[2025-12-14T17:09:50.808+0000] {logging_mixin.py:188} INFO - [2025-12-14T17:09:50.807+0000] {dagbag.py:540} INFO - Filling up the DagBag from /home/airflow/.local/lib/python3.12/site-packages/airflow/example_dags/example_python_decorator.py
[2025-12-14T17:09:50.824+0000] {processor.py:840} INFO - DAG(s) 'example_python_decorator' retrieved from /home/airflow/.local/lib/python3.12/site-packages/airflow/example_dags/example_python_decorator.py
[2025-12-14T17:09:50.852+0000] {logging_mixin.py:188} INFO - [2025-12-14T17:09:50.852+0000] {dag.py:3096} INFO - Sync 1 DAGs
[2025-12-14T17:09:50.869+0000] {logging_mixin.py:188} INFO - [2025-12-14T17:09:50.868+0000] {dag.py:3954} INFO - Setting next_dagrun for example_python_decorator to None, run_after=None
[2025-12-14T17:09:50.897+0000] {processor.py:183} INFO - Processing /home/airflow/.local/lib/python3.12/site-packages/airflow/example_dags/example_python_decorator.py took 0.102 seconds
[2025-12-14T17:10:21.387+0000] {processor.py:161} INFO - Started process (PID=550) to work on /home/airflow/.local/lib/python3.12/site-packages/airflow/example_dags/example_python_decorator.py
[2025-12-14T17:10:21.388+0000] {processor.py:830} INFO - Processing file /home/airflow/.local/lib/python3.12/site-packages/airflow/example_dags/example_python_decorator.py for tasks to queue
[2025-12-14T17:10:21.391+0000] {logging_mixin.py:188} INFO - [2025-12-14T17:10:21.391+0000] {dagbag.py:540} INFO - Filling up the DagBag from /home/airflow/.local/lib/python3.12/site-packages/airflow/example_dags/example_python_decorator.py
[2025-12-14T17:10:21.407+0000] {processor.py:840} INFO - DAG(s) 'example_python_decorator' retrieved from /home/airflow/.local/lib/python3.12/site-packages/airflow/example_dags/example_python_decorator.py
[2025-12-14T17:10:21.436+0000] {logging_mixin.py:188} INFO - [2025-12-14T17:10:21.436+0000] {dag.py:3096} INFO - Sync 1 DAGs
[2025-12-14T17:10:21.455+0000] {logging_mixin.py:188} INFO - [2025-12-14T17:10:21.454+0000] {dag.py:3954} INFO - Setting next_dagrun for example_python_decorator to None, run_after=None
[2025-12-14T17:10:21.480+0000] {processor.py:183} INFO - Processing /home/airflow/.local/lib/python3.12/site-packages/airflow/example_dags/example_python_decorator.py took 0.101 seconds
[2025-12-14T17:10:51.644+0000] {processor.py:161} INFO - Started process (PID=621) to work on /home/airflow/.local/lib/python3.12/site-packages/airflow/example_dags/example_python_decorator.py
[2025-12-14T17:10:51.645+0000] {processor.py:830} INFO - Processing file /home/airflow/.local/lib/python3.12/site-packages/airflow/example_dags/example_python_decorator.py for tasks to queue
[2025-12-14T17:10:51.647+0000] {logging_mixin.py:188} INFO - [2025-12-14T17:10:51.647+0000] {dagbag.py:540} INFO - Filling up the DagBag from /home/airflow/.local/lib/python3.12/site-packages/airflow/example_dags/example_python_decorator.py
[2025-12-14T17:10:51.662+0000] {processor.py:840} INFO - DAG(s) 'example_python_decorator' retrieved from /home/airflow/.local/lib/python3.12/site-packages/airflow/example_dags/example_python_decorator.py
[2025-12-14T17:10:51.687+0000] {logging_mixin.py:188} INFO - [2025-12-14T17:10:51.686+0000] {dag.py:3096} INFO - Sync 1 DAGs
[2025-12-14T17:10:51.702+0000] {logging_mixin.py:188} INFO - [2025-12-14T17:10:51.701+0000] {dag.py:3954} INFO - Setting next_dagrun for example_python_decorator to None, run_after=None
[2025-12-14T17:10:51.723+0000] {processor.py:183} INFO - Processing /home/airflow/.local/lib/python3.12/site-packages/airflow/example_dags/example_python_decorator.py took 0.086 seconds
[2025-12-14T17:11:22.225+0000] {processor.py:161} INFO - Started process (PID=692) to work on /home/airflow/.local/lib/python3.12/site-packages/airflow/example_dags/example_python_decorator.py
[2025-12-14T17:11:22.226+0000] {processor.py:830} INFO - Processing file /home/airflow/.local/lib/python3.12/site-packages/airflow/example_dags/example_python_decorator.py for tasks to queue
[2025-12-14T17:11:22.229+0000] {logging_mixin.py:188} INFO - [2025-12-14T17:11:22.228+0000] {dagbag.py:540} INFO - Filling up the DagBag from /home/airflow/.local/lib/python3.12/site-packages/airflow/example_dags/example_python_decorator.py
[2025-12-14T17:11:22.243+0000] {processor.py:840} INFO - DAG(s) 'example_python_decorator' retrieved from /home/airflow/.local/lib/python3.12/site-packages/airflow/example_dags/example_python_decorator.py
[2025-12-14T17:11:22.270+0000] {logging_mixin.py:188} INFO - [2025-12-14T17:11:22.270+0000] {dag.py:3096} INFO - Sync 1 DAGs
[2025-12-14T17:11:22.285+0000] {logging_mixin.py:188} INFO - [2025-12-14T17:11:22.285+0000] {dag.py:3954} INFO - Setting next_dagrun for example_python_decorator to None, run_after=None
[2025-12-14T17:11:22.320+0000] {processor.py:183} INFO - Processing /home/airflow/.local/lib/python3.12/site-packages/airflow/example_dags/example_python_decorator.py took 0.102 seconds
[2025-12-14T17:11:52.508+0000] {processor.py:161} INFO - Started process (PID=763) to work on /home/airflow/.local/lib/python3.12/site-packages/airflow/example_dags/example_python_decorator.py
[2025-12-14T17:11:52.510+0000] {processor.py:830} INFO - Processing file /home/airflow/.local/lib/python3.12/site-packages/airflow/example_dags/example_python_decorator.py for tasks to queue
[2025-12-14T17:11:52.513+0000] {logging_mixin.py:188} INFO - [2025-12-14T17:11:52.513+0000] {dagbag.py:540} INFO - Filling up the DagBag from /home/airflow/.local/lib/python3.12/site-packages/airflow/example_dags/example_python_decorator.py
[2025-12-14T17:11:52.538+0000] {processor.py:840} INFO - DAG(s) 'example_python_decorator' retrieved from /home/airflow/.local/lib/python3.12/site-packages/airflow/example_dags/example_python_decorator.py
[2025-12-14T17:11:52.576+0000] {logging_mixin.py:188} INFO - [2025-12-14T17:11:52.575+0000] {dag.py:3096} INFO - Sync 1 DAGs
[2025-12-14T17:11:52.594+0000] {logging_mixin.py:188} INFO - [2025-12-14T17:11:52.593+0000] {dag.py:3954} INFO - Setting next_dagrun for example_python_decorator to None, run_after=None
[2025-12-14T17:11:52.618+0000] {processor.py:183} INFO - Processing /home/airflow/.local/lib/python3.12/site-packages/airflow/example_dags/example_python_decorator.py took 0.122 seconds
[2025-12-14T17:12:22.795+0000] {processor.py:161} INFO - Started process (PID=834) to work on /home/airflow/.local/lib/python3.12/site-packages/airflow/example_dags/example_python_decorator.py
[2025-12-14T17:12:22.796+0000] {processor.py:830} INFO - Processing file /home/airflow/.local/lib/python3.12/site-packages/airflow/example_dags/example_python_decorator.py for tasks to queue
[2025-12-14T17:12:22.799+0000] {logging_mixin.py:188} INFO - [2025-12-14T17:12:22.798+0000] {dagbag.py:540} INFO - Filling up the DagBag from /home/airflow/.local/lib/python3.12/site-packages/airflow/example_dags/example_python_decorator.py
[2025-12-14T17:12:22.814+0000] {processor.py:840} INFO - DAG(s) 'example_python_decorator' retrieved from /home/airflow/.local/lib/python3.12/site-packages/airflow/example_dags/example_python_decorator.py
[2025-12-14T17:12:22.843+0000] {logging_mixin.py:188} INFO - [2025-12-14T17:12:22.842+0000] {dag.py:3096} INFO - Sync 1 DAGs
[2025-12-14T17:12:22.857+0000] {logging_mixin.py:188} INFO - [2025-12-14T17:12:22.857+0000] {dag.py:3954} INFO - Setting next_dagrun for example_python_decorator to None, run_after=None
[2025-12-14T17:12:22.880+0000] {processor.py:183} INFO - Processing /home/airflow/.local/lib/python3.12/site-packages/airflow/example_dags/example_python_decorator.py took 0.094 seconds
[2025-12-14T17:12:53.517+0000] {processor.py:161} INFO - Started process (PID=906) to work on /home/airflow/.local/lib/python3.12/site-packages/airflow/example_dags/example_python_decorator.py
[2025-12-14T17:12:53.519+0000] {processor.py:830} INFO - Processing file /home/airflow/.local/lib/python3.12/site-packages/airflow/example_dags/example_python_decorator.py for tasks to queue
[2025-12-14T17:12:53.521+0000] {logging_mixin.py:188} INFO - [2025-12-14T17:12:53.521+0000] {dagbag.py:540} INFO - Filling up the DagBag from /home/airflow/.local/lib/python3.12/site-packages/airflow/example_dags/example_python_decorator.py
[2025-12-14T17:12:53.537+0000] {processor.py:840} INFO - DAG(s) 'example_python_decorator' retrieved from /home/airflow/.local/lib/python3.12/site-packages/airflow/example_dags/example_python_decorator.py
[2025-12-14T17:12:53.566+0000] {logging_mixin.py:188} INFO - [2025-12-14T17:12:53.566+0000] {dag.py:3096} INFO - Sync 1 DAGs
[2025-12-14T17:12:53.582+0000] {logging_mixin.py:188} INFO - [2025-12-14T17:12:53.582+0000] {dag.py:3954} INFO - Setting next_dagrun for example_python_decorator to None, run_after=None
[2025-12-14T17:12:53.604+0000] {processor.py:183} INFO - Processing /home/airflow/.local/lib/python3.12/site-packages/airflow/example_dags/example_python_decorator.py took 0.095 seconds
[2025-12-14T17:13:23.782+0000] {processor.py:161} INFO - Started process (PID=977) to work on /home/airflow/.local/lib/python3.12/site-packages/airflow/example_dags/example_python_decorator.py
[2025-12-14T17:13:23.784+0000] {processor.py:830} INFO - Processing file /home/airflow/.local/lib/python3.12/site-packages/airflow/example_dags/example_python_decorator.py for tasks to queue
[2025-12-14T17:13:23.792+0000] {logging_mixin.py:188} INFO - [2025-12-14T17:13:23.791+0000] {dagbag.py:540} INFO - Filling up the DagBag from /home/airflow/.local/lib/python3.12/site-packages/airflow/example_dags/example_python_decorator.py
[2025-12-14T17:13:23.818+0000] {processor.py:840} INFO - DAG(s) 'example_python_decorator' retrieved from /home/airflow/.local/lib/python3.12/site-packages/airflow/example_dags/example_python_decorator.py
[2025-12-14T17:13:23.852+0000] {logging_mixin.py:188} INFO - [2025-12-14T17:13:23.852+0000] {dag.py:3096} INFO - Sync 1 DAGs
[2025-12-14T17:13:23.868+0000] {logging_mixin.py:188} INFO - [2025-12-14T17:13:23.867+0000] {dag.py:3954} INFO - Setting next_dagrun for example_python_decorator to None, run_after=None
[2025-12-14T17:13:23.894+0000] {processor.py:183} INFO - Processing /home/airflow/.local/lib/python3.12/site-packages/airflow/example_dags/example_python_decorator.py took 0.120 seconds
[2025-12-14T17:13:54.074+0000] {processor.py:161} INFO - Started process (PID=1048) to work on /home/airflow/.local/lib/python3.12/site-packages/airflow/example_dags/example_python_decorator.py
[2025-12-14T17:13:54.075+0000] {processor.py:830} INFO - Processing file /home/airflow/.local/lib/python3.12/site-packages/airflow/example_dags/example_python_decorator.py for tasks to queue
[2025-12-14T17:13:54.078+0000] {logging_mixin.py:188} INFO - [2025-12-14T17:13:54.077+0000] {dagbag.py:540} INFO - Filling up the DagBag from /home/airflow/.local/lib/python3.12/site-packages/airflow/example_dags/example_python_decorator.py
[2025-12-14T17:13:54.097+0000] {processor.py:840} INFO - DAG(s) 'example_python_decorator' retrieved from /home/airflow/.local/lib/python3.12/site-packages/airflow/example_dags/example_python_decorator.py
[2025-12-14T17:13:54.149+0000] {logging_mixin.py:188} INFO - [2025-12-14T17:13:54.148+0000] {dag.py:3096} INFO - Sync 1 DAGs
[2025-12-14T17:13:54.163+0000] {logging_mixin.py:188} INFO - [2025-12-14T17:13:54.162+0000] {dag.py:3954} INFO - Setting next_dagrun for example_python_decorator to None, run_after=None
[2025-12-14T17:13:54.186+0000] {processor.py:183} INFO - Processing /home/airflow/.local/lib/python3.12/site-packages/airflow/example_dags/example_python_decorator.py took 0.118 seconds
[2025-12-14T17:14:26.387+0000] {processor.py:161} INFO - Started process (PID=1120) to work on /home/airflow/.local/lib/python3.12/site-packages/airflow/example_dags/example_python_decorator.py
[2025-12-14T17:14:26.389+0000] {processor.py:830} INFO - Processing file /home/airflow/.local/lib/python3.12/site-packages/airflow/example_dags/example_python_decorator.py for tasks to queue
[2025-12-14T17:14:26.391+0000] {logging_mixin.py:188} INFO - [2025-12-14T17:14:26.391+0000] {dagbag.py:540} INFO - Filling up the DagBag from /home/airflow/.local/lib/python3.12/site-packages/airflow/example_dags/example_python_decorator.py
[2025-12-14T17:14:26.410+0000] {processor.py:840} INFO - DAG(s) 'example_python_decorator' retrieved from /home/airflow/.local/lib/python3.12/site-packages/airflow/example_dags/example_python_decorator.py
[2025-12-14T17:14:26.439+0000] {logging_mixin.py:188} INFO - [2025-12-14T17:14:26.439+0000] {dag.py:3096} INFO - Sync 1 DAGs
[2025-12-14T17:14:26.455+0000] {logging_mixin.py:188} INFO - [2025-12-14T17:14:26.454+0000] {dag.py:3954} INFO - Setting next_dagrun for example_python_decorator to None, run_after=None
[2025-12-14T17:14:26.650+0000] {processor.py:183} INFO - Processing /home/airflow/.local/lib/python3.12/site-packages/airflow/example_dags/example_python_decorator.py took 0.273 seconds
[2025-12-14T17:14:57.964+0000] {processor.py:161} INFO - Started process (PID=1191) to work on /home/airflow/.local/lib/python3.12/site-packages/airflow/example_dags/example_python_decorator.py
[2025-12-14T17:14:57.965+0000] {processor.py:830} INFO - Processing file /home/airflow/.local/lib/python3.12/site-packages/airflow/example_dags/example_python_decorator.py for tasks to queue
[2025-12-14T17:14:57.968+0000] {logging_mixin.py:188} INFO - [2025-12-14T17:14:57.967+0000] {dagbag.py:540} INFO - Filling up the DagBag from /home/airflow/.local/lib/python3.12/site-packages/airflow/example_dags/example_python_decorator.py
[2025-12-14T17:14:57.983+0000] {processor.py:840} INFO - DAG(s) 'example_python_decorator' retrieved from /home/airflow/.local/lib/python3.12/site-packages/airflow/example_dags/example_python_decorator.py
[2025-12-14T17:14:58.009+0000] {logging_mixin.py:188} INFO - [2025-12-14T17:14:58.008+0000] {dag.py:3096} INFO - Sync 1 DAGs
[2025-12-14T17:14:58.024+0000] {logging_mixin.py:188} INFO - [2025-12-14T17:14:58.024+0000] {dag.py:3954} INFO - Setting next_dagrun for example_python_decorator to None, run_after=None
[2025-12-14T17:14:58.048+0000] {processor.py:183} INFO - Processing /home/airflow/.local/lib/python3.12/site-packages/airflow/example_dags/example_python_decorator.py took 0.092 seconds
[2025-12-14T17:15:28.264+0000] {processor.py:161} INFO - Started process (PID=1252) to work on /home/airflow/.local/lib/python3.12/site-packages/airflow/example_dags/example_python_decorator.py
[2025-12-14T17:15:28.265+0000] {processor.py:830} INFO - Processing file /home/airflow/.local/lib/python3.12/site-packages/airflow/example_dags/example_python_decorator.py for tasks to queue
[2025-12-14T17:15:28.268+0000] {logging_mixin.py:188} INFO - [2025-12-14T17:15:28.267+0000] {dagbag.py:540} INFO - Filling up the DagBag from /home/airflow/.local/lib/python3.12/site-packages/airflow/example_dags/example_python_decorator.py
[2025-12-14T17:15:28.286+0000] {processor.py:840} INFO - DAG(s) 'example_python_decorator' retrieved from /home/airflow/.local/lib/python3.12/site-packages/airflow/example_dags/example_python_decorator.py
[2025-12-14T17:15:28.313+0000] {logging_mixin.py:188} INFO - [2025-12-14T17:15:28.313+0000] {dag.py:3096} INFO - Sync 1 DAGs
[2025-12-14T17:15:28.328+0000] {logging_mixin.py:188} INFO - [2025-12-14T17:15:28.328+0000] {dag.py:3954} INFO - Setting next_dagrun for example_python_decorator to None, run_after=None
[2025-12-14T17:15:28.354+0000] {processor.py:183} INFO - Processing /home/airflow/.local/lib/python3.12/site-packages/airflow/example_dags/example_python_decorator.py took 0.099 seconds
[2025-12-14T17:15:58.774+0000] {processor.py:161} INFO - Started process (PID=1321) to work on /home/airflow/.local/lib/python3.12/site-packages/airflow/example_dags/example_python_decorator.py
[2025-12-14T17:15:58.776+0000] {processor.py:830} INFO - Processing file /home/airflow/.local/lib/python3.12/site-packages/airflow/example_dags/example_python_decorator.py for tasks to queue
[2025-12-14T17:15:58.778+0000] {logging_mixin.py:188} INFO - [2025-12-14T17:15:58.778+0000] {dagbag.py:540} INFO - Filling up the DagBag from /home/airflow/.local/lib/python3.12/site-packages/airflow/example_dags/example_python_decorator.py
[2025-12-14T17:15:58.793+0000] {processor.py:840} INFO - DAG(s) 'example_python_decorator' retrieved from /home/airflow/.local/lib/python3.12/site-packages/airflow/example_dags/example_python_decorator.py
[2025-12-14T17:15:58.828+0000] {logging_mixin.py:188} INFO - [2025-12-14T17:15:58.828+0000] {dag.py:3096} INFO - Sync 1 DAGs
[2025-12-14T17:15:58.845+0000] {logging_mixin.py:188} INFO - [2025-12-14T17:15:58.845+0000] {dag.py:3954} INFO - Setting next_dagrun for example_python_decorator to None, run_after=None
[2025-12-14T17:15:58.876+0000] {processor.py:183} INFO - Processing /home/airflow/.local/lib/python3.12/site-packages/airflow/example_dags/example_python_decorator.py took 0.112 seconds
[2025-12-14T17:16:29.528+0000] {processor.py:161} INFO - Started process (PID=1392) to work on /home/airflow/.local/lib/python3.12/site-packages/airflow/example_dags/example_python_decorator.py
[2025-12-14T17:16:29.530+0000] {processor.py:830} INFO - Processing file /home/airflow/.local/lib/python3.12/site-packages/airflow/example_dags/example_python_decorator.py for tasks to queue
[2025-12-14T17:16:29.532+0000] {logging_mixin.py:188} INFO - [2025-12-14T17:16:29.532+0000] {dagbag.py:540} INFO - Filling up the DagBag from /home/airflow/.local/lib/python3.12/site-packages/airflow/example_dags/example_python_decorator.py
[2025-12-14T17:16:29.550+0000] {processor.py:840} INFO - DAG(s) 'example_python_decorator' retrieved from /home/airflow/.local/lib/python3.12/site-packages/airflow/example_dags/example_python_decorator.py
[2025-12-14T17:16:29.580+0000] {logging_mixin.py:188} INFO - [2025-12-14T17:16:29.580+0000] {dag.py:3096} INFO - Sync 1 DAGs
[2025-12-14T17:16:29.595+0000] {logging_mixin.py:188} INFO - [2025-12-14T17:16:29.595+0000] {dag.py:3954} INFO - Setting next_dagrun for example_python_decorator to None, run_after=None
[2025-12-14T17:16:29.628+0000] {processor.py:183} INFO - Processing /home/airflow/.local/lib/python3.12/site-packages/airflow/example_dags/example_python_decorator.py took 0.109 seconds
[2025-12-14T17:17:00.648+0000] {processor.py:161} INFO - Started process (PID=1463) to work on /home/airflow/.local/lib/python3.12/site-packages/airflow/example_dags/example_python_decorator.py
[2025-12-14T17:17:00.652+0000] {processor.py:830} INFO - Processing file /home/airflow/.local/lib/python3.12/site-packages/airflow/example_dags/example_python_decorator.py for tasks to queue
[2025-12-14T17:17:00.658+0000] {logging_mixin.py:188} INFO - [2025-12-14T17:17:00.657+0000] {dagbag.py:540} INFO - Filling up the DagBag from /home/airflow/.local/lib/python3.12/site-packages/airflow/example_dags/example_python_decorator.py
[2025-12-14T17:17:00.692+0000] {processor.py:840} INFO - DAG(s) 'example_python_decorator' retrieved from /home/airflow/.local/lib/python3.12/site-packages/airflow/example_dags/example_python_decorator.py
[2025-12-14T17:17:00.757+0000] {logging_mixin.py:188} INFO - [2025-12-14T17:17:00.756+0000] {dag.py:3096} INFO - Sync 1 DAGs
[2025-12-14T17:17:00.795+0000] {logging_mixin.py:188} INFO - [2025-12-14T17:17:00.794+0000] {dag.py:3954} INFO - Setting next_dagrun for example_python_decorator to None, run_after=None
[2025-12-14T17:17:00.857+0000] {processor.py:183} INFO - Processing /home/airflow/.local/lib/python3.12/site-packages/airflow/example_dags/example_python_decorator.py took 0.227 seconds
[2025-12-14T17:17:31.090+0000] {processor.py:161} INFO - Started process (PID=1534) to work on /home/airflow/.local/lib/python3.12/site-packages/airflow/example_dags/example_python_decorator.py
[2025-12-14T17:17:31.091+0000] {processor.py:830} INFO - Processing file /home/airflow/.local/lib/python3.12/site-packages/airflow/example_dags/example_python_decorator.py for tasks to queue
[2025-12-14T17:17:31.094+0000] {logging_mixin.py:188} INFO - [2025-12-14T17:17:31.094+0000] {dagbag.py:540} INFO - Filling up the DagBag from /home/airflow/.local/lib/python3.12/site-packages/airflow/example_dags/example_python_decorator.py
[2025-12-14T17:17:31.113+0000] {processor.py:840} INFO - DAG(s) 'example_python_decorator' retrieved from /home/airflow/.local/lib/python3.12/site-packages/airflow/example_dags/example_python_decorator.py
[2025-12-14T17:17:31.140+0000] {logging_mixin.py:188} INFO - [2025-12-14T17:17:31.140+0000] {dag.py:3096} INFO - Sync 1 DAGs
[2025-12-14T17:17:31.160+0000] {logging_mixin.py:188} INFO - [2025-12-14T17:17:31.160+0000] {dag.py:3954} INFO - Setting next_dagrun for example_python_decorator to None, run_after=None
[2025-12-14T17:17:31.193+0000] {processor.py:183} INFO - Processing /home/airflow/.local/lib/python3.12/site-packages/airflow/example_dags/example_python_decorator.py took 0.113 seconds
[2025-12-14T17:18:01.701+0000] {processor.py:161} INFO - Started process (PID=1605) to work on /home/airflow/.local/lib/python3.12/site-packages/airflow/example_dags/example_python_decorator.py
[2025-12-14T17:18:01.705+0000] {processor.py:830} INFO - Processing file /home/airflow/.local/lib/python3.12/site-packages/airflow/example_dags/example_python_decorator.py for tasks to queue
[2025-12-14T17:18:01.710+0000] {logging_mixin.py:188} INFO - [2025-12-14T17:18:01.709+0000] {dagbag.py:540} INFO - Filling up the DagBag from /home/airflow/.local/lib/python3.12/site-packages/airflow/example_dags/example_python_decorator.py
[2025-12-14T17:18:01.744+0000] {processor.py:840} INFO - DAG(s) 'example_python_decorator' retrieved from /home/airflow/.local/lib/python3.12/site-packages/airflow/example_dags/example_python_decorator.py
[2025-12-14T17:18:01.797+0000] {logging_mixin.py:188} INFO - [2025-12-14T17:18:01.796+0000] {dag.py:3096} INFO - Sync 1 DAGs
[2025-12-14T17:18:01.825+0000] {logging_mixin.py:188} INFO - [2025-12-14T17:18:01.824+0000] {dag.py:3954} INFO - Setting next_dagrun for example_python_decorator to None, run_after=None
[2025-12-14T17:18:01.864+0000] {processor.py:183} INFO - Processing /home/airflow/.local/lib/python3.12/site-packages/airflow/example_dags/example_python_decorator.py took 0.180 seconds
[2025-12-14T17:18:32.318+0000] {processor.py:161} INFO - Started process (PID=1676) to work on /home/airflow/.local/lib/python3.12/site-packages/airflow/example_dags/example_python_decorator.py
[2025-12-14T17:18:32.320+0000] {processor.py:830} INFO - Processing file /home/airflow/.local/lib/python3.12/site-packages/airflow/example_dags/example_python_decorator.py for tasks to queue
[2025-12-14T17:18:32.322+0000] {logging_mixin.py:188} INFO - [2025-12-14T17:18:32.322+0000] {dagbag.py:540} INFO - Filling up the DagBag from /home/airflow/.local/lib/python3.12/site-packages/airflow/example_dags/example_python_decorator.py
[2025-12-14T17:18:32.340+0000] {processor.py:840} INFO - DAG(s) 'example_python_decorator' retrieved from /home/airflow/.local/lib/python3.12/site-packages/airflow/example_dags/example_python_decorator.py
[2025-12-14T17:18:32.367+0000] {logging_mixin.py:188} INFO - [2025-12-14T17:18:32.367+0000] {dag.py:3096} INFO - Sync 1 DAGs
[2025-12-14T17:18:32.381+0000] {logging_mixin.py:188} INFO - [2025-12-14T17:18:32.381+0000] {dag.py:3954} INFO - Setting next_dagrun for example_python_decorator to None, run_after=None
[2025-12-14T17:18:32.406+0000] {processor.py:183} INFO - Processing /home/airflow/.local/lib/python3.12/site-packages/airflow/example_dags/example_python_decorator.py took 0.096 seconds
[2025-12-14T17:19:02.833+0000] {processor.py:161} INFO - Started process (PID=1747) to work on /home/airflow/.local/lib/python3.12/site-packages/airflow/example_dags/example_python_decorator.py
[2025-12-14T17:19:02.834+0000] {processor.py:830} INFO - Processing file /home/airflow/.local/lib/python3.12/site-packages/airflow/example_dags/example_python_decorator.py for tasks to queue
[2025-12-14T17:19:02.836+0000] {logging_mixin.py:188} INFO - [2025-12-14T17:19:02.836+0000] {dagbag.py:540} INFO - Filling up the DagBag from /home/airflow/.local/lib/python3.12/site-packages/airflow/example_dags/example_python_decorator.py
[2025-12-14T17:19:02.855+0000] {processor.py:840} INFO - DAG(s) 'example_python_decorator' retrieved from /home/airflow/.local/lib/python3.12/site-packages/airflow/example_dags/example_python_decorator.py
[2025-12-14T17:19:02.883+0000] {logging_mixin.py:188} INFO - [2025-12-14T17:19:02.883+0000] {dag.py:3096} INFO - Sync 1 DAGs
[2025-12-14T17:19:02.899+0000] {logging_mixin.py:188} INFO - [2025-12-14T17:19:02.898+0000] {dag.py:3954} INFO - Setting next_dagrun for example_python_decorator to None, run_after=None
[2025-12-14T17:19:02.923+0000] {processor.py:183} INFO - Processing /home/airflow/.local/lib/python3.12/site-packages/airflow/example_dags/example_python_decorator.py took 0.097 seconds
[2025-12-14T17:19:33.279+0000] {processor.py:161} INFO - Started process (PID=1818) to work on /home/airflow/.local/lib/python3.12/site-packages/airflow/example_dags/example_python_decorator.py
[2025-12-14T17:19:33.281+0000] {processor.py:830} INFO - Processing file /home/airflow/.local/lib/python3.12/site-packages/airflow/example_dags/example_python_decorator.py for tasks to queue
[2025-12-14T17:19:33.283+0000] {logging_mixin.py:188} INFO - [2025-12-14T17:19:33.283+0000] {dagbag.py:540} INFO - Filling up the DagBag from /home/airflow/.local/lib/python3.12/site-packages/airflow/example_dags/example_python_decorator.py
[2025-12-14T17:19:33.298+0000] {processor.py:840} INFO - DAG(s) 'example_python_decorator' retrieved from /home/airflow/.local/lib/python3.12/site-packages/airflow/example_dags/example_python_decorator.py
[2025-12-14T17:19:33.325+0000] {logging_mixin.py:188} INFO - [2025-12-14T17:19:33.324+0000] {dag.py:3096} INFO - Sync 1 DAGs
[2025-12-14T17:19:33.339+0000] {logging_mixin.py:188} INFO - [2025-12-14T17:19:33.339+0000] {dag.py:3954} INFO - Setting next_dagrun for example_python_decorator to None, run_after=None
[2025-12-14T17:19:33.366+0000] {processor.py:183} INFO - Processing /home/airflow/.local/lib/python3.12/site-packages/airflow/example_dags/example_python_decorator.py took 0.094 seconds
[2025-12-14T17:20:04.260+0000] {processor.py:161} INFO - Started process (PID=1889) to work on /home/airflow/.local/lib/python3.12/site-packages/airflow/example_dags/example_python_decorator.py
[2025-12-14T17:20:04.261+0000] {processor.py:830} INFO - Processing file /home/airflow/.local/lib/python3.12/site-packages/airflow/example_dags/example_python_decorator.py for tasks to queue
[2025-12-14T17:20:04.263+0000] {logging_mixin.py:188} INFO - [2025-12-14T17:20:04.263+0000] {dagbag.py:540} INFO - Filling up the DagBag from /home/airflow/.local/lib/python3.12/site-packages/airflow/example_dags/example_python_decorator.py
[2025-12-14T17:20:04.278+0000] {processor.py:840} INFO - DAG(s) 'example_python_decorator' retrieved from /home/airflow/.local/lib/python3.12/site-packages/airflow/example_dags/example_python_decorator.py
[2025-12-14T17:20:04.303+0000] {logging_mixin.py:188} INFO - [2025-12-14T17:20:04.303+0000] {dag.py:3096} INFO - Sync 1 DAGs
[2025-12-14T17:20:04.320+0000] {logging_mixin.py:188} INFO - [2025-12-14T17:20:04.320+0000] {dag.py:3954} INFO - Setting next_dagrun for example_python_decorator to None, run_after=None
[2025-12-14T17:20:04.343+0000] {processor.py:183} INFO - Processing /home/airflow/.local/lib/python3.12/site-packages/airflow/example_dags/example_python_decorator.py took 0.090 seconds
[2025-12-14T17:20:34.683+0000] {processor.py:161} INFO - Started process (PID=1960) to work on /home/airflow/.local/lib/python3.12/site-packages/airflow/example_dags/example_python_decorator.py
[2025-12-14T17:20:34.684+0000] {processor.py:830} INFO - Processing file /home/airflow/.local/lib/python3.12/site-packages/airflow/example_dags/example_python_decorator.py for tasks to queue
[2025-12-14T17:20:34.687+0000] {logging_mixin.py:188} INFO - [2025-12-14T17:20:34.686+0000] {dagbag.py:540} INFO - Filling up the DagBag from /home/airflow/.local/lib/python3.12/site-packages/airflow/example_dags/example_python_decorator.py
[2025-12-14T17:20:34.703+0000] {processor.py:840} INFO - DAG(s) 'example_python_decorator' retrieved from /home/airflow/.local/lib/python3.12/site-packages/airflow/example_dags/example_python_decorator.py
[2025-12-14T17:20:34.731+0000] {logging_mixin.py:188} INFO - [2025-12-14T17:20:34.731+0000] {dag.py:3096} INFO - Sync 1 DAGs
[2025-12-14T17:20:34.747+0000] {logging_mixin.py:188} INFO - [2025-12-14T17:20:34.747+0000] {dag.py:3954} INFO - Setting next_dagrun for example_python_decorator to None, run_after=None
[2025-12-14T17:20:34.772+0000] {processor.py:183} INFO - Processing /home/airflow/.local/lib/python3.12/site-packages/airflow/example_dags/example_python_decorator.py took 0.099 seconds
