[2025-12-14T16:49:14.792+0000] {processor.py:161} INFO - Started process (PID=99) to work on /home/airflow/.local/lib/python3.12/site-packages/airflow/example_dags/example_kubernetes_executor.py
[2025-12-14T16:49:14.793+0000] {processor.py:830} INFO - Processing file /home/airflow/.local/lib/python3.12/site-packages/airflow/example_dags/example_kubernetes_executor.py for tasks to queue
[2025-12-14T16:49:14.797+0000] {logging_mixin.py:188} INFO - [2025-12-14T16:49:14.797+0000] {dagbag.py:540} INFO - Filling up the DagBag from /home/airflow/.local/lib/python3.12/site-packages/airflow/example_dags/example_kubernetes_executor.py
[2025-12-14T16:49:14.819+0000] {processor.py:840} INFO - DAG(s) 'example_kubernetes_executor' retrieved from /home/airflow/.local/lib/python3.12/site-packages/airflow/example_dags/example_kubernetes_executor.py
[2025-12-14T16:49:15.036+0000] {logging_mixin.py:188} INFO - [2025-12-14T16:49:15.036+0000] {dag.py:3096} INFO - Sync 1 DAGs
[2025-12-14T16:49:15.051+0000] {logging_mixin.py:188} INFO - [2025-12-14T16:49:15.051+0000] {dag.py:3954} INFO - Setting next_dagrun for example_kubernetes_executor to None, run_after=None
[2025-12-14T16:49:15.082+0000] {processor.py:183} INFO - Processing /home/airflow/.local/lib/python3.12/site-packages/airflow/example_dags/example_kubernetes_executor.py took 0.300 seconds
[2025-12-14T16:49:45.637+0000] {processor.py:161} INFO - Started process (PID=164) to work on /home/airflow/.local/lib/python3.12/site-packages/airflow/example_dags/example_kubernetes_executor.py
[2025-12-14T16:49:45.639+0000] {processor.py:830} INFO - Processing file /home/airflow/.local/lib/python3.12/site-packages/airflow/example_dags/example_kubernetes_executor.py for tasks to queue
[2025-12-14T16:49:45.641+0000] {logging_mixin.py:188} INFO - [2025-12-14T16:49:45.641+0000] {dagbag.py:540} INFO - Filling up the DagBag from /home/airflow/.local/lib/python3.12/site-packages/airflow/example_dags/example_kubernetes_executor.py
[2025-12-14T16:49:45.656+0000] {processor.py:840} INFO - DAG(s) 'example_kubernetes_executor' retrieved from /home/airflow/.local/lib/python3.12/site-packages/airflow/example_dags/example_kubernetes_executor.py
[2025-12-14T16:49:45.712+0000] {logging_mixin.py:188} INFO - [2025-12-14T16:49:45.711+0000] {dag.py:3096} INFO - Sync 1 DAGs
[2025-12-14T16:49:45.727+0000] {logging_mixin.py:188} INFO - [2025-12-14T16:49:45.727+0000] {dag.py:3954} INFO - Setting next_dagrun for example_kubernetes_executor to None, run_after=None
[2025-12-14T16:49:45.750+0000] {processor.py:183} INFO - Processing /home/airflow/.local/lib/python3.12/site-packages/airflow/example_dags/example_kubernetes_executor.py took 0.119 seconds
[2025-12-14T16:50:16.334+0000] {processor.py:161} INFO - Started process (PID=222) to work on /home/airflow/.local/lib/python3.12/site-packages/airflow/example_dags/example_kubernetes_executor.py
[2025-12-14T16:50:16.336+0000] {processor.py:830} INFO - Processing file /home/airflow/.local/lib/python3.12/site-packages/airflow/example_dags/example_kubernetes_executor.py for tasks to queue
[2025-12-14T16:50:16.339+0000] {logging_mixin.py:188} INFO - [2025-12-14T16:50:16.339+0000] {dagbag.py:540} INFO - Filling up the DagBag from /home/airflow/.local/lib/python3.12/site-packages/airflow/example_dags/example_kubernetes_executor.py
[2025-12-14T16:50:16.358+0000] {processor.py:840} INFO - DAG(s) 'example_kubernetes_executor' retrieved from /home/airflow/.local/lib/python3.12/site-packages/airflow/example_dags/example_kubernetes_executor.py
[2025-12-14T16:50:16.423+0000] {logging_mixin.py:188} INFO - [2025-12-14T16:50:16.422+0000] {dag.py:3096} INFO - Sync 1 DAGs
[2025-12-14T16:50:16.443+0000] {logging_mixin.py:188} INFO - [2025-12-14T16:50:16.443+0000] {dag.py:3954} INFO - Setting next_dagrun for example_kubernetes_executor to None, run_after=None
[2025-12-14T16:50:16.485+0000] {processor.py:183} INFO - Processing /home/airflow/.local/lib/python3.12/site-packages/airflow/example_dags/example_kubernetes_executor.py took 0.161 seconds
[2025-12-14T16:50:46.561+0000] {processor.py:161} INFO - Started process (PID=286) to work on /home/airflow/.local/lib/python3.12/site-packages/airflow/example_dags/example_kubernetes_executor.py
[2025-12-14T16:50:46.562+0000] {processor.py:830} INFO - Processing file /home/airflow/.local/lib/python3.12/site-packages/airflow/example_dags/example_kubernetes_executor.py for tasks to queue
[2025-12-14T16:50:46.565+0000] {logging_mixin.py:188} INFO - [2025-12-14T16:50:46.564+0000] {dagbag.py:540} INFO - Filling up the DagBag from /home/airflow/.local/lib/python3.12/site-packages/airflow/example_dags/example_kubernetes_executor.py
[2025-12-14T16:50:46.581+0000] {processor.py:840} INFO - DAG(s) 'example_kubernetes_executor' retrieved from /home/airflow/.local/lib/python3.12/site-packages/airflow/example_dags/example_kubernetes_executor.py
[2025-12-14T16:50:46.630+0000] {logging_mixin.py:188} INFO - [2025-12-14T16:50:46.630+0000] {dag.py:3096} INFO - Sync 1 DAGs
[2025-12-14T16:50:46.646+0000] {logging_mixin.py:188} INFO - [2025-12-14T16:50:46.645+0000] {dag.py:3954} INFO - Setting next_dagrun for example_kubernetes_executor to None, run_after=None
[2025-12-14T16:50:46.671+0000] {processor.py:183} INFO - Processing /home/airflow/.local/lib/python3.12/site-packages/airflow/example_dags/example_kubernetes_executor.py took 0.118 seconds
[2025-12-14T16:51:17.521+0000] {processor.py:161} INFO - Started process (PID=345) to work on /home/airflow/.local/lib/python3.12/site-packages/airflow/example_dags/example_kubernetes_executor.py
[2025-12-14T16:51:17.523+0000] {processor.py:830} INFO - Processing file /home/airflow/.local/lib/python3.12/site-packages/airflow/example_dags/example_kubernetes_executor.py for tasks to queue
[2025-12-14T16:51:17.526+0000] {logging_mixin.py:188} INFO - [2025-12-14T16:51:17.526+0000] {dagbag.py:540} INFO - Filling up the DagBag from /home/airflow/.local/lib/python3.12/site-packages/airflow/example_dags/example_kubernetes_executor.py
[2025-12-14T16:51:17.544+0000] {processor.py:840} INFO - DAG(s) 'example_kubernetes_executor' retrieved from /home/airflow/.local/lib/python3.12/site-packages/airflow/example_dags/example_kubernetes_executor.py
[2025-12-14T16:51:17.601+0000] {logging_mixin.py:188} INFO - [2025-12-14T16:51:17.601+0000] {dag.py:3096} INFO - Sync 1 DAGs
[2025-12-14T16:51:17.621+0000] {logging_mixin.py:188} INFO - [2025-12-14T16:51:17.621+0000] {dag.py:3954} INFO - Setting next_dagrun for example_kubernetes_executor to None, run_after=None
[2025-12-14T16:51:17.647+0000] {processor.py:183} INFO - Processing /home/airflow/.local/lib/python3.12/site-packages/airflow/example_dags/example_kubernetes_executor.py took 0.134 seconds
[2025-12-14T16:51:47.765+0000] {processor.py:161} INFO - Started process (PID=402) to work on /home/airflow/.local/lib/python3.12/site-packages/airflow/example_dags/example_kubernetes_executor.py
[2025-12-14T16:51:47.767+0000] {processor.py:830} INFO - Processing file /home/airflow/.local/lib/python3.12/site-packages/airflow/example_dags/example_kubernetes_executor.py for tasks to queue
[2025-12-14T16:51:47.769+0000] {logging_mixin.py:188} INFO - [2025-12-14T16:51:47.769+0000] {dagbag.py:540} INFO - Filling up the DagBag from /home/airflow/.local/lib/python3.12/site-packages/airflow/example_dags/example_kubernetes_executor.py
[2025-12-14T16:51:47.784+0000] {processor.py:840} INFO - DAG(s) 'example_kubernetes_executor' retrieved from /home/airflow/.local/lib/python3.12/site-packages/airflow/example_dags/example_kubernetes_executor.py
[2025-12-14T16:51:47.840+0000] {logging_mixin.py:188} INFO - [2025-12-14T16:51:47.840+0000] {dag.py:3096} INFO - Sync 1 DAGs
[2025-12-14T16:51:47.869+0000] {logging_mixin.py:188} INFO - [2025-12-14T16:51:47.868+0000] {dag.py:3954} INFO - Setting next_dagrun for example_kubernetes_executor to None, run_after=None
[2025-12-14T16:51:47.899+0000] {processor.py:183} INFO - Processing /home/airflow/.local/lib/python3.12/site-packages/airflow/example_dags/example_kubernetes_executor.py took 0.141 seconds
[2025-12-14T16:52:18.277+0000] {processor.py:161} INFO - Started process (PID=460) to work on /home/airflow/.local/lib/python3.12/site-packages/airflow/example_dags/example_kubernetes_executor.py
[2025-12-14T16:52:18.279+0000] {processor.py:830} INFO - Processing file /home/airflow/.local/lib/python3.12/site-packages/airflow/example_dags/example_kubernetes_executor.py for tasks to queue
[2025-12-14T16:52:18.282+0000] {logging_mixin.py:188} INFO - [2025-12-14T16:52:18.281+0000] {dagbag.py:540} INFO - Filling up the DagBag from /home/airflow/.local/lib/python3.12/site-packages/airflow/example_dags/example_kubernetes_executor.py
[2025-12-14T16:52:18.304+0000] {processor.py:840} INFO - DAG(s) 'example_kubernetes_executor' retrieved from /home/airflow/.local/lib/python3.12/site-packages/airflow/example_dags/example_kubernetes_executor.py
[2025-12-14T16:52:18.361+0000] {logging_mixin.py:188} INFO - [2025-12-14T16:52:18.360+0000] {dag.py:3096} INFO - Sync 1 DAGs
[2025-12-14T16:52:18.377+0000] {logging_mixin.py:188} INFO - [2025-12-14T16:52:18.377+0000] {dag.py:3954} INFO - Setting next_dagrun for example_kubernetes_executor to None, run_after=None
[2025-12-14T16:52:18.403+0000] {processor.py:183} INFO - Processing /home/airflow/.local/lib/python3.12/site-packages/airflow/example_dags/example_kubernetes_executor.py took 0.135 seconds
[2025-12-14T16:55:11.079+0000] {processor.py:161} INFO - Started process (PID=152) to work on /home/airflow/.local/lib/python3.12/site-packages/airflow/example_dags/example_kubernetes_executor.py
[2025-12-14T16:55:11.081+0000] {processor.py:830} INFO - Processing file /home/airflow/.local/lib/python3.12/site-packages/airflow/example_dags/example_kubernetes_executor.py for tasks to queue
[2025-12-14T16:55:11.084+0000] {logging_mixin.py:188} INFO - [2025-12-14T16:55:11.084+0000] {dagbag.py:540} INFO - Filling up the DagBag from /home/airflow/.local/lib/python3.12/site-packages/airflow/example_dags/example_kubernetes_executor.py
[2025-12-14T16:55:11.102+0000] {processor.py:840} INFO - DAG(s) 'example_kubernetes_executor' retrieved from /home/airflow/.local/lib/python3.12/site-packages/airflow/example_dags/example_kubernetes_executor.py
[2025-12-14T16:55:11.296+0000] {logging_mixin.py:188} INFO - [2025-12-14T16:55:11.295+0000] {dag.py:3096} INFO - Sync 1 DAGs
[2025-12-14T16:55:11.310+0000] {logging_mixin.py:188} INFO - [2025-12-14T16:55:11.309+0000] {dag.py:3954} INFO - Setting next_dagrun for example_kubernetes_executor to None, run_after=None
[2025-12-14T16:55:11.339+0000] {processor.py:183} INFO - Processing /home/airflow/.local/lib/python3.12/site-packages/airflow/example_dags/example_kubernetes_executor.py took 0.268 seconds
[2025-12-14T16:55:41.868+0000] {processor.py:161} INFO - Started process (PID=224) to work on /home/airflow/.local/lib/python3.12/site-packages/airflow/example_dags/example_kubernetes_executor.py
[2025-12-14T16:55:41.870+0000] {processor.py:830} INFO - Processing file /home/airflow/.local/lib/python3.12/site-packages/airflow/example_dags/example_kubernetes_executor.py for tasks to queue
[2025-12-14T16:55:41.874+0000] {logging_mixin.py:188} INFO - [2025-12-14T16:55:41.873+0000] {dagbag.py:540} INFO - Filling up the DagBag from /home/airflow/.local/lib/python3.12/site-packages/airflow/example_dags/example_kubernetes_executor.py
[2025-12-14T16:55:41.904+0000] {processor.py:840} INFO - DAG(s) 'example_kubernetes_executor' retrieved from /home/airflow/.local/lib/python3.12/site-packages/airflow/example_dags/example_kubernetes_executor.py
[2025-12-14T16:55:41.960+0000] {logging_mixin.py:188} INFO - [2025-12-14T16:55:41.960+0000] {dag.py:3096} INFO - Sync 1 DAGs
[2025-12-14T16:55:41.976+0000] {logging_mixin.py:188} INFO - [2025-12-14T16:55:41.976+0000] {dag.py:3954} INFO - Setting next_dagrun for example_kubernetes_executor to None, run_after=None
[2025-12-14T16:55:42.124+0000] {processor.py:183} INFO - Processing /home/airflow/.local/lib/python3.12/site-packages/airflow/example_dags/example_kubernetes_executor.py took 0.268 seconds
[2025-12-14T16:56:12.658+0000] {processor.py:161} INFO - Started process (PID=295) to work on /home/airflow/.local/lib/python3.12/site-packages/airflow/example_dags/example_kubernetes_executor.py
[2025-12-14T16:56:12.660+0000] {processor.py:830} INFO - Processing file /home/airflow/.local/lib/python3.12/site-packages/airflow/example_dags/example_kubernetes_executor.py for tasks to queue
[2025-12-14T16:56:12.662+0000] {logging_mixin.py:188} INFO - [2025-12-14T16:56:12.662+0000] {dagbag.py:540} INFO - Filling up the DagBag from /home/airflow/.local/lib/python3.12/site-packages/airflow/example_dags/example_kubernetes_executor.py
[2025-12-14T16:56:12.677+0000] {processor.py:840} INFO - DAG(s) 'example_kubernetes_executor' retrieved from /home/airflow/.local/lib/python3.12/site-packages/airflow/example_dags/example_kubernetes_executor.py
[2025-12-14T16:56:12.733+0000] {logging_mixin.py:188} INFO - [2025-12-14T16:56:12.733+0000] {dag.py:3096} INFO - Sync 1 DAGs
[2025-12-14T16:56:12.748+0000] {logging_mixin.py:188} INFO - [2025-12-14T16:56:12.748+0000] {dag.py:3954} INFO - Setting next_dagrun for example_kubernetes_executor to None, run_after=None
[2025-12-14T16:56:12.773+0000] {processor.py:183} INFO - Processing /home/airflow/.local/lib/python3.12/site-packages/airflow/example_dags/example_kubernetes_executor.py took 0.122 seconds
[2025-12-14T16:56:43.871+0000] {processor.py:161} INFO - Started process (PID=367) to work on /home/airflow/.local/lib/python3.12/site-packages/airflow/example_dags/example_kubernetes_executor.py
[2025-12-14T16:56:43.879+0000] {processor.py:830} INFO - Processing file /home/airflow/.local/lib/python3.12/site-packages/airflow/example_dags/example_kubernetes_executor.py for tasks to queue
[2025-12-14T16:56:43.888+0000] {logging_mixin.py:188} INFO - [2025-12-14T16:56:43.887+0000] {dagbag.py:540} INFO - Filling up the DagBag from /home/airflow/.local/lib/python3.12/site-packages/airflow/example_dags/example_kubernetes_executor.py
[2025-12-14T16:56:43.919+0000] {processor.py:840} INFO - DAG(s) 'example_kubernetes_executor' retrieved from /home/airflow/.local/lib/python3.12/site-packages/airflow/example_dags/example_kubernetes_executor.py
[2025-12-14T16:56:43.964+0000] {logging_mixin.py:188} INFO - [2025-12-14T16:56:43.964+0000] {dag.py:3096} INFO - Sync 1 DAGs
[2025-12-14T16:56:43.977+0000] {logging_mixin.py:188} INFO - [2025-12-14T16:56:43.977+0000] {dag.py:3954} INFO - Setting next_dagrun for example_kubernetes_executor to None, run_after=None
[2025-12-14T16:56:44.003+0000] {processor.py:183} INFO - Processing /home/airflow/.local/lib/python3.12/site-packages/airflow/example_dags/example_kubernetes_executor.py took 0.149 seconds
[2025-12-14T16:57:14.851+0000] {processor.py:161} INFO - Started process (PID=427) to work on /home/airflow/.local/lib/python3.12/site-packages/airflow/example_dags/example_kubernetes_executor.py
[2025-12-14T16:57:14.853+0000] {processor.py:830} INFO - Processing file /home/airflow/.local/lib/python3.12/site-packages/airflow/example_dags/example_kubernetes_executor.py for tasks to queue
[2025-12-14T16:57:14.856+0000] {logging_mixin.py:188} INFO - [2025-12-14T16:57:14.856+0000] {dagbag.py:540} INFO - Filling up the DagBag from /home/airflow/.local/lib/python3.12/site-packages/airflow/example_dags/example_kubernetes_executor.py
[2025-12-14T16:57:14.872+0000] {processor.py:840} INFO - DAG(s) 'example_kubernetes_executor' retrieved from /home/airflow/.local/lib/python3.12/site-packages/airflow/example_dags/example_kubernetes_executor.py
[2025-12-14T16:57:14.925+0000] {logging_mixin.py:188} INFO - [2025-12-14T16:57:14.925+0000] {dag.py:3096} INFO - Sync 1 DAGs
[2025-12-14T16:57:14.942+0000] {logging_mixin.py:188} INFO - [2025-12-14T16:57:14.942+0000] {dag.py:3954} INFO - Setting next_dagrun for example_kubernetes_executor to None, run_after=None
[2025-12-14T16:57:14.968+0000] {processor.py:183} INFO - Processing /home/airflow/.local/lib/python3.12/site-packages/airflow/example_dags/example_kubernetes_executor.py took 0.125 seconds
[2025-12-14T16:58:35.270+0000] {processor.py:161} INFO - Started process (PID=101) to work on /home/airflow/.local/lib/python3.12/site-packages/airflow/example_dags/example_kubernetes_executor.py
[2025-12-14T16:58:35.272+0000] {processor.py:830} INFO - Processing file /home/airflow/.local/lib/python3.12/site-packages/airflow/example_dags/example_kubernetes_executor.py for tasks to queue
[2025-12-14T16:58:35.275+0000] {logging_mixin.py:188} INFO - [2025-12-14T16:58:35.275+0000] {dagbag.py:540} INFO - Filling up the DagBag from /home/airflow/.local/lib/python3.12/site-packages/airflow/example_dags/example_kubernetes_executor.py
[2025-12-14T16:58:35.304+0000] {processor.py:840} INFO - DAG(s) 'example_kubernetes_executor' retrieved from /home/airflow/.local/lib/python3.12/site-packages/airflow/example_dags/example_kubernetes_executor.py
[2025-12-14T16:58:35.560+0000] {logging_mixin.py:188} INFO - [2025-12-14T16:58:35.560+0000] {dag.py:3096} INFO - Sync 1 DAGs
[2025-12-14T16:58:35.578+0000] {logging_mixin.py:188} INFO - [2025-12-14T16:58:35.578+0000] {dag.py:3954} INFO - Setting next_dagrun for example_kubernetes_executor to None, run_after=None
[2025-12-14T16:58:35.610+0000] {processor.py:183} INFO - Processing /home/airflow/.local/lib/python3.12/site-packages/airflow/example_dags/example_kubernetes_executor.py took 0.350 seconds
[2025-12-14T16:59:06.239+0000] {processor.py:161} INFO - Started process (PID=161) to work on /home/airflow/.local/lib/python3.12/site-packages/airflow/example_dags/example_kubernetes_executor.py
[2025-12-14T16:59:06.240+0000] {processor.py:830} INFO - Processing file /home/airflow/.local/lib/python3.12/site-packages/airflow/example_dags/example_kubernetes_executor.py for tasks to queue
[2025-12-14T16:59:06.242+0000] {logging_mixin.py:188} INFO - [2025-12-14T16:59:06.242+0000] {dagbag.py:540} INFO - Filling up the DagBag from /home/airflow/.local/lib/python3.12/site-packages/airflow/example_dags/example_kubernetes_executor.py
[2025-12-14T16:59:06.257+0000] {processor.py:840} INFO - DAG(s) 'example_kubernetes_executor' retrieved from /home/airflow/.local/lib/python3.12/site-packages/airflow/example_dags/example_kubernetes_executor.py
[2025-12-14T16:59:06.303+0000] {logging_mixin.py:188} INFO - [2025-12-14T16:59:06.302+0000] {dag.py:3096} INFO - Sync 1 DAGs
[2025-12-14T16:59:06.320+0000] {logging_mixin.py:188} INFO - [2025-12-14T16:59:06.319+0000] {dag.py:3954} INFO - Setting next_dagrun for example_kubernetes_executor to None, run_after=None
[2025-12-14T16:59:06.347+0000] {processor.py:183} INFO - Processing /home/airflow/.local/lib/python3.12/site-packages/airflow/example_dags/example_kubernetes_executor.py took 0.114 seconds
[2025-12-14T16:59:37.149+0000] {processor.py:161} INFO - Started process (PID=221) to work on /home/airflow/.local/lib/python3.12/site-packages/airflow/example_dags/example_kubernetes_executor.py
[2025-12-14T16:59:37.151+0000] {processor.py:830} INFO - Processing file /home/airflow/.local/lib/python3.12/site-packages/airflow/example_dags/example_kubernetes_executor.py for tasks to queue
[2025-12-14T16:59:37.152+0000] {logging_mixin.py:188} INFO - [2025-12-14T16:59:37.152+0000] {dagbag.py:540} INFO - Filling up the DagBag from /home/airflow/.local/lib/python3.12/site-packages/airflow/example_dags/example_kubernetes_executor.py
[2025-12-14T16:59:37.179+0000] {processor.py:840} INFO - DAG(s) 'example_kubernetes_executor' retrieved from /home/airflow/.local/lib/python3.12/site-packages/airflow/example_dags/example_kubernetes_executor.py
[2025-12-14T16:59:37.265+0000] {logging_mixin.py:188} INFO - [2025-12-14T16:59:37.265+0000] {dag.py:3096} INFO - Sync 1 DAGs
[2025-12-14T16:59:37.288+0000] {logging_mixin.py:188} INFO - [2025-12-14T16:59:37.288+0000] {dag.py:3954} INFO - Setting next_dagrun for example_kubernetes_executor to None, run_after=None
[2025-12-14T16:59:37.323+0000] {processor.py:183} INFO - Processing /home/airflow/.local/lib/python3.12/site-packages/airflow/example_dags/example_kubernetes_executor.py took 0.183 seconds
[2025-12-14T17:00:07.952+0000] {processor.py:161} INFO - Started process (PID=281) to work on /home/airflow/.local/lib/python3.12/site-packages/airflow/example_dags/example_kubernetes_executor.py
[2025-12-14T17:00:07.954+0000] {processor.py:830} INFO - Processing file /home/airflow/.local/lib/python3.12/site-packages/airflow/example_dags/example_kubernetes_executor.py for tasks to queue
[2025-12-14T17:00:07.955+0000] {logging_mixin.py:188} INFO - [2025-12-14T17:00:07.954+0000] {dagbag.py:540} INFO - Filling up the DagBag from /home/airflow/.local/lib/python3.12/site-packages/airflow/example_dags/example_kubernetes_executor.py
[2025-12-14T17:00:07.970+0000] {processor.py:840} INFO - DAG(s) 'example_kubernetes_executor' retrieved from /home/airflow/.local/lib/python3.12/site-packages/airflow/example_dags/example_kubernetes_executor.py
[2025-12-14T17:00:08.015+0000] {logging_mixin.py:188} INFO - [2025-12-14T17:00:08.014+0000] {dag.py:3096} INFO - Sync 1 DAGs
[2025-12-14T17:00:08.029+0000] {logging_mixin.py:188} INFO - [2025-12-14T17:00:08.029+0000] {dag.py:3954} INFO - Setting next_dagrun for example_kubernetes_executor to None, run_after=None
[2025-12-14T17:00:08.056+0000] {processor.py:183} INFO - Processing /home/airflow/.local/lib/python3.12/site-packages/airflow/example_dags/example_kubernetes_executor.py took 0.111 seconds
[2025-12-14T17:00:40.260+0000] {processor.py:161} INFO - Started process (PID=341) to work on /home/airflow/.local/lib/python3.12/site-packages/airflow/example_dags/example_kubernetes_executor.py
[2025-12-14T17:00:40.262+0000] {processor.py:830} INFO - Processing file /home/airflow/.local/lib/python3.12/site-packages/airflow/example_dags/example_kubernetes_executor.py for tasks to queue
[2025-12-14T17:00:40.263+0000] {logging_mixin.py:188} INFO - [2025-12-14T17:00:40.263+0000] {dagbag.py:540} INFO - Filling up the DagBag from /home/airflow/.local/lib/python3.12/site-packages/airflow/example_dags/example_kubernetes_executor.py
[2025-12-14T17:00:40.282+0000] {processor.py:840} INFO - DAG(s) 'example_kubernetes_executor' retrieved from /home/airflow/.local/lib/python3.12/site-packages/airflow/example_dags/example_kubernetes_executor.py
[2025-12-14T17:00:40.351+0000] {logging_mixin.py:188} INFO - [2025-12-14T17:00:40.350+0000] {dag.py:3096} INFO - Sync 1 DAGs
[2025-12-14T17:00:40.376+0000] {logging_mixin.py:188} INFO - [2025-12-14T17:00:40.375+0000] {dag.py:3954} INFO - Setting next_dagrun for example_kubernetes_executor to None, run_after=None
[2025-12-14T17:00:40.412+0000] {processor.py:183} INFO - Processing /home/airflow/.local/lib/python3.12/site-packages/airflow/example_dags/example_kubernetes_executor.py took 0.160 seconds
[2025-12-14T17:02:53.837+0000] {processor.py:161} INFO - Started process (PID=139) to work on /home/airflow/.local/lib/python3.12/site-packages/airflow/example_dags/example_kubernetes_executor.py
[2025-12-14T17:02:53.840+0000] {processor.py:830} INFO - Processing file /home/airflow/.local/lib/python3.12/site-packages/airflow/example_dags/example_kubernetes_executor.py for tasks to queue
[2025-12-14T17:02:53.844+0000] {logging_mixin.py:188} INFO - [2025-12-14T17:02:53.843+0000] {dagbag.py:540} INFO - Filling up the DagBag from /home/airflow/.local/lib/python3.12/site-packages/airflow/example_dags/example_kubernetes_executor.py
[2025-12-14T17:02:53.865+0000] {processor.py:840} INFO - DAG(s) 'example_kubernetes_executor' retrieved from /home/airflow/.local/lib/python3.12/site-packages/airflow/example_dags/example_kubernetes_executor.py
[2025-12-14T17:02:54.158+0000] {logging_mixin.py:188} INFO - [2025-12-14T17:02:54.158+0000] {dag.py:3096} INFO - Sync 1 DAGs
[2025-12-14T17:02:54.175+0000] {logging_mixin.py:188} INFO - [2025-12-14T17:02:54.175+0000] {dag.py:3954} INFO - Setting next_dagrun for example_kubernetes_executor to None, run_after=None
[2025-12-14T17:02:54.267+0000] {processor.py:183} INFO - Processing /home/airflow/.local/lib/python3.12/site-packages/airflow/example_dags/example_kubernetes_executor.py took 0.438 seconds
[2025-12-14T17:03:25.153+0000] {processor.py:161} INFO - Started process (PID=210) to work on /home/airflow/.local/lib/python3.12/site-packages/airflow/example_dags/example_kubernetes_executor.py
[2025-12-14T17:03:25.154+0000] {processor.py:830} INFO - Processing file /home/airflow/.local/lib/python3.12/site-packages/airflow/example_dags/example_kubernetes_executor.py for tasks to queue
[2025-12-14T17:03:25.157+0000] {logging_mixin.py:188} INFO - [2025-12-14T17:03:25.156+0000] {dagbag.py:540} INFO - Filling up the DagBag from /home/airflow/.local/lib/python3.12/site-packages/airflow/example_dags/example_kubernetes_executor.py
[2025-12-14T17:03:25.173+0000] {processor.py:840} INFO - DAG(s) 'example_kubernetes_executor' retrieved from /home/airflow/.local/lib/python3.12/site-packages/airflow/example_dags/example_kubernetes_executor.py
[2025-12-14T17:03:25.221+0000] {logging_mixin.py:188} INFO - [2025-12-14T17:03:25.221+0000] {dag.py:3096} INFO - Sync 1 DAGs
[2025-12-14T17:03:25.239+0000] {logging_mixin.py:188} INFO - [2025-12-14T17:03:25.239+0000] {dag.py:3954} INFO - Setting next_dagrun for example_kubernetes_executor to None, run_after=None
[2025-12-14T17:03:25.266+0000] {processor.py:183} INFO - Processing /home/airflow/.local/lib/python3.12/site-packages/airflow/example_dags/example_kubernetes_executor.py took 0.120 seconds
[2025-12-14T17:03:55.835+0000] {processor.py:161} INFO - Started process (PID=281) to work on /home/airflow/.local/lib/python3.12/site-packages/airflow/example_dags/example_kubernetes_executor.py
[2025-12-14T17:03:55.837+0000] {processor.py:830} INFO - Processing file /home/airflow/.local/lib/python3.12/site-packages/airflow/example_dags/example_kubernetes_executor.py for tasks to queue
[2025-12-14T17:03:55.843+0000] {logging_mixin.py:188} INFO - [2025-12-14T17:03:55.842+0000] {dagbag.py:540} INFO - Filling up the DagBag from /home/airflow/.local/lib/python3.12/site-packages/airflow/example_dags/example_kubernetes_executor.py
[2025-12-14T17:03:55.878+0000] {processor.py:840} INFO - DAG(s) 'example_kubernetes_executor' retrieved from /home/airflow/.local/lib/python3.12/site-packages/airflow/example_dags/example_kubernetes_executor.py
[2025-12-14T17:03:55.985+0000] {logging_mixin.py:188} INFO - [2025-12-14T17:03:55.985+0000] {dag.py:3096} INFO - Sync 1 DAGs
[2025-12-14T17:03:56.012+0000] {logging_mixin.py:188} INFO - [2025-12-14T17:03:56.011+0000] {dag.py:3954} INFO - Setting next_dagrun for example_kubernetes_executor to None, run_after=None
[2025-12-14T17:03:56.043+0000] {processor.py:183} INFO - Processing /home/airflow/.local/lib/python3.12/site-packages/airflow/example_dags/example_kubernetes_executor.py took 0.221 seconds
[2025-12-14T17:04:26.426+0000] {processor.py:161} INFO - Started process (PID=352) to work on /home/airflow/.local/lib/python3.12/site-packages/airflow/example_dags/example_kubernetes_executor.py
[2025-12-14T17:04:26.427+0000] {processor.py:830} INFO - Processing file /home/airflow/.local/lib/python3.12/site-packages/airflow/example_dags/example_kubernetes_executor.py for tasks to queue
[2025-12-14T17:04:26.430+0000] {logging_mixin.py:188} INFO - [2025-12-14T17:04:26.429+0000] {dagbag.py:540} INFO - Filling up the DagBag from /home/airflow/.local/lib/python3.12/site-packages/airflow/example_dags/example_kubernetes_executor.py
[2025-12-14T17:04:26.447+0000] {processor.py:840} INFO - DAG(s) 'example_kubernetes_executor' retrieved from /home/airflow/.local/lib/python3.12/site-packages/airflow/example_dags/example_kubernetes_executor.py
[2025-12-14T17:04:26.496+0000] {logging_mixin.py:188} INFO - [2025-12-14T17:04:26.496+0000] {dag.py:3096} INFO - Sync 1 DAGs
[2025-12-14T17:04:26.512+0000] {logging_mixin.py:188} INFO - [2025-12-14T17:04:26.512+0000] {dag.py:3954} INFO - Setting next_dagrun for example_kubernetes_executor to None, run_after=None
[2025-12-14T17:04:26.537+0000] {processor.py:183} INFO - Processing /home/airflow/.local/lib/python3.12/site-packages/airflow/example_dags/example_kubernetes_executor.py took 0.121 seconds
[2025-12-14T17:07:18.246+0000] {processor.py:161} INFO - Started process (PID=130) to work on /home/airflow/.local/lib/python3.12/site-packages/airflow/example_dags/example_kubernetes_executor.py
[2025-12-14T17:07:18.248+0000] {processor.py:830} INFO - Processing file /home/airflow/.local/lib/python3.12/site-packages/airflow/example_dags/example_kubernetes_executor.py for tasks to queue
[2025-12-14T17:07:18.251+0000] {logging_mixin.py:188} INFO - [2025-12-14T17:07:18.251+0000] {dagbag.py:540} INFO - Filling up the DagBag from /home/airflow/.local/lib/python3.12/site-packages/airflow/example_dags/example_kubernetes_executor.py
[2025-12-14T17:07:18.272+0000] {processor.py:840} INFO - DAG(s) 'example_kubernetes_executor' retrieved from /home/airflow/.local/lib/python3.12/site-packages/airflow/example_dags/example_kubernetes_executor.py
[2025-12-14T17:07:18.475+0000] {logging_mixin.py:188} INFO - [2025-12-14T17:07:18.474+0000] {dag.py:3096} INFO - Sync 1 DAGs
[2025-12-14T17:07:18.492+0000] {logging_mixin.py:188} INFO - [2025-12-14T17:07:18.492+0000] {dag.py:3954} INFO - Setting next_dagrun for example_kubernetes_executor to None, run_after=None
[2025-12-14T17:07:18.526+0000] {processor.py:183} INFO - Processing /home/airflow/.local/lib/python3.12/site-packages/airflow/example_dags/example_kubernetes_executor.py took 0.291 seconds
[2025-12-14T17:07:48.795+0000] {processor.py:161} INFO - Started process (PID=201) to work on /home/airflow/.local/lib/python3.12/site-packages/airflow/example_dags/example_kubernetes_executor.py
[2025-12-14T17:07:48.797+0000] {processor.py:830} INFO - Processing file /home/airflow/.local/lib/python3.12/site-packages/airflow/example_dags/example_kubernetes_executor.py for tasks to queue
[2025-12-14T17:07:48.800+0000] {logging_mixin.py:188} INFO - [2025-12-14T17:07:48.799+0000] {dagbag.py:540} INFO - Filling up the DagBag from /home/airflow/.local/lib/python3.12/site-packages/airflow/example_dags/example_kubernetes_executor.py
[2025-12-14T17:07:48.815+0000] {processor.py:840} INFO - DAG(s) 'example_kubernetes_executor' retrieved from /home/airflow/.local/lib/python3.12/site-packages/airflow/example_dags/example_kubernetes_executor.py
[2025-12-14T17:07:48.866+0000] {logging_mixin.py:188} INFO - [2025-12-14T17:07:48.865+0000] {dag.py:3096} INFO - Sync 1 DAGs
[2025-12-14T17:07:48.881+0000] {logging_mixin.py:188} INFO - [2025-12-14T17:07:48.881+0000] {dag.py:3954} INFO - Setting next_dagrun for example_kubernetes_executor to None, run_after=None
[2025-12-14T17:07:48.907+0000] {processor.py:183} INFO - Processing /home/airflow/.local/lib/python3.12/site-packages/airflow/example_dags/example_kubernetes_executor.py took 0.119 seconds
[2025-12-14T17:08:20.624+0000] {processor.py:161} INFO - Started process (PID=272) to work on /home/airflow/.local/lib/python3.12/site-packages/airflow/example_dags/example_kubernetes_executor.py
[2025-12-14T17:08:20.626+0000] {processor.py:830} INFO - Processing file /home/airflow/.local/lib/python3.12/site-packages/airflow/example_dags/example_kubernetes_executor.py for tasks to queue
[2025-12-14T17:08:20.629+0000] {logging_mixin.py:188} INFO - [2025-12-14T17:08:20.629+0000] {dagbag.py:540} INFO - Filling up the DagBag from /home/airflow/.local/lib/python3.12/site-packages/airflow/example_dags/example_kubernetes_executor.py
[2025-12-14T17:08:20.648+0000] {processor.py:840} INFO - DAG(s) 'example_kubernetes_executor' retrieved from /home/airflow/.local/lib/python3.12/site-packages/airflow/example_dags/example_kubernetes_executor.py
[2025-12-14T17:08:20.710+0000] {logging_mixin.py:188} INFO - [2025-12-14T17:08:20.710+0000] {dag.py:3096} INFO - Sync 1 DAGs
[2025-12-14T17:08:20.729+0000] {logging_mixin.py:188} INFO - [2025-12-14T17:08:20.728+0000] {dag.py:3954} INFO - Setting next_dagrun for example_kubernetes_executor to None, run_after=None
[2025-12-14T17:08:20.756+0000] {processor.py:183} INFO - Processing /home/airflow/.local/lib/python3.12/site-packages/airflow/example_dags/example_kubernetes_executor.py took 0.141 seconds
[2025-12-14T17:08:53.139+0000] {processor.py:161} INFO - Started process (PID=344) to work on /home/airflow/.local/lib/python3.12/site-packages/airflow/example_dags/example_kubernetes_executor.py
[2025-12-14T17:08:53.141+0000] {processor.py:830} INFO - Processing file /home/airflow/.local/lib/python3.12/site-packages/airflow/example_dags/example_kubernetes_executor.py for tasks to queue
[2025-12-14T17:08:53.144+0000] {logging_mixin.py:188} INFO - [2025-12-14T17:08:53.144+0000] {dagbag.py:540} INFO - Filling up the DagBag from /home/airflow/.local/lib/python3.12/site-packages/airflow/example_dags/example_kubernetes_executor.py
[2025-12-14T17:08:53.182+0000] {processor.py:840} INFO - DAG(s) 'example_kubernetes_executor' retrieved from /home/airflow/.local/lib/python3.12/site-packages/airflow/example_dags/example_kubernetes_executor.py
[2025-12-14T17:08:53.285+0000] {logging_mixin.py:188} INFO - [2025-12-14T17:08:53.285+0000] {dag.py:3096} INFO - Sync 1 DAGs
[2025-12-14T17:08:53.318+0000] {logging_mixin.py:188} INFO - [2025-12-14T17:08:53.318+0000] {dag.py:3954} INFO - Setting next_dagrun for example_kubernetes_executor to None, run_after=None
[2025-12-14T17:08:53.375+0000] {processor.py:183} INFO - Processing /home/airflow/.local/lib/python3.12/site-packages/airflow/example_dags/example_kubernetes_executor.py took 0.245 seconds
[2025-12-14T17:09:24.401+0000] {processor.py:161} INFO - Started process (PID=404) to work on /home/airflow/.local/lib/python3.12/site-packages/airflow/example_dags/example_kubernetes_executor.py
[2025-12-14T17:09:24.403+0000] {processor.py:830} INFO - Processing file /home/airflow/.local/lib/python3.12/site-packages/airflow/example_dags/example_kubernetes_executor.py for tasks to queue
[2025-12-14T17:09:24.406+0000] {logging_mixin.py:188} INFO - [2025-12-14T17:09:24.405+0000] {dagbag.py:540} INFO - Filling up the DagBag from /home/airflow/.local/lib/python3.12/site-packages/airflow/example_dags/example_kubernetes_executor.py
[2025-12-14T17:09:24.424+0000] {processor.py:840} INFO - DAG(s) 'example_kubernetes_executor' retrieved from /home/airflow/.local/lib/python3.12/site-packages/airflow/example_dags/example_kubernetes_executor.py
[2025-12-14T17:09:24.563+0000] {logging_mixin.py:188} INFO - [2025-12-14T17:09:24.563+0000] {dag.py:3096} INFO - Sync 1 DAGs
[2025-12-14T17:09:24.580+0000] {logging_mixin.py:188} INFO - [2025-12-14T17:09:24.579+0000] {dag.py:3954} INFO - Setting next_dagrun for example_kubernetes_executor to None, run_after=None
[2025-12-14T17:09:24.607+0000] {processor.py:183} INFO - Processing /home/airflow/.local/lib/python3.12/site-packages/airflow/example_dags/example_kubernetes_executor.py took 0.215 seconds
[2025-12-14T17:09:55.198+0000] {processor.py:161} INFO - Started process (PID=473) to work on /home/airflow/.local/lib/python3.12/site-packages/airflow/example_dags/example_kubernetes_executor.py
[2025-12-14T17:09:55.199+0000] {processor.py:830} INFO - Processing file /home/airflow/.local/lib/python3.12/site-packages/airflow/example_dags/example_kubernetes_executor.py for tasks to queue
[2025-12-14T17:09:55.202+0000] {logging_mixin.py:188} INFO - [2025-12-14T17:09:55.202+0000] {dagbag.py:540} INFO - Filling up the DagBag from /home/airflow/.local/lib/python3.12/site-packages/airflow/example_dags/example_kubernetes_executor.py
[2025-12-14T17:09:55.217+0000] {processor.py:840} INFO - DAG(s) 'example_kubernetes_executor' retrieved from /home/airflow/.local/lib/python3.12/site-packages/airflow/example_dags/example_kubernetes_executor.py
[2025-12-14T17:09:55.261+0000] {logging_mixin.py:188} INFO - [2025-12-14T17:09:55.260+0000] {dag.py:3096} INFO - Sync 1 DAGs
[2025-12-14T17:09:55.278+0000] {logging_mixin.py:188} INFO - [2025-12-14T17:09:55.278+0000] {dag.py:3954} INFO - Setting next_dagrun for example_kubernetes_executor to None, run_after=None
[2025-12-14T17:09:55.303+0000] {processor.py:183} INFO - Processing /home/airflow/.local/lib/python3.12/site-packages/airflow/example_dags/example_kubernetes_executor.py took 0.113 seconds
[2025-12-14T17:10:25.691+0000] {processor.py:161} INFO - Started process (PID=557) to work on /home/airflow/.local/lib/python3.12/site-packages/airflow/example_dags/example_kubernetes_executor.py
[2025-12-14T17:10:25.692+0000] {processor.py:830} INFO - Processing file /home/airflow/.local/lib/python3.12/site-packages/airflow/example_dags/example_kubernetes_executor.py for tasks to queue
[2025-12-14T17:10:25.695+0000] {logging_mixin.py:188} INFO - [2025-12-14T17:10:25.694+0000] {dagbag.py:540} INFO - Filling up the DagBag from /home/airflow/.local/lib/python3.12/site-packages/airflow/example_dags/example_kubernetes_executor.py
[2025-12-14T17:10:25.709+0000] {processor.py:840} INFO - DAG(s) 'example_kubernetes_executor' retrieved from /home/airflow/.local/lib/python3.12/site-packages/airflow/example_dags/example_kubernetes_executor.py
[2025-12-14T17:10:25.756+0000] {logging_mixin.py:188} INFO - [2025-12-14T17:10:25.756+0000] {dag.py:3096} INFO - Sync 1 DAGs
[2025-12-14T17:10:25.770+0000] {logging_mixin.py:188} INFO - [2025-12-14T17:10:25.770+0000] {dag.py:3954} INFO - Setting next_dagrun for example_kubernetes_executor to None, run_after=None
[2025-12-14T17:10:25.797+0000] {processor.py:183} INFO - Processing /home/airflow/.local/lib/python3.12/site-packages/airflow/example_dags/example_kubernetes_executor.py took 0.114 seconds
[2025-12-14T17:10:55.997+0000] {processor.py:161} INFO - Started process (PID=627) to work on /home/airflow/.local/lib/python3.12/site-packages/airflow/example_dags/example_kubernetes_executor.py
[2025-12-14T17:10:55.998+0000] {processor.py:830} INFO - Processing file /home/airflow/.local/lib/python3.12/site-packages/airflow/example_dags/example_kubernetes_executor.py for tasks to queue
[2025-12-14T17:10:56.003+0000] {logging_mixin.py:188} INFO - [2025-12-14T17:10:56.002+0000] {dagbag.py:540} INFO - Filling up the DagBag from /home/airflow/.local/lib/python3.12/site-packages/airflow/example_dags/example_kubernetes_executor.py
[2025-12-14T17:10:56.024+0000] {processor.py:840} INFO - DAG(s) 'example_kubernetes_executor' retrieved from /home/airflow/.local/lib/python3.12/site-packages/airflow/example_dags/example_kubernetes_executor.py
[2025-12-14T17:10:56.089+0000] {logging_mixin.py:188} INFO - [2025-12-14T17:10:56.089+0000] {dag.py:3096} INFO - Sync 1 DAGs
[2025-12-14T17:10:56.110+0000] {logging_mixin.py:188} INFO - [2025-12-14T17:10:56.110+0000] {dag.py:3954} INFO - Setting next_dagrun for example_kubernetes_executor to None, run_after=None
[2025-12-14T17:10:56.139+0000] {processor.py:183} INFO - Processing /home/airflow/.local/lib/python3.12/site-packages/airflow/example_dags/example_kubernetes_executor.py took 0.152 seconds
[2025-12-14T17:11:26.479+0000] {processor.py:161} INFO - Started process (PID=698) to work on /home/airflow/.local/lib/python3.12/site-packages/airflow/example_dags/example_kubernetes_executor.py
[2025-12-14T17:11:26.481+0000] {processor.py:830} INFO - Processing file /home/airflow/.local/lib/python3.12/site-packages/airflow/example_dags/example_kubernetes_executor.py for tasks to queue
[2025-12-14T17:11:26.484+0000] {logging_mixin.py:188} INFO - [2025-12-14T17:11:26.483+0000] {dagbag.py:540} INFO - Filling up the DagBag from /home/airflow/.local/lib/python3.12/site-packages/airflow/example_dags/example_kubernetes_executor.py
[2025-12-14T17:11:26.501+0000] {processor.py:840} INFO - DAG(s) 'example_kubernetes_executor' retrieved from /home/airflow/.local/lib/python3.12/site-packages/airflow/example_dags/example_kubernetes_executor.py
[2025-12-14T17:11:26.551+0000] {logging_mixin.py:188} INFO - [2025-12-14T17:11:26.551+0000] {dag.py:3096} INFO - Sync 1 DAGs
[2025-12-14T17:11:26.565+0000] {logging_mixin.py:188} INFO - [2025-12-14T17:11:26.564+0000] {dag.py:3954} INFO - Setting next_dagrun for example_kubernetes_executor to None, run_after=None
[2025-12-14T17:11:26.588+0000] {processor.py:183} INFO - Processing /home/airflow/.local/lib/python3.12/site-packages/airflow/example_dags/example_kubernetes_executor.py took 0.118 seconds
[2025-12-14T17:11:56.830+0000] {processor.py:161} INFO - Started process (PID=769) to work on /home/airflow/.local/lib/python3.12/site-packages/airflow/example_dags/example_kubernetes_executor.py
[2025-12-14T17:11:56.832+0000] {processor.py:830} INFO - Processing file /home/airflow/.local/lib/python3.12/site-packages/airflow/example_dags/example_kubernetes_executor.py for tasks to queue
[2025-12-14T17:11:56.835+0000] {logging_mixin.py:188} INFO - [2025-12-14T17:11:56.834+0000] {dagbag.py:540} INFO - Filling up the DagBag from /home/airflow/.local/lib/python3.12/site-packages/airflow/example_dags/example_kubernetes_executor.py
[2025-12-14T17:11:56.851+0000] {processor.py:840} INFO - DAG(s) 'example_kubernetes_executor' retrieved from /home/airflow/.local/lib/python3.12/site-packages/airflow/example_dags/example_kubernetes_executor.py
[2025-12-14T17:11:56.906+0000] {logging_mixin.py:188} INFO - [2025-12-14T17:11:56.905+0000] {dag.py:3096} INFO - Sync 1 DAGs
[2025-12-14T17:11:56.925+0000] {logging_mixin.py:188} INFO - [2025-12-14T17:11:56.925+0000] {dag.py:3954} INFO - Setting next_dagrun for example_kubernetes_executor to None, run_after=None
[2025-12-14T17:11:56.948+0000] {processor.py:183} INFO - Processing /home/airflow/.local/lib/python3.12/site-packages/airflow/example_dags/example_kubernetes_executor.py took 0.126 seconds
[2025-12-14T17:12:27.093+0000] {processor.py:161} INFO - Started process (PID=840) to work on /home/airflow/.local/lib/python3.12/site-packages/airflow/example_dags/example_kubernetes_executor.py
[2025-12-14T17:12:27.094+0000] {processor.py:830} INFO - Processing file /home/airflow/.local/lib/python3.12/site-packages/airflow/example_dags/example_kubernetes_executor.py for tasks to queue
[2025-12-14T17:12:27.096+0000] {logging_mixin.py:188} INFO - [2025-12-14T17:12:27.096+0000] {dagbag.py:540} INFO - Filling up the DagBag from /home/airflow/.local/lib/python3.12/site-packages/airflow/example_dags/example_kubernetes_executor.py
[2025-12-14T17:12:27.113+0000] {processor.py:840} INFO - DAG(s) 'example_kubernetes_executor' retrieved from /home/airflow/.local/lib/python3.12/site-packages/airflow/example_dags/example_kubernetes_executor.py
[2025-12-14T17:12:27.163+0000] {logging_mixin.py:188} INFO - [2025-12-14T17:12:27.163+0000] {dag.py:3096} INFO - Sync 1 DAGs
[2025-12-14T17:12:27.180+0000] {logging_mixin.py:188} INFO - [2025-12-14T17:12:27.179+0000] {dag.py:3954} INFO - Setting next_dagrun for example_kubernetes_executor to None, run_after=None
[2025-12-14T17:12:27.207+0000] {processor.py:183} INFO - Processing /home/airflow/.local/lib/python3.12/site-packages/airflow/example_dags/example_kubernetes_executor.py took 0.124 seconds
[2025-12-14T17:12:57.806+0000] {processor.py:161} INFO - Started process (PID=912) to work on /home/airflow/.local/lib/python3.12/site-packages/airflow/example_dags/example_kubernetes_executor.py
[2025-12-14T17:12:57.807+0000] {processor.py:830} INFO - Processing file /home/airflow/.local/lib/python3.12/site-packages/airflow/example_dags/example_kubernetes_executor.py for tasks to queue
[2025-12-14T17:12:57.810+0000] {logging_mixin.py:188} INFO - [2025-12-14T17:12:57.810+0000] {dagbag.py:540} INFO - Filling up the DagBag from /home/airflow/.local/lib/python3.12/site-packages/airflow/example_dags/example_kubernetes_executor.py
[2025-12-14T17:12:57.826+0000] {processor.py:840} INFO - DAG(s) 'example_kubernetes_executor' retrieved from /home/airflow/.local/lib/python3.12/site-packages/airflow/example_dags/example_kubernetes_executor.py
[2025-12-14T17:12:57.883+0000] {logging_mixin.py:188} INFO - [2025-12-14T17:12:57.883+0000] {dag.py:3096} INFO - Sync 1 DAGs
[2025-12-14T17:12:57.902+0000] {logging_mixin.py:188} INFO - [2025-12-14T17:12:57.902+0000] {dag.py:3954} INFO - Setting next_dagrun for example_kubernetes_executor to None, run_after=None
[2025-12-14T17:12:57.930+0000] {processor.py:183} INFO - Processing /home/airflow/.local/lib/python3.12/site-packages/airflow/example_dags/example_kubernetes_executor.py took 0.132 seconds
[2025-12-14T17:13:28.108+0000] {processor.py:161} INFO - Started process (PID=983) to work on /home/airflow/.local/lib/python3.12/site-packages/airflow/example_dags/example_kubernetes_executor.py
[2025-12-14T17:13:28.109+0000] {processor.py:830} INFO - Processing file /home/airflow/.local/lib/python3.12/site-packages/airflow/example_dags/example_kubernetes_executor.py for tasks to queue
[2025-12-14T17:13:28.112+0000] {logging_mixin.py:188} INFO - [2025-12-14T17:13:28.112+0000] {dagbag.py:540} INFO - Filling up the DagBag from /home/airflow/.local/lib/python3.12/site-packages/airflow/example_dags/example_kubernetes_executor.py
[2025-12-14T17:13:28.126+0000] {processor.py:840} INFO - DAG(s) 'example_kubernetes_executor' retrieved from /home/airflow/.local/lib/python3.12/site-packages/airflow/example_dags/example_kubernetes_executor.py
[2025-12-14T17:13:28.181+0000] {logging_mixin.py:188} INFO - [2025-12-14T17:13:28.180+0000] {dag.py:3096} INFO - Sync 1 DAGs
[2025-12-14T17:13:28.197+0000] {logging_mixin.py:188} INFO - [2025-12-14T17:13:28.197+0000] {dag.py:3954} INFO - Setting next_dagrun for example_kubernetes_executor to None, run_after=None
[2025-12-14T17:13:28.225+0000] {processor.py:183} INFO - Processing /home/airflow/.local/lib/python3.12/site-packages/airflow/example_dags/example_kubernetes_executor.py took 0.124 seconds
[2025-12-14T17:13:58.311+0000] {processor.py:161} INFO - Started process (PID=1054) to work on /home/airflow/.local/lib/python3.12/site-packages/airflow/example_dags/example_kubernetes_executor.py
[2025-12-14T17:13:58.312+0000] {processor.py:830} INFO - Processing file /home/airflow/.local/lib/python3.12/site-packages/airflow/example_dags/example_kubernetes_executor.py for tasks to queue
[2025-12-14T17:13:58.315+0000] {logging_mixin.py:188} INFO - [2025-12-14T17:13:58.315+0000] {dagbag.py:540} INFO - Filling up the DagBag from /home/airflow/.local/lib/python3.12/site-packages/airflow/example_dags/example_kubernetes_executor.py
[2025-12-14T17:13:58.331+0000] {processor.py:840} INFO - DAG(s) 'example_kubernetes_executor' retrieved from /home/airflow/.local/lib/python3.12/site-packages/airflow/example_dags/example_kubernetes_executor.py
[2025-12-14T17:13:58.382+0000] {logging_mixin.py:188} INFO - [2025-12-14T17:13:58.382+0000] {dag.py:3096} INFO - Sync 1 DAGs
[2025-12-14T17:13:58.403+0000] {logging_mixin.py:188} INFO - [2025-12-14T17:13:58.402+0000] {dag.py:3954} INFO - Setting next_dagrun for example_kubernetes_executor to None, run_after=None
[2025-12-14T17:13:58.435+0000] {processor.py:183} INFO - Processing /home/airflow/.local/lib/python3.12/site-packages/airflow/example_dags/example_kubernetes_executor.py took 0.131 seconds
[2025-12-14T17:14:29.307+0000] {processor.py:161} INFO - Started process (PID=1126) to work on /home/airflow/.local/lib/python3.12/site-packages/airflow/example_dags/example_kubernetes_executor.py
[2025-12-14T17:14:29.308+0000] {processor.py:830} INFO - Processing file /home/airflow/.local/lib/python3.12/site-packages/airflow/example_dags/example_kubernetes_executor.py for tasks to queue
[2025-12-14T17:14:29.311+0000] {logging_mixin.py:188} INFO - [2025-12-14T17:14:29.310+0000] {dagbag.py:540} INFO - Filling up the DagBag from /home/airflow/.local/lib/python3.12/site-packages/airflow/example_dags/example_kubernetes_executor.py
[2025-12-14T17:14:29.324+0000] {processor.py:840} INFO - DAG(s) 'example_kubernetes_executor' retrieved from /home/airflow/.local/lib/python3.12/site-packages/airflow/example_dags/example_kubernetes_executor.py
[2025-12-14T17:14:29.559+0000] {logging_mixin.py:188} INFO - [2025-12-14T17:14:29.559+0000] {dag.py:3096} INFO - Sync 1 DAGs
[2025-12-14T17:14:29.574+0000] {logging_mixin.py:188} INFO - [2025-12-14T17:14:29.573+0000] {dag.py:3954} INFO - Setting next_dagrun for example_kubernetes_executor to None, run_after=None
[2025-12-14T17:14:29.599+0000] {processor.py:183} INFO - Processing /home/airflow/.local/lib/python3.12/site-packages/airflow/example_dags/example_kubernetes_executor.py took 0.299 seconds
[2025-12-14T17:14:59.956+0000] {processor.py:161} INFO - Started process (PID=1197) to work on /home/airflow/.local/lib/python3.12/site-packages/airflow/example_dags/example_kubernetes_executor.py
[2025-12-14T17:14:59.957+0000] {processor.py:830} INFO - Processing file /home/airflow/.local/lib/python3.12/site-packages/airflow/example_dags/example_kubernetes_executor.py for tasks to queue
[2025-12-14T17:14:59.959+0000] {logging_mixin.py:188} INFO - [2025-12-14T17:14:59.959+0000] {dagbag.py:540} INFO - Filling up the DagBag from /home/airflow/.local/lib/python3.12/site-packages/airflow/example_dags/example_kubernetes_executor.py
[2025-12-14T17:14:59.973+0000] {processor.py:840} INFO - DAG(s) 'example_kubernetes_executor' retrieved from /home/airflow/.local/lib/python3.12/site-packages/airflow/example_dags/example_kubernetes_executor.py
[2025-12-14T17:15:00.021+0000] {logging_mixin.py:188} INFO - [2025-12-14T17:15:00.021+0000] {dag.py:3096} INFO - Sync 1 DAGs
[2025-12-14T17:15:00.179+0000] {logging_mixin.py:188} INFO - [2025-12-14T17:15:00.179+0000] {dag.py:3954} INFO - Setting next_dagrun for example_kubernetes_executor to None, run_after=None
[2025-12-14T17:15:00.200+0000] {processor.py:183} INFO - Processing /home/airflow/.local/lib/python3.12/site-packages/airflow/example_dags/example_kubernetes_executor.py took 0.252 seconds
[2025-12-14T17:15:31.065+0000] {processor.py:161} INFO - Started process (PID=1269) to work on /home/airflow/.local/lib/python3.12/site-packages/airflow/example_dags/example_kubernetes_executor.py
[2025-12-14T17:15:31.067+0000] {processor.py:830} INFO - Processing file /home/airflow/.local/lib/python3.12/site-packages/airflow/example_dags/example_kubernetes_executor.py for tasks to queue
[2025-12-14T17:15:31.069+0000] {logging_mixin.py:188} INFO - [2025-12-14T17:15:31.069+0000] {dagbag.py:540} INFO - Filling up the DagBag from /home/airflow/.local/lib/python3.12/site-packages/airflow/example_dags/example_kubernetes_executor.py
[2025-12-14T17:15:31.083+0000] {processor.py:840} INFO - DAG(s) 'example_kubernetes_executor' retrieved from /home/airflow/.local/lib/python3.12/site-packages/airflow/example_dags/example_kubernetes_executor.py
[2025-12-14T17:15:31.131+0000] {logging_mixin.py:188} INFO - [2025-12-14T17:15:31.130+0000] {dag.py:3096} INFO - Sync 1 DAGs
[2025-12-14T17:15:31.144+0000] {logging_mixin.py:188} INFO - [2025-12-14T17:15:31.144+0000] {dag.py:3954} INFO - Setting next_dagrun for example_kubernetes_executor to None, run_after=None
[2025-12-14T17:15:31.165+0000] {processor.py:183} INFO - Processing /home/airflow/.local/lib/python3.12/site-packages/airflow/example_dags/example_kubernetes_executor.py took 0.106 seconds
[2025-12-14T17:16:01.367+0000] {processor.py:161} INFO - Started process (PID=1340) to work on /home/airflow/.local/lib/python3.12/site-packages/airflow/example_dags/example_kubernetes_executor.py
[2025-12-14T17:16:01.370+0000] {processor.py:830} INFO - Processing file /home/airflow/.local/lib/python3.12/site-packages/airflow/example_dags/example_kubernetes_executor.py for tasks to queue
[2025-12-14T17:16:01.377+0000] {logging_mixin.py:188} INFO - [2025-12-14T17:16:01.376+0000] {dagbag.py:540} INFO - Filling up the DagBag from /home/airflow/.local/lib/python3.12/site-packages/airflow/example_dags/example_kubernetes_executor.py
[2025-12-14T17:16:01.452+0000] {processor.py:840} INFO - DAG(s) 'example_kubernetes_executor' retrieved from /home/airflow/.local/lib/python3.12/site-packages/airflow/example_dags/example_kubernetes_executor.py
[2025-12-14T17:16:01.644+0000] {logging_mixin.py:188} INFO - [2025-12-14T17:16:01.644+0000] {dag.py:3096} INFO - Sync 1 DAGs
[2025-12-14T17:16:01.686+0000] {logging_mixin.py:188} INFO - [2025-12-14T17:16:01.686+0000] {dag.py:3954} INFO - Setting next_dagrun for example_kubernetes_executor to None, run_after=None
[2025-12-14T17:16:01.849+0000] {processor.py:183} INFO - Processing /home/airflow/.local/lib/python3.12/site-packages/airflow/example_dags/example_kubernetes_executor.py took 0.510 seconds
