[2025-12-14T16:49:10.185+0000] {processor.py:161} INFO - Started process (PID=75) to work on /home/airflow/.local/lib/python3.12/site-packages/airflow/example_dags/example_nested_branch_dag.py
[2025-12-14T16:49:10.186+0000] {processor.py:830} INFO - Processing file /home/airflow/.local/lib/python3.12/site-packages/airflow/example_dags/example_nested_branch_dag.py for tasks to queue
[2025-12-14T16:49:10.189+0000] {logging_mixin.py:188} INFO - [2025-12-14T16:49:10.189+0000] {dagbag.py:540} INFO - Filling up the DagBag from /home/airflow/.local/lib/python3.12/site-packages/airflow/example_dags/example_nested_branch_dag.py
[2025-12-14T16:49:10.214+0000] {processor.py:840} INFO - DAG(s) 'example_nested_branch_dag' retrieved from /home/airflow/.local/lib/python3.12/site-packages/airflow/example_dags/example_nested_branch_dag.py
[2025-12-14T16:49:10.415+0000] {logging_mixin.py:188} INFO - [2025-12-14T16:49:10.415+0000] {dag.py:3096} INFO - Sync 1 DAGs
[2025-12-14T16:49:10.445+0000] {logging_mixin.py:188} INFO - [2025-12-14T16:49:10.444+0000] {dag.py:3954} INFO - Setting next_dagrun for example_nested_branch_dag to 2025-12-13 00:00:00+00:00, run_after=2025-12-14 00:00:00+00:00
[2025-12-14T16:49:10.471+0000] {processor.py:183} INFO - Processing /home/airflow/.local/lib/python3.12/site-packages/airflow/example_dags/example_nested_branch_dag.py took 0.295 seconds
[2025-12-14T16:49:40.566+0000] {processor.py:161} INFO - Started process (PID=133) to work on /home/airflow/.local/lib/python3.12/site-packages/airflow/example_dags/example_nested_branch_dag.py
[2025-12-14T16:49:40.567+0000] {processor.py:830} INFO - Processing file /home/airflow/.local/lib/python3.12/site-packages/airflow/example_dags/example_nested_branch_dag.py for tasks to queue
[2025-12-14T16:49:40.570+0000] {logging_mixin.py:188} INFO - [2025-12-14T16:49:40.569+0000] {dagbag.py:540} INFO - Filling up the DagBag from /home/airflow/.local/lib/python3.12/site-packages/airflow/example_dags/example_nested_branch_dag.py
[2025-12-14T16:49:40.582+0000] {processor.py:840} INFO - DAG(s) 'example_nested_branch_dag' retrieved from /home/airflow/.local/lib/python3.12/site-packages/airflow/example_dags/example_nested_branch_dag.py
[2025-12-14T16:49:40.614+0000] {logging_mixin.py:188} INFO - [2025-12-14T16:49:40.613+0000] {dag.py:3096} INFO - Sync 1 DAGs
[2025-12-14T16:49:40.644+0000] {logging_mixin.py:188} INFO - [2025-12-14T16:49:40.644+0000] {dag.py:3954} INFO - Setting next_dagrun for example_nested_branch_dag to 2025-12-13 00:00:00+00:00, run_after=2025-12-14 00:00:00+00:00
[2025-12-14T16:49:40.673+0000] {processor.py:183} INFO - Processing /home/airflow/.local/lib/python3.12/site-packages/airflow/example_dags/example_nested_branch_dag.py took 0.118 seconds
[2025-12-14T16:50:11.047+0000] {processor.py:161} INFO - Started process (PID=198) to work on /home/airflow/.local/lib/python3.12/site-packages/airflow/example_dags/example_nested_branch_dag.py
[2025-12-14T16:50:11.048+0000] {processor.py:830} INFO - Processing file /home/airflow/.local/lib/python3.12/site-packages/airflow/example_dags/example_nested_branch_dag.py for tasks to queue
[2025-12-14T16:50:11.051+0000] {logging_mixin.py:188} INFO - [2025-12-14T16:50:11.050+0000] {dagbag.py:540} INFO - Filling up the DagBag from /home/airflow/.local/lib/python3.12/site-packages/airflow/example_dags/example_nested_branch_dag.py
[2025-12-14T16:50:11.064+0000] {processor.py:840} INFO - DAG(s) 'example_nested_branch_dag' retrieved from /home/airflow/.local/lib/python3.12/site-packages/airflow/example_dags/example_nested_branch_dag.py
[2025-12-14T16:50:11.120+0000] {logging_mixin.py:188} INFO - [2025-12-14T16:50:11.120+0000] {dag.py:3096} INFO - Sync 1 DAGs
[2025-12-14T16:50:11.174+0000] {logging_mixin.py:188} INFO - [2025-12-14T16:50:11.174+0000] {dag.py:3954} INFO - Setting next_dagrun for example_nested_branch_dag to 2025-12-13 00:00:00+00:00, run_after=2025-12-14 00:00:00+00:00
[2025-12-14T16:50:11.209+0000] {processor.py:183} INFO - Processing /home/airflow/.local/lib/python3.12/site-packages/airflow/example_dags/example_nested_branch_dag.py took 0.171 seconds
[2025-12-14T16:50:41.406+0000] {processor.py:161} INFO - Started process (PID=263) to work on /home/airflow/.local/lib/python3.12/site-packages/airflow/example_dags/example_nested_branch_dag.py
[2025-12-14T16:50:41.408+0000] {processor.py:830} INFO - Processing file /home/airflow/.local/lib/python3.12/site-packages/airflow/example_dags/example_nested_branch_dag.py for tasks to queue
[2025-12-14T16:50:41.412+0000] {logging_mixin.py:188} INFO - [2025-12-14T16:50:41.411+0000] {dagbag.py:540} INFO - Filling up the DagBag from /home/airflow/.local/lib/python3.12/site-packages/airflow/example_dags/example_nested_branch_dag.py
[2025-12-14T16:50:41.429+0000] {processor.py:840} INFO - DAG(s) 'example_nested_branch_dag' retrieved from /home/airflow/.local/lib/python3.12/site-packages/airflow/example_dags/example_nested_branch_dag.py
[2025-12-14T16:50:41.465+0000] {logging_mixin.py:188} INFO - [2025-12-14T16:50:41.465+0000] {dag.py:3096} INFO - Sync 1 DAGs
[2025-12-14T16:50:41.500+0000] {logging_mixin.py:188} INFO - [2025-12-14T16:50:41.500+0000] {dag.py:3954} INFO - Setting next_dagrun for example_nested_branch_dag to 2025-12-13 00:00:00+00:00, run_after=2025-12-14 00:00:00+00:00
[2025-12-14T16:50:41.532+0000] {processor.py:183} INFO - Processing /home/airflow/.local/lib/python3.12/site-packages/airflow/example_dags/example_nested_branch_dag.py took 0.136 seconds
[2025-12-14T16:51:11.742+0000] {processor.py:161} INFO - Started process (PID=321) to work on /home/airflow/.local/lib/python3.12/site-packages/airflow/example_dags/example_nested_branch_dag.py
[2025-12-14T16:51:11.743+0000] {processor.py:830} INFO - Processing file /home/airflow/.local/lib/python3.12/site-packages/airflow/example_dags/example_nested_branch_dag.py for tasks to queue
[2025-12-14T16:51:11.746+0000] {logging_mixin.py:188} INFO - [2025-12-14T16:51:11.745+0000] {dagbag.py:540} INFO - Filling up the DagBag from /home/airflow/.local/lib/python3.12/site-packages/airflow/example_dags/example_nested_branch_dag.py
[2025-12-14T16:51:11.758+0000] {processor.py:840} INFO - DAG(s) 'example_nested_branch_dag' retrieved from /home/airflow/.local/lib/python3.12/site-packages/airflow/example_dags/example_nested_branch_dag.py
[2025-12-14T16:51:11.789+0000] {logging_mixin.py:188} INFO - [2025-12-14T16:51:11.789+0000] {dag.py:3096} INFO - Sync 1 DAGs
[2025-12-14T16:51:11.843+0000] {logging_mixin.py:188} INFO - [2025-12-14T16:51:11.841+0000] {dag.py:3954} INFO - Setting next_dagrun for example_nested_branch_dag to 2025-12-13 00:00:00+00:00, run_after=2025-12-14 00:00:00+00:00
[2025-12-14T16:51:11.912+0000] {processor.py:183} INFO - Processing /home/airflow/.local/lib/python3.12/site-packages/airflow/example_dags/example_nested_branch_dag.py took 0.178 seconds
[2025-12-14T16:51:42.099+0000] {processor.py:161} INFO - Started process (PID=379) to work on /home/airflow/.local/lib/python3.12/site-packages/airflow/example_dags/example_nested_branch_dag.py
[2025-12-14T16:51:42.101+0000] {processor.py:830} INFO - Processing file /home/airflow/.local/lib/python3.12/site-packages/airflow/example_dags/example_nested_branch_dag.py for tasks to queue
[2025-12-14T16:51:42.106+0000] {logging_mixin.py:188} INFO - [2025-12-14T16:51:42.105+0000] {dagbag.py:540} INFO - Filling up the DagBag from /home/airflow/.local/lib/python3.12/site-packages/airflow/example_dags/example_nested_branch_dag.py
[2025-12-14T16:51:42.127+0000] {processor.py:840} INFO - DAG(s) 'example_nested_branch_dag' retrieved from /home/airflow/.local/lib/python3.12/site-packages/airflow/example_dags/example_nested_branch_dag.py
[2025-12-14T16:51:42.165+0000] {logging_mixin.py:188} INFO - [2025-12-14T16:51:42.164+0000] {dag.py:3096} INFO - Sync 1 DAGs
[2025-12-14T16:51:42.194+0000] {logging_mixin.py:188} INFO - [2025-12-14T16:51:42.194+0000] {dag.py:3954} INFO - Setting next_dagrun for example_nested_branch_dag to 2025-12-13 00:00:00+00:00, run_after=2025-12-14 00:00:00+00:00
[2025-12-14T16:51:42.216+0000] {processor.py:183} INFO - Processing /home/airflow/.local/lib/python3.12/site-packages/airflow/example_dags/example_nested_branch_dag.py took 0.131 seconds
[2025-12-14T16:52:12.408+0000] {processor.py:161} INFO - Started process (PID=437) to work on /home/airflow/.local/lib/python3.12/site-packages/airflow/example_dags/example_nested_branch_dag.py
[2025-12-14T16:52:12.410+0000] {processor.py:830} INFO - Processing file /home/airflow/.local/lib/python3.12/site-packages/airflow/example_dags/example_nested_branch_dag.py for tasks to queue
[2025-12-14T16:52:12.413+0000] {logging_mixin.py:188} INFO - [2025-12-14T16:52:12.412+0000] {dagbag.py:540} INFO - Filling up the DagBag from /home/airflow/.local/lib/python3.12/site-packages/airflow/example_dags/example_nested_branch_dag.py
[2025-12-14T16:52:12.426+0000] {processor.py:840} INFO - DAG(s) 'example_nested_branch_dag' retrieved from /home/airflow/.local/lib/python3.12/site-packages/airflow/example_dags/example_nested_branch_dag.py
[2025-12-14T16:52:12.455+0000] {logging_mixin.py:188} INFO - [2025-12-14T16:52:12.454+0000] {dag.py:3096} INFO - Sync 1 DAGs
[2025-12-14T16:52:12.486+0000] {logging_mixin.py:188} INFO - [2025-12-14T16:52:12.486+0000] {dag.py:3954} INFO - Setting next_dagrun for example_nested_branch_dag to 2025-12-13 00:00:00+00:00, run_after=2025-12-14 00:00:00+00:00
[2025-12-14T16:52:12.513+0000] {processor.py:183} INFO - Processing /home/airflow/.local/lib/python3.12/site-packages/airflow/example_dags/example_nested_branch_dag.py took 0.114 seconds
[2025-12-14T16:55:05.877+0000] {processor.py:161} INFO - Started process (PID=104) to work on /home/airflow/.local/lib/python3.12/site-packages/airflow/example_dags/example_nested_branch_dag.py
[2025-12-14T16:55:05.881+0000] {processor.py:830} INFO - Processing file /home/airflow/.local/lib/python3.12/site-packages/airflow/example_dags/example_nested_branch_dag.py for tasks to queue
[2025-12-14T16:55:05.884+0000] {logging_mixin.py:188} INFO - [2025-12-14T16:55:05.884+0000] {dagbag.py:540} INFO - Filling up the DagBag from /home/airflow/.local/lib/python3.12/site-packages/airflow/example_dags/example_nested_branch_dag.py
[2025-12-14T16:55:05.911+0000] {processor.py:840} INFO - DAG(s) 'example_nested_branch_dag' retrieved from /home/airflow/.local/lib/python3.12/site-packages/airflow/example_dags/example_nested_branch_dag.py
[2025-12-14T16:55:06.105+0000] {logging_mixin.py:188} INFO - [2025-12-14T16:55:06.105+0000] {dag.py:3096} INFO - Sync 1 DAGs
[2025-12-14T16:55:06.137+0000] {logging_mixin.py:188} INFO - [2025-12-14T16:55:06.137+0000] {dag.py:3954} INFO - Setting next_dagrun for example_nested_branch_dag to 2025-12-13 00:00:00+00:00, run_after=2025-12-14 00:00:00+00:00
[2025-12-14T16:55:06.171+0000] {processor.py:183} INFO - Processing /home/airflow/.local/lib/python3.12/site-packages/airflow/example_dags/example_nested_branch_dag.py took 0.306 seconds
[2025-12-14T16:55:36.518+0000] {processor.py:161} INFO - Started process (PID=180) to work on /home/airflow/.local/lib/python3.12/site-packages/airflow/example_dags/example_nested_branch_dag.py
[2025-12-14T16:55:36.520+0000] {processor.py:830} INFO - Processing file /home/airflow/.local/lib/python3.12/site-packages/airflow/example_dags/example_nested_branch_dag.py for tasks to queue
[2025-12-14T16:55:36.523+0000] {logging_mixin.py:188} INFO - [2025-12-14T16:55:36.522+0000] {dagbag.py:540} INFO - Filling up the DagBag from /home/airflow/.local/lib/python3.12/site-packages/airflow/example_dags/example_nested_branch_dag.py
[2025-12-14T16:55:36.534+0000] {processor.py:840} INFO - DAG(s) 'example_nested_branch_dag' retrieved from /home/airflow/.local/lib/python3.12/site-packages/airflow/example_dags/example_nested_branch_dag.py
[2025-12-14T16:55:36.565+0000] {logging_mixin.py:188} INFO - [2025-12-14T16:55:36.565+0000] {dag.py:3096} INFO - Sync 1 DAGs
[2025-12-14T16:55:36.594+0000] {logging_mixin.py:188} INFO - [2025-12-14T16:55:36.593+0000] {dag.py:3954} INFO - Setting next_dagrun for example_nested_branch_dag to 2025-12-13 00:00:00+00:00, run_after=2025-12-14 00:00:00+00:00
[2025-12-14T16:55:36.636+0000] {processor.py:183} INFO - Processing /home/airflow/.local/lib/python3.12/site-packages/airflow/example_dags/example_nested_branch_dag.py took 0.125 seconds
[2025-12-14T16:56:07.547+0000] {processor.py:161} INFO - Started process (PID=252) to work on /home/airflow/.local/lib/python3.12/site-packages/airflow/example_dags/example_nested_branch_dag.py
[2025-12-14T16:56:07.549+0000] {processor.py:830} INFO - Processing file /home/airflow/.local/lib/python3.12/site-packages/airflow/example_dags/example_nested_branch_dag.py for tasks to queue
[2025-12-14T16:56:07.552+0000] {logging_mixin.py:188} INFO - [2025-12-14T16:56:07.551+0000] {dagbag.py:540} INFO - Filling up the DagBag from /home/airflow/.local/lib/python3.12/site-packages/airflow/example_dags/example_nested_branch_dag.py
[2025-12-14T16:56:07.566+0000] {processor.py:840} INFO - DAG(s) 'example_nested_branch_dag' retrieved from /home/airflow/.local/lib/python3.12/site-packages/airflow/example_dags/example_nested_branch_dag.py
[2025-12-14T16:56:07.599+0000] {logging_mixin.py:188} INFO - [2025-12-14T16:56:07.599+0000] {dag.py:3096} INFO - Sync 1 DAGs
[2025-12-14T16:56:07.631+0000] {logging_mixin.py:188} INFO - [2025-12-14T16:56:07.631+0000] {dag.py:3954} INFO - Setting next_dagrun for example_nested_branch_dag to 2025-12-13 00:00:00+00:00, run_after=2025-12-14 00:00:00+00:00
[2025-12-14T16:56:07.658+0000] {processor.py:183} INFO - Processing /home/airflow/.local/lib/python3.12/site-packages/airflow/example_dags/example_nested_branch_dag.py took 0.120 seconds
[2025-12-14T16:56:37.814+0000] {processor.py:161} INFO - Started process (PID=323) to work on /home/airflow/.local/lib/python3.12/site-packages/airflow/example_dags/example_nested_branch_dag.py
[2025-12-14T16:56:37.815+0000] {processor.py:830} INFO - Processing file /home/airflow/.local/lib/python3.12/site-packages/airflow/example_dags/example_nested_branch_dag.py for tasks to queue
[2025-12-14T16:56:37.818+0000] {logging_mixin.py:188} INFO - [2025-12-14T16:56:37.818+0000] {dagbag.py:540} INFO - Filling up the DagBag from /home/airflow/.local/lib/python3.12/site-packages/airflow/example_dags/example_nested_branch_dag.py
[2025-12-14T16:56:37.829+0000] {processor.py:840} INFO - DAG(s) 'example_nested_branch_dag' retrieved from /home/airflow/.local/lib/python3.12/site-packages/airflow/example_dags/example_nested_branch_dag.py
[2025-12-14T16:56:37.855+0000] {logging_mixin.py:188} INFO - [2025-12-14T16:56:37.854+0000] {dag.py:3096} INFO - Sync 1 DAGs
[2025-12-14T16:56:37.878+0000] {logging_mixin.py:188} INFO - [2025-12-14T16:56:37.878+0000] {dag.py:3954} INFO - Setting next_dagrun for example_nested_branch_dag to 2025-12-13 00:00:00+00:00, run_after=2025-12-14 00:00:00+00:00
[2025-12-14T16:56:37.903+0000] {processor.py:183} INFO - Processing /home/airflow/.local/lib/python3.12/site-packages/airflow/example_dags/example_nested_branch_dag.py took 0.095 seconds
[2025-12-14T16:57:08.075+0000] {processor.py:161} INFO - Started process (PID=395) to work on /home/airflow/.local/lib/python3.12/site-packages/airflow/example_dags/example_nested_branch_dag.py
[2025-12-14T16:57:08.077+0000] {processor.py:830} INFO - Processing file /home/airflow/.local/lib/python3.12/site-packages/airflow/example_dags/example_nested_branch_dag.py for tasks to queue
[2025-12-14T16:57:08.080+0000] {logging_mixin.py:188} INFO - [2025-12-14T16:57:08.079+0000] {dagbag.py:540} INFO - Filling up the DagBag from /home/airflow/.local/lib/python3.12/site-packages/airflow/example_dags/example_nested_branch_dag.py
[2025-12-14T16:57:08.094+0000] {processor.py:840} INFO - DAG(s) 'example_nested_branch_dag' retrieved from /home/airflow/.local/lib/python3.12/site-packages/airflow/example_dags/example_nested_branch_dag.py
[2025-12-14T16:57:08.125+0000] {logging_mixin.py:188} INFO - [2025-12-14T16:57:08.125+0000] {dag.py:3096} INFO - Sync 1 DAGs
[2025-12-14T16:57:08.153+0000] {logging_mixin.py:188} INFO - [2025-12-14T16:57:08.153+0000] {dag.py:3954} INFO - Setting next_dagrun for example_nested_branch_dag to 2025-12-13 00:00:00+00:00, run_after=2025-12-14 00:00:00+00:00
[2025-12-14T16:57:08.181+0000] {processor.py:183} INFO - Processing /home/airflow/.local/lib/python3.12/site-packages/airflow/example_dags/example_nested_branch_dag.py took 0.113 seconds
[2025-12-14T16:58:31.545+0000] {processor.py:161} INFO - Started process (PID=77) to work on /home/airflow/.local/lib/python3.12/site-packages/airflow/example_dags/example_nested_branch_dag.py
[2025-12-14T16:58:31.546+0000] {processor.py:830} INFO - Processing file /home/airflow/.local/lib/python3.12/site-packages/airflow/example_dags/example_nested_branch_dag.py for tasks to queue
[2025-12-14T16:58:31.549+0000] {logging_mixin.py:188} INFO - [2025-12-14T16:58:31.549+0000] {dagbag.py:540} INFO - Filling up the DagBag from /home/airflow/.local/lib/python3.12/site-packages/airflow/example_dags/example_nested_branch_dag.py
[2025-12-14T16:58:31.569+0000] {processor.py:840} INFO - DAG(s) 'example_nested_branch_dag' retrieved from /home/airflow/.local/lib/python3.12/site-packages/airflow/example_dags/example_nested_branch_dag.py
[2025-12-14T16:58:31.755+0000] {logging_mixin.py:188} INFO - [2025-12-14T16:58:31.755+0000] {dag.py:3096} INFO - Sync 1 DAGs
[2025-12-14T16:58:31.789+0000] {logging_mixin.py:188} INFO - [2025-12-14T16:58:31.789+0000] {dag.py:3954} INFO - Setting next_dagrun for example_nested_branch_dag to 2025-12-13 00:00:00+00:00, run_after=2025-12-14 00:00:00+00:00
[2025-12-14T16:58:31.820+0000] {processor.py:183} INFO - Processing /home/airflow/.local/lib/python3.12/site-packages/airflow/example_dags/example_nested_branch_dag.py took 0.284 seconds
[2025-12-14T16:59:02.526+0000] {processor.py:161} INFO - Started process (PID=137) to work on /home/airflow/.local/lib/python3.12/site-packages/airflow/example_dags/example_nested_branch_dag.py
[2025-12-14T16:59:02.528+0000] {processor.py:830} INFO - Processing file /home/airflow/.local/lib/python3.12/site-packages/airflow/example_dags/example_nested_branch_dag.py for tasks to queue
[2025-12-14T16:59:02.530+0000] {logging_mixin.py:188} INFO - [2025-12-14T16:59:02.530+0000] {dagbag.py:540} INFO - Filling up the DagBag from /home/airflow/.local/lib/python3.12/site-packages/airflow/example_dags/example_nested_branch_dag.py
[2025-12-14T16:59:02.542+0000] {processor.py:840} INFO - DAG(s) 'example_nested_branch_dag' retrieved from /home/airflow/.local/lib/python3.12/site-packages/airflow/example_dags/example_nested_branch_dag.py
[2025-12-14T16:59:02.569+0000] {logging_mixin.py:188} INFO - [2025-12-14T16:59:02.569+0000] {dag.py:3096} INFO - Sync 1 DAGs
[2025-12-14T16:59:02.599+0000] {logging_mixin.py:188} INFO - [2025-12-14T16:59:02.599+0000] {dag.py:3954} INFO - Setting next_dagrun for example_nested_branch_dag to 2025-12-13 00:00:00+00:00, run_after=2025-12-14 00:00:00+00:00
[2025-12-14T16:59:02.627+0000] {processor.py:183} INFO - Processing /home/airflow/.local/lib/python3.12/site-packages/airflow/example_dags/example_nested_branch_dag.py took 0.109 seconds
[2025-12-14T16:59:32.877+0000] {processor.py:161} INFO - Started process (PID=195) to work on /home/airflow/.local/lib/python3.12/site-packages/airflow/example_dags/example_nested_branch_dag.py
[2025-12-14T16:59:32.883+0000] {processor.py:830} INFO - Processing file /home/airflow/.local/lib/python3.12/site-packages/airflow/example_dags/example_nested_branch_dag.py for tasks to queue
[2025-12-14T16:59:32.888+0000] {logging_mixin.py:188} INFO - [2025-12-14T16:59:32.887+0000] {dagbag.py:540} INFO - Filling up the DagBag from /home/airflow/.local/lib/python3.12/site-packages/airflow/example_dags/example_nested_branch_dag.py
[2025-12-14T16:59:32.958+0000] {processor.py:840} INFO - DAG(s) 'example_nested_branch_dag' retrieved from /home/airflow/.local/lib/python3.12/site-packages/airflow/example_dags/example_nested_branch_dag.py
[2025-12-14T16:59:33.095+0000] {logging_mixin.py:188} INFO - [2025-12-14T16:59:33.093+0000] {dag.py:3096} INFO - Sync 1 DAGs
[2025-12-14T16:59:33.228+0000] {logging_mixin.py:188} INFO - [2025-12-14T16:59:33.227+0000] {dag.py:3954} INFO - Setting next_dagrun for example_nested_branch_dag to 2025-12-13 00:00:00+00:00, run_after=2025-12-14 00:00:00+00:00
[2025-12-14T16:59:33.343+0000] {processor.py:183} INFO - Processing /home/airflow/.local/lib/python3.12/site-packages/airflow/example_dags/example_nested_branch_dag.py took 0.499 seconds
[2025-12-14T17:00:03.998+0000] {processor.py:161} INFO - Started process (PID=255) to work on /home/airflow/.local/lib/python3.12/site-packages/airflow/example_dags/example_nested_branch_dag.py
[2025-12-14T17:00:04.000+0000] {processor.py:830} INFO - Processing file /home/airflow/.local/lib/python3.12/site-packages/airflow/example_dags/example_nested_branch_dag.py for tasks to queue
[2025-12-14T17:00:04.001+0000] {logging_mixin.py:188} INFO - [2025-12-14T17:00:04.001+0000] {dagbag.py:540} INFO - Filling up the DagBag from /home/airflow/.local/lib/python3.12/site-packages/airflow/example_dags/example_nested_branch_dag.py
[2025-12-14T17:00:04.013+0000] {processor.py:840} INFO - DAG(s) 'example_nested_branch_dag' retrieved from /home/airflow/.local/lib/python3.12/site-packages/airflow/example_dags/example_nested_branch_dag.py
[2025-12-14T17:00:04.044+0000] {logging_mixin.py:188} INFO - [2025-12-14T17:00:04.044+0000] {dag.py:3096} INFO - Sync 1 DAGs
[2025-12-14T17:00:04.071+0000] {logging_mixin.py:188} INFO - [2025-12-14T17:00:04.070+0000] {dag.py:3954} INFO - Setting next_dagrun for example_nested_branch_dag to 2025-12-13 00:00:00+00:00, run_after=2025-12-14 00:00:00+00:00
[2025-12-14T17:00:04.092+0000] {processor.py:183} INFO - Processing /home/airflow/.local/lib/python3.12/site-packages/airflow/example_dags/example_nested_branch_dag.py took 0.101 seconds
[2025-12-14T17:00:34.554+0000] {processor.py:161} INFO - Started process (PID=315) to work on /home/airflow/.local/lib/python3.12/site-packages/airflow/example_dags/example_nested_branch_dag.py
[2025-12-14T17:00:34.555+0000] {processor.py:830} INFO - Processing file /home/airflow/.local/lib/python3.12/site-packages/airflow/example_dags/example_nested_branch_dag.py for tasks to queue
[2025-12-14T17:00:34.556+0000] {logging_mixin.py:188} INFO - [2025-12-14T17:00:34.556+0000] {dagbag.py:540} INFO - Filling up the DagBag from /home/airflow/.local/lib/python3.12/site-packages/airflow/example_dags/example_nested_branch_dag.py
[2025-12-14T17:00:34.569+0000] {processor.py:840} INFO - DAG(s) 'example_nested_branch_dag' retrieved from /home/airflow/.local/lib/python3.12/site-packages/airflow/example_dags/example_nested_branch_dag.py
[2025-12-14T17:00:34.596+0000] {logging_mixin.py:188} INFO - [2025-12-14T17:00:34.596+0000] {dag.py:3096} INFO - Sync 1 DAGs
[2025-12-14T17:00:34.620+0000] {logging_mixin.py:188} INFO - [2025-12-14T17:00:34.620+0000] {dag.py:3954} INFO - Setting next_dagrun for example_nested_branch_dag to 2025-12-13 00:00:00+00:00, run_after=2025-12-14 00:00:00+00:00
[2025-12-14T17:00:34.644+0000] {processor.py:183} INFO - Processing /home/airflow/.local/lib/python3.12/site-packages/airflow/example_dags/example_nested_branch_dag.py took 0.097 seconds
[2025-12-14T17:02:47.044+0000] {processor.py:161} INFO - Started process (PID=104) to work on /home/airflow/.local/lib/python3.12/site-packages/airflow/example_dags/example_nested_branch_dag.py
[2025-12-14T17:02:47.046+0000] {processor.py:830} INFO - Processing file /home/airflow/.local/lib/python3.12/site-packages/airflow/example_dags/example_nested_branch_dag.py for tasks to queue
[2025-12-14T17:02:47.050+0000] {logging_mixin.py:188} INFO - [2025-12-14T17:02:47.050+0000] {dagbag.py:540} INFO - Filling up the DagBag from /home/airflow/.local/lib/python3.12/site-packages/airflow/example_dags/example_nested_branch_dag.py
[2025-12-14T17:02:47.085+0000] {processor.py:840} INFO - DAG(s) 'example_nested_branch_dag' retrieved from /home/airflow/.local/lib/python3.12/site-packages/airflow/example_dags/example_nested_branch_dag.py
[2025-12-14T17:02:47.357+0000] {logging_mixin.py:188} INFO - [2025-12-14T17:02:47.356+0000] {dag.py:3096} INFO - Sync 1 DAGs
[2025-12-14T17:02:47.453+0000] {logging_mixin.py:188} INFO - [2025-12-14T17:02:47.452+0000] {dag.py:3954} INFO - Setting next_dagrun for example_nested_branch_dag to 2025-12-13 00:00:00+00:00, run_after=2025-12-14 00:00:00+00:00
[2025-12-14T17:02:47.490+0000] {processor.py:183} INFO - Processing /home/airflow/.local/lib/python3.12/site-packages/airflow/example_dags/example_nested_branch_dag.py took 0.459 seconds
[2025-12-14T17:03:18.051+0000] {processor.py:161} INFO - Started process (PID=173) to work on /home/airflow/.local/lib/python3.12/site-packages/airflow/example_dags/example_nested_branch_dag.py
[2025-12-14T17:03:18.052+0000] {processor.py:830} INFO - Processing file /home/airflow/.local/lib/python3.12/site-packages/airflow/example_dags/example_nested_branch_dag.py for tasks to queue
[2025-12-14T17:03:18.055+0000] {logging_mixin.py:188} INFO - [2025-12-14T17:03:18.055+0000] {dagbag.py:540} INFO - Filling up the DagBag from /home/airflow/.local/lib/python3.12/site-packages/airflow/example_dags/example_nested_branch_dag.py
[2025-12-14T17:03:18.068+0000] {processor.py:840} INFO - DAG(s) 'example_nested_branch_dag' retrieved from /home/airflow/.local/lib/python3.12/site-packages/airflow/example_dags/example_nested_branch_dag.py
[2025-12-14T17:03:18.096+0000] {logging_mixin.py:188} INFO - [2025-12-14T17:03:18.096+0000] {dag.py:3096} INFO - Sync 1 DAGs
[2025-12-14T17:03:18.129+0000] {logging_mixin.py:188} INFO - [2025-12-14T17:03:18.129+0000] {dag.py:3954} INFO - Setting next_dagrun for example_nested_branch_dag to 2025-12-13 00:00:00+00:00, run_after=2025-12-14 00:00:00+00:00
[2025-12-14T17:03:18.214+0000] {processor.py:183} INFO - Processing /home/airflow/.local/lib/python3.12/site-packages/airflow/example_dags/example_nested_branch_dag.py took 0.171 seconds
[2025-12-14T17:03:48.419+0000] {processor.py:161} INFO - Started process (PID=244) to work on /home/airflow/.local/lib/python3.12/site-packages/airflow/example_dags/example_nested_branch_dag.py
[2025-12-14T17:03:48.420+0000] {processor.py:830} INFO - Processing file /home/airflow/.local/lib/python3.12/site-packages/airflow/example_dags/example_nested_branch_dag.py for tasks to queue
[2025-12-14T17:03:48.422+0000] {logging_mixin.py:188} INFO - [2025-12-14T17:03:48.422+0000] {dagbag.py:540} INFO - Filling up the DagBag from /home/airflow/.local/lib/python3.12/site-packages/airflow/example_dags/example_nested_branch_dag.py
[2025-12-14T17:03:48.439+0000] {processor.py:840} INFO - DAG(s) 'example_nested_branch_dag' retrieved from /home/airflow/.local/lib/python3.12/site-packages/airflow/example_dags/example_nested_branch_dag.py
[2025-12-14T17:03:48.464+0000] {logging_mixin.py:188} INFO - [2025-12-14T17:03:48.464+0000] {dag.py:3096} INFO - Sync 1 DAGs
[2025-12-14T17:03:48.488+0000] {logging_mixin.py:188} INFO - [2025-12-14T17:03:48.488+0000] {dag.py:3954} INFO - Setting next_dagrun for example_nested_branch_dag to 2025-12-13 00:00:00+00:00, run_after=2025-12-14 00:00:00+00:00
[2025-12-14T17:03:48.513+0000] {processor.py:183} INFO - Processing /home/airflow/.local/lib/python3.12/site-packages/airflow/example_dags/example_nested_branch_dag.py took 0.101 seconds
[2025-12-14T17:04:18.729+0000] {processor.py:161} INFO - Started process (PID=315) to work on /home/airflow/.local/lib/python3.12/site-packages/airflow/example_dags/example_nested_branch_dag.py
[2025-12-14T17:04:18.731+0000] {processor.py:830} INFO - Processing file /home/airflow/.local/lib/python3.12/site-packages/airflow/example_dags/example_nested_branch_dag.py for tasks to queue
[2025-12-14T17:04:18.733+0000] {logging_mixin.py:188} INFO - [2025-12-14T17:04:18.733+0000] {dagbag.py:540} INFO - Filling up the DagBag from /home/airflow/.local/lib/python3.12/site-packages/airflow/example_dags/example_nested_branch_dag.py
[2025-12-14T17:04:18.747+0000] {processor.py:840} INFO - DAG(s) 'example_nested_branch_dag' retrieved from /home/airflow/.local/lib/python3.12/site-packages/airflow/example_dags/example_nested_branch_dag.py
[2025-12-14T17:04:18.776+0000] {logging_mixin.py:188} INFO - [2025-12-14T17:04:18.775+0000] {dag.py:3096} INFO - Sync 1 DAGs
[2025-12-14T17:04:18.806+0000] {logging_mixin.py:188} INFO - [2025-12-14T17:04:18.805+0000] {dag.py:3954} INFO - Setting next_dagrun for example_nested_branch_dag to 2025-12-13 00:00:00+00:00, run_after=2025-12-14 00:00:00+00:00
[2025-12-14T17:04:18.833+0000] {processor.py:183} INFO - Processing /home/airflow/.local/lib/python3.12/site-packages/airflow/example_dags/example_nested_branch_dag.py took 0.113 seconds
[2025-12-14T17:07:13.159+0000] {processor.py:161} INFO - Started process (PID=95) to work on /home/airflow/.local/lib/python3.12/site-packages/airflow/example_dags/example_nested_branch_dag.py
[2025-12-14T17:07:13.162+0000] {processor.py:830} INFO - Processing file /home/airflow/.local/lib/python3.12/site-packages/airflow/example_dags/example_nested_branch_dag.py for tasks to queue
[2025-12-14T17:07:13.166+0000] {logging_mixin.py:188} INFO - [2025-12-14T17:07:13.165+0000] {dagbag.py:540} INFO - Filling up the DagBag from /home/airflow/.local/lib/python3.12/site-packages/airflow/example_dags/example_nested_branch_dag.py
[2025-12-14T17:07:13.189+0000] {processor.py:840} INFO - DAG(s) 'example_nested_branch_dag' retrieved from /home/airflow/.local/lib/python3.12/site-packages/airflow/example_dags/example_nested_branch_dag.py
[2025-12-14T17:07:13.461+0000] {logging_mixin.py:188} INFO - [2025-12-14T17:07:13.457+0000] {dag.py:3096} INFO - Sync 1 DAGs
[2025-12-14T17:07:13.523+0000] {logging_mixin.py:188} INFO - [2025-12-14T17:07:13.523+0000] {dag.py:3954} INFO - Setting next_dagrun for example_nested_branch_dag to 2025-12-13 00:00:00+00:00, run_after=2025-12-14 00:00:00+00:00
[2025-12-14T17:07:13.560+0000] {processor.py:183} INFO - Processing /home/airflow/.local/lib/python3.12/site-packages/airflow/example_dags/example_nested_branch_dag.py took 0.411 seconds
[2025-12-14T17:07:43.705+0000] {processor.py:161} INFO - Started process (PID=164) to work on /home/airflow/.local/lib/python3.12/site-packages/airflow/example_dags/example_nested_branch_dag.py
[2025-12-14T17:07:43.706+0000] {processor.py:830} INFO - Processing file /home/airflow/.local/lib/python3.12/site-packages/airflow/example_dags/example_nested_branch_dag.py for tasks to queue
[2025-12-14T17:07:43.709+0000] {logging_mixin.py:188} INFO - [2025-12-14T17:07:43.709+0000] {dagbag.py:540} INFO - Filling up the DagBag from /home/airflow/.local/lib/python3.12/site-packages/airflow/example_dags/example_nested_branch_dag.py
[2025-12-14T17:07:43.724+0000] {processor.py:840} INFO - DAG(s) 'example_nested_branch_dag' retrieved from /home/airflow/.local/lib/python3.12/site-packages/airflow/example_dags/example_nested_branch_dag.py
[2025-12-14T17:07:43.754+0000] {logging_mixin.py:188} INFO - [2025-12-14T17:07:43.754+0000] {dag.py:3096} INFO - Sync 1 DAGs
[2025-12-14T17:07:43.782+0000] {logging_mixin.py:188} INFO - [2025-12-14T17:07:43.782+0000] {dag.py:3954} INFO - Setting next_dagrun for example_nested_branch_dag to 2025-12-13 00:00:00+00:00, run_after=2025-12-14 00:00:00+00:00
[2025-12-14T17:07:43.810+0000] {processor.py:183} INFO - Processing /home/airflow/.local/lib/python3.12/site-packages/airflow/example_dags/example_nested_branch_dag.py took 0.112 seconds
[2025-12-14T17:08:14.010+0000] {processor.py:161} INFO - Started process (PID=235) to work on /home/airflow/.local/lib/python3.12/site-packages/airflow/example_dags/example_nested_branch_dag.py
[2025-12-14T17:08:14.011+0000] {processor.py:830} INFO - Processing file /home/airflow/.local/lib/python3.12/site-packages/airflow/example_dags/example_nested_branch_dag.py for tasks to queue
[2025-12-14T17:08:14.013+0000] {logging_mixin.py:188} INFO - [2025-12-14T17:08:14.013+0000] {dagbag.py:540} INFO - Filling up the DagBag from /home/airflow/.local/lib/python3.12/site-packages/airflow/example_dags/example_nested_branch_dag.py
[2025-12-14T17:08:14.024+0000] {processor.py:840} INFO - DAG(s) 'example_nested_branch_dag' retrieved from /home/airflow/.local/lib/python3.12/site-packages/airflow/example_dags/example_nested_branch_dag.py
[2025-12-14T17:08:14.049+0000] {logging_mixin.py:188} INFO - [2025-12-14T17:08:14.049+0000] {dag.py:3096} INFO - Sync 1 DAGs
[2025-12-14T17:08:14.076+0000] {logging_mixin.py:188} INFO - [2025-12-14T17:08:14.076+0000] {dag.py:3954} INFO - Setting next_dagrun for example_nested_branch_dag to 2025-12-13 00:00:00+00:00, run_after=2025-12-14 00:00:00+00:00
[2025-12-14T17:08:14.102+0000] {processor.py:183} INFO - Processing /home/airflow/.local/lib/python3.12/site-packages/airflow/example_dags/example_nested_branch_dag.py took 0.099 seconds
[2025-12-14T17:08:44.903+0000] {processor.py:161} INFO - Started process (PID=307) to work on /home/airflow/.local/lib/python3.12/site-packages/airflow/example_dags/example_nested_branch_dag.py
[2025-12-14T17:08:44.905+0000] {processor.py:830} INFO - Processing file /home/airflow/.local/lib/python3.12/site-packages/airflow/example_dags/example_nested_branch_dag.py for tasks to queue
[2025-12-14T17:08:44.907+0000] {logging_mixin.py:188} INFO - [2025-12-14T17:08:44.907+0000] {dagbag.py:540} INFO - Filling up the DagBag from /home/airflow/.local/lib/python3.12/site-packages/airflow/example_dags/example_nested_branch_dag.py
[2025-12-14T17:08:44.920+0000] {processor.py:840} INFO - DAG(s) 'example_nested_branch_dag' retrieved from /home/airflow/.local/lib/python3.12/site-packages/airflow/example_dags/example_nested_branch_dag.py
[2025-12-14T17:08:44.955+0000] {logging_mixin.py:188} INFO - [2025-12-14T17:08:44.954+0000] {dag.py:3096} INFO - Sync 1 DAGs
[2025-12-14T17:08:44.987+0000] {logging_mixin.py:188} INFO - [2025-12-14T17:08:44.987+0000] {dag.py:3954} INFO - Setting next_dagrun for example_nested_branch_dag to 2025-12-13 00:00:00+00:00, run_after=2025-12-14 00:00:00+00:00
[2025-12-14T17:08:45.014+0000] {processor.py:183} INFO - Processing /home/airflow/.local/lib/python3.12/site-packages/airflow/example_dags/example_nested_branch_dag.py took 0.118 seconds
[2025-12-14T17:09:15.259+0000] {processor.py:161} INFO - Started process (PID=378) to work on /home/airflow/.local/lib/python3.12/site-packages/airflow/example_dags/example_nested_branch_dag.py
[2025-12-14T17:09:15.261+0000] {processor.py:830} INFO - Processing file /home/airflow/.local/lib/python3.12/site-packages/airflow/example_dags/example_nested_branch_dag.py for tasks to queue
[2025-12-14T17:09:15.266+0000] {logging_mixin.py:188} INFO - [2025-12-14T17:09:15.265+0000] {dagbag.py:540} INFO - Filling up the DagBag from /home/airflow/.local/lib/python3.12/site-packages/airflow/example_dags/example_nested_branch_dag.py
[2025-12-14T17:09:15.289+0000] {processor.py:840} INFO - DAG(s) 'example_nested_branch_dag' retrieved from /home/airflow/.local/lib/python3.12/site-packages/airflow/example_dags/example_nested_branch_dag.py
[2025-12-14T17:09:15.333+0000] {logging_mixin.py:188} INFO - [2025-12-14T17:09:15.333+0000] {dag.py:3096} INFO - Sync 1 DAGs
[2025-12-14T17:09:15.379+0000] {logging_mixin.py:188} INFO - [2025-12-14T17:09:15.378+0000] {dag.py:3954} INFO - Setting next_dagrun for example_nested_branch_dag to 2025-12-13 00:00:00+00:00, run_after=2025-12-14 00:00:00+00:00
[2025-12-14T17:09:15.415+0000] {processor.py:183} INFO - Processing /home/airflow/.local/lib/python3.12/site-packages/airflow/example_dags/example_nested_branch_dag.py took 0.175 seconds
[2025-12-14T17:09:45.745+0000] {processor.py:161} INFO - Started process (PID=449) to work on /home/airflow/.local/lib/python3.12/site-packages/airflow/example_dags/example_nested_branch_dag.py
[2025-12-14T17:09:45.747+0000] {processor.py:830} INFO - Processing file /home/airflow/.local/lib/python3.12/site-packages/airflow/example_dags/example_nested_branch_dag.py for tasks to queue
[2025-12-14T17:09:45.749+0000] {logging_mixin.py:188} INFO - [2025-12-14T17:09:45.749+0000] {dagbag.py:540} INFO - Filling up the DagBag from /home/airflow/.local/lib/python3.12/site-packages/airflow/example_dags/example_nested_branch_dag.py
[2025-12-14T17:09:45.761+0000] {processor.py:840} INFO - DAG(s) 'example_nested_branch_dag' retrieved from /home/airflow/.local/lib/python3.12/site-packages/airflow/example_dags/example_nested_branch_dag.py
[2025-12-14T17:09:45.788+0000] {logging_mixin.py:188} INFO - [2025-12-14T17:09:45.788+0000] {dag.py:3096} INFO - Sync 1 DAGs
[2025-12-14T17:09:45.812+0000] {logging_mixin.py:188} INFO - [2025-12-14T17:09:45.811+0000] {dag.py:3954} INFO - Setting next_dagrun for example_nested_branch_dag to 2025-12-13 00:00:00+00:00, run_after=2025-12-14 00:00:00+00:00
[2025-12-14T17:09:45.835+0000] {processor.py:183} INFO - Processing /home/airflow/.local/lib/python3.12/site-packages/airflow/example_dags/example_nested_branch_dag.py took 0.097 seconds
[2025-12-14T17:10:16.296+0000] {processor.py:161} INFO - Started process (PID=533) to work on /home/airflow/.local/lib/python3.12/site-packages/airflow/example_dags/example_nested_branch_dag.py
[2025-12-14T17:10:16.297+0000] {processor.py:830} INFO - Processing file /home/airflow/.local/lib/python3.12/site-packages/airflow/example_dags/example_nested_branch_dag.py for tasks to queue
[2025-12-14T17:10:16.300+0000] {logging_mixin.py:188} INFO - [2025-12-14T17:10:16.299+0000] {dagbag.py:540} INFO - Filling up the DagBag from /home/airflow/.local/lib/python3.12/site-packages/airflow/example_dags/example_nested_branch_dag.py
[2025-12-14T17:10:16.311+0000] {processor.py:840} INFO - DAG(s) 'example_nested_branch_dag' retrieved from /home/airflow/.local/lib/python3.12/site-packages/airflow/example_dags/example_nested_branch_dag.py
[2025-12-14T17:10:16.338+0000] {logging_mixin.py:188} INFO - [2025-12-14T17:10:16.338+0000] {dag.py:3096} INFO - Sync 1 DAGs
[2025-12-14T17:10:16.362+0000] {logging_mixin.py:188} INFO - [2025-12-14T17:10:16.362+0000] {dag.py:3954} INFO - Setting next_dagrun for example_nested_branch_dag to 2025-12-13 00:00:00+00:00, run_after=2025-12-14 00:00:00+00:00
[2025-12-14T17:10:16.388+0000] {processor.py:183} INFO - Processing /home/airflow/.local/lib/python3.12/site-packages/airflow/example_dags/example_nested_branch_dag.py took 0.099 seconds
[2025-12-14T17:10:46.610+0000] {processor.py:161} INFO - Started process (PID=604) to work on /home/airflow/.local/lib/python3.12/site-packages/airflow/example_dags/example_nested_branch_dag.py
[2025-12-14T17:10:46.611+0000] {processor.py:830} INFO - Processing file /home/airflow/.local/lib/python3.12/site-packages/airflow/example_dags/example_nested_branch_dag.py for tasks to queue
[2025-12-14T17:10:46.614+0000] {logging_mixin.py:188} INFO - [2025-12-14T17:10:46.614+0000] {dagbag.py:540} INFO - Filling up the DagBag from /home/airflow/.local/lib/python3.12/site-packages/airflow/example_dags/example_nested_branch_dag.py
[2025-12-14T17:10:46.629+0000] {processor.py:840} INFO - DAG(s) 'example_nested_branch_dag' retrieved from /home/airflow/.local/lib/python3.12/site-packages/airflow/example_dags/example_nested_branch_dag.py
[2025-12-14T17:10:46.662+0000] {logging_mixin.py:188} INFO - [2025-12-14T17:10:46.662+0000] {dag.py:3096} INFO - Sync 1 DAGs
[2025-12-14T17:10:46.690+0000] {logging_mixin.py:188} INFO - [2025-12-14T17:10:46.690+0000] {dag.py:3954} INFO - Setting next_dagrun for example_nested_branch_dag to 2025-12-13 00:00:00+00:00, run_after=2025-12-14 00:00:00+00:00
[2025-12-14T17:10:46.718+0000] {processor.py:183} INFO - Processing /home/airflow/.local/lib/python3.12/site-packages/airflow/example_dags/example_nested_branch_dag.py took 0.118 seconds
[2025-12-14T17:11:17.985+0000] {processor.py:161} INFO - Started process (PID=675) to work on /home/airflow/.local/lib/python3.12/site-packages/airflow/example_dags/example_nested_branch_dag.py
[2025-12-14T17:11:17.987+0000] {processor.py:830} INFO - Processing file /home/airflow/.local/lib/python3.12/site-packages/airflow/example_dags/example_nested_branch_dag.py for tasks to queue
[2025-12-14T17:11:17.991+0000] {logging_mixin.py:188} INFO - [2025-12-14T17:11:17.990+0000] {dagbag.py:540} INFO - Filling up the DagBag from /home/airflow/.local/lib/python3.12/site-packages/airflow/example_dags/example_nested_branch_dag.py
[2025-12-14T17:11:18.016+0000] {processor.py:840} INFO - DAG(s) 'example_nested_branch_dag' retrieved from /home/airflow/.local/lib/python3.12/site-packages/airflow/example_dags/example_nested_branch_dag.py
[2025-12-14T17:11:18.084+0000] {logging_mixin.py:188} INFO - [2025-12-14T17:11:18.084+0000] {dag.py:3096} INFO - Sync 1 DAGs
[2025-12-14T17:11:18.157+0000] {logging_mixin.py:188} INFO - [2025-12-14T17:11:18.156+0000] {dag.py:3954} INFO - Setting next_dagrun for example_nested_branch_dag to 2025-12-13 00:00:00+00:00, run_after=2025-12-14 00:00:00+00:00
[2025-12-14T17:11:18.224+0000] {processor.py:183} INFO - Processing /home/airflow/.local/lib/python3.12/site-packages/airflow/example_dags/example_nested_branch_dag.py took 0.255 seconds
[2025-12-14T17:11:48.423+0000] {processor.py:161} INFO - Started process (PID=746) to work on /home/airflow/.local/lib/python3.12/site-packages/airflow/example_dags/example_nested_branch_dag.py
[2025-12-14T17:11:48.424+0000] {processor.py:830} INFO - Processing file /home/airflow/.local/lib/python3.12/site-packages/airflow/example_dags/example_nested_branch_dag.py for tasks to queue
[2025-12-14T17:11:48.427+0000] {logging_mixin.py:188} INFO - [2025-12-14T17:11:48.426+0000] {dagbag.py:540} INFO - Filling up the DagBag from /home/airflow/.local/lib/python3.12/site-packages/airflow/example_dags/example_nested_branch_dag.py
[2025-12-14T17:11:48.440+0000] {processor.py:840} INFO - DAG(s) 'example_nested_branch_dag' retrieved from /home/airflow/.local/lib/python3.12/site-packages/airflow/example_dags/example_nested_branch_dag.py
[2025-12-14T17:11:48.467+0000] {logging_mixin.py:188} INFO - [2025-12-14T17:11:48.466+0000] {dag.py:3096} INFO - Sync 1 DAGs
[2025-12-14T17:11:48.493+0000] {logging_mixin.py:188} INFO - [2025-12-14T17:11:48.493+0000] {dag.py:3954} INFO - Setting next_dagrun for example_nested_branch_dag to 2025-12-13 00:00:00+00:00, run_after=2025-12-14 00:00:00+00:00
[2025-12-14T17:11:48.518+0000] {processor.py:183} INFO - Processing /home/airflow/.local/lib/python3.12/site-packages/airflow/example_dags/example_nested_branch_dag.py took 0.103 seconds
[2025-12-14T17:12:18.647+0000] {processor.py:161} INFO - Started process (PID=817) to work on /home/airflow/.local/lib/python3.12/site-packages/airflow/example_dags/example_nested_branch_dag.py
[2025-12-14T17:12:18.649+0000] {processor.py:830} INFO - Processing file /home/airflow/.local/lib/python3.12/site-packages/airflow/example_dags/example_nested_branch_dag.py for tasks to queue
[2025-12-14T17:12:18.652+0000] {logging_mixin.py:188} INFO - [2025-12-14T17:12:18.652+0000] {dagbag.py:540} INFO - Filling up the DagBag from /home/airflow/.local/lib/python3.12/site-packages/airflow/example_dags/example_nested_branch_dag.py
[2025-12-14T17:12:18.668+0000] {processor.py:840} INFO - DAG(s) 'example_nested_branch_dag' retrieved from /home/airflow/.local/lib/python3.12/site-packages/airflow/example_dags/example_nested_branch_dag.py
[2025-12-14T17:12:18.698+0000] {logging_mixin.py:188} INFO - [2025-12-14T17:12:18.698+0000] {dag.py:3096} INFO - Sync 1 DAGs
[2025-12-14T17:12:18.730+0000] {logging_mixin.py:188} INFO - [2025-12-14T17:12:18.729+0000] {dag.py:3954} INFO - Setting next_dagrun for example_nested_branch_dag to 2025-12-13 00:00:00+00:00, run_after=2025-12-14 00:00:00+00:00
[2025-12-14T17:12:18.759+0000] {processor.py:183} INFO - Processing /home/airflow/.local/lib/python3.12/site-packages/airflow/example_dags/example_nested_branch_dag.py took 0.125 seconds
[2025-12-14T17:12:49.191+0000] {processor.py:161} INFO - Started process (PID=889) to work on /home/airflow/.local/lib/python3.12/site-packages/airflow/example_dags/example_nested_branch_dag.py
[2025-12-14T17:12:49.193+0000] {processor.py:830} INFO - Processing file /home/airflow/.local/lib/python3.12/site-packages/airflow/example_dags/example_nested_branch_dag.py for tasks to queue
[2025-12-14T17:12:49.195+0000] {logging_mixin.py:188} INFO - [2025-12-14T17:12:49.195+0000] {dagbag.py:540} INFO - Filling up the DagBag from /home/airflow/.local/lib/python3.12/site-packages/airflow/example_dags/example_nested_branch_dag.py
[2025-12-14T17:12:49.208+0000] {processor.py:840} INFO - DAG(s) 'example_nested_branch_dag' retrieved from /home/airflow/.local/lib/python3.12/site-packages/airflow/example_dags/example_nested_branch_dag.py
[2025-12-14T17:12:49.239+0000] {logging_mixin.py:188} INFO - [2025-12-14T17:12:49.238+0000] {dag.py:3096} INFO - Sync 1 DAGs
[2025-12-14T17:12:49.266+0000] {logging_mixin.py:188} INFO - [2025-12-14T17:12:49.265+0000] {dag.py:3954} INFO - Setting next_dagrun for example_nested_branch_dag to 2025-12-13 00:00:00+00:00, run_after=2025-12-14 00:00:00+00:00
[2025-12-14T17:12:49.294+0000] {processor.py:183} INFO - Processing /home/airflow/.local/lib/python3.12/site-packages/airflow/example_dags/example_nested_branch_dag.py took 0.111 seconds
[2025-12-14T17:13:19.365+0000] {processor.py:161} INFO - Started process (PID=947) to work on /home/airflow/.local/lib/python3.12/site-packages/airflow/example_dags/example_nested_branch_dag.py
[2025-12-14T17:13:19.366+0000] {processor.py:830} INFO - Processing file /home/airflow/.local/lib/python3.12/site-packages/airflow/example_dags/example_nested_branch_dag.py for tasks to queue
[2025-12-14T17:13:19.369+0000] {logging_mixin.py:188} INFO - [2025-12-14T17:13:19.369+0000] {dagbag.py:540} INFO - Filling up the DagBag from /home/airflow/.local/lib/python3.12/site-packages/airflow/example_dags/example_nested_branch_dag.py
[2025-12-14T17:13:19.383+0000] {processor.py:840} INFO - DAG(s) 'example_nested_branch_dag' retrieved from /home/airflow/.local/lib/python3.12/site-packages/airflow/example_dags/example_nested_branch_dag.py
[2025-12-14T17:13:19.414+0000] {logging_mixin.py:188} INFO - [2025-12-14T17:13:19.414+0000] {dag.py:3096} INFO - Sync 1 DAGs
[2025-12-14T17:13:19.446+0000] {logging_mixin.py:188} INFO - [2025-12-14T17:13:19.445+0000] {dag.py:3954} INFO - Setting next_dagrun for example_nested_branch_dag to 2025-12-13 00:00:00+00:00, run_after=2025-12-14 00:00:00+00:00
[2025-12-14T17:13:19.479+0000] {processor.py:183} INFO - Processing /home/airflow/.local/lib/python3.12/site-packages/airflow/example_dags/example_nested_branch_dag.py took 0.123 seconds
[2025-12-14T17:13:50.105+0000] {processor.py:161} INFO - Started process (PID=1018) to work on /home/airflow/.local/lib/python3.12/site-packages/airflow/example_dags/example_nested_branch_dag.py
[2025-12-14T17:13:50.107+0000] {processor.py:830} INFO - Processing file /home/airflow/.local/lib/python3.12/site-packages/airflow/example_dags/example_nested_branch_dag.py for tasks to queue
[2025-12-14T17:13:50.110+0000] {logging_mixin.py:188} INFO - [2025-12-14T17:13:50.109+0000] {dagbag.py:540} INFO - Filling up the DagBag from /home/airflow/.local/lib/python3.12/site-packages/airflow/example_dags/example_nested_branch_dag.py
[2025-12-14T17:13:50.124+0000] {processor.py:840} INFO - DAG(s) 'example_nested_branch_dag' retrieved from /home/airflow/.local/lib/python3.12/site-packages/airflow/example_dags/example_nested_branch_dag.py
[2025-12-14T17:13:50.152+0000] {logging_mixin.py:188} INFO - [2025-12-14T17:13:50.152+0000] {dag.py:3096} INFO - Sync 1 DAGs
[2025-12-14T17:13:50.324+0000] {logging_mixin.py:188} INFO - [2025-12-14T17:13:50.323+0000] {dag.py:3954} INFO - Setting next_dagrun for example_nested_branch_dag to 2025-12-13 00:00:00+00:00, run_after=2025-12-14 00:00:00+00:00
[2025-12-14T17:13:50.350+0000] {processor.py:183} INFO - Processing /home/airflow/.local/lib/python3.12/site-packages/airflow/example_dags/example_nested_branch_dag.py took 0.253 seconds
[2025-12-14T17:14:20.560+0000] {processor.py:161} INFO - Started process (PID=1090) to work on /home/airflow/.local/lib/python3.12/site-packages/airflow/example_dags/example_nested_branch_dag.py
[2025-12-14T17:14:20.561+0000] {processor.py:830} INFO - Processing file /home/airflow/.local/lib/python3.12/site-packages/airflow/example_dags/example_nested_branch_dag.py for tasks to queue
[2025-12-14T17:14:20.564+0000] {logging_mixin.py:188} INFO - [2025-12-14T17:14:20.563+0000] {dagbag.py:540} INFO - Filling up the DagBag from /home/airflow/.local/lib/python3.12/site-packages/airflow/example_dags/example_nested_branch_dag.py
[2025-12-14T17:14:20.576+0000] {processor.py:840} INFO - DAG(s) 'example_nested_branch_dag' retrieved from /home/airflow/.local/lib/python3.12/site-packages/airflow/example_dags/example_nested_branch_dag.py
[2025-12-14T17:14:20.603+0000] {logging_mixin.py:188} INFO - [2025-12-14T17:14:20.603+0000] {dag.py:3096} INFO - Sync 1 DAGs
[2025-12-14T17:14:20.633+0000] {logging_mixin.py:188} INFO - [2025-12-14T17:14:20.633+0000] {dag.py:3954} INFO - Setting next_dagrun for example_nested_branch_dag to 2025-12-13 00:00:00+00:00, run_after=2025-12-14 00:00:00+00:00
[2025-12-14T17:14:20.862+0000] {processor.py:183} INFO - Processing /home/airflow/.local/lib/python3.12/site-packages/airflow/example_dags/example_nested_branch_dag.py took 0.310 seconds
[2025-12-14T17:14:51.601+0000] {processor.py:161} INFO - Started process (PID=1161) to work on /home/airflow/.local/lib/python3.12/site-packages/airflow/example_dags/example_nested_branch_dag.py
[2025-12-14T17:14:51.603+0000] {processor.py:830} INFO - Processing file /home/airflow/.local/lib/python3.12/site-packages/airflow/example_dags/example_nested_branch_dag.py for tasks to queue
[2025-12-14T17:14:51.606+0000] {logging_mixin.py:188} INFO - [2025-12-14T17:14:51.605+0000] {dagbag.py:540} INFO - Filling up the DagBag from /home/airflow/.local/lib/python3.12/site-packages/airflow/example_dags/example_nested_branch_dag.py
[2025-12-14T17:14:51.622+0000] {processor.py:840} INFO - DAG(s) 'example_nested_branch_dag' retrieved from /home/airflow/.local/lib/python3.12/site-packages/airflow/example_dags/example_nested_branch_dag.py
[2025-12-14T17:14:51.653+0000] {logging_mixin.py:188} INFO - [2025-12-14T17:14:51.652+0000] {dag.py:3096} INFO - Sync 1 DAGs
[2025-12-14T17:14:51.681+0000] {logging_mixin.py:188} INFO - [2025-12-14T17:14:51.680+0000] {dag.py:3954} INFO - Setting next_dagrun for example_nested_branch_dag to 2025-12-13 00:00:00+00:00, run_after=2025-12-14 00:00:00+00:00
[2025-12-14T17:14:51.708+0000] {processor.py:183} INFO - Processing /home/airflow/.local/lib/python3.12/site-packages/airflow/example_dags/example_nested_branch_dag.py took 0.114 seconds
[2025-12-14T17:15:21.853+0000] {processor.py:161} INFO - Started process (PID=1232) to work on /home/airflow/.local/lib/python3.12/site-packages/airflow/example_dags/example_nested_branch_dag.py
[2025-12-14T17:15:21.854+0000] {processor.py:830} INFO - Processing file /home/airflow/.local/lib/python3.12/site-packages/airflow/example_dags/example_nested_branch_dag.py for tasks to queue
[2025-12-14T17:15:21.857+0000] {logging_mixin.py:188} INFO - [2025-12-14T17:15:21.856+0000] {dagbag.py:540} INFO - Filling up the DagBag from /home/airflow/.local/lib/python3.12/site-packages/airflow/example_dags/example_nested_branch_dag.py
[2025-12-14T17:15:21.870+0000] {processor.py:840} INFO - DAG(s) 'example_nested_branch_dag' retrieved from /home/airflow/.local/lib/python3.12/site-packages/airflow/example_dags/example_nested_branch_dag.py
[2025-12-14T17:15:21.896+0000] {logging_mixin.py:188} INFO - [2025-12-14T17:15:21.896+0000] {dag.py:3096} INFO - Sync 1 DAGs
[2025-12-14T17:15:21.922+0000] {logging_mixin.py:188} INFO - [2025-12-14T17:15:21.922+0000] {dag.py:3954} INFO - Setting next_dagrun for example_nested_branch_dag to 2025-12-13 00:00:00+00:00, run_after=2025-12-14 00:00:00+00:00
[2025-12-14T17:15:21.946+0000] {processor.py:183} INFO - Processing /home/airflow/.local/lib/python3.12/site-packages/airflow/example_dags/example_nested_branch_dag.py took 0.103 seconds
[2025-12-14T17:15:52.467+0000] {processor.py:161} INFO - Started process (PID=1304) to work on /home/airflow/.local/lib/python3.12/site-packages/airflow/example_dags/example_nested_branch_dag.py
[2025-12-14T17:15:52.468+0000] {processor.py:830} INFO - Processing file /home/airflow/.local/lib/python3.12/site-packages/airflow/example_dags/example_nested_branch_dag.py for tasks to queue
[2025-12-14T17:15:52.471+0000] {logging_mixin.py:188} INFO - [2025-12-14T17:15:52.470+0000] {dagbag.py:540} INFO - Filling up the DagBag from /home/airflow/.local/lib/python3.12/site-packages/airflow/example_dags/example_nested_branch_dag.py
[2025-12-14T17:15:52.487+0000] {processor.py:840} INFO - DAG(s) 'example_nested_branch_dag' retrieved from /home/airflow/.local/lib/python3.12/site-packages/airflow/example_dags/example_nested_branch_dag.py
[2025-12-14T17:15:52.514+0000] {logging_mixin.py:188} INFO - [2025-12-14T17:15:52.513+0000] {dag.py:3096} INFO - Sync 1 DAGs
[2025-12-14T17:15:52.539+0000] {logging_mixin.py:188} INFO - [2025-12-14T17:15:52.538+0000] {dag.py:3954} INFO - Setting next_dagrun for example_nested_branch_dag to 2025-12-13 00:00:00+00:00, run_after=2025-12-14 00:00:00+00:00
[2025-12-14T17:15:52.561+0000] {processor.py:183} INFO - Processing /home/airflow/.local/lib/python3.12/site-packages/airflow/example_dags/example_nested_branch_dag.py took 0.101 seconds
[2025-12-14T17:16:22.985+0000] {processor.py:161} INFO - Started process (PID=1375) to work on /home/airflow/.local/lib/python3.12/site-packages/airflow/example_dags/example_nested_branch_dag.py
[2025-12-14T17:16:22.987+0000] {processor.py:830} INFO - Processing file /home/airflow/.local/lib/python3.12/site-packages/airflow/example_dags/example_nested_branch_dag.py for tasks to queue
[2025-12-14T17:16:22.990+0000] {logging_mixin.py:188} INFO - [2025-12-14T17:16:22.989+0000] {dagbag.py:540} INFO - Filling up the DagBag from /home/airflow/.local/lib/python3.12/site-packages/airflow/example_dags/example_nested_branch_dag.py
[2025-12-14T17:16:23.006+0000] {processor.py:840} INFO - DAG(s) 'example_nested_branch_dag' retrieved from /home/airflow/.local/lib/python3.12/site-packages/airflow/example_dags/example_nested_branch_dag.py
[2025-12-14T17:16:23.040+0000] {logging_mixin.py:188} INFO - [2025-12-14T17:16:23.039+0000] {dag.py:3096} INFO - Sync 1 DAGs
[2025-12-14T17:16:23.071+0000] {logging_mixin.py:188} INFO - [2025-12-14T17:16:23.071+0000] {dag.py:3954} INFO - Setting next_dagrun for example_nested_branch_dag to 2025-12-13 00:00:00+00:00, run_after=2025-12-14 00:00:00+00:00
[2025-12-14T17:16:23.095+0000] {processor.py:183} INFO - Processing /home/airflow/.local/lib/python3.12/site-packages/airflow/example_dags/example_nested_branch_dag.py took 0.118 seconds
[2025-12-14T17:16:53.218+0000] {processor.py:161} INFO - Started process (PID=1446) to work on /home/airflow/.local/lib/python3.12/site-packages/airflow/example_dags/example_nested_branch_dag.py
[2025-12-14T17:16:53.219+0000] {processor.py:830} INFO - Processing file /home/airflow/.local/lib/python3.12/site-packages/airflow/example_dags/example_nested_branch_dag.py for tasks to queue
[2025-12-14T17:16:53.222+0000] {logging_mixin.py:188} INFO - [2025-12-14T17:16:53.222+0000] {dagbag.py:540} INFO - Filling up the DagBag from /home/airflow/.local/lib/python3.12/site-packages/airflow/example_dags/example_nested_branch_dag.py
[2025-12-14T17:16:53.234+0000] {processor.py:840} INFO - DAG(s) 'example_nested_branch_dag' retrieved from /home/airflow/.local/lib/python3.12/site-packages/airflow/example_dags/example_nested_branch_dag.py
[2025-12-14T17:16:53.262+0000] {logging_mixin.py:188} INFO - [2025-12-14T17:16:53.261+0000] {dag.py:3096} INFO - Sync 1 DAGs
[2025-12-14T17:16:53.291+0000] {logging_mixin.py:188} INFO - [2025-12-14T17:16:53.290+0000] {dag.py:3954} INFO - Setting next_dagrun for example_nested_branch_dag to 2025-12-13 00:00:00+00:00, run_after=2025-12-14 00:00:00+00:00
[2025-12-14T17:16:53.317+0000] {processor.py:183} INFO - Processing /home/airflow/.local/lib/python3.12/site-packages/airflow/example_dags/example_nested_branch_dag.py took 0.106 seconds
[2025-12-14T17:17:23.795+0000] {processor.py:161} INFO - Started process (PID=1517) to work on /home/airflow/.local/lib/python3.12/site-packages/airflow/example_dags/example_nested_branch_dag.py
[2025-12-14T17:17:23.797+0000] {processor.py:830} INFO - Processing file /home/airflow/.local/lib/python3.12/site-packages/airflow/example_dags/example_nested_branch_dag.py for tasks to queue
[2025-12-14T17:17:23.801+0000] {logging_mixin.py:188} INFO - [2025-12-14T17:17:23.800+0000] {dagbag.py:540} INFO - Filling up the DagBag from /home/airflow/.local/lib/python3.12/site-packages/airflow/example_dags/example_nested_branch_dag.py
[2025-12-14T17:17:23.816+0000] {processor.py:840} INFO - DAG(s) 'example_nested_branch_dag' retrieved from /home/airflow/.local/lib/python3.12/site-packages/airflow/example_dags/example_nested_branch_dag.py
[2025-12-14T17:17:23.846+0000] {logging_mixin.py:188} INFO - [2025-12-14T17:17:23.845+0000] {dag.py:3096} INFO - Sync 1 DAGs
[2025-12-14T17:17:23.872+0000] {logging_mixin.py:188} INFO - [2025-12-14T17:17:23.871+0000] {dag.py:3954} INFO - Setting next_dagrun for example_nested_branch_dag to 2025-12-13 00:00:00+00:00, run_after=2025-12-14 00:00:00+00:00
[2025-12-14T17:17:23.898+0000] {processor.py:183} INFO - Processing /home/airflow/.local/lib/python3.12/site-packages/airflow/example_dags/example_nested_branch_dag.py took 0.112 seconds
[2025-12-14T17:17:54.281+0000] {processor.py:161} INFO - Started process (PID=1588) to work on /home/airflow/.local/lib/python3.12/site-packages/airflow/example_dags/example_nested_branch_dag.py
[2025-12-14T17:17:54.283+0000] {processor.py:830} INFO - Processing file /home/airflow/.local/lib/python3.12/site-packages/airflow/example_dags/example_nested_branch_dag.py for tasks to queue
[2025-12-14T17:17:54.286+0000] {logging_mixin.py:188} INFO - [2025-12-14T17:17:54.286+0000] {dagbag.py:540} INFO - Filling up the DagBag from /home/airflow/.local/lib/python3.12/site-packages/airflow/example_dags/example_nested_branch_dag.py
[2025-12-14T17:17:54.298+0000] {processor.py:840} INFO - DAG(s) 'example_nested_branch_dag' retrieved from /home/airflow/.local/lib/python3.12/site-packages/airflow/example_dags/example_nested_branch_dag.py
[2025-12-14T17:17:54.324+0000] {logging_mixin.py:188} INFO - [2025-12-14T17:17:54.324+0000] {dag.py:3096} INFO - Sync 1 DAGs
[2025-12-14T17:17:54.351+0000] {logging_mixin.py:188} INFO - [2025-12-14T17:17:54.350+0000] {dag.py:3954} INFO - Setting next_dagrun for example_nested_branch_dag to 2025-12-13 00:00:00+00:00, run_after=2025-12-14 00:00:00+00:00
[2025-12-14T17:17:54.375+0000] {processor.py:183} INFO - Processing /home/airflow/.local/lib/python3.12/site-packages/airflow/example_dags/example_nested_branch_dag.py took 0.101 seconds
[2025-12-14T17:18:25.201+0000] {processor.py:161} INFO - Started process (PID=1659) to work on /home/airflow/.local/lib/python3.12/site-packages/airflow/example_dags/example_nested_branch_dag.py
[2025-12-14T17:18:25.202+0000] {processor.py:830} INFO - Processing file /home/airflow/.local/lib/python3.12/site-packages/airflow/example_dags/example_nested_branch_dag.py for tasks to queue
[2025-12-14T17:18:25.205+0000] {logging_mixin.py:188} INFO - [2025-12-14T17:18:25.205+0000] {dagbag.py:540} INFO - Filling up the DagBag from /home/airflow/.local/lib/python3.12/site-packages/airflow/example_dags/example_nested_branch_dag.py
[2025-12-14T17:18:25.217+0000] {processor.py:840} INFO - DAG(s) 'example_nested_branch_dag' retrieved from /home/airflow/.local/lib/python3.12/site-packages/airflow/example_dags/example_nested_branch_dag.py
[2025-12-14T17:18:25.252+0000] {logging_mixin.py:188} INFO - [2025-12-14T17:18:25.251+0000] {dag.py:3096} INFO - Sync 1 DAGs
[2025-12-14T17:18:25.276+0000] {logging_mixin.py:188} INFO - [2025-12-14T17:18:25.276+0000] {dag.py:3954} INFO - Setting next_dagrun for example_nested_branch_dag to 2025-12-13 00:00:00+00:00, run_after=2025-12-14 00:00:00+00:00
[2025-12-14T17:18:25.301+0000] {processor.py:183} INFO - Processing /home/airflow/.local/lib/python3.12/site-packages/airflow/example_dags/example_nested_branch_dag.py took 0.107 seconds
[2025-12-14T17:18:55.683+0000] {processor.py:161} INFO - Started process (PID=1730) to work on /home/airflow/.local/lib/python3.12/site-packages/airflow/example_dags/example_nested_branch_dag.py
[2025-12-14T17:18:55.685+0000] {processor.py:830} INFO - Processing file /home/airflow/.local/lib/python3.12/site-packages/airflow/example_dags/example_nested_branch_dag.py for tasks to queue
[2025-12-14T17:18:55.687+0000] {logging_mixin.py:188} INFO - [2025-12-14T17:18:55.687+0000] {dagbag.py:540} INFO - Filling up the DagBag from /home/airflow/.local/lib/python3.12/site-packages/airflow/example_dags/example_nested_branch_dag.py
[2025-12-14T17:18:55.700+0000] {processor.py:840} INFO - DAG(s) 'example_nested_branch_dag' retrieved from /home/airflow/.local/lib/python3.12/site-packages/airflow/example_dags/example_nested_branch_dag.py
[2025-12-14T17:18:55.726+0000] {logging_mixin.py:188} INFO - [2025-12-14T17:18:55.726+0000] {dag.py:3096} INFO - Sync 1 DAGs
[2025-12-14T17:18:55.752+0000] {logging_mixin.py:188} INFO - [2025-12-14T17:18:55.752+0000] {dag.py:3954} INFO - Setting next_dagrun for example_nested_branch_dag to 2025-12-13 00:00:00+00:00, run_after=2025-12-14 00:00:00+00:00
[2025-12-14T17:18:55.774+0000] {processor.py:183} INFO - Processing /home/airflow/.local/lib/python3.12/site-packages/airflow/example_dags/example_nested_branch_dag.py took 0.098 seconds
[2025-12-14T17:19:26.126+0000] {processor.py:161} INFO - Started process (PID=1801) to work on /home/airflow/.local/lib/python3.12/site-packages/airflow/example_dags/example_nested_branch_dag.py
[2025-12-14T17:19:26.127+0000] {processor.py:830} INFO - Processing file /home/airflow/.local/lib/python3.12/site-packages/airflow/example_dags/example_nested_branch_dag.py for tasks to queue
[2025-12-14T17:19:26.129+0000] {logging_mixin.py:188} INFO - [2025-12-14T17:19:26.129+0000] {dagbag.py:540} INFO - Filling up the DagBag from /home/airflow/.local/lib/python3.12/site-packages/airflow/example_dags/example_nested_branch_dag.py
[2025-12-14T17:19:26.141+0000] {processor.py:840} INFO - DAG(s) 'example_nested_branch_dag' retrieved from /home/airflow/.local/lib/python3.12/site-packages/airflow/example_dags/example_nested_branch_dag.py
[2025-12-14T17:19:26.166+0000] {logging_mixin.py:188} INFO - [2025-12-14T17:19:26.166+0000] {dag.py:3096} INFO - Sync 1 DAGs
[2025-12-14T17:19:26.190+0000] {logging_mixin.py:188} INFO - [2025-12-14T17:19:26.190+0000] {dag.py:3954} INFO - Setting next_dagrun for example_nested_branch_dag to 2025-12-13 00:00:00+00:00, run_after=2025-12-14 00:00:00+00:00
[2025-12-14T17:19:26.214+0000] {processor.py:183} INFO - Processing /home/airflow/.local/lib/python3.12/site-packages/airflow/example_dags/example_nested_branch_dag.py took 0.096 seconds
[2025-12-14T17:19:57.062+0000] {processor.py:161} INFO - Started process (PID=1872) to work on /home/airflow/.local/lib/python3.12/site-packages/airflow/example_dags/example_nested_branch_dag.py
[2025-12-14T17:19:57.063+0000] {processor.py:830} INFO - Processing file /home/airflow/.local/lib/python3.12/site-packages/airflow/example_dags/example_nested_branch_dag.py for tasks to queue
[2025-12-14T17:19:57.066+0000] {logging_mixin.py:188} INFO - [2025-12-14T17:19:57.065+0000] {dagbag.py:540} INFO - Filling up the DagBag from /home/airflow/.local/lib/python3.12/site-packages/airflow/example_dags/example_nested_branch_dag.py
[2025-12-14T17:19:57.078+0000] {processor.py:840} INFO - DAG(s) 'example_nested_branch_dag' retrieved from /home/airflow/.local/lib/python3.12/site-packages/airflow/example_dags/example_nested_branch_dag.py
[2025-12-14T17:19:57.108+0000] {logging_mixin.py:188} INFO - [2025-12-14T17:19:57.107+0000] {dag.py:3096} INFO - Sync 1 DAGs
[2025-12-14T17:19:57.134+0000] {logging_mixin.py:188} INFO - [2025-12-14T17:19:57.134+0000] {dag.py:3954} INFO - Setting next_dagrun for example_nested_branch_dag to 2025-12-13 00:00:00+00:00, run_after=2025-12-14 00:00:00+00:00
[2025-12-14T17:19:57.160+0000] {processor.py:183} INFO - Processing /home/airflow/.local/lib/python3.12/site-packages/airflow/example_dags/example_nested_branch_dag.py took 0.106 seconds
[2025-12-14T17:20:27.439+0000] {processor.py:161} INFO - Started process (PID=1943) to work on /home/airflow/.local/lib/python3.12/site-packages/airflow/example_dags/example_nested_branch_dag.py
[2025-12-14T17:20:27.441+0000] {processor.py:830} INFO - Processing file /home/airflow/.local/lib/python3.12/site-packages/airflow/example_dags/example_nested_branch_dag.py for tasks to queue
[2025-12-14T17:20:27.444+0000] {logging_mixin.py:188} INFO - [2025-12-14T17:20:27.443+0000] {dagbag.py:540} INFO - Filling up the DagBag from /home/airflow/.local/lib/python3.12/site-packages/airflow/example_dags/example_nested_branch_dag.py
[2025-12-14T17:20:27.459+0000] {processor.py:840} INFO - DAG(s) 'example_nested_branch_dag' retrieved from /home/airflow/.local/lib/python3.12/site-packages/airflow/example_dags/example_nested_branch_dag.py
[2025-12-14T17:20:27.494+0000] {logging_mixin.py:188} INFO - [2025-12-14T17:20:27.493+0000] {dag.py:3096} INFO - Sync 1 DAGs
[2025-12-14T17:20:27.529+0000] {logging_mixin.py:188} INFO - [2025-12-14T17:20:27.529+0000] {dag.py:3954} INFO - Setting next_dagrun for example_nested_branch_dag to 2025-12-13 00:00:00+00:00, run_after=2025-12-14 00:00:00+00:00
[2025-12-14T17:20:27.565+0000] {processor.py:183} INFO - Processing /home/airflow/.local/lib/python3.12/site-packages/airflow/example_dags/example_nested_branch_dag.py took 0.137 seconds
