[2025-12-14T16:49:11.287+0000] {processor.py:161} INFO - Started process (PID=81) to work on /home/airflow/.local/lib/python3.12/site-packages/airflow/example_dags/example_skip_dag.py
[2025-12-14T16:49:11.289+0000] {processor.py:830} INFO - Processing file /home/airflow/.local/lib/python3.12/site-packages/airflow/example_dags/example_skip_dag.py for tasks to queue
[2025-12-14T16:49:11.294+0000] {logging_mixin.py:188} INFO - [2025-12-14T16:49:11.293+0000] {dagbag.py:540} INFO - Filling up the DagBag from /home/airflow/.local/lib/python3.12/site-packages/airflow/example_dags/example_skip_dag.py
[2025-12-14T16:49:11.328+0000] {processor.py:840} INFO - DAG(s) 'example_skip_dag' retrieved from /home/airflow/.local/lib/python3.12/site-packages/airflow/example_dags/example_skip_dag.py
[2025-12-14T16:49:11.537+0000] {logging_mixin.py:188} INFO - [2025-12-14T16:49:11.537+0000] {dag.py:3096} INFO - Sync 1 DAGs
[2025-12-14T16:49:11.571+0000] {logging_mixin.py:188} INFO - [2025-12-14T16:49:11.570+0000] {dag.py:3954} INFO - Setting next_dagrun for example_skip_dag to 2025-12-13 00:00:00+00:00, run_after=2025-12-14 00:00:00+00:00
[2025-12-14T16:49:11.602+0000] {processor.py:183} INFO - Processing /home/airflow/.local/lib/python3.12/site-packages/airflow/example_dags/example_skip_dag.py took 0.328 seconds
[2025-12-14T16:49:42.210+0000] {processor.py:161} INFO - Started process (PID=146) to work on /home/airflow/.local/lib/python3.12/site-packages/airflow/example_dags/example_skip_dag.py
[2025-12-14T16:49:42.211+0000] {processor.py:830} INFO - Processing file /home/airflow/.local/lib/python3.12/site-packages/airflow/example_dags/example_skip_dag.py for tasks to queue
[2025-12-14T16:49:42.214+0000] {logging_mixin.py:188} INFO - [2025-12-14T16:49:42.213+0000] {dagbag.py:540} INFO - Filling up the DagBag from /home/airflow/.local/lib/python3.12/site-packages/airflow/example_dags/example_skip_dag.py
[2025-12-14T16:49:42.222+0000] {processor.py:840} INFO - DAG(s) 'example_skip_dag' retrieved from /home/airflow/.local/lib/python3.12/site-packages/airflow/example_dags/example_skip_dag.py
[2025-12-14T16:49:42.250+0000] {logging_mixin.py:188} INFO - [2025-12-14T16:49:42.250+0000] {dag.py:3096} INFO - Sync 1 DAGs
[2025-12-14T16:49:42.275+0000] {logging_mixin.py:188} INFO - [2025-12-14T16:49:42.274+0000] {dag.py:3954} INFO - Setting next_dagrun for example_skip_dag to 2025-12-13 00:00:00+00:00, run_after=2025-12-14 00:00:00+00:00
[2025-12-14T16:49:42.301+0000] {processor.py:183} INFO - Processing /home/airflow/.local/lib/python3.12/site-packages/airflow/example_dags/example_skip_dag.py took 0.098 seconds
[2025-12-14T16:50:12.764+0000] {processor.py:161} INFO - Started process (PID=204) to work on /home/airflow/.local/lib/python3.12/site-packages/airflow/example_dags/example_skip_dag.py
[2025-12-14T16:50:12.765+0000] {processor.py:830} INFO - Processing file /home/airflow/.local/lib/python3.12/site-packages/airflow/example_dags/example_skip_dag.py for tasks to queue
[2025-12-14T16:50:12.768+0000] {logging_mixin.py:188} INFO - [2025-12-14T16:50:12.768+0000] {dagbag.py:540} INFO - Filling up the DagBag from /home/airflow/.local/lib/python3.12/site-packages/airflow/example_dags/example_skip_dag.py
[2025-12-14T16:50:12.778+0000] {processor.py:840} INFO - DAG(s) 'example_skip_dag' retrieved from /home/airflow/.local/lib/python3.12/site-packages/airflow/example_dags/example_skip_dag.py
[2025-12-14T16:50:12.806+0000] {logging_mixin.py:188} INFO - [2025-12-14T16:50:12.805+0000] {dag.py:3096} INFO - Sync 1 DAGs
[2025-12-14T16:50:12.834+0000] {logging_mixin.py:188} INFO - [2025-12-14T16:50:12.834+0000] {dag.py:3954} INFO - Setting next_dagrun for example_skip_dag to 2025-12-13 00:00:00+00:00, run_after=2025-12-14 00:00:00+00:00
[2025-12-14T16:50:12.862+0000] {processor.py:183} INFO - Processing /home/airflow/.local/lib/python3.12/site-packages/airflow/example_dags/example_skip_dag.py took 0.107 seconds
[2025-12-14T16:50:43.096+0000] {processor.py:161} INFO - Started process (PID=269) to work on /home/airflow/.local/lib/python3.12/site-packages/airflow/example_dags/example_skip_dag.py
[2025-12-14T16:50:43.098+0000] {processor.py:830} INFO - Processing file /home/airflow/.local/lib/python3.12/site-packages/airflow/example_dags/example_skip_dag.py for tasks to queue
[2025-12-14T16:50:43.102+0000] {logging_mixin.py:188} INFO - [2025-12-14T16:50:43.101+0000] {dagbag.py:540} INFO - Filling up the DagBag from /home/airflow/.local/lib/python3.12/site-packages/airflow/example_dags/example_skip_dag.py
[2025-12-14T16:50:43.122+0000] {processor.py:840} INFO - DAG(s) 'example_skip_dag' retrieved from /home/airflow/.local/lib/python3.12/site-packages/airflow/example_dags/example_skip_dag.py
[2025-12-14T16:50:43.157+0000] {logging_mixin.py:188} INFO - [2025-12-14T16:50:43.157+0000] {dag.py:3096} INFO - Sync 1 DAGs
[2025-12-14T16:50:43.185+0000] {logging_mixin.py:188} INFO - [2025-12-14T16:50:43.185+0000] {dag.py:3954} INFO - Setting next_dagrun for example_skip_dag to 2025-12-13 00:00:00+00:00, run_after=2025-12-14 00:00:00+00:00
[2025-12-14T16:50:43.209+0000] {processor.py:183} INFO - Processing /home/airflow/.local/lib/python3.12/site-packages/airflow/example_dags/example_skip_dag.py took 0.127 seconds
[2025-12-14T16:51:13.306+0000] {processor.py:161} INFO - Started process (PID=327) to work on /home/airflow/.local/lib/python3.12/site-packages/airflow/example_dags/example_skip_dag.py
[2025-12-14T16:51:13.308+0000] {processor.py:830} INFO - Processing file /home/airflow/.local/lib/python3.12/site-packages/airflow/example_dags/example_skip_dag.py for tasks to queue
[2025-12-14T16:51:13.310+0000] {logging_mixin.py:188} INFO - [2025-12-14T16:51:13.310+0000] {dagbag.py:540} INFO - Filling up the DagBag from /home/airflow/.local/lib/python3.12/site-packages/airflow/example_dags/example_skip_dag.py
[2025-12-14T16:51:13.318+0000] {processor.py:840} INFO - DAG(s) 'example_skip_dag' retrieved from /home/airflow/.local/lib/python3.12/site-packages/airflow/example_dags/example_skip_dag.py
[2025-12-14T16:51:13.344+0000] {logging_mixin.py:188} INFO - [2025-12-14T16:51:13.344+0000] {dag.py:3096} INFO - Sync 1 DAGs
[2025-12-14T16:51:13.374+0000] {logging_mixin.py:188} INFO - [2025-12-14T16:51:13.374+0000] {dag.py:3954} INFO - Setting next_dagrun for example_skip_dag to 2025-12-13 00:00:00+00:00, run_after=2025-12-14 00:00:00+00:00
[2025-12-14T16:51:13.403+0000] {processor.py:183} INFO - Processing /home/airflow/.local/lib/python3.12/site-packages/airflow/example_dags/example_skip_dag.py took 0.104 seconds
[2025-12-14T16:51:43.667+0000] {processor.py:161} INFO - Started process (PID=385) to work on /home/airflow/.local/lib/python3.12/site-packages/airflow/example_dags/example_skip_dag.py
[2025-12-14T16:51:43.668+0000] {processor.py:830} INFO - Processing file /home/airflow/.local/lib/python3.12/site-packages/airflow/example_dags/example_skip_dag.py for tasks to queue
[2025-12-14T16:51:43.671+0000] {logging_mixin.py:188} INFO - [2025-12-14T16:51:43.670+0000] {dagbag.py:540} INFO - Filling up the DagBag from /home/airflow/.local/lib/python3.12/site-packages/airflow/example_dags/example_skip_dag.py
[2025-12-14T16:51:43.679+0000] {processor.py:840} INFO - DAG(s) 'example_skip_dag' retrieved from /home/airflow/.local/lib/python3.12/site-packages/airflow/example_dags/example_skip_dag.py
[2025-12-14T16:51:43.705+0000] {logging_mixin.py:188} INFO - [2025-12-14T16:51:43.704+0000] {dag.py:3096} INFO - Sync 1 DAGs
[2025-12-14T16:51:43.729+0000] {logging_mixin.py:188} INFO - [2025-12-14T16:51:43.729+0000] {dag.py:3954} INFO - Setting next_dagrun for example_skip_dag to 2025-12-13 00:00:00+00:00, run_after=2025-12-14 00:00:00+00:00
[2025-12-14T16:51:43.783+0000] {processor.py:183} INFO - Processing /home/airflow/.local/lib/python3.12/site-packages/airflow/example_dags/example_skip_dag.py took 0.122 seconds
[2025-12-14T16:52:13.886+0000] {processor.py:161} INFO - Started process (PID=442) to work on /home/airflow/.local/lib/python3.12/site-packages/airflow/example_dags/example_skip_dag.py
[2025-12-14T16:52:13.888+0000] {processor.py:830} INFO - Processing file /home/airflow/.local/lib/python3.12/site-packages/airflow/example_dags/example_skip_dag.py for tasks to queue
[2025-12-14T16:52:13.890+0000] {logging_mixin.py:188} INFO - [2025-12-14T16:52:13.890+0000] {dagbag.py:540} INFO - Filling up the DagBag from /home/airflow/.local/lib/python3.12/site-packages/airflow/example_dags/example_skip_dag.py
[2025-12-14T16:52:13.899+0000] {processor.py:840} INFO - DAG(s) 'example_skip_dag' retrieved from /home/airflow/.local/lib/python3.12/site-packages/airflow/example_dags/example_skip_dag.py
[2025-12-14T16:52:13.927+0000] {logging_mixin.py:188} INFO - [2025-12-14T16:52:13.927+0000] {dag.py:3096} INFO - Sync 1 DAGs
[2025-12-14T16:52:13.957+0000] {logging_mixin.py:188} INFO - [2025-12-14T16:52:13.957+0000] {dag.py:3954} INFO - Setting next_dagrun for example_skip_dag to 2025-12-13 00:00:00+00:00, run_after=2025-12-14 00:00:00+00:00
[2025-12-14T16:52:13.984+0000] {processor.py:183} INFO - Processing /home/airflow/.local/lib/python3.12/site-packages/airflow/example_dags/example_skip_dag.py took 0.105 seconds
[2025-12-14T16:55:07.728+0000] {processor.py:161} INFO - Started process (PID=128) to work on /home/airflow/.local/lib/python3.12/site-packages/airflow/example_dags/example_skip_dag.py
[2025-12-14T16:55:07.734+0000] {processor.py:830} INFO - Processing file /home/airflow/.local/lib/python3.12/site-packages/airflow/example_dags/example_skip_dag.py for tasks to queue
[2025-12-14T16:55:07.738+0000] {logging_mixin.py:188} INFO - [2025-12-14T16:55:07.737+0000] {dagbag.py:540} INFO - Filling up the DagBag from /home/airflow/.local/lib/python3.12/site-packages/airflow/example_dags/example_skip_dag.py
[2025-12-14T16:55:07.754+0000] {processor.py:840} INFO - DAG(s) 'example_skip_dag' retrieved from /home/airflow/.local/lib/python3.12/site-packages/airflow/example_dags/example_skip_dag.py
[2025-12-14T16:55:07.997+0000] {logging_mixin.py:188} INFO - [2025-12-14T16:55:07.996+0000] {dag.py:3096} INFO - Sync 1 DAGs
[2025-12-14T16:55:08.038+0000] {logging_mixin.py:188} INFO - [2025-12-14T16:55:08.037+0000] {dag.py:3954} INFO - Setting next_dagrun for example_skip_dag to 2025-12-13 00:00:00+00:00, run_after=2025-12-14 00:00:00+00:00
[2025-12-14T16:55:08.174+0000] {processor.py:183} INFO - Processing /home/airflow/.local/lib/python3.12/site-packages/airflow/example_dags/example_skip_dag.py took 0.457 seconds
[2025-12-14T16:55:38.883+0000] {processor.py:161} INFO - Started process (PID=206) to work on /home/airflow/.local/lib/python3.12/site-packages/airflow/example_dags/example_skip_dag.py
[2025-12-14T16:55:38.885+0000] {processor.py:830} INFO - Processing file /home/airflow/.local/lib/python3.12/site-packages/airflow/example_dags/example_skip_dag.py for tasks to queue
[2025-12-14T16:55:38.888+0000] {logging_mixin.py:188} INFO - [2025-12-14T16:55:38.887+0000] {dagbag.py:540} INFO - Filling up the DagBag from /home/airflow/.local/lib/python3.12/site-packages/airflow/example_dags/example_skip_dag.py
[2025-12-14T16:55:38.895+0000] {processor.py:840} INFO - DAG(s) 'example_skip_dag' retrieved from /home/airflow/.local/lib/python3.12/site-packages/airflow/example_dags/example_skip_dag.py
[2025-12-14T16:55:38.923+0000] {logging_mixin.py:188} INFO - [2025-12-14T16:55:38.922+0000] {dag.py:3096} INFO - Sync 1 DAGs
[2025-12-14T16:55:38.953+0000] {logging_mixin.py:188} INFO - [2025-12-14T16:55:38.952+0000] {dag.py:3954} INFO - Setting next_dagrun for example_skip_dag to 2025-12-13 00:00:00+00:00, run_after=2025-12-14 00:00:00+00:00
[2025-12-14T16:55:38.978+0000] {processor.py:183} INFO - Processing /home/airflow/.local/lib/python3.12/site-packages/airflow/example_dags/example_skip_dag.py took 0.102 seconds
[2025-12-14T16:56:09.130+0000] {processor.py:161} INFO - Started process (PID=264) to work on /home/airflow/.local/lib/python3.12/site-packages/airflow/example_dags/example_skip_dag.py
[2025-12-14T16:56:09.132+0000] {processor.py:830} INFO - Processing file /home/airflow/.local/lib/python3.12/site-packages/airflow/example_dags/example_skip_dag.py for tasks to queue
[2025-12-14T16:56:09.135+0000] {logging_mixin.py:188} INFO - [2025-12-14T16:56:09.134+0000] {dagbag.py:540} INFO - Filling up the DagBag from /home/airflow/.local/lib/python3.12/site-packages/airflow/example_dags/example_skip_dag.py
[2025-12-14T16:56:09.146+0000] {processor.py:840} INFO - DAG(s) 'example_skip_dag' retrieved from /home/airflow/.local/lib/python3.12/site-packages/airflow/example_dags/example_skip_dag.py
[2025-12-14T16:56:09.183+0000] {logging_mixin.py:188} INFO - [2025-12-14T16:56:09.183+0000] {dag.py:3096} INFO - Sync 1 DAGs
[2025-12-14T16:56:09.241+0000] {logging_mixin.py:188} INFO - [2025-12-14T16:56:09.240+0000] {dag.py:3954} INFO - Setting next_dagrun for example_skip_dag to 2025-12-13 00:00:00+00:00, run_after=2025-12-14 00:00:00+00:00
[2025-12-14T16:56:09.284+0000] {processor.py:183} INFO - Processing /home/airflow/.local/lib/python3.12/site-packages/airflow/example_dags/example_skip_dag.py took 0.166 seconds
[2025-12-14T16:56:40.186+0000] {processor.py:161} INFO - Started process (PID=336) to work on /home/airflow/.local/lib/python3.12/site-packages/airflow/example_dags/example_skip_dag.py
[2025-12-14T16:56:40.187+0000] {processor.py:830} INFO - Processing file /home/airflow/.local/lib/python3.12/site-packages/airflow/example_dags/example_skip_dag.py for tasks to queue
[2025-12-14T16:56:40.190+0000] {logging_mixin.py:188} INFO - [2025-12-14T16:56:40.189+0000] {dagbag.py:540} INFO - Filling up the DagBag from /home/airflow/.local/lib/python3.12/site-packages/airflow/example_dags/example_skip_dag.py
[2025-12-14T16:56:40.199+0000] {processor.py:840} INFO - DAG(s) 'example_skip_dag' retrieved from /home/airflow/.local/lib/python3.12/site-packages/airflow/example_dags/example_skip_dag.py
[2025-12-14T16:56:40.223+0000] {logging_mixin.py:188} INFO - [2025-12-14T16:56:40.222+0000] {dag.py:3096} INFO - Sync 1 DAGs
[2025-12-14T16:56:40.246+0000] {logging_mixin.py:188} INFO - [2025-12-14T16:56:40.246+0000] {dag.py:3954} INFO - Setting next_dagrun for example_skip_dag to 2025-12-13 00:00:00+00:00, run_after=2025-12-14 00:00:00+00:00
[2025-12-14T16:56:40.271+0000] {processor.py:183} INFO - Processing /home/airflow/.local/lib/python3.12/site-packages/airflow/example_dags/example_skip_dag.py took 0.091 seconds
[2025-12-14T16:57:10.428+0000] {processor.py:161} INFO - Started process (PID=407) to work on /home/airflow/.local/lib/python3.12/site-packages/airflow/example_dags/example_skip_dag.py
[2025-12-14T16:57:10.429+0000] {processor.py:830} INFO - Processing file /home/airflow/.local/lib/python3.12/site-packages/airflow/example_dags/example_skip_dag.py for tasks to queue
[2025-12-14T16:57:10.432+0000] {logging_mixin.py:188} INFO - [2025-12-14T16:57:10.431+0000] {dagbag.py:540} INFO - Filling up the DagBag from /home/airflow/.local/lib/python3.12/site-packages/airflow/example_dags/example_skip_dag.py
[2025-12-14T16:57:10.439+0000] {processor.py:840} INFO - DAG(s) 'example_skip_dag' retrieved from /home/airflow/.local/lib/python3.12/site-packages/airflow/example_dags/example_skip_dag.py
[2025-12-14T16:57:10.466+0000] {logging_mixin.py:188} INFO - [2025-12-14T16:57:10.466+0000] {dag.py:3096} INFO - Sync 1 DAGs
[2025-12-14T16:57:10.493+0000] {logging_mixin.py:188} INFO - [2025-12-14T16:57:10.492+0000] {dag.py:3954} INFO - Setting next_dagrun for example_skip_dag to 2025-12-13 00:00:00+00:00, run_after=2025-12-14 00:00:00+00:00
[2025-12-14T16:57:10.518+0000] {processor.py:183} INFO - Processing /home/airflow/.local/lib/python3.12/site-packages/airflow/example_dags/example_skip_dag.py took 0.098 seconds
[2025-12-14T16:58:32.544+0000] {processor.py:161} INFO - Started process (PID=83) to work on /home/airflow/.local/lib/python3.12/site-packages/airflow/example_dags/example_skip_dag.py
[2025-12-14T16:58:32.545+0000] {processor.py:830} INFO - Processing file /home/airflow/.local/lib/python3.12/site-packages/airflow/example_dags/example_skip_dag.py for tasks to queue
[2025-12-14T16:58:32.548+0000] {logging_mixin.py:188} INFO - [2025-12-14T16:58:32.547+0000] {dagbag.py:540} INFO - Filling up the DagBag from /home/airflow/.local/lib/python3.12/site-packages/airflow/example_dags/example_skip_dag.py
[2025-12-14T16:58:32.561+0000] {processor.py:840} INFO - DAG(s) 'example_skip_dag' retrieved from /home/airflow/.local/lib/python3.12/site-packages/airflow/example_dags/example_skip_dag.py
[2025-12-14T16:58:32.715+0000] {logging_mixin.py:188} INFO - [2025-12-14T16:58:32.715+0000] {dag.py:3096} INFO - Sync 1 DAGs
[2025-12-14T16:58:32.743+0000] {logging_mixin.py:188} INFO - [2025-12-14T16:58:32.743+0000] {dag.py:3954} INFO - Setting next_dagrun for example_skip_dag to 2025-12-13 00:00:00+00:00, run_after=2025-12-14 00:00:00+00:00
[2025-12-14T16:58:32.771+0000] {processor.py:183} INFO - Processing /home/airflow/.local/lib/python3.12/site-packages/airflow/example_dags/example_skip_dag.py took 0.235 seconds
[2025-12-14T16:59:03.276+0000] {processor.py:161} INFO - Started process (PID=143) to work on /home/airflow/.local/lib/python3.12/site-packages/airflow/example_dags/example_skip_dag.py
[2025-12-14T16:59:03.278+0000] {processor.py:830} INFO - Processing file /home/airflow/.local/lib/python3.12/site-packages/airflow/example_dags/example_skip_dag.py for tasks to queue
[2025-12-14T16:59:03.281+0000] {logging_mixin.py:188} INFO - [2025-12-14T16:59:03.280+0000] {dagbag.py:540} INFO - Filling up the DagBag from /home/airflow/.local/lib/python3.12/site-packages/airflow/example_dags/example_skip_dag.py
[2025-12-14T16:59:03.292+0000] {processor.py:840} INFO - DAG(s) 'example_skip_dag' retrieved from /home/airflow/.local/lib/python3.12/site-packages/airflow/example_dags/example_skip_dag.py
[2025-12-14T16:59:03.329+0000] {logging_mixin.py:188} INFO - [2025-12-14T16:59:03.328+0000] {dag.py:3096} INFO - Sync 1 DAGs
[2025-12-14T16:59:03.357+0000] {logging_mixin.py:188} INFO - [2025-12-14T16:59:03.357+0000] {dag.py:3954} INFO - Setting next_dagrun for example_skip_dag to 2025-12-13 00:00:00+00:00, run_after=2025-12-14 00:00:00+00:00
[2025-12-14T16:59:03.382+0000] {processor.py:183} INFO - Processing /home/airflow/.local/lib/python3.12/site-packages/airflow/example_dags/example_skip_dag.py took 0.114 seconds
[2025-12-14T16:59:34.676+0000] {processor.py:161} INFO - Started process (PID=203) to work on /home/airflow/.local/lib/python3.12/site-packages/airflow/example_dags/example_skip_dag.py
[2025-12-14T16:59:34.678+0000] {processor.py:830} INFO - Processing file /home/airflow/.local/lib/python3.12/site-packages/airflow/example_dags/example_skip_dag.py for tasks to queue
[2025-12-14T16:59:34.679+0000] {logging_mixin.py:188} INFO - [2025-12-14T16:59:34.679+0000] {dagbag.py:540} INFO - Filling up the DagBag from /home/airflow/.local/lib/python3.12/site-packages/airflow/example_dags/example_skip_dag.py
[2025-12-14T16:59:34.691+0000] {processor.py:840} INFO - DAG(s) 'example_skip_dag' retrieved from /home/airflow/.local/lib/python3.12/site-packages/airflow/example_dags/example_skip_dag.py
[2025-12-14T16:59:34.722+0000] {logging_mixin.py:188} INFO - [2025-12-14T16:59:34.722+0000] {dag.py:3096} INFO - Sync 1 DAGs
[2025-12-14T16:59:34.753+0000] {logging_mixin.py:188} INFO - [2025-12-14T16:59:34.753+0000] {dag.py:3954} INFO - Setting next_dagrun for example_skip_dag to 2025-12-13 00:00:00+00:00, run_after=2025-12-14 00:00:00+00:00
[2025-12-14T16:59:34.781+0000] {processor.py:183} INFO - Processing /home/airflow/.local/lib/python3.12/site-packages/airflow/example_dags/example_skip_dag.py took 0.113 seconds
[2025-12-14T17:00:05.714+0000] {processor.py:161} INFO - Started process (PID=263) to work on /home/airflow/.local/lib/python3.12/site-packages/airflow/example_dags/example_skip_dag.py
[2025-12-14T17:00:05.715+0000] {processor.py:830} INFO - Processing file /home/airflow/.local/lib/python3.12/site-packages/airflow/example_dags/example_skip_dag.py for tasks to queue
[2025-12-14T17:00:05.717+0000] {logging_mixin.py:188} INFO - [2025-12-14T17:00:05.716+0000] {dagbag.py:540} INFO - Filling up the DagBag from /home/airflow/.local/lib/python3.12/site-packages/airflow/example_dags/example_skip_dag.py
[2025-12-14T17:00:05.725+0000] {processor.py:840} INFO - DAG(s) 'example_skip_dag' retrieved from /home/airflow/.local/lib/python3.12/site-packages/airflow/example_dags/example_skip_dag.py
[2025-12-14T17:00:05.752+0000] {logging_mixin.py:188} INFO - [2025-12-14T17:00:05.751+0000] {dag.py:3096} INFO - Sync 1 DAGs
[2025-12-14T17:00:05.782+0000] {logging_mixin.py:188} INFO - [2025-12-14T17:00:05.782+0000] {dag.py:3954} INFO - Setting next_dagrun for example_skip_dag to 2025-12-13 00:00:00+00:00, run_after=2025-12-14 00:00:00+00:00
[2025-12-14T17:00:05.808+0000] {processor.py:183} INFO - Processing /home/airflow/.local/lib/python3.12/site-packages/airflow/example_dags/example_skip_dag.py took 0.100 seconds
[2025-12-14T17:00:36.175+0000] {processor.py:161} INFO - Started process (PID=322) to work on /home/airflow/.local/lib/python3.12/site-packages/airflow/example_dags/example_skip_dag.py
[2025-12-14T17:00:36.177+0000] {processor.py:830} INFO - Processing file /home/airflow/.local/lib/python3.12/site-packages/airflow/example_dags/example_skip_dag.py for tasks to queue
[2025-12-14T17:00:36.178+0000] {logging_mixin.py:188} INFO - [2025-12-14T17:00:36.177+0000] {dagbag.py:540} INFO - Filling up the DagBag from /home/airflow/.local/lib/python3.12/site-packages/airflow/example_dags/example_skip_dag.py
[2025-12-14T17:00:36.188+0000] {processor.py:840} INFO - DAG(s) 'example_skip_dag' retrieved from /home/airflow/.local/lib/python3.12/site-packages/airflow/example_dags/example_skip_dag.py
[2025-12-14T17:00:36.216+0000] {logging_mixin.py:188} INFO - [2025-12-14T17:00:36.216+0000] {dag.py:3096} INFO - Sync 1 DAGs
[2025-12-14T17:00:36.244+0000] {logging_mixin.py:188} INFO - [2025-12-14T17:00:36.244+0000] {dag.py:3954} INFO - Setting next_dagrun for example_skip_dag to 2025-12-13 00:00:00+00:00, run_after=2025-12-14 00:00:00+00:00
[2025-12-14T17:00:36.272+0000] {processor.py:183} INFO - Processing /home/airflow/.local/lib/python3.12/site-packages/airflow/example_dags/example_skip_dag.py took 0.105 seconds
[2025-12-14T17:02:49.319+0000] {processor.py:161} INFO - Started process (PID=121) to work on /home/airflow/.local/lib/python3.12/site-packages/airflow/example_dags/example_skip_dag.py
[2025-12-14T17:02:49.321+0000] {processor.py:830} INFO - Processing file /home/airflow/.local/lib/python3.12/site-packages/airflow/example_dags/example_skip_dag.py for tasks to queue
[2025-12-14T17:02:49.325+0000] {logging_mixin.py:188} INFO - [2025-12-14T17:02:49.324+0000] {dagbag.py:540} INFO - Filling up the DagBag from /home/airflow/.local/lib/python3.12/site-packages/airflow/example_dags/example_skip_dag.py
[2025-12-14T17:02:49.348+0000] {processor.py:840} INFO - DAG(s) 'example_skip_dag' retrieved from /home/airflow/.local/lib/python3.12/site-packages/airflow/example_dags/example_skip_dag.py
[2025-12-14T17:02:49.611+0000] {logging_mixin.py:188} INFO - [2025-12-14T17:02:49.610+0000] {dag.py:3096} INFO - Sync 1 DAGs
[2025-12-14T17:02:49.647+0000] {logging_mixin.py:188} INFO - [2025-12-14T17:02:49.647+0000] {dag.py:3954} INFO - Setting next_dagrun for example_skip_dag to 2025-12-13 00:00:00+00:00, run_after=2025-12-14 00:00:00+00:00
[2025-12-14T17:02:49.688+0000] {processor.py:183} INFO - Processing /home/airflow/.local/lib/python3.12/site-packages/airflow/example_dags/example_skip_dag.py took 0.385 seconds
[2025-12-14T17:03:21.157+0000] {processor.py:161} INFO - Started process (PID=192) to work on /home/airflow/.local/lib/python3.12/site-packages/airflow/example_dags/example_skip_dag.py
[2025-12-14T17:03:21.160+0000] {processor.py:830} INFO - Processing file /home/airflow/.local/lib/python3.12/site-packages/airflow/example_dags/example_skip_dag.py for tasks to queue
[2025-12-14T17:03:21.164+0000] {logging_mixin.py:188} INFO - [2025-12-14T17:03:21.163+0000] {dagbag.py:540} INFO - Filling up the DagBag from /home/airflow/.local/lib/python3.12/site-packages/airflow/example_dags/example_skip_dag.py
[2025-12-14T17:03:21.180+0000] {processor.py:840} INFO - DAG(s) 'example_skip_dag' retrieved from /home/airflow/.local/lib/python3.12/site-packages/airflow/example_dags/example_skip_dag.py
[2025-12-14T17:03:21.227+0000] {logging_mixin.py:188} INFO - [2025-12-14T17:03:21.226+0000] {dag.py:3096} INFO - Sync 1 DAGs
[2025-12-14T17:03:21.267+0000] {logging_mixin.py:188} INFO - [2025-12-14T17:03:21.267+0000] {dag.py:3954} INFO - Setting next_dagrun for example_skip_dag to 2025-12-13 00:00:00+00:00, run_after=2025-12-14 00:00:00+00:00
[2025-12-14T17:03:21.305+0000] {processor.py:183} INFO - Processing /home/airflow/.local/lib/python3.12/site-packages/airflow/example_dags/example_skip_dag.py took 0.160 seconds
[2025-12-14T17:03:52.067+0000] {processor.py:161} INFO - Started process (PID=252) to work on /home/airflow/.local/lib/python3.12/site-packages/airflow/example_dags/example_skip_dag.py
[2025-12-14T17:03:52.069+0000] {processor.py:830} INFO - Processing file /home/airflow/.local/lib/python3.12/site-packages/airflow/example_dags/example_skip_dag.py for tasks to queue
[2025-12-14T17:03:52.072+0000] {logging_mixin.py:188} INFO - [2025-12-14T17:03:52.072+0000] {dagbag.py:540} INFO - Filling up the DagBag from /home/airflow/.local/lib/python3.12/site-packages/airflow/example_dags/example_skip_dag.py
[2025-12-14T17:03:52.083+0000] {processor.py:840} INFO - DAG(s) 'example_skip_dag' retrieved from /home/airflow/.local/lib/python3.12/site-packages/airflow/example_dags/example_skip_dag.py
[2025-12-14T17:03:52.115+0000] {logging_mixin.py:188} INFO - [2025-12-14T17:03:52.115+0000] {dag.py:3096} INFO - Sync 1 DAGs
[2025-12-14T17:03:52.144+0000] {logging_mixin.py:188} INFO - [2025-12-14T17:03:52.144+0000] {dag.py:3954} INFO - Setting next_dagrun for example_skip_dag to 2025-12-13 00:00:00+00:00, run_after=2025-12-14 00:00:00+00:00
[2025-12-14T17:03:52.169+0000] {processor.py:183} INFO - Processing /home/airflow/.local/lib/python3.12/site-packages/airflow/example_dags/example_skip_dag.py took 0.109 seconds
[2025-12-14T17:04:22.360+0000] {processor.py:161} INFO - Started process (PID=321) to work on /home/airflow/.local/lib/python3.12/site-packages/airflow/example_dags/example_skip_dag.py
[2025-12-14T17:04:22.362+0000] {processor.py:830} INFO - Processing file /home/airflow/.local/lib/python3.12/site-packages/airflow/example_dags/example_skip_dag.py for tasks to queue
[2025-12-14T17:04:22.365+0000] {logging_mixin.py:188} INFO - [2025-12-14T17:04:22.364+0000] {dagbag.py:540} INFO - Filling up the DagBag from /home/airflow/.local/lib/python3.12/site-packages/airflow/example_dags/example_skip_dag.py
[2025-12-14T17:04:22.373+0000] {processor.py:840} INFO - DAG(s) 'example_skip_dag' retrieved from /home/airflow/.local/lib/python3.12/site-packages/airflow/example_dags/example_skip_dag.py
[2025-12-14T17:04:22.407+0000] {logging_mixin.py:188} INFO - [2025-12-14T17:04:22.407+0000] {dag.py:3096} INFO - Sync 1 DAGs
[2025-12-14T17:04:22.443+0000] {logging_mixin.py:188} INFO - [2025-12-14T17:04:22.442+0000] {dag.py:3954} INFO - Setting next_dagrun for example_skip_dag to 2025-12-13 00:00:00+00:00, run_after=2025-12-14 00:00:00+00:00
[2025-12-14T17:04:22.477+0000] {processor.py:183} INFO - Processing /home/airflow/.local/lib/python3.12/site-packages/airflow/example_dags/example_skip_dag.py took 0.124 seconds
[2025-12-14T17:07:14.997+0000] {processor.py:161} INFO - Started process (PID=112) to work on /home/airflow/.local/lib/python3.12/site-packages/airflow/example_dags/example_skip_dag.py
[2025-12-14T17:07:14.999+0000] {processor.py:830} INFO - Processing file /home/airflow/.local/lib/python3.12/site-packages/airflow/example_dags/example_skip_dag.py for tasks to queue
[2025-12-14T17:07:15.003+0000] {logging_mixin.py:188} INFO - [2025-12-14T17:07:15.002+0000] {dagbag.py:540} INFO - Filling up the DagBag from /home/airflow/.local/lib/python3.12/site-packages/airflow/example_dags/example_skip_dag.py
[2025-12-14T17:07:15.021+0000] {processor.py:840} INFO - DAG(s) 'example_skip_dag' retrieved from /home/airflow/.local/lib/python3.12/site-packages/airflow/example_dags/example_skip_dag.py
[2025-12-14T17:07:15.208+0000] {logging_mixin.py:188} INFO - [2025-12-14T17:07:15.207+0000] {dag.py:3096} INFO - Sync 1 DAGs
[2025-12-14T17:07:15.231+0000] {logging_mixin.py:188} INFO - [2025-12-14T17:07:15.231+0000] {dag.py:3954} INFO - Setting next_dagrun for example_skip_dag to 2025-12-13 00:00:00+00:00, run_after=2025-12-14 00:00:00+00:00
[2025-12-14T17:07:15.258+0000] {processor.py:183} INFO - Processing /home/airflow/.local/lib/python3.12/site-packages/airflow/example_dags/example_skip_dag.py took 0.271 seconds
[2025-12-14T17:07:45.948+0000] {processor.py:161} INFO - Started process (PID=183) to work on /home/airflow/.local/lib/python3.12/site-packages/airflow/example_dags/example_skip_dag.py
[2025-12-14T17:07:45.955+0000] {processor.py:830} INFO - Processing file /home/airflow/.local/lib/python3.12/site-packages/airflow/example_dags/example_skip_dag.py for tasks to queue
[2025-12-14T17:07:45.966+0000] {logging_mixin.py:188} INFO - [2025-12-14T17:07:45.964+0000] {dagbag.py:540} INFO - Filling up the DagBag from /home/airflow/.local/lib/python3.12/site-packages/airflow/example_dags/example_skip_dag.py
[2025-12-14T17:07:46.006+0000] {processor.py:840} INFO - DAG(s) 'example_skip_dag' retrieved from /home/airflow/.local/lib/python3.12/site-packages/airflow/example_dags/example_skip_dag.py
[2025-12-14T17:07:46.145+0000] {logging_mixin.py:188} INFO - [2025-12-14T17:07:46.144+0000] {dag.py:3096} INFO - Sync 1 DAGs
[2025-12-14T17:07:46.284+0000] {logging_mixin.py:188} INFO - [2025-12-14T17:07:46.283+0000] {dag.py:3954} INFO - Setting next_dagrun for example_skip_dag to 2025-12-13 00:00:00+00:00, run_after=2025-12-14 00:00:00+00:00
[2025-12-14T17:07:46.433+0000] {processor.py:183} INFO - Processing /home/airflow/.local/lib/python3.12/site-packages/airflow/example_dags/example_skip_dag.py took 0.519 seconds
[2025-12-14T17:08:17.370+0000] {processor.py:161} INFO - Started process (PID=241) to work on /home/airflow/.local/lib/python3.12/site-packages/airflow/example_dags/example_skip_dag.py
[2025-12-14T17:08:17.371+0000] {processor.py:830} INFO - Processing file /home/airflow/.local/lib/python3.12/site-packages/airflow/example_dags/example_skip_dag.py for tasks to queue
[2025-12-14T17:08:17.374+0000] {logging_mixin.py:188} INFO - [2025-12-14T17:08:17.374+0000] {dagbag.py:540} INFO - Filling up the DagBag from /home/airflow/.local/lib/python3.12/site-packages/airflow/example_dags/example_skip_dag.py
[2025-12-14T17:08:17.382+0000] {processor.py:840} INFO - DAG(s) 'example_skip_dag' retrieved from /home/airflow/.local/lib/python3.12/site-packages/airflow/example_dags/example_skip_dag.py
[2025-12-14T17:08:17.410+0000] {logging_mixin.py:188} INFO - [2025-12-14T17:08:17.410+0000] {dag.py:3096} INFO - Sync 1 DAGs
[2025-12-14T17:08:17.434+0000] {logging_mixin.py:188} INFO - [2025-12-14T17:08:17.434+0000] {dag.py:3954} INFO - Setting next_dagrun for example_skip_dag to 2025-12-13 00:00:00+00:00, run_after=2025-12-14 00:00:00+00:00
[2025-12-14T17:08:17.462+0000] {processor.py:183} INFO - Processing /home/airflow/.local/lib/python3.12/site-packages/airflow/example_dags/example_skip_dag.py took 0.099 seconds
[2025-12-14T17:08:48.325+0000] {processor.py:161} INFO - Started process (PID=313) to work on /home/airflow/.local/lib/python3.12/site-packages/airflow/example_dags/example_skip_dag.py
[2025-12-14T17:08:48.327+0000] {processor.py:830} INFO - Processing file /home/airflow/.local/lib/python3.12/site-packages/airflow/example_dags/example_skip_dag.py for tasks to queue
[2025-12-14T17:08:48.329+0000] {logging_mixin.py:188} INFO - [2025-12-14T17:08:48.329+0000] {dagbag.py:540} INFO - Filling up the DagBag from /home/airflow/.local/lib/python3.12/site-packages/airflow/example_dags/example_skip_dag.py
[2025-12-14T17:08:48.337+0000] {processor.py:840} INFO - DAG(s) 'example_skip_dag' retrieved from /home/airflow/.local/lib/python3.12/site-packages/airflow/example_dags/example_skip_dag.py
[2025-12-14T17:08:48.362+0000] {logging_mixin.py:188} INFO - [2025-12-14T17:08:48.361+0000] {dag.py:3096} INFO - Sync 1 DAGs
[2025-12-14T17:08:48.385+0000] {logging_mixin.py:188} INFO - [2025-12-14T17:08:48.384+0000] {dag.py:3954} INFO - Setting next_dagrun for example_skip_dag to 2025-12-13 00:00:00+00:00, run_after=2025-12-14 00:00:00+00:00
[2025-12-14T17:08:48.406+0000] {processor.py:183} INFO - Processing /home/airflow/.local/lib/python3.12/site-packages/airflow/example_dags/example_skip_dag.py took 0.087 seconds
[2025-12-14T17:09:18.692+0000] {processor.py:161} INFO - Started process (PID=384) to work on /home/airflow/.local/lib/python3.12/site-packages/airflow/example_dags/example_skip_dag.py
[2025-12-14T17:09:18.693+0000] {processor.py:830} INFO - Processing file /home/airflow/.local/lib/python3.12/site-packages/airflow/example_dags/example_skip_dag.py for tasks to queue
[2025-12-14T17:09:18.696+0000] {logging_mixin.py:188} INFO - [2025-12-14T17:09:18.695+0000] {dagbag.py:540} INFO - Filling up the DagBag from /home/airflow/.local/lib/python3.12/site-packages/airflow/example_dags/example_skip_dag.py
[2025-12-14T17:09:18.703+0000] {processor.py:840} INFO - DAG(s) 'example_skip_dag' retrieved from /home/airflow/.local/lib/python3.12/site-packages/airflow/example_dags/example_skip_dag.py
[2025-12-14T17:09:18.729+0000] {logging_mixin.py:188} INFO - [2025-12-14T17:09:18.728+0000] {dag.py:3096} INFO - Sync 1 DAGs
[2025-12-14T17:09:18.752+0000] {logging_mixin.py:188} INFO - [2025-12-14T17:09:18.752+0000] {dag.py:3954} INFO - Setting next_dagrun for example_skip_dag to 2025-12-13 00:00:00+00:00, run_after=2025-12-14 00:00:00+00:00
[2025-12-14T17:09:18.778+0000] {processor.py:183} INFO - Processing /home/airflow/.local/lib/python3.12/site-packages/airflow/example_dags/example_skip_dag.py took 0.092 seconds
[2025-12-14T17:09:49.126+0000] {processor.py:161} INFO - Started process (PID=455) to work on /home/airflow/.local/lib/python3.12/site-packages/airflow/example_dags/example_skip_dag.py
[2025-12-14T17:09:49.128+0000] {processor.py:830} INFO - Processing file /home/airflow/.local/lib/python3.12/site-packages/airflow/example_dags/example_skip_dag.py for tasks to queue
[2025-12-14T17:09:49.131+0000] {logging_mixin.py:188} INFO - [2025-12-14T17:09:49.131+0000] {dagbag.py:540} INFO - Filling up the DagBag from /home/airflow/.local/lib/python3.12/site-packages/airflow/example_dags/example_skip_dag.py
[2025-12-14T17:09:49.140+0000] {processor.py:840} INFO - DAG(s) 'example_skip_dag' retrieved from /home/airflow/.local/lib/python3.12/site-packages/airflow/example_dags/example_skip_dag.py
[2025-12-14T17:09:49.170+0000] {logging_mixin.py:188} INFO - [2025-12-14T17:09:49.170+0000] {dag.py:3096} INFO - Sync 1 DAGs
[2025-12-14T17:09:49.201+0000] {logging_mixin.py:188} INFO - [2025-12-14T17:09:49.200+0000] {dag.py:3954} INFO - Setting next_dagrun for example_skip_dag to 2025-12-13 00:00:00+00:00, run_after=2025-12-14 00:00:00+00:00
[2025-12-14T17:09:49.231+0000] {processor.py:183} INFO - Processing /home/airflow/.local/lib/python3.12/site-packages/airflow/example_dags/example_skip_dag.py took 0.114 seconds
[2025-12-14T17:10:19.636+0000] {processor.py:161} INFO - Started process (PID=539) to work on /home/airflow/.local/lib/python3.12/site-packages/airflow/example_dags/example_skip_dag.py
[2025-12-14T17:10:19.638+0000] {processor.py:830} INFO - Processing file /home/airflow/.local/lib/python3.12/site-packages/airflow/example_dags/example_skip_dag.py for tasks to queue
[2025-12-14T17:10:19.640+0000] {logging_mixin.py:188} INFO - [2025-12-14T17:10:19.640+0000] {dagbag.py:540} INFO - Filling up the DagBag from /home/airflow/.local/lib/python3.12/site-packages/airflow/example_dags/example_skip_dag.py
[2025-12-14T17:10:19.648+0000] {processor.py:840} INFO - DAG(s) 'example_skip_dag' retrieved from /home/airflow/.local/lib/python3.12/site-packages/airflow/example_dags/example_skip_dag.py
[2025-12-14T17:10:19.678+0000] {logging_mixin.py:188} INFO - [2025-12-14T17:10:19.678+0000] {dag.py:3096} INFO - Sync 1 DAGs
[2025-12-14T17:10:19.703+0000] {logging_mixin.py:188} INFO - [2025-12-14T17:10:19.703+0000] {dag.py:3954} INFO - Setting next_dagrun for example_skip_dag to 2025-12-13 00:00:00+00:00, run_after=2025-12-14 00:00:00+00:00
[2025-12-14T17:10:19.729+0000] {processor.py:183} INFO - Processing /home/airflow/.local/lib/python3.12/site-packages/airflow/example_dags/example_skip_dag.py took 0.100 seconds
[2025-12-14T17:10:49.994+0000] {processor.py:161} INFO - Started process (PID=610) to work on /home/airflow/.local/lib/python3.12/site-packages/airflow/example_dags/example_skip_dag.py
[2025-12-14T17:10:49.996+0000] {processor.py:830} INFO - Processing file /home/airflow/.local/lib/python3.12/site-packages/airflow/example_dags/example_skip_dag.py for tasks to queue
[2025-12-14T17:10:49.998+0000] {logging_mixin.py:188} INFO - [2025-12-14T17:10:49.997+0000] {dagbag.py:540} INFO - Filling up the DagBag from /home/airflow/.local/lib/python3.12/site-packages/airflow/example_dags/example_skip_dag.py
[2025-12-14T17:10:50.005+0000] {processor.py:840} INFO - DAG(s) 'example_skip_dag' retrieved from /home/airflow/.local/lib/python3.12/site-packages/airflow/example_dags/example_skip_dag.py
[2025-12-14T17:10:50.030+0000] {logging_mixin.py:188} INFO - [2025-12-14T17:10:50.030+0000] {dag.py:3096} INFO - Sync 1 DAGs
[2025-12-14T17:10:50.054+0000] {logging_mixin.py:188} INFO - [2025-12-14T17:10:50.054+0000] {dag.py:3954} INFO - Setting next_dagrun for example_skip_dag to 2025-12-13 00:00:00+00:00, run_after=2025-12-14 00:00:00+00:00
[2025-12-14T17:10:50.079+0000] {processor.py:183} INFO - Processing /home/airflow/.local/lib/python3.12/site-packages/airflow/example_dags/example_skip_dag.py took 0.091 seconds
[2025-12-14T17:11:20.535+0000] {processor.py:161} INFO - Started process (PID=681) to work on /home/airflow/.local/lib/python3.12/site-packages/airflow/example_dags/example_skip_dag.py
[2025-12-14T17:11:20.537+0000] {processor.py:830} INFO - Processing file /home/airflow/.local/lib/python3.12/site-packages/airflow/example_dags/example_skip_dag.py for tasks to queue
[2025-12-14T17:11:20.539+0000] {logging_mixin.py:188} INFO - [2025-12-14T17:11:20.539+0000] {dagbag.py:540} INFO - Filling up the DagBag from /home/airflow/.local/lib/python3.12/site-packages/airflow/example_dags/example_skip_dag.py
[2025-12-14T17:11:20.547+0000] {processor.py:840} INFO - DAG(s) 'example_skip_dag' retrieved from /home/airflow/.local/lib/python3.12/site-packages/airflow/example_dags/example_skip_dag.py
[2025-12-14T17:11:20.573+0000] {logging_mixin.py:188} INFO - [2025-12-14T17:11:20.573+0000] {dag.py:3096} INFO - Sync 1 DAGs
[2025-12-14T17:11:20.598+0000] {logging_mixin.py:188} INFO - [2025-12-14T17:11:20.597+0000] {dag.py:3954} INFO - Setting next_dagrun for example_skip_dag to 2025-12-13 00:00:00+00:00, run_after=2025-12-14 00:00:00+00:00
[2025-12-14T17:11:20.625+0000] {processor.py:183} INFO - Processing /home/airflow/.local/lib/python3.12/site-packages/airflow/example_dags/example_skip_dag.py took 0.096 seconds
[2025-12-14T17:11:50.764+0000] {processor.py:161} INFO - Started process (PID=752) to work on /home/airflow/.local/lib/python3.12/site-packages/airflow/example_dags/example_skip_dag.py
[2025-12-14T17:11:50.765+0000] {processor.py:830} INFO - Processing file /home/airflow/.local/lib/python3.12/site-packages/airflow/example_dags/example_skip_dag.py for tasks to queue
[2025-12-14T17:11:50.768+0000] {logging_mixin.py:188} INFO - [2025-12-14T17:11:50.767+0000] {dagbag.py:540} INFO - Filling up the DagBag from /home/airflow/.local/lib/python3.12/site-packages/airflow/example_dags/example_skip_dag.py
[2025-12-14T17:11:50.778+0000] {processor.py:840} INFO - DAG(s) 'example_skip_dag' retrieved from /home/airflow/.local/lib/python3.12/site-packages/airflow/example_dags/example_skip_dag.py
[2025-12-14T17:11:50.809+0000] {logging_mixin.py:188} INFO - [2025-12-14T17:11:50.808+0000] {dag.py:3096} INFO - Sync 1 DAGs
[2025-12-14T17:11:50.841+0000] {logging_mixin.py:188} INFO - [2025-12-14T17:11:50.840+0000] {dag.py:3954} INFO - Setting next_dagrun for example_skip_dag to 2025-12-13 00:00:00+00:00, run_after=2025-12-14 00:00:00+00:00
[2025-12-14T17:11:50.869+0000] {processor.py:183} INFO - Processing /home/airflow/.local/lib/python3.12/site-packages/airflow/example_dags/example_skip_dag.py took 0.111 seconds
[2025-12-14T17:12:21.133+0000] {processor.py:161} INFO - Started process (PID=823) to work on /home/airflow/.local/lib/python3.12/site-packages/airflow/example_dags/example_skip_dag.py
[2025-12-14T17:12:21.134+0000] {processor.py:830} INFO - Processing file /home/airflow/.local/lib/python3.12/site-packages/airflow/example_dags/example_skip_dag.py for tasks to queue
[2025-12-14T17:12:21.136+0000] {logging_mixin.py:188} INFO - [2025-12-14T17:12:21.136+0000] {dagbag.py:540} INFO - Filling up the DagBag from /home/airflow/.local/lib/python3.12/site-packages/airflow/example_dags/example_skip_dag.py
[2025-12-14T17:12:21.144+0000] {processor.py:840} INFO - DAG(s) 'example_skip_dag' retrieved from /home/airflow/.local/lib/python3.12/site-packages/airflow/example_dags/example_skip_dag.py
[2025-12-14T17:12:21.168+0000] {logging_mixin.py:188} INFO - [2025-12-14T17:12:21.168+0000] {dag.py:3096} INFO - Sync 1 DAGs
[2025-12-14T17:12:21.191+0000] {logging_mixin.py:188} INFO - [2025-12-14T17:12:21.191+0000] {dag.py:3954} INFO - Setting next_dagrun for example_skip_dag to 2025-12-13 00:00:00+00:00, run_after=2025-12-14 00:00:00+00:00
[2025-12-14T17:12:21.215+0000] {processor.py:183} INFO - Processing /home/airflow/.local/lib/python3.12/site-packages/airflow/example_dags/example_skip_dag.py took 0.089 seconds
[2025-12-14T17:12:51.660+0000] {processor.py:161} INFO - Started process (PID=895) to work on /home/airflow/.local/lib/python3.12/site-packages/airflow/example_dags/example_skip_dag.py
[2025-12-14T17:12:51.662+0000] {processor.py:830} INFO - Processing file /home/airflow/.local/lib/python3.12/site-packages/airflow/example_dags/example_skip_dag.py for tasks to queue
[2025-12-14T17:12:51.664+0000] {logging_mixin.py:188} INFO - [2025-12-14T17:12:51.664+0000] {dagbag.py:540} INFO - Filling up the DagBag from /home/airflow/.local/lib/python3.12/site-packages/airflow/example_dags/example_skip_dag.py
[2025-12-14T17:12:51.673+0000] {processor.py:840} INFO - DAG(s) 'example_skip_dag' retrieved from /home/airflow/.local/lib/python3.12/site-packages/airflow/example_dags/example_skip_dag.py
[2025-12-14T17:12:51.699+0000] {logging_mixin.py:188} INFO - [2025-12-14T17:12:51.698+0000] {dag.py:3096} INFO - Sync 1 DAGs
[2025-12-14T17:12:51.724+0000] {logging_mixin.py:188} INFO - [2025-12-14T17:12:51.723+0000] {dag.py:3954} INFO - Setting next_dagrun for example_skip_dag to 2025-12-13 00:00:00+00:00, run_after=2025-12-14 00:00:00+00:00
[2025-12-14T17:12:51.748+0000] {processor.py:183} INFO - Processing /home/airflow/.local/lib/python3.12/site-packages/airflow/example_dags/example_skip_dag.py took 0.094 seconds
[2025-12-14T17:13:22.030+0000] {processor.py:161} INFO - Started process (PID=966) to work on /home/airflow/.local/lib/python3.12/site-packages/airflow/example_dags/example_skip_dag.py
[2025-12-14T17:13:22.036+0000] {processor.py:830} INFO - Processing file /home/airflow/.local/lib/python3.12/site-packages/airflow/example_dags/example_skip_dag.py for tasks to queue
[2025-12-14T17:13:22.051+0000] {logging_mixin.py:188} INFO - [2025-12-14T17:13:22.048+0000] {dagbag.py:540} INFO - Filling up the DagBag from /home/airflow/.local/lib/python3.12/site-packages/airflow/example_dags/example_skip_dag.py
[2025-12-14T17:13:22.101+0000] {processor.py:840} INFO - DAG(s) 'example_skip_dag' retrieved from /home/airflow/.local/lib/python3.12/site-packages/airflow/example_dags/example_skip_dag.py
[2025-12-14T17:13:22.222+0000] {logging_mixin.py:188} INFO - [2025-12-14T17:13:22.221+0000] {dag.py:3096} INFO - Sync 1 DAGs
[2025-12-14T17:13:22.337+0000] {logging_mixin.py:188} INFO - [2025-12-14T17:13:22.336+0000] {dag.py:3954} INFO - Setting next_dagrun for example_skip_dag to 2025-12-13 00:00:00+00:00, run_after=2025-12-14 00:00:00+00:00
[2025-12-14T17:13:22.432+0000] {processor.py:183} INFO - Processing /home/airflow/.local/lib/python3.12/site-packages/airflow/example_dags/example_skip_dag.py took 0.450 seconds
[2025-12-14T17:13:52.543+0000] {processor.py:161} INFO - Started process (PID=1037) to work on /home/airflow/.local/lib/python3.12/site-packages/airflow/example_dags/example_skip_dag.py
[2025-12-14T17:13:52.544+0000] {processor.py:830} INFO - Processing file /home/airflow/.local/lib/python3.12/site-packages/airflow/example_dags/example_skip_dag.py for tasks to queue
[2025-12-14T17:13:52.547+0000] {logging_mixin.py:188} INFO - [2025-12-14T17:13:52.547+0000] {dagbag.py:540} INFO - Filling up the DagBag from /home/airflow/.local/lib/python3.12/site-packages/airflow/example_dags/example_skip_dag.py
[2025-12-14T17:13:52.558+0000] {processor.py:840} INFO - DAG(s) 'example_skip_dag' retrieved from /home/airflow/.local/lib/python3.12/site-packages/airflow/example_dags/example_skip_dag.py
[2025-12-14T17:13:52.593+0000] {logging_mixin.py:188} INFO - [2025-12-14T17:13:52.593+0000] {dag.py:3096} INFO - Sync 1 DAGs
[2025-12-14T17:13:52.904+0000] {logging_mixin.py:188} INFO - [2025-12-14T17:13:52.904+0000] {dag.py:3954} INFO - Setting next_dagrun for example_skip_dag to 2025-12-13 00:00:00+00:00, run_after=2025-12-14 00:00:00+00:00
[2025-12-14T17:13:52.938+0000] {processor.py:183} INFO - Processing /home/airflow/.local/lib/python3.12/site-packages/airflow/example_dags/example_skip_dag.py took 0.424 seconds
[2025-12-14T17:14:23.654+0000] {processor.py:161} INFO - Started process (PID=1097) to work on /home/airflow/.local/lib/python3.12/site-packages/airflow/example_dags/example_skip_dag.py
[2025-12-14T17:14:23.655+0000] {processor.py:830} INFO - Processing file /home/airflow/.local/lib/python3.12/site-packages/airflow/example_dags/example_skip_dag.py for tasks to queue
[2025-12-14T17:14:23.658+0000] {logging_mixin.py:188} INFO - [2025-12-14T17:14:23.657+0000] {dagbag.py:540} INFO - Filling up the DagBag from /home/airflow/.local/lib/python3.12/site-packages/airflow/example_dags/example_skip_dag.py
[2025-12-14T17:14:23.666+0000] {processor.py:840} INFO - DAG(s) 'example_skip_dag' retrieved from /home/airflow/.local/lib/python3.12/site-packages/airflow/example_dags/example_skip_dag.py
[2025-12-14T17:14:23.692+0000] {logging_mixin.py:188} INFO - [2025-12-14T17:14:23.692+0000] {dag.py:3096} INFO - Sync 1 DAGs
[2025-12-14T17:14:23.721+0000] {logging_mixin.py:188} INFO - [2025-12-14T17:14:23.721+0000] {dag.py:3954} INFO - Setting next_dagrun for example_skip_dag to 2025-12-13 00:00:00+00:00, run_after=2025-12-14 00:00:00+00:00
[2025-12-14T17:14:23.951+0000] {processor.py:183} INFO - Processing /home/airflow/.local/lib/python3.12/site-packages/airflow/example_dags/example_skip_dag.py took 0.305 seconds
[2025-12-14T17:14:54.082+0000] {processor.py:161} INFO - Started process (PID=1167) to work on /home/airflow/.local/lib/python3.12/site-packages/airflow/example_dags/example_skip_dag.py
[2025-12-14T17:14:54.083+0000] {processor.py:830} INFO - Processing file /home/airflow/.local/lib/python3.12/site-packages/airflow/example_dags/example_skip_dag.py for tasks to queue
[2025-12-14T17:14:54.086+0000] {logging_mixin.py:188} INFO - [2025-12-14T17:14:54.085+0000] {dagbag.py:540} INFO - Filling up the DagBag from /home/airflow/.local/lib/python3.12/site-packages/airflow/example_dags/example_skip_dag.py
[2025-12-14T17:14:54.093+0000] {processor.py:840} INFO - DAG(s) 'example_skip_dag' retrieved from /home/airflow/.local/lib/python3.12/site-packages/airflow/example_dags/example_skip_dag.py
[2025-12-14T17:14:54.117+0000] {logging_mixin.py:188} INFO - [2025-12-14T17:14:54.117+0000] {dag.py:3096} INFO - Sync 1 DAGs
[2025-12-14T17:14:54.140+0000] {logging_mixin.py:188} INFO - [2025-12-14T17:14:54.139+0000] {dag.py:3954} INFO - Setting next_dagrun for example_skip_dag to 2025-12-13 00:00:00+00:00, run_after=2025-12-14 00:00:00+00:00
[2025-12-14T17:14:54.164+0000] {processor.py:183} INFO - Processing /home/airflow/.local/lib/python3.12/site-packages/airflow/example_dags/example_skip_dag.py took 0.088 seconds
[2025-12-14T17:15:24.384+0000] {processor.py:161} INFO - Started process (PID=1239) to work on /home/airflow/.local/lib/python3.12/site-packages/airflow/example_dags/example_skip_dag.py
[2025-12-14T17:15:24.386+0000] {processor.py:830} INFO - Processing file /home/airflow/.local/lib/python3.12/site-packages/airflow/example_dags/example_skip_dag.py for tasks to queue
[2025-12-14T17:15:24.389+0000] {logging_mixin.py:188} INFO - [2025-12-14T17:15:24.389+0000] {dagbag.py:540} INFO - Filling up the DagBag from /home/airflow/.local/lib/python3.12/site-packages/airflow/example_dags/example_skip_dag.py
[2025-12-14T17:15:24.400+0000] {processor.py:840} INFO - DAG(s) 'example_skip_dag' retrieved from /home/airflow/.local/lib/python3.12/site-packages/airflow/example_dags/example_skip_dag.py
[2025-12-14T17:15:24.429+0000] {logging_mixin.py:188} INFO - [2025-12-14T17:15:24.429+0000] {dag.py:3096} INFO - Sync 1 DAGs
[2025-12-14T17:15:24.456+0000] {logging_mixin.py:188} INFO - [2025-12-14T17:15:24.456+0000] {dag.py:3954} INFO - Setting next_dagrun for example_skip_dag to 2025-12-13 00:00:00+00:00, run_after=2025-12-14 00:00:00+00:00
[2025-12-14T17:15:24.480+0000] {processor.py:183} INFO - Processing /home/airflow/.local/lib/python3.12/site-packages/airflow/example_dags/example_skip_dag.py took 0.106 seconds
[2025-12-14T17:15:54.879+0000] {processor.py:161} INFO - Started process (PID=1310) to work on /home/airflow/.local/lib/python3.12/site-packages/airflow/example_dags/example_skip_dag.py
[2025-12-14T17:15:54.881+0000] {processor.py:830} INFO - Processing file /home/airflow/.local/lib/python3.12/site-packages/airflow/example_dags/example_skip_dag.py for tasks to queue
[2025-12-14T17:15:54.884+0000] {logging_mixin.py:188} INFO - [2025-12-14T17:15:54.883+0000] {dagbag.py:540} INFO - Filling up the DagBag from /home/airflow/.local/lib/python3.12/site-packages/airflow/example_dags/example_skip_dag.py
[2025-12-14T17:15:54.893+0000] {processor.py:840} INFO - DAG(s) 'example_skip_dag' retrieved from /home/airflow/.local/lib/python3.12/site-packages/airflow/example_dags/example_skip_dag.py
[2025-12-14T17:15:54.918+0000] {logging_mixin.py:188} INFO - [2025-12-14T17:15:54.918+0000] {dag.py:3096} INFO - Sync 1 DAGs
[2025-12-14T17:15:54.942+0000] {logging_mixin.py:188} INFO - [2025-12-14T17:15:54.942+0000] {dag.py:3954} INFO - Setting next_dagrun for example_skip_dag to 2025-12-13 00:00:00+00:00, run_after=2025-12-14 00:00:00+00:00
[2025-12-14T17:15:54.963+0000] {processor.py:183} INFO - Processing /home/airflow/.local/lib/python3.12/site-packages/airflow/example_dags/example_skip_dag.py took 0.094 seconds
[2025-12-14T17:16:25.362+0000] {processor.py:161} INFO - Started process (PID=1381) to work on /home/airflow/.local/lib/python3.12/site-packages/airflow/example_dags/example_skip_dag.py
[2025-12-14T17:16:25.364+0000] {processor.py:830} INFO - Processing file /home/airflow/.local/lib/python3.12/site-packages/airflow/example_dags/example_skip_dag.py for tasks to queue
[2025-12-14T17:16:25.366+0000] {logging_mixin.py:188} INFO - [2025-12-14T17:16:25.366+0000] {dagbag.py:540} INFO - Filling up the DagBag from /home/airflow/.local/lib/python3.12/site-packages/airflow/example_dags/example_skip_dag.py
[2025-12-14T17:16:25.374+0000] {processor.py:840} INFO - DAG(s) 'example_skip_dag' retrieved from /home/airflow/.local/lib/python3.12/site-packages/airflow/example_dags/example_skip_dag.py
[2025-12-14T17:16:25.403+0000] {logging_mixin.py:188} INFO - [2025-12-14T17:16:25.403+0000] {dag.py:3096} INFO - Sync 1 DAGs
[2025-12-14T17:16:25.436+0000] {logging_mixin.py:188} INFO - [2025-12-14T17:16:25.436+0000] {dag.py:3954} INFO - Setting next_dagrun for example_skip_dag to 2025-12-13 00:00:00+00:00, run_after=2025-12-14 00:00:00+00:00
[2025-12-14T17:16:25.467+0000] {processor.py:183} INFO - Processing /home/airflow/.local/lib/python3.12/site-packages/airflow/example_dags/example_skip_dag.py took 0.112 seconds
