[2025-12-14T16:49:16.208+0000] {processor.py:161} INFO - Started process (PID=107) to work on /home/airflow/.local/lib/python3.12/site-packages/airflow/example_dags/example_branch_operator.py
[2025-12-14T16:49:16.209+0000] {processor.py:830} INFO - Processing file /home/airflow/.local/lib/python3.12/site-packages/airflow/example_dags/example_branch_operator.py for tasks to queue
[2025-12-14T16:49:16.211+0000] {logging_mixin.py:188} INFO - [2025-12-14T16:49:16.211+0000] {dagbag.py:540} INFO - Filling up the DagBag from /home/airflow/.local/lib/python3.12/site-packages/airflow/example_dags/example_branch_operator.py
[2025-12-14T16:49:16.232+0000] {processor.py:840} INFO - DAG(s) 'example_branch_operator' retrieved from /home/airflow/.local/lib/python3.12/site-packages/airflow/example_dags/example_branch_operator.py
[2025-12-14T16:49:16.393+0000] {logging_mixin.py:188} INFO - [2025-12-14T16:49:16.392+0000] {dag.py:3096} INFO - Sync 1 DAGs
[2025-12-14T16:49:16.422+0000] {logging_mixin.py:188} INFO - [2025-12-14T16:49:16.422+0000] {dag.py:3954} INFO - Setting next_dagrun for example_branch_operator to 2025-12-13 00:00:00+00:00, run_after=2025-12-14 00:00:00+00:00
[2025-12-14T16:49:16.451+0000] {processor.py:183} INFO - Processing /home/airflow/.local/lib/python3.12/site-packages/airflow/example_dags/example_branch_operator.py took 0.251 seconds
[2025-12-14T16:49:47.205+0000] {processor.py:161} INFO - Started process (PID=172) to work on /home/airflow/.local/lib/python3.12/site-packages/airflow/example_dags/example_branch_operator.py
[2025-12-14T16:49:47.207+0000] {processor.py:830} INFO - Processing file /home/airflow/.local/lib/python3.12/site-packages/airflow/example_dags/example_branch_operator.py for tasks to queue
[2025-12-14T16:49:47.210+0000] {logging_mixin.py:188} INFO - [2025-12-14T16:49:47.209+0000] {dagbag.py:540} INFO - Filling up the DagBag from /home/airflow/.local/lib/python3.12/site-packages/airflow/example_dags/example_branch_operator.py
[2025-12-14T16:49:47.229+0000] {processor.py:840} INFO - DAG(s) 'example_branch_operator' retrieved from /home/airflow/.local/lib/python3.12/site-packages/airflow/example_dags/example_branch_operator.py
[2025-12-14T16:49:47.267+0000] {logging_mixin.py:188} INFO - [2025-12-14T16:49:47.267+0000] {dag.py:3096} INFO - Sync 1 DAGs
[2025-12-14T16:49:47.295+0000] {logging_mixin.py:188} INFO - [2025-12-14T16:49:47.295+0000] {dag.py:3954} INFO - Setting next_dagrun for example_branch_operator to 2025-12-13 00:00:00+00:00, run_after=2025-12-14 00:00:00+00:00
[2025-12-14T16:49:47.319+0000] {processor.py:183} INFO - Processing /home/airflow/.local/lib/python3.12/site-packages/airflow/example_dags/example_branch_operator.py took 0.121 seconds
[2025-12-14T16:50:18.070+0000] {processor.py:161} INFO - Started process (PID=230) to work on /home/airflow/.local/lib/python3.12/site-packages/airflow/example_dags/example_branch_operator.py
[2025-12-14T16:50:18.071+0000] {processor.py:830} INFO - Processing file /home/airflow/.local/lib/python3.12/site-packages/airflow/example_dags/example_branch_operator.py for tasks to queue
[2025-12-14T16:50:18.073+0000] {logging_mixin.py:188} INFO - [2025-12-14T16:50:18.073+0000] {dagbag.py:540} INFO - Filling up the DagBag from /home/airflow/.local/lib/python3.12/site-packages/airflow/example_dags/example_branch_operator.py
[2025-12-14T16:50:18.093+0000] {processor.py:840} INFO - DAG(s) 'example_branch_operator' retrieved from /home/airflow/.local/lib/python3.12/site-packages/airflow/example_dags/example_branch_operator.py
[2025-12-14T16:50:18.127+0000] {logging_mixin.py:188} INFO - [2025-12-14T16:50:18.127+0000] {dag.py:3096} INFO - Sync 1 DAGs
[2025-12-14T16:50:18.151+0000] {logging_mixin.py:188} INFO - [2025-12-14T16:50:18.151+0000] {dag.py:3954} INFO - Setting next_dagrun for example_branch_operator to 2025-12-13 00:00:00+00:00, run_after=2025-12-14 00:00:00+00:00
[2025-12-14T16:50:18.175+0000] {processor.py:183} INFO - Processing /home/airflow/.local/lib/python3.12/site-packages/airflow/example_dags/example_branch_operator.py took 0.113 seconds
[2025-12-14T16:50:48.533+0000] {processor.py:161} INFO - Started process (PID=295) to work on /home/airflow/.local/lib/python3.12/site-packages/airflow/example_dags/example_branch_operator.py
[2025-12-14T16:50:48.535+0000] {processor.py:830} INFO - Processing file /home/airflow/.local/lib/python3.12/site-packages/airflow/example_dags/example_branch_operator.py for tasks to queue
[2025-12-14T16:50:48.538+0000] {logging_mixin.py:188} INFO - [2025-12-14T16:50:48.538+0000] {dagbag.py:540} INFO - Filling up the DagBag from /home/airflow/.local/lib/python3.12/site-packages/airflow/example_dags/example_branch_operator.py
[2025-12-14T16:50:48.566+0000] {processor.py:840} INFO - DAG(s) 'example_branch_operator' retrieved from /home/airflow/.local/lib/python3.12/site-packages/airflow/example_dags/example_branch_operator.py
[2025-12-14T16:50:48.674+0000] {logging_mixin.py:188} INFO - [2025-12-14T16:50:48.673+0000] {dag.py:3096} INFO - Sync 1 DAGs
[2025-12-14T16:50:48.850+0000] {logging_mixin.py:188} INFO - [2025-12-14T16:50:48.849+0000] {dag.py:3954} INFO - Setting next_dagrun for example_branch_operator to 2025-12-13 00:00:00+00:00, run_after=2025-12-14 00:00:00+00:00
[2025-12-14T16:50:48.933+0000] {processor.py:183} INFO - Processing /home/airflow/.local/lib/python3.12/site-packages/airflow/example_dags/example_branch_operator.py took 0.409 seconds
[2025-12-14T16:51:19.160+0000] {processor.py:161} INFO - Started process (PID=353) to work on /home/airflow/.local/lib/python3.12/site-packages/airflow/example_dags/example_branch_operator.py
[2025-12-14T16:51:19.161+0000] {processor.py:830} INFO - Processing file /home/airflow/.local/lib/python3.12/site-packages/airflow/example_dags/example_branch_operator.py for tasks to queue
[2025-12-14T16:51:19.164+0000] {logging_mixin.py:188} INFO - [2025-12-14T16:51:19.163+0000] {dagbag.py:540} INFO - Filling up the DagBag from /home/airflow/.local/lib/python3.12/site-packages/airflow/example_dags/example_branch_operator.py
[2025-12-14T16:51:19.184+0000] {processor.py:840} INFO - DAG(s) 'example_branch_operator' retrieved from /home/airflow/.local/lib/python3.12/site-packages/airflow/example_dags/example_branch_operator.py
[2025-12-14T16:51:19.215+0000] {logging_mixin.py:188} INFO - [2025-12-14T16:51:19.215+0000] {dag.py:3096} INFO - Sync 1 DAGs
[2025-12-14T16:51:19.240+0000] {logging_mixin.py:188} INFO - [2025-12-14T16:51:19.239+0000] {dag.py:3954} INFO - Setting next_dagrun for example_branch_operator to 2025-12-13 00:00:00+00:00, run_after=2025-12-14 00:00:00+00:00
[2025-12-14T16:51:19.271+0000] {processor.py:183} INFO - Processing /home/airflow/.local/lib/python3.12/site-packages/airflow/example_dags/example_branch_operator.py took 0.118 seconds
[2025-12-14T16:51:49.908+0000] {processor.py:161} INFO - Started process (PID=411) to work on /home/airflow/.local/lib/python3.12/site-packages/airflow/example_dags/example_branch_operator.py
[2025-12-14T16:51:49.909+0000] {processor.py:830} INFO - Processing file /home/airflow/.local/lib/python3.12/site-packages/airflow/example_dags/example_branch_operator.py for tasks to queue
[2025-12-14T16:51:49.912+0000] {logging_mixin.py:188} INFO - [2025-12-14T16:51:49.911+0000] {dagbag.py:540} INFO - Filling up the DagBag from /home/airflow/.local/lib/python3.12/site-packages/airflow/example_dags/example_branch_operator.py
[2025-12-14T16:51:49.935+0000] {processor.py:840} INFO - DAG(s) 'example_branch_operator' retrieved from /home/airflow/.local/lib/python3.12/site-packages/airflow/example_dags/example_branch_operator.py
[2025-12-14T16:51:49.975+0000] {logging_mixin.py:188} INFO - [2025-12-14T16:51:49.975+0000] {dag.py:3096} INFO - Sync 1 DAGs
[2025-12-14T16:51:50.007+0000] {logging_mixin.py:188} INFO - [2025-12-14T16:51:50.007+0000] {dag.py:3954} INFO - Setting next_dagrun for example_branch_operator to 2025-12-13 00:00:00+00:00, run_after=2025-12-14 00:00:00+00:00
[2025-12-14T16:51:50.035+0000] {processor.py:183} INFO - Processing /home/airflow/.local/lib/python3.12/site-packages/airflow/example_dags/example_branch_operator.py took 0.136 seconds
[2025-12-14T16:52:20.313+0000] {processor.py:161} INFO - Started process (PID=469) to work on /home/airflow/.local/lib/python3.12/site-packages/airflow/example_dags/example_branch_operator.py
[2025-12-14T16:52:20.314+0000] {processor.py:830} INFO - Processing file /home/airflow/.local/lib/python3.12/site-packages/airflow/example_dags/example_branch_operator.py for tasks to queue
[2025-12-14T16:52:20.317+0000] {logging_mixin.py:188} INFO - [2025-12-14T16:52:20.317+0000] {dagbag.py:540} INFO - Filling up the DagBag from /home/airflow/.local/lib/python3.12/site-packages/airflow/example_dags/example_branch_operator.py
[2025-12-14T16:52:20.338+0000] {processor.py:840} INFO - DAG(s) 'example_branch_operator' retrieved from /home/airflow/.local/lib/python3.12/site-packages/airflow/example_dags/example_branch_operator.py
[2025-12-14T16:52:20.378+0000] {logging_mixin.py:188} INFO - [2025-12-14T16:52:20.378+0000] {dag.py:3096} INFO - Sync 1 DAGs
[2025-12-14T16:52:20.406+0000] {logging_mixin.py:188} INFO - [2025-12-14T16:52:20.406+0000] {dag.py:3954} INFO - Setting next_dagrun for example_branch_operator to 2025-12-13 00:00:00+00:00, run_after=2025-12-14 00:00:00+00:00
[2025-12-14T16:52:20.435+0000] {processor.py:183} INFO - Processing /home/airflow/.local/lib/python3.12/site-packages/airflow/example_dags/example_branch_operator.py took 0.132 seconds
[2025-12-14T16:55:12.443+0000] {processor.py:161} INFO - Started process (PID=160) to work on /home/airflow/.local/lib/python3.12/site-packages/airflow/example_dags/example_branch_operator.py
[2025-12-14T16:55:12.445+0000] {processor.py:830} INFO - Processing file /home/airflow/.local/lib/python3.12/site-packages/airflow/example_dags/example_branch_operator.py for tasks to queue
[2025-12-14T16:55:12.447+0000] {logging_mixin.py:188} INFO - [2025-12-14T16:55:12.447+0000] {dagbag.py:540} INFO - Filling up the DagBag from /home/airflow/.local/lib/python3.12/site-packages/airflow/example_dags/example_branch_operator.py
[2025-12-14T16:55:12.467+0000] {processor.py:840} INFO - DAG(s) 'example_branch_operator' retrieved from /home/airflow/.local/lib/python3.12/site-packages/airflow/example_dags/example_branch_operator.py
[2025-12-14T16:55:12.616+0000] {logging_mixin.py:188} INFO - [2025-12-14T16:55:12.616+0000] {dag.py:3096} INFO - Sync 1 DAGs
[2025-12-14T16:55:12.642+0000] {logging_mixin.py:188} INFO - [2025-12-14T16:55:12.641+0000] {dag.py:3954} INFO - Setting next_dagrun for example_branch_operator to 2025-12-13 00:00:00+00:00, run_after=2025-12-14 00:00:00+00:00
[2025-12-14T16:55:12.669+0000] {processor.py:183} INFO - Processing /home/airflow/.local/lib/python3.12/site-packages/airflow/example_dags/example_branch_operator.py took 0.234 seconds
[2025-12-14T16:55:43.072+0000] {processor.py:161} INFO - Started process (PID=232) to work on /home/airflow/.local/lib/python3.12/site-packages/airflow/example_dags/example_branch_operator.py
[2025-12-14T16:55:43.074+0000] {processor.py:830} INFO - Processing file /home/airflow/.local/lib/python3.12/site-packages/airflow/example_dags/example_branch_operator.py for tasks to queue
[2025-12-14T16:55:43.078+0000] {logging_mixin.py:188} INFO - [2025-12-14T16:55:43.077+0000] {dagbag.py:540} INFO - Filling up the DagBag from /home/airflow/.local/lib/python3.12/site-packages/airflow/example_dags/example_branch_operator.py
[2025-12-14T16:55:43.104+0000] {processor.py:840} INFO - DAG(s) 'example_branch_operator' retrieved from /home/airflow/.local/lib/python3.12/site-packages/airflow/example_dags/example_branch_operator.py
[2025-12-14T16:55:43.150+0000] {logging_mixin.py:188} INFO - [2025-12-14T16:55:43.149+0000] {dag.py:3096} INFO - Sync 1 DAGs
[2025-12-14T16:55:43.184+0000] {logging_mixin.py:188} INFO - [2025-12-14T16:55:43.184+0000] {dag.py:3954} INFO - Setting next_dagrun for example_branch_operator to 2025-12-13 00:00:00+00:00, run_after=2025-12-14 00:00:00+00:00
[2025-12-14T16:55:43.246+0000] {processor.py:183} INFO - Processing /home/airflow/.local/lib/python3.12/site-packages/airflow/example_dags/example_branch_operator.py took 0.185 seconds
[2025-12-14T16:56:13.426+0000] {processor.py:161} INFO - Started process (PID=303) to work on /home/airflow/.local/lib/python3.12/site-packages/airflow/example_dags/example_branch_operator.py
[2025-12-14T16:56:13.427+0000] {processor.py:830} INFO - Processing file /home/airflow/.local/lib/python3.12/site-packages/airflow/example_dags/example_branch_operator.py for tasks to queue
[2025-12-14T16:56:13.429+0000] {logging_mixin.py:188} INFO - [2025-12-14T16:56:13.429+0000] {dagbag.py:540} INFO - Filling up the DagBag from /home/airflow/.local/lib/python3.12/site-packages/airflow/example_dags/example_branch_operator.py
[2025-12-14T16:56:13.447+0000] {processor.py:840} INFO - DAG(s) 'example_branch_operator' retrieved from /home/airflow/.local/lib/python3.12/site-packages/airflow/example_dags/example_branch_operator.py
[2025-12-14T16:56:13.480+0000] {logging_mixin.py:188} INFO - [2025-12-14T16:56:13.479+0000] {dag.py:3096} INFO - Sync 1 DAGs
[2025-12-14T16:56:13.504+0000] {logging_mixin.py:188} INFO - [2025-12-14T16:56:13.504+0000] {dag.py:3954} INFO - Setting next_dagrun for example_branch_operator to 2025-12-13 00:00:00+00:00, run_after=2025-12-14 00:00:00+00:00
[2025-12-14T16:56:13.526+0000] {processor.py:183} INFO - Processing /home/airflow/.local/lib/python3.12/site-packages/airflow/example_dags/example_branch_operator.py took 0.108 seconds
[2025-12-14T16:56:44.546+0000] {processor.py:161} INFO - Started process (PID=375) to work on /home/airflow/.local/lib/python3.12/site-packages/airflow/example_dags/example_branch_operator.py
[2025-12-14T16:56:44.548+0000] {processor.py:830} INFO - Processing file /home/airflow/.local/lib/python3.12/site-packages/airflow/example_dags/example_branch_operator.py for tasks to queue
[2025-12-14T16:56:44.550+0000] {logging_mixin.py:188} INFO - [2025-12-14T16:56:44.550+0000] {dagbag.py:540} INFO - Filling up the DagBag from /home/airflow/.local/lib/python3.12/site-packages/airflow/example_dags/example_branch_operator.py
[2025-12-14T16:56:44.573+0000] {processor.py:840} INFO - DAG(s) 'example_branch_operator' retrieved from /home/airflow/.local/lib/python3.12/site-packages/airflow/example_dags/example_branch_operator.py
[2025-12-14T16:56:44.613+0000] {logging_mixin.py:188} INFO - [2025-12-14T16:56:44.613+0000] {dag.py:3096} INFO - Sync 1 DAGs
[2025-12-14T16:56:44.642+0000] {logging_mixin.py:188} INFO - [2025-12-14T16:56:44.642+0000] {dag.py:3954} INFO - Setting next_dagrun for example_branch_operator to 2025-12-13 00:00:00+00:00, run_after=2025-12-14 00:00:00+00:00
[2025-12-14T16:56:44.667+0000] {processor.py:183} INFO - Processing /home/airflow/.local/lib/python3.12/site-packages/airflow/example_dags/example_branch_operator.py took 0.127 seconds
[2025-12-14T16:57:16.027+0000] {processor.py:161} INFO - Started process (PID=446) to work on /home/airflow/.local/lib/python3.12/site-packages/airflow/example_dags/example_branch_operator.py
[2025-12-14T16:57:16.028+0000] {processor.py:830} INFO - Processing file /home/airflow/.local/lib/python3.12/site-packages/airflow/example_dags/example_branch_operator.py for tasks to queue
[2025-12-14T16:57:16.031+0000] {logging_mixin.py:188} INFO - [2025-12-14T16:57:16.030+0000] {dagbag.py:540} INFO - Filling up the DagBag from /home/airflow/.local/lib/python3.12/site-packages/airflow/example_dags/example_branch_operator.py
[2025-12-14T16:57:16.050+0000] {processor.py:840} INFO - DAG(s) 'example_branch_operator' retrieved from /home/airflow/.local/lib/python3.12/site-packages/airflow/example_dags/example_branch_operator.py
[2025-12-14T16:57:16.084+0000] {logging_mixin.py:188} INFO - [2025-12-14T16:57:16.084+0000] {dag.py:3096} INFO - Sync 1 DAGs
[2025-12-14T16:57:16.109+0000] {logging_mixin.py:188} INFO - [2025-12-14T16:57:16.109+0000] {dag.py:3954} INFO - Setting next_dagrun for example_branch_operator to 2025-12-13 00:00:00+00:00, run_after=2025-12-14 00:00:00+00:00
[2025-12-14T16:57:16.135+0000] {processor.py:183} INFO - Processing /home/airflow/.local/lib/python3.12/site-packages/airflow/example_dags/example_branch_operator.py took 0.115 seconds
[2025-12-14T16:58:36.760+0000] {processor.py:161} INFO - Started process (PID=109) to work on /home/airflow/.local/lib/python3.12/site-packages/airflow/example_dags/example_branch_operator.py
[2025-12-14T16:58:36.762+0000] {processor.py:830} INFO - Processing file /home/airflow/.local/lib/python3.12/site-packages/airflow/example_dags/example_branch_operator.py for tasks to queue
[2025-12-14T16:58:36.767+0000] {logging_mixin.py:188} INFO - [2025-12-14T16:58:36.766+0000] {dagbag.py:540} INFO - Filling up the DagBag from /home/airflow/.local/lib/python3.12/site-packages/airflow/example_dags/example_branch_operator.py
[2025-12-14T16:58:36.794+0000] {processor.py:840} INFO - DAG(s) 'example_branch_operator' retrieved from /home/airflow/.local/lib/python3.12/site-packages/airflow/example_dags/example_branch_operator.py
[2025-12-14T16:58:36.939+0000] {logging_mixin.py:188} INFO - [2025-12-14T16:58:36.939+0000] {dag.py:3096} INFO - Sync 1 DAGs
[2025-12-14T16:58:36.969+0000] {logging_mixin.py:188} INFO - [2025-12-14T16:58:36.969+0000] {dag.py:3954} INFO - Setting next_dagrun for example_branch_operator to 2025-12-13 00:00:00+00:00, run_after=2025-12-14 00:00:00+00:00
[2025-12-14T16:58:36.997+0000] {processor.py:183} INFO - Processing /home/airflow/.local/lib/python3.12/site-packages/airflow/example_dags/example_branch_operator.py took 0.245 seconds
[2025-12-14T16:59:07.940+0000] {processor.py:161} INFO - Started process (PID=169) to work on /home/airflow/.local/lib/python3.12/site-packages/airflow/example_dags/example_branch_operator.py
[2025-12-14T16:59:07.942+0000] {processor.py:830} INFO - Processing file /home/airflow/.local/lib/python3.12/site-packages/airflow/example_dags/example_branch_operator.py for tasks to queue
[2025-12-14T16:59:07.944+0000] {logging_mixin.py:188} INFO - [2025-12-14T16:59:07.944+0000] {dagbag.py:540} INFO - Filling up the DagBag from /home/airflow/.local/lib/python3.12/site-packages/airflow/example_dags/example_branch_operator.py
[2025-12-14T16:59:07.963+0000] {processor.py:840} INFO - DAG(s) 'example_branch_operator' retrieved from /home/airflow/.local/lib/python3.12/site-packages/airflow/example_dags/example_branch_operator.py
[2025-12-14T16:59:07.994+0000] {logging_mixin.py:188} INFO - [2025-12-14T16:59:07.993+0000] {dag.py:3096} INFO - Sync 1 DAGs
[2025-12-14T16:59:08.017+0000] {logging_mixin.py:188} INFO - [2025-12-14T16:59:08.017+0000] {dag.py:3954} INFO - Setting next_dagrun for example_branch_operator to 2025-12-13 00:00:00+00:00, run_after=2025-12-14 00:00:00+00:00
[2025-12-14T16:59:08.042+0000] {processor.py:183} INFO - Processing /home/airflow/.local/lib/python3.12/site-packages/airflow/example_dags/example_branch_operator.py took 0.107 seconds
[2025-12-14T16:59:38.120+0000] {processor.py:161} INFO - Started process (PID=229) to work on /home/airflow/.local/lib/python3.12/site-packages/airflow/example_dags/example_branch_operator.py
[2025-12-14T16:59:38.122+0000] {processor.py:830} INFO - Processing file /home/airflow/.local/lib/python3.12/site-packages/airflow/example_dags/example_branch_operator.py for tasks to queue
[2025-12-14T16:59:38.123+0000] {logging_mixin.py:188} INFO - [2025-12-14T16:59:38.123+0000] {dagbag.py:540} INFO - Filling up the DagBag from /home/airflow/.local/lib/python3.12/site-packages/airflow/example_dags/example_branch_operator.py
[2025-12-14T16:59:38.149+0000] {processor.py:840} INFO - DAG(s) 'example_branch_operator' retrieved from /home/airflow/.local/lib/python3.12/site-packages/airflow/example_dags/example_branch_operator.py
[2025-12-14T16:59:38.198+0000] {logging_mixin.py:188} INFO - [2025-12-14T16:59:38.198+0000] {dag.py:3096} INFO - Sync 1 DAGs
[2025-12-14T16:59:38.229+0000] {logging_mixin.py:188} INFO - [2025-12-14T16:59:38.229+0000] {dag.py:3954} INFO - Setting next_dagrun for example_branch_operator to 2025-12-13 00:00:00+00:00, run_after=2025-12-14 00:00:00+00:00
[2025-12-14T16:59:38.257+0000] {processor.py:183} INFO - Processing /home/airflow/.local/lib/python3.12/site-packages/airflow/example_dags/example_branch_operator.py took 0.145 seconds
[2025-12-14T17:00:08.664+0000] {processor.py:161} INFO - Started process (PID=289) to work on /home/airflow/.local/lib/python3.12/site-packages/airflow/example_dags/example_branch_operator.py
[2025-12-14T17:00:08.666+0000] {processor.py:830} INFO - Processing file /home/airflow/.local/lib/python3.12/site-packages/airflow/example_dags/example_branch_operator.py for tasks to queue
[2025-12-14T17:00:08.668+0000] {logging_mixin.py:188} INFO - [2025-12-14T17:00:08.668+0000] {dagbag.py:540} INFO - Filling up the DagBag from /home/airflow/.local/lib/python3.12/site-packages/airflow/example_dags/example_branch_operator.py
[2025-12-14T17:00:08.690+0000] {processor.py:840} INFO - DAG(s) 'example_branch_operator' retrieved from /home/airflow/.local/lib/python3.12/site-packages/airflow/example_dags/example_branch_operator.py
[2025-12-14T17:00:08.729+0000] {logging_mixin.py:188} INFO - [2025-12-14T17:00:08.728+0000] {dag.py:3096} INFO - Sync 1 DAGs
[2025-12-14T17:00:08.761+0000] {logging_mixin.py:188} INFO - [2025-12-14T17:00:08.761+0000] {dag.py:3954} INFO - Setting next_dagrun for example_branch_operator to 2025-12-13 00:00:00+00:00, run_after=2025-12-14 00:00:00+00:00
[2025-12-14T17:00:08.789+0000] {processor.py:183} INFO - Processing /home/airflow/.local/lib/python3.12/site-packages/airflow/example_dags/example_branch_operator.py took 0.133 seconds
[2025-12-14T17:00:41.135+0000] {processor.py:161} INFO - Started process (PID=349) to work on /home/airflow/.local/lib/python3.12/site-packages/airflow/example_dags/example_branch_operator.py
[2025-12-14T17:00:41.137+0000] {processor.py:830} INFO - Processing file /home/airflow/.local/lib/python3.12/site-packages/airflow/example_dags/example_branch_operator.py for tasks to queue
[2025-12-14T17:00:41.139+0000] {logging_mixin.py:188} INFO - [2025-12-14T17:00:41.139+0000] {dagbag.py:540} INFO - Filling up the DagBag from /home/airflow/.local/lib/python3.12/site-packages/airflow/example_dags/example_branch_operator.py
[2025-12-14T17:00:41.164+0000] {processor.py:840} INFO - DAG(s) 'example_branch_operator' retrieved from /home/airflow/.local/lib/python3.12/site-packages/airflow/example_dags/example_branch_operator.py
[2025-12-14T17:00:41.216+0000] {logging_mixin.py:188} INFO - [2025-12-14T17:00:41.215+0000] {dag.py:3096} INFO - Sync 1 DAGs
[2025-12-14T17:00:41.250+0000] {logging_mixin.py:188} INFO - [2025-12-14T17:00:41.249+0000] {dag.py:3954} INFO - Setting next_dagrun for example_branch_operator to 2025-12-13 00:00:00+00:00, run_after=2025-12-14 00:00:00+00:00
[2025-12-14T17:00:41.279+0000] {processor.py:183} INFO - Processing /home/airflow/.local/lib/python3.12/site-packages/airflow/example_dags/example_branch_operator.py took 0.152 seconds
[2025-12-14T17:02:56.296+0000] {processor.py:161} INFO - Started process (PID=147) to work on /home/airflow/.local/lib/python3.12/site-packages/airflow/example_dags/example_branch_operator.py
[2025-12-14T17:02:56.298+0000] {processor.py:830} INFO - Processing file /home/airflow/.local/lib/python3.12/site-packages/airflow/example_dags/example_branch_operator.py for tasks to queue
[2025-12-14T17:02:56.305+0000] {logging_mixin.py:188} INFO - [2025-12-14T17:02:56.303+0000] {dagbag.py:540} INFO - Filling up the DagBag from /home/airflow/.local/lib/python3.12/site-packages/airflow/example_dags/example_branch_operator.py
[2025-12-14T17:02:56.357+0000] {processor.py:840} INFO - DAG(s) 'example_branch_operator' retrieved from /home/airflow/.local/lib/python3.12/site-packages/airflow/example_dags/example_branch_operator.py
[2025-12-14T17:02:56.580+0000] {logging_mixin.py:188} INFO - [2025-12-14T17:02:56.579+0000] {dag.py:3096} INFO - Sync 1 DAGs
[2025-12-14T17:02:56.623+0000] {logging_mixin.py:188} INFO - [2025-12-14T17:02:56.622+0000] {dag.py:3954} INFO - Setting next_dagrun for example_branch_operator to 2025-12-13 00:00:00+00:00, run_after=2025-12-14 00:00:00+00:00
[2025-12-14T17:02:56.669+0000] {processor.py:183} INFO - Processing /home/airflow/.local/lib/python3.12/site-packages/airflow/example_dags/example_branch_operator.py took 0.391 seconds
[2025-12-14T17:03:26.891+0000] {processor.py:161} INFO - Started process (PID=218) to work on /home/airflow/.local/lib/python3.12/site-packages/airflow/example_dags/example_branch_operator.py
[2025-12-14T17:03:26.893+0000] {processor.py:830} INFO - Processing file /home/airflow/.local/lib/python3.12/site-packages/airflow/example_dags/example_branch_operator.py for tasks to queue
[2025-12-14T17:03:26.895+0000] {logging_mixin.py:188} INFO - [2025-12-14T17:03:26.895+0000] {dagbag.py:540} INFO - Filling up the DagBag from /home/airflow/.local/lib/python3.12/site-packages/airflow/example_dags/example_branch_operator.py
[2025-12-14T17:03:26.913+0000] {processor.py:840} INFO - DAG(s) 'example_branch_operator' retrieved from /home/airflow/.local/lib/python3.12/site-packages/airflow/example_dags/example_branch_operator.py
[2025-12-14T17:03:26.953+0000] {logging_mixin.py:188} INFO - [2025-12-14T17:03:26.953+0000] {dag.py:3096} INFO - Sync 1 DAGs
[2025-12-14T17:03:26.979+0000] {logging_mixin.py:188} INFO - [2025-12-14T17:03:26.979+0000] {dag.py:3954} INFO - Setting next_dagrun for example_branch_operator to 2025-12-13 00:00:00+00:00, run_after=2025-12-14 00:00:00+00:00
[2025-12-14T17:03:27.001+0000] {processor.py:183} INFO - Processing /home/airflow/.local/lib/python3.12/site-packages/airflow/example_dags/example_branch_operator.py took 0.116 seconds
[2025-12-14T17:03:57.776+0000] {processor.py:161} INFO - Started process (PID=289) to work on /home/airflow/.local/lib/python3.12/site-packages/airflow/example_dags/example_branch_operator.py
[2025-12-14T17:03:57.777+0000] {processor.py:830} INFO - Processing file /home/airflow/.local/lib/python3.12/site-packages/airflow/example_dags/example_branch_operator.py for tasks to queue
[2025-12-14T17:03:57.779+0000] {logging_mixin.py:188} INFO - [2025-12-14T17:03:57.779+0000] {dagbag.py:540} INFO - Filling up the DagBag from /home/airflow/.local/lib/python3.12/site-packages/airflow/example_dags/example_branch_operator.py
[2025-12-14T17:03:57.799+0000] {processor.py:840} INFO - DAG(s) 'example_branch_operator' retrieved from /home/airflow/.local/lib/python3.12/site-packages/airflow/example_dags/example_branch_operator.py
[2025-12-14T17:03:57.836+0000] {logging_mixin.py:188} INFO - [2025-12-14T17:03:57.836+0000] {dag.py:3096} INFO - Sync 1 DAGs
[2025-12-14T17:03:57.867+0000] {logging_mixin.py:188} INFO - [2025-12-14T17:03:57.866+0000] {dag.py:3954} INFO - Setting next_dagrun for example_branch_operator to 2025-12-13 00:00:00+00:00, run_after=2025-12-14 00:00:00+00:00
[2025-12-14T17:03:57.890+0000] {processor.py:183} INFO - Processing /home/airflow/.local/lib/python3.12/site-packages/airflow/example_dags/example_branch_operator.py took 0.122 seconds
[2025-12-14T17:04:28.306+0000] {processor.py:161} INFO - Started process (PID=360) to work on /home/airflow/.local/lib/python3.12/site-packages/airflow/example_dags/example_branch_operator.py
[2025-12-14T17:04:28.308+0000] {processor.py:830} INFO - Processing file /home/airflow/.local/lib/python3.12/site-packages/airflow/example_dags/example_branch_operator.py for tasks to queue
[2025-12-14T17:04:28.311+0000] {logging_mixin.py:188} INFO - [2025-12-14T17:04:28.311+0000] {dagbag.py:540} INFO - Filling up the DagBag from /home/airflow/.local/lib/python3.12/site-packages/airflow/example_dags/example_branch_operator.py
[2025-12-14T17:04:28.340+0000] {processor.py:840} INFO - DAG(s) 'example_branch_operator' retrieved from /home/airflow/.local/lib/python3.12/site-packages/airflow/example_dags/example_branch_operator.py
[2025-12-14T17:04:28.377+0000] {logging_mixin.py:188} INFO - [2025-12-14T17:04:28.377+0000] {dag.py:3096} INFO - Sync 1 DAGs
[2025-12-14T17:04:28.413+0000] {logging_mixin.py:188} INFO - [2025-12-14T17:04:28.412+0000] {dag.py:3954} INFO - Setting next_dagrun for example_branch_operator to 2025-12-13 00:00:00+00:00, run_after=2025-12-14 00:00:00+00:00
[2025-12-14T17:04:28.442+0000] {processor.py:183} INFO - Processing /home/airflow/.local/lib/python3.12/site-packages/airflow/example_dags/example_branch_operator.py took 0.145 seconds
[2025-12-14T17:07:19.607+0000] {processor.py:161} INFO - Started process (PID=138) to work on /home/airflow/.local/lib/python3.12/site-packages/airflow/example_dags/example_branch_operator.py
[2025-12-14T17:07:19.609+0000] {processor.py:830} INFO - Processing file /home/airflow/.local/lib/python3.12/site-packages/airflow/example_dags/example_branch_operator.py for tasks to queue
[2025-12-14T17:07:19.611+0000] {logging_mixin.py:188} INFO - [2025-12-14T17:07:19.611+0000] {dagbag.py:540} INFO - Filling up the DagBag from /home/airflow/.local/lib/python3.12/site-packages/airflow/example_dags/example_branch_operator.py
[2025-12-14T17:07:19.632+0000] {processor.py:840} INFO - DAG(s) 'example_branch_operator' retrieved from /home/airflow/.local/lib/python3.12/site-packages/airflow/example_dags/example_branch_operator.py
[2025-12-14T17:07:19.812+0000] {logging_mixin.py:188} INFO - [2025-12-14T17:07:19.811+0000] {dag.py:3096} INFO - Sync 1 DAGs
[2025-12-14T17:07:19.840+0000] {logging_mixin.py:188} INFO - [2025-12-14T17:07:19.840+0000] {dag.py:3954} INFO - Setting next_dagrun for example_branch_operator to 2025-12-13 00:00:00+00:00, run_after=2025-12-14 00:00:00+00:00
[2025-12-14T17:07:19.867+0000] {processor.py:183} INFO - Processing /home/airflow/.local/lib/python3.12/site-packages/airflow/example_dags/example_branch_operator.py took 0.267 seconds
[2025-12-14T17:07:50.490+0000] {processor.py:161} INFO - Started process (PID=209) to work on /home/airflow/.local/lib/python3.12/site-packages/airflow/example_dags/example_branch_operator.py
[2025-12-14T17:07:50.491+0000] {processor.py:830} INFO - Processing file /home/airflow/.local/lib/python3.12/site-packages/airflow/example_dags/example_branch_operator.py for tasks to queue
[2025-12-14T17:07:50.495+0000] {logging_mixin.py:188} INFO - [2025-12-14T17:07:50.494+0000] {dagbag.py:540} INFO - Filling up the DagBag from /home/airflow/.local/lib/python3.12/site-packages/airflow/example_dags/example_branch_operator.py
[2025-12-14T17:07:50.521+0000] {processor.py:840} INFO - DAG(s) 'example_branch_operator' retrieved from /home/airflow/.local/lib/python3.12/site-packages/airflow/example_dags/example_branch_operator.py
[2025-12-14T17:07:50.561+0000] {logging_mixin.py:188} INFO - [2025-12-14T17:07:50.560+0000] {dag.py:3096} INFO - Sync 1 DAGs
[2025-12-14T17:07:50.597+0000] {logging_mixin.py:188} INFO - [2025-12-14T17:07:50.596+0000] {dag.py:3954} INFO - Setting next_dagrun for example_branch_operator to 2025-12-13 00:00:00+00:00, run_after=2025-12-14 00:00:00+00:00
[2025-12-14T17:07:50.621+0000] {processor.py:183} INFO - Processing /home/airflow/.local/lib/python3.12/site-packages/airflow/example_dags/example_branch_operator.py took 0.140 seconds
[2025-12-14T17:08:21.509+0000] {processor.py:161} INFO - Started process (PID=280) to work on /home/airflow/.local/lib/python3.12/site-packages/airflow/example_dags/example_branch_operator.py
[2025-12-14T17:08:21.511+0000] {processor.py:830} INFO - Processing file /home/airflow/.local/lib/python3.12/site-packages/airflow/example_dags/example_branch_operator.py for tasks to queue
[2025-12-14T17:08:21.514+0000] {logging_mixin.py:188} INFO - [2025-12-14T17:08:21.513+0000] {dagbag.py:540} INFO - Filling up the DagBag from /home/airflow/.local/lib/python3.12/site-packages/airflow/example_dags/example_branch_operator.py
[2025-12-14T17:08:21.542+0000] {processor.py:840} INFO - DAG(s) 'example_branch_operator' retrieved from /home/airflow/.local/lib/python3.12/site-packages/airflow/example_dags/example_branch_operator.py
[2025-12-14T17:08:21.584+0000] {logging_mixin.py:188} INFO - [2025-12-14T17:08:21.583+0000] {dag.py:3096} INFO - Sync 1 DAGs
[2025-12-14T17:08:21.625+0000] {logging_mixin.py:188} INFO - [2025-12-14T17:08:21.625+0000] {dag.py:3954} INFO - Setting next_dagrun for example_branch_operator to 2025-12-13 00:00:00+00:00, run_after=2025-12-14 00:00:00+00:00
[2025-12-14T17:08:21.652+0000] {processor.py:183} INFO - Processing /home/airflow/.local/lib/python3.12/site-packages/airflow/example_dags/example_branch_operator.py took 0.155 seconds
[2025-12-14T17:08:53.918+0000] {processor.py:161} INFO - Started process (PID=352) to work on /home/airflow/.local/lib/python3.12/site-packages/airflow/example_dags/example_branch_operator.py
[2025-12-14T17:08:53.919+0000] {processor.py:830} INFO - Processing file /home/airflow/.local/lib/python3.12/site-packages/airflow/example_dags/example_branch_operator.py for tasks to queue
[2025-12-14T17:08:53.922+0000] {logging_mixin.py:188} INFO - [2025-12-14T17:08:53.921+0000] {dagbag.py:540} INFO - Filling up the DagBag from /home/airflow/.local/lib/python3.12/site-packages/airflow/example_dags/example_branch_operator.py
[2025-12-14T17:08:53.940+0000] {processor.py:840} INFO - DAG(s) 'example_branch_operator' retrieved from /home/airflow/.local/lib/python3.12/site-packages/airflow/example_dags/example_branch_operator.py
[2025-12-14T17:08:53.975+0000] {logging_mixin.py:188} INFO - [2025-12-14T17:08:53.975+0000] {dag.py:3096} INFO - Sync 1 DAGs
[2025-12-14T17:08:54.003+0000] {logging_mixin.py:188} INFO - [2025-12-14T17:08:54.003+0000] {dag.py:3954} INFO - Setting next_dagrun for example_branch_operator to 2025-12-13 00:00:00+00:00, run_after=2025-12-14 00:00:00+00:00
[2025-12-14T17:08:54.029+0000] {processor.py:183} INFO - Processing /home/airflow/.local/lib/python3.12/site-packages/airflow/example_dags/example_branch_operator.py took 0.117 seconds
[2025-12-14T17:09:25.552+0000] {processor.py:161} INFO - Started process (PID=423) to work on /home/airflow/.local/lib/python3.12/site-packages/airflow/example_dags/example_branch_operator.py
[2025-12-14T17:09:25.553+0000] {processor.py:830} INFO - Processing file /home/airflow/.local/lib/python3.12/site-packages/airflow/example_dags/example_branch_operator.py for tasks to queue
[2025-12-14T17:09:25.556+0000] {logging_mixin.py:188} INFO - [2025-12-14T17:09:25.556+0000] {dagbag.py:540} INFO - Filling up the DagBag from /home/airflow/.local/lib/python3.12/site-packages/airflow/example_dags/example_branch_operator.py
[2025-12-14T17:09:25.582+0000] {processor.py:840} INFO - DAG(s) 'example_branch_operator' retrieved from /home/airflow/.local/lib/python3.12/site-packages/airflow/example_dags/example_branch_operator.py
[2025-12-14T17:09:25.620+0000] {logging_mixin.py:188} INFO - [2025-12-14T17:09:25.619+0000] {dag.py:3096} INFO - Sync 1 DAGs
[2025-12-14T17:09:25.649+0000] {logging_mixin.py:188} INFO - [2025-12-14T17:09:25.648+0000] {dag.py:3954} INFO - Setting next_dagrun for example_branch_operator to 2025-12-13 00:00:00+00:00, run_after=2025-12-14 00:00:00+00:00
[2025-12-14T17:09:25.674+0000] {processor.py:183} INFO - Processing /home/airflow/.local/lib/python3.12/site-packages/airflow/example_dags/example_branch_operator.py took 0.131 seconds
[2025-12-14T17:09:56.375+0000] {processor.py:161} INFO - Started process (PID=494) to work on /home/airflow/.local/lib/python3.12/site-packages/airflow/example_dags/example_branch_operator.py
[2025-12-14T17:09:56.376+0000] {processor.py:830} INFO - Processing file /home/airflow/.local/lib/python3.12/site-packages/airflow/example_dags/example_branch_operator.py for tasks to queue
[2025-12-14T17:09:56.379+0000] {logging_mixin.py:188} INFO - [2025-12-14T17:09:56.378+0000] {dagbag.py:540} INFO - Filling up the DagBag from /home/airflow/.local/lib/python3.12/site-packages/airflow/example_dags/example_branch_operator.py
[2025-12-14T17:09:56.400+0000] {processor.py:840} INFO - DAG(s) 'example_branch_operator' retrieved from /home/airflow/.local/lib/python3.12/site-packages/airflow/example_dags/example_branch_operator.py
[2025-12-14T17:09:56.443+0000] {logging_mixin.py:188} INFO - [2025-12-14T17:09:56.442+0000] {dag.py:3096} INFO - Sync 1 DAGs
[2025-12-14T17:09:56.471+0000] {logging_mixin.py:188} INFO - [2025-12-14T17:09:56.471+0000] {dag.py:3954} INFO - Setting next_dagrun for example_branch_operator to 2025-12-13 00:00:00+00:00, run_after=2025-12-14 00:00:00+00:00
[2025-12-14T17:09:56.498+0000] {processor.py:183} INFO - Processing /home/airflow/.local/lib/python3.12/site-packages/airflow/example_dags/example_branch_operator.py took 0.134 seconds
[2025-12-14T17:10:27.381+0000] {processor.py:161} INFO - Started process (PID=565) to work on /home/airflow/.local/lib/python3.12/site-packages/airflow/example_dags/example_branch_operator.py
[2025-12-14T17:10:27.382+0000] {processor.py:830} INFO - Processing file /home/airflow/.local/lib/python3.12/site-packages/airflow/example_dags/example_branch_operator.py for tasks to queue
[2025-12-14T17:10:27.385+0000] {logging_mixin.py:188} INFO - [2025-12-14T17:10:27.384+0000] {dagbag.py:540} INFO - Filling up the DagBag from /home/airflow/.local/lib/python3.12/site-packages/airflow/example_dags/example_branch_operator.py
[2025-12-14T17:10:27.406+0000] {processor.py:840} INFO - DAG(s) 'example_branch_operator' retrieved from /home/airflow/.local/lib/python3.12/site-packages/airflow/example_dags/example_branch_operator.py
[2025-12-14T17:10:27.438+0000] {logging_mixin.py:188} INFO - [2025-12-14T17:10:27.438+0000] {dag.py:3096} INFO - Sync 1 DAGs
[2025-12-14T17:10:27.462+0000] {logging_mixin.py:188} INFO - [2025-12-14T17:10:27.462+0000] {dag.py:3954} INFO - Setting next_dagrun for example_branch_operator to 2025-12-13 00:00:00+00:00, run_after=2025-12-14 00:00:00+00:00
[2025-12-14T17:10:27.485+0000] {processor.py:183} INFO - Processing /home/airflow/.local/lib/python3.12/site-packages/airflow/example_dags/example_branch_operator.py took 0.110 seconds
[2025-12-14T17:10:57.926+0000] {processor.py:161} INFO - Started process (PID=636) to work on /home/airflow/.local/lib/python3.12/site-packages/airflow/example_dags/example_branch_operator.py
[2025-12-14T17:10:57.927+0000] {processor.py:830} INFO - Processing file /home/airflow/.local/lib/python3.12/site-packages/airflow/example_dags/example_branch_operator.py for tasks to queue
[2025-12-14T17:10:57.930+0000] {logging_mixin.py:188} INFO - [2025-12-14T17:10:57.930+0000] {dagbag.py:540} INFO - Filling up the DagBag from /home/airflow/.local/lib/python3.12/site-packages/airflow/example_dags/example_branch_operator.py
[2025-12-14T17:10:57.948+0000] {processor.py:840} INFO - DAG(s) 'example_branch_operator' retrieved from /home/airflow/.local/lib/python3.12/site-packages/airflow/example_dags/example_branch_operator.py
[2025-12-14T17:10:57.982+0000] {logging_mixin.py:188} INFO - [2025-12-14T17:10:57.981+0000] {dag.py:3096} INFO - Sync 1 DAGs
[2025-12-14T17:10:58.009+0000] {logging_mixin.py:188} INFO - [2025-12-14T17:10:58.009+0000] {dag.py:3954} INFO - Setting next_dagrun for example_branch_operator to 2025-12-13 00:00:00+00:00, run_after=2025-12-14 00:00:00+00:00
[2025-12-14T17:10:58.034+0000] {processor.py:183} INFO - Processing /home/airflow/.local/lib/python3.12/site-packages/airflow/example_dags/example_branch_operator.py took 0.114 seconds
[2025-12-14T17:11:28.548+0000] {processor.py:161} INFO - Started process (PID=707) to work on /home/airflow/.local/lib/python3.12/site-packages/airflow/example_dags/example_branch_operator.py
[2025-12-14T17:11:28.550+0000] {processor.py:830} INFO - Processing file /home/airflow/.local/lib/python3.12/site-packages/airflow/example_dags/example_branch_operator.py for tasks to queue
[2025-12-14T17:11:28.553+0000] {logging_mixin.py:188} INFO - [2025-12-14T17:11:28.553+0000] {dagbag.py:540} INFO - Filling up the DagBag from /home/airflow/.local/lib/python3.12/site-packages/airflow/example_dags/example_branch_operator.py
[2025-12-14T17:11:28.579+0000] {processor.py:840} INFO - DAG(s) 'example_branch_operator' retrieved from /home/airflow/.local/lib/python3.12/site-packages/airflow/example_dags/example_branch_operator.py
[2025-12-14T17:11:28.616+0000] {logging_mixin.py:188} INFO - [2025-12-14T17:11:28.615+0000] {dag.py:3096} INFO - Sync 1 DAGs
[2025-12-14T17:11:28.646+0000] {logging_mixin.py:188} INFO - [2025-12-14T17:11:28.646+0000] {dag.py:3954} INFO - Setting next_dagrun for example_branch_operator to 2025-12-13 00:00:00+00:00, run_after=2025-12-14 00:00:00+00:00
[2025-12-14T17:11:28.669+0000] {processor.py:183} INFO - Processing /home/airflow/.local/lib/python3.12/site-packages/airflow/example_dags/example_branch_operator.py took 0.130 seconds
[2025-12-14T17:11:58.821+0000] {processor.py:161} INFO - Started process (PID=779) to work on /home/airflow/.local/lib/python3.12/site-packages/airflow/example_dags/example_branch_operator.py
[2025-12-14T17:11:58.822+0000] {processor.py:830} INFO - Processing file /home/airflow/.local/lib/python3.12/site-packages/airflow/example_dags/example_branch_operator.py for tasks to queue
[2025-12-14T17:11:58.825+0000] {logging_mixin.py:188} INFO - [2025-12-14T17:11:58.824+0000] {dagbag.py:540} INFO - Filling up the DagBag from /home/airflow/.local/lib/python3.12/site-packages/airflow/example_dags/example_branch_operator.py
[2025-12-14T17:11:58.842+0000] {processor.py:840} INFO - DAG(s) 'example_branch_operator' retrieved from /home/airflow/.local/lib/python3.12/site-packages/airflow/example_dags/example_branch_operator.py
[2025-12-14T17:11:58.876+0000] {logging_mixin.py:188} INFO - [2025-12-14T17:11:58.876+0000] {dag.py:3096} INFO - Sync 1 DAGs
[2025-12-14T17:11:58.902+0000] {logging_mixin.py:188} INFO - [2025-12-14T17:11:58.901+0000] {dag.py:3954} INFO - Setting next_dagrun for example_branch_operator to 2025-12-13 00:00:00+00:00, run_after=2025-12-14 00:00:00+00:00
[2025-12-14T17:11:58.925+0000] {processor.py:183} INFO - Processing /home/airflow/.local/lib/python3.12/site-packages/airflow/example_dags/example_branch_operator.py took 0.111 seconds
[2025-12-14T17:12:29.180+0000] {processor.py:161} INFO - Started process (PID=851) to work on /home/airflow/.local/lib/python3.12/site-packages/airflow/example_dags/example_branch_operator.py
[2025-12-14T17:12:29.182+0000] {processor.py:830} INFO - Processing file /home/airflow/.local/lib/python3.12/site-packages/airflow/example_dags/example_branch_operator.py for tasks to queue
[2025-12-14T17:12:29.185+0000] {logging_mixin.py:188} INFO - [2025-12-14T17:12:29.184+0000] {dagbag.py:540} INFO - Filling up the DagBag from /home/airflow/.local/lib/python3.12/site-packages/airflow/example_dags/example_branch_operator.py
[2025-12-14T17:12:29.206+0000] {processor.py:840} INFO - DAG(s) 'example_branch_operator' retrieved from /home/airflow/.local/lib/python3.12/site-packages/airflow/example_dags/example_branch_operator.py
[2025-12-14T17:12:29.247+0000] {logging_mixin.py:188} INFO - [2025-12-14T17:12:29.247+0000] {dag.py:3096} INFO - Sync 1 DAGs
[2025-12-14T17:12:29.280+0000] {logging_mixin.py:188} INFO - [2025-12-14T17:12:29.280+0000] {dag.py:3954} INFO - Setting next_dagrun for example_branch_operator to 2025-12-13 00:00:00+00:00, run_after=2025-12-14 00:00:00+00:00
[2025-12-14T17:12:29.496+0000] {processor.py:183} INFO - Processing /home/airflow/.local/lib/python3.12/site-packages/airflow/example_dags/example_branch_operator.py took 0.323 seconds
[2025-12-14T17:12:59.693+0000] {processor.py:161} INFO - Started process (PID=923) to work on /home/airflow/.local/lib/python3.12/site-packages/airflow/example_dags/example_branch_operator.py
[2025-12-14T17:12:59.694+0000] {processor.py:830} INFO - Processing file /home/airflow/.local/lib/python3.12/site-packages/airflow/example_dags/example_branch_operator.py for tasks to queue
[2025-12-14T17:12:59.697+0000] {logging_mixin.py:188} INFO - [2025-12-14T17:12:59.697+0000] {dagbag.py:540} INFO - Filling up the DagBag from /home/airflow/.local/lib/python3.12/site-packages/airflow/example_dags/example_branch_operator.py
[2025-12-14T17:12:59.717+0000] {processor.py:840} INFO - DAG(s) 'example_branch_operator' retrieved from /home/airflow/.local/lib/python3.12/site-packages/airflow/example_dags/example_branch_operator.py
[2025-12-14T17:12:59.754+0000] {logging_mixin.py:188} INFO - [2025-12-14T17:12:59.753+0000] {dag.py:3096} INFO - Sync 1 DAGs
[2025-12-14T17:12:59.783+0000] {logging_mixin.py:188} INFO - [2025-12-14T17:12:59.783+0000] {dag.py:3954} INFO - Setting next_dagrun for example_branch_operator to 2025-12-13 00:00:00+00:00, run_after=2025-12-14 00:00:00+00:00
[2025-12-14T17:12:59.812+0000] {processor.py:183} INFO - Processing /home/airflow/.local/lib/python3.12/site-packages/airflow/example_dags/example_branch_operator.py took 0.128 seconds
[2025-12-14T17:13:29.940+0000] {processor.py:161} INFO - Started process (PID=993) to work on /home/airflow/.local/lib/python3.12/site-packages/airflow/example_dags/example_branch_operator.py
[2025-12-14T17:13:29.941+0000] {processor.py:830} INFO - Processing file /home/airflow/.local/lib/python3.12/site-packages/airflow/example_dags/example_branch_operator.py for tasks to queue
[2025-12-14T17:13:29.944+0000] {logging_mixin.py:188} INFO - [2025-12-14T17:13:29.943+0000] {dagbag.py:540} INFO - Filling up the DagBag from /home/airflow/.local/lib/python3.12/site-packages/airflow/example_dags/example_branch_operator.py
[2025-12-14T17:13:29.962+0000] {processor.py:840} INFO - DAG(s) 'example_branch_operator' retrieved from /home/airflow/.local/lib/python3.12/site-packages/airflow/example_dags/example_branch_operator.py
[2025-12-14T17:13:29.996+0000] {logging_mixin.py:188} INFO - [2025-12-14T17:13:29.996+0000] {dag.py:3096} INFO - Sync 1 DAGs
[2025-12-14T17:13:30.020+0000] {logging_mixin.py:188} INFO - [2025-12-14T17:13:30.020+0000] {dag.py:3954} INFO - Setting next_dagrun for example_branch_operator to 2025-12-13 00:00:00+00:00, run_after=2025-12-14 00:00:00+00:00
[2025-12-14T17:13:30.043+0000] {processor.py:183} INFO - Processing /home/airflow/.local/lib/python3.12/site-packages/airflow/example_dags/example_branch_operator.py took 0.109 seconds
[2025-12-14T17:14:00.146+0000] {processor.py:161} INFO - Started process (PID=1064) to work on /home/airflow/.local/lib/python3.12/site-packages/airflow/example_dags/example_branch_operator.py
[2025-12-14T17:14:00.147+0000] {processor.py:830} INFO - Processing file /home/airflow/.local/lib/python3.12/site-packages/airflow/example_dags/example_branch_operator.py for tasks to queue
[2025-12-14T17:14:00.150+0000] {logging_mixin.py:188} INFO - [2025-12-14T17:14:00.149+0000] {dagbag.py:540} INFO - Filling up the DagBag from /home/airflow/.local/lib/python3.12/site-packages/airflow/example_dags/example_branch_operator.py
[2025-12-14T17:14:00.169+0000] {processor.py:840} INFO - DAG(s) 'example_branch_operator' retrieved from /home/airflow/.local/lib/python3.12/site-packages/airflow/example_dags/example_branch_operator.py
[2025-12-14T17:14:00.203+0000] {logging_mixin.py:188} INFO - [2025-12-14T17:14:00.203+0000] {dag.py:3096} INFO - Sync 1 DAGs
[2025-12-14T17:14:00.229+0000] {logging_mixin.py:188} INFO - [2025-12-14T17:14:00.228+0000] {dag.py:3954} INFO - Setting next_dagrun for example_branch_operator to 2025-12-13 00:00:00+00:00, run_after=2025-12-14 00:00:00+00:00
[2025-12-14T17:14:00.253+0000] {processor.py:183} INFO - Processing /home/airflow/.local/lib/python3.12/site-packages/airflow/example_dags/example_branch_operator.py took 0.115 seconds
[2025-12-14T17:14:30.564+0000] {processor.py:161} INFO - Started process (PID=1134) to work on /home/airflow/.local/lib/python3.12/site-packages/airflow/example_dags/example_branch_operator.py
[2025-12-14T17:14:30.566+0000] {processor.py:830} INFO - Processing file /home/airflow/.local/lib/python3.12/site-packages/airflow/example_dags/example_branch_operator.py for tasks to queue
[2025-12-14T17:14:30.568+0000] {logging_mixin.py:188} INFO - [2025-12-14T17:14:30.568+0000] {dagbag.py:540} INFO - Filling up the DagBag from /home/airflow/.local/lib/python3.12/site-packages/airflow/example_dags/example_branch_operator.py
[2025-12-14T17:14:30.586+0000] {processor.py:840} INFO - DAG(s) 'example_branch_operator' retrieved from /home/airflow/.local/lib/python3.12/site-packages/airflow/example_dags/example_branch_operator.py
[2025-12-14T17:14:30.624+0000] {logging_mixin.py:188} INFO - [2025-12-14T17:14:30.624+0000] {dag.py:3096} INFO - Sync 1 DAGs
[2025-12-14T17:14:30.649+0000] {logging_mixin.py:188} INFO - [2025-12-14T17:14:30.649+0000] {dag.py:3954} INFO - Setting next_dagrun for example_branch_operator to 2025-12-13 00:00:00+00:00, run_after=2025-12-14 00:00:00+00:00
[2025-12-14T17:14:30.673+0000] {processor.py:183} INFO - Processing /home/airflow/.local/lib/python3.12/site-packages/airflow/example_dags/example_branch_operator.py took 0.116 seconds
[2025-12-14T17:15:01.113+0000] {processor.py:161} INFO - Started process (PID=1205) to work on /home/airflow/.local/lib/python3.12/site-packages/airflow/example_dags/example_branch_operator.py
[2025-12-14T17:15:01.115+0000] {processor.py:830} INFO - Processing file /home/airflow/.local/lib/python3.12/site-packages/airflow/example_dags/example_branch_operator.py for tasks to queue
[2025-12-14T17:15:01.118+0000] {logging_mixin.py:188} INFO - [2025-12-14T17:15:01.117+0000] {dagbag.py:540} INFO - Filling up the DagBag from /home/airflow/.local/lib/python3.12/site-packages/airflow/example_dags/example_branch_operator.py
[2025-12-14T17:15:01.138+0000] {processor.py:840} INFO - DAG(s) 'example_branch_operator' retrieved from /home/airflow/.local/lib/python3.12/site-packages/airflow/example_dags/example_branch_operator.py
[2025-12-14T17:15:01.344+0000] {logging_mixin.py:188} INFO - [2025-12-14T17:15:01.343+0000] {dag.py:3096} INFO - Sync 1 DAGs
[2025-12-14T17:15:01.365+0000] {logging_mixin.py:188} INFO - [2025-12-14T17:15:01.365+0000] {dag.py:3954} INFO - Setting next_dagrun for example_branch_operator to 2025-12-13 00:00:00+00:00, run_after=2025-12-14 00:00:00+00:00
[2025-12-14T17:15:01.388+0000] {processor.py:183} INFO - Processing /home/airflow/.local/lib/python3.12/site-packages/airflow/example_dags/example_branch_operator.py took 0.283 seconds
[2025-12-14T17:15:31.571+0000] {processor.py:161} INFO - Started process (PID=1277) to work on /home/airflow/.local/lib/python3.12/site-packages/airflow/example_dags/example_branch_operator.py
[2025-12-14T17:15:31.573+0000] {processor.py:830} INFO - Processing file /home/airflow/.local/lib/python3.12/site-packages/airflow/example_dags/example_branch_operator.py for tasks to queue
[2025-12-14T17:15:31.575+0000] {logging_mixin.py:188} INFO - [2025-12-14T17:15:31.575+0000] {dagbag.py:540} INFO - Filling up the DagBag from /home/airflow/.local/lib/python3.12/site-packages/airflow/example_dags/example_branch_operator.py
[2025-12-14T17:15:31.594+0000] {processor.py:840} INFO - DAG(s) 'example_branch_operator' retrieved from /home/airflow/.local/lib/python3.12/site-packages/airflow/example_dags/example_branch_operator.py
[2025-12-14T17:15:31.626+0000] {logging_mixin.py:188} INFO - [2025-12-14T17:15:31.626+0000] {dag.py:3096} INFO - Sync 1 DAGs
[2025-12-14T17:15:31.651+0000] {logging_mixin.py:188} INFO - [2025-12-14T17:15:31.651+0000] {dag.py:3954} INFO - Setting next_dagrun for example_branch_operator to 2025-12-13 00:00:00+00:00, run_after=2025-12-14 00:00:00+00:00
[2025-12-14T17:15:31.672+0000] {processor.py:183} INFO - Processing /home/airflow/.local/lib/python3.12/site-packages/airflow/example_dags/example_branch_operator.py took 0.108 seconds
[2025-12-14T17:16:02.803+0000] {processor.py:161} INFO - Started process (PID=1348) to work on /home/airflow/.local/lib/python3.12/site-packages/airflow/example_dags/example_branch_operator.py
[2025-12-14T17:16:02.805+0000] {processor.py:830} INFO - Processing file /home/airflow/.local/lib/python3.12/site-packages/airflow/example_dags/example_branch_operator.py for tasks to queue
[2025-12-14T17:16:02.809+0000] {logging_mixin.py:188} INFO - [2025-12-14T17:16:02.808+0000] {dagbag.py:540} INFO - Filling up the DagBag from /home/airflow/.local/lib/python3.12/site-packages/airflow/example_dags/example_branch_operator.py
[2025-12-14T17:16:02.832+0000] {processor.py:840} INFO - DAG(s) 'example_branch_operator' retrieved from /home/airflow/.local/lib/python3.12/site-packages/airflow/example_dags/example_branch_operator.py
[2025-12-14T17:16:02.875+0000] {logging_mixin.py:188} INFO - [2025-12-14T17:16:02.875+0000] {dag.py:3096} INFO - Sync 1 DAGs
[2025-12-14T17:16:02.905+0000] {logging_mixin.py:188} INFO - [2025-12-14T17:16:02.905+0000] {dag.py:3954} INFO - Setting next_dagrun for example_branch_operator to 2025-12-13 00:00:00+00:00, run_after=2025-12-14 00:00:00+00:00
[2025-12-14T17:16:02.930+0000] {processor.py:183} INFO - Processing /home/airflow/.local/lib/python3.12/site-packages/airflow/example_dags/example_branch_operator.py took 0.139 seconds
[2025-12-14T17:16:34.082+0000] {processor.py:161} INFO - Started process (PID=1419) to work on /home/airflow/.local/lib/python3.12/site-packages/airflow/example_dags/example_branch_operator.py
[2025-12-14T17:16:34.084+0000] {processor.py:830} INFO - Processing file /home/airflow/.local/lib/python3.12/site-packages/airflow/example_dags/example_branch_operator.py for tasks to queue
[2025-12-14T17:16:34.088+0000] {logging_mixin.py:188} INFO - [2025-12-14T17:16:34.087+0000] {dagbag.py:540} INFO - Filling up the DagBag from /home/airflow/.local/lib/python3.12/site-packages/airflow/example_dags/example_branch_operator.py
[2025-12-14T17:16:34.112+0000] {processor.py:840} INFO - DAG(s) 'example_branch_operator' retrieved from /home/airflow/.local/lib/python3.12/site-packages/airflow/example_dags/example_branch_operator.py
[2025-12-14T17:16:34.153+0000] {logging_mixin.py:188} INFO - [2025-12-14T17:16:34.153+0000] {dag.py:3096} INFO - Sync 1 DAGs
[2025-12-14T17:16:34.185+0000] {logging_mixin.py:188} INFO - [2025-12-14T17:16:34.185+0000] {dag.py:3954} INFO - Setting next_dagrun for example_branch_operator to 2025-12-13 00:00:00+00:00, run_after=2025-12-14 00:00:00+00:00
[2025-12-14T17:16:34.211+0000] {processor.py:183} INFO - Processing /home/airflow/.local/lib/python3.12/site-packages/airflow/example_dags/example_branch_operator.py took 0.144 seconds
[2025-12-14T17:17:04.482+0000] {processor.py:161} INFO - Started process (PID=1477) to work on /home/airflow/.local/lib/python3.12/site-packages/airflow/example_dags/example_branch_operator.py
[2025-12-14T17:17:04.485+0000] {processor.py:830} INFO - Processing file /home/airflow/.local/lib/python3.12/site-packages/airflow/example_dags/example_branch_operator.py for tasks to queue
[2025-12-14T17:17:04.490+0000] {logging_mixin.py:188} INFO - [2025-12-14T17:17:04.489+0000] {dagbag.py:540} INFO - Filling up the DagBag from /home/airflow/.local/lib/python3.12/site-packages/airflow/example_dags/example_branch_operator.py
[2025-12-14T17:17:04.537+0000] {processor.py:840} INFO - DAG(s) 'example_branch_operator' retrieved from /home/airflow/.local/lib/python3.12/site-packages/airflow/example_dags/example_branch_operator.py
[2025-12-14T17:17:04.676+0000] {logging_mixin.py:188} INFO - [2025-12-14T17:17:04.675+0000] {dag.py:3096} INFO - Sync 1 DAGs
[2025-12-14T17:17:04.750+0000] {logging_mixin.py:188} INFO - [2025-12-14T17:17:04.750+0000] {dag.py:3954} INFO - Setting next_dagrun for example_branch_operator to 2025-12-13 00:00:00+00:00, run_after=2025-12-14 00:00:00+00:00
[2025-12-14T17:17:04.784+0000] {processor.py:183} INFO - Processing /home/airflow/.local/lib/python3.12/site-packages/airflow/example_dags/example_branch_operator.py took 0.319 seconds
[2025-12-14T17:17:35.258+0000] {processor.py:161} INFO - Started process (PID=1548) to work on /home/airflow/.local/lib/python3.12/site-packages/airflow/example_dags/example_branch_operator.py
[2025-12-14T17:17:35.260+0000] {processor.py:830} INFO - Processing file /home/airflow/.local/lib/python3.12/site-packages/airflow/example_dags/example_branch_operator.py for tasks to queue
[2025-12-14T17:17:35.262+0000] {logging_mixin.py:188} INFO - [2025-12-14T17:17:35.262+0000] {dagbag.py:540} INFO - Filling up the DagBag from /home/airflow/.local/lib/python3.12/site-packages/airflow/example_dags/example_branch_operator.py
[2025-12-14T17:17:35.286+0000] {processor.py:840} INFO - DAG(s) 'example_branch_operator' retrieved from /home/airflow/.local/lib/python3.12/site-packages/airflow/example_dags/example_branch_operator.py
[2025-12-14T17:17:35.319+0000] {logging_mixin.py:188} INFO - [2025-12-14T17:17:35.319+0000] {dag.py:3096} INFO - Sync 1 DAGs
[2025-12-14T17:17:35.345+0000] {logging_mixin.py:188} INFO - [2025-12-14T17:17:35.345+0000] {dag.py:3954} INFO - Setting next_dagrun for example_branch_operator to 2025-12-13 00:00:00+00:00, run_after=2025-12-14 00:00:00+00:00
[2025-12-14T17:17:35.372+0000] {processor.py:183} INFO - Processing /home/airflow/.local/lib/python3.12/site-packages/airflow/example_dags/example_branch_operator.py took 0.122 seconds
[2025-12-14T17:18:05.961+0000] {processor.py:161} INFO - Started process (PID=1619) to work on /home/airflow/.local/lib/python3.12/site-packages/airflow/example_dags/example_branch_operator.py
[2025-12-14T17:18:05.962+0000] {processor.py:830} INFO - Processing file /home/airflow/.local/lib/python3.12/site-packages/airflow/example_dags/example_branch_operator.py for tasks to queue
[2025-12-14T17:18:05.965+0000] {logging_mixin.py:188} INFO - [2025-12-14T17:18:05.965+0000] {dagbag.py:540} INFO - Filling up the DagBag from /home/airflow/.local/lib/python3.12/site-packages/airflow/example_dags/example_branch_operator.py
[2025-12-14T17:18:05.984+0000] {processor.py:840} INFO - DAG(s) 'example_branch_operator' retrieved from /home/airflow/.local/lib/python3.12/site-packages/airflow/example_dags/example_branch_operator.py
[2025-12-14T17:18:06.018+0000] {logging_mixin.py:188} INFO - [2025-12-14T17:18:06.018+0000] {dag.py:3096} INFO - Sync 1 DAGs
[2025-12-14T17:18:06.046+0000] {logging_mixin.py:188} INFO - [2025-12-14T17:18:06.046+0000] {dag.py:3954} INFO - Setting next_dagrun for example_branch_operator to 2025-12-13 00:00:00+00:00, run_after=2025-12-14 00:00:00+00:00
[2025-12-14T17:18:06.071+0000] {processor.py:183} INFO - Processing /home/airflow/.local/lib/python3.12/site-packages/airflow/example_dags/example_branch_operator.py took 0.118 seconds
[2025-12-14T17:18:36.318+0000] {processor.py:161} INFO - Started process (PID=1690) to work on /home/airflow/.local/lib/python3.12/site-packages/airflow/example_dags/example_branch_operator.py
[2025-12-14T17:18:36.319+0000] {processor.py:830} INFO - Processing file /home/airflow/.local/lib/python3.12/site-packages/airflow/example_dags/example_branch_operator.py for tasks to queue
[2025-12-14T17:18:36.321+0000] {logging_mixin.py:188} INFO - [2025-12-14T17:18:36.321+0000] {dagbag.py:540} INFO - Filling up the DagBag from /home/airflow/.local/lib/python3.12/site-packages/airflow/example_dags/example_branch_operator.py
[2025-12-14T17:18:36.347+0000] {processor.py:840} INFO - DAG(s) 'example_branch_operator' retrieved from /home/airflow/.local/lib/python3.12/site-packages/airflow/example_dags/example_branch_operator.py
[2025-12-14T17:18:36.386+0000] {logging_mixin.py:188} INFO - [2025-12-14T17:18:36.386+0000] {dag.py:3096} INFO - Sync 1 DAGs
[2025-12-14T17:18:36.418+0000] {logging_mixin.py:188} INFO - [2025-12-14T17:18:36.418+0000] {dag.py:3954} INFO - Setting next_dagrun for example_branch_operator to 2025-12-13 00:00:00+00:00, run_after=2025-12-14 00:00:00+00:00
[2025-12-14T17:18:36.455+0000] {processor.py:183} INFO - Processing /home/airflow/.local/lib/python3.12/site-packages/airflow/example_dags/example_branch_operator.py took 0.145 seconds
[2025-12-14T17:19:07.133+0000] {processor.py:161} INFO - Started process (PID=1767) to work on /home/airflow/.local/lib/python3.12/site-packages/airflow/example_dags/example_branch_operator.py
[2025-12-14T17:19:07.134+0000] {processor.py:830} INFO - Processing file /home/airflow/.local/lib/python3.12/site-packages/airflow/example_dags/example_branch_operator.py for tasks to queue
[2025-12-14T17:19:07.137+0000] {logging_mixin.py:188} INFO - [2025-12-14T17:19:07.137+0000] {dagbag.py:540} INFO - Filling up the DagBag from /home/airflow/.local/lib/python3.12/site-packages/airflow/example_dags/example_branch_operator.py
[2025-12-14T17:19:07.155+0000] {processor.py:840} INFO - DAG(s) 'example_branch_operator' retrieved from /home/airflow/.local/lib/python3.12/site-packages/airflow/example_dags/example_branch_operator.py
[2025-12-14T17:19:07.189+0000] {logging_mixin.py:188} INFO - [2025-12-14T17:19:07.189+0000] {dag.py:3096} INFO - Sync 1 DAGs
[2025-12-14T17:19:07.213+0000] {logging_mixin.py:188} INFO - [2025-12-14T17:19:07.213+0000] {dag.py:3954} INFO - Setting next_dagrun for example_branch_operator to 2025-12-13 00:00:00+00:00, run_after=2025-12-14 00:00:00+00:00
[2025-12-14T17:19:07.236+0000] {processor.py:183} INFO - Processing /home/airflow/.local/lib/python3.12/site-packages/airflow/example_dags/example_branch_operator.py took 0.110 seconds
[2025-12-14T17:19:37.323+0000] {processor.py:161} INFO - Started process (PID=1838) to work on /home/airflow/.local/lib/python3.12/site-packages/airflow/example_dags/example_branch_operator.py
[2025-12-14T17:19:37.324+0000] {processor.py:830} INFO - Processing file /home/airflow/.local/lib/python3.12/site-packages/airflow/example_dags/example_branch_operator.py for tasks to queue
[2025-12-14T17:19:37.327+0000] {logging_mixin.py:188} INFO - [2025-12-14T17:19:37.326+0000] {dagbag.py:540} INFO - Filling up the DagBag from /home/airflow/.local/lib/python3.12/site-packages/airflow/example_dags/example_branch_operator.py
[2025-12-14T17:19:37.347+0000] {processor.py:840} INFO - DAG(s) 'example_branch_operator' retrieved from /home/airflow/.local/lib/python3.12/site-packages/airflow/example_dags/example_branch_operator.py
[2025-12-14T17:19:37.380+0000] {logging_mixin.py:188} INFO - [2025-12-14T17:19:37.380+0000] {dag.py:3096} INFO - Sync 1 DAGs
[2025-12-14T17:19:37.410+0000] {logging_mixin.py:188} INFO - [2025-12-14T17:19:37.410+0000] {dag.py:3954} INFO - Setting next_dagrun for example_branch_operator to 2025-12-13 00:00:00+00:00, run_after=2025-12-14 00:00:00+00:00
[2025-12-14T17:19:37.434+0000] {processor.py:183} INFO - Processing /home/airflow/.local/lib/python3.12/site-packages/airflow/example_dags/example_branch_operator.py took 0.118 seconds
[2025-12-14T17:20:08.312+0000] {processor.py:161} INFO - Started process (PID=1909) to work on /home/airflow/.local/lib/python3.12/site-packages/airflow/example_dags/example_branch_operator.py
[2025-12-14T17:20:08.314+0000] {processor.py:830} INFO - Processing file /home/airflow/.local/lib/python3.12/site-packages/airflow/example_dags/example_branch_operator.py for tasks to queue
[2025-12-14T17:20:08.317+0000] {logging_mixin.py:188} INFO - [2025-12-14T17:20:08.316+0000] {dagbag.py:540} INFO - Filling up the DagBag from /home/airflow/.local/lib/python3.12/site-packages/airflow/example_dags/example_branch_operator.py
[2025-12-14T17:20:08.338+0000] {processor.py:840} INFO - DAG(s) 'example_branch_operator' retrieved from /home/airflow/.local/lib/python3.12/site-packages/airflow/example_dags/example_branch_operator.py
[2025-12-14T17:20:08.375+0000] {logging_mixin.py:188} INFO - [2025-12-14T17:20:08.375+0000] {dag.py:3096} INFO - Sync 1 DAGs
[2025-12-14T17:20:08.402+0000] {logging_mixin.py:188} INFO - [2025-12-14T17:20:08.402+0000] {dag.py:3954} INFO - Setting next_dagrun for example_branch_operator to 2025-12-13 00:00:00+00:00, run_after=2025-12-14 00:00:00+00:00
[2025-12-14T17:20:08.425+0000] {processor.py:183} INFO - Processing /home/airflow/.local/lib/python3.12/site-packages/airflow/example_dags/example_branch_operator.py took 0.120 seconds
[2025-12-14T17:20:38.761+0000] {processor.py:161} INFO - Started process (PID=1980) to work on /home/airflow/.local/lib/python3.12/site-packages/airflow/example_dags/example_branch_operator.py
[2025-12-14T17:20:38.762+0000] {processor.py:830} INFO - Processing file /home/airflow/.local/lib/python3.12/site-packages/airflow/example_dags/example_branch_operator.py for tasks to queue
[2025-12-14T17:20:38.765+0000] {logging_mixin.py:188} INFO - [2025-12-14T17:20:38.765+0000] {dagbag.py:540} INFO - Filling up the DagBag from /home/airflow/.local/lib/python3.12/site-packages/airflow/example_dags/example_branch_operator.py
[2025-12-14T17:20:38.786+0000] {processor.py:840} INFO - DAG(s) 'example_branch_operator' retrieved from /home/airflow/.local/lib/python3.12/site-packages/airflow/example_dags/example_branch_operator.py
[2025-12-14T17:20:38.828+0000] {logging_mixin.py:188} INFO - [2025-12-14T17:20:38.827+0000] {dag.py:3096} INFO - Sync 1 DAGs
[2025-12-14T17:20:38.859+0000] {logging_mixin.py:188} INFO - [2025-12-14T17:20:38.858+0000] {dag.py:3954} INFO - Setting next_dagrun for example_branch_operator to 2025-12-13 00:00:00+00:00, run_after=2025-12-14 00:00:00+00:00
[2025-12-14T17:20:38.886+0000] {processor.py:183} INFO - Processing /home/airflow/.local/lib/python3.12/site-packages/airflow/example_dags/example_branch_operator.py took 0.133 seconds
