[2025-12-14T16:49:10.521+0000] {processor.py:161} INFO - Started process (PID=77) to work on /home/airflow/.local/lib/python3.12/site-packages/airflow/example_dags/example_sla_dag.py
[2025-12-14T16:49:10.523+0000] {processor.py:830} INFO - Processing file /home/airflow/.local/lib/python3.12/site-packages/airflow/example_dags/example_sla_dag.py for tasks to queue
[2025-12-14T16:49:10.528+0000] {logging_mixin.py:188} INFO - [2025-12-14T16:49:10.527+0000] {dagbag.py:540} INFO - Filling up the DagBag from /home/airflow/.local/lib/python3.12/site-packages/airflow/example_dags/example_sla_dag.py
[2025-12-14T16:49:10.549+0000] {processor.py:840} INFO - DAG(s) 'example_sla_dag' retrieved from /home/airflow/.local/lib/python3.12/site-packages/airflow/example_dags/example_sla_dag.py
[2025-12-14T16:49:10.745+0000] {logging_mixin.py:188} INFO - [2025-12-14T16:49:10.744+0000] {dag.py:3096} INFO - Sync 1 DAGs
[2025-12-14T16:49:10.784+0000] {logging_mixin.py:188} INFO - [2025-12-14T16:49:10.783+0000] {dag.py:3954} INFO - Setting next_dagrun for example_sla_dag to 2025-12-14 16:46:00+00:00, run_after=2025-12-14 16:48:00+00:00
[2025-12-14T16:49:10.821+0000] {processor.py:183} INFO - Processing /home/airflow/.local/lib/python3.12/site-packages/airflow/example_dags/example_sla_dag.py took 0.311 seconds
[2025-12-14T16:49:41.739+0000] {processor.py:161} INFO - Started process (PID=135) to work on /home/airflow/.local/lib/python3.12/site-packages/airflow/example_dags/example_sla_dag.py
[2025-12-14T16:49:41.741+0000] {processor.py:830} INFO - Processing file /home/airflow/.local/lib/python3.12/site-packages/airflow/example_dags/example_sla_dag.py for tasks to queue
[2025-12-14T16:49:41.745+0000] {logging_mixin.py:188} INFO - [2025-12-14T16:49:41.745+0000] {dagbag.py:540} INFO - Filling up the DagBag from /home/airflow/.local/lib/python3.12/site-packages/airflow/example_dags/example_sla_dag.py
[2025-12-14T16:49:41.769+0000] {processor.py:840} INFO - DAG(s) 'example_sla_dag' retrieved from /home/airflow/.local/lib/python3.12/site-packages/airflow/example_dags/example_sla_dag.py
[2025-12-14T16:49:41.810+0000] {logging_mixin.py:188} INFO - [2025-12-14T16:49:41.809+0000] {dag.py:3096} INFO - Sync 1 DAGs
[2025-12-14T16:49:41.848+0000] {logging_mixin.py:188} INFO - [2025-12-14T16:49:41.847+0000] {dag.py:3954} INFO - Setting next_dagrun for example_sla_dag to 2025-12-14 16:46:00+00:00, run_after=2025-12-14 16:48:00+00:00
[2025-12-14T16:49:41.874+0000] {processor.py:183} INFO - Processing /home/airflow/.local/lib/python3.12/site-packages/airflow/example_dags/example_sla_dag.py took 0.151 seconds
[2025-12-14T16:50:12.258+0000] {processor.py:161} INFO - Started process (PID=200) to work on /home/airflow/.local/lib/python3.12/site-packages/airflow/example_dags/example_sla_dag.py
[2025-12-14T16:50:12.259+0000] {processor.py:830} INFO - Processing file /home/airflow/.local/lib/python3.12/site-packages/airflow/example_dags/example_sla_dag.py for tasks to queue
[2025-12-14T16:50:12.261+0000] {logging_mixin.py:188} INFO - [2025-12-14T16:50:12.261+0000] {dagbag.py:540} INFO - Filling up the DagBag from /home/airflow/.local/lib/python3.12/site-packages/airflow/example_dags/example_sla_dag.py
[2025-12-14T16:50:12.273+0000] {processor.py:840} INFO - DAG(s) 'example_sla_dag' retrieved from /home/airflow/.local/lib/python3.12/site-packages/airflow/example_dags/example_sla_dag.py
[2025-12-14T16:50:12.312+0000] {logging_mixin.py:188} INFO - [2025-12-14T16:50:12.312+0000] {dag.py:3096} INFO - Sync 1 DAGs
[2025-12-14T16:50:12.373+0000] {logging_mixin.py:188} INFO - [2025-12-14T16:50:12.373+0000] {dag.py:3954} INFO - Setting next_dagrun for example_sla_dag to 2025-12-14 16:48:00+00:00, run_after=2025-12-14 16:50:00+00:00
[2025-12-14T16:50:12.404+0000] {processor.py:183} INFO - Processing /home/airflow/.local/lib/python3.12/site-packages/airflow/example_dags/example_sla_dag.py took 0.153 seconds
[2025-12-14T16:50:42.597+0000] {processor.py:161} INFO - Started process (PID=265) to work on /home/airflow/.local/lib/python3.12/site-packages/airflow/example_dags/example_sla_dag.py
[2025-12-14T16:50:42.599+0000] {processor.py:830} INFO - Processing file /home/airflow/.local/lib/python3.12/site-packages/airflow/example_dags/example_sla_dag.py for tasks to queue
[2025-12-14T16:50:42.603+0000] {logging_mixin.py:188} INFO - [2025-12-14T16:50:42.602+0000] {dagbag.py:540} INFO - Filling up the DagBag from /home/airflow/.local/lib/python3.12/site-packages/airflow/example_dags/example_sla_dag.py
[2025-12-14T16:50:42.618+0000] {processor.py:840} INFO - DAG(s) 'example_sla_dag' retrieved from /home/airflow/.local/lib/python3.12/site-packages/airflow/example_dags/example_sla_dag.py
[2025-12-14T16:50:42.648+0000] {logging_mixin.py:188} INFO - [2025-12-14T16:50:42.648+0000] {dag.py:3096} INFO - Sync 1 DAGs
[2025-12-14T16:50:42.687+0000] {logging_mixin.py:188} INFO - [2025-12-14T16:50:42.687+0000] {dag.py:3954} INFO - Setting next_dagrun for example_sla_dag to 2025-12-14 16:48:00+00:00, run_after=2025-12-14 16:50:00+00:00
[2025-12-14T16:50:42.715+0000] {processor.py:183} INFO - Processing /home/airflow/.local/lib/python3.12/site-packages/airflow/example_dags/example_sla_dag.py took 0.131 seconds
[2025-12-14T16:51:12.936+0000] {processor.py:161} INFO - Started process (PID=323) to work on /home/airflow/.local/lib/python3.12/site-packages/airflow/example_dags/example_sla_dag.py
[2025-12-14T16:51:12.937+0000] {processor.py:830} INFO - Processing file /home/airflow/.local/lib/python3.12/site-packages/airflow/example_dags/example_sla_dag.py for tasks to queue
[2025-12-14T16:51:12.940+0000] {logging_mixin.py:188} INFO - [2025-12-14T16:51:12.939+0000] {dagbag.py:540} INFO - Filling up the DagBag from /home/airflow/.local/lib/python3.12/site-packages/airflow/example_dags/example_sla_dag.py
[2025-12-14T16:51:12.952+0000] {processor.py:840} INFO - DAG(s) 'example_sla_dag' retrieved from /home/airflow/.local/lib/python3.12/site-packages/airflow/example_dags/example_sla_dag.py
[2025-12-14T16:51:12.981+0000] {logging_mixin.py:188} INFO - [2025-12-14T16:51:12.981+0000] {dag.py:3096} INFO - Sync 1 DAGs
[2025-12-14T16:51:13.018+0000] {logging_mixin.py:188} INFO - [2025-12-14T16:51:13.018+0000] {dag.py:3954} INFO - Setting next_dagrun for example_sla_dag to 2025-12-14 16:48:00+00:00, run_after=2025-12-14 16:50:00+00:00
[2025-12-14T16:51:13.094+0000] {processor.py:183} INFO - Processing /home/airflow/.local/lib/python3.12/site-packages/airflow/example_dags/example_sla_dag.py took 0.165 seconds
[2025-12-14T16:51:43.217+0000] {processor.py:161} INFO - Started process (PID=381) to work on /home/airflow/.local/lib/python3.12/site-packages/airflow/example_dags/example_sla_dag.py
[2025-12-14T16:51:43.218+0000] {processor.py:830} INFO - Processing file /home/airflow/.local/lib/python3.12/site-packages/airflow/example_dags/example_sla_dag.py for tasks to queue
[2025-12-14T16:51:43.220+0000] {logging_mixin.py:188} INFO - [2025-12-14T16:51:43.220+0000] {dagbag.py:540} INFO - Filling up the DagBag from /home/airflow/.local/lib/python3.12/site-packages/airflow/example_dags/example_sla_dag.py
[2025-12-14T16:51:43.231+0000] {processor.py:840} INFO - DAG(s) 'example_sla_dag' retrieved from /home/airflow/.local/lib/python3.12/site-packages/airflow/example_dags/example_sla_dag.py
[2025-12-14T16:51:43.256+0000] {logging_mixin.py:188} INFO - [2025-12-14T16:51:43.255+0000] {dag.py:3096} INFO - Sync 1 DAGs
[2025-12-14T16:51:43.283+0000] {logging_mixin.py:188} INFO - [2025-12-14T16:51:43.283+0000] {dag.py:3954} INFO - Setting next_dagrun for example_sla_dag to 2025-12-14 16:48:00+00:00, run_after=2025-12-14 16:50:00+00:00
[2025-12-14T16:51:43.306+0000] {processor.py:183} INFO - Processing /home/airflow/.local/lib/python3.12/site-packages/airflow/example_dags/example_sla_dag.py took 0.096 seconds
[2025-12-14T16:52:13.569+0000] {processor.py:161} INFO - Started process (PID=439) to work on /home/airflow/.local/lib/python3.12/site-packages/airflow/example_dags/example_sla_dag.py
[2025-12-14T16:52:13.571+0000] {processor.py:830} INFO - Processing file /home/airflow/.local/lib/python3.12/site-packages/airflow/example_dags/example_sla_dag.py for tasks to queue
[2025-12-14T16:52:13.573+0000] {logging_mixin.py:188} INFO - [2025-12-14T16:52:13.573+0000] {dagbag.py:540} INFO - Filling up the DagBag from /home/airflow/.local/lib/python3.12/site-packages/airflow/example_dags/example_sla_dag.py
[2025-12-14T16:52:13.583+0000] {processor.py:840} INFO - DAG(s) 'example_sla_dag' retrieved from /home/airflow/.local/lib/python3.12/site-packages/airflow/example_dags/example_sla_dag.py
[2025-12-14T16:52:13.609+0000] {logging_mixin.py:188} INFO - [2025-12-14T16:52:13.609+0000] {dag.py:3096} INFO - Sync 1 DAGs
[2025-12-14T16:52:13.640+0000] {logging_mixin.py:188} INFO - [2025-12-14T16:52:13.640+0000] {dag.py:3954} INFO - Setting next_dagrun for example_sla_dag to 2025-12-14 16:50:00+00:00, run_after=2025-12-14 16:52:00+00:00
[2025-12-14T16:52:13.666+0000] {processor.py:183} INFO - Processing /home/airflow/.local/lib/python3.12/site-packages/airflow/example_dags/example_sla_dag.py took 0.104 seconds
[2025-12-14T16:55:06.581+0000] {processor.py:161} INFO - Started process (PID=117) to work on /home/airflow/.local/lib/python3.12/site-packages/airflow/example_dags/example_sla_dag.py
[2025-12-14T16:55:06.583+0000] {processor.py:830} INFO - Processing file /home/airflow/.local/lib/python3.12/site-packages/airflow/example_dags/example_sla_dag.py for tasks to queue
[2025-12-14T16:55:06.587+0000] {logging_mixin.py:188} INFO - [2025-12-14T16:55:06.586+0000] {dagbag.py:540} INFO - Filling up the DagBag from /home/airflow/.local/lib/python3.12/site-packages/airflow/example_dags/example_sla_dag.py
[2025-12-14T16:55:06.604+0000] {processor.py:840} INFO - DAG(s) 'example_sla_dag' retrieved from /home/airflow/.local/lib/python3.12/site-packages/airflow/example_dags/example_sla_dag.py
[2025-12-14T16:55:06.807+0000] {logging_mixin.py:188} INFO - [2025-12-14T16:55:06.807+0000] {dag.py:3096} INFO - Sync 1 DAGs
[2025-12-14T16:55:06.852+0000] {logging_mixin.py:188} INFO - [2025-12-14T16:55:06.851+0000] {dag.py:3954} INFO - Setting next_dagrun for example_sla_dag to 2025-12-14 16:52:00+00:00, run_after=2025-12-14 16:54:00+00:00
[2025-12-14T16:55:06.903+0000] {processor.py:183} INFO - Processing /home/airflow/.local/lib/python3.12/site-packages/airflow/example_dags/example_sla_dag.py took 0.331 seconds
[2025-12-14T16:55:37.754+0000] {processor.py:161} INFO - Started process (PID=183) to work on /home/airflow/.local/lib/python3.12/site-packages/airflow/example_dags/example_sla_dag.py
[2025-12-14T16:55:37.756+0000] {processor.py:830} INFO - Processing file /home/airflow/.local/lib/python3.12/site-packages/airflow/example_dags/example_sla_dag.py for tasks to queue
[2025-12-14T16:55:37.758+0000] {logging_mixin.py:188} INFO - [2025-12-14T16:55:37.758+0000] {dagbag.py:540} INFO - Filling up the DagBag from /home/airflow/.local/lib/python3.12/site-packages/airflow/example_dags/example_sla_dag.py
[2025-12-14T16:55:37.774+0000] {processor.py:840} INFO - DAG(s) 'example_sla_dag' retrieved from /home/airflow/.local/lib/python3.12/site-packages/airflow/example_dags/example_sla_dag.py
[2025-12-14T16:55:37.799+0000] {logging_mixin.py:188} INFO - [2025-12-14T16:55:37.799+0000] {dag.py:3096} INFO - Sync 1 DAGs
[2025-12-14T16:55:37.828+0000] {logging_mixin.py:188} INFO - [2025-12-14T16:55:37.828+0000] {dag.py:3954} INFO - Setting next_dagrun for example_sla_dag to 2025-12-14 16:52:00+00:00, run_after=2025-12-14 16:54:00+00:00
[2025-12-14T16:55:37.864+0000] {processor.py:183} INFO - Processing /home/airflow/.local/lib/python3.12/site-packages/airflow/example_dags/example_sla_dag.py took 0.118 seconds
[2025-12-14T16:56:08.786+0000] {processor.py:161} INFO - Started process (PID=260) to work on /home/airflow/.local/lib/python3.12/site-packages/airflow/example_dags/example_sla_dag.py
[2025-12-14T16:56:08.788+0000] {processor.py:830} INFO - Processing file /home/airflow/.local/lib/python3.12/site-packages/airflow/example_dags/example_sla_dag.py for tasks to queue
[2025-12-14T16:56:08.791+0000] {logging_mixin.py:188} INFO - [2025-12-14T16:56:08.790+0000] {dagbag.py:540} INFO - Filling up the DagBag from /home/airflow/.local/lib/python3.12/site-packages/airflow/example_dags/example_sla_dag.py
[2025-12-14T16:56:08.803+0000] {processor.py:840} INFO - DAG(s) 'example_sla_dag' retrieved from /home/airflow/.local/lib/python3.12/site-packages/airflow/example_dags/example_sla_dag.py
[2025-12-14T16:56:08.842+0000] {logging_mixin.py:188} INFO - [2025-12-14T16:56:08.842+0000] {dag.py:3096} INFO - Sync 1 DAGs
[2025-12-14T16:56:08.878+0000] {logging_mixin.py:188} INFO - [2025-12-14T16:56:08.878+0000] {dag.py:3954} INFO - Setting next_dagrun for example_sla_dag to 2025-12-14 16:54:00+00:00, run_after=2025-12-14 16:56:00+00:00
[2025-12-14T16:56:08.907+0000] {processor.py:183} INFO - Processing /home/airflow/.local/lib/python3.12/site-packages/airflow/example_dags/example_sla_dag.py took 0.130 seconds
[2025-12-14T16:56:39.002+0000] {processor.py:161} INFO - Started process (PID=332) to work on /home/airflow/.local/lib/python3.12/site-packages/airflow/example_dags/example_sla_dag.py
[2025-12-14T16:56:39.004+0000] {processor.py:830} INFO - Processing file /home/airflow/.local/lib/python3.12/site-packages/airflow/example_dags/example_sla_dag.py for tasks to queue
[2025-12-14T16:56:39.007+0000] {logging_mixin.py:188} INFO - [2025-12-14T16:56:39.007+0000] {dagbag.py:540} INFO - Filling up the DagBag from /home/airflow/.local/lib/python3.12/site-packages/airflow/example_dags/example_sla_dag.py
[2025-12-14T16:56:39.020+0000] {processor.py:840} INFO - DAG(s) 'example_sla_dag' retrieved from /home/airflow/.local/lib/python3.12/site-packages/airflow/example_dags/example_sla_dag.py
[2025-12-14T16:56:39.047+0000] {logging_mixin.py:188} INFO - [2025-12-14T16:56:39.047+0000] {dag.py:3096} INFO - Sync 1 DAGs
[2025-12-14T16:56:39.080+0000] {logging_mixin.py:188} INFO - [2025-12-14T16:56:39.080+0000] {dag.py:3954} INFO - Setting next_dagrun for example_sla_dag to 2025-12-14 16:54:00+00:00, run_after=2025-12-14 16:56:00+00:00
[2025-12-14T16:56:39.109+0000] {processor.py:183} INFO - Processing /home/airflow/.local/lib/python3.12/site-packages/airflow/example_dags/example_sla_dag.py took 0.115 seconds
[2025-12-14T16:57:09.282+0000] {processor.py:161} INFO - Started process (PID=403) to work on /home/airflow/.local/lib/python3.12/site-packages/airflow/example_dags/example_sla_dag.py
[2025-12-14T16:57:09.284+0000] {processor.py:830} INFO - Processing file /home/airflow/.local/lib/python3.12/site-packages/airflow/example_dags/example_sla_dag.py for tasks to queue
[2025-12-14T16:57:09.286+0000] {logging_mixin.py:188} INFO - [2025-12-14T16:57:09.286+0000] {dagbag.py:540} INFO - Filling up the DagBag from /home/airflow/.local/lib/python3.12/site-packages/airflow/example_dags/example_sla_dag.py
[2025-12-14T16:57:09.295+0000] {processor.py:840} INFO - DAG(s) 'example_sla_dag' retrieved from /home/airflow/.local/lib/python3.12/site-packages/airflow/example_dags/example_sla_dag.py
[2025-12-14T16:57:09.320+0000] {logging_mixin.py:188} INFO - [2025-12-14T16:57:09.320+0000] {dag.py:3096} INFO - Sync 1 DAGs
[2025-12-14T16:57:09.348+0000] {logging_mixin.py:188} INFO - [2025-12-14T16:57:09.348+0000] {dag.py:3954} INFO - Setting next_dagrun for example_sla_dag to 2025-12-14 16:54:00+00:00, run_after=2025-12-14 16:56:00+00:00
[2025-12-14T16:57:09.372+0000] {processor.py:183} INFO - Processing /home/airflow/.local/lib/python3.12/site-packages/airflow/example_dags/example_sla_dag.py took 0.096 seconds
[2025-12-14T16:58:31.868+0000] {processor.py:161} INFO - Started process (PID=79) to work on /home/airflow/.local/lib/python3.12/site-packages/airflow/example_dags/example_sla_dag.py
[2025-12-14T16:58:31.870+0000] {processor.py:830} INFO - Processing file /home/airflow/.local/lib/python3.12/site-packages/airflow/example_dags/example_sla_dag.py for tasks to queue
[2025-12-14T16:58:31.874+0000] {logging_mixin.py:188} INFO - [2025-12-14T16:58:31.873+0000] {dagbag.py:540} INFO - Filling up the DagBag from /home/airflow/.local/lib/python3.12/site-packages/airflow/example_dags/example_sla_dag.py
[2025-12-14T16:58:31.892+0000] {processor.py:840} INFO - DAG(s) 'example_sla_dag' retrieved from /home/airflow/.local/lib/python3.12/site-packages/airflow/example_dags/example_sla_dag.py
[2025-12-14T16:58:32.068+0000] {logging_mixin.py:188} INFO - [2025-12-14T16:58:32.067+0000] {dag.py:3096} INFO - Sync 1 DAGs
[2025-12-14T16:58:32.111+0000] {logging_mixin.py:188} INFO - [2025-12-14T16:58:32.111+0000] {dag.py:3954} INFO - Setting next_dagrun for example_sla_dag to 2025-12-14 16:56:00+00:00, run_after=2025-12-14 16:58:00+00:00
[2025-12-14T16:58:32.143+0000] {processor.py:183} INFO - Processing /home/airflow/.local/lib/python3.12/site-packages/airflow/example_dags/example_sla_dag.py took 0.283 seconds
[2025-12-14T16:59:02.834+0000] {processor.py:161} INFO - Started process (PID=139) to work on /home/airflow/.local/lib/python3.12/site-packages/airflow/example_dags/example_sla_dag.py
[2025-12-14T16:59:02.836+0000] {processor.py:830} INFO - Processing file /home/airflow/.local/lib/python3.12/site-packages/airflow/example_dags/example_sla_dag.py for tasks to queue
[2025-12-14T16:59:02.839+0000] {logging_mixin.py:188} INFO - [2025-12-14T16:59:02.838+0000] {dagbag.py:540} INFO - Filling up the DagBag from /home/airflow/.local/lib/python3.12/site-packages/airflow/example_dags/example_sla_dag.py
[2025-12-14T16:59:02.852+0000] {processor.py:840} INFO - DAG(s) 'example_sla_dag' retrieved from /home/airflow/.local/lib/python3.12/site-packages/airflow/example_dags/example_sla_dag.py
[2025-12-14T16:59:02.887+0000] {logging_mixin.py:188} INFO - [2025-12-14T16:59:02.886+0000] {dag.py:3096} INFO - Sync 1 DAGs
[2025-12-14T16:59:02.925+0000] {logging_mixin.py:188} INFO - [2025-12-14T16:59:02.925+0000] {dag.py:3954} INFO - Setting next_dagrun for example_sla_dag to 2025-12-14 16:56:00+00:00, run_after=2025-12-14 16:58:00+00:00
[2025-12-14T16:59:02.955+0000] {processor.py:183} INFO - Processing /home/airflow/.local/lib/python3.12/site-packages/airflow/example_dags/example_sla_dag.py took 0.130 seconds
[2025-12-14T16:59:34.080+0000] {processor.py:161} INFO - Started process (PID=199) to work on /home/airflow/.local/lib/python3.12/site-packages/airflow/example_dags/example_sla_dag.py
[2025-12-14T16:59:34.082+0000] {processor.py:830} INFO - Processing file /home/airflow/.local/lib/python3.12/site-packages/airflow/example_dags/example_sla_dag.py for tasks to queue
[2025-12-14T16:59:34.084+0000] {logging_mixin.py:188} INFO - [2025-12-14T16:59:34.083+0000] {dagbag.py:540} INFO - Filling up the DagBag from /home/airflow/.local/lib/python3.12/site-packages/airflow/example_dags/example_sla_dag.py
[2025-12-14T16:59:34.099+0000] {processor.py:840} INFO - DAG(s) 'example_sla_dag' retrieved from /home/airflow/.local/lib/python3.12/site-packages/airflow/example_dags/example_sla_dag.py
[2025-12-14T16:59:34.133+0000] {logging_mixin.py:188} INFO - [2025-12-14T16:59:34.133+0000] {dag.py:3096} INFO - Sync 1 DAGs
[2025-12-14T16:59:34.171+0000] {logging_mixin.py:188} INFO - [2025-12-14T16:59:34.171+0000] {dag.py:3954} INFO - Setting next_dagrun for example_sla_dag to 2025-12-14 16:56:00+00:00, run_after=2025-12-14 16:58:00+00:00
[2025-12-14T16:59:34.199+0000] {processor.py:183} INFO - Processing /home/airflow/.local/lib/python3.12/site-packages/airflow/example_dags/example_sla_dag.py took 0.129 seconds
[2025-12-14T17:00:04.248+0000] {processor.py:161} INFO - Started process (PID=257) to work on /home/airflow/.local/lib/python3.12/site-packages/airflow/example_dags/example_sla_dag.py
[2025-12-14T17:00:04.250+0000] {processor.py:830} INFO - Processing file /home/airflow/.local/lib/python3.12/site-packages/airflow/example_dags/example_sla_dag.py for tasks to queue
[2025-12-14T17:00:04.251+0000] {logging_mixin.py:188} INFO - [2025-12-14T17:00:04.251+0000] {dagbag.py:540} INFO - Filling up the DagBag from /home/airflow/.local/lib/python3.12/site-packages/airflow/example_dags/example_sla_dag.py
[2025-12-14T17:00:04.261+0000] {processor.py:840} INFO - DAG(s) 'example_sla_dag' retrieved from /home/airflow/.local/lib/python3.12/site-packages/airflow/example_dags/example_sla_dag.py
[2025-12-14T17:00:04.285+0000] {logging_mixin.py:188} INFO - [2025-12-14T17:00:04.285+0000] {dag.py:3096} INFO - Sync 1 DAGs
[2025-12-14T17:00:04.310+0000] {logging_mixin.py:188} INFO - [2025-12-14T17:00:04.310+0000] {dag.py:3954} INFO - Setting next_dagrun for example_sla_dag to 2025-12-14 16:58:00+00:00, run_after=2025-12-14 17:00:00+00:00
[2025-12-14T17:00:04.334+0000] {processor.py:183} INFO - Processing /home/airflow/.local/lib/python3.12/site-packages/airflow/example_dags/example_sla_dag.py took 0.092 seconds
[2025-12-14T17:00:34.700+0000] {processor.py:161} INFO - Started process (PID=317) to work on /home/airflow/.local/lib/python3.12/site-packages/airflow/example_dags/example_sla_dag.py
[2025-12-14T17:00:34.701+0000] {processor.py:830} INFO - Processing file /home/airflow/.local/lib/python3.12/site-packages/airflow/example_dags/example_sla_dag.py for tasks to queue
[2025-12-14T17:00:34.703+0000] {logging_mixin.py:188} INFO - [2025-12-14T17:00:34.702+0000] {dagbag.py:540} INFO - Filling up the DagBag from /home/airflow/.local/lib/python3.12/site-packages/airflow/example_dags/example_sla_dag.py
[2025-12-14T17:00:34.712+0000] {processor.py:840} INFO - DAG(s) 'example_sla_dag' retrieved from /home/airflow/.local/lib/python3.12/site-packages/airflow/example_dags/example_sla_dag.py
[2025-12-14T17:00:34.736+0000] {logging_mixin.py:188} INFO - [2025-12-14T17:00:34.736+0000] {dag.py:3096} INFO - Sync 1 DAGs
[2025-12-14T17:00:34.765+0000] {logging_mixin.py:188} INFO - [2025-12-14T17:00:34.764+0000] {dag.py:3954} INFO - Setting next_dagrun for example_sla_dag to 2025-12-14 16:58:00+00:00, run_after=2025-12-14 17:00:00+00:00
[2025-12-14T17:00:34.790+0000] {processor.py:183} INFO - Processing /home/airflow/.local/lib/python3.12/site-packages/airflow/example_dags/example_sla_dag.py took 0.098 seconds
[2025-12-14T17:02:47.956+0000] {processor.py:161} INFO - Started process (PID=117) to work on /home/airflow/.local/lib/python3.12/site-packages/airflow/example_dags/example_sla_dag.py
[2025-12-14T17:02:47.958+0000] {processor.py:830} INFO - Processing file /home/airflow/.local/lib/python3.12/site-packages/airflow/example_dags/example_sla_dag.py for tasks to queue
[2025-12-14T17:02:47.962+0000] {logging_mixin.py:188} INFO - [2025-12-14T17:02:47.961+0000] {dagbag.py:540} INFO - Filling up the DagBag from /home/airflow/.local/lib/python3.12/site-packages/airflow/example_dags/example_sla_dag.py
[2025-12-14T17:02:47.980+0000] {processor.py:840} INFO - DAG(s) 'example_sla_dag' retrieved from /home/airflow/.local/lib/python3.12/site-packages/airflow/example_dags/example_sla_dag.py
[2025-12-14T17:02:48.243+0000] {logging_mixin.py:188} INFO - [2025-12-14T17:02:48.242+0000] {dag.py:3096} INFO - Sync 1 DAGs
[2025-12-14T17:02:48.296+0000] {logging_mixin.py:188} INFO - [2025-12-14T17:02:48.296+0000] {dag.py:3954} INFO - Setting next_dagrun for example_sla_dag to 2025-12-14 17:00:00+00:00, run_after=2025-12-14 17:02:00+00:00
[2025-12-14T17:02:48.340+0000] {processor.py:183} INFO - Processing /home/airflow/.local/lib/python3.12/site-packages/airflow/example_dags/example_sla_dag.py took 0.393 seconds
[2025-12-14T17:03:18.544+0000] {processor.py:161} INFO - Started process (PID=175) to work on /home/airflow/.local/lib/python3.12/site-packages/airflow/example_dags/example_sla_dag.py
[2025-12-14T17:03:18.545+0000] {processor.py:830} INFO - Processing file /home/airflow/.local/lib/python3.12/site-packages/airflow/example_dags/example_sla_dag.py for tasks to queue
[2025-12-14T17:03:18.549+0000] {logging_mixin.py:188} INFO - [2025-12-14T17:03:18.548+0000] {dagbag.py:540} INFO - Filling up the DagBag from /home/airflow/.local/lib/python3.12/site-packages/airflow/example_dags/example_sla_dag.py
[2025-12-14T17:03:18.562+0000] {processor.py:840} INFO - DAG(s) 'example_sla_dag' retrieved from /home/airflow/.local/lib/python3.12/site-packages/airflow/example_dags/example_sla_dag.py
[2025-12-14T17:03:18.596+0000] {logging_mixin.py:188} INFO - [2025-12-14T17:03:18.596+0000] {dag.py:3096} INFO - Sync 1 DAGs
[2025-12-14T17:03:18.647+0000] {logging_mixin.py:188} INFO - [2025-12-14T17:03:18.647+0000] {dag.py:3954} INFO - Setting next_dagrun for example_sla_dag to 2025-12-14 17:00:00+00:00, run_after=2025-12-14 17:02:00+00:00
[2025-12-14T17:03:18.713+0000] {processor.py:183} INFO - Processing /home/airflow/.local/lib/python3.12/site-packages/airflow/example_dags/example_sla_dag.py took 0.181 seconds
[2025-12-14T17:03:49.602+0000] {processor.py:161} INFO - Started process (PID=246) to work on /home/airflow/.local/lib/python3.12/site-packages/airflow/example_dags/example_sla_dag.py
[2025-12-14T17:03:49.603+0000] {processor.py:830} INFO - Processing file /home/airflow/.local/lib/python3.12/site-packages/airflow/example_dags/example_sla_dag.py for tasks to queue
[2025-12-14T17:03:49.606+0000] {logging_mixin.py:188} INFO - [2025-12-14T17:03:49.605+0000] {dagbag.py:540} INFO - Filling up the DagBag from /home/airflow/.local/lib/python3.12/site-packages/airflow/example_dags/example_sla_dag.py
[2025-12-14T17:03:49.615+0000] {processor.py:840} INFO - DAG(s) 'example_sla_dag' retrieved from /home/airflow/.local/lib/python3.12/site-packages/airflow/example_dags/example_sla_dag.py
[2025-12-14T17:03:49.637+0000] {logging_mixin.py:188} INFO - [2025-12-14T17:03:49.637+0000] {dag.py:3096} INFO - Sync 1 DAGs
[2025-12-14T17:03:49.663+0000] {logging_mixin.py:188} INFO - [2025-12-14T17:03:49.663+0000] {dag.py:3954} INFO - Setting next_dagrun for example_sla_dag to 2025-12-14 17:00:00+00:00, run_after=2025-12-14 17:02:00+00:00
[2025-12-14T17:03:49.683+0000] {processor.py:183} INFO - Processing /home/airflow/.local/lib/python3.12/site-packages/airflow/example_dags/example_sla_dag.py took 0.088 seconds
[2025-12-14T17:04:19.890+0000] {processor.py:161} INFO - Started process (PID=317) to work on /home/airflow/.local/lib/python3.12/site-packages/airflow/example_dags/example_sla_dag.py
[2025-12-14T17:04:19.892+0000] {processor.py:830} INFO - Processing file /home/airflow/.local/lib/python3.12/site-packages/airflow/example_dags/example_sla_dag.py for tasks to queue
[2025-12-14T17:04:19.894+0000] {logging_mixin.py:188} INFO - [2025-12-14T17:04:19.893+0000] {dagbag.py:540} INFO - Filling up the DagBag from /home/airflow/.local/lib/python3.12/site-packages/airflow/example_dags/example_sla_dag.py
[2025-12-14T17:04:19.904+0000] {processor.py:840} INFO - DAG(s) 'example_sla_dag' retrieved from /home/airflow/.local/lib/python3.12/site-packages/airflow/example_dags/example_sla_dag.py
[2025-12-14T17:04:19.927+0000] {logging_mixin.py:188} INFO - [2025-12-14T17:04:19.927+0000] {dag.py:3096} INFO - Sync 1 DAGs
[2025-12-14T17:04:19.955+0000] {logging_mixin.py:188} INFO - [2025-12-14T17:04:19.955+0000] {dag.py:3954} INFO - Setting next_dagrun for example_sla_dag to 2025-12-14 17:02:00+00:00, run_after=2025-12-14 17:04:00+00:00
[2025-12-14T17:04:19.978+0000] {processor.py:183} INFO - Processing /home/airflow/.local/lib/python3.12/site-packages/airflow/example_dags/example_sla_dag.py took 0.094 seconds
[2025-12-14T17:07:13.990+0000] {processor.py:161} INFO - Started process (PID=108) to work on /home/airflow/.local/lib/python3.12/site-packages/airflow/example_dags/example_sla_dag.py
[2025-12-14T17:07:13.993+0000] {processor.py:830} INFO - Processing file /home/airflow/.local/lib/python3.12/site-packages/airflow/example_dags/example_sla_dag.py for tasks to queue
[2025-12-14T17:07:13.997+0000] {logging_mixin.py:188} INFO - [2025-12-14T17:07:13.996+0000] {dagbag.py:540} INFO - Filling up the DagBag from /home/airflow/.local/lib/python3.12/site-packages/airflow/example_dags/example_sla_dag.py
[2025-12-14T17:07:14.016+0000] {processor.py:840} INFO - DAG(s) 'example_sla_dag' retrieved from /home/airflow/.local/lib/python3.12/site-packages/airflow/example_dags/example_sla_dag.py
[2025-12-14T17:07:14.222+0000] {logging_mixin.py:188} INFO - [2025-12-14T17:07:14.222+0000] {dag.py:3096} INFO - Sync 1 DAGs
[2025-12-14T17:07:14.257+0000] {logging_mixin.py:188} INFO - [2025-12-14T17:07:14.257+0000] {dag.py:3954} INFO - Setting next_dagrun for example_sla_dag to 2025-12-14 17:04:00+00:00, run_after=2025-12-14 17:06:00+00:00
[2025-12-14T17:07:14.285+0000] {processor.py:183} INFO - Processing /home/airflow/.local/lib/python3.12/site-packages/airflow/example_dags/example_sla_dag.py took 0.304 seconds
[2025-12-14T17:07:45.011+0000] {processor.py:161} INFO - Started process (PID=168) to work on /home/airflow/.local/lib/python3.12/site-packages/airflow/example_dags/example_sla_dag.py
[2025-12-14T17:07:45.013+0000] {processor.py:830} INFO - Processing file /home/airflow/.local/lib/python3.12/site-packages/airflow/example_dags/example_sla_dag.py for tasks to queue
[2025-12-14T17:07:45.015+0000] {logging_mixin.py:188} INFO - [2025-12-14T17:07:45.015+0000] {dagbag.py:540} INFO - Filling up the DagBag from /home/airflow/.local/lib/python3.12/site-packages/airflow/example_dags/example_sla_dag.py
[2025-12-14T17:07:45.025+0000] {processor.py:840} INFO - DAG(s) 'example_sla_dag' retrieved from /home/airflow/.local/lib/python3.12/site-packages/airflow/example_dags/example_sla_dag.py
[2025-12-14T17:07:45.048+0000] {logging_mixin.py:188} INFO - [2025-12-14T17:07:45.048+0000] {dag.py:3096} INFO - Sync 1 DAGs
[2025-12-14T17:07:45.078+0000] {logging_mixin.py:188} INFO - [2025-12-14T17:07:45.077+0000] {dag.py:3954} INFO - Setting next_dagrun for example_sla_dag to 2025-12-14 17:04:00+00:00, run_after=2025-12-14 17:06:00+00:00
[2025-12-14T17:07:45.104+0000] {processor.py:183} INFO - Processing /home/airflow/.local/lib/python3.12/site-packages/airflow/example_dags/example_sla_dag.py took 0.099 seconds
[2025-12-14T17:08:15.151+0000] {processor.py:161} INFO - Started process (PID=237) to work on /home/airflow/.local/lib/python3.12/site-packages/airflow/example_dags/example_sla_dag.py
[2025-12-14T17:08:15.153+0000] {processor.py:830} INFO - Processing file /home/airflow/.local/lib/python3.12/site-packages/airflow/example_dags/example_sla_dag.py for tasks to queue
[2025-12-14T17:08:15.155+0000] {logging_mixin.py:188} INFO - [2025-12-14T17:08:15.155+0000] {dagbag.py:540} INFO - Filling up the DagBag from /home/airflow/.local/lib/python3.12/site-packages/airflow/example_dags/example_sla_dag.py
[2025-12-14T17:08:15.165+0000] {processor.py:840} INFO - DAG(s) 'example_sla_dag' retrieved from /home/airflow/.local/lib/python3.12/site-packages/airflow/example_dags/example_sla_dag.py
[2025-12-14T17:08:15.187+0000] {logging_mixin.py:188} INFO - [2025-12-14T17:08:15.187+0000] {dag.py:3096} INFO - Sync 1 DAGs
[2025-12-14T17:08:15.211+0000] {logging_mixin.py:188} INFO - [2025-12-14T17:08:15.211+0000] {dag.py:3954} INFO - Setting next_dagrun for example_sla_dag to 2025-12-14 17:06:00+00:00, run_after=2025-12-14 17:08:00+00:00
[2025-12-14T17:08:15.234+0000] {processor.py:183} INFO - Processing /home/airflow/.local/lib/python3.12/site-packages/airflow/example_dags/example_sla_dag.py took 0.089 seconds
[2025-12-14T17:08:46.069+0000] {processor.py:161} INFO - Started process (PID=309) to work on /home/airflow/.local/lib/python3.12/site-packages/airflow/example_dags/example_sla_dag.py
[2025-12-14T17:08:46.071+0000] {processor.py:830} INFO - Processing file /home/airflow/.local/lib/python3.12/site-packages/airflow/example_dags/example_sla_dag.py for tasks to queue
[2025-12-14T17:08:46.073+0000] {logging_mixin.py:188} INFO - [2025-12-14T17:08:46.073+0000] {dagbag.py:540} INFO - Filling up the DagBag from /home/airflow/.local/lib/python3.12/site-packages/airflow/example_dags/example_sla_dag.py
[2025-12-14T17:08:46.083+0000] {processor.py:840} INFO - DAG(s) 'example_sla_dag' retrieved from /home/airflow/.local/lib/python3.12/site-packages/airflow/example_dags/example_sla_dag.py
[2025-12-14T17:08:46.109+0000] {logging_mixin.py:188} INFO - [2025-12-14T17:08:46.108+0000] {dag.py:3096} INFO - Sync 1 DAGs
[2025-12-14T17:08:46.134+0000] {logging_mixin.py:188} INFO - [2025-12-14T17:08:46.134+0000] {dag.py:3954} INFO - Setting next_dagrun for example_sla_dag to 2025-12-14 17:06:00+00:00, run_after=2025-12-14 17:08:00+00:00
[2025-12-14T17:08:46.156+0000] {processor.py:183} INFO - Processing /home/airflow/.local/lib/python3.12/site-packages/airflow/example_dags/example_sla_dag.py took 0.094 seconds
[2025-12-14T17:09:16.492+0000] {processor.py:161} INFO - Started process (PID=380) to work on /home/airflow/.local/lib/python3.12/site-packages/airflow/example_dags/example_sla_dag.py
[2025-12-14T17:09:16.494+0000] {processor.py:830} INFO - Processing file /home/airflow/.local/lib/python3.12/site-packages/airflow/example_dags/example_sla_dag.py for tasks to queue
[2025-12-14T17:09:16.498+0000] {logging_mixin.py:188} INFO - [2025-12-14T17:09:16.497+0000] {dagbag.py:540} INFO - Filling up the DagBag from /home/airflow/.local/lib/python3.12/site-packages/airflow/example_dags/example_sla_dag.py
[2025-12-14T17:09:16.514+0000] {processor.py:840} INFO - DAG(s) 'example_sla_dag' retrieved from /home/airflow/.local/lib/python3.12/site-packages/airflow/example_dags/example_sla_dag.py
[2025-12-14T17:09:16.544+0000] {logging_mixin.py:188} INFO - [2025-12-14T17:09:16.543+0000] {dag.py:3096} INFO - Sync 1 DAGs
[2025-12-14T17:09:16.576+0000] {logging_mixin.py:188} INFO - [2025-12-14T17:09:16.575+0000] {dag.py:3954} INFO - Setting next_dagrun for example_sla_dag to 2025-12-14 17:06:00+00:00, run_after=2025-12-14 17:08:00+00:00
[2025-12-14T17:09:16.601+0000] {processor.py:183} INFO - Processing /home/airflow/.local/lib/python3.12/site-packages/airflow/example_dags/example_sla_dag.py took 0.119 seconds
[2025-12-14T17:09:46.910+0000] {processor.py:161} INFO - Started process (PID=451) to work on /home/airflow/.local/lib/python3.12/site-packages/airflow/example_dags/example_sla_dag.py
[2025-12-14T17:09:46.912+0000] {processor.py:830} INFO - Processing file /home/airflow/.local/lib/python3.12/site-packages/airflow/example_dags/example_sla_dag.py for tasks to queue
[2025-12-14T17:09:46.914+0000] {logging_mixin.py:188} INFO - [2025-12-14T17:09:46.914+0000] {dagbag.py:540} INFO - Filling up the DagBag from /home/airflow/.local/lib/python3.12/site-packages/airflow/example_dags/example_sla_dag.py
[2025-12-14T17:09:46.924+0000] {processor.py:840} INFO - DAG(s) 'example_sla_dag' retrieved from /home/airflow/.local/lib/python3.12/site-packages/airflow/example_dags/example_sla_dag.py
[2025-12-14T17:09:46.946+0000] {logging_mixin.py:188} INFO - [2025-12-14T17:09:46.946+0000] {dag.py:3096} INFO - Sync 1 DAGs
[2025-12-14T17:09:46.974+0000] {logging_mixin.py:188} INFO - [2025-12-14T17:09:46.974+0000] {dag.py:3954} INFO - Setting next_dagrun for example_sla_dag to 2025-12-14 17:06:00+00:00, run_after=2025-12-14 17:08:00+00:00
[2025-12-14T17:09:46.995+0000] {processor.py:183} INFO - Processing /home/airflow/.local/lib/python3.12/site-packages/airflow/example_dags/example_sla_dag.py took 0.091 seconds
[2025-12-14T17:10:17.449+0000] {processor.py:161} INFO - Started process (PID=535) to work on /home/airflow/.local/lib/python3.12/site-packages/airflow/example_dags/example_sla_dag.py
[2025-12-14T17:10:17.451+0000] {processor.py:830} INFO - Processing file /home/airflow/.local/lib/python3.12/site-packages/airflow/example_dags/example_sla_dag.py for tasks to queue
[2025-12-14T17:10:17.453+0000] {logging_mixin.py:188} INFO - [2025-12-14T17:10:17.453+0000] {dagbag.py:540} INFO - Filling up the DagBag from /home/airflow/.local/lib/python3.12/site-packages/airflow/example_dags/example_sla_dag.py
[2025-12-14T17:10:17.462+0000] {processor.py:840} INFO - DAG(s) 'example_sla_dag' retrieved from /home/airflow/.local/lib/python3.12/site-packages/airflow/example_dags/example_sla_dag.py
[2025-12-14T17:10:17.483+0000] {logging_mixin.py:188} INFO - [2025-12-14T17:10:17.483+0000] {dag.py:3096} INFO - Sync 1 DAGs
[2025-12-14T17:10:17.508+0000] {logging_mixin.py:188} INFO - [2025-12-14T17:10:17.508+0000] {dag.py:3954} INFO - Setting next_dagrun for example_sla_dag to 2025-12-14 17:08:00+00:00, run_after=2025-12-14 17:10:00+00:00
[2025-12-14T17:10:17.533+0000] {processor.py:183} INFO - Processing /home/airflow/.local/lib/python3.12/site-packages/airflow/example_dags/example_sla_dag.py took 0.090 seconds
[2025-12-14T17:10:47.785+0000] {processor.py:161} INFO - Started process (PID=606) to work on /home/airflow/.local/lib/python3.12/site-packages/airflow/example_dags/example_sla_dag.py
[2025-12-14T17:10:47.786+0000] {processor.py:830} INFO - Processing file /home/airflow/.local/lib/python3.12/site-packages/airflow/example_dags/example_sla_dag.py for tasks to queue
[2025-12-14T17:10:47.789+0000] {logging_mixin.py:188} INFO - [2025-12-14T17:10:47.788+0000] {dagbag.py:540} INFO - Filling up the DagBag from /home/airflow/.local/lib/python3.12/site-packages/airflow/example_dags/example_sla_dag.py
[2025-12-14T17:10:47.801+0000] {processor.py:840} INFO - DAG(s) 'example_sla_dag' retrieved from /home/airflow/.local/lib/python3.12/site-packages/airflow/example_dags/example_sla_dag.py
[2025-12-14T17:10:47.824+0000] {logging_mixin.py:188} INFO - [2025-12-14T17:10:47.824+0000] {dag.py:3096} INFO - Sync 1 DAGs
[2025-12-14T17:10:47.850+0000] {logging_mixin.py:188} INFO - [2025-12-14T17:10:47.850+0000] {dag.py:3954} INFO - Setting next_dagrun for example_sla_dag to 2025-12-14 17:08:00+00:00, run_after=2025-12-14 17:10:00+00:00
[2025-12-14T17:10:47.870+0000] {processor.py:183} INFO - Processing /home/airflow/.local/lib/python3.12/site-packages/airflow/example_dags/example_sla_dag.py took 0.092 seconds
[2025-12-14T17:11:18.282+0000] {processor.py:161} INFO - Started process (PID=677) to work on /home/airflow/.local/lib/python3.12/site-packages/airflow/example_dags/example_sla_dag.py
[2025-12-14T17:11:18.284+0000] {processor.py:830} INFO - Processing file /home/airflow/.local/lib/python3.12/site-packages/airflow/example_dags/example_sla_dag.py for tasks to queue
[2025-12-14T17:11:18.287+0000] {logging_mixin.py:188} INFO - [2025-12-14T17:11:18.287+0000] {dagbag.py:540} INFO - Filling up the DagBag from /home/airflow/.local/lib/python3.12/site-packages/airflow/example_dags/example_sla_dag.py
[2025-12-14T17:11:18.300+0000] {processor.py:840} INFO - DAG(s) 'example_sla_dag' retrieved from /home/airflow/.local/lib/python3.12/site-packages/airflow/example_dags/example_sla_dag.py
[2025-12-14T17:11:18.325+0000] {logging_mixin.py:188} INFO - [2025-12-14T17:11:18.325+0000] {dag.py:3096} INFO - Sync 1 DAGs
[2025-12-14T17:11:18.360+0000] {logging_mixin.py:188} INFO - [2025-12-14T17:11:18.360+0000] {dag.py:3954} INFO - Setting next_dagrun for example_sla_dag to 2025-12-14 17:08:00+00:00, run_after=2025-12-14 17:10:00+00:00
[2025-12-14T17:11:18.386+0000] {processor.py:183} INFO - Processing /home/airflow/.local/lib/python3.12/site-packages/airflow/example_dags/example_sla_dag.py took 0.113 seconds
[2025-12-14T17:11:48.564+0000] {processor.py:161} INFO - Started process (PID=748) to work on /home/airflow/.local/lib/python3.12/site-packages/airflow/example_dags/example_sla_dag.py
[2025-12-14T17:11:48.565+0000] {processor.py:830} INFO - Processing file /home/airflow/.local/lib/python3.12/site-packages/airflow/example_dags/example_sla_dag.py for tasks to queue
[2025-12-14T17:11:48.568+0000] {logging_mixin.py:188} INFO - [2025-12-14T17:11:48.567+0000] {dagbag.py:540} INFO - Filling up the DagBag from /home/airflow/.local/lib/python3.12/site-packages/airflow/example_dags/example_sla_dag.py
[2025-12-14T17:11:48.579+0000] {processor.py:840} INFO - DAG(s) 'example_sla_dag' retrieved from /home/airflow/.local/lib/python3.12/site-packages/airflow/example_dags/example_sla_dag.py
[2025-12-14T17:11:48.601+0000] {logging_mixin.py:188} INFO - [2025-12-14T17:11:48.601+0000] {dag.py:3096} INFO - Sync 1 DAGs
[2025-12-14T17:11:48.627+0000] {logging_mixin.py:188} INFO - [2025-12-14T17:11:48.627+0000] {dag.py:3954} INFO - Setting next_dagrun for example_sla_dag to 2025-12-14 17:08:00+00:00, run_after=2025-12-14 17:10:00+00:00
[2025-12-14T17:11:48.649+0000] {processor.py:183} INFO - Processing /home/airflow/.local/lib/python3.12/site-packages/airflow/example_dags/example_sla_dag.py took 0.092 seconds
[2025-12-14T17:12:18.834+0000] {processor.py:161} INFO - Started process (PID=819) to work on /home/airflow/.local/lib/python3.12/site-packages/airflow/example_dags/example_sla_dag.py
[2025-12-14T17:12:18.835+0000] {processor.py:830} INFO - Processing file /home/airflow/.local/lib/python3.12/site-packages/airflow/example_dags/example_sla_dag.py for tasks to queue
[2025-12-14T17:12:18.838+0000] {logging_mixin.py:188} INFO - [2025-12-14T17:12:18.838+0000] {dagbag.py:540} INFO - Filling up the DagBag from /home/airflow/.local/lib/python3.12/site-packages/airflow/example_dags/example_sla_dag.py
[2025-12-14T17:12:18.853+0000] {processor.py:840} INFO - DAG(s) 'example_sla_dag' retrieved from /home/airflow/.local/lib/python3.12/site-packages/airflow/example_dags/example_sla_dag.py
[2025-12-14T17:12:18.885+0000] {logging_mixin.py:188} INFO - [2025-12-14T17:12:18.884+0000] {dag.py:3096} INFO - Sync 1 DAGs
[2025-12-14T17:12:18.920+0000] {logging_mixin.py:188} INFO - [2025-12-14T17:12:18.920+0000] {dag.py:3954} INFO - Setting next_dagrun for example_sla_dag to 2025-12-14 17:10:00+00:00, run_after=2025-12-14 17:12:00+00:00
[2025-12-14T17:12:18.944+0000] {processor.py:183} INFO - Processing /home/airflow/.local/lib/python3.12/site-packages/airflow/example_dags/example_sla_dag.py took 0.120 seconds
[2025-12-14T17:12:49.433+0000] {processor.py:161} INFO - Started process (PID=891) to work on /home/airflow/.local/lib/python3.12/site-packages/airflow/example_dags/example_sla_dag.py
[2025-12-14T17:12:49.435+0000] {processor.py:830} INFO - Processing file /home/airflow/.local/lib/python3.12/site-packages/airflow/example_dags/example_sla_dag.py for tasks to queue
[2025-12-14T17:12:49.439+0000] {logging_mixin.py:188} INFO - [2025-12-14T17:12:49.439+0000] {dagbag.py:540} INFO - Filling up the DagBag from /home/airflow/.local/lib/python3.12/site-packages/airflow/example_dags/example_sla_dag.py
[2025-12-14T17:12:49.452+0000] {processor.py:840} INFO - DAG(s) 'example_sla_dag' retrieved from /home/airflow/.local/lib/python3.12/site-packages/airflow/example_dags/example_sla_dag.py
[2025-12-14T17:12:49.476+0000] {logging_mixin.py:188} INFO - [2025-12-14T17:12:49.476+0000] {dag.py:3096} INFO - Sync 1 DAGs
[2025-12-14T17:12:49.509+0000] {logging_mixin.py:188} INFO - [2025-12-14T17:12:49.509+0000] {dag.py:3954} INFO - Setting next_dagrun for example_sla_dag to 2025-12-14 17:10:00+00:00, run_after=2025-12-14 17:12:00+00:00
[2025-12-14T17:12:49.532+0000] {processor.py:183} INFO - Processing /home/airflow/.local/lib/python3.12/site-packages/airflow/example_dags/example_sla_dag.py took 0.107 seconds
[2025-12-14T17:13:19.663+0000] {processor.py:161} INFO - Started process (PID=951) to work on /home/airflow/.local/lib/python3.12/site-packages/airflow/example_dags/example_sla_dag.py
[2025-12-14T17:13:19.665+0000] {processor.py:830} INFO - Processing file /home/airflow/.local/lib/python3.12/site-packages/airflow/example_dags/example_sla_dag.py for tasks to queue
[2025-12-14T17:13:19.667+0000] {logging_mixin.py:188} INFO - [2025-12-14T17:13:19.667+0000] {dagbag.py:540} INFO - Filling up the DagBag from /home/airflow/.local/lib/python3.12/site-packages/airflow/example_dags/example_sla_dag.py
[2025-12-14T17:13:19.679+0000] {processor.py:840} INFO - DAG(s) 'example_sla_dag' retrieved from /home/airflow/.local/lib/python3.12/site-packages/airflow/example_dags/example_sla_dag.py
[2025-12-14T17:13:19.702+0000] {logging_mixin.py:188} INFO - [2025-12-14T17:13:19.702+0000] {dag.py:3096} INFO - Sync 1 DAGs
[2025-12-14T17:13:19.736+0000] {logging_mixin.py:188} INFO - [2025-12-14T17:13:19.735+0000] {dag.py:3954} INFO - Setting next_dagrun for example_sla_dag to 2025-12-14 17:10:00+00:00, run_after=2025-12-14 17:12:00+00:00
[2025-12-14T17:13:19.762+0000] {processor.py:183} INFO - Processing /home/airflow/.local/lib/python3.12/site-packages/airflow/example_dags/example_sla_dag.py took 0.106 seconds
[2025-12-14T17:13:50.395+0000] {processor.py:161} INFO - Started process (PID=1020) to work on /home/airflow/.local/lib/python3.12/site-packages/airflow/example_dags/example_sla_dag.py
[2025-12-14T17:13:50.396+0000] {processor.py:830} INFO - Processing file /home/airflow/.local/lib/python3.12/site-packages/airflow/example_dags/example_sla_dag.py for tasks to queue
[2025-12-14T17:13:50.399+0000] {logging_mixin.py:188} INFO - [2025-12-14T17:13:50.399+0000] {dagbag.py:540} INFO - Filling up the DagBag from /home/airflow/.local/lib/python3.12/site-packages/airflow/example_dags/example_sla_dag.py
[2025-12-14T17:13:50.409+0000] {processor.py:840} INFO - DAG(s) 'example_sla_dag' retrieved from /home/airflow/.local/lib/python3.12/site-packages/airflow/example_dags/example_sla_dag.py
[2025-12-14T17:13:50.433+0000] {logging_mixin.py:188} INFO - [2025-12-14T17:13:50.433+0000] {dag.py:3096} INFO - Sync 1 DAGs
[2025-12-14T17:13:50.609+0000] {logging_mixin.py:188} INFO - [2025-12-14T17:13:50.609+0000] {dag.py:3954} INFO - Setting next_dagrun for example_sla_dag to 2025-12-14 17:10:00+00:00, run_after=2025-12-14 17:12:00+00:00
[2025-12-14T17:13:50.632+0000] {processor.py:183} INFO - Processing /home/airflow/.local/lib/python3.12/site-packages/airflow/example_dags/example_sla_dag.py took 0.244 seconds
[2025-12-14T17:14:21.226+0000] {processor.py:161} INFO - Started process (PID=1092) to work on /home/airflow/.local/lib/python3.12/site-packages/airflow/example_dags/example_sla_dag.py
[2025-12-14T17:14:21.228+0000] {processor.py:830} INFO - Processing file /home/airflow/.local/lib/python3.12/site-packages/airflow/example_dags/example_sla_dag.py for tasks to queue
[2025-12-14T17:14:21.230+0000] {logging_mixin.py:188} INFO - [2025-12-14T17:14:21.230+0000] {dagbag.py:540} INFO - Filling up the DagBag from /home/airflow/.local/lib/python3.12/site-packages/airflow/example_dags/example_sla_dag.py
[2025-12-14T17:14:21.240+0000] {processor.py:840} INFO - DAG(s) 'example_sla_dag' retrieved from /home/airflow/.local/lib/python3.12/site-packages/airflow/example_dags/example_sla_dag.py
[2025-12-14T17:14:21.268+0000] {logging_mixin.py:188} INFO - [2025-12-14T17:14:21.268+0000] {dag.py:3096} INFO - Sync 1 DAGs
[2025-12-14T17:14:21.295+0000] {logging_mixin.py:188} INFO - [2025-12-14T17:14:21.294+0000] {dag.py:3954} INFO - Setting next_dagrun for example_sla_dag to 2025-12-14 17:12:00+00:00, run_after=2025-12-14 17:14:00+00:00
[2025-12-14T17:14:21.484+0000] {processor.py:183} INFO - Processing /home/airflow/.local/lib/python3.12/site-packages/airflow/example_dags/example_sla_dag.py took 0.266 seconds
[2025-12-14T17:14:51.844+0000] {processor.py:161} INFO - Started process (PID=1163) to work on /home/airflow/.local/lib/python3.12/site-packages/airflow/example_dags/example_sla_dag.py
[2025-12-14T17:14:51.846+0000] {processor.py:830} INFO - Processing file /home/airflow/.local/lib/python3.12/site-packages/airflow/example_dags/example_sla_dag.py for tasks to queue
[2025-12-14T17:14:51.849+0000] {logging_mixin.py:188} INFO - [2025-12-14T17:14:51.848+0000] {dagbag.py:540} INFO - Filling up the DagBag from /home/airflow/.local/lib/python3.12/site-packages/airflow/example_dags/example_sla_dag.py
[2025-12-14T17:14:51.859+0000] {processor.py:840} INFO - DAG(s) 'example_sla_dag' retrieved from /home/airflow/.local/lib/python3.12/site-packages/airflow/example_dags/example_sla_dag.py
[2025-12-14T17:14:51.882+0000] {logging_mixin.py:188} INFO - [2025-12-14T17:14:51.881+0000] {dag.py:3096} INFO - Sync 1 DAGs
[2025-12-14T17:14:51.907+0000] {logging_mixin.py:188} INFO - [2025-12-14T17:14:51.907+0000] {dag.py:3954} INFO - Setting next_dagrun for example_sla_dag to 2025-12-14 17:12:00+00:00, run_after=2025-12-14 17:14:00+00:00
[2025-12-14T17:14:51.932+0000] {processor.py:183} INFO - Processing /home/airflow/.local/lib/python3.12/site-packages/airflow/example_dags/example_sla_dag.py took 0.095 seconds
[2025-12-14T17:15:22.188+0000] {processor.py:161} INFO - Started process (PID=1235) to work on /home/airflow/.local/lib/python3.12/site-packages/airflow/example_dags/example_sla_dag.py
[2025-12-14T17:15:22.189+0000] {processor.py:830} INFO - Processing file /home/airflow/.local/lib/python3.12/site-packages/airflow/example_dags/example_sla_dag.py for tasks to queue
[2025-12-14T17:15:22.191+0000] {logging_mixin.py:188} INFO - [2025-12-14T17:15:22.191+0000] {dagbag.py:540} INFO - Filling up the DagBag from /home/airflow/.local/lib/python3.12/site-packages/airflow/example_dags/example_sla_dag.py
[2025-12-14T17:15:22.201+0000] {processor.py:840} INFO - DAG(s) 'example_sla_dag' retrieved from /home/airflow/.local/lib/python3.12/site-packages/airflow/example_dags/example_sla_dag.py
[2025-12-14T17:15:22.226+0000] {logging_mixin.py:188} INFO - [2025-12-14T17:15:22.225+0000] {dag.py:3096} INFO - Sync 1 DAGs
[2025-12-14T17:15:22.252+0000] {logging_mixin.py:188} INFO - [2025-12-14T17:15:22.252+0000] {dag.py:3954} INFO - Setting next_dagrun for example_sla_dag to 2025-12-14 17:12:00+00:00, run_after=2025-12-14 17:14:00+00:00
[2025-12-14T17:15:22.273+0000] {processor.py:183} INFO - Processing /home/airflow/.local/lib/python3.12/site-packages/airflow/example_dags/example_sla_dag.py took 0.092 seconds
[2025-12-14T17:15:52.609+0000] {processor.py:161} INFO - Started process (PID=1306) to work on /home/airflow/.local/lib/python3.12/site-packages/airflow/example_dags/example_sla_dag.py
[2025-12-14T17:15:52.610+0000] {processor.py:830} INFO - Processing file /home/airflow/.local/lib/python3.12/site-packages/airflow/example_dags/example_sla_dag.py for tasks to queue
[2025-12-14T17:15:52.613+0000] {logging_mixin.py:188} INFO - [2025-12-14T17:15:52.612+0000] {dagbag.py:540} INFO - Filling up the DagBag from /home/airflow/.local/lib/python3.12/site-packages/airflow/example_dags/example_sla_dag.py
[2025-12-14T17:15:52.623+0000] {processor.py:840} INFO - DAG(s) 'example_sla_dag' retrieved from /home/airflow/.local/lib/python3.12/site-packages/airflow/example_dags/example_sla_dag.py
[2025-12-14T17:15:52.648+0000] {logging_mixin.py:188} INFO - [2025-12-14T17:15:52.648+0000] {dag.py:3096} INFO - Sync 1 DAGs
[2025-12-14T17:15:52.674+0000] {logging_mixin.py:188} INFO - [2025-12-14T17:15:52.674+0000] {dag.py:3954} INFO - Setting next_dagrun for example_sla_dag to 2025-12-14 17:12:00+00:00, run_after=2025-12-14 17:14:00+00:00
[2025-12-14T17:15:52.697+0000] {processor.py:183} INFO - Processing /home/airflow/.local/lib/python3.12/site-packages/airflow/example_dags/example_sla_dag.py took 0.096 seconds
[2025-12-14T17:16:23.136+0000] {processor.py:161} INFO - Started process (PID=1377) to work on /home/airflow/.local/lib/python3.12/site-packages/airflow/example_dags/example_sla_dag.py
[2025-12-14T17:16:23.137+0000] {processor.py:830} INFO - Processing file /home/airflow/.local/lib/python3.12/site-packages/airflow/example_dags/example_sla_dag.py for tasks to queue
[2025-12-14T17:16:23.140+0000] {logging_mixin.py:188} INFO - [2025-12-14T17:16:23.139+0000] {dagbag.py:540} INFO - Filling up the DagBag from /home/airflow/.local/lib/python3.12/site-packages/airflow/example_dags/example_sla_dag.py
[2025-12-14T17:16:23.152+0000] {processor.py:840} INFO - DAG(s) 'example_sla_dag' retrieved from /home/airflow/.local/lib/python3.12/site-packages/airflow/example_dags/example_sla_dag.py
[2025-12-14T17:16:23.179+0000] {logging_mixin.py:188} INFO - [2025-12-14T17:16:23.179+0000] {dag.py:3096} INFO - Sync 1 DAGs
[2025-12-14T17:16:23.208+0000] {logging_mixin.py:188} INFO - [2025-12-14T17:16:23.207+0000] {dag.py:3954} INFO - Setting next_dagrun for example_sla_dag to 2025-12-14 17:14:00+00:00, run_after=2025-12-14 17:16:00+00:00
[2025-12-14T17:16:23.231+0000] {processor.py:183} INFO - Processing /home/airflow/.local/lib/python3.12/site-packages/airflow/example_dags/example_sla_dag.py took 0.104 seconds
[2025-12-14T17:16:53.363+0000] {processor.py:161} INFO - Started process (PID=1448) to work on /home/airflow/.local/lib/python3.12/site-packages/airflow/example_dags/example_sla_dag.py
[2025-12-14T17:16:53.365+0000] {processor.py:830} INFO - Processing file /home/airflow/.local/lib/python3.12/site-packages/airflow/example_dags/example_sla_dag.py for tasks to queue
[2025-12-14T17:16:53.367+0000] {logging_mixin.py:188} INFO - [2025-12-14T17:16:53.367+0000] {dagbag.py:540} INFO - Filling up the DagBag from /home/airflow/.local/lib/python3.12/site-packages/airflow/example_dags/example_sla_dag.py
[2025-12-14T17:16:53.378+0000] {processor.py:840} INFO - DAG(s) 'example_sla_dag' retrieved from /home/airflow/.local/lib/python3.12/site-packages/airflow/example_dags/example_sla_dag.py
[2025-12-14T17:16:53.402+0000] {logging_mixin.py:188} INFO - [2025-12-14T17:16:53.401+0000] {dag.py:3096} INFO - Sync 1 DAGs
[2025-12-14T17:16:53.431+0000] {logging_mixin.py:188} INFO - [2025-12-14T17:16:53.431+0000] {dag.py:3954} INFO - Setting next_dagrun for example_sla_dag to 2025-12-14 17:14:00+00:00, run_after=2025-12-14 17:16:00+00:00
[2025-12-14T17:16:53.457+0000] {processor.py:183} INFO - Processing /home/airflow/.local/lib/python3.12/site-packages/airflow/example_dags/example_sla_dag.py took 0.102 seconds
[2025-12-14T17:17:23.940+0000] {processor.py:161} INFO - Started process (PID=1519) to work on /home/airflow/.local/lib/python3.12/site-packages/airflow/example_dags/example_sla_dag.py
[2025-12-14T17:17:23.941+0000] {processor.py:830} INFO - Processing file /home/airflow/.local/lib/python3.12/site-packages/airflow/example_dags/example_sla_dag.py for tasks to queue
[2025-12-14T17:17:23.944+0000] {logging_mixin.py:188} INFO - [2025-12-14T17:17:23.944+0000] {dagbag.py:540} INFO - Filling up the DagBag from /home/airflow/.local/lib/python3.12/site-packages/airflow/example_dags/example_sla_dag.py
[2025-12-14T17:17:23.955+0000] {processor.py:840} INFO - DAG(s) 'example_sla_dag' retrieved from /home/airflow/.local/lib/python3.12/site-packages/airflow/example_dags/example_sla_dag.py
[2025-12-14T17:17:23.978+0000] {logging_mixin.py:188} INFO - [2025-12-14T17:17:23.978+0000] {dag.py:3096} INFO - Sync 1 DAGs
[2025-12-14T17:17:24.003+0000] {logging_mixin.py:188} INFO - [2025-12-14T17:17:24.003+0000] {dag.py:3954} INFO - Setting next_dagrun for example_sla_dag to 2025-12-14 17:14:00+00:00, run_after=2025-12-14 17:16:00+00:00
[2025-12-14T17:17:24.028+0000] {processor.py:183} INFO - Processing /home/airflow/.local/lib/python3.12/site-packages/airflow/example_dags/example_sla_dag.py took 0.095 seconds
[2025-12-14T17:17:54.416+0000] {processor.py:161} INFO - Started process (PID=1590) to work on /home/airflow/.local/lib/python3.12/site-packages/airflow/example_dags/example_sla_dag.py
[2025-12-14T17:17:54.417+0000] {processor.py:830} INFO - Processing file /home/airflow/.local/lib/python3.12/site-packages/airflow/example_dags/example_sla_dag.py for tasks to queue
[2025-12-14T17:17:54.420+0000] {logging_mixin.py:188} INFO - [2025-12-14T17:17:54.420+0000] {dagbag.py:540} INFO - Filling up the DagBag from /home/airflow/.local/lib/python3.12/site-packages/airflow/example_dags/example_sla_dag.py
[2025-12-14T17:17:54.431+0000] {processor.py:840} INFO - DAG(s) 'example_sla_dag' retrieved from /home/airflow/.local/lib/python3.12/site-packages/airflow/example_dags/example_sla_dag.py
[2025-12-14T17:17:54.455+0000] {logging_mixin.py:188} INFO - [2025-12-14T17:17:54.454+0000] {dag.py:3096} INFO - Sync 1 DAGs
[2025-12-14T17:17:54.480+0000] {logging_mixin.py:188} INFO - [2025-12-14T17:17:54.480+0000] {dag.py:3954} INFO - Setting next_dagrun for example_sla_dag to 2025-12-14 17:14:00+00:00, run_after=2025-12-14 17:16:00+00:00
[2025-12-14T17:17:54.505+0000] {processor.py:183} INFO - Processing /home/airflow/.local/lib/python3.12/site-packages/airflow/example_dags/example_sla_dag.py took 0.096 seconds
[2025-12-14T17:18:25.343+0000] {processor.py:161} INFO - Started process (PID=1661) to work on /home/airflow/.local/lib/python3.12/site-packages/airflow/example_dags/example_sla_dag.py
[2025-12-14T17:18:25.345+0000] {processor.py:830} INFO - Processing file /home/airflow/.local/lib/python3.12/site-packages/airflow/example_dags/example_sla_dag.py for tasks to queue
[2025-12-14T17:18:25.347+0000] {logging_mixin.py:188} INFO - [2025-12-14T17:18:25.347+0000] {dagbag.py:540} INFO - Filling up the DagBag from /home/airflow/.local/lib/python3.12/site-packages/airflow/example_dags/example_sla_dag.py
[2025-12-14T17:18:25.359+0000] {processor.py:840} INFO - DAG(s) 'example_sla_dag' retrieved from /home/airflow/.local/lib/python3.12/site-packages/airflow/example_dags/example_sla_dag.py
[2025-12-14T17:18:25.383+0000] {logging_mixin.py:188} INFO - [2025-12-14T17:18:25.383+0000] {dag.py:3096} INFO - Sync 1 DAGs
[2025-12-14T17:18:25.408+0000] {logging_mixin.py:188} INFO - [2025-12-14T17:18:25.408+0000] {dag.py:3954} INFO - Setting next_dagrun for example_sla_dag to 2025-12-14 17:16:00+00:00, run_after=2025-12-14 17:18:00+00:00
[2025-12-14T17:18:25.431+0000] {processor.py:183} INFO - Processing /home/airflow/.local/lib/python3.12/site-packages/airflow/example_dags/example_sla_dag.py took 0.097 seconds
[2025-12-14T17:18:55.815+0000] {processor.py:161} INFO - Started process (PID=1732) to work on /home/airflow/.local/lib/python3.12/site-packages/airflow/example_dags/example_sla_dag.py
[2025-12-14T17:18:55.817+0000] {processor.py:830} INFO - Processing file /home/airflow/.local/lib/python3.12/site-packages/airflow/example_dags/example_sla_dag.py for tasks to queue
[2025-12-14T17:18:55.819+0000] {logging_mixin.py:188} INFO - [2025-12-14T17:18:55.819+0000] {dagbag.py:540} INFO - Filling up the DagBag from /home/airflow/.local/lib/python3.12/site-packages/airflow/example_dags/example_sla_dag.py
[2025-12-14T17:18:55.829+0000] {processor.py:840} INFO - DAG(s) 'example_sla_dag' retrieved from /home/airflow/.local/lib/python3.12/site-packages/airflow/example_dags/example_sla_dag.py
[2025-12-14T17:18:55.853+0000] {logging_mixin.py:188} INFO - [2025-12-14T17:18:55.853+0000] {dag.py:3096} INFO - Sync 1 DAGs
[2025-12-14T17:18:55.879+0000] {logging_mixin.py:188} INFO - [2025-12-14T17:18:55.878+0000] {dag.py:3954} INFO - Setting next_dagrun for example_sla_dag to 2025-12-14 17:16:00+00:00, run_after=2025-12-14 17:18:00+00:00
[2025-12-14T17:18:55.899+0000] {processor.py:183} INFO - Processing /home/airflow/.local/lib/python3.12/site-packages/airflow/example_dags/example_sla_dag.py took 0.092 seconds
[2025-12-14T17:19:26.257+0000] {processor.py:161} INFO - Started process (PID=1803) to work on /home/airflow/.local/lib/python3.12/site-packages/airflow/example_dags/example_sla_dag.py
[2025-12-14T17:19:26.258+0000] {processor.py:830} INFO - Processing file /home/airflow/.local/lib/python3.12/site-packages/airflow/example_dags/example_sla_dag.py for tasks to queue
[2025-12-14T17:19:26.261+0000] {logging_mixin.py:188} INFO - [2025-12-14T17:19:26.260+0000] {dagbag.py:540} INFO - Filling up the DagBag from /home/airflow/.local/lib/python3.12/site-packages/airflow/example_dags/example_sla_dag.py
[2025-12-14T17:19:26.271+0000] {processor.py:840} INFO - DAG(s) 'example_sla_dag' retrieved from /home/airflow/.local/lib/python3.12/site-packages/airflow/example_dags/example_sla_dag.py
[2025-12-14T17:19:26.294+0000] {logging_mixin.py:188} INFO - [2025-12-14T17:19:26.294+0000] {dag.py:3096} INFO - Sync 1 DAGs
[2025-12-14T17:19:26.319+0000] {logging_mixin.py:188} INFO - [2025-12-14T17:19:26.318+0000] {dag.py:3954} INFO - Setting next_dagrun for example_sla_dag to 2025-12-14 17:16:00+00:00, run_after=2025-12-14 17:18:00+00:00
[2025-12-14T17:19:26.343+0000] {processor.py:183} INFO - Processing /home/airflow/.local/lib/python3.12/site-packages/airflow/example_dags/example_sla_dag.py took 0.093 seconds
[2025-12-14T17:19:57.200+0000] {processor.py:161} INFO - Started process (PID=1874) to work on /home/airflow/.local/lib/python3.12/site-packages/airflow/example_dags/example_sla_dag.py
[2025-12-14T17:19:57.201+0000] {processor.py:830} INFO - Processing file /home/airflow/.local/lib/python3.12/site-packages/airflow/example_dags/example_sla_dag.py for tasks to queue
[2025-12-14T17:19:57.205+0000] {logging_mixin.py:188} INFO - [2025-12-14T17:19:57.204+0000] {dagbag.py:540} INFO - Filling up the DagBag from /home/airflow/.local/lib/python3.12/site-packages/airflow/example_dags/example_sla_dag.py
[2025-12-14T17:19:57.222+0000] {processor.py:840} INFO - DAG(s) 'example_sla_dag' retrieved from /home/airflow/.local/lib/python3.12/site-packages/airflow/example_dags/example_sla_dag.py
[2025-12-14T17:19:57.267+0000] {logging_mixin.py:188} INFO - [2025-12-14T17:19:57.267+0000] {dag.py:3096} INFO - Sync 1 DAGs
[2025-12-14T17:19:57.331+0000] {logging_mixin.py:188} INFO - [2025-12-14T17:19:57.330+0000] {dag.py:3954} INFO - Setting next_dagrun for example_sla_dag to 2025-12-14 17:16:00+00:00, run_after=2025-12-14 17:18:00+00:00
[2025-12-14T17:19:57.366+0000] {processor.py:183} INFO - Processing /home/airflow/.local/lib/python3.12/site-packages/airflow/example_dags/example_sla_dag.py took 0.173 seconds
[2025-12-14T17:20:27.626+0000] {processor.py:161} INFO - Started process (PID=1945) to work on /home/airflow/.local/lib/python3.12/site-packages/airflow/example_dags/example_sla_dag.py
[2025-12-14T17:20:27.628+0000] {processor.py:830} INFO - Processing file /home/airflow/.local/lib/python3.12/site-packages/airflow/example_dags/example_sla_dag.py for tasks to queue
[2025-12-14T17:20:27.633+0000] {logging_mixin.py:188} INFO - [2025-12-14T17:20:27.631+0000] {dagbag.py:540} INFO - Filling up the DagBag from /home/airflow/.local/lib/python3.12/site-packages/airflow/example_dags/example_sla_dag.py
[2025-12-14T17:20:27.650+0000] {processor.py:840} INFO - DAG(s) 'example_sla_dag' retrieved from /home/airflow/.local/lib/python3.12/site-packages/airflow/example_dags/example_sla_dag.py
[2025-12-14T17:20:27.687+0000] {logging_mixin.py:188} INFO - [2025-12-14T17:20:27.686+0000] {dag.py:3096} INFO - Sync 1 DAGs
[2025-12-14T17:20:27.757+0000] {logging_mixin.py:188} INFO - [2025-12-14T17:20:27.757+0000] {dag.py:3954} INFO - Setting next_dagrun for example_sla_dag to 2025-12-14 17:18:00+00:00, run_after=2025-12-14 17:20:00+00:00
[2025-12-14T17:20:27.801+0000] {processor.py:183} INFO - Processing /home/airflow/.local/lib/python3.12/site-packages/airflow/example_dags/example_sla_dag.py took 0.188 seconds
