[2025-12-14T16:49:15.396+0000] {processor.py:161} INFO - Started process (PID=103) to work on /home/airflow/.local/lib/python3.12/site-packages/airflow/example_dags/example_short_circuit_operator.py
[2025-12-14T16:49:15.397+0000] {processor.py:830} INFO - Processing file /home/airflow/.local/lib/python3.12/site-packages/airflow/example_dags/example_short_circuit_operator.py for tasks to queue
[2025-12-14T16:49:15.400+0000] {logging_mixin.py:188} INFO - [2025-12-14T16:49:15.400+0000] {dagbag.py:540} INFO - Filling up the DagBag from /home/airflow/.local/lib/python3.12/site-packages/airflow/example_dags/example_short_circuit_operator.py
[2025-12-14T16:49:15.412+0000] {processor.py:840} INFO - DAG(s) 'example_short_circuit_operator' retrieved from /home/airflow/.local/lib/python3.12/site-packages/airflow/example_dags/example_short_circuit_operator.py
[2025-12-14T16:49:15.582+0000] {logging_mixin.py:188} INFO - [2025-12-14T16:49:15.582+0000] {dag.py:3096} INFO - Sync 1 DAGs
[2025-12-14T16:49:15.612+0000] {logging_mixin.py:188} INFO - [2025-12-14T16:49:15.612+0000] {dag.py:3954} INFO - Setting next_dagrun for example_short_circuit_operator to 2025-12-13 00:00:00+00:00, run_after=2025-12-14 00:00:00+00:00
[2025-12-14T16:49:15.644+0000] {processor.py:183} INFO - Processing /home/airflow/.local/lib/python3.12/site-packages/airflow/example_dags/example_short_circuit_operator.py took 0.257 seconds
[2025-12-14T16:49:45.918+0000] {processor.py:161} INFO - Started process (PID=168) to work on /home/airflow/.local/lib/python3.12/site-packages/airflow/example_dags/example_short_circuit_operator.py
[2025-12-14T16:49:45.919+0000] {processor.py:830} INFO - Processing file /home/airflow/.local/lib/python3.12/site-packages/airflow/example_dags/example_short_circuit_operator.py for tasks to queue
[2025-12-14T16:49:45.921+0000] {logging_mixin.py:188} INFO - [2025-12-14T16:49:45.921+0000] {dagbag.py:540} INFO - Filling up the DagBag from /home/airflow/.local/lib/python3.12/site-packages/airflow/example_dags/example_short_circuit_operator.py
[2025-12-14T16:49:45.930+0000] {processor.py:840} INFO - DAG(s) 'example_short_circuit_operator' retrieved from /home/airflow/.local/lib/python3.12/site-packages/airflow/example_dags/example_short_circuit_operator.py
[2025-12-14T16:49:45.956+0000] {logging_mixin.py:188} INFO - [2025-12-14T16:49:45.955+0000] {dag.py:3096} INFO - Sync 1 DAGs
[2025-12-14T16:49:45.982+0000] {logging_mixin.py:188} INFO - [2025-12-14T16:49:45.982+0000] {dag.py:3954} INFO - Setting next_dagrun for example_short_circuit_operator to 2025-12-13 00:00:00+00:00, run_after=2025-12-14 00:00:00+00:00
[2025-12-14T16:49:46.008+0000] {processor.py:183} INFO - Processing /home/airflow/.local/lib/python3.12/site-packages/airflow/example_dags/example_short_circuit_operator.py took 0.097 seconds
[2025-12-14T16:50:16.793+0000] {processor.py:161} INFO - Started process (PID=226) to work on /home/airflow/.local/lib/python3.12/site-packages/airflow/example_dags/example_short_circuit_operator.py
[2025-12-14T16:50:16.795+0000] {processor.py:830} INFO - Processing file /home/airflow/.local/lib/python3.12/site-packages/airflow/example_dags/example_short_circuit_operator.py for tasks to queue
[2025-12-14T16:50:16.797+0000] {logging_mixin.py:188} INFO - [2025-12-14T16:50:16.797+0000] {dagbag.py:540} INFO - Filling up the DagBag from /home/airflow/.local/lib/python3.12/site-packages/airflow/example_dags/example_short_circuit_operator.py
[2025-12-14T16:50:16.807+0000] {processor.py:840} INFO - DAG(s) 'example_short_circuit_operator' retrieved from /home/airflow/.local/lib/python3.12/site-packages/airflow/example_dags/example_short_circuit_operator.py
[2025-12-14T16:50:16.834+0000] {logging_mixin.py:188} INFO - [2025-12-14T16:50:16.834+0000] {dag.py:3096} INFO - Sync 1 DAGs
[2025-12-14T16:50:16.859+0000] {logging_mixin.py:188} INFO - [2025-12-14T16:50:16.859+0000] {dag.py:3954} INFO - Setting next_dagrun for example_short_circuit_operator to 2025-12-13 00:00:00+00:00, run_after=2025-12-14 00:00:00+00:00
[2025-12-14T16:50:16.883+0000] {processor.py:183} INFO - Processing /home/airflow/.local/lib/python3.12/site-packages/airflow/example_dags/example_short_circuit_operator.py took 0.097 seconds
[2025-12-14T16:50:47.104+0000] {processor.py:161} INFO - Started process (PID=291) to work on /home/airflow/.local/lib/python3.12/site-packages/airflow/example_dags/example_short_circuit_operator.py
[2025-12-14T16:50:47.106+0000] {processor.py:830} INFO - Processing file /home/airflow/.local/lib/python3.12/site-packages/airflow/example_dags/example_short_circuit_operator.py for tasks to queue
[2025-12-14T16:50:47.111+0000] {logging_mixin.py:188} INFO - [2025-12-14T16:50:47.110+0000] {dagbag.py:540} INFO - Filling up the DagBag from /home/airflow/.local/lib/python3.12/site-packages/airflow/example_dags/example_short_circuit_operator.py
[2025-12-14T16:50:47.135+0000] {processor.py:840} INFO - DAG(s) 'example_short_circuit_operator' retrieved from /home/airflow/.local/lib/python3.12/site-packages/airflow/example_dags/example_short_circuit_operator.py
[2025-12-14T16:50:47.187+0000] {logging_mixin.py:188} INFO - [2025-12-14T16:50:47.186+0000] {dag.py:3096} INFO - Sync 1 DAGs
[2025-12-14T16:50:47.232+0000] {logging_mixin.py:188} INFO - [2025-12-14T16:50:47.232+0000] {dag.py:3954} INFO - Setting next_dagrun for example_short_circuit_operator to 2025-12-13 00:00:00+00:00, run_after=2025-12-14 00:00:00+00:00
[2025-12-14T16:50:47.265+0000] {processor.py:183} INFO - Processing /home/airflow/.local/lib/python3.12/site-packages/airflow/example_dags/example_short_circuit_operator.py took 0.170 seconds
[2025-12-14T16:51:17.888+0000] {processor.py:161} INFO - Started process (PID=349) to work on /home/airflow/.local/lib/python3.12/site-packages/airflow/example_dags/example_short_circuit_operator.py
[2025-12-14T16:51:17.890+0000] {processor.py:830} INFO - Processing file /home/airflow/.local/lib/python3.12/site-packages/airflow/example_dags/example_short_circuit_operator.py for tasks to queue
[2025-12-14T16:51:17.893+0000] {logging_mixin.py:188} INFO - [2025-12-14T16:51:17.892+0000] {dagbag.py:540} INFO - Filling up the DagBag from /home/airflow/.local/lib/python3.12/site-packages/airflow/example_dags/example_short_circuit_operator.py
[2025-12-14T16:51:17.904+0000] {processor.py:840} INFO - DAG(s) 'example_short_circuit_operator' retrieved from /home/airflow/.local/lib/python3.12/site-packages/airflow/example_dags/example_short_circuit_operator.py
[2025-12-14T16:51:17.936+0000] {logging_mixin.py:188} INFO - [2025-12-14T16:51:17.935+0000] {dag.py:3096} INFO - Sync 1 DAGs
[2025-12-14T16:51:17.963+0000] {logging_mixin.py:188} INFO - [2025-12-14T16:51:17.963+0000] {dag.py:3954} INFO - Setting next_dagrun for example_short_circuit_operator to 2025-12-13 00:00:00+00:00, run_after=2025-12-14 00:00:00+00:00
[2025-12-14T16:51:17.992+0000] {processor.py:183} INFO - Processing /home/airflow/.local/lib/python3.12/site-packages/airflow/example_dags/example_short_circuit_operator.py took 0.113 seconds
[2025-12-14T16:51:48.502+0000] {processor.py:161} INFO - Started process (PID=407) to work on /home/airflow/.local/lib/python3.12/site-packages/airflow/example_dags/example_short_circuit_operator.py
[2025-12-14T16:51:48.504+0000] {processor.py:830} INFO - Processing file /home/airflow/.local/lib/python3.12/site-packages/airflow/example_dags/example_short_circuit_operator.py for tasks to queue
[2025-12-14T16:51:48.510+0000] {logging_mixin.py:188} INFO - [2025-12-14T16:51:48.509+0000] {dagbag.py:540} INFO - Filling up the DagBag from /home/airflow/.local/lib/python3.12/site-packages/airflow/example_dags/example_short_circuit_operator.py
[2025-12-14T16:51:48.524+0000] {processor.py:840} INFO - DAG(s) 'example_short_circuit_operator' retrieved from /home/airflow/.local/lib/python3.12/site-packages/airflow/example_dags/example_short_circuit_operator.py
[2025-12-14T16:51:48.558+0000] {logging_mixin.py:188} INFO - [2025-12-14T16:51:48.558+0000] {dag.py:3096} INFO - Sync 1 DAGs
[2025-12-14T16:51:48.594+0000] {logging_mixin.py:188} INFO - [2025-12-14T16:51:48.594+0000] {dag.py:3954} INFO - Setting next_dagrun for example_short_circuit_operator to 2025-12-13 00:00:00+00:00, run_after=2025-12-14 00:00:00+00:00
[2025-12-14T16:51:48.627+0000] {processor.py:183} INFO - Processing /home/airflow/.local/lib/python3.12/site-packages/airflow/example_dags/example_short_circuit_operator.py took 0.134 seconds
[2025-12-14T16:52:19.584+0000] {processor.py:161} INFO - Started process (PID=465) to work on /home/airflow/.local/lib/python3.12/site-packages/airflow/example_dags/example_short_circuit_operator.py
[2025-12-14T16:52:19.586+0000] {processor.py:830} INFO - Processing file /home/airflow/.local/lib/python3.12/site-packages/airflow/example_dags/example_short_circuit_operator.py for tasks to queue
[2025-12-14T16:52:19.588+0000] {logging_mixin.py:188} INFO - [2025-12-14T16:52:19.588+0000] {dagbag.py:540} INFO - Filling up the DagBag from /home/airflow/.local/lib/python3.12/site-packages/airflow/example_dags/example_short_circuit_operator.py
[2025-12-14T16:52:19.598+0000] {processor.py:840} INFO - DAG(s) 'example_short_circuit_operator' retrieved from /home/airflow/.local/lib/python3.12/site-packages/airflow/example_dags/example_short_circuit_operator.py
[2025-12-14T16:52:19.625+0000] {logging_mixin.py:188} INFO - [2025-12-14T16:52:19.625+0000] {dag.py:3096} INFO - Sync 1 DAGs
[2025-12-14T16:52:19.651+0000] {logging_mixin.py:188} INFO - [2025-12-14T16:52:19.651+0000] {dag.py:3954} INFO - Setting next_dagrun for example_short_circuit_operator to 2025-12-13 00:00:00+00:00, run_after=2025-12-14 00:00:00+00:00
[2025-12-14T16:52:19.677+0000] {processor.py:183} INFO - Processing /home/airflow/.local/lib/python3.12/site-packages/airflow/example_dags/example_short_circuit_operator.py took 0.099 seconds
[2025-12-14T16:55:11.698+0000] {processor.py:161} INFO - Started process (PID=156) to work on /home/airflow/.local/lib/python3.12/site-packages/airflow/example_dags/example_short_circuit_operator.py
[2025-12-14T16:55:11.702+0000] {processor.py:830} INFO - Processing file /home/airflow/.local/lib/python3.12/site-packages/airflow/example_dags/example_short_circuit_operator.py for tasks to queue
[2025-12-14T16:55:11.708+0000] {logging_mixin.py:188} INFO - [2025-12-14T16:55:11.707+0000] {dagbag.py:540} INFO - Filling up the DagBag from /home/airflow/.local/lib/python3.12/site-packages/airflow/example_dags/example_short_circuit_operator.py
[2025-12-14T16:55:11.723+0000] {processor.py:840} INFO - DAG(s) 'example_short_circuit_operator' retrieved from /home/airflow/.local/lib/python3.12/site-packages/airflow/example_dags/example_short_circuit_operator.py
[2025-12-14T16:55:11.897+0000] {logging_mixin.py:188} INFO - [2025-12-14T16:55:11.897+0000] {dag.py:3096} INFO - Sync 1 DAGs
[2025-12-14T16:55:11.920+0000] {logging_mixin.py:188} INFO - [2025-12-14T16:55:11.920+0000] {dag.py:3954} INFO - Setting next_dagrun for example_short_circuit_operator to 2025-12-13 00:00:00+00:00, run_after=2025-12-14 00:00:00+00:00
[2025-12-14T16:55:11.949+0000] {processor.py:183} INFO - Processing /home/airflow/.local/lib/python3.12/site-packages/airflow/example_dags/example_short_circuit_operator.py took 0.266 seconds
[2025-12-14T16:55:42.697+0000] {processor.py:161} INFO - Started process (PID=228) to work on /home/airflow/.local/lib/python3.12/site-packages/airflow/example_dags/example_short_circuit_operator.py
[2025-12-14T16:55:42.699+0000] {processor.py:830} INFO - Processing file /home/airflow/.local/lib/python3.12/site-packages/airflow/example_dags/example_short_circuit_operator.py for tasks to queue
[2025-12-14T16:55:42.702+0000] {logging_mixin.py:188} INFO - [2025-12-14T16:55:42.702+0000] {dagbag.py:540} INFO - Filling up the DagBag from /home/airflow/.local/lib/python3.12/site-packages/airflow/example_dags/example_short_circuit_operator.py
[2025-12-14T16:55:42.712+0000] {processor.py:840} INFO - DAG(s) 'example_short_circuit_operator' retrieved from /home/airflow/.local/lib/python3.12/site-packages/airflow/example_dags/example_short_circuit_operator.py
[2025-12-14T16:55:42.747+0000] {logging_mixin.py:188} INFO - [2025-12-14T16:55:42.746+0000] {dag.py:3096} INFO - Sync 1 DAGs
[2025-12-14T16:55:42.786+0000] {logging_mixin.py:188} INFO - [2025-12-14T16:55:42.786+0000] {dag.py:3954} INFO - Setting next_dagrun for example_short_circuit_operator to 2025-12-13 00:00:00+00:00, run_after=2025-12-14 00:00:00+00:00
[2025-12-14T16:55:42.820+0000] {processor.py:183} INFO - Processing /home/airflow/.local/lib/python3.12/site-packages/airflow/example_dags/example_short_circuit_operator.py took 0.130 seconds
[2025-12-14T16:56:13.048+0000] {processor.py:161} INFO - Started process (PID=299) to work on /home/airflow/.local/lib/python3.12/site-packages/airflow/example_dags/example_short_circuit_operator.py
[2025-12-14T16:56:13.050+0000] {processor.py:830} INFO - Processing file /home/airflow/.local/lib/python3.12/site-packages/airflow/example_dags/example_short_circuit_operator.py for tasks to queue
[2025-12-14T16:56:13.052+0000] {logging_mixin.py:188} INFO - [2025-12-14T16:56:13.051+0000] {dagbag.py:540} INFO - Filling up the DagBag from /home/airflow/.local/lib/python3.12/site-packages/airflow/example_dags/example_short_circuit_operator.py
[2025-12-14T16:56:13.062+0000] {processor.py:840} INFO - DAG(s) 'example_short_circuit_operator' retrieved from /home/airflow/.local/lib/python3.12/site-packages/airflow/example_dags/example_short_circuit_operator.py
[2025-12-14T16:56:13.091+0000] {logging_mixin.py:188} INFO - [2025-12-14T16:56:13.090+0000] {dag.py:3096} INFO - Sync 1 DAGs
[2025-12-14T16:56:13.114+0000] {logging_mixin.py:188} INFO - [2025-12-14T16:56:13.114+0000] {dag.py:3954} INFO - Setting next_dagrun for example_short_circuit_operator to 2025-12-13 00:00:00+00:00, run_after=2025-12-14 00:00:00+00:00
[2025-12-14T16:56:13.136+0000] {processor.py:183} INFO - Processing /home/airflow/.local/lib/python3.12/site-packages/airflow/example_dags/example_short_circuit_operator.py took 0.095 seconds
[2025-12-14T16:56:44.287+0000] {processor.py:161} INFO - Started process (PID=371) to work on /home/airflow/.local/lib/python3.12/site-packages/airflow/example_dags/example_short_circuit_operator.py
[2025-12-14T16:56:44.288+0000] {processor.py:830} INFO - Processing file /home/airflow/.local/lib/python3.12/site-packages/airflow/example_dags/example_short_circuit_operator.py for tasks to queue
[2025-12-14T16:56:44.290+0000] {logging_mixin.py:188} INFO - [2025-12-14T16:56:44.290+0000] {dagbag.py:540} INFO - Filling up the DagBag from /home/airflow/.local/lib/python3.12/site-packages/airflow/example_dags/example_short_circuit_operator.py
[2025-12-14T16:56:44.299+0000] {processor.py:840} INFO - DAG(s) 'example_short_circuit_operator' retrieved from /home/airflow/.local/lib/python3.12/site-packages/airflow/example_dags/example_short_circuit_operator.py
[2025-12-14T16:56:44.327+0000] {logging_mixin.py:188} INFO - [2025-12-14T16:56:44.326+0000] {dag.py:3096} INFO - Sync 1 DAGs
[2025-12-14T16:56:44.357+0000] {logging_mixin.py:188} INFO - [2025-12-14T16:56:44.357+0000] {dag.py:3954} INFO - Setting next_dagrun for example_short_circuit_operator to 2025-12-13 00:00:00+00:00, run_after=2025-12-14 00:00:00+00:00
[2025-12-14T16:56:44.380+0000] {processor.py:183} INFO - Processing /home/airflow/.local/lib/python3.12/site-packages/airflow/example_dags/example_short_circuit_operator.py took 0.100 seconds
[2025-12-14T16:57:15.506+0000] {processor.py:161} INFO - Started process (PID=442) to work on /home/airflow/.local/lib/python3.12/site-packages/airflow/example_dags/example_short_circuit_operator.py
[2025-12-14T16:57:15.508+0000] {processor.py:830} INFO - Processing file /home/airflow/.local/lib/python3.12/site-packages/airflow/example_dags/example_short_circuit_operator.py for tasks to queue
[2025-12-14T16:57:15.510+0000] {logging_mixin.py:188} INFO - [2025-12-14T16:57:15.510+0000] {dagbag.py:540} INFO - Filling up the DagBag from /home/airflow/.local/lib/python3.12/site-packages/airflow/example_dags/example_short_circuit_operator.py
[2025-12-14T16:57:15.520+0000] {processor.py:840} INFO - DAG(s) 'example_short_circuit_operator' retrieved from /home/airflow/.local/lib/python3.12/site-packages/airflow/example_dags/example_short_circuit_operator.py
[2025-12-14T16:57:15.549+0000] {logging_mixin.py:188} INFO - [2025-12-14T16:57:15.548+0000] {dag.py:3096} INFO - Sync 1 DAGs
[2025-12-14T16:57:15.576+0000] {logging_mixin.py:188} INFO - [2025-12-14T16:57:15.576+0000] {dag.py:3954} INFO - Setting next_dagrun for example_short_circuit_operator to 2025-12-13 00:00:00+00:00, run_after=2025-12-14 00:00:00+00:00
[2025-12-14T16:57:15.601+0000] {processor.py:183} INFO - Processing /home/airflow/.local/lib/python3.12/site-packages/airflow/example_dags/example_short_circuit_operator.py took 0.104 seconds
[2025-12-14T16:58:35.948+0000] {processor.py:161} INFO - Started process (PID=105) to work on /home/airflow/.local/lib/python3.12/site-packages/airflow/example_dags/example_short_circuit_operator.py
[2025-12-14T16:58:35.950+0000] {processor.py:830} INFO - Processing file /home/airflow/.local/lib/python3.12/site-packages/airflow/example_dags/example_short_circuit_operator.py for tasks to queue
[2025-12-14T16:58:35.953+0000] {logging_mixin.py:188} INFO - [2025-12-14T16:58:35.953+0000] {dagbag.py:540} INFO - Filling up the DagBag from /home/airflow/.local/lib/python3.12/site-packages/airflow/example_dags/example_short_circuit_operator.py
[2025-12-14T16:58:35.967+0000] {processor.py:840} INFO - DAG(s) 'example_short_circuit_operator' retrieved from /home/airflow/.local/lib/python3.12/site-packages/airflow/example_dags/example_short_circuit_operator.py
[2025-12-14T16:58:36.136+0000] {logging_mixin.py:188} INFO - [2025-12-14T16:58:36.136+0000] {dag.py:3096} INFO - Sync 1 DAGs
[2025-12-14T16:58:36.167+0000] {logging_mixin.py:188} INFO - [2025-12-14T16:58:36.167+0000] {dag.py:3954} INFO - Setting next_dagrun for example_short_circuit_operator to 2025-12-13 00:00:00+00:00, run_after=2025-12-14 00:00:00+00:00
[2025-12-14T16:58:36.199+0000] {processor.py:183} INFO - Processing /home/airflow/.local/lib/python3.12/site-packages/airflow/example_dags/example_short_circuit_operator.py took 0.261 seconds
[2025-12-14T16:59:06.636+0000] {processor.py:161} INFO - Started process (PID=165) to work on /home/airflow/.local/lib/python3.12/site-packages/airflow/example_dags/example_short_circuit_operator.py
[2025-12-14T16:59:06.638+0000] {processor.py:830} INFO - Processing file /home/airflow/.local/lib/python3.12/site-packages/airflow/example_dags/example_short_circuit_operator.py for tasks to queue
[2025-12-14T16:59:06.641+0000] {logging_mixin.py:188} INFO - [2025-12-14T16:59:06.640+0000] {dagbag.py:540} INFO - Filling up the DagBag from /home/airflow/.local/lib/python3.12/site-packages/airflow/example_dags/example_short_circuit_operator.py
[2025-12-14T16:59:06.650+0000] {processor.py:840} INFO - DAG(s) 'example_short_circuit_operator' retrieved from /home/airflow/.local/lib/python3.12/site-packages/airflow/example_dags/example_short_circuit_operator.py
[2025-12-14T16:59:06.693+0000] {logging_mixin.py:188} INFO - [2025-12-14T16:59:06.693+0000] {dag.py:3096} INFO - Sync 1 DAGs
[2025-12-14T16:59:06.724+0000] {logging_mixin.py:188} INFO - [2025-12-14T16:59:06.723+0000] {dag.py:3954} INFO - Setting next_dagrun for example_short_circuit_operator to 2025-12-13 00:00:00+00:00, run_after=2025-12-14 00:00:00+00:00
[2025-12-14T16:59:06.763+0000] {processor.py:183} INFO - Processing /home/airflow/.local/lib/python3.12/site-packages/airflow/example_dags/example_short_circuit_operator.py took 0.133 seconds
[2025-12-14T16:59:37.725+0000] {processor.py:161} INFO - Started process (PID=225) to work on /home/airflow/.local/lib/python3.12/site-packages/airflow/example_dags/example_short_circuit_operator.py
[2025-12-14T16:59:37.727+0000] {processor.py:830} INFO - Processing file /home/airflow/.local/lib/python3.12/site-packages/airflow/example_dags/example_short_circuit_operator.py for tasks to queue
[2025-12-14T16:59:37.729+0000] {logging_mixin.py:188} INFO - [2025-12-14T16:59:37.728+0000] {dagbag.py:540} INFO - Filling up the DagBag from /home/airflow/.local/lib/python3.12/site-packages/airflow/example_dags/example_short_circuit_operator.py
[2025-12-14T16:59:37.741+0000] {processor.py:840} INFO - DAG(s) 'example_short_circuit_operator' retrieved from /home/airflow/.local/lib/python3.12/site-packages/airflow/example_dags/example_short_circuit_operator.py
[2025-12-14T16:59:37.778+0000] {logging_mixin.py:188} INFO - [2025-12-14T16:59:37.777+0000] {dag.py:3096} INFO - Sync 1 DAGs
[2025-12-14T16:59:37.813+0000] {logging_mixin.py:188} INFO - [2025-12-14T16:59:37.812+0000] {dag.py:3954} INFO - Setting next_dagrun for example_short_circuit_operator to 2025-12-13 00:00:00+00:00, run_after=2025-12-14 00:00:00+00:00
[2025-12-14T16:59:37.841+0000] {processor.py:183} INFO - Processing /home/airflow/.local/lib/python3.12/site-packages/airflow/example_dags/example_short_circuit_operator.py took 0.124 seconds
[2025-12-14T17:00:08.381+0000] {processor.py:161} INFO - Started process (PID=285) to work on /home/airflow/.local/lib/python3.12/site-packages/airflow/example_dags/example_short_circuit_operator.py
[2025-12-14T17:00:08.383+0000] {processor.py:830} INFO - Processing file /home/airflow/.local/lib/python3.12/site-packages/airflow/example_dags/example_short_circuit_operator.py for tasks to queue
[2025-12-14T17:00:08.384+0000] {logging_mixin.py:188} INFO - [2025-12-14T17:00:08.384+0000] {dagbag.py:540} INFO - Filling up the DagBag from /home/airflow/.local/lib/python3.12/site-packages/airflow/example_dags/example_short_circuit_operator.py
[2025-12-14T17:00:08.398+0000] {processor.py:840} INFO - DAG(s) 'example_short_circuit_operator' retrieved from /home/airflow/.local/lib/python3.12/site-packages/airflow/example_dags/example_short_circuit_operator.py
[2025-12-14T17:00:08.428+0000] {logging_mixin.py:188} INFO - [2025-12-14T17:00:08.427+0000] {dag.py:3096} INFO - Sync 1 DAGs
[2025-12-14T17:00:08.458+0000] {logging_mixin.py:188} INFO - [2025-12-14T17:00:08.458+0000] {dag.py:3954} INFO - Setting next_dagrun for example_short_circuit_operator to 2025-12-13 00:00:00+00:00, run_after=2025-12-14 00:00:00+00:00
[2025-12-14T17:00:08.486+0000] {processor.py:183} INFO - Processing /home/airflow/.local/lib/python3.12/site-packages/airflow/example_dags/example_short_circuit_operator.py took 0.114 seconds
[2025-12-14T17:00:40.778+0000] {processor.py:161} INFO - Started process (PID=345) to work on /home/airflow/.local/lib/python3.12/site-packages/airflow/example_dags/example_short_circuit_operator.py
[2025-12-14T17:00:40.780+0000] {processor.py:830} INFO - Processing file /home/airflow/.local/lib/python3.12/site-packages/airflow/example_dags/example_short_circuit_operator.py for tasks to queue
[2025-12-14T17:00:40.783+0000] {logging_mixin.py:188} INFO - [2025-12-14T17:00:40.782+0000] {dagbag.py:540} INFO - Filling up the DagBag from /home/airflow/.local/lib/python3.12/site-packages/airflow/example_dags/example_short_circuit_operator.py
[2025-12-14T17:00:40.801+0000] {processor.py:840} INFO - DAG(s) 'example_short_circuit_operator' retrieved from /home/airflow/.local/lib/python3.12/site-packages/airflow/example_dags/example_short_circuit_operator.py
[2025-12-14T17:00:40.841+0000] {logging_mixin.py:188} INFO - [2025-12-14T17:00:40.841+0000] {dag.py:3096} INFO - Sync 1 DAGs
[2025-12-14T17:00:40.876+0000] {logging_mixin.py:188} INFO - [2025-12-14T17:00:40.876+0000] {dag.py:3954} INFO - Setting next_dagrun for example_short_circuit_operator to 2025-12-13 00:00:00+00:00, run_after=2025-12-14 00:00:00+00:00
[2025-12-14T17:00:40.902+0000] {processor.py:183} INFO - Processing /home/airflow/.local/lib/python3.12/site-packages/airflow/example_dags/example_short_circuit_operator.py took 0.143 seconds
[2025-12-14T17:02:55.093+0000] {processor.py:161} INFO - Started process (PID=143) to work on /home/airflow/.local/lib/python3.12/site-packages/airflow/example_dags/example_short_circuit_operator.py
[2025-12-14T17:02:55.095+0000] {processor.py:830} INFO - Processing file /home/airflow/.local/lib/python3.12/site-packages/airflow/example_dags/example_short_circuit_operator.py for tasks to queue
[2025-12-14T17:02:55.098+0000] {logging_mixin.py:188} INFO - [2025-12-14T17:02:55.097+0000] {dagbag.py:540} INFO - Filling up the DagBag from /home/airflow/.local/lib/python3.12/site-packages/airflow/example_dags/example_short_circuit_operator.py
[2025-12-14T17:02:55.111+0000] {processor.py:840} INFO - DAG(s) 'example_short_circuit_operator' retrieved from /home/airflow/.local/lib/python3.12/site-packages/airflow/example_dags/example_short_circuit_operator.py
[2025-12-14T17:02:55.300+0000] {logging_mixin.py:188} INFO - [2025-12-14T17:02:55.300+0000] {dag.py:3096} INFO - Sync 1 DAGs
[2025-12-14T17:02:55.330+0000] {logging_mixin.py:188} INFO - [2025-12-14T17:02:55.330+0000] {dag.py:3954} INFO - Setting next_dagrun for example_short_circuit_operator to 2025-12-13 00:00:00+00:00, run_after=2025-12-14 00:00:00+00:00
[2025-12-14T17:02:55.364+0000] {processor.py:183} INFO - Processing /home/airflow/.local/lib/python3.12/site-packages/airflow/example_dags/example_short_circuit_operator.py took 0.281 seconds
[2025-12-14T17:03:25.591+0000] {processor.py:161} INFO - Started process (PID=214) to work on /home/airflow/.local/lib/python3.12/site-packages/airflow/example_dags/example_short_circuit_operator.py
[2025-12-14T17:03:25.593+0000] {processor.py:830} INFO - Processing file /home/airflow/.local/lib/python3.12/site-packages/airflow/example_dags/example_short_circuit_operator.py for tasks to queue
[2025-12-14T17:03:25.597+0000] {logging_mixin.py:188} INFO - [2025-12-14T17:03:25.596+0000] {dagbag.py:540} INFO - Filling up the DagBag from /home/airflow/.local/lib/python3.12/site-packages/airflow/example_dags/example_short_circuit_operator.py
[2025-12-14T17:03:25.608+0000] {processor.py:840} INFO - DAG(s) 'example_short_circuit_operator' retrieved from /home/airflow/.local/lib/python3.12/site-packages/airflow/example_dags/example_short_circuit_operator.py
[2025-12-14T17:03:25.638+0000] {logging_mixin.py:188} INFO - [2025-12-14T17:03:25.637+0000] {dag.py:3096} INFO - Sync 1 DAGs
[2025-12-14T17:03:25.663+0000] {logging_mixin.py:188} INFO - [2025-12-14T17:03:25.663+0000] {dag.py:3954} INFO - Setting next_dagrun for example_short_circuit_operator to 2025-12-13 00:00:00+00:00, run_after=2025-12-14 00:00:00+00:00
[2025-12-14T17:03:25.684+0000] {processor.py:183} INFO - Processing /home/airflow/.local/lib/python3.12/site-packages/airflow/example_dags/example_short_circuit_operator.py took 0.102 seconds
[2025-12-14T17:03:56.430+0000] {processor.py:161} INFO - Started process (PID=285) to work on /home/airflow/.local/lib/python3.12/site-packages/airflow/example_dags/example_short_circuit_operator.py
[2025-12-14T17:03:56.431+0000] {processor.py:830} INFO - Processing file /home/airflow/.local/lib/python3.12/site-packages/airflow/example_dags/example_short_circuit_operator.py for tasks to queue
[2025-12-14T17:03:56.434+0000] {logging_mixin.py:188} INFO - [2025-12-14T17:03:56.433+0000] {dagbag.py:540} INFO - Filling up the DagBag from /home/airflow/.local/lib/python3.12/site-packages/airflow/example_dags/example_short_circuit_operator.py
[2025-12-14T17:03:56.448+0000] {processor.py:840} INFO - DAG(s) 'example_short_circuit_operator' retrieved from /home/airflow/.local/lib/python3.12/site-packages/airflow/example_dags/example_short_circuit_operator.py
[2025-12-14T17:03:56.485+0000] {logging_mixin.py:188} INFO - [2025-12-14T17:03:56.484+0000] {dag.py:3096} INFO - Sync 1 DAGs
[2025-12-14T17:03:56.517+0000] {logging_mixin.py:188} INFO - [2025-12-14T17:03:56.517+0000] {dag.py:3954} INFO - Setting next_dagrun for example_short_circuit_operator to 2025-12-13 00:00:00+00:00, run_after=2025-12-14 00:00:00+00:00
[2025-12-14T17:03:56.540+0000] {processor.py:183} INFO - Processing /home/airflow/.local/lib/python3.12/site-packages/airflow/example_dags/example_short_circuit_operator.py took 0.120 seconds
[2025-12-14T17:04:26.942+0000] {processor.py:161} INFO - Started process (PID=356) to work on /home/airflow/.local/lib/python3.12/site-packages/airflow/example_dags/example_short_circuit_operator.py
[2025-12-14T17:04:26.944+0000] {processor.py:830} INFO - Processing file /home/airflow/.local/lib/python3.12/site-packages/airflow/example_dags/example_short_circuit_operator.py for tasks to queue
[2025-12-14T17:04:26.947+0000] {logging_mixin.py:188} INFO - [2025-12-14T17:04:26.946+0000] {dagbag.py:540} INFO - Filling up the DagBag from /home/airflow/.local/lib/python3.12/site-packages/airflow/example_dags/example_short_circuit_operator.py
[2025-12-14T17:04:26.957+0000] {processor.py:840} INFO - DAG(s) 'example_short_circuit_operator' retrieved from /home/airflow/.local/lib/python3.12/site-packages/airflow/example_dags/example_short_circuit_operator.py
[2025-12-14T17:04:26.989+0000] {logging_mixin.py:188} INFO - [2025-12-14T17:04:26.989+0000] {dag.py:3096} INFO - Sync 1 DAGs
[2025-12-14T17:04:27.017+0000] {logging_mixin.py:188} INFO - [2025-12-14T17:04:27.017+0000] {dag.py:3954} INFO - Setting next_dagrun for example_short_circuit_operator to 2025-12-13 00:00:00+00:00, run_after=2025-12-14 00:00:00+00:00
[2025-12-14T17:04:27.043+0000] {processor.py:183} INFO - Processing /home/airflow/.local/lib/python3.12/site-packages/airflow/example_dags/example_short_circuit_operator.py took 0.110 seconds
[2025-12-14T17:07:18.860+0000] {processor.py:161} INFO - Started process (PID=134) to work on /home/airflow/.local/lib/python3.12/site-packages/airflow/example_dags/example_short_circuit_operator.py
[2025-12-14T17:07:18.862+0000] {processor.py:830} INFO - Processing file /home/airflow/.local/lib/python3.12/site-packages/airflow/example_dags/example_short_circuit_operator.py for tasks to queue
[2025-12-14T17:07:18.865+0000] {logging_mixin.py:188} INFO - [2025-12-14T17:07:18.864+0000] {dagbag.py:540} INFO - Filling up the DagBag from /home/airflow/.local/lib/python3.12/site-packages/airflow/example_dags/example_short_circuit_operator.py
[2025-12-14T17:07:18.875+0000] {processor.py:840} INFO - DAG(s) 'example_short_circuit_operator' retrieved from /home/airflow/.local/lib/python3.12/site-packages/airflow/example_dags/example_short_circuit_operator.py
[2025-12-14T17:07:19.029+0000] {logging_mixin.py:188} INFO - [2025-12-14T17:07:19.028+0000] {dag.py:3096} INFO - Sync 1 DAGs
[2025-12-14T17:07:19.055+0000] {logging_mixin.py:188} INFO - [2025-12-14T17:07:19.055+0000] {dag.py:3954} INFO - Setting next_dagrun for example_short_circuit_operator to 2025-12-13 00:00:00+00:00, run_after=2025-12-14 00:00:00+00:00
[2025-12-14T17:07:19.086+0000] {processor.py:183} INFO - Processing /home/airflow/.local/lib/python3.12/site-packages/airflow/example_dags/example_short_circuit_operator.py took 0.233 seconds
[2025-12-14T17:07:49.201+0000] {processor.py:161} INFO - Started process (PID=205) to work on /home/airflow/.local/lib/python3.12/site-packages/airflow/example_dags/example_short_circuit_operator.py
[2025-12-14T17:07:49.203+0000] {processor.py:830} INFO - Processing file /home/airflow/.local/lib/python3.12/site-packages/airflow/example_dags/example_short_circuit_operator.py for tasks to queue
[2025-12-14T17:07:49.205+0000] {logging_mixin.py:188} INFO - [2025-12-14T17:07:49.205+0000] {dagbag.py:540} INFO - Filling up the DagBag from /home/airflow/.local/lib/python3.12/site-packages/airflow/example_dags/example_short_circuit_operator.py
[2025-12-14T17:07:49.215+0000] {processor.py:840} INFO - DAG(s) 'example_short_circuit_operator' retrieved from /home/airflow/.local/lib/python3.12/site-packages/airflow/example_dags/example_short_circuit_operator.py
[2025-12-14T17:07:49.243+0000] {logging_mixin.py:188} INFO - [2025-12-14T17:07:49.243+0000] {dag.py:3096} INFO - Sync 1 DAGs
[2025-12-14T17:07:49.266+0000] {logging_mixin.py:188} INFO - [2025-12-14T17:07:49.266+0000] {dag.py:3954} INFO - Setting next_dagrun for example_short_circuit_operator to 2025-12-13 00:00:00+00:00, run_after=2025-12-14 00:00:00+00:00
[2025-12-14T17:07:49.289+0000] {processor.py:183} INFO - Processing /home/airflow/.local/lib/python3.12/site-packages/airflow/example_dags/example_short_circuit_operator.py took 0.096 seconds
[2025-12-14T17:08:21.164+0000] {processor.py:161} INFO - Started process (PID=276) to work on /home/airflow/.local/lib/python3.12/site-packages/airflow/example_dags/example_short_circuit_operator.py
[2025-12-14T17:08:21.165+0000] {processor.py:830} INFO - Processing file /home/airflow/.local/lib/python3.12/site-packages/airflow/example_dags/example_short_circuit_operator.py for tasks to queue
[2025-12-14T17:08:21.168+0000] {logging_mixin.py:188} INFO - [2025-12-14T17:08:21.168+0000] {dagbag.py:540} INFO - Filling up the DagBag from /home/airflow/.local/lib/python3.12/site-packages/airflow/example_dags/example_short_circuit_operator.py
[2025-12-14T17:08:21.180+0000] {processor.py:840} INFO - DAG(s) 'example_short_circuit_operator' retrieved from /home/airflow/.local/lib/python3.12/site-packages/airflow/example_dags/example_short_circuit_operator.py
[2025-12-14T17:08:21.217+0000] {logging_mixin.py:188} INFO - [2025-12-14T17:08:21.217+0000] {dag.py:3096} INFO - Sync 1 DAGs
[2025-12-14T17:08:21.259+0000] {logging_mixin.py:188} INFO - [2025-12-14T17:08:21.259+0000] {dag.py:3954} INFO - Setting next_dagrun for example_short_circuit_operator to 2025-12-13 00:00:00+00:00, run_after=2025-12-14 00:00:00+00:00
[2025-12-14T17:08:21.297+0000] {processor.py:183} INFO - Processing /home/airflow/.local/lib/python3.12/site-packages/airflow/example_dags/example_short_circuit_operator.py took 0.141 seconds
[2025-12-14T17:08:53.651+0000] {processor.py:161} INFO - Started process (PID=348) to work on /home/airflow/.local/lib/python3.12/site-packages/airflow/example_dags/example_short_circuit_operator.py
[2025-12-14T17:08:53.652+0000] {processor.py:830} INFO - Processing file /home/airflow/.local/lib/python3.12/site-packages/airflow/example_dags/example_short_circuit_operator.py for tasks to queue
[2025-12-14T17:08:53.655+0000] {logging_mixin.py:188} INFO - [2025-12-14T17:08:53.655+0000] {dagbag.py:540} INFO - Filling up the DagBag from /home/airflow/.local/lib/python3.12/site-packages/airflow/example_dags/example_short_circuit_operator.py
[2025-12-14T17:08:53.666+0000] {processor.py:840} INFO - DAG(s) 'example_short_circuit_operator' retrieved from /home/airflow/.local/lib/python3.12/site-packages/airflow/example_dags/example_short_circuit_operator.py
[2025-12-14T17:08:53.696+0000] {logging_mixin.py:188} INFO - [2025-12-14T17:08:53.696+0000] {dag.py:3096} INFO - Sync 1 DAGs
[2025-12-14T17:08:53.723+0000] {logging_mixin.py:188} INFO - [2025-12-14T17:08:53.723+0000] {dag.py:3954} INFO - Setting next_dagrun for example_short_circuit_operator to 2025-12-13 00:00:00+00:00, run_after=2025-12-14 00:00:00+00:00
[2025-12-14T17:08:53.754+0000] {processor.py:183} INFO - Processing /home/airflow/.local/lib/python3.12/site-packages/airflow/example_dags/example_short_circuit_operator.py took 0.112 seconds
[2025-12-14T17:09:25.101+0000] {processor.py:161} INFO - Started process (PID=419) to work on /home/airflow/.local/lib/python3.12/site-packages/airflow/example_dags/example_short_circuit_operator.py
[2025-12-14T17:09:25.102+0000] {processor.py:830} INFO - Processing file /home/airflow/.local/lib/python3.12/site-packages/airflow/example_dags/example_short_circuit_operator.py for tasks to queue
[2025-12-14T17:09:25.105+0000] {logging_mixin.py:188} INFO - [2025-12-14T17:09:25.105+0000] {dagbag.py:540} INFO - Filling up the DagBag from /home/airflow/.local/lib/python3.12/site-packages/airflow/example_dags/example_short_circuit_operator.py
[2025-12-14T17:09:25.117+0000] {processor.py:840} INFO - DAG(s) 'example_short_circuit_operator' retrieved from /home/airflow/.local/lib/python3.12/site-packages/airflow/example_dags/example_short_circuit_operator.py
[2025-12-14T17:09:25.151+0000] {logging_mixin.py:188} INFO - [2025-12-14T17:09:25.151+0000] {dag.py:3096} INFO - Sync 1 DAGs
[2025-12-14T17:09:25.184+0000] {logging_mixin.py:188} INFO - [2025-12-14T17:09:25.184+0000] {dag.py:3954} INFO - Setting next_dagrun for example_short_circuit_operator to 2025-12-13 00:00:00+00:00, run_after=2025-12-14 00:00:00+00:00
[2025-12-14T17:09:25.218+0000] {processor.py:183} INFO - Processing /home/airflow/.local/lib/python3.12/site-packages/airflow/example_dags/example_short_circuit_operator.py took 0.126 seconds
[2025-12-14T17:09:55.721+0000] {processor.py:161} INFO - Started process (PID=479) to work on /home/airflow/.local/lib/python3.12/site-packages/airflow/example_dags/example_short_circuit_operator.py
[2025-12-14T17:09:55.722+0000] {processor.py:830} INFO - Processing file /home/airflow/.local/lib/python3.12/site-packages/airflow/example_dags/example_short_circuit_operator.py for tasks to queue
[2025-12-14T17:09:55.725+0000] {logging_mixin.py:188} INFO - [2025-12-14T17:09:55.724+0000] {dagbag.py:540} INFO - Filling up the DagBag from /home/airflow/.local/lib/python3.12/site-packages/airflow/example_dags/example_short_circuit_operator.py
[2025-12-14T17:09:55.733+0000] {processor.py:840} INFO - DAG(s) 'example_short_circuit_operator' retrieved from /home/airflow/.local/lib/python3.12/site-packages/airflow/example_dags/example_short_circuit_operator.py
[2025-12-14T17:09:55.760+0000] {logging_mixin.py:188} INFO - [2025-12-14T17:09:55.760+0000] {dag.py:3096} INFO - Sync 1 DAGs
[2025-12-14T17:09:55.790+0000] {logging_mixin.py:188} INFO - [2025-12-14T17:09:55.790+0000] {dag.py:3954} INFO - Setting next_dagrun for example_short_circuit_operator to 2025-12-13 00:00:00+00:00, run_after=2025-12-14 00:00:00+00:00
[2025-12-14T17:09:55.816+0000] {processor.py:183} INFO - Processing /home/airflow/.local/lib/python3.12/site-packages/airflow/example_dags/example_short_circuit_operator.py took 0.103 seconds
[2025-12-14T17:10:26.112+0000] {processor.py:161} INFO - Started process (PID=561) to work on /home/airflow/.local/lib/python3.12/site-packages/airflow/example_dags/example_short_circuit_operator.py
[2025-12-14T17:10:26.113+0000] {processor.py:830} INFO - Processing file /home/airflow/.local/lib/python3.12/site-packages/airflow/example_dags/example_short_circuit_operator.py for tasks to queue
[2025-12-14T17:10:26.116+0000] {logging_mixin.py:188} INFO - [2025-12-14T17:10:26.116+0000] {dagbag.py:540} INFO - Filling up the DagBag from /home/airflow/.local/lib/python3.12/site-packages/airflow/example_dags/example_short_circuit_operator.py
[2025-12-14T17:10:26.125+0000] {processor.py:840} INFO - DAG(s) 'example_short_circuit_operator' retrieved from /home/airflow/.local/lib/python3.12/site-packages/airflow/example_dags/example_short_circuit_operator.py
[2025-12-14T17:10:26.152+0000] {logging_mixin.py:188} INFO - [2025-12-14T17:10:26.152+0000] {dag.py:3096} INFO - Sync 1 DAGs
[2025-12-14T17:10:26.180+0000] {logging_mixin.py:188} INFO - [2025-12-14T17:10:26.180+0000] {dag.py:3954} INFO - Setting next_dagrun for example_short_circuit_operator to 2025-12-13 00:00:00+00:00, run_after=2025-12-14 00:00:00+00:00
[2025-12-14T17:10:26.203+0000] {processor.py:183} INFO - Processing /home/airflow/.local/lib/python3.12/site-packages/airflow/example_dags/example_short_circuit_operator.py took 0.100 seconds
[2025-12-14T17:10:56.561+0000] {processor.py:161} INFO - Started process (PID=632) to work on /home/airflow/.local/lib/python3.12/site-packages/airflow/example_dags/example_short_circuit_operator.py
[2025-12-14T17:10:56.563+0000] {processor.py:830} INFO - Processing file /home/airflow/.local/lib/python3.12/site-packages/airflow/example_dags/example_short_circuit_operator.py for tasks to queue
[2025-12-14T17:10:56.567+0000] {logging_mixin.py:188} INFO - [2025-12-14T17:10:56.566+0000] {dagbag.py:540} INFO - Filling up the DagBag from /home/airflow/.local/lib/python3.12/site-packages/airflow/example_dags/example_short_circuit_operator.py
[2025-12-14T17:10:56.576+0000] {processor.py:840} INFO - DAG(s) 'example_short_circuit_operator' retrieved from /home/airflow/.local/lib/python3.12/site-packages/airflow/example_dags/example_short_circuit_operator.py
[2025-12-14T17:10:56.616+0000] {logging_mixin.py:188} INFO - [2025-12-14T17:10:56.616+0000] {dag.py:3096} INFO - Sync 1 DAGs
[2025-12-14T17:10:56.642+0000] {logging_mixin.py:188} INFO - [2025-12-14T17:10:56.641+0000] {dag.py:3954} INFO - Setting next_dagrun for example_short_circuit_operator to 2025-12-13 00:00:00+00:00, run_after=2025-12-14 00:00:00+00:00
[2025-12-14T17:10:56.671+0000] {processor.py:183} INFO - Processing /home/airflow/.local/lib/python3.12/site-packages/airflow/example_dags/example_short_circuit_operator.py took 0.117 seconds
[2025-12-14T17:11:26.884+0000] {processor.py:161} INFO - Started process (PID=702) to work on /home/airflow/.local/lib/python3.12/site-packages/airflow/example_dags/example_short_circuit_operator.py
[2025-12-14T17:11:26.886+0000] {processor.py:830} INFO - Processing file /home/airflow/.local/lib/python3.12/site-packages/airflow/example_dags/example_short_circuit_operator.py for tasks to queue
[2025-12-14T17:11:26.888+0000] {logging_mixin.py:188} INFO - [2025-12-14T17:11:26.888+0000] {dagbag.py:540} INFO - Filling up the DagBag from /home/airflow/.local/lib/python3.12/site-packages/airflow/example_dags/example_short_circuit_operator.py
[2025-12-14T17:11:26.900+0000] {processor.py:840} INFO - DAG(s) 'example_short_circuit_operator' retrieved from /home/airflow/.local/lib/python3.12/site-packages/airflow/example_dags/example_short_circuit_operator.py
[2025-12-14T17:11:26.928+0000] {logging_mixin.py:188} INFO - [2025-12-14T17:11:26.928+0000] {dag.py:3096} INFO - Sync 1 DAGs
[2025-12-14T17:11:26.959+0000] {logging_mixin.py:188} INFO - [2025-12-14T17:11:26.959+0000] {dag.py:3954} INFO - Setting next_dagrun for example_short_circuit_operator to 2025-12-13 00:00:00+00:00, run_after=2025-12-14 00:00:00+00:00
[2025-12-14T17:11:26.983+0000] {processor.py:183} INFO - Processing /home/airflow/.local/lib/python3.12/site-packages/airflow/example_dags/example_short_circuit_operator.py took 0.105 seconds
[2025-12-14T17:11:57.269+0000] {processor.py:161} INFO - Started process (PID=773) to work on /home/airflow/.local/lib/python3.12/site-packages/airflow/example_dags/example_short_circuit_operator.py
[2025-12-14T17:11:57.271+0000] {processor.py:830} INFO - Processing file /home/airflow/.local/lib/python3.12/site-packages/airflow/example_dags/example_short_circuit_operator.py for tasks to queue
[2025-12-14T17:11:57.276+0000] {logging_mixin.py:188} INFO - [2025-12-14T17:11:57.275+0000] {dagbag.py:540} INFO - Filling up the DagBag from /home/airflow/.local/lib/python3.12/site-packages/airflow/example_dags/example_short_circuit_operator.py
[2025-12-14T17:11:57.294+0000] {processor.py:840} INFO - DAG(s) 'example_short_circuit_operator' retrieved from /home/airflow/.local/lib/python3.12/site-packages/airflow/example_dags/example_short_circuit_operator.py
[2025-12-14T17:11:57.336+0000] {logging_mixin.py:188} INFO - [2025-12-14T17:11:57.336+0000] {dag.py:3096} INFO - Sync 1 DAGs
[2025-12-14T17:11:57.372+0000] {logging_mixin.py:188} INFO - [2025-12-14T17:11:57.372+0000] {dag.py:3954} INFO - Setting next_dagrun for example_short_circuit_operator to 2025-12-13 00:00:00+00:00, run_after=2025-12-14 00:00:00+00:00
[2025-12-14T17:11:57.396+0000] {processor.py:183} INFO - Processing /home/airflow/.local/lib/python3.12/site-packages/airflow/example_dags/example_short_circuit_operator.py took 0.141 seconds
[2025-12-14T17:12:27.541+0000] {processor.py:161} INFO - Started process (PID=844) to work on /home/airflow/.local/lib/python3.12/site-packages/airflow/example_dags/example_short_circuit_operator.py
[2025-12-14T17:12:27.543+0000] {processor.py:830} INFO - Processing file /home/airflow/.local/lib/python3.12/site-packages/airflow/example_dags/example_short_circuit_operator.py for tasks to queue
[2025-12-14T17:12:27.545+0000] {logging_mixin.py:188} INFO - [2025-12-14T17:12:27.545+0000] {dagbag.py:540} INFO - Filling up the DagBag from /home/airflow/.local/lib/python3.12/site-packages/airflow/example_dags/example_short_circuit_operator.py
[2025-12-14T17:12:27.554+0000] {processor.py:840} INFO - DAG(s) 'example_short_circuit_operator' retrieved from /home/airflow/.local/lib/python3.12/site-packages/airflow/example_dags/example_short_circuit_operator.py
[2025-12-14T17:12:27.582+0000] {logging_mixin.py:188} INFO - [2025-12-14T17:12:27.582+0000] {dag.py:3096} INFO - Sync 1 DAGs
[2025-12-14T17:12:27.606+0000] {logging_mixin.py:188} INFO - [2025-12-14T17:12:27.606+0000] {dag.py:3954} INFO - Setting next_dagrun for example_short_circuit_operator to 2025-12-13 00:00:00+00:00, run_after=2025-12-14 00:00:00+00:00
[2025-12-14T17:12:27.630+0000] {processor.py:183} INFO - Processing /home/airflow/.local/lib/python3.12/site-packages/airflow/example_dags/example_short_circuit_operator.py took 0.097 seconds
[2025-12-14T17:12:58.100+0000] {processor.py:161} INFO - Started process (PID=916) to work on /home/airflow/.local/lib/python3.12/site-packages/airflow/example_dags/example_short_circuit_operator.py
[2025-12-14T17:12:58.101+0000] {processor.py:830} INFO - Processing file /home/airflow/.local/lib/python3.12/site-packages/airflow/example_dags/example_short_circuit_operator.py for tasks to queue
[2025-12-14T17:12:58.104+0000] {logging_mixin.py:188} INFO - [2025-12-14T17:12:58.103+0000] {dagbag.py:540} INFO - Filling up the DagBag from /home/airflow/.local/lib/python3.12/site-packages/airflow/example_dags/example_short_circuit_operator.py
[2025-12-14T17:12:58.114+0000] {processor.py:840} INFO - DAG(s) 'example_short_circuit_operator' retrieved from /home/airflow/.local/lib/python3.12/site-packages/airflow/example_dags/example_short_circuit_operator.py
[2025-12-14T17:12:58.145+0000] {logging_mixin.py:188} INFO - [2025-12-14T17:12:58.144+0000] {dag.py:3096} INFO - Sync 1 DAGs
[2025-12-14T17:12:58.185+0000] {logging_mixin.py:188} INFO - [2025-12-14T17:12:58.185+0000] {dag.py:3954} INFO - Setting next_dagrun for example_short_circuit_operator to 2025-12-13 00:00:00+00:00, run_after=2025-12-14 00:00:00+00:00
[2025-12-14T17:12:58.222+0000] {processor.py:183} INFO - Processing /home/airflow/.local/lib/python3.12/site-packages/airflow/example_dags/example_short_circuit_operator.py took 0.132 seconds
[2025-12-14T17:13:28.517+0000] {processor.py:161} INFO - Started process (PID=987) to work on /home/airflow/.local/lib/python3.12/site-packages/airflow/example_dags/example_short_circuit_operator.py
[2025-12-14T17:13:28.518+0000] {processor.py:830} INFO - Processing file /home/airflow/.local/lib/python3.12/site-packages/airflow/example_dags/example_short_circuit_operator.py for tasks to queue
[2025-12-14T17:13:28.521+0000] {logging_mixin.py:188} INFO - [2025-12-14T17:13:28.520+0000] {dagbag.py:540} INFO - Filling up the DagBag from /home/airflow/.local/lib/python3.12/site-packages/airflow/example_dags/example_short_circuit_operator.py
[2025-12-14T17:13:28.529+0000] {processor.py:840} INFO - DAG(s) 'example_short_circuit_operator' retrieved from /home/airflow/.local/lib/python3.12/site-packages/airflow/example_dags/example_short_circuit_operator.py
[2025-12-14T17:13:28.556+0000] {logging_mixin.py:188} INFO - [2025-12-14T17:13:28.555+0000] {dag.py:3096} INFO - Sync 1 DAGs
[2025-12-14T17:13:28.579+0000] {logging_mixin.py:188} INFO - [2025-12-14T17:13:28.579+0000] {dag.py:3954} INFO - Setting next_dagrun for example_short_circuit_operator to 2025-12-13 00:00:00+00:00, run_after=2025-12-14 00:00:00+00:00
[2025-12-14T17:13:28.604+0000] {processor.py:183} INFO - Processing /home/airflow/.local/lib/python3.12/site-packages/airflow/example_dags/example_short_circuit_operator.py took 0.094 seconds
[2025-12-14T17:13:58.713+0000] {processor.py:161} INFO - Started process (PID=1058) to work on /home/airflow/.local/lib/python3.12/site-packages/airflow/example_dags/example_short_circuit_operator.py
[2025-12-14T17:13:58.715+0000] {processor.py:830} INFO - Processing file /home/airflow/.local/lib/python3.12/site-packages/airflow/example_dags/example_short_circuit_operator.py for tasks to queue
[2025-12-14T17:13:58.717+0000] {logging_mixin.py:188} INFO - [2025-12-14T17:13:58.717+0000] {dagbag.py:540} INFO - Filling up the DagBag from /home/airflow/.local/lib/python3.12/site-packages/airflow/example_dags/example_short_circuit_operator.py
[2025-12-14T17:13:58.726+0000] {processor.py:840} INFO - DAG(s) 'example_short_circuit_operator' retrieved from /home/airflow/.local/lib/python3.12/site-packages/airflow/example_dags/example_short_circuit_operator.py
[2025-12-14T17:13:58.755+0000] {logging_mixin.py:188} INFO - [2025-12-14T17:13:58.755+0000] {dag.py:3096} INFO - Sync 1 DAGs
[2025-12-14T17:13:58.779+0000] {logging_mixin.py:188} INFO - [2025-12-14T17:13:58.779+0000] {dag.py:3954} INFO - Setting next_dagrun for example_short_circuit_operator to 2025-12-13 00:00:00+00:00, run_after=2025-12-14 00:00:00+00:00
[2025-12-14T17:13:58.802+0000] {processor.py:183} INFO - Processing /home/airflow/.local/lib/python3.12/site-packages/airflow/example_dags/example_short_circuit_operator.py took 0.095 seconds
[2025-12-14T17:14:29.980+0000] {processor.py:161} INFO - Started process (PID=1130) to work on /home/airflow/.local/lib/python3.12/site-packages/airflow/example_dags/example_short_circuit_operator.py
[2025-12-14T17:14:29.981+0000] {processor.py:830} INFO - Processing file /home/airflow/.local/lib/python3.12/site-packages/airflow/example_dags/example_short_circuit_operator.py for tasks to queue
[2025-12-14T17:14:29.984+0000] {logging_mixin.py:188} INFO - [2025-12-14T17:14:29.984+0000] {dagbag.py:540} INFO - Filling up the DagBag from /home/airflow/.local/lib/python3.12/site-packages/airflow/example_dags/example_short_circuit_operator.py
[2025-12-14T17:14:29.995+0000] {processor.py:840} INFO - DAG(s) 'example_short_circuit_operator' retrieved from /home/airflow/.local/lib/python3.12/site-packages/airflow/example_dags/example_short_circuit_operator.py
[2025-12-14T17:14:30.028+0000] {logging_mixin.py:188} INFO - [2025-12-14T17:14:30.027+0000] {dag.py:3096} INFO - Sync 1 DAGs
[2025-12-14T17:14:30.222+0000] {logging_mixin.py:188} INFO - [2025-12-14T17:14:30.222+0000] {dag.py:3954} INFO - Setting next_dagrun for example_short_circuit_operator to 2025-12-13 00:00:00+00:00, run_after=2025-12-14 00:00:00+00:00
[2025-12-14T17:14:30.243+0000] {processor.py:183} INFO - Processing /home/airflow/.local/lib/python3.12/site-packages/airflow/example_dags/example_short_circuit_operator.py took 0.272 seconds
[2025-12-14T17:15:00.544+0000] {processor.py:161} INFO - Started process (PID=1201) to work on /home/airflow/.local/lib/python3.12/site-packages/airflow/example_dags/example_short_circuit_operator.py
[2025-12-14T17:15:00.546+0000] {processor.py:830} INFO - Processing file /home/airflow/.local/lib/python3.12/site-packages/airflow/example_dags/example_short_circuit_operator.py for tasks to queue
[2025-12-14T17:15:00.548+0000] {logging_mixin.py:188} INFO - [2025-12-14T17:15:00.548+0000] {dagbag.py:540} INFO - Filling up the DagBag from /home/airflow/.local/lib/python3.12/site-packages/airflow/example_dags/example_short_circuit_operator.py
[2025-12-14T17:15:00.557+0000] {processor.py:840} INFO - DAG(s) 'example_short_circuit_operator' retrieved from /home/airflow/.local/lib/python3.12/site-packages/airflow/example_dags/example_short_circuit_operator.py
[2025-12-14T17:15:00.583+0000] {logging_mixin.py:188} INFO - [2025-12-14T17:15:00.583+0000] {dag.py:3096} INFO - Sync 1 DAGs
[2025-12-14T17:15:00.772+0000] {logging_mixin.py:188} INFO - [2025-12-14T17:15:00.772+0000] {dag.py:3954} INFO - Setting next_dagrun for example_short_circuit_operator to 2025-12-13 00:00:00+00:00, run_after=2025-12-14 00:00:00+00:00
[2025-12-14T17:15:00.793+0000] {processor.py:183} INFO - Processing /home/airflow/.local/lib/python3.12/site-packages/airflow/example_dags/example_short_circuit_operator.py took 0.256 seconds
[2025-12-14T17:15:31.325+0000] {processor.py:161} INFO - Started process (PID=1273) to work on /home/airflow/.local/lib/python3.12/site-packages/airflow/example_dags/example_short_circuit_operator.py
[2025-12-14T17:15:31.327+0000] {processor.py:830} INFO - Processing file /home/airflow/.local/lib/python3.12/site-packages/airflow/example_dags/example_short_circuit_operator.py for tasks to queue
[2025-12-14T17:15:31.329+0000] {logging_mixin.py:188} INFO - [2025-12-14T17:15:31.329+0000] {dagbag.py:540} INFO - Filling up the DagBag from /home/airflow/.local/lib/python3.12/site-packages/airflow/example_dags/example_short_circuit_operator.py
[2025-12-14T17:15:31.337+0000] {processor.py:840} INFO - DAG(s) 'example_short_circuit_operator' retrieved from /home/airflow/.local/lib/python3.12/site-packages/airflow/example_dags/example_short_circuit_operator.py
[2025-12-14T17:15:31.363+0000] {logging_mixin.py:188} INFO - [2025-12-14T17:15:31.363+0000] {dag.py:3096} INFO - Sync 1 DAGs
[2025-12-14T17:15:31.387+0000] {logging_mixin.py:188} INFO - [2025-12-14T17:15:31.387+0000] {dag.py:3954} INFO - Setting next_dagrun for example_short_circuit_operator to 2025-12-13 00:00:00+00:00, run_after=2025-12-14 00:00:00+00:00
[2025-12-14T17:15:31.409+0000] {processor.py:183} INFO - Processing /home/airflow/.local/lib/python3.12/site-packages/airflow/example_dags/example_short_circuit_operator.py took 0.091 seconds
[2025-12-14T17:16:02.450+0000] {processor.py:161} INFO - Started process (PID=1344) to work on /home/airflow/.local/lib/python3.12/site-packages/airflow/example_dags/example_short_circuit_operator.py
[2025-12-14T17:16:02.452+0000] {processor.py:830} INFO - Processing file /home/airflow/.local/lib/python3.12/site-packages/airflow/example_dags/example_short_circuit_operator.py for tasks to queue
[2025-12-14T17:16:02.455+0000] {logging_mixin.py:188} INFO - [2025-12-14T17:16:02.454+0000] {dagbag.py:540} INFO - Filling up the DagBag from /home/airflow/.local/lib/python3.12/site-packages/airflow/example_dags/example_short_circuit_operator.py
[2025-12-14T17:16:02.466+0000] {processor.py:840} INFO - DAG(s) 'example_short_circuit_operator' retrieved from /home/airflow/.local/lib/python3.12/site-packages/airflow/example_dags/example_short_circuit_operator.py
[2025-12-14T17:16:02.502+0000] {logging_mixin.py:188} INFO - [2025-12-14T17:16:02.501+0000] {dag.py:3096} INFO - Sync 1 DAGs
[2025-12-14T17:16:02.539+0000] {logging_mixin.py:188} INFO - [2025-12-14T17:16:02.539+0000] {dag.py:3954} INFO - Setting next_dagrun for example_short_circuit_operator to 2025-12-13 00:00:00+00:00, run_after=2025-12-14 00:00:00+00:00
[2025-12-14T17:16:02.595+0000] {processor.py:183} INFO - Processing /home/airflow/.local/lib/python3.12/site-packages/airflow/example_dags/example_short_circuit_operator.py took 0.159 seconds
[2025-12-14T17:16:33.492+0000] {processor.py:161} INFO - Started process (PID=1404) to work on /home/airflow/.local/lib/python3.12/site-packages/airflow/example_dags/example_short_circuit_operator.py
[2025-12-14T17:16:33.493+0000] {processor.py:830} INFO - Processing file /home/airflow/.local/lib/python3.12/site-packages/airflow/example_dags/example_short_circuit_operator.py for tasks to queue
[2025-12-14T17:16:33.495+0000] {logging_mixin.py:188} INFO - [2025-12-14T17:16:33.495+0000] {dagbag.py:540} INFO - Filling up the DagBag from /home/airflow/.local/lib/python3.12/site-packages/airflow/example_dags/example_short_circuit_operator.py
[2025-12-14T17:16:33.504+0000] {processor.py:840} INFO - DAG(s) 'example_short_circuit_operator' retrieved from /home/airflow/.local/lib/python3.12/site-packages/airflow/example_dags/example_short_circuit_operator.py
[2025-12-14T17:16:33.535+0000] {logging_mixin.py:188} INFO - [2025-12-14T17:16:33.535+0000] {dag.py:3096} INFO - Sync 1 DAGs
[2025-12-14T17:16:33.583+0000] {logging_mixin.py:188} INFO - [2025-12-14T17:16:33.583+0000] {dag.py:3954} INFO - Setting next_dagrun for example_short_circuit_operator to 2025-12-13 00:00:00+00:00, run_after=2025-12-14 00:00:00+00:00
[2025-12-14T17:16:33.648+0000] {processor.py:183} INFO - Processing /home/airflow/.local/lib/python3.12/site-packages/airflow/example_dags/example_short_circuit_operator.py took 0.163 seconds
[2025-12-14T17:17:03.764+0000] {processor.py:161} INFO - Started process (PID=1473) to work on /home/airflow/.local/lib/python3.12/site-packages/airflow/example_dags/example_short_circuit_operator.py
[2025-12-14T17:17:03.765+0000] {processor.py:830} INFO - Processing file /home/airflow/.local/lib/python3.12/site-packages/airflow/example_dags/example_short_circuit_operator.py for tasks to queue
[2025-12-14T17:17:03.768+0000] {logging_mixin.py:188} INFO - [2025-12-14T17:17:03.768+0000] {dagbag.py:540} INFO - Filling up the DagBag from /home/airflow/.local/lib/python3.12/site-packages/airflow/example_dags/example_short_circuit_operator.py
[2025-12-14T17:17:03.783+0000] {processor.py:840} INFO - DAG(s) 'example_short_circuit_operator' retrieved from /home/airflow/.local/lib/python3.12/site-packages/airflow/example_dags/example_short_circuit_operator.py
[2025-12-14T17:17:03.821+0000] {logging_mixin.py:188} INFO - [2025-12-14T17:17:03.821+0000] {dag.py:3096} INFO - Sync 1 DAGs
[2025-12-14T17:17:03.867+0000] {logging_mixin.py:188} INFO - [2025-12-14T17:17:03.867+0000] {dag.py:3954} INFO - Setting next_dagrun for example_short_circuit_operator to 2025-12-13 00:00:00+00:00, run_after=2025-12-14 00:00:00+00:00
[2025-12-14T17:17:03.910+0000] {processor.py:183} INFO - Processing /home/airflow/.local/lib/python3.12/site-packages/airflow/example_dags/example_short_circuit_operator.py took 0.154 seconds
[2025-12-14T17:17:33.980+0000] {processor.py:161} INFO - Started process (PID=1544) to work on /home/airflow/.local/lib/python3.12/site-packages/airflow/example_dags/example_short_circuit_operator.py
[2025-12-14T17:17:33.981+0000] {processor.py:830} INFO - Processing file /home/airflow/.local/lib/python3.12/site-packages/airflow/example_dags/example_short_circuit_operator.py for tasks to queue
[2025-12-14T17:17:33.984+0000] {logging_mixin.py:188} INFO - [2025-12-14T17:17:33.984+0000] {dagbag.py:540} INFO - Filling up the DagBag from /home/airflow/.local/lib/python3.12/site-packages/airflow/example_dags/example_short_circuit_operator.py
[2025-12-14T17:17:33.993+0000] {processor.py:840} INFO - DAG(s) 'example_short_circuit_operator' retrieved from /home/airflow/.local/lib/python3.12/site-packages/airflow/example_dags/example_short_circuit_operator.py
[2025-12-14T17:17:34.023+0000] {logging_mixin.py:188} INFO - [2025-12-14T17:17:34.023+0000] {dag.py:3096} INFO - Sync 1 DAGs
[2025-12-14T17:17:34.048+0000] {logging_mixin.py:188} INFO - [2025-12-14T17:17:34.047+0000] {dag.py:3954} INFO - Setting next_dagrun for example_short_circuit_operator to 2025-12-13 00:00:00+00:00, run_after=2025-12-14 00:00:00+00:00
[2025-12-14T17:17:34.069+0000] {processor.py:183} INFO - Processing /home/airflow/.local/lib/python3.12/site-packages/airflow/example_dags/example_short_circuit_operator.py took 0.097 seconds
[2025-12-14T17:18:04.722+0000] {processor.py:161} INFO - Started process (PID=1615) to work on /home/airflow/.local/lib/python3.12/site-packages/airflow/example_dags/example_short_circuit_operator.py
[2025-12-14T17:18:04.724+0000] {processor.py:830} INFO - Processing file /home/airflow/.local/lib/python3.12/site-packages/airflow/example_dags/example_short_circuit_operator.py for tasks to queue
[2025-12-14T17:18:04.726+0000] {logging_mixin.py:188} INFO - [2025-12-14T17:18:04.726+0000] {dagbag.py:540} INFO - Filling up the DagBag from /home/airflow/.local/lib/python3.12/site-packages/airflow/example_dags/example_short_circuit_operator.py
[2025-12-14T17:18:04.738+0000] {processor.py:840} INFO - DAG(s) 'example_short_circuit_operator' retrieved from /home/airflow/.local/lib/python3.12/site-packages/airflow/example_dags/example_short_circuit_operator.py
[2025-12-14T17:18:04.767+0000] {logging_mixin.py:188} INFO - [2025-12-14T17:18:04.766+0000] {dag.py:3096} INFO - Sync 1 DAGs
[2025-12-14T17:18:04.790+0000] {logging_mixin.py:188} INFO - [2025-12-14T17:18:04.789+0000] {dag.py:3954} INFO - Setting next_dagrun for example_short_circuit_operator to 2025-12-13 00:00:00+00:00, run_after=2025-12-14 00:00:00+00:00
[2025-12-14T17:18:04.821+0000] {processor.py:183} INFO - Processing /home/airflow/.local/lib/python3.12/site-packages/airflow/example_dags/example_short_circuit_operator.py took 0.106 seconds
[2025-12-14T17:18:34.946+0000] {processor.py:161} INFO - Started process (PID=1686) to work on /home/airflow/.local/lib/python3.12/site-packages/airflow/example_dags/example_short_circuit_operator.py
[2025-12-14T17:18:34.947+0000] {processor.py:830} INFO - Processing file /home/airflow/.local/lib/python3.12/site-packages/airflow/example_dags/example_short_circuit_operator.py for tasks to queue
[2025-12-14T17:18:34.950+0000] {logging_mixin.py:188} INFO - [2025-12-14T17:18:34.949+0000] {dagbag.py:540} INFO - Filling up the DagBag from /home/airflow/.local/lib/python3.12/site-packages/airflow/example_dags/example_short_circuit_operator.py
[2025-12-14T17:18:34.958+0000] {processor.py:840} INFO - DAG(s) 'example_short_circuit_operator' retrieved from /home/airflow/.local/lib/python3.12/site-packages/airflow/example_dags/example_short_circuit_operator.py
[2025-12-14T17:18:34.985+0000] {logging_mixin.py:188} INFO - [2025-12-14T17:18:34.985+0000] {dag.py:3096} INFO - Sync 1 DAGs
[2025-12-14T17:18:35.008+0000] {logging_mixin.py:188} INFO - [2025-12-14T17:18:35.008+0000] {dag.py:3954} INFO - Setting next_dagrun for example_short_circuit_operator to 2025-12-13 00:00:00+00:00, run_after=2025-12-14 00:00:00+00:00
[2025-12-14T17:18:35.031+0000] {processor.py:183} INFO - Processing /home/airflow/.local/lib/python3.12/site-packages/airflow/example_dags/example_short_circuit_operator.py took 0.092 seconds
[2025-12-14T17:19:05.760+0000] {processor.py:161} INFO - Started process (PID=1757) to work on /home/airflow/.local/lib/python3.12/site-packages/airflow/example_dags/example_short_circuit_operator.py
[2025-12-14T17:19:05.762+0000] {processor.py:830} INFO - Processing file /home/airflow/.local/lib/python3.12/site-packages/airflow/example_dags/example_short_circuit_operator.py for tasks to queue
[2025-12-14T17:19:05.765+0000] {logging_mixin.py:188} INFO - [2025-12-14T17:19:05.764+0000] {dagbag.py:540} INFO - Filling up the DagBag from /home/airflow/.local/lib/python3.12/site-packages/airflow/example_dags/example_short_circuit_operator.py
[2025-12-14T17:19:05.778+0000] {processor.py:840} INFO - DAG(s) 'example_short_circuit_operator' retrieved from /home/airflow/.local/lib/python3.12/site-packages/airflow/example_dags/example_short_circuit_operator.py
[2025-12-14T17:19:05.805+0000] {logging_mixin.py:188} INFO - [2025-12-14T17:19:05.805+0000] {dag.py:3096} INFO - Sync 1 DAGs
[2025-12-14T17:19:05.831+0000] {logging_mixin.py:188} INFO - [2025-12-14T17:19:05.831+0000] {dag.py:3954} INFO - Setting next_dagrun for example_short_circuit_operator to 2025-12-13 00:00:00+00:00, run_after=2025-12-14 00:00:00+00:00
[2025-12-14T17:19:05.853+0000] {processor.py:183} INFO - Processing /home/airflow/.local/lib/python3.12/site-packages/airflow/example_dags/example_short_circuit_operator.py took 0.100 seconds
[2025-12-14T17:19:35.945+0000] {processor.py:161} INFO - Started process (PID=1828) to work on /home/airflow/.local/lib/python3.12/site-packages/airflow/example_dags/example_short_circuit_operator.py
[2025-12-14T17:19:35.947+0000] {processor.py:830} INFO - Processing file /home/airflow/.local/lib/python3.12/site-packages/airflow/example_dags/example_short_circuit_operator.py for tasks to queue
[2025-12-14T17:19:35.949+0000] {logging_mixin.py:188} INFO - [2025-12-14T17:19:35.949+0000] {dagbag.py:540} INFO - Filling up the DagBag from /home/airflow/.local/lib/python3.12/site-packages/airflow/example_dags/example_short_circuit_operator.py
[2025-12-14T17:19:35.959+0000] {processor.py:840} INFO - DAG(s) 'example_short_circuit_operator' retrieved from /home/airflow/.local/lib/python3.12/site-packages/airflow/example_dags/example_short_circuit_operator.py
[2025-12-14T17:19:35.988+0000] {logging_mixin.py:188} INFO - [2025-12-14T17:19:35.988+0000] {dag.py:3096} INFO - Sync 1 DAGs
[2025-12-14T17:19:36.015+0000] {logging_mixin.py:188} INFO - [2025-12-14T17:19:36.014+0000] {dag.py:3954} INFO - Setting next_dagrun for example_short_circuit_operator to 2025-12-13 00:00:00+00:00, run_after=2025-12-14 00:00:00+00:00
[2025-12-14T17:19:36.037+0000] {processor.py:183} INFO - Processing /home/airflow/.local/lib/python3.12/site-packages/airflow/example_dags/example_short_circuit_operator.py took 0.099 seconds
[2025-12-14T17:20:06.923+0000] {processor.py:161} INFO - Started process (PID=1905) to work on /home/airflow/.local/lib/python3.12/site-packages/airflow/example_dags/example_short_circuit_operator.py
[2025-12-14T17:20:06.924+0000] {processor.py:830} INFO - Processing file /home/airflow/.local/lib/python3.12/site-packages/airflow/example_dags/example_short_circuit_operator.py for tasks to queue
[2025-12-14T17:20:06.927+0000] {logging_mixin.py:188} INFO - [2025-12-14T17:20:06.926+0000] {dagbag.py:540} INFO - Filling up the DagBag from /home/airflow/.local/lib/python3.12/site-packages/airflow/example_dags/example_short_circuit_operator.py
[2025-12-14T17:20:06.936+0000] {processor.py:840} INFO - DAG(s) 'example_short_circuit_operator' retrieved from /home/airflow/.local/lib/python3.12/site-packages/airflow/example_dags/example_short_circuit_operator.py
[2025-12-14T17:20:06.963+0000] {logging_mixin.py:188} INFO - [2025-12-14T17:20:06.963+0000] {dag.py:3096} INFO - Sync 1 DAGs
[2025-12-14T17:20:06.989+0000] {logging_mixin.py:188} INFO - [2025-12-14T17:20:06.989+0000] {dag.py:3954} INFO - Setting next_dagrun for example_short_circuit_operator to 2025-12-13 00:00:00+00:00, run_after=2025-12-14 00:00:00+00:00
[2025-12-14T17:20:07.011+0000] {processor.py:183} INFO - Processing /home/airflow/.local/lib/python3.12/site-packages/airflow/example_dags/example_short_circuit_operator.py took 0.095 seconds
[2025-12-14T17:20:37.373+0000] {processor.py:161} INFO - Started process (PID=1976) to work on /home/airflow/.local/lib/python3.12/site-packages/airflow/example_dags/example_short_circuit_operator.py
[2025-12-14T17:20:37.375+0000] {processor.py:830} INFO - Processing file /home/airflow/.local/lib/python3.12/site-packages/airflow/example_dags/example_short_circuit_operator.py for tasks to queue
[2025-12-14T17:20:37.377+0000] {logging_mixin.py:188} INFO - [2025-12-14T17:20:37.377+0000] {dagbag.py:540} INFO - Filling up the DagBag from /home/airflow/.local/lib/python3.12/site-packages/airflow/example_dags/example_short_circuit_operator.py
[2025-12-14T17:20:37.386+0000] {processor.py:840} INFO - DAG(s) 'example_short_circuit_operator' retrieved from /home/airflow/.local/lib/python3.12/site-packages/airflow/example_dags/example_short_circuit_operator.py
[2025-12-14T17:20:37.415+0000] {logging_mixin.py:188} INFO - [2025-12-14T17:20:37.414+0000] {dag.py:3096} INFO - Sync 1 DAGs
[2025-12-14T17:20:37.439+0000] {logging_mixin.py:188} INFO - [2025-12-14T17:20:37.438+0000] {dag.py:3954} INFO - Setting next_dagrun for example_short_circuit_operator to 2025-12-13 00:00:00+00:00, run_after=2025-12-14 00:00:00+00:00
[2025-12-14T17:20:37.460+0000] {processor.py:183} INFO - Processing /home/airflow/.local/lib/python3.12/site-packages/airflow/example_dags/example_short_circuit_operator.py took 0.095 seconds
