[2025-12-14T16:49:15.201+0000] {processor.py:161} INFO - Started process (PID=102) to work on /home/airflow/.local/lib/python3.12/site-packages/airflow/example_dags/example_display_name.py
[2025-12-14T16:49:15.203+0000] {processor.py:830} INFO - Processing file /home/airflow/.local/lib/python3.12/site-packages/airflow/example_dags/example_display_name.py for tasks to queue
[2025-12-14T16:49:15.206+0000] {logging_mixin.py:188} INFO - [2025-12-14T16:49:15.206+0000] {dagbag.py:540} INFO - Filling up the DagBag from /home/airflow/.local/lib/python3.12/site-packages/airflow/example_dags/example_display_name.py
[2025-12-14T16:49:15.215+0000] {processor.py:840} INFO - DAG(s) 'example_display_name' retrieved from /home/airflow/.local/lib/python3.12/site-packages/airflow/example_dags/example_display_name.py
[2025-12-14T16:49:15.379+0000] {logging_mixin.py:188} INFO - [2025-12-14T16:49:15.378+0000] {dag.py:3096} INFO - Sync 1 DAGs
[2025-12-14T16:49:15.393+0000] {logging_mixin.py:188} INFO - [2025-12-14T16:49:15.393+0000] {dag.py:3954} INFO - Setting next_dagrun for example_display_name to None, run_after=None
[2025-12-14T16:49:15.422+0000] {processor.py:183} INFO - Processing /home/airflow/.local/lib/python3.12/site-packages/airflow/example_dags/example_display_name.py took 0.234 seconds
[2025-12-14T16:49:45.880+0000] {processor.py:161} INFO - Started process (PID=167) to work on /home/airflow/.local/lib/python3.12/site-packages/airflow/example_dags/example_display_name.py
[2025-12-14T16:49:45.881+0000] {processor.py:830} INFO - Processing file /home/airflow/.local/lib/python3.12/site-packages/airflow/example_dags/example_display_name.py for tasks to queue
[2025-12-14T16:49:45.883+0000] {logging_mixin.py:188} INFO - [2025-12-14T16:49:45.883+0000] {dagbag.py:540} INFO - Filling up the DagBag from /home/airflow/.local/lib/python3.12/site-packages/airflow/example_dags/example_display_name.py
[2025-12-14T16:49:45.890+0000] {processor.py:840} INFO - DAG(s) 'example_display_name' retrieved from /home/airflow/.local/lib/python3.12/site-packages/airflow/example_dags/example_display_name.py
[2025-12-14T16:49:45.914+0000] {logging_mixin.py:188} INFO - [2025-12-14T16:49:45.914+0000] {dag.py:3096} INFO - Sync 1 DAGs
[2025-12-14T16:49:45.929+0000] {logging_mixin.py:188} INFO - [2025-12-14T16:49:45.929+0000] {dag.py:3954} INFO - Setting next_dagrun for example_display_name to None, run_after=None
[2025-12-14T16:49:45.953+0000] {processor.py:183} INFO - Processing /home/airflow/.local/lib/python3.12/site-packages/airflow/example_dags/example_display_name.py took 0.080 seconds
[2025-12-14T16:50:16.703+0000] {processor.py:161} INFO - Started process (PID=225) to work on /home/airflow/.local/lib/python3.12/site-packages/airflow/example_dags/example_display_name.py
[2025-12-14T16:50:16.704+0000] {processor.py:830} INFO - Processing file /home/airflow/.local/lib/python3.12/site-packages/airflow/example_dags/example_display_name.py for tasks to queue
[2025-12-14T16:50:16.707+0000] {logging_mixin.py:188} INFO - [2025-12-14T16:50:16.706+0000] {dagbag.py:540} INFO - Filling up the DagBag from /home/airflow/.local/lib/python3.12/site-packages/airflow/example_dags/example_display_name.py
[2025-12-14T16:50:16.714+0000] {processor.py:840} INFO - DAG(s) 'example_display_name' retrieved from /home/airflow/.local/lib/python3.12/site-packages/airflow/example_dags/example_display_name.py
[2025-12-14T16:50:16.740+0000] {logging_mixin.py:188} INFO - [2025-12-14T16:50:16.739+0000] {dag.py:3096} INFO - Sync 1 DAGs
[2025-12-14T16:50:16.756+0000] {logging_mixin.py:188} INFO - [2025-12-14T16:50:16.756+0000] {dag.py:3954} INFO - Setting next_dagrun for example_display_name to None, run_after=None
[2025-12-14T16:50:16.780+0000] {processor.py:183} INFO - Processing /home/airflow/.local/lib/python3.12/site-packages/airflow/example_dags/example_display_name.py took 0.085 seconds
[2025-12-14T16:50:47.003+0000] {processor.py:161} INFO - Started process (PID=290) to work on /home/airflow/.local/lib/python3.12/site-packages/airflow/example_dags/example_display_name.py
[2025-12-14T16:50:47.004+0000] {processor.py:830} INFO - Processing file /home/airflow/.local/lib/python3.12/site-packages/airflow/example_dags/example_display_name.py for tasks to queue
[2025-12-14T16:50:47.007+0000] {logging_mixin.py:188} INFO - [2025-12-14T16:50:47.006+0000] {dagbag.py:540} INFO - Filling up the DagBag from /home/airflow/.local/lib/python3.12/site-packages/airflow/example_dags/example_display_name.py
[2025-12-14T16:50:47.015+0000] {processor.py:840} INFO - DAG(s) 'example_display_name' retrieved from /home/airflow/.local/lib/python3.12/site-packages/airflow/example_dags/example_display_name.py
[2025-12-14T16:50:47.042+0000] {logging_mixin.py:188} INFO - [2025-12-14T16:50:47.042+0000] {dag.py:3096} INFO - Sync 1 DAGs
[2025-12-14T16:50:47.060+0000] {logging_mixin.py:188} INFO - [2025-12-14T16:50:47.060+0000] {dag.py:3954} INFO - Setting next_dagrun for example_display_name to None, run_after=None
[2025-12-14T16:50:47.088+0000] {processor.py:183} INFO - Processing /home/airflow/.local/lib/python3.12/site-packages/airflow/example_dags/example_display_name.py took 0.094 seconds
[2025-12-14T16:51:17.841+0000] {processor.py:161} INFO - Started process (PID=348) to work on /home/airflow/.local/lib/python3.12/site-packages/airflow/example_dags/example_display_name.py
[2025-12-14T16:51:17.842+0000] {processor.py:830} INFO - Processing file /home/airflow/.local/lib/python3.12/site-packages/airflow/example_dags/example_display_name.py for tasks to queue
[2025-12-14T16:51:17.845+0000] {logging_mixin.py:188} INFO - [2025-12-14T16:51:17.845+0000] {dagbag.py:540} INFO - Filling up the DagBag from /home/airflow/.local/lib/python3.12/site-packages/airflow/example_dags/example_display_name.py
[2025-12-14T16:51:17.853+0000] {processor.py:840} INFO - DAG(s) 'example_display_name' retrieved from /home/airflow/.local/lib/python3.12/site-packages/airflow/example_dags/example_display_name.py
[2025-12-14T16:51:17.879+0000] {logging_mixin.py:188} INFO - [2025-12-14T16:51:17.879+0000] {dag.py:3096} INFO - Sync 1 DAGs
[2025-12-14T16:51:17.898+0000] {logging_mixin.py:188} INFO - [2025-12-14T16:51:17.897+0000] {dag.py:3954} INFO - Setting next_dagrun for example_display_name to None, run_after=None
[2025-12-14T16:51:17.922+0000] {processor.py:183} INFO - Processing /home/airflow/.local/lib/python3.12/site-packages/airflow/example_dags/example_display_name.py took 0.088 seconds
[2025-12-14T16:51:48.311+0000] {processor.py:161} INFO - Started process (PID=406) to work on /home/airflow/.local/lib/python3.12/site-packages/airflow/example_dags/example_display_name.py
[2025-12-14T16:51:48.313+0000] {processor.py:830} INFO - Processing file /home/airflow/.local/lib/python3.12/site-packages/airflow/example_dags/example_display_name.py for tasks to queue
[2025-12-14T16:51:48.316+0000] {logging_mixin.py:188} INFO - [2025-12-14T16:51:48.316+0000] {dagbag.py:540} INFO - Filling up the DagBag from /home/airflow/.local/lib/python3.12/site-packages/airflow/example_dags/example_display_name.py
[2025-12-14T16:51:48.328+0000] {processor.py:840} INFO - DAG(s) 'example_display_name' retrieved from /home/airflow/.local/lib/python3.12/site-packages/airflow/example_dags/example_display_name.py
[2025-12-14T16:51:48.397+0000] {logging_mixin.py:188} INFO - [2025-12-14T16:51:48.396+0000] {dag.py:3096} INFO - Sync 1 DAGs
[2025-12-14T16:51:48.424+0000] {logging_mixin.py:188} INFO - [2025-12-14T16:51:48.423+0000] {dag.py:3954} INFO - Setting next_dagrun for example_display_name to None, run_after=None
[2025-12-14T16:51:48.451+0000] {processor.py:183} INFO - Processing /home/airflow/.local/lib/python3.12/site-packages/airflow/example_dags/example_display_name.py took 0.148 seconds
[2025-12-14T16:52:18.534+0000] {processor.py:161} INFO - Started process (PID=463) to work on /home/airflow/.local/lib/python3.12/site-packages/airflow/example_dags/example_display_name.py
[2025-12-14T16:52:18.536+0000] {processor.py:830} INFO - Processing file /home/airflow/.local/lib/python3.12/site-packages/airflow/example_dags/example_display_name.py for tasks to queue
[2025-12-14T16:52:18.539+0000] {logging_mixin.py:188} INFO - [2025-12-14T16:52:18.539+0000] {dagbag.py:540} INFO - Filling up the DagBag from /home/airflow/.local/lib/python3.12/site-packages/airflow/example_dags/example_display_name.py
[2025-12-14T16:52:18.549+0000] {processor.py:840} INFO - DAG(s) 'example_display_name' retrieved from /home/airflow/.local/lib/python3.12/site-packages/airflow/example_dags/example_display_name.py
[2025-12-14T16:52:18.575+0000] {logging_mixin.py:188} INFO - [2025-12-14T16:52:18.575+0000] {dag.py:3096} INFO - Sync 1 DAGs
[2025-12-14T16:52:18.591+0000] {logging_mixin.py:188} INFO - [2025-12-14T16:52:18.590+0000] {dag.py:3954} INFO - Setting next_dagrun for example_display_name to None, run_after=None
[2025-12-14T16:52:18.616+0000] {processor.py:183} INFO - Processing /home/airflow/.local/lib/python3.12/site-packages/airflow/example_dags/example_display_name.py took 0.090 seconds
[2025-12-14T16:55:11.499+0000] {processor.py:161} INFO - Started process (PID=155) to work on /home/airflow/.local/lib/python3.12/site-packages/airflow/example_dags/example_display_name.py
[2025-12-14T16:55:11.501+0000] {processor.py:830} INFO - Processing file /home/airflow/.local/lib/python3.12/site-packages/airflow/example_dags/example_display_name.py for tasks to queue
[2025-12-14T16:55:11.504+0000] {logging_mixin.py:188} INFO - [2025-12-14T16:55:11.503+0000] {dagbag.py:540} INFO - Filling up the DagBag from /home/airflow/.local/lib/python3.12/site-packages/airflow/example_dags/example_display_name.py
[2025-12-14T16:55:11.512+0000] {processor.py:840} INFO - DAG(s) 'example_display_name' retrieved from /home/airflow/.local/lib/python3.12/site-packages/airflow/example_dags/example_display_name.py
[2025-12-14T16:55:11.672+0000] {logging_mixin.py:188} INFO - [2025-12-14T16:55:11.671+0000] {dag.py:3096} INFO - Sync 1 DAGs
[2025-12-14T16:55:11.702+0000] {logging_mixin.py:188} INFO - [2025-12-14T16:55:11.701+0000] {dag.py:3954} INFO - Setting next_dagrun for example_display_name to None, run_after=None
[2025-12-14T16:55:11.773+0000] {processor.py:183} INFO - Processing /home/airflow/.local/lib/python3.12/site-packages/airflow/example_dags/example_display_name.py took 0.281 seconds
[2025-12-14T16:55:42.200+0000] {processor.py:161} INFO - Started process (PID=227) to work on /home/airflow/.local/lib/python3.12/site-packages/airflow/example_dags/example_display_name.py
[2025-12-14T16:55:42.202+0000] {processor.py:830} INFO - Processing file /home/airflow/.local/lib/python3.12/site-packages/airflow/example_dags/example_display_name.py for tasks to queue
[2025-12-14T16:55:42.205+0000] {logging_mixin.py:188} INFO - [2025-12-14T16:55:42.205+0000] {dagbag.py:540} INFO - Filling up the DagBag from /home/airflow/.local/lib/python3.12/site-packages/airflow/example_dags/example_display_name.py
[2025-12-14T16:55:42.212+0000] {processor.py:840} INFO - DAG(s) 'example_display_name' retrieved from /home/airflow/.local/lib/python3.12/site-packages/airflow/example_dags/example_display_name.py
[2025-12-14T16:55:42.239+0000] {logging_mixin.py:188} INFO - [2025-12-14T16:55:42.239+0000] {dag.py:3096} INFO - Sync 1 DAGs
[2025-12-14T16:55:42.254+0000] {logging_mixin.py:188} INFO - [2025-12-14T16:55:42.254+0000] {dag.py:3954} INFO - Setting next_dagrun for example_display_name to None, run_after=None
[2025-12-14T16:55:42.629+0000] {processor.py:183} INFO - Processing /home/airflow/.local/lib/python3.12/site-packages/airflow/example_dags/example_display_name.py took 0.439 seconds
[2025-12-14T16:56:12.981+0000] {processor.py:161} INFO - Started process (PID=298) to work on /home/airflow/.local/lib/python3.12/site-packages/airflow/example_dags/example_display_name.py
[2025-12-14T16:56:12.982+0000] {processor.py:830} INFO - Processing file /home/airflow/.local/lib/python3.12/site-packages/airflow/example_dags/example_display_name.py for tasks to queue
[2025-12-14T16:56:12.985+0000] {logging_mixin.py:188} INFO - [2025-12-14T16:56:12.984+0000] {dagbag.py:540} INFO - Filling up the DagBag from /home/airflow/.local/lib/python3.12/site-packages/airflow/example_dags/example_display_name.py
[2025-12-14T16:56:12.992+0000] {processor.py:840} INFO - DAG(s) 'example_display_name' retrieved from /home/airflow/.local/lib/python3.12/site-packages/airflow/example_dags/example_display_name.py
[2025-12-14T16:56:13.014+0000] {logging_mixin.py:188} INFO - [2025-12-14T16:56:13.014+0000] {dag.py:3096} INFO - Sync 1 DAGs
[2025-12-14T16:56:13.029+0000] {logging_mixin.py:188} INFO - [2025-12-14T16:56:13.028+0000] {dag.py:3954} INFO - Setting next_dagrun for example_display_name to None, run_after=None
[2025-12-14T16:56:13.049+0000] {processor.py:183} INFO - Processing /home/airflow/.local/lib/python3.12/site-packages/airflow/example_dags/example_display_name.py took 0.075 seconds
[2025-12-14T16:56:44.172+0000] {processor.py:161} INFO - Started process (PID=370) to work on /home/airflow/.local/lib/python3.12/site-packages/airflow/example_dags/example_display_name.py
[2025-12-14T16:56:44.174+0000] {processor.py:830} INFO - Processing file /home/airflow/.local/lib/python3.12/site-packages/airflow/example_dags/example_display_name.py for tasks to queue
[2025-12-14T16:56:44.177+0000] {logging_mixin.py:188} INFO - [2025-12-14T16:56:44.176+0000] {dagbag.py:540} INFO - Filling up the DagBag from /home/airflow/.local/lib/python3.12/site-packages/airflow/example_dags/example_display_name.py
[2025-12-14T16:56:44.184+0000] {processor.py:840} INFO - DAG(s) 'example_display_name' retrieved from /home/airflow/.local/lib/python3.12/site-packages/airflow/example_dags/example_display_name.py
[2025-12-14T16:56:44.206+0000] {logging_mixin.py:188} INFO - [2025-12-14T16:56:44.206+0000] {dag.py:3096} INFO - Sync 1 DAGs
[2025-12-14T16:56:44.220+0000] {logging_mixin.py:188} INFO - [2025-12-14T16:56:44.220+0000] {dag.py:3954} INFO - Setting next_dagrun for example_display_name to None, run_after=None
[2025-12-14T16:56:44.243+0000] {processor.py:183} INFO - Processing /home/airflow/.local/lib/python3.12/site-packages/airflow/example_dags/example_display_name.py took 0.078 seconds
[2025-12-14T16:57:15.376+0000] {processor.py:161} INFO - Started process (PID=441) to work on /home/airflow/.local/lib/python3.12/site-packages/airflow/example_dags/example_display_name.py
[2025-12-14T16:57:15.378+0000] {processor.py:830} INFO - Processing file /home/airflow/.local/lib/python3.12/site-packages/airflow/example_dags/example_display_name.py for tasks to queue
[2025-12-14T16:57:15.382+0000] {logging_mixin.py:188} INFO - [2025-12-14T16:57:15.381+0000] {dagbag.py:540} INFO - Filling up the DagBag from /home/airflow/.local/lib/python3.12/site-packages/airflow/example_dags/example_display_name.py
[2025-12-14T16:57:15.391+0000] {processor.py:840} INFO - DAG(s) 'example_display_name' retrieved from /home/airflow/.local/lib/python3.12/site-packages/airflow/example_dags/example_display_name.py
[2025-12-14T16:57:15.417+0000] {logging_mixin.py:188} INFO - [2025-12-14T16:57:15.417+0000] {dag.py:3096} INFO - Sync 1 DAGs
[2025-12-14T16:57:15.433+0000] {logging_mixin.py:188} INFO - [2025-12-14T16:57:15.433+0000] {dag.py:3954} INFO - Setting next_dagrun for example_display_name to None, run_after=None
[2025-12-14T16:57:15.459+0000] {processor.py:183} INFO - Processing /home/airflow/.local/lib/python3.12/site-packages/airflow/example_dags/example_display_name.py took 0.097 seconds
[2025-12-14T16:58:35.923+0000] {processor.py:161} INFO - Started process (PID=104) to work on /home/airflow/.local/lib/python3.12/site-packages/airflow/example_dags/example_display_name.py
[2025-12-14T16:58:35.924+0000] {processor.py:830} INFO - Processing file /home/airflow/.local/lib/python3.12/site-packages/airflow/example_dags/example_display_name.py for tasks to queue
[2025-12-14T16:58:35.927+0000] {logging_mixin.py:188} INFO - [2025-12-14T16:58:35.927+0000] {dagbag.py:540} INFO - Filling up the DagBag from /home/airflow/.local/lib/python3.12/site-packages/airflow/example_dags/example_display_name.py
[2025-12-14T16:58:35.938+0000] {processor.py:840} INFO - DAG(s) 'example_display_name' retrieved from /home/airflow/.local/lib/python3.12/site-packages/airflow/example_dags/example_display_name.py
[2025-12-14T16:58:36.110+0000] {logging_mixin.py:188} INFO - [2025-12-14T16:58:36.110+0000] {dag.py:3096} INFO - Sync 1 DAGs
[2025-12-14T16:58:36.126+0000] {logging_mixin.py:188} INFO - [2025-12-14T16:58:36.125+0000] {dag.py:3954} INFO - Setting next_dagrun for example_display_name to None, run_after=None
[2025-12-14T16:58:36.156+0000] {processor.py:183} INFO - Processing /home/airflow/.local/lib/python3.12/site-packages/airflow/example_dags/example_display_name.py took 0.243 seconds
[2025-12-14T16:59:06.517+0000] {processor.py:161} INFO - Started process (PID=164) to work on /home/airflow/.local/lib/python3.12/site-packages/airflow/example_dags/example_display_name.py
[2025-12-14T16:59:06.518+0000] {processor.py:830} INFO - Processing file /home/airflow/.local/lib/python3.12/site-packages/airflow/example_dags/example_display_name.py for tasks to queue
[2025-12-14T16:59:06.521+0000] {logging_mixin.py:188} INFO - [2025-12-14T16:59:06.521+0000] {dagbag.py:540} INFO - Filling up the DagBag from /home/airflow/.local/lib/python3.12/site-packages/airflow/example_dags/example_display_name.py
[2025-12-14T16:59:06.529+0000] {processor.py:840} INFO - DAG(s) 'example_display_name' retrieved from /home/airflow/.local/lib/python3.12/site-packages/airflow/example_dags/example_display_name.py
[2025-12-14T16:59:06.555+0000] {logging_mixin.py:188} INFO - [2025-12-14T16:59:06.555+0000] {dag.py:3096} INFO - Sync 1 DAGs
[2025-12-14T16:59:06.569+0000] {logging_mixin.py:188} INFO - [2025-12-14T16:59:06.569+0000] {dag.py:3954} INFO - Setting next_dagrun for example_display_name to None, run_after=None
[2025-12-14T16:59:06.592+0000] {processor.py:183} INFO - Processing /home/airflow/.local/lib/python3.12/site-packages/airflow/example_dags/example_display_name.py took 0.084 seconds
[2025-12-14T16:59:37.659+0000] {processor.py:161} INFO - Started process (PID=224) to work on /home/airflow/.local/lib/python3.12/site-packages/airflow/example_dags/example_display_name.py
[2025-12-14T16:59:37.661+0000] {processor.py:830} INFO - Processing file /home/airflow/.local/lib/python3.12/site-packages/airflow/example_dags/example_display_name.py for tasks to queue
[2025-12-14T16:59:37.662+0000] {logging_mixin.py:188} INFO - [2025-12-14T16:59:37.662+0000] {dagbag.py:540} INFO - Filling up the DagBag from /home/airflow/.local/lib/python3.12/site-packages/airflow/example_dags/example_display_name.py
[2025-12-14T16:59:37.671+0000] {processor.py:840} INFO - DAG(s) 'example_display_name' retrieved from /home/airflow/.local/lib/python3.12/site-packages/airflow/example_dags/example_display_name.py
[2025-12-14T16:59:37.702+0000] {logging_mixin.py:188} INFO - [2025-12-14T16:59:37.701+0000] {dag.py:3096} INFO - Sync 1 DAGs
[2025-12-14T16:59:37.722+0000] {logging_mixin.py:188} INFO - [2025-12-14T16:59:37.722+0000] {dag.py:3954} INFO - Setting next_dagrun for example_display_name to None, run_after=None
[2025-12-14T16:59:37.753+0000] {processor.py:183} INFO - Processing /home/airflow/.local/lib/python3.12/site-packages/airflow/example_dags/example_display_name.py took 0.107 seconds
[2025-12-14T17:00:08.346+0000] {processor.py:161} INFO - Started process (PID=284) to work on /home/airflow/.local/lib/python3.12/site-packages/airflow/example_dags/example_display_name.py
[2025-12-14T17:00:08.347+0000] {processor.py:830} INFO - Processing file /home/airflow/.local/lib/python3.12/site-packages/airflow/example_dags/example_display_name.py for tasks to queue
[2025-12-14T17:00:08.349+0000] {logging_mixin.py:188} INFO - [2025-12-14T17:00:08.348+0000] {dagbag.py:540} INFO - Filling up the DagBag from /home/airflow/.local/lib/python3.12/site-packages/airflow/example_dags/example_display_name.py
[2025-12-14T17:00:08.356+0000] {processor.py:840} INFO - DAG(s) 'example_display_name' retrieved from /home/airflow/.local/lib/python3.12/site-packages/airflow/example_dags/example_display_name.py
[2025-12-14T17:00:08.385+0000] {logging_mixin.py:188} INFO - [2025-12-14T17:00:08.385+0000] {dag.py:3096} INFO - Sync 1 DAGs
[2025-12-14T17:00:08.401+0000] {logging_mixin.py:188} INFO - [2025-12-14T17:00:08.400+0000] {dag.py:3954} INFO - Setting next_dagrun for example_display_name to None, run_after=None
[2025-12-14T17:00:08.427+0000] {processor.py:183} INFO - Processing /home/airflow/.local/lib/python3.12/site-packages/airflow/example_dags/example_display_name.py took 0.089 seconds
[2025-12-14T17:00:40.710+0000] {processor.py:161} INFO - Started process (PID=344) to work on /home/airflow/.local/lib/python3.12/site-packages/airflow/example_dags/example_display_name.py
[2025-12-14T17:00:40.712+0000] {processor.py:830} INFO - Processing file /home/airflow/.local/lib/python3.12/site-packages/airflow/example_dags/example_display_name.py for tasks to queue
[2025-12-14T17:00:40.714+0000] {logging_mixin.py:188} INFO - [2025-12-14T17:00:40.713+0000] {dagbag.py:540} INFO - Filling up the DagBag from /home/airflow/.local/lib/python3.12/site-packages/airflow/example_dags/example_display_name.py
[2025-12-14T17:00:40.723+0000] {processor.py:840} INFO - DAG(s) 'example_display_name' retrieved from /home/airflow/.local/lib/python3.12/site-packages/airflow/example_dags/example_display_name.py
[2025-12-14T17:00:40.758+0000] {logging_mixin.py:188} INFO - [2025-12-14T17:00:40.757+0000] {dag.py:3096} INFO - Sync 1 DAGs
[2025-12-14T17:00:40.791+0000] {logging_mixin.py:188} INFO - [2025-12-14T17:00:40.790+0000] {dag.py:3954} INFO - Setting next_dagrun for example_display_name to None, run_after=None
[2025-12-14T17:00:40.823+0000] {processor.py:183} INFO - Processing /home/airflow/.local/lib/python3.12/site-packages/airflow/example_dags/example_display_name.py took 0.121 seconds
[2025-12-14T17:02:54.713+0000] {processor.py:161} INFO - Started process (PID=142) to work on /home/airflow/.local/lib/python3.12/site-packages/airflow/example_dags/example_display_name.py
[2025-12-14T17:02:54.716+0000] {processor.py:830} INFO - Processing file /home/airflow/.local/lib/python3.12/site-packages/airflow/example_dags/example_display_name.py for tasks to queue
[2025-12-14T17:02:54.720+0000] {logging_mixin.py:188} INFO - [2025-12-14T17:02:54.719+0000] {dagbag.py:540} INFO - Filling up the DagBag from /home/airflow/.local/lib/python3.12/site-packages/airflow/example_dags/example_display_name.py
[2025-12-14T17:02:54.730+0000] {processor.py:840} INFO - DAG(s) 'example_display_name' retrieved from /home/airflow/.local/lib/python3.12/site-packages/airflow/example_dags/example_display_name.py
[2025-12-14T17:02:54.980+0000] {logging_mixin.py:188} INFO - [2025-12-14T17:02:54.980+0000] {dag.py:3096} INFO - Sync 1 DAGs
[2025-12-14T17:02:55.001+0000] {logging_mixin.py:188} INFO - [2025-12-14T17:02:55.001+0000] {dag.py:3954} INFO - Setting next_dagrun for example_display_name to None, run_after=None
[2025-12-14T17:02:55.039+0000] {processor.py:183} INFO - Processing /home/airflow/.local/lib/python3.12/site-packages/airflow/example_dags/example_display_name.py took 0.339 seconds
[2025-12-14T17:03:25.499+0000] {processor.py:161} INFO - Started process (PID=213) to work on /home/airflow/.local/lib/python3.12/site-packages/airflow/example_dags/example_display_name.py
[2025-12-14T17:03:25.501+0000] {processor.py:830} INFO - Processing file /home/airflow/.local/lib/python3.12/site-packages/airflow/example_dags/example_display_name.py for tasks to queue
[2025-12-14T17:03:25.504+0000] {logging_mixin.py:188} INFO - [2025-12-14T17:03:25.503+0000] {dagbag.py:540} INFO - Filling up the DagBag from /home/airflow/.local/lib/python3.12/site-packages/airflow/example_dags/example_display_name.py
[2025-12-14T17:03:25.513+0000] {processor.py:840} INFO - DAG(s) 'example_display_name' retrieved from /home/airflow/.local/lib/python3.12/site-packages/airflow/example_dags/example_display_name.py
[2025-12-14T17:03:25.539+0000] {logging_mixin.py:188} INFO - [2025-12-14T17:03:25.539+0000] {dag.py:3096} INFO - Sync 1 DAGs
[2025-12-14T17:03:25.557+0000] {logging_mixin.py:188} INFO - [2025-12-14T17:03:25.557+0000] {dag.py:3954} INFO - Setting next_dagrun for example_display_name to None, run_after=None
[2025-12-14T17:03:25.583+0000] {processor.py:183} INFO - Processing /home/airflow/.local/lib/python3.12/site-packages/airflow/example_dags/example_display_name.py took 0.092 seconds
[2025-12-14T17:03:56.342+0000] {processor.py:161} INFO - Started process (PID=284) to work on /home/airflow/.local/lib/python3.12/site-packages/airflow/example_dags/example_display_name.py
[2025-12-14T17:03:56.344+0000] {processor.py:830} INFO - Processing file /home/airflow/.local/lib/python3.12/site-packages/airflow/example_dags/example_display_name.py for tasks to queue
[2025-12-14T17:03:56.347+0000] {logging_mixin.py:188} INFO - [2025-12-14T17:03:56.347+0000] {dagbag.py:540} INFO - Filling up the DagBag from /home/airflow/.local/lib/python3.12/site-packages/airflow/example_dags/example_display_name.py
[2025-12-14T17:03:56.364+0000] {processor.py:840} INFO - DAG(s) 'example_display_name' retrieved from /home/airflow/.local/lib/python3.12/site-packages/airflow/example_dags/example_display_name.py
[2025-12-14T17:03:56.398+0000] {logging_mixin.py:188} INFO - [2025-12-14T17:03:56.398+0000] {dag.py:3096} INFO - Sync 1 DAGs
[2025-12-14T17:03:56.419+0000] {logging_mixin.py:188} INFO - [2025-12-14T17:03:56.419+0000] {dag.py:3954} INFO - Setting next_dagrun for example_display_name to None, run_after=None
[2025-12-14T17:03:56.444+0000] {processor.py:183} INFO - Processing /home/airflow/.local/lib/python3.12/site-packages/airflow/example_dags/example_display_name.py took 0.115 seconds
[2025-12-14T17:04:26.858+0000] {processor.py:161} INFO - Started process (PID=355) to work on /home/airflow/.local/lib/python3.12/site-packages/airflow/example_dags/example_display_name.py
[2025-12-14T17:04:26.860+0000] {processor.py:830} INFO - Processing file /home/airflow/.local/lib/python3.12/site-packages/airflow/example_dags/example_display_name.py for tasks to queue
[2025-12-14T17:04:26.863+0000] {logging_mixin.py:188} INFO - [2025-12-14T17:04:26.862+0000] {dagbag.py:540} INFO - Filling up the DagBag from /home/airflow/.local/lib/python3.12/site-packages/airflow/example_dags/example_display_name.py
[2025-12-14T17:04:26.870+0000] {processor.py:840} INFO - DAG(s) 'example_display_name' retrieved from /home/airflow/.local/lib/python3.12/site-packages/airflow/example_dags/example_display_name.py
[2025-12-14T17:04:26.896+0000] {logging_mixin.py:188} INFO - [2025-12-14T17:04:26.895+0000] {dag.py:3096} INFO - Sync 1 DAGs
[2025-12-14T17:04:26.911+0000] {logging_mixin.py:188} INFO - [2025-12-14T17:04:26.911+0000] {dag.py:3954} INFO - Setting next_dagrun for example_display_name to None, run_after=None
[2025-12-14T17:04:26.935+0000] {processor.py:183} INFO - Processing /home/airflow/.local/lib/python3.12/site-packages/airflow/example_dags/example_display_name.py took 0.085 seconds
[2025-12-14T17:07:18.607+0000] {processor.py:161} INFO - Started process (PID=133) to work on /home/airflow/.local/lib/python3.12/site-packages/airflow/example_dags/example_display_name.py
[2025-12-14T17:07:18.609+0000] {processor.py:830} INFO - Processing file /home/airflow/.local/lib/python3.12/site-packages/airflow/example_dags/example_display_name.py for tasks to queue
[2025-12-14T17:07:18.612+0000] {logging_mixin.py:188} INFO - [2025-12-14T17:07:18.612+0000] {dagbag.py:540} INFO - Filling up the DagBag from /home/airflow/.local/lib/python3.12/site-packages/airflow/example_dags/example_display_name.py
[2025-12-14T17:07:18.622+0000] {processor.py:840} INFO - DAG(s) 'example_display_name' retrieved from /home/airflow/.local/lib/python3.12/site-packages/airflow/example_dags/example_display_name.py
[2025-12-14T17:07:18.786+0000] {logging_mixin.py:188} INFO - [2025-12-14T17:07:18.786+0000] {dag.py:3096} INFO - Sync 1 DAGs
[2025-12-14T17:07:18.800+0000] {logging_mixin.py:188} INFO - [2025-12-14T17:07:18.800+0000] {dag.py:3954} INFO - Setting next_dagrun for example_display_name to None, run_after=None
[2025-12-14T17:07:18.826+0000] {processor.py:183} INFO - Processing /home/airflow/.local/lib/python3.12/site-packages/airflow/example_dags/example_display_name.py took 0.228 seconds
[2025-12-14T17:07:49.083+0000] {processor.py:161} INFO - Started process (PID=204) to work on /home/airflow/.local/lib/python3.12/site-packages/airflow/example_dags/example_display_name.py
[2025-12-14T17:07:49.084+0000] {processor.py:830} INFO - Processing file /home/airflow/.local/lib/python3.12/site-packages/airflow/example_dags/example_display_name.py for tasks to queue
[2025-12-14T17:07:49.087+0000] {logging_mixin.py:188} INFO - [2025-12-14T17:07:49.086+0000] {dagbag.py:540} INFO - Filling up the DagBag from /home/airflow/.local/lib/python3.12/site-packages/airflow/example_dags/example_display_name.py
[2025-12-14T17:07:49.093+0000] {processor.py:840} INFO - DAG(s) 'example_display_name' retrieved from /home/airflow/.local/lib/python3.12/site-packages/airflow/example_dags/example_display_name.py
[2025-12-14T17:07:49.116+0000] {logging_mixin.py:188} INFO - [2025-12-14T17:07:49.115+0000] {dag.py:3096} INFO - Sync 1 DAGs
[2025-12-14T17:07:49.129+0000] {logging_mixin.py:188} INFO - [2025-12-14T17:07:49.129+0000] {dag.py:3954} INFO - Setting next_dagrun for example_display_name to None, run_after=None
[2025-12-14T17:07:49.153+0000] {processor.py:183} INFO - Processing /home/airflow/.local/lib/python3.12/site-packages/airflow/example_dags/example_display_name.py took 0.077 seconds
[2025-12-14T17:08:21.162+0000] {processor.py:161} INFO - Started process (PID=275) to work on /home/airflow/.local/lib/python3.12/site-packages/airflow/example_dags/example_display_name.py
[2025-12-14T17:08:21.163+0000] {processor.py:830} INFO - Processing file /home/airflow/.local/lib/python3.12/site-packages/airflow/example_dags/example_display_name.py for tasks to queue
[2025-12-14T17:08:21.166+0000] {logging_mixin.py:188} INFO - [2025-12-14T17:08:21.165+0000] {dagbag.py:540} INFO - Filling up the DagBag from /home/airflow/.local/lib/python3.12/site-packages/airflow/example_dags/example_display_name.py
[2025-12-14T17:08:21.174+0000] {processor.py:840} INFO - DAG(s) 'example_display_name' retrieved from /home/airflow/.local/lib/python3.12/site-packages/airflow/example_dags/example_display_name.py
[2025-12-14T17:08:21.205+0000] {logging_mixin.py:188} INFO - [2025-12-14T17:08:21.204+0000] {dag.py:3096} INFO - Sync 1 DAGs
[2025-12-14T17:08:21.224+0000] {logging_mixin.py:188} INFO - [2025-12-14T17:08:21.224+0000] {dag.py:3954} INFO - Setting next_dagrun for example_display_name to None, run_after=None
[2025-12-14T17:08:21.253+0000] {processor.py:183} INFO - Processing /home/airflow/.local/lib/python3.12/site-packages/airflow/example_dags/example_display_name.py took 0.101 seconds
[2025-12-14T17:08:53.623+0000] {processor.py:161} INFO - Started process (PID=347) to work on /home/airflow/.local/lib/python3.12/site-packages/airflow/example_dags/example_display_name.py
[2025-12-14T17:08:53.625+0000] {processor.py:830} INFO - Processing file /home/airflow/.local/lib/python3.12/site-packages/airflow/example_dags/example_display_name.py for tasks to queue
[2025-12-14T17:08:53.628+0000] {logging_mixin.py:188} INFO - [2025-12-14T17:08:53.628+0000] {dagbag.py:540} INFO - Filling up the DagBag from /home/airflow/.local/lib/python3.12/site-packages/airflow/example_dags/example_display_name.py
[2025-12-14T17:08:53.638+0000] {processor.py:840} INFO - DAG(s) 'example_display_name' retrieved from /home/airflow/.local/lib/python3.12/site-packages/airflow/example_dags/example_display_name.py
[2025-12-14T17:08:53.663+0000] {logging_mixin.py:188} INFO - [2025-12-14T17:08:53.663+0000] {dag.py:3096} INFO - Sync 1 DAGs
[2025-12-14T17:08:53.682+0000] {logging_mixin.py:188} INFO - [2025-12-14T17:08:53.681+0000] {dag.py:3954} INFO - Setting next_dagrun for example_display_name to None, run_after=None
[2025-12-14T17:08:53.704+0000] {processor.py:183} INFO - Processing /home/airflow/.local/lib/python3.12/site-packages/airflow/example_dags/example_display_name.py took 0.090 seconds
[2025-12-14T17:09:24.977+0000] {processor.py:161} INFO - Started process (PID=418) to work on /home/airflow/.local/lib/python3.12/site-packages/airflow/example_dags/example_display_name.py
[2025-12-14T17:09:24.978+0000] {processor.py:830} INFO - Processing file /home/airflow/.local/lib/python3.12/site-packages/airflow/example_dags/example_display_name.py for tasks to queue
[2025-12-14T17:09:24.982+0000] {logging_mixin.py:188} INFO - [2025-12-14T17:09:24.982+0000] {dagbag.py:540} INFO - Filling up the DagBag from /home/airflow/.local/lib/python3.12/site-packages/airflow/example_dags/example_display_name.py
[2025-12-14T17:09:24.990+0000] {processor.py:840} INFO - DAG(s) 'example_display_name' retrieved from /home/airflow/.local/lib/python3.12/site-packages/airflow/example_dags/example_display_name.py
[2025-12-14T17:09:25.014+0000] {logging_mixin.py:188} INFO - [2025-12-14T17:09:25.014+0000] {dag.py:3096} INFO - Sync 1 DAGs
[2025-12-14T17:09:25.029+0000] {logging_mixin.py:188} INFO - [2025-12-14T17:09:25.029+0000] {dag.py:3954} INFO - Setting next_dagrun for example_display_name to None, run_after=None
[2025-12-14T17:09:25.056+0000] {processor.py:183} INFO - Processing /home/airflow/.local/lib/python3.12/site-packages/airflow/example_dags/example_display_name.py took 0.087 seconds
[2025-12-14T17:09:55.605+0000] {processor.py:161} INFO - Started process (PID=477) to work on /home/airflow/.local/lib/python3.12/site-packages/airflow/example_dags/example_display_name.py
[2025-12-14T17:09:55.607+0000] {processor.py:830} INFO - Processing file /home/airflow/.local/lib/python3.12/site-packages/airflow/example_dags/example_display_name.py for tasks to queue
[2025-12-14T17:09:55.609+0000] {logging_mixin.py:188} INFO - [2025-12-14T17:09:55.609+0000] {dagbag.py:540} INFO - Filling up the DagBag from /home/airflow/.local/lib/python3.12/site-packages/airflow/example_dags/example_display_name.py
[2025-12-14T17:09:55.616+0000] {processor.py:840} INFO - DAG(s) 'example_display_name' retrieved from /home/airflow/.local/lib/python3.12/site-packages/airflow/example_dags/example_display_name.py
[2025-12-14T17:09:55.639+0000] {logging_mixin.py:188} INFO - [2025-12-14T17:09:55.639+0000] {dag.py:3096} INFO - Sync 1 DAGs
[2025-12-14T17:09:55.652+0000] {logging_mixin.py:188} INFO - [2025-12-14T17:09:55.652+0000] {dag.py:3954} INFO - Setting next_dagrun for example_display_name to None, run_after=None
[2025-12-14T17:09:55.677+0000] {processor.py:183} INFO - Processing /home/airflow/.local/lib/python3.12/site-packages/airflow/example_dags/example_display_name.py took 0.079 seconds
[2025-12-14T17:10:26.048+0000] {processor.py:161} INFO - Started process (PID=560) to work on /home/airflow/.local/lib/python3.12/site-packages/airflow/example_dags/example_display_name.py
[2025-12-14T17:10:26.050+0000] {processor.py:830} INFO - Processing file /home/airflow/.local/lib/python3.12/site-packages/airflow/example_dags/example_display_name.py for tasks to queue
[2025-12-14T17:10:26.053+0000] {logging_mixin.py:188} INFO - [2025-12-14T17:10:26.052+0000] {dagbag.py:540} INFO - Filling up the DagBag from /home/airflow/.local/lib/python3.12/site-packages/airflow/example_dags/example_display_name.py
[2025-12-14T17:10:26.061+0000] {processor.py:840} INFO - DAG(s) 'example_display_name' retrieved from /home/airflow/.local/lib/python3.12/site-packages/airflow/example_dags/example_display_name.py
[2025-12-14T17:10:26.090+0000] {logging_mixin.py:188} INFO - [2025-12-14T17:10:26.090+0000] {dag.py:3096} INFO - Sync 1 DAGs
[2025-12-14T17:10:26.108+0000] {logging_mixin.py:188} INFO - [2025-12-14T17:10:26.108+0000] {dag.py:3954} INFO - Setting next_dagrun for example_display_name to None, run_after=None
[2025-12-14T17:10:26.136+0000] {processor.py:183} INFO - Processing /home/airflow/.local/lib/python3.12/site-packages/airflow/example_dags/example_display_name.py took 0.095 seconds
[2025-12-14T17:10:56.421+0000] {processor.py:161} INFO - Started process (PID=631) to work on /home/airflow/.local/lib/python3.12/site-packages/airflow/example_dags/example_display_name.py
[2025-12-14T17:10:56.423+0000] {processor.py:830} INFO - Processing file /home/airflow/.local/lib/python3.12/site-packages/airflow/example_dags/example_display_name.py for tasks to queue
[2025-12-14T17:10:56.426+0000] {logging_mixin.py:188} INFO - [2025-12-14T17:10:56.425+0000] {dagbag.py:540} INFO - Filling up the DagBag from /home/airflow/.local/lib/python3.12/site-packages/airflow/example_dags/example_display_name.py
[2025-12-14T17:10:56.440+0000] {processor.py:840} INFO - DAG(s) 'example_display_name' retrieved from /home/airflow/.local/lib/python3.12/site-packages/airflow/example_dags/example_display_name.py
[2025-12-14T17:10:56.474+0000] {logging_mixin.py:188} INFO - [2025-12-14T17:10:56.474+0000] {dag.py:3096} INFO - Sync 1 DAGs
[2025-12-14T17:10:56.492+0000] {logging_mixin.py:188} INFO - [2025-12-14T17:10:56.492+0000] {dag.py:3954} INFO - Setting next_dagrun for example_display_name to None, run_after=None
[2025-12-14T17:10:56.519+0000] {processor.py:183} INFO - Processing /home/airflow/.local/lib/python3.12/site-packages/airflow/example_dags/example_display_name.py took 0.113 seconds
[2025-12-14T17:11:26.755+0000] {processor.py:161} INFO - Started process (PID=701) to work on /home/airflow/.local/lib/python3.12/site-packages/airflow/example_dags/example_display_name.py
[2025-12-14T17:11:26.756+0000] {processor.py:830} INFO - Processing file /home/airflow/.local/lib/python3.12/site-packages/airflow/example_dags/example_display_name.py for tasks to queue
[2025-12-14T17:11:26.759+0000] {logging_mixin.py:188} INFO - [2025-12-14T17:11:26.759+0000] {dagbag.py:540} INFO - Filling up the DagBag from /home/airflow/.local/lib/python3.12/site-packages/airflow/example_dags/example_display_name.py
[2025-12-14T17:11:26.767+0000] {processor.py:840} INFO - DAG(s) 'example_display_name' retrieved from /home/airflow/.local/lib/python3.12/site-packages/airflow/example_dags/example_display_name.py
[2025-12-14T17:11:26.793+0000] {logging_mixin.py:188} INFO - [2025-12-14T17:11:26.793+0000] {dag.py:3096} INFO - Sync 1 DAGs
[2025-12-14T17:11:26.809+0000] {logging_mixin.py:188} INFO - [2025-12-14T17:11:26.809+0000] {dag.py:3954} INFO - Setting next_dagrun for example_display_name to None, run_after=None
[2025-12-14T17:11:26.833+0000] {processor.py:183} INFO - Processing /home/airflow/.local/lib/python3.12/site-packages/airflow/example_dags/example_display_name.py took 0.086 seconds
[2025-12-14T17:11:57.100+0000] {processor.py:161} INFO - Started process (PID=772) to work on /home/airflow/.local/lib/python3.12/site-packages/airflow/example_dags/example_display_name.py
[2025-12-14T17:11:57.101+0000] {processor.py:830} INFO - Processing file /home/airflow/.local/lib/python3.12/site-packages/airflow/example_dags/example_display_name.py for tasks to queue
[2025-12-14T17:11:57.103+0000] {logging_mixin.py:188} INFO - [2025-12-14T17:11:57.103+0000] {dagbag.py:540} INFO - Filling up the DagBag from /home/airflow/.local/lib/python3.12/site-packages/airflow/example_dags/example_display_name.py
[2025-12-14T17:11:57.110+0000] {processor.py:840} INFO - DAG(s) 'example_display_name' retrieved from /home/airflow/.local/lib/python3.12/site-packages/airflow/example_dags/example_display_name.py
[2025-12-14T17:11:57.132+0000] {logging_mixin.py:188} INFO - [2025-12-14T17:11:57.132+0000] {dag.py:3096} INFO - Sync 1 DAGs
[2025-12-14T17:11:57.146+0000] {logging_mixin.py:188} INFO - [2025-12-14T17:11:57.146+0000] {dag.py:3954} INFO - Setting next_dagrun for example_display_name to None, run_after=None
[2025-12-14T17:11:57.182+0000] {processor.py:183} INFO - Processing /home/airflow/.local/lib/python3.12/site-packages/airflow/example_dags/example_display_name.py took 0.089 seconds
[2025-12-14T17:12:27.412+0000] {processor.py:161} INFO - Started process (PID=843) to work on /home/airflow/.local/lib/python3.12/site-packages/airflow/example_dags/example_display_name.py
[2025-12-14T17:12:27.414+0000] {processor.py:830} INFO - Processing file /home/airflow/.local/lib/python3.12/site-packages/airflow/example_dags/example_display_name.py for tasks to queue
[2025-12-14T17:12:27.416+0000] {logging_mixin.py:188} INFO - [2025-12-14T17:12:27.416+0000] {dagbag.py:540} INFO - Filling up the DagBag from /home/airflow/.local/lib/python3.12/site-packages/airflow/example_dags/example_display_name.py
[2025-12-14T17:12:27.425+0000] {processor.py:840} INFO - DAG(s) 'example_display_name' retrieved from /home/airflow/.local/lib/python3.12/site-packages/airflow/example_dags/example_display_name.py
[2025-12-14T17:12:27.449+0000] {logging_mixin.py:188} INFO - [2025-12-14T17:12:27.449+0000] {dag.py:3096} INFO - Sync 1 DAGs
[2025-12-14T17:12:27.463+0000] {logging_mixin.py:188} INFO - [2025-12-14T17:12:27.463+0000] {dag.py:3954} INFO - Setting next_dagrun for example_display_name to None, run_after=None
[2025-12-14T17:12:27.489+0000] {processor.py:183} INFO - Processing /home/airflow/.local/lib/python3.12/site-packages/airflow/example_dags/example_display_name.py took 0.085 seconds
[2025-12-14T17:12:58.090+0000] {processor.py:161} INFO - Started process (PID=915) to work on /home/airflow/.local/lib/python3.12/site-packages/airflow/example_dags/example_display_name.py
[2025-12-14T17:12:58.091+0000] {processor.py:830} INFO - Processing file /home/airflow/.local/lib/python3.12/site-packages/airflow/example_dags/example_display_name.py for tasks to queue
[2025-12-14T17:12:58.095+0000] {logging_mixin.py:188} INFO - [2025-12-14T17:12:58.094+0000] {dagbag.py:540} INFO - Filling up the DagBag from /home/airflow/.local/lib/python3.12/site-packages/airflow/example_dags/example_display_name.py
[2025-12-14T17:12:58.102+0000] {processor.py:840} INFO - DAG(s) 'example_display_name' retrieved from /home/airflow/.local/lib/python3.12/site-packages/airflow/example_dags/example_display_name.py
[2025-12-14T17:12:58.128+0000] {logging_mixin.py:188} INFO - [2025-12-14T17:12:58.128+0000] {dag.py:3096} INFO - Sync 1 DAGs
[2025-12-14T17:12:58.145+0000] {logging_mixin.py:188} INFO - [2025-12-14T17:12:58.144+0000] {dag.py:3954} INFO - Setting next_dagrun for example_display_name to None, run_after=None
[2025-12-14T17:12:58.181+0000] {processor.py:183} INFO - Processing /home/airflow/.local/lib/python3.12/site-packages/airflow/example_dags/example_display_name.py took 0.099 seconds
[2025-12-14T17:13:28.397+0000] {processor.py:161} INFO - Started process (PID=986) to work on /home/airflow/.local/lib/python3.12/site-packages/airflow/example_dags/example_display_name.py
[2025-12-14T17:13:28.398+0000] {processor.py:830} INFO - Processing file /home/airflow/.local/lib/python3.12/site-packages/airflow/example_dags/example_display_name.py for tasks to queue
[2025-12-14T17:13:28.401+0000] {logging_mixin.py:188} INFO - [2025-12-14T17:13:28.400+0000] {dagbag.py:540} INFO - Filling up the DagBag from /home/airflow/.local/lib/python3.12/site-packages/airflow/example_dags/example_display_name.py
[2025-12-14T17:13:28.408+0000] {processor.py:840} INFO - DAG(s) 'example_display_name' retrieved from /home/airflow/.local/lib/python3.12/site-packages/airflow/example_dags/example_display_name.py
[2025-12-14T17:13:28.431+0000] {logging_mixin.py:188} INFO - [2025-12-14T17:13:28.431+0000] {dag.py:3096} INFO - Sync 1 DAGs
[2025-12-14T17:13:28.445+0000] {logging_mixin.py:188} INFO - [2025-12-14T17:13:28.445+0000] {dag.py:3954} INFO - Setting next_dagrun for example_display_name to None, run_after=None
[2025-12-14T17:13:28.470+0000] {processor.py:183} INFO - Processing /home/airflow/.local/lib/python3.12/site-packages/airflow/example_dags/example_display_name.py took 0.080 seconds
[2025-12-14T17:13:58.596+0000] {processor.py:161} INFO - Started process (PID=1057) to work on /home/airflow/.local/lib/python3.12/site-packages/airflow/example_dags/example_display_name.py
[2025-12-14T17:13:58.598+0000] {processor.py:830} INFO - Processing file /home/airflow/.local/lib/python3.12/site-packages/airflow/example_dags/example_display_name.py for tasks to queue
[2025-12-14T17:13:58.600+0000] {logging_mixin.py:188} INFO - [2025-12-14T17:13:58.600+0000] {dagbag.py:540} INFO - Filling up the DagBag from /home/airflow/.local/lib/python3.12/site-packages/airflow/example_dags/example_display_name.py
[2025-12-14T17:13:58.607+0000] {processor.py:840} INFO - DAG(s) 'example_display_name' retrieved from /home/airflow/.local/lib/python3.12/site-packages/airflow/example_dags/example_display_name.py
[2025-12-14T17:13:58.630+0000] {logging_mixin.py:188} INFO - [2025-12-14T17:13:58.629+0000] {dag.py:3096} INFO - Sync 1 DAGs
[2025-12-14T17:13:58.643+0000] {logging_mixin.py:188} INFO - [2025-12-14T17:13:58.643+0000] {dag.py:3954} INFO - Setting next_dagrun for example_display_name to None, run_after=None
[2025-12-14T17:13:58.666+0000] {processor.py:183} INFO - Processing /home/airflow/.local/lib/python3.12/site-packages/airflow/example_dags/example_display_name.py took 0.077 seconds
[2025-12-14T17:14:29.976+0000] {processor.py:161} INFO - Started process (PID=1129) to work on /home/airflow/.local/lib/python3.12/site-packages/airflow/example_dags/example_display_name.py
[2025-12-14T17:14:29.978+0000] {processor.py:830} INFO - Processing file /home/airflow/.local/lib/python3.12/site-packages/airflow/example_dags/example_display_name.py for tasks to queue
[2025-12-14T17:14:29.981+0000] {logging_mixin.py:188} INFO - [2025-12-14T17:14:29.980+0000] {dagbag.py:540} INFO - Filling up the DagBag from /home/airflow/.local/lib/python3.12/site-packages/airflow/example_dags/example_display_name.py
[2025-12-14T17:14:29.989+0000] {processor.py:840} INFO - DAG(s) 'example_display_name' retrieved from /home/airflow/.local/lib/python3.12/site-packages/airflow/example_dags/example_display_name.py
[2025-12-14T17:14:30.016+0000] {logging_mixin.py:188} INFO - [2025-12-14T17:14:30.016+0000] {dag.py:3096} INFO - Sync 1 DAGs
[2025-12-14T17:14:30.202+0000] {logging_mixin.py:188} INFO - [2025-12-14T17:14:30.201+0000] {dag.py:3954} INFO - Setting next_dagrun for example_display_name to None, run_after=None
[2025-12-14T17:14:30.224+0000] {processor.py:183} INFO - Processing /home/airflow/.local/lib/python3.12/site-packages/airflow/example_dags/example_display_name.py took 0.256 seconds
[2025-12-14T17:15:00.528+0000] {processor.py:161} INFO - Started process (PID=1200) to work on /home/airflow/.local/lib/python3.12/site-packages/airflow/example_dags/example_display_name.py
[2025-12-14T17:15:00.529+0000] {processor.py:830} INFO - Processing file /home/airflow/.local/lib/python3.12/site-packages/airflow/example_dags/example_display_name.py for tasks to queue
[2025-12-14T17:15:00.531+0000] {logging_mixin.py:188} INFO - [2025-12-14T17:15:00.531+0000] {dagbag.py:540} INFO - Filling up the DagBag from /home/airflow/.local/lib/python3.12/site-packages/airflow/example_dags/example_display_name.py
[2025-12-14T17:15:00.538+0000] {processor.py:840} INFO - DAG(s) 'example_display_name' retrieved from /home/airflow/.local/lib/python3.12/site-packages/airflow/example_dags/example_display_name.py
[2025-12-14T17:15:00.561+0000] {logging_mixin.py:188} INFO - [2025-12-14T17:15:00.560+0000] {dag.py:3096} INFO - Sync 1 DAGs
[2025-12-14T17:15:00.575+0000] {logging_mixin.py:188} INFO - [2025-12-14T17:15:00.575+0000] {dag.py:3954} INFO - Setting next_dagrun for example_display_name to None, run_after=None
[2025-12-14T17:15:00.767+0000] {processor.py:183} INFO - Processing /home/airflow/.local/lib/python3.12/site-packages/airflow/example_dags/example_display_name.py took 0.246 seconds
[2025-12-14T17:15:31.325+0000] {processor.py:161} INFO - Started process (PID=1272) to work on /home/airflow/.local/lib/python3.12/site-packages/airflow/example_dags/example_display_name.py
[2025-12-14T17:15:31.327+0000] {processor.py:830} INFO - Processing file /home/airflow/.local/lib/python3.12/site-packages/airflow/example_dags/example_display_name.py for tasks to queue
[2025-12-14T17:15:31.329+0000] {logging_mixin.py:188} INFO - [2025-12-14T17:15:31.329+0000] {dagbag.py:540} INFO - Filling up the DagBag from /home/airflow/.local/lib/python3.12/site-packages/airflow/example_dags/example_display_name.py
[2025-12-14T17:15:31.336+0000] {processor.py:840} INFO - DAG(s) 'example_display_name' retrieved from /home/airflow/.local/lib/python3.12/site-packages/airflow/example_dags/example_display_name.py
[2025-12-14T17:15:31.359+0000] {logging_mixin.py:188} INFO - [2025-12-14T17:15:31.358+0000] {dag.py:3096} INFO - Sync 1 DAGs
[2025-12-14T17:15:31.372+0000] {logging_mixin.py:188} INFO - [2025-12-14T17:15:31.372+0000] {dag.py:3954} INFO - Setting next_dagrun for example_display_name to None, run_after=None
[2025-12-14T17:15:31.397+0000] {processor.py:183} INFO - Processing /home/airflow/.local/lib/python3.12/site-packages/airflow/example_dags/example_display_name.py took 0.079 seconds
[2025-12-14T17:16:02.412+0000] {processor.py:161} INFO - Started process (PID=1343) to work on /home/airflow/.local/lib/python3.12/site-packages/airflow/example_dags/example_display_name.py
[2025-12-14T17:16:02.414+0000] {processor.py:830} INFO - Processing file /home/airflow/.local/lib/python3.12/site-packages/airflow/example_dags/example_display_name.py for tasks to queue
[2025-12-14T17:16:02.418+0000] {logging_mixin.py:188} INFO - [2025-12-14T17:16:02.417+0000] {dagbag.py:540} INFO - Filling up the DagBag from /home/airflow/.local/lib/python3.12/site-packages/airflow/example_dags/example_display_name.py
[2025-12-14T17:16:02.427+0000] {processor.py:840} INFO - DAG(s) 'example_display_name' retrieved from /home/airflow/.local/lib/python3.12/site-packages/airflow/example_dags/example_display_name.py
[2025-12-14T17:16:02.461+0000] {logging_mixin.py:188} INFO - [2025-12-14T17:16:02.461+0000] {dag.py:3096} INFO - Sync 1 DAGs
[2025-12-14T17:16:02.482+0000] {logging_mixin.py:188} INFO - [2025-12-14T17:16:02.482+0000] {dag.py:3954} INFO - Setting next_dagrun for example_display_name to None, run_after=None
[2025-12-14T17:16:02.511+0000] {processor.py:183} INFO - Processing /home/airflow/.local/lib/python3.12/site-packages/airflow/example_dags/example_display_name.py took 0.112 seconds
