[2025-12-14T16:49:13.648+0000] {processor.py:161} INFO - Started process (PID=93) to work on /home/airflow/.local/lib/python3.12/site-packages/airflow/example_dags/example_xcom.py
[2025-12-14T16:49:13.649+0000] {processor.py:830} INFO - Processing file /home/airflow/.local/lib/python3.12/site-packages/airflow/example_dags/example_xcom.py for tasks to queue
[2025-12-14T16:49:13.652+0000] {logging_mixin.py:188} INFO - [2025-12-14T16:49:13.652+0000] {dagbag.py:540} INFO - Filling up the DagBag from /home/airflow/.local/lib/python3.12/site-packages/airflow/example_dags/example_xcom.py
[2025-12-14T16:49:13.668+0000] {processor.py:840} INFO - DAG(s) 'example_xcom' retrieved from /home/airflow/.local/lib/python3.12/site-packages/airflow/example_dags/example_xcom.py
[2025-12-14T16:49:13.854+0000] {logging_mixin.py:188} INFO - [2025-12-14T16:49:13.853+0000] {dag.py:3096} INFO - Sync 1 DAGs
[2025-12-14T16:49:13.889+0000] {logging_mixin.py:188} INFO - [2025-12-14T16:49:13.889+0000] {dag.py:3954} INFO - Setting next_dagrun for example_xcom to 2021-01-01 00:00:00+00:00, run_after=2021-01-01 00:00:00+00:00
[2025-12-14T16:49:13.917+0000] {processor.py:183} INFO - Processing /home/airflow/.local/lib/python3.12/site-packages/airflow/example_dags/example_xcom.py took 0.278 seconds
[2025-12-14T16:49:44.174+0000] {processor.py:161} INFO - Started process (PID=158) to work on /home/airflow/.local/lib/python3.12/site-packages/airflow/example_dags/example_xcom.py
[2025-12-14T16:49:44.176+0000] {processor.py:830} INFO - Processing file /home/airflow/.local/lib/python3.12/site-packages/airflow/example_dags/example_xcom.py for tasks to queue
[2025-12-14T16:49:44.178+0000] {logging_mixin.py:188} INFO - [2025-12-14T16:49:44.178+0000] {dagbag.py:540} INFO - Filling up the DagBag from /home/airflow/.local/lib/python3.12/site-packages/airflow/example_dags/example_xcom.py
[2025-12-14T16:49:44.188+0000] {processor.py:840} INFO - DAG(s) 'example_xcom' retrieved from /home/airflow/.local/lib/python3.12/site-packages/airflow/example_dags/example_xcom.py
[2025-12-14T16:49:44.211+0000] {logging_mixin.py:188} INFO - [2025-12-14T16:49:44.211+0000] {dag.py:3096} INFO - Sync 1 DAGs
[2025-12-14T16:49:44.238+0000] {logging_mixin.py:188} INFO - [2025-12-14T16:49:44.238+0000] {dag.py:3954} INFO - Setting next_dagrun for example_xcom to 2021-01-01 00:00:00+00:00, run_after=2021-01-01 00:00:00+00:00
[2025-12-14T16:49:44.263+0000] {processor.py:183} INFO - Processing /home/airflow/.local/lib/python3.12/site-packages/airflow/example_dags/example_xcom.py took 0.095 seconds
[2025-12-14T16:50:14.721+0000] {processor.py:161} INFO - Started process (PID=216) to work on /home/airflow/.local/lib/python3.12/site-packages/airflow/example_dags/example_xcom.py
[2025-12-14T16:50:14.722+0000] {processor.py:830} INFO - Processing file /home/airflow/.local/lib/python3.12/site-packages/airflow/example_dags/example_xcom.py for tasks to queue
[2025-12-14T16:50:14.725+0000] {logging_mixin.py:188} INFO - [2025-12-14T16:50:14.725+0000] {dagbag.py:540} INFO - Filling up the DagBag from /home/airflow/.local/lib/python3.12/site-packages/airflow/example_dags/example_xcom.py
[2025-12-14T16:50:14.735+0000] {processor.py:840} INFO - DAG(s) 'example_xcom' retrieved from /home/airflow/.local/lib/python3.12/site-packages/airflow/example_dags/example_xcom.py
[2025-12-14T16:50:14.762+0000] {logging_mixin.py:188} INFO - [2025-12-14T16:50:14.762+0000] {dag.py:3096} INFO - Sync 1 DAGs
[2025-12-14T16:50:14.787+0000] {logging_mixin.py:188} INFO - [2025-12-14T16:50:14.787+0000] {dag.py:3954} INFO - Setting next_dagrun for example_xcom to 2021-01-01 00:00:00+00:00, run_after=2021-01-01 00:00:00+00:00
[2025-12-14T16:50:14.813+0000] {processor.py:183} INFO - Processing /home/airflow/.local/lib/python3.12/site-packages/airflow/example_dags/example_xcom.py took 0.100 seconds
[2025-12-14T16:50:45.099+0000] {processor.py:161} INFO - Started process (PID=281) to work on /home/airflow/.local/lib/python3.12/site-packages/airflow/example_dags/example_xcom.py
[2025-12-14T16:50:45.101+0000] {processor.py:830} INFO - Processing file /home/airflow/.local/lib/python3.12/site-packages/airflow/example_dags/example_xcom.py for tasks to queue
[2025-12-14T16:50:45.105+0000] {logging_mixin.py:188} INFO - [2025-12-14T16:50:45.104+0000] {dagbag.py:540} INFO - Filling up the DagBag from /home/airflow/.local/lib/python3.12/site-packages/airflow/example_dags/example_xcom.py
[2025-12-14T16:50:45.124+0000] {processor.py:840} INFO - DAG(s) 'example_xcom' retrieved from /home/airflow/.local/lib/python3.12/site-packages/airflow/example_dags/example_xcom.py
[2025-12-14T16:50:45.174+0000] {logging_mixin.py:188} INFO - [2025-12-14T16:50:45.173+0000] {dag.py:3096} INFO - Sync 1 DAGs
[2025-12-14T16:50:45.220+0000] {logging_mixin.py:188} INFO - [2025-12-14T16:50:45.220+0000] {dag.py:3954} INFO - Setting next_dagrun for example_xcom to 2021-01-01 00:00:00+00:00, run_after=2021-01-01 00:00:00+00:00
[2025-12-14T16:50:45.261+0000] {processor.py:183} INFO - Processing /home/airflow/.local/lib/python3.12/site-packages/airflow/example_dags/example_xcom.py took 0.173 seconds
[2025-12-14T16:51:16.005+0000] {processor.py:161} INFO - Started process (PID=339) to work on /home/airflow/.local/lib/python3.12/site-packages/airflow/example_dags/example_xcom.py
[2025-12-14T16:51:16.006+0000] {processor.py:830} INFO - Processing file /home/airflow/.local/lib/python3.12/site-packages/airflow/example_dags/example_xcom.py for tasks to queue
[2025-12-14T16:51:16.008+0000] {logging_mixin.py:188} INFO - [2025-12-14T16:51:16.008+0000] {dagbag.py:540} INFO - Filling up the DagBag from /home/airflow/.local/lib/python3.12/site-packages/airflow/example_dags/example_xcom.py
[2025-12-14T16:51:16.017+0000] {processor.py:840} INFO - DAG(s) 'example_xcom' retrieved from /home/airflow/.local/lib/python3.12/site-packages/airflow/example_dags/example_xcom.py
[2025-12-14T16:51:16.042+0000] {logging_mixin.py:188} INFO - [2025-12-14T16:51:16.041+0000] {dag.py:3096} INFO - Sync 1 DAGs
[2025-12-14T16:51:16.068+0000] {logging_mixin.py:188} INFO - [2025-12-14T16:51:16.068+0000] {dag.py:3954} INFO - Setting next_dagrun for example_xcom to 2021-01-01 00:00:00+00:00, run_after=2021-01-01 00:00:00+00:00
[2025-12-14T16:51:16.092+0000] {processor.py:183} INFO - Processing /home/airflow/.local/lib/python3.12/site-packages/airflow/example_dags/example_xcom.py took 0.094 seconds
[2025-12-14T16:51:47.049+0000] {processor.py:161} INFO - Started process (PID=397) to work on /home/airflow/.local/lib/python3.12/site-packages/airflow/example_dags/example_xcom.py
[2025-12-14T16:51:47.051+0000] {processor.py:830} INFO - Processing file /home/airflow/.local/lib/python3.12/site-packages/airflow/example_dags/example_xcom.py for tasks to queue
[2025-12-14T16:51:47.054+0000] {logging_mixin.py:188} INFO - [2025-12-14T16:51:47.053+0000] {dagbag.py:540} INFO - Filling up the DagBag from /home/airflow/.local/lib/python3.12/site-packages/airflow/example_dags/example_xcom.py
[2025-12-14T16:51:47.071+0000] {processor.py:840} INFO - DAG(s) 'example_xcom' retrieved from /home/airflow/.local/lib/python3.12/site-packages/airflow/example_dags/example_xcom.py
[2025-12-14T16:51:47.103+0000] {logging_mixin.py:188} INFO - [2025-12-14T16:51:47.103+0000] {dag.py:3096} INFO - Sync 1 DAGs
[2025-12-14T16:51:47.138+0000] {logging_mixin.py:188} INFO - [2025-12-14T16:51:47.137+0000] {dag.py:3954} INFO - Setting next_dagrun for example_xcom to 2021-01-01 00:00:00+00:00, run_after=2021-01-01 00:00:00+00:00
[2025-12-14T16:51:47.166+0000] {processor.py:183} INFO - Processing /home/airflow/.local/lib/python3.12/site-packages/airflow/example_dags/example_xcom.py took 0.127 seconds
[2025-12-14T16:52:17.883+0000] {processor.py:161} INFO - Started process (PID=455) to work on /home/airflow/.local/lib/python3.12/site-packages/airflow/example_dags/example_xcom.py
[2025-12-14T16:52:17.885+0000] {processor.py:830} INFO - Processing file /home/airflow/.local/lib/python3.12/site-packages/airflow/example_dags/example_xcom.py for tasks to queue
[2025-12-14T16:52:17.888+0000] {logging_mixin.py:188} INFO - [2025-12-14T16:52:17.887+0000] {dagbag.py:540} INFO - Filling up the DagBag from /home/airflow/.local/lib/python3.12/site-packages/airflow/example_dags/example_xcom.py
[2025-12-14T16:52:17.898+0000] {processor.py:840} INFO - DAG(s) 'example_xcom' retrieved from /home/airflow/.local/lib/python3.12/site-packages/airflow/example_dags/example_xcom.py
[2025-12-14T16:52:17.945+0000] {logging_mixin.py:188} INFO - [2025-12-14T16:52:17.944+0000] {dag.py:3096} INFO - Sync 1 DAGs
[2025-12-14T16:52:17.998+0000] {logging_mixin.py:188} INFO - [2025-12-14T16:52:17.998+0000] {dag.py:3954} INFO - Setting next_dagrun for example_xcom to 2021-01-01 00:00:00+00:00, run_after=2021-01-01 00:00:00+00:00
[2025-12-14T16:52:18.033+0000] {processor.py:183} INFO - Processing /home/airflow/.local/lib/python3.12/site-packages/airflow/example_dags/example_xcom.py took 0.158 seconds
[2025-12-14T16:55:09.954+0000] {processor.py:161} INFO - Started process (PID=146) to work on /home/airflow/.local/lib/python3.12/site-packages/airflow/example_dags/example_xcom.py
[2025-12-14T16:55:09.956+0000] {processor.py:830} INFO - Processing file /home/airflow/.local/lib/python3.12/site-packages/airflow/example_dags/example_xcom.py for tasks to queue
[2025-12-14T16:55:09.959+0000] {logging_mixin.py:188} INFO - [2025-12-14T16:55:09.959+0000] {dagbag.py:540} INFO - Filling up the DagBag from /home/airflow/.local/lib/python3.12/site-packages/airflow/example_dags/example_xcom.py
[2025-12-14T16:55:09.974+0000] {processor.py:840} INFO - DAG(s) 'example_xcom' retrieved from /home/airflow/.local/lib/python3.12/site-packages/airflow/example_dags/example_xcom.py
[2025-12-14T16:55:10.119+0000] {logging_mixin.py:188} INFO - [2025-12-14T16:55:10.119+0000] {dag.py:3096} INFO - Sync 1 DAGs
[2025-12-14T16:55:10.142+0000] {logging_mixin.py:188} INFO - [2025-12-14T16:55:10.142+0000] {dag.py:3954} INFO - Setting next_dagrun for example_xcom to 2021-01-01 00:00:00+00:00, run_after=2021-01-01 00:00:00+00:00
[2025-12-14T16:55:10.194+0000] {processor.py:183} INFO - Processing /home/airflow/.local/lib/python3.12/site-packages/airflow/example_dags/example_xcom.py took 0.247 seconds
[2025-12-14T16:55:40.272+0000] {processor.py:161} INFO - Started process (PID=218) to work on /home/airflow/.local/lib/python3.12/site-packages/airflow/example_dags/example_xcom.py
[2025-12-14T16:55:40.274+0000] {processor.py:830} INFO - Processing file /home/airflow/.local/lib/python3.12/site-packages/airflow/example_dags/example_xcom.py for tasks to queue
[2025-12-14T16:55:40.276+0000] {logging_mixin.py:188} INFO - [2025-12-14T16:55:40.276+0000] {dagbag.py:540} INFO - Filling up the DagBag from /home/airflow/.local/lib/python3.12/site-packages/airflow/example_dags/example_xcom.py
[2025-12-14T16:55:40.285+0000] {processor.py:840} INFO - DAG(s) 'example_xcom' retrieved from /home/airflow/.local/lib/python3.12/site-packages/airflow/example_dags/example_xcom.py
[2025-12-14T16:55:40.312+0000] {logging_mixin.py:188} INFO - [2025-12-14T16:55:40.312+0000] {dag.py:3096} INFO - Sync 1 DAGs
[2025-12-14T16:55:40.336+0000] {logging_mixin.py:188} INFO - [2025-12-14T16:55:40.335+0000] {dag.py:3954} INFO - Setting next_dagrun for example_xcom to 2021-01-01 00:00:00+00:00, run_after=2021-01-01 00:00:00+00:00
[2025-12-14T16:55:40.557+0000] {processor.py:183} INFO - Processing /home/airflow/.local/lib/python3.12/site-packages/airflow/example_dags/example_xcom.py took 0.291 seconds
[2025-12-14T16:56:11.326+0000] {processor.py:161} INFO - Started process (PID=289) to work on /home/airflow/.local/lib/python3.12/site-packages/airflow/example_dags/example_xcom.py
[2025-12-14T16:56:11.328+0000] {processor.py:830} INFO - Processing file /home/airflow/.local/lib/python3.12/site-packages/airflow/example_dags/example_xcom.py for tasks to queue
[2025-12-14T16:56:11.331+0000] {logging_mixin.py:188} INFO - [2025-12-14T16:56:11.331+0000] {dagbag.py:540} INFO - Filling up the DagBag from /home/airflow/.local/lib/python3.12/site-packages/airflow/example_dags/example_xcom.py
[2025-12-14T16:56:11.344+0000] {processor.py:840} INFO - DAG(s) 'example_xcom' retrieved from /home/airflow/.local/lib/python3.12/site-packages/airflow/example_dags/example_xcom.py
[2025-12-14T16:56:11.371+0000] {logging_mixin.py:188} INFO - [2025-12-14T16:56:11.371+0000] {dag.py:3096} INFO - Sync 1 DAGs
[2025-12-14T16:56:11.396+0000] {logging_mixin.py:188} INFO - [2025-12-14T16:56:11.396+0000] {dag.py:3954} INFO - Setting next_dagrun for example_xcom to 2021-01-01 00:00:00+00:00, run_after=2021-01-01 00:00:00+00:00
[2025-12-14T16:56:11.433+0000] {processor.py:183} INFO - Processing /home/airflow/.local/lib/python3.12/site-packages/airflow/example_dags/example_xcom.py took 0.114 seconds
[2025-12-14T16:56:42.367+0000] {processor.py:161} INFO - Started process (PID=350) to work on /home/airflow/.local/lib/python3.12/site-packages/airflow/example_dags/example_xcom.py
[2025-12-14T16:56:42.369+0000] {processor.py:830} INFO - Processing file /home/airflow/.local/lib/python3.12/site-packages/airflow/example_dags/example_xcom.py for tasks to queue
[2025-12-14T16:56:42.372+0000] {logging_mixin.py:188} INFO - [2025-12-14T16:56:42.372+0000] {dagbag.py:540} INFO - Filling up the DagBag from /home/airflow/.local/lib/python3.12/site-packages/airflow/example_dags/example_xcom.py
[2025-12-14T16:56:42.387+0000] {processor.py:840} INFO - DAG(s) 'example_xcom' retrieved from /home/airflow/.local/lib/python3.12/site-packages/airflow/example_dags/example_xcom.py
[2025-12-14T16:56:42.422+0000] {logging_mixin.py:188} INFO - [2025-12-14T16:56:42.421+0000] {dag.py:3096} INFO - Sync 1 DAGs
[2025-12-14T16:56:42.450+0000] {logging_mixin.py:188} INFO - [2025-12-14T16:56:42.450+0000] {dag.py:3954} INFO - Setting next_dagrun for example_xcom to 2021-01-01 00:00:00+00:00, run_after=2021-01-01 00:00:00+00:00
[2025-12-14T16:56:42.488+0000] {processor.py:183} INFO - Processing /home/airflow/.local/lib/python3.12/site-packages/airflow/example_dags/example_xcom.py took 0.133 seconds
[2025-12-14T16:57:13.224+0000] {processor.py:161} INFO - Started process (PID=419) to work on /home/airflow/.local/lib/python3.12/site-packages/airflow/example_dags/example_xcom.py
[2025-12-14T16:57:13.225+0000] {processor.py:830} INFO - Processing file /home/airflow/.local/lib/python3.12/site-packages/airflow/example_dags/example_xcom.py for tasks to queue
[2025-12-14T16:57:13.227+0000] {logging_mixin.py:188} INFO - [2025-12-14T16:57:13.227+0000] {dagbag.py:540} INFO - Filling up the DagBag from /home/airflow/.local/lib/python3.12/site-packages/airflow/example_dags/example_xcom.py
[2025-12-14T16:57:13.236+0000] {processor.py:840} INFO - DAG(s) 'example_xcom' retrieved from /home/airflow/.local/lib/python3.12/site-packages/airflow/example_dags/example_xcom.py
[2025-12-14T16:57:13.260+0000] {logging_mixin.py:188} INFO - [2025-12-14T16:57:13.260+0000] {dag.py:3096} INFO - Sync 1 DAGs
[2025-12-14T16:57:13.282+0000] {logging_mixin.py:188} INFO - [2025-12-14T16:57:13.282+0000] {dag.py:3954} INFO - Setting next_dagrun for example_xcom to 2021-01-01 00:00:00+00:00, run_after=2021-01-01 00:00:00+00:00
[2025-12-14T16:57:13.305+0000] {processor.py:183} INFO - Processing /home/airflow/.local/lib/python3.12/site-packages/airflow/example_dags/example_xcom.py took 0.088 seconds
[2025-12-14T16:58:34.256+0000] {processor.py:161} INFO - Started process (PID=95) to work on /home/airflow/.local/lib/python3.12/site-packages/airflow/example_dags/example_xcom.py
[2025-12-14T16:58:34.257+0000] {processor.py:830} INFO - Processing file /home/airflow/.local/lib/python3.12/site-packages/airflow/example_dags/example_xcom.py for tasks to queue
[2025-12-14T16:58:34.260+0000] {logging_mixin.py:188} INFO - [2025-12-14T16:58:34.260+0000] {dagbag.py:540} INFO - Filling up the DagBag from /home/airflow/.local/lib/python3.12/site-packages/airflow/example_dags/example_xcom.py
[2025-12-14T16:58:34.275+0000] {processor.py:840} INFO - DAG(s) 'example_xcom' retrieved from /home/airflow/.local/lib/python3.12/site-packages/airflow/example_dags/example_xcom.py
[2025-12-14T16:58:34.430+0000] {logging_mixin.py:188} INFO - [2025-12-14T16:58:34.430+0000] {dag.py:3096} INFO - Sync 1 DAGs
[2025-12-14T16:58:34.456+0000] {logging_mixin.py:188} INFO - [2025-12-14T16:58:34.456+0000] {dag.py:3954} INFO - Setting next_dagrun for example_xcom to 2021-01-01 00:00:00+00:00, run_after=2021-01-01 00:00:00+00:00
[2025-12-14T16:58:34.484+0000] {processor.py:183} INFO - Processing /home/airflow/.local/lib/python3.12/site-packages/airflow/example_dags/example_xcom.py took 0.236 seconds
[2025-12-14T16:59:04.589+0000] {processor.py:161} INFO - Started process (PID=155) to work on /home/airflow/.local/lib/python3.12/site-packages/airflow/example_dags/example_xcom.py
[2025-12-14T16:59:04.590+0000] {processor.py:830} INFO - Processing file /home/airflow/.local/lib/python3.12/site-packages/airflow/example_dags/example_xcom.py for tasks to queue
[2025-12-14T16:59:04.592+0000] {logging_mixin.py:188} INFO - [2025-12-14T16:59:04.592+0000] {dagbag.py:540} INFO - Filling up the DagBag from /home/airflow/.local/lib/python3.12/site-packages/airflow/example_dags/example_xcom.py
[2025-12-14T16:59:04.601+0000] {processor.py:840} INFO - DAG(s) 'example_xcom' retrieved from /home/airflow/.local/lib/python3.12/site-packages/airflow/example_dags/example_xcom.py
[2025-12-14T16:59:04.632+0000] {logging_mixin.py:188} INFO - [2025-12-14T16:59:04.632+0000] {dag.py:3096} INFO - Sync 1 DAGs
[2025-12-14T16:59:04.658+0000] {logging_mixin.py:188} INFO - [2025-12-14T16:59:04.658+0000] {dag.py:3954} INFO - Setting next_dagrun for example_xcom to 2021-01-01 00:00:00+00:00, run_after=2021-01-01 00:00:00+00:00
[2025-12-14T16:59:04.681+0000] {processor.py:183} INFO - Processing /home/airflow/.local/lib/python3.12/site-packages/airflow/example_dags/example_xcom.py took 0.100 seconds
[2025-12-14T16:59:35.628+0000] {processor.py:161} INFO - Started process (PID=215) to work on /home/airflow/.local/lib/python3.12/site-packages/airflow/example_dags/example_xcom.py
[2025-12-14T16:59:35.629+0000] {processor.py:830} INFO - Processing file /home/airflow/.local/lib/python3.12/site-packages/airflow/example_dags/example_xcom.py for tasks to queue
[2025-12-14T16:59:35.631+0000] {logging_mixin.py:188} INFO - [2025-12-14T16:59:35.630+0000] {dagbag.py:540} INFO - Filling up the DagBag from /home/airflow/.local/lib/python3.12/site-packages/airflow/example_dags/example_xcom.py
[2025-12-14T16:59:35.642+0000] {processor.py:840} INFO - DAG(s) 'example_xcom' retrieved from /home/airflow/.local/lib/python3.12/site-packages/airflow/example_dags/example_xcom.py
[2025-12-14T16:59:35.672+0000] {logging_mixin.py:188} INFO - [2025-12-14T16:59:35.672+0000] {dag.py:3096} INFO - Sync 1 DAGs
[2025-12-14T16:59:35.705+0000] {logging_mixin.py:188} INFO - [2025-12-14T16:59:35.704+0000] {dag.py:3954} INFO - Setting next_dagrun for example_xcom to 2021-01-01 00:00:00+00:00, run_after=2021-01-01 00:00:00+00:00
[2025-12-14T16:59:35.735+0000] {processor.py:183} INFO - Processing /home/airflow/.local/lib/python3.12/site-packages/airflow/example_dags/example_xcom.py took 0.116 seconds
[2025-12-14T17:00:06.563+0000] {processor.py:161} INFO - Started process (PID=275) to work on /home/airflow/.local/lib/python3.12/site-packages/airflow/example_dags/example_xcom.py
[2025-12-14T17:00:06.565+0000] {processor.py:830} INFO - Processing file /home/airflow/.local/lib/python3.12/site-packages/airflow/example_dags/example_xcom.py for tasks to queue
[2025-12-14T17:00:06.567+0000] {logging_mixin.py:188} INFO - [2025-12-14T17:00:06.566+0000] {dagbag.py:540} INFO - Filling up the DagBag from /home/airflow/.local/lib/python3.12/site-packages/airflow/example_dags/example_xcom.py
[2025-12-14T17:00:06.576+0000] {processor.py:840} INFO - DAG(s) 'example_xcom' retrieved from /home/airflow/.local/lib/python3.12/site-packages/airflow/example_dags/example_xcom.py
[2025-12-14T17:00:06.605+0000] {logging_mixin.py:188} INFO - [2025-12-14T17:00:06.604+0000] {dag.py:3096} INFO - Sync 1 DAGs
[2025-12-14T17:00:06.629+0000] {logging_mixin.py:188} INFO - [2025-12-14T17:00:06.629+0000] {dag.py:3954} INFO - Setting next_dagrun for example_xcom to 2021-01-01 00:00:00+00:00, run_after=2021-01-01 00:00:00+00:00
[2025-12-14T17:00:06.652+0000] {processor.py:183} INFO - Processing /home/airflow/.local/lib/python3.12/site-packages/airflow/example_dags/example_xcom.py took 0.097 seconds
[2025-12-14T17:00:37.938+0000] {processor.py:161} INFO - Started process (PID=335) to work on /home/airflow/.local/lib/python3.12/site-packages/airflow/example_dags/example_xcom.py
[2025-12-14T17:00:37.944+0000] {processor.py:830} INFO - Processing file /home/airflow/.local/lib/python3.12/site-packages/airflow/example_dags/example_xcom.py for tasks to queue
[2025-12-14T17:00:37.951+0000] {logging_mixin.py:188} INFO - [2025-12-14T17:00:37.947+0000] {dagbag.py:540} INFO - Filling up the DagBag from /home/airflow/.local/lib/python3.12/site-packages/airflow/example_dags/example_xcom.py
[2025-12-14T17:00:38.013+0000] {processor.py:840} INFO - DAG(s) 'example_xcom' retrieved from /home/airflow/.local/lib/python3.12/site-packages/airflow/example_dags/example_xcom.py
[2025-12-14T17:00:38.171+0000] {logging_mixin.py:188} INFO - [2025-12-14T17:00:38.169+0000] {dag.py:3096} INFO - Sync 1 DAGs
[2025-12-14T17:00:38.313+0000] {logging_mixin.py:188} INFO - [2025-12-14T17:00:38.311+0000] {dag.py:3954} INFO - Setting next_dagrun for example_xcom to 2021-01-01 00:00:00+00:00, run_after=2021-01-01 00:00:00+00:00
[2025-12-14T17:00:38.480+0000] {processor.py:183} INFO - Processing /home/airflow/.local/lib/python3.12/site-packages/airflow/example_dags/example_xcom.py took 0.581 seconds
[2025-12-14T17:02:52.255+0000] {processor.py:161} INFO - Started process (PID=133) to work on /home/airflow/.local/lib/python3.12/site-packages/airflow/example_dags/example_xcom.py
[2025-12-14T17:02:52.258+0000] {processor.py:830} INFO - Processing file /home/airflow/.local/lib/python3.12/site-packages/airflow/example_dags/example_xcom.py for tasks to queue
[2025-12-14T17:02:52.263+0000] {logging_mixin.py:188} INFO - [2025-12-14T17:02:52.262+0000] {dagbag.py:540} INFO - Filling up the DagBag from /home/airflow/.local/lib/python3.12/site-packages/airflow/example_dags/example_xcom.py
[2025-12-14T17:02:52.283+0000] {processor.py:840} INFO - DAG(s) 'example_xcom' retrieved from /home/airflow/.local/lib/python3.12/site-packages/airflow/example_dags/example_xcom.py
[2025-12-14T17:02:52.500+0000] {logging_mixin.py:188} INFO - [2025-12-14T17:02:52.500+0000] {dag.py:3096} INFO - Sync 1 DAGs
[2025-12-14T17:02:52.532+0000] {logging_mixin.py:188} INFO - [2025-12-14T17:02:52.531+0000] {dag.py:3954} INFO - Setting next_dagrun for example_xcom to 2021-01-01 00:00:00+00:00, run_after=2021-01-01 00:00:00+00:00
[2025-12-14T17:02:52.566+0000] {processor.py:183} INFO - Processing /home/airflow/.local/lib/python3.12/site-packages/airflow/example_dags/example_xcom.py took 0.321 seconds
[2025-12-14T17:03:23.572+0000] {processor.py:161} INFO - Started process (PID=204) to work on /home/airflow/.local/lib/python3.12/site-packages/airflow/example_dags/example_xcom.py
[2025-12-14T17:03:23.574+0000] {processor.py:830} INFO - Processing file /home/airflow/.local/lib/python3.12/site-packages/airflow/example_dags/example_xcom.py for tasks to queue
[2025-12-14T17:03:23.579+0000] {logging_mixin.py:188} INFO - [2025-12-14T17:03:23.578+0000] {dagbag.py:540} INFO - Filling up the DagBag from /home/airflow/.local/lib/python3.12/site-packages/airflow/example_dags/example_xcom.py
[2025-12-14T17:03:23.594+0000] {processor.py:840} INFO - DAG(s) 'example_xcom' retrieved from /home/airflow/.local/lib/python3.12/site-packages/airflow/example_dags/example_xcom.py
[2025-12-14T17:03:23.638+0000] {logging_mixin.py:188} INFO - [2025-12-14T17:03:23.638+0000] {dag.py:3096} INFO - Sync 1 DAGs
[2025-12-14T17:03:23.686+0000] {logging_mixin.py:188} INFO - [2025-12-14T17:03:23.685+0000] {dag.py:3954} INFO - Setting next_dagrun for example_xcom to 2021-01-01 00:00:00+00:00, run_after=2021-01-01 00:00:00+00:00
[2025-12-14T17:03:23.729+0000] {processor.py:183} INFO - Processing /home/airflow/.local/lib/python3.12/site-packages/airflow/example_dags/example_xcom.py took 0.172 seconds
[2025-12-14T17:03:54.405+0000] {processor.py:161} INFO - Started process (PID=275) to work on /home/airflow/.local/lib/python3.12/site-packages/airflow/example_dags/example_xcom.py
[2025-12-14T17:03:54.406+0000] {processor.py:830} INFO - Processing file /home/airflow/.local/lib/python3.12/site-packages/airflow/example_dags/example_xcom.py for tasks to queue
[2025-12-14T17:03:54.408+0000] {logging_mixin.py:188} INFO - [2025-12-14T17:03:54.408+0000] {dagbag.py:540} INFO - Filling up the DagBag from /home/airflow/.local/lib/python3.12/site-packages/airflow/example_dags/example_xcom.py
[2025-12-14T17:03:54.417+0000] {processor.py:840} INFO - DAG(s) 'example_xcom' retrieved from /home/airflow/.local/lib/python3.12/site-packages/airflow/example_dags/example_xcom.py
[2025-12-14T17:03:54.442+0000] {logging_mixin.py:188} INFO - [2025-12-14T17:03:54.442+0000] {dag.py:3096} INFO - Sync 1 DAGs
[2025-12-14T17:03:54.465+0000] {logging_mixin.py:188} INFO - [2025-12-14T17:03:54.465+0000] {dag.py:3954} INFO - Setting next_dagrun for example_xcom to 2021-01-01 00:00:00+00:00, run_after=2021-01-01 00:00:00+00:00
[2025-12-14T17:03:54.488+0000] {processor.py:183} INFO - Processing /home/airflow/.local/lib/python3.12/site-packages/airflow/example_dags/example_xcom.py took 0.091 seconds
[2025-12-14T17:04:25.076+0000] {processor.py:161} INFO - Started process (PID=346) to work on /home/airflow/.local/lib/python3.12/site-packages/airflow/example_dags/example_xcom.py
[2025-12-14T17:04:25.078+0000] {processor.py:830} INFO - Processing file /home/airflow/.local/lib/python3.12/site-packages/airflow/example_dags/example_xcom.py for tasks to queue
[2025-12-14T17:04:25.080+0000] {logging_mixin.py:188} INFO - [2025-12-14T17:04:25.080+0000] {dagbag.py:540} INFO - Filling up the DagBag from /home/airflow/.local/lib/python3.12/site-packages/airflow/example_dags/example_xcom.py
[2025-12-14T17:04:25.090+0000] {processor.py:840} INFO - DAG(s) 'example_xcom' retrieved from /home/airflow/.local/lib/python3.12/site-packages/airflow/example_dags/example_xcom.py
[2025-12-14T17:04:25.119+0000] {logging_mixin.py:188} INFO - [2025-12-14T17:04:25.119+0000] {dag.py:3096} INFO - Sync 1 DAGs
[2025-12-14T17:04:25.146+0000] {logging_mixin.py:188} INFO - [2025-12-14T17:04:25.146+0000] {dag.py:3954} INFO - Setting next_dagrun for example_xcom to 2021-01-01 00:00:00+00:00, run_after=2021-01-01 00:00:00+00:00
[2025-12-14T17:04:25.172+0000] {processor.py:183} INFO - Processing /home/airflow/.local/lib/python3.12/site-packages/airflow/example_dags/example_xcom.py took 0.104 seconds
[2025-12-14T17:07:17.024+0000] {processor.py:161} INFO - Started process (PID=124) to work on /home/airflow/.local/lib/python3.12/site-packages/airflow/example_dags/example_xcom.py
[2025-12-14T17:07:17.027+0000] {processor.py:830} INFO - Processing file /home/airflow/.local/lib/python3.12/site-packages/airflow/example_dags/example_xcom.py for tasks to queue
[2025-12-14T17:07:17.031+0000] {logging_mixin.py:188} INFO - [2025-12-14T17:07:17.030+0000] {dagbag.py:540} INFO - Filling up the DagBag from /home/airflow/.local/lib/python3.12/site-packages/airflow/example_dags/example_xcom.py
[2025-12-14T17:07:17.058+0000] {processor.py:840} INFO - DAG(s) 'example_xcom' retrieved from /home/airflow/.local/lib/python3.12/site-packages/airflow/example_dags/example_xcom.py
[2025-12-14T17:07:17.258+0000] {logging_mixin.py:188} INFO - [2025-12-14T17:07:17.258+0000] {dag.py:3096} INFO - Sync 1 DAGs
[2025-12-14T17:07:17.296+0000] {logging_mixin.py:188} INFO - [2025-12-14T17:07:17.295+0000] {dag.py:3954} INFO - Setting next_dagrun for example_xcom to 2021-01-01 00:00:00+00:00, run_after=2021-01-01 00:00:00+00:00
[2025-12-14T17:07:17.352+0000] {processor.py:183} INFO - Processing /home/airflow/.local/lib/python3.12/site-packages/airflow/example_dags/example_xcom.py took 0.344 seconds
[2025-12-14T17:07:48.297+0000] {processor.py:161} INFO - Started process (PID=195) to work on /home/airflow/.local/lib/python3.12/site-packages/airflow/example_dags/example_xcom.py
[2025-12-14T17:07:48.298+0000] {processor.py:830} INFO - Processing file /home/airflow/.local/lib/python3.12/site-packages/airflow/example_dags/example_xcom.py for tasks to queue
[2025-12-14T17:07:48.301+0000] {logging_mixin.py:188} INFO - [2025-12-14T17:07:48.300+0000] {dagbag.py:540} INFO - Filling up the DagBag from /home/airflow/.local/lib/python3.12/site-packages/airflow/example_dags/example_xcom.py
[2025-12-14T17:07:48.310+0000] {processor.py:840} INFO - DAG(s) 'example_xcom' retrieved from /home/airflow/.local/lib/python3.12/site-packages/airflow/example_dags/example_xcom.py
[2025-12-14T17:07:48.333+0000] {logging_mixin.py:188} INFO - [2025-12-14T17:07:48.333+0000] {dag.py:3096} INFO - Sync 1 DAGs
[2025-12-14T17:07:48.357+0000] {logging_mixin.py:188} INFO - [2025-12-14T17:07:48.357+0000] {dag.py:3954} INFO - Setting next_dagrun for example_xcom to 2021-01-01 00:00:00+00:00, run_after=2021-01-01 00:00:00+00:00
[2025-12-14T17:07:48.379+0000] {processor.py:183} INFO - Processing /home/airflow/.local/lib/python3.12/site-packages/airflow/example_dags/example_xcom.py took 0.089 seconds
[2025-12-14T17:08:20.046+0000] {processor.py:161} INFO - Started process (PID=266) to work on /home/airflow/.local/lib/python3.12/site-packages/airflow/example_dags/example_xcom.py
[2025-12-14T17:08:20.047+0000] {processor.py:830} INFO - Processing file /home/airflow/.local/lib/python3.12/site-packages/airflow/example_dags/example_xcom.py for tasks to queue
[2025-12-14T17:08:20.050+0000] {logging_mixin.py:188} INFO - [2025-12-14T17:08:20.049+0000] {dagbag.py:540} INFO - Filling up the DagBag from /home/airflow/.local/lib/python3.12/site-packages/airflow/example_dags/example_xcom.py
[2025-12-14T17:08:20.059+0000] {processor.py:840} INFO - DAG(s) 'example_xcom' retrieved from /home/airflow/.local/lib/python3.12/site-packages/airflow/example_dags/example_xcom.py
[2025-12-14T17:08:20.086+0000] {logging_mixin.py:188} INFO - [2025-12-14T17:08:20.086+0000] {dag.py:3096} INFO - Sync 1 DAGs
[2025-12-14T17:08:20.116+0000] {logging_mixin.py:188} INFO - [2025-12-14T17:08:20.115+0000] {dag.py:3954} INFO - Setting next_dagrun for example_xcom to 2021-01-01 00:00:00+00:00, run_after=2021-01-01 00:00:00+00:00
[2025-12-14T17:08:20.142+0000] {processor.py:183} INFO - Processing /home/airflow/.local/lib/python3.12/site-packages/airflow/example_dags/example_xcom.py took 0.105 seconds
[2025-12-14T17:08:50.443+0000] {processor.py:161} INFO - Started process (PID=327) to work on /home/airflow/.local/lib/python3.12/site-packages/airflow/example_dags/example_xcom.py
[2025-12-14T17:08:50.446+0000] {processor.py:830} INFO - Processing file /home/airflow/.local/lib/python3.12/site-packages/airflow/example_dags/example_xcom.py for tasks to queue
[2025-12-14T17:08:50.449+0000] {logging_mixin.py:188} INFO - [2025-12-14T17:08:50.448+0000] {dagbag.py:540} INFO - Filling up the DagBag from /home/airflow/.local/lib/python3.12/site-packages/airflow/example_dags/example_xcom.py
[2025-12-14T17:08:50.460+0000] {processor.py:840} INFO - DAG(s) 'example_xcom' retrieved from /home/airflow/.local/lib/python3.12/site-packages/airflow/example_dags/example_xcom.py
[2025-12-14T17:08:50.491+0000] {logging_mixin.py:188} INFO - [2025-12-14T17:08:50.491+0000] {dag.py:3096} INFO - Sync 1 DAGs
[2025-12-14T17:08:50.519+0000] {logging_mixin.py:188} INFO - [2025-12-14T17:08:50.518+0000] {dag.py:3954} INFO - Setting next_dagrun for example_xcom to 2021-01-01 00:00:00+00:00, run_after=2021-01-01 00:00:00+00:00
[2025-12-14T17:08:50.594+0000] {processor.py:183} INFO - Processing /home/airflow/.local/lib/python3.12/site-packages/airflow/example_dags/example_xcom.py took 0.162 seconds
[2025-12-14T17:09:21.448+0000] {processor.py:161} INFO - Started process (PID=396) to work on /home/airflow/.local/lib/python3.12/site-packages/airflow/example_dags/example_xcom.py
[2025-12-14T17:09:21.450+0000] {processor.py:830} INFO - Processing file /home/airflow/.local/lib/python3.12/site-packages/airflow/example_dags/example_xcom.py for tasks to queue
[2025-12-14T17:09:21.453+0000] {logging_mixin.py:188} INFO - [2025-12-14T17:09:21.452+0000] {dagbag.py:540} INFO - Filling up the DagBag from /home/airflow/.local/lib/python3.12/site-packages/airflow/example_dags/example_xcom.py
[2025-12-14T17:09:21.462+0000] {processor.py:840} INFO - DAG(s) 'example_xcom' retrieved from /home/airflow/.local/lib/python3.12/site-packages/airflow/example_dags/example_xcom.py
[2025-12-14T17:09:21.488+0000] {logging_mixin.py:188} INFO - [2025-12-14T17:09:21.487+0000] {dag.py:3096} INFO - Sync 1 DAGs
[2025-12-14T17:09:21.511+0000] {logging_mixin.py:188} INFO - [2025-12-14T17:09:21.511+0000] {dag.py:3954} INFO - Setting next_dagrun for example_xcom to 2021-01-01 00:00:00+00:00, run_after=2021-01-01 00:00:00+00:00
[2025-12-14T17:09:21.536+0000] {processor.py:183} INFO - Processing /home/airflow/.local/lib/python3.12/site-packages/airflow/example_dags/example_xcom.py took 0.095 seconds
[2025-12-14T17:09:51.913+0000] {processor.py:161} INFO - Started process (PID=467) to work on /home/airflow/.local/lib/python3.12/site-packages/airflow/example_dags/example_xcom.py
[2025-12-14T17:09:51.914+0000] {processor.py:830} INFO - Processing file /home/airflow/.local/lib/python3.12/site-packages/airflow/example_dags/example_xcom.py for tasks to queue
[2025-12-14T17:09:51.917+0000] {logging_mixin.py:188} INFO - [2025-12-14T17:09:51.916+0000] {dagbag.py:540} INFO - Filling up the DagBag from /home/airflow/.local/lib/python3.12/site-packages/airflow/example_dags/example_xcom.py
[2025-12-14T17:09:51.926+0000] {processor.py:840} INFO - DAG(s) 'example_xcom' retrieved from /home/airflow/.local/lib/python3.12/site-packages/airflow/example_dags/example_xcom.py
[2025-12-14T17:09:51.950+0000] {logging_mixin.py:188} INFO - [2025-12-14T17:09:51.950+0000] {dag.py:3096} INFO - Sync 1 DAGs
[2025-12-14T17:09:51.974+0000] {logging_mixin.py:188} INFO - [2025-12-14T17:09:51.974+0000] {dag.py:3954} INFO - Setting next_dagrun for example_xcom to 2021-01-01 00:00:00+00:00, run_after=2021-01-01 00:00:00+00:00
[2025-12-14T17:09:51.996+0000] {processor.py:183} INFO - Processing /home/airflow/.local/lib/python3.12/site-packages/airflow/example_dags/example_xcom.py took 0.090 seconds
[2025-12-14T17:10:22.511+0000] {processor.py:161} INFO - Started process (PID=551) to work on /home/airflow/.local/lib/python3.12/site-packages/airflow/example_dags/example_xcom.py
[2025-12-14T17:10:22.513+0000] {processor.py:830} INFO - Processing file /home/airflow/.local/lib/python3.12/site-packages/airflow/example_dags/example_xcom.py for tasks to queue
[2025-12-14T17:10:22.516+0000] {logging_mixin.py:188} INFO - [2025-12-14T17:10:22.516+0000] {dagbag.py:540} INFO - Filling up the DagBag from /home/airflow/.local/lib/python3.12/site-packages/airflow/example_dags/example_xcom.py
[2025-12-14T17:10:22.531+0000] {processor.py:840} INFO - DAG(s) 'example_xcom' retrieved from /home/airflow/.local/lib/python3.12/site-packages/airflow/example_dags/example_xcom.py
[2025-12-14T17:10:22.565+0000] {logging_mixin.py:188} INFO - [2025-12-14T17:10:22.565+0000] {dag.py:3096} INFO - Sync 1 DAGs
[2025-12-14T17:10:22.602+0000] {logging_mixin.py:188} INFO - [2025-12-14T17:10:22.602+0000] {dag.py:3954} INFO - Setting next_dagrun for example_xcom to 2021-01-01 00:00:00+00:00, run_after=2021-01-01 00:00:00+00:00
[2025-12-14T17:10:22.635+0000] {processor.py:183} INFO - Processing /home/airflow/.local/lib/python3.12/site-packages/airflow/example_dags/example_xcom.py took 0.134 seconds
[2025-12-14T17:10:52.771+0000] {processor.py:161} INFO - Started process (PID=622) to work on /home/airflow/.local/lib/python3.12/site-packages/airflow/example_dags/example_xcom.py
[2025-12-14T17:10:52.772+0000] {processor.py:830} INFO - Processing file /home/airflow/.local/lib/python3.12/site-packages/airflow/example_dags/example_xcom.py for tasks to queue
[2025-12-14T17:10:52.774+0000] {logging_mixin.py:188} INFO - [2025-12-14T17:10:52.774+0000] {dagbag.py:540} INFO - Filling up the DagBag from /home/airflow/.local/lib/python3.12/site-packages/airflow/example_dags/example_xcom.py
[2025-12-14T17:10:52.783+0000] {processor.py:840} INFO - DAG(s) 'example_xcom' retrieved from /home/airflow/.local/lib/python3.12/site-packages/airflow/example_dags/example_xcom.py
[2025-12-14T17:10:52.807+0000] {logging_mixin.py:188} INFO - [2025-12-14T17:10:52.807+0000] {dag.py:3096} INFO - Sync 1 DAGs
[2025-12-14T17:10:52.830+0000] {logging_mixin.py:188} INFO - [2025-12-14T17:10:52.829+0000] {dag.py:3954} INFO - Setting next_dagrun for example_xcom to 2021-01-01 00:00:00+00:00, run_after=2021-01-01 00:00:00+00:00
[2025-12-14T17:10:52.851+0000] {processor.py:183} INFO - Processing /home/airflow/.local/lib/python3.12/site-packages/airflow/example_dags/example_xcom.py took 0.087 seconds
[2025-12-14T17:11:23.317+0000] {processor.py:161} INFO - Started process (PID=693) to work on /home/airflow/.local/lib/python3.12/site-packages/airflow/example_dags/example_xcom.py
[2025-12-14T17:11:23.319+0000] {processor.py:830} INFO - Processing file /home/airflow/.local/lib/python3.12/site-packages/airflow/example_dags/example_xcom.py for tasks to queue
[2025-12-14T17:11:23.321+0000] {logging_mixin.py:188} INFO - [2025-12-14T17:11:23.321+0000] {dagbag.py:540} INFO - Filling up the DagBag from /home/airflow/.local/lib/python3.12/site-packages/airflow/example_dags/example_xcom.py
[2025-12-14T17:11:23.330+0000] {processor.py:840} INFO - DAG(s) 'example_xcom' retrieved from /home/airflow/.local/lib/python3.12/site-packages/airflow/example_dags/example_xcom.py
[2025-12-14T17:11:23.354+0000] {logging_mixin.py:188} INFO - [2025-12-14T17:11:23.353+0000] {dag.py:3096} INFO - Sync 1 DAGs
[2025-12-14T17:11:23.377+0000] {logging_mixin.py:188} INFO - [2025-12-14T17:11:23.377+0000] {dag.py:3954} INFO - Setting next_dagrun for example_xcom to 2021-01-01 00:00:00+00:00, run_after=2021-01-01 00:00:00+00:00
[2025-12-14T17:11:23.398+0000] {processor.py:183} INFO - Processing /home/airflow/.local/lib/python3.12/site-packages/airflow/example_dags/example_xcom.py took 0.087 seconds
[2025-12-14T17:11:53.639+0000] {processor.py:161} INFO - Started process (PID=764) to work on /home/airflow/.local/lib/python3.12/site-packages/airflow/example_dags/example_xcom.py
[2025-12-14T17:11:53.640+0000] {processor.py:830} INFO - Processing file /home/airflow/.local/lib/python3.12/site-packages/airflow/example_dags/example_xcom.py for tasks to queue
[2025-12-14T17:11:53.642+0000] {logging_mixin.py:188} INFO - [2025-12-14T17:11:53.642+0000] {dagbag.py:540} INFO - Filling up the DagBag from /home/airflow/.local/lib/python3.12/site-packages/airflow/example_dags/example_xcom.py
[2025-12-14T17:11:53.653+0000] {processor.py:840} INFO - DAG(s) 'example_xcom' retrieved from /home/airflow/.local/lib/python3.12/site-packages/airflow/example_dags/example_xcom.py
[2025-12-14T17:11:53.682+0000] {logging_mixin.py:188} INFO - [2025-12-14T17:11:53.682+0000] {dag.py:3096} INFO - Sync 1 DAGs
[2025-12-14T17:11:53.708+0000] {logging_mixin.py:188} INFO - [2025-12-14T17:11:53.708+0000] {dag.py:3954} INFO - Setting next_dagrun for example_xcom to 2021-01-01 00:00:00+00:00, run_after=2021-01-01 00:00:00+00:00
[2025-12-14T17:11:53.734+0000] {processor.py:183} INFO - Processing /home/airflow/.local/lib/python3.12/site-packages/airflow/example_dags/example_xcom.py took 0.102 seconds
[2025-12-14T17:12:23.937+0000] {processor.py:161} INFO - Started process (PID=835) to work on /home/airflow/.local/lib/python3.12/site-packages/airflow/example_dags/example_xcom.py
[2025-12-14T17:12:23.938+0000] {processor.py:830} INFO - Processing file /home/airflow/.local/lib/python3.12/site-packages/airflow/example_dags/example_xcom.py for tasks to queue
[2025-12-14T17:12:23.941+0000] {logging_mixin.py:188} INFO - [2025-12-14T17:12:23.941+0000] {dagbag.py:540} INFO - Filling up the DagBag from /home/airflow/.local/lib/python3.12/site-packages/airflow/example_dags/example_xcom.py
[2025-12-14T17:12:23.950+0000] {processor.py:840} INFO - DAG(s) 'example_xcom' retrieved from /home/airflow/.local/lib/python3.12/site-packages/airflow/example_dags/example_xcom.py
[2025-12-14T17:12:23.974+0000] {logging_mixin.py:188} INFO - [2025-12-14T17:12:23.974+0000] {dag.py:3096} INFO - Sync 1 DAGs
[2025-12-14T17:12:23.997+0000] {logging_mixin.py:188} INFO - [2025-12-14T17:12:23.997+0000] {dag.py:3954} INFO - Setting next_dagrun for example_xcom to 2021-01-01 00:00:00+00:00, run_after=2021-01-01 00:00:00+00:00
[2025-12-14T17:12:24.018+0000] {processor.py:183} INFO - Processing /home/airflow/.local/lib/python3.12/site-packages/airflow/example_dags/example_xcom.py took 0.088 seconds
[2025-12-14T17:12:54.630+0000] {processor.py:161} INFO - Started process (PID=907) to work on /home/airflow/.local/lib/python3.12/site-packages/airflow/example_dags/example_xcom.py
[2025-12-14T17:12:54.632+0000] {processor.py:830} INFO - Processing file /home/airflow/.local/lib/python3.12/site-packages/airflow/example_dags/example_xcom.py for tasks to queue
[2025-12-14T17:12:54.636+0000] {logging_mixin.py:188} INFO - [2025-12-14T17:12:54.635+0000] {dagbag.py:540} INFO - Filling up the DagBag from /home/airflow/.local/lib/python3.12/site-packages/airflow/example_dags/example_xcom.py
[2025-12-14T17:12:54.644+0000] {processor.py:840} INFO - DAG(s) 'example_xcom' retrieved from /home/airflow/.local/lib/python3.12/site-packages/airflow/example_dags/example_xcom.py
[2025-12-14T17:12:54.674+0000] {logging_mixin.py:188} INFO - [2025-12-14T17:12:54.674+0000] {dag.py:3096} INFO - Sync 1 DAGs
[2025-12-14T17:12:54.701+0000] {logging_mixin.py:188} INFO - [2025-12-14T17:12:54.701+0000] {dag.py:3954} INFO - Setting next_dagrun for example_xcom to 2021-01-01 00:00:00+00:00, run_after=2021-01-01 00:00:00+00:00
[2025-12-14T17:12:54.727+0000] {processor.py:183} INFO - Processing /home/airflow/.local/lib/python3.12/site-packages/airflow/example_dags/example_xcom.py took 0.104 seconds
[2025-12-14T17:13:24.816+0000] {processor.py:161} INFO - Started process (PID=978) to work on /home/airflow/.local/lib/python3.12/site-packages/airflow/example_dags/example_xcom.py
[2025-12-14T17:13:24.818+0000] {processor.py:830} INFO - Processing file /home/airflow/.local/lib/python3.12/site-packages/airflow/example_dags/example_xcom.py for tasks to queue
[2025-12-14T17:13:24.822+0000] {logging_mixin.py:188} INFO - [2025-12-14T17:13:24.820+0000] {dagbag.py:540} INFO - Filling up the DagBag from /home/airflow/.local/lib/python3.12/site-packages/airflow/example_dags/example_xcom.py
[2025-12-14T17:13:24.833+0000] {processor.py:840} INFO - DAG(s) 'example_xcom' retrieved from /home/airflow/.local/lib/python3.12/site-packages/airflow/example_dags/example_xcom.py
[2025-12-14T17:13:24.866+0000] {logging_mixin.py:188} INFO - [2025-12-14T17:13:24.865+0000] {dag.py:3096} INFO - Sync 1 DAGs
[2025-12-14T17:13:24.892+0000] {logging_mixin.py:188} INFO - [2025-12-14T17:13:24.891+0000] {dag.py:3954} INFO - Setting next_dagrun for example_xcom to 2021-01-01 00:00:00+00:00, run_after=2021-01-01 00:00:00+00:00
[2025-12-14T17:13:24.915+0000] {processor.py:183} INFO - Processing /home/airflow/.local/lib/python3.12/site-packages/airflow/example_dags/example_xcom.py took 0.106 seconds
[2025-12-14T17:13:55.105+0000] {processor.py:161} INFO - Started process (PID=1049) to work on /home/airflow/.local/lib/python3.12/site-packages/airflow/example_dags/example_xcom.py
[2025-12-14T17:13:55.106+0000] {processor.py:830} INFO - Processing file /home/airflow/.local/lib/python3.12/site-packages/airflow/example_dags/example_xcom.py for tasks to queue
[2025-12-14T17:13:55.108+0000] {logging_mixin.py:188} INFO - [2025-12-14T17:13:55.108+0000] {dagbag.py:540} INFO - Filling up the DagBag from /home/airflow/.local/lib/python3.12/site-packages/airflow/example_dags/example_xcom.py
[2025-12-14T17:13:55.121+0000] {processor.py:840} INFO - DAG(s) 'example_xcom' retrieved from /home/airflow/.local/lib/python3.12/site-packages/airflow/example_dags/example_xcom.py
[2025-12-14T17:13:55.148+0000] {logging_mixin.py:188} INFO - [2025-12-14T17:13:55.148+0000] {dag.py:3096} INFO - Sync 1 DAGs
[2025-12-14T17:13:55.172+0000] {logging_mixin.py:188} INFO - [2025-12-14T17:13:55.172+0000] {dag.py:3954} INFO - Setting next_dagrun for example_xcom to 2021-01-01 00:00:00+00:00, run_after=2021-01-01 00:00:00+00:00
[2025-12-14T17:13:55.197+0000] {processor.py:183} INFO - Processing /home/airflow/.local/lib/python3.12/site-packages/airflow/example_dags/example_xcom.py took 0.100 seconds
[2025-12-14T17:14:26.558+0000] {processor.py:161} INFO - Started process (PID=1121) to work on /home/airflow/.local/lib/python3.12/site-packages/airflow/example_dags/example_xcom.py
[2025-12-14T17:14:26.560+0000] {processor.py:830} INFO - Processing file /home/airflow/.local/lib/python3.12/site-packages/airflow/example_dags/example_xcom.py for tasks to queue
[2025-12-14T17:14:26.563+0000] {logging_mixin.py:188} INFO - [2025-12-14T17:14:26.562+0000] {dagbag.py:540} INFO - Filling up the DagBag from /home/airflow/.local/lib/python3.12/site-packages/airflow/example_dags/example_xcom.py
[2025-12-14T17:14:26.574+0000] {processor.py:840} INFO - DAG(s) 'example_xcom' retrieved from /home/airflow/.local/lib/python3.12/site-packages/airflow/example_dags/example_xcom.py
[2025-12-14T17:14:26.607+0000] {logging_mixin.py:188} INFO - [2025-12-14T17:14:26.606+0000] {dag.py:3096} INFO - Sync 1 DAGs
[2025-12-14T17:14:26.635+0000] {logging_mixin.py:188} INFO - [2025-12-14T17:14:26.635+0000] {dag.py:3954} INFO - Setting next_dagrun for example_xcom to 2021-01-01 00:00:00+00:00, run_after=2021-01-01 00:00:00+00:00
[2025-12-14T17:14:26.856+0000] {processor.py:183} INFO - Processing /home/airflow/.local/lib/python3.12/site-packages/airflow/example_dags/example_xcom.py took 0.306 seconds
[2025-12-14T17:14:58.067+0000] {processor.py:161} INFO - Started process (PID=1192) to work on /home/airflow/.local/lib/python3.12/site-packages/airflow/example_dags/example_xcom.py
[2025-12-14T17:14:58.068+0000] {processor.py:830} INFO - Processing file /home/airflow/.local/lib/python3.12/site-packages/airflow/example_dags/example_xcom.py for tasks to queue
[2025-12-14T17:14:58.071+0000] {logging_mixin.py:188} INFO - [2025-12-14T17:14:58.071+0000] {dagbag.py:540} INFO - Filling up the DagBag from /home/airflow/.local/lib/python3.12/site-packages/airflow/example_dags/example_xcom.py
[2025-12-14T17:14:58.080+0000] {processor.py:840} INFO - DAG(s) 'example_xcom' retrieved from /home/airflow/.local/lib/python3.12/site-packages/airflow/example_dags/example_xcom.py
[2025-12-14T17:14:58.107+0000] {logging_mixin.py:188} INFO - [2025-12-14T17:14:58.107+0000] {dag.py:3096} INFO - Sync 1 DAGs
[2025-12-14T17:14:58.130+0000] {logging_mixin.py:188} INFO - [2025-12-14T17:14:58.129+0000] {dag.py:3954} INFO - Setting next_dagrun for example_xcom to 2021-01-01 00:00:00+00:00, run_after=2021-01-01 00:00:00+00:00
[2025-12-14T17:14:58.308+0000] {processor.py:183} INFO - Processing /home/airflow/.local/lib/python3.12/site-packages/airflow/example_dags/example_xcom.py took 0.248 seconds
[2025-12-14T17:15:28.577+0000] {processor.py:161} INFO - Started process (PID=1254) to work on /home/airflow/.local/lib/python3.12/site-packages/airflow/example_dags/example_xcom.py
[2025-12-14T17:15:28.592+0000] {processor.py:830} INFO - Processing file /home/airflow/.local/lib/python3.12/site-packages/airflow/example_dags/example_xcom.py for tasks to queue
[2025-12-14T17:15:28.595+0000] {logging_mixin.py:188} INFO - [2025-12-14T17:15:28.595+0000] {dagbag.py:540} INFO - Filling up the DagBag from /home/airflow/.local/lib/python3.12/site-packages/airflow/example_dags/example_xcom.py
[2025-12-14T17:15:28.629+0000] {processor.py:840} INFO - DAG(s) 'example_xcom' retrieved from /home/airflow/.local/lib/python3.12/site-packages/airflow/example_dags/example_xcom.py
[2025-12-14T17:15:28.654+0000] {logging_mixin.py:188} INFO - [2025-12-14T17:15:28.654+0000] {dag.py:3096} INFO - Sync 1 DAGs
[2025-12-14T17:15:28.678+0000] {logging_mixin.py:188} INFO - [2025-12-14T17:15:28.678+0000] {dag.py:3954} INFO - Setting next_dagrun for example_xcom to 2021-01-01 00:00:00+00:00, run_after=2021-01-01 00:00:00+00:00
[2025-12-14T17:15:28.702+0000] {processor.py:183} INFO - Processing /home/airflow/.local/lib/python3.12/site-packages/airflow/example_dags/example_xcom.py took 0.165 seconds
[2025-12-14T17:15:58.887+0000] {processor.py:161} INFO - Started process (PID=1322) to work on /home/airflow/.local/lib/python3.12/site-packages/airflow/example_dags/example_xcom.py
[2025-12-14T17:15:58.888+0000] {processor.py:830} INFO - Processing file /home/airflow/.local/lib/python3.12/site-packages/airflow/example_dags/example_xcom.py for tasks to queue
[2025-12-14T17:15:58.891+0000] {logging_mixin.py:188} INFO - [2025-12-14T17:15:58.890+0000] {dagbag.py:540} INFO - Filling up the DagBag from /home/airflow/.local/lib/python3.12/site-packages/airflow/example_dags/example_xcom.py
[2025-12-14T17:15:58.901+0000] {processor.py:840} INFO - DAG(s) 'example_xcom' retrieved from /home/airflow/.local/lib/python3.12/site-packages/airflow/example_dags/example_xcom.py
[2025-12-14T17:15:58.927+0000] {logging_mixin.py:188} INFO - [2025-12-14T17:15:58.927+0000] {dag.py:3096} INFO - Sync 1 DAGs
[2025-12-14T17:15:58.950+0000] {logging_mixin.py:188} INFO - [2025-12-14T17:15:58.950+0000] {dag.py:3954} INFO - Setting next_dagrun for example_xcom to 2021-01-01 00:00:00+00:00, run_after=2021-01-01 00:00:00+00:00
[2025-12-14T17:15:58.974+0000] {processor.py:183} INFO - Processing /home/airflow/.local/lib/python3.12/site-packages/airflow/example_dags/example_xcom.py took 0.097 seconds
