[2025-12-14T16:49:17.314+0000] {processor.py:161} INFO - Started process (PID=114) to work on /home/airflow/.local/lib/python3.12/site-packages/airflow/example_dags/example_complex.py
[2025-12-14T16:49:17.316+0000] {processor.py:830} INFO - Processing file /home/airflow/.local/lib/python3.12/site-packages/airflow/example_dags/example_complex.py for tasks to queue
[2025-12-14T16:49:17.318+0000] {logging_mixin.py:188} INFO - [2025-12-14T16:49:17.318+0000] {dagbag.py:540} INFO - Filling up the DagBag from /home/airflow/.local/lib/python3.12/site-packages/airflow/example_dags/example_complex.py
[2025-12-14T16:49:17.335+0000] {processor.py:840} INFO - DAG(s) 'example_complex' retrieved from /home/airflow/.local/lib/python3.12/site-packages/airflow/example_dags/example_complex.py
[2025-12-14T16:49:17.496+0000] {logging_mixin.py:188} INFO - [2025-12-14T16:49:17.496+0000] {dag.py:3096} INFO - Sync 1 DAGs
[2025-12-14T16:49:17.509+0000] {logging_mixin.py:188} INFO - [2025-12-14T16:49:17.509+0000] {dag.py:3954} INFO - Setting next_dagrun for example_complex to None, run_after=None
[2025-12-14T16:49:17.535+0000] {processor.py:183} INFO - Processing /home/airflow/.local/lib/python3.12/site-packages/airflow/example_dags/example_complex.py took 0.229 seconds
[2025-12-14T16:49:48.045+0000] {processor.py:161} INFO - Started process (PID=179) to work on /home/airflow/.local/lib/python3.12/site-packages/airflow/example_dags/example_complex.py
[2025-12-14T16:49:48.046+0000] {processor.py:830} INFO - Processing file /home/airflow/.local/lib/python3.12/site-packages/airflow/example_dags/example_complex.py for tasks to queue
[2025-12-14T16:49:48.049+0000] {logging_mixin.py:188} INFO - [2025-12-14T16:49:48.048+0000] {dagbag.py:540} INFO - Filling up the DagBag from /home/airflow/.local/lib/python3.12/site-packages/airflow/example_dags/example_complex.py
[2025-12-14T16:49:48.063+0000] {processor.py:840} INFO - DAG(s) 'example_complex' retrieved from /home/airflow/.local/lib/python3.12/site-packages/airflow/example_dags/example_complex.py
[2025-12-14T16:49:48.111+0000] {logging_mixin.py:188} INFO - [2025-12-14T16:49:48.110+0000] {dag.py:3096} INFO - Sync 1 DAGs
[2025-12-14T16:49:48.130+0000] {logging_mixin.py:188} INFO - [2025-12-14T16:49:48.130+0000] {dag.py:3954} INFO - Setting next_dagrun for example_complex to None, run_after=None
[2025-12-14T16:49:48.556+0000] {processor.py:183} INFO - Processing /home/airflow/.local/lib/python3.12/site-packages/airflow/example_dags/example_complex.py took 0.521 seconds
[2025-12-14T16:50:18.766+0000] {processor.py:161} INFO - Started process (PID=237) to work on /home/airflow/.local/lib/python3.12/site-packages/airflow/example_dags/example_complex.py
[2025-12-14T16:50:18.769+0000] {processor.py:830} INFO - Processing file /home/airflow/.local/lib/python3.12/site-packages/airflow/example_dags/example_complex.py for tasks to queue
[2025-12-14T16:50:18.772+0000] {logging_mixin.py:188} INFO - [2025-12-14T16:50:18.771+0000] {dagbag.py:540} INFO - Filling up the DagBag from /home/airflow/.local/lib/python3.12/site-packages/airflow/example_dags/example_complex.py
[2025-12-14T16:50:18.788+0000] {processor.py:840} INFO - DAG(s) 'example_complex' retrieved from /home/airflow/.local/lib/python3.12/site-packages/airflow/example_dags/example_complex.py
[2025-12-14T16:50:18.827+0000] {logging_mixin.py:188} INFO - [2025-12-14T16:50:18.827+0000] {dag.py:3096} INFO - Sync 1 DAGs
[2025-12-14T16:50:18.844+0000] {logging_mixin.py:188} INFO - [2025-12-14T16:50:18.844+0000] {dag.py:3954} INFO - Setting next_dagrun for example_complex to None, run_after=None
[2025-12-14T16:50:18.871+0000] {processor.py:183} INFO - Processing /home/airflow/.local/lib/python3.12/site-packages/airflow/example_dags/example_complex.py took 0.114 seconds
[2025-12-14T16:50:49.843+0000] {processor.py:161} INFO - Started process (PID=302) to work on /home/airflow/.local/lib/python3.12/site-packages/airflow/example_dags/example_complex.py
[2025-12-14T16:50:49.845+0000] {processor.py:830} INFO - Processing file /home/airflow/.local/lib/python3.12/site-packages/airflow/example_dags/example_complex.py for tasks to queue
[2025-12-14T16:50:49.850+0000] {logging_mixin.py:188} INFO - [2025-12-14T16:50:49.849+0000] {dagbag.py:540} INFO - Filling up the DagBag from /home/airflow/.local/lib/python3.12/site-packages/airflow/example_dags/example_complex.py
[2025-12-14T16:50:49.867+0000] {processor.py:840} INFO - DAG(s) 'example_complex' retrieved from /home/airflow/.local/lib/python3.12/site-packages/airflow/example_dags/example_complex.py
[2025-12-14T16:50:49.919+0000] {logging_mixin.py:188} INFO - [2025-12-14T16:50:49.918+0000] {dag.py:3096} INFO - Sync 1 DAGs
[2025-12-14T16:50:49.943+0000] {logging_mixin.py:188} INFO - [2025-12-14T16:50:49.942+0000] {dag.py:3954} INFO - Setting next_dagrun for example_complex to None, run_after=None
[2025-12-14T16:50:49.972+0000] {processor.py:183} INFO - Processing /home/airflow/.local/lib/python3.12/site-packages/airflow/example_dags/example_complex.py took 0.141 seconds
[2025-12-14T16:51:20.836+0000] {processor.py:161} INFO - Started process (PID=360) to work on /home/airflow/.local/lib/python3.12/site-packages/airflow/example_dags/example_complex.py
[2025-12-14T16:51:20.838+0000] {processor.py:830} INFO - Processing file /home/airflow/.local/lib/python3.12/site-packages/airflow/example_dags/example_complex.py for tasks to queue
[2025-12-14T16:51:20.841+0000] {logging_mixin.py:188} INFO - [2025-12-14T16:51:20.841+0000] {dagbag.py:540} INFO - Filling up the DagBag from /home/airflow/.local/lib/python3.12/site-packages/airflow/example_dags/example_complex.py
[2025-12-14T16:51:20.855+0000] {processor.py:840} INFO - DAG(s) 'example_complex' retrieved from /home/airflow/.local/lib/python3.12/site-packages/airflow/example_dags/example_complex.py
[2025-12-14T16:51:20.897+0000] {logging_mixin.py:188} INFO - [2025-12-14T16:51:20.897+0000] {dag.py:3096} INFO - Sync 1 DAGs
[2025-12-14T16:51:20.916+0000] {logging_mixin.py:188} INFO - [2025-12-14T16:51:20.916+0000] {dag.py:3954} INFO - Setting next_dagrun for example_complex to None, run_after=None
[2025-12-14T16:51:20.963+0000] {processor.py:183} INFO - Processing /home/airflow/.local/lib/python3.12/site-packages/airflow/example_dags/example_complex.py took 0.136 seconds
[2025-12-14T16:51:51.524+0000] {processor.py:161} INFO - Started process (PID=418) to work on /home/airflow/.local/lib/python3.12/site-packages/airflow/example_dags/example_complex.py
[2025-12-14T16:51:51.526+0000] {processor.py:830} INFO - Processing file /home/airflow/.local/lib/python3.12/site-packages/airflow/example_dags/example_complex.py for tasks to queue
[2025-12-14T16:51:51.528+0000] {logging_mixin.py:188} INFO - [2025-12-14T16:51:51.528+0000] {dagbag.py:540} INFO - Filling up the DagBag from /home/airflow/.local/lib/python3.12/site-packages/airflow/example_dags/example_complex.py
[2025-12-14T16:51:51.543+0000] {processor.py:840} INFO - DAG(s) 'example_complex' retrieved from /home/airflow/.local/lib/python3.12/site-packages/airflow/example_dags/example_complex.py
[2025-12-14T16:51:51.584+0000] {logging_mixin.py:188} INFO - [2025-12-14T16:51:51.583+0000] {dag.py:3096} INFO - Sync 1 DAGs
[2025-12-14T16:51:51.599+0000] {logging_mixin.py:188} INFO - [2025-12-14T16:51:51.599+0000] {dag.py:3954} INFO - Setting next_dagrun for example_complex to None, run_after=None
[2025-12-14T16:51:51.625+0000] {processor.py:183} INFO - Processing /home/airflow/.local/lib/python3.12/site-packages/airflow/example_dags/example_complex.py took 0.110 seconds
[2025-12-14T16:52:21.993+0000] {processor.py:161} INFO - Started process (PID=476) to work on /home/airflow/.local/lib/python3.12/site-packages/airflow/example_dags/example_complex.py
[2025-12-14T16:52:21.994+0000] {processor.py:830} INFO - Processing file /home/airflow/.local/lib/python3.12/site-packages/airflow/example_dags/example_complex.py for tasks to queue
[2025-12-14T16:52:21.997+0000] {logging_mixin.py:188} INFO - [2025-12-14T16:52:21.997+0000] {dagbag.py:540} INFO - Filling up the DagBag from /home/airflow/.local/lib/python3.12/site-packages/airflow/example_dags/example_complex.py
[2025-12-14T16:52:22.012+0000] {processor.py:840} INFO - DAG(s) 'example_complex' retrieved from /home/airflow/.local/lib/python3.12/site-packages/airflow/example_dags/example_complex.py
[2025-12-14T16:52:22.055+0000] {logging_mixin.py:188} INFO - [2025-12-14T16:52:22.054+0000] {dag.py:3096} INFO - Sync 1 DAGs
[2025-12-14T16:52:22.072+0000] {logging_mixin.py:188} INFO - [2025-12-14T16:52:22.072+0000] {dag.py:3954} INFO - Setting next_dagrun for example_complex to None, run_after=None
[2025-12-14T16:52:22.101+0000] {processor.py:183} INFO - Processing /home/airflow/.local/lib/python3.12/site-packages/airflow/example_dags/example_complex.py took 0.118 seconds
[2025-12-14T16:55:13.563+0000] {processor.py:161} INFO - Started process (PID=167) to work on /home/airflow/.local/lib/python3.12/site-packages/airflow/example_dags/example_complex.py
[2025-12-14T16:55:13.567+0000] {processor.py:830} INFO - Processing file /home/airflow/.local/lib/python3.12/site-packages/airflow/example_dags/example_complex.py for tasks to queue
[2025-12-14T16:55:13.570+0000] {logging_mixin.py:188} INFO - [2025-12-14T16:55:13.569+0000] {dagbag.py:540} INFO - Filling up the DagBag from /home/airflow/.local/lib/python3.12/site-packages/airflow/example_dags/example_complex.py
[2025-12-14T16:55:13.583+0000] {processor.py:840} INFO - DAG(s) 'example_complex' retrieved from /home/airflow/.local/lib/python3.12/site-packages/airflow/example_dags/example_complex.py
[2025-12-14T16:55:13.749+0000] {logging_mixin.py:188} INFO - [2025-12-14T16:55:13.749+0000] {dag.py:3096} INFO - Sync 1 DAGs
[2025-12-14T16:55:13.766+0000] {logging_mixin.py:188} INFO - [2025-12-14T16:55:13.765+0000] {dag.py:3954} INFO - Setting next_dagrun for example_complex to None, run_after=None
[2025-12-14T16:55:13.805+0000] {processor.py:183} INFO - Processing /home/airflow/.local/lib/python3.12/site-packages/airflow/example_dags/example_complex.py took 0.250 seconds
[2025-12-14T16:55:44.033+0000] {processor.py:161} INFO - Started process (PID=239) to work on /home/airflow/.local/lib/python3.12/site-packages/airflow/example_dags/example_complex.py
[2025-12-14T16:55:44.035+0000] {processor.py:830} INFO - Processing file /home/airflow/.local/lib/python3.12/site-packages/airflow/example_dags/example_complex.py for tasks to queue
[2025-12-14T16:55:44.038+0000] {logging_mixin.py:188} INFO - [2025-12-14T16:55:44.037+0000] {dagbag.py:540} INFO - Filling up the DagBag from /home/airflow/.local/lib/python3.12/site-packages/airflow/example_dags/example_complex.py
[2025-12-14T16:55:44.054+0000] {processor.py:840} INFO - DAG(s) 'example_complex' retrieved from /home/airflow/.local/lib/python3.12/site-packages/airflow/example_dags/example_complex.py
[2025-12-14T16:55:44.097+0000] {logging_mixin.py:188} INFO - [2025-12-14T16:55:44.096+0000] {dag.py:3096} INFO - Sync 1 DAGs
[2025-12-14T16:55:44.112+0000] {logging_mixin.py:188} INFO - [2025-12-14T16:55:44.112+0000] {dag.py:3954} INFO - Setting next_dagrun for example_complex to None, run_after=None
[2025-12-14T16:55:44.141+0000] {processor.py:183} INFO - Processing /home/airflow/.local/lib/python3.12/site-packages/airflow/example_dags/example_complex.py took 0.115 seconds
[2025-12-14T16:56:15.045+0000] {processor.py:161} INFO - Started process (PID=310) to work on /home/airflow/.local/lib/python3.12/site-packages/airflow/example_dags/example_complex.py
[2025-12-14T16:56:15.047+0000] {processor.py:830} INFO - Processing file /home/airflow/.local/lib/python3.12/site-packages/airflow/example_dags/example_complex.py for tasks to queue
[2025-12-14T16:56:15.049+0000] {logging_mixin.py:188} INFO - [2025-12-14T16:56:15.049+0000] {dagbag.py:540} INFO - Filling up the DagBag from /home/airflow/.local/lib/python3.12/site-packages/airflow/example_dags/example_complex.py
[2025-12-14T16:56:15.063+0000] {processor.py:840} INFO - DAG(s) 'example_complex' retrieved from /home/airflow/.local/lib/python3.12/site-packages/airflow/example_dags/example_complex.py
[2025-12-14T16:56:15.100+0000] {logging_mixin.py:188} INFO - [2025-12-14T16:56:15.100+0000] {dag.py:3096} INFO - Sync 1 DAGs
[2025-12-14T16:56:15.114+0000] {logging_mixin.py:188} INFO - [2025-12-14T16:56:15.114+0000] {dag.py:3954} INFO - Setting next_dagrun for example_complex to None, run_after=None
[2025-12-14T16:56:15.138+0000] {processor.py:183} INFO - Processing /home/airflow/.local/lib/python3.12/site-packages/airflow/example_dags/example_complex.py took 0.100 seconds
[2025-12-14T16:56:46.105+0000] {processor.py:161} INFO - Started process (PID=382) to work on /home/airflow/.local/lib/python3.12/site-packages/airflow/example_dags/example_complex.py
[2025-12-14T16:56:46.106+0000] {processor.py:830} INFO - Processing file /home/airflow/.local/lib/python3.12/site-packages/airflow/example_dags/example_complex.py for tasks to queue
[2025-12-14T16:56:46.110+0000] {logging_mixin.py:188} INFO - [2025-12-14T16:56:46.109+0000] {dagbag.py:540} INFO - Filling up the DagBag from /home/airflow/.local/lib/python3.12/site-packages/airflow/example_dags/example_complex.py
[2025-12-14T16:56:46.128+0000] {processor.py:840} INFO - DAG(s) 'example_complex' retrieved from /home/airflow/.local/lib/python3.12/site-packages/airflow/example_dags/example_complex.py
[2025-12-14T16:56:46.175+0000] {logging_mixin.py:188} INFO - [2025-12-14T16:56:46.175+0000] {dag.py:3096} INFO - Sync 1 DAGs
[2025-12-14T16:56:46.200+0000] {logging_mixin.py:188} INFO - [2025-12-14T16:56:46.200+0000] {dag.py:3954} INFO - Setting next_dagrun for example_complex to None, run_after=None
[2025-12-14T16:56:46.234+0000] {processor.py:183} INFO - Processing /home/airflow/.local/lib/python3.12/site-packages/airflow/example_dags/example_complex.py took 0.139 seconds
[2025-12-14T16:57:16.707+0000] {processor.py:161} INFO - Started process (PID=453) to work on /home/airflow/.local/lib/python3.12/site-packages/airflow/example_dags/example_complex.py
[2025-12-14T16:57:16.709+0000] {processor.py:830} INFO - Processing file /home/airflow/.local/lib/python3.12/site-packages/airflow/example_dags/example_complex.py for tasks to queue
[2025-12-14T16:57:16.712+0000] {logging_mixin.py:188} INFO - [2025-12-14T16:57:16.712+0000] {dagbag.py:540} INFO - Filling up the DagBag from /home/airflow/.local/lib/python3.12/site-packages/airflow/example_dags/example_complex.py
[2025-12-14T16:57:16.734+0000] {processor.py:840} INFO - DAG(s) 'example_complex' retrieved from /home/airflow/.local/lib/python3.12/site-packages/airflow/example_dags/example_complex.py
[2025-12-14T16:57:16.791+0000] {logging_mixin.py:188} INFO - [2025-12-14T16:57:16.791+0000] {dag.py:3096} INFO - Sync 1 DAGs
[2025-12-14T16:57:16.810+0000] {logging_mixin.py:188} INFO - [2025-12-14T16:57:16.810+0000] {dag.py:3954} INFO - Setting next_dagrun for example_complex to None, run_after=None
[2025-12-14T16:57:16.840+0000] {processor.py:183} INFO - Processing /home/airflow/.local/lib/python3.12/site-packages/airflow/example_dags/example_complex.py took 0.143 seconds
[2025-12-14T16:58:37.886+0000] {processor.py:161} INFO - Started process (PID=116) to work on /home/airflow/.local/lib/python3.12/site-packages/airflow/example_dags/example_complex.py
[2025-12-14T16:58:37.887+0000] {processor.py:830} INFO - Processing file /home/airflow/.local/lib/python3.12/site-packages/airflow/example_dags/example_complex.py for tasks to queue
[2025-12-14T16:58:37.890+0000] {logging_mixin.py:188} INFO - [2025-12-14T16:58:37.890+0000] {dagbag.py:540} INFO - Filling up the DagBag from /home/airflow/.local/lib/python3.12/site-packages/airflow/example_dags/example_complex.py
[2025-12-14T16:58:37.918+0000] {processor.py:840} INFO - DAG(s) 'example_complex' retrieved from /home/airflow/.local/lib/python3.12/site-packages/airflow/example_dags/example_complex.py
[2025-12-14T16:58:38.088+0000] {logging_mixin.py:188} INFO - [2025-12-14T16:58:38.088+0000] {dag.py:3096} INFO - Sync 1 DAGs
[2025-12-14T16:58:38.102+0000] {logging_mixin.py:188} INFO - [2025-12-14T16:58:38.101+0000] {dag.py:3954} INFO - Setting next_dagrun for example_complex to None, run_after=None
[2025-12-14T16:58:38.132+0000] {processor.py:183} INFO - Processing /home/airflow/.local/lib/python3.12/site-packages/airflow/example_dags/example_complex.py took 0.256 seconds
[2025-12-14T16:59:08.401+0000] {processor.py:161} INFO - Started process (PID=176) to work on /home/airflow/.local/lib/python3.12/site-packages/airflow/example_dags/example_complex.py
[2025-12-14T16:59:08.403+0000] {processor.py:830} INFO - Processing file /home/airflow/.local/lib/python3.12/site-packages/airflow/example_dags/example_complex.py for tasks to queue
[2025-12-14T16:59:08.405+0000] {logging_mixin.py:188} INFO - [2025-12-14T16:59:08.405+0000] {dagbag.py:540} INFO - Filling up the DagBag from /home/airflow/.local/lib/python3.12/site-packages/airflow/example_dags/example_complex.py
[2025-12-14T16:59:08.418+0000] {processor.py:840} INFO - DAG(s) 'example_complex' retrieved from /home/airflow/.local/lib/python3.12/site-packages/airflow/example_dags/example_complex.py
[2025-12-14T16:59:08.456+0000] {logging_mixin.py:188} INFO - [2025-12-14T16:59:08.456+0000] {dag.py:3096} INFO - Sync 1 DAGs
[2025-12-14T16:59:08.470+0000] {logging_mixin.py:188} INFO - [2025-12-14T16:59:08.470+0000] {dag.py:3954} INFO - Setting next_dagrun for example_complex to None, run_after=None
[2025-12-14T16:59:08.494+0000] {processor.py:183} INFO - Processing /home/airflow/.local/lib/python3.12/site-packages/airflow/example_dags/example_complex.py took 0.102 seconds
[2025-12-14T16:59:38.748+0000] {processor.py:161} INFO - Started process (PID=236) to work on /home/airflow/.local/lib/python3.12/site-packages/airflow/example_dags/example_complex.py
[2025-12-14T16:59:38.749+0000] {processor.py:830} INFO - Processing file /home/airflow/.local/lib/python3.12/site-packages/airflow/example_dags/example_complex.py for tasks to queue
[2025-12-14T16:59:38.751+0000] {logging_mixin.py:188} INFO - [2025-12-14T16:59:38.750+0000] {dagbag.py:540} INFO - Filling up the DagBag from /home/airflow/.local/lib/python3.12/site-packages/airflow/example_dags/example_complex.py
[2025-12-14T16:59:38.766+0000] {processor.py:840} INFO - DAG(s) 'example_complex' retrieved from /home/airflow/.local/lib/python3.12/site-packages/airflow/example_dags/example_complex.py
[2025-12-14T16:59:38.818+0000] {logging_mixin.py:188} INFO - [2025-12-14T16:59:38.818+0000] {dag.py:3096} INFO - Sync 1 DAGs
[2025-12-14T16:59:38.841+0000] {logging_mixin.py:188} INFO - [2025-12-14T16:59:38.840+0000] {dag.py:3954} INFO - Setting next_dagrun for example_complex to None, run_after=None
[2025-12-14T16:59:38.871+0000] {processor.py:183} INFO - Processing /home/airflow/.local/lib/python3.12/site-packages/airflow/example_dags/example_complex.py took 0.130 seconds
[2025-12-14T17:00:09.246+0000] {processor.py:161} INFO - Started process (PID=296) to work on /home/airflow/.local/lib/python3.12/site-packages/airflow/example_dags/example_complex.py
[2025-12-14T17:00:09.248+0000] {processor.py:830} INFO - Processing file /home/airflow/.local/lib/python3.12/site-packages/airflow/example_dags/example_complex.py for tasks to queue
[2025-12-14T17:00:09.250+0000] {logging_mixin.py:188} INFO - [2025-12-14T17:00:09.249+0000] {dagbag.py:540} INFO - Filling up the DagBag from /home/airflow/.local/lib/python3.12/site-packages/airflow/example_dags/example_complex.py
[2025-12-14T17:00:09.263+0000] {processor.py:840} INFO - DAG(s) 'example_complex' retrieved from /home/airflow/.local/lib/python3.12/site-packages/airflow/example_dags/example_complex.py
[2025-12-14T17:00:09.314+0000] {logging_mixin.py:188} INFO - [2025-12-14T17:00:09.313+0000] {dag.py:3096} INFO - Sync 1 DAGs
[2025-12-14T17:00:09.329+0000] {logging_mixin.py:188} INFO - [2025-12-14T17:00:09.329+0000] {dag.py:3954} INFO - Setting next_dagrun for example_complex to None, run_after=None
[2025-12-14T17:00:09.355+0000] {processor.py:183} INFO - Processing /home/airflow/.local/lib/python3.12/site-packages/airflow/example_dags/example_complex.py took 0.117 seconds
[2025-12-14T17:00:41.724+0000] {processor.py:161} INFO - Started process (PID=356) to work on /home/airflow/.local/lib/python3.12/site-packages/airflow/example_dags/example_complex.py
[2025-12-14T17:00:41.726+0000] {processor.py:830} INFO - Processing file /home/airflow/.local/lib/python3.12/site-packages/airflow/example_dags/example_complex.py for tasks to queue
[2025-12-14T17:00:41.727+0000] {logging_mixin.py:188} INFO - [2025-12-14T17:00:41.727+0000] {dagbag.py:540} INFO - Filling up the DagBag from /home/airflow/.local/lib/python3.12/site-packages/airflow/example_dags/example_complex.py
[2025-12-14T17:00:41.742+0000] {processor.py:840} INFO - DAG(s) 'example_complex' retrieved from /home/airflow/.local/lib/python3.12/site-packages/airflow/example_dags/example_complex.py
[2025-12-14T17:00:41.795+0000] {logging_mixin.py:188} INFO - [2025-12-14T17:00:41.795+0000] {dag.py:3096} INFO - Sync 1 DAGs
[2025-12-14T17:00:41.825+0000] {logging_mixin.py:188} INFO - [2025-12-14T17:00:41.824+0000] {dag.py:3954} INFO - Setting next_dagrun for example_complex to None, run_after=None
[2025-12-14T17:00:41.855+0000] {processor.py:183} INFO - Processing /home/airflow/.local/lib/python3.12/site-packages/airflow/example_dags/example_complex.py took 0.140 seconds
[2025-12-14T17:02:57.692+0000] {processor.py:161} INFO - Started process (PID=154) to work on /home/airflow/.local/lib/python3.12/site-packages/airflow/example_dags/example_complex.py
[2025-12-14T17:02:57.693+0000] {processor.py:830} INFO - Processing file /home/airflow/.local/lib/python3.12/site-packages/airflow/example_dags/example_complex.py for tasks to queue
[2025-12-14T17:02:57.696+0000] {logging_mixin.py:188} INFO - [2025-12-14T17:02:57.696+0000] {dagbag.py:540} INFO - Filling up the DagBag from /home/airflow/.local/lib/python3.12/site-packages/airflow/example_dags/example_complex.py
[2025-12-14T17:02:57.717+0000] {processor.py:840} INFO - DAG(s) 'example_complex' retrieved from /home/airflow/.local/lib/python3.12/site-packages/airflow/example_dags/example_complex.py
[2025-12-14T17:02:57.960+0000] {logging_mixin.py:188} INFO - [2025-12-14T17:02:57.959+0000] {dag.py:3096} INFO - Sync 1 DAGs
[2025-12-14T17:02:57.981+0000] {logging_mixin.py:188} INFO - [2025-12-14T17:02:57.980+0000] {dag.py:3954} INFO - Setting next_dagrun for example_complex to None, run_after=None
[2025-12-14T17:02:58.035+0000] {processor.py:183} INFO - Processing /home/airflow/.local/lib/python3.12/site-packages/airflow/example_dags/example_complex.py took 0.354 seconds
[2025-12-14T17:03:28.425+0000] {processor.py:161} INFO - Started process (PID=225) to work on /home/airflow/.local/lib/python3.12/site-packages/airflow/example_dags/example_complex.py
[2025-12-14T17:03:28.426+0000] {processor.py:830} INFO - Processing file /home/airflow/.local/lib/python3.12/site-packages/airflow/example_dags/example_complex.py for tasks to queue
[2025-12-14T17:03:28.429+0000] {logging_mixin.py:188} INFO - [2025-12-14T17:03:28.428+0000] {dagbag.py:540} INFO - Filling up the DagBag from /home/airflow/.local/lib/python3.12/site-packages/airflow/example_dags/example_complex.py
[2025-12-14T17:03:28.440+0000] {processor.py:840} INFO - DAG(s) 'example_complex' retrieved from /home/airflow/.local/lib/python3.12/site-packages/airflow/example_dags/example_complex.py
[2025-12-14T17:03:28.485+0000] {logging_mixin.py:188} INFO - [2025-12-14T17:03:28.485+0000] {dag.py:3096} INFO - Sync 1 DAGs
[2025-12-14T17:03:28.500+0000] {logging_mixin.py:188} INFO - [2025-12-14T17:03:28.500+0000] {dag.py:3954} INFO - Setting next_dagrun for example_complex to None, run_after=None
[2025-12-14T17:03:28.524+0000] {processor.py:183} INFO - Processing /home/airflow/.local/lib/python3.12/site-packages/airflow/example_dags/example_complex.py took 0.107 seconds
[2025-12-14T17:03:59.308+0000] {processor.py:161} INFO - Started process (PID=296) to work on /home/airflow/.local/lib/python3.12/site-packages/airflow/example_dags/example_complex.py
[2025-12-14T17:03:59.309+0000] {processor.py:830} INFO - Processing file /home/airflow/.local/lib/python3.12/site-packages/airflow/example_dags/example_complex.py for tasks to queue
[2025-12-14T17:03:59.316+0000] {logging_mixin.py:188} INFO - [2025-12-14T17:03:59.315+0000] {dagbag.py:540} INFO - Filling up the DagBag from /home/airflow/.local/lib/python3.12/site-packages/airflow/example_dags/example_complex.py
[2025-12-14T17:03:59.327+0000] {processor.py:840} INFO - DAG(s) 'example_complex' retrieved from /home/airflow/.local/lib/python3.12/site-packages/airflow/example_dags/example_complex.py
[2025-12-14T17:03:59.362+0000] {logging_mixin.py:188} INFO - [2025-12-14T17:03:59.362+0000] {dag.py:3096} INFO - Sync 1 DAGs
[2025-12-14T17:03:59.376+0000] {logging_mixin.py:188} INFO - [2025-12-14T17:03:59.376+0000] {dag.py:3954} INFO - Setting next_dagrun for example_complex to None, run_after=None
[2025-12-14T17:03:59.399+0000] {processor.py:183} INFO - Processing /home/airflow/.local/lib/python3.12/site-packages/airflow/example_dags/example_complex.py took 0.098 seconds
[2025-12-14T17:04:30.009+0000] {processor.py:161} INFO - Started process (PID=367) to work on /home/airflow/.local/lib/python3.12/site-packages/airflow/example_dags/example_complex.py
[2025-12-14T17:04:30.011+0000] {processor.py:830} INFO - Processing file /home/airflow/.local/lib/python3.12/site-packages/airflow/example_dags/example_complex.py for tasks to queue
[2025-12-14T17:04:30.015+0000] {logging_mixin.py:188} INFO - [2025-12-14T17:04:30.014+0000] {dagbag.py:540} INFO - Filling up the DagBag from /home/airflow/.local/lib/python3.12/site-packages/airflow/example_dags/example_complex.py
[2025-12-14T17:04:30.036+0000] {processor.py:840} INFO - DAG(s) 'example_complex' retrieved from /home/airflow/.local/lib/python3.12/site-packages/airflow/example_dags/example_complex.py
[2025-12-14T17:04:30.092+0000] {logging_mixin.py:188} INFO - [2025-12-14T17:04:30.092+0000] {dag.py:3096} INFO - Sync 1 DAGs
[2025-12-14T17:04:30.115+0000] {logging_mixin.py:188} INFO - [2025-12-14T17:04:30.115+0000] {dag.py:3954} INFO - Setting next_dagrun for example_complex to None, run_after=None
[2025-12-14T17:04:30.145+0000] {processor.py:183} INFO - Processing /home/airflow/.local/lib/python3.12/site-packages/airflow/example_dags/example_complex.py took 0.145 seconds
[2025-12-14T17:07:20.698+0000] {processor.py:161} INFO - Started process (PID=145) to work on /home/airflow/.local/lib/python3.12/site-packages/airflow/example_dags/example_complex.py
[2025-12-14T17:07:20.700+0000] {processor.py:830} INFO - Processing file /home/airflow/.local/lib/python3.12/site-packages/airflow/example_dags/example_complex.py for tasks to queue
[2025-12-14T17:07:20.704+0000] {logging_mixin.py:188} INFO - [2025-12-14T17:07:20.703+0000] {dagbag.py:540} INFO - Filling up the DagBag from /home/airflow/.local/lib/python3.12/site-packages/airflow/example_dags/example_complex.py
[2025-12-14T17:07:20.720+0000] {processor.py:840} INFO - DAG(s) 'example_complex' retrieved from /home/airflow/.local/lib/python3.12/site-packages/airflow/example_dags/example_complex.py
[2025-12-14T17:07:20.879+0000] {logging_mixin.py:188} INFO - [2025-12-14T17:07:20.879+0000] {dag.py:3096} INFO - Sync 1 DAGs
[2025-12-14T17:07:20.892+0000] {logging_mixin.py:188} INFO - [2025-12-14T17:07:20.892+0000] {dag.py:3954} INFO - Setting next_dagrun for example_complex to None, run_after=None
[2025-12-14T17:07:20.921+0000] {processor.py:183} INFO - Processing /home/airflow/.local/lib/python3.12/site-packages/airflow/example_dags/example_complex.py took 0.234 seconds
[2025-12-14T17:07:50.981+0000] {processor.py:161} INFO - Started process (PID=216) to work on /home/airflow/.local/lib/python3.12/site-packages/airflow/example_dags/example_complex.py
[2025-12-14T17:07:50.983+0000] {processor.py:830} INFO - Processing file /home/airflow/.local/lib/python3.12/site-packages/airflow/example_dags/example_complex.py for tasks to queue
[2025-12-14T17:07:50.985+0000] {logging_mixin.py:188} INFO - [2025-12-14T17:07:50.985+0000] {dagbag.py:540} INFO - Filling up the DagBag from /home/airflow/.local/lib/python3.12/site-packages/airflow/example_dags/example_complex.py
[2025-12-14T17:07:50.997+0000] {processor.py:840} INFO - DAG(s) 'example_complex' retrieved from /home/airflow/.local/lib/python3.12/site-packages/airflow/example_dags/example_complex.py
[2025-12-14T17:07:51.043+0000] {logging_mixin.py:188} INFO - [2025-12-14T17:07:51.043+0000] {dag.py:3096} INFO - Sync 1 DAGs
[2025-12-14T17:07:51.065+0000] {logging_mixin.py:188} INFO - [2025-12-14T17:07:51.064+0000] {dag.py:3954} INFO - Setting next_dagrun for example_complex to None, run_after=None
[2025-12-14T17:07:51.097+0000] {processor.py:183} INFO - Processing /home/airflow/.local/lib/python3.12/site-packages/airflow/example_dags/example_complex.py took 0.123 seconds
[2025-12-14T17:08:22.251+0000] {processor.py:161} INFO - Started process (PID=287) to work on /home/airflow/.local/lib/python3.12/site-packages/airflow/example_dags/example_complex.py
[2025-12-14T17:08:22.255+0000] {processor.py:830} INFO - Processing file /home/airflow/.local/lib/python3.12/site-packages/airflow/example_dags/example_complex.py for tasks to queue
[2025-12-14T17:08:22.259+0000] {logging_mixin.py:188} INFO - [2025-12-14T17:08:22.258+0000] {dagbag.py:540} INFO - Filling up the DagBag from /home/airflow/.local/lib/python3.12/site-packages/airflow/example_dags/example_complex.py
[2025-12-14T17:08:22.286+0000] {processor.py:840} INFO - DAG(s) 'example_complex' retrieved from /home/airflow/.local/lib/python3.12/site-packages/airflow/example_dags/example_complex.py
[2025-12-14T17:08:22.368+0000] {logging_mixin.py:188} INFO - [2025-12-14T17:08:22.367+0000] {dag.py:3096} INFO - Sync 1 DAGs
[2025-12-14T17:08:22.393+0000] {logging_mixin.py:188} INFO - [2025-12-14T17:08:22.393+0000] {dag.py:3954} INFO - Setting next_dagrun for example_complex to None, run_after=None
[2025-12-14T17:08:22.438+0000] {processor.py:183} INFO - Processing /home/airflow/.local/lib/python3.12/site-packages/airflow/example_dags/example_complex.py took 0.205 seconds
[2025-12-14T17:08:54.432+0000] {processor.py:161} INFO - Started process (PID=359) to work on /home/airflow/.local/lib/python3.12/site-packages/airflow/example_dags/example_complex.py
[2025-12-14T17:08:54.433+0000] {processor.py:830} INFO - Processing file /home/airflow/.local/lib/python3.12/site-packages/airflow/example_dags/example_complex.py for tasks to queue
[2025-12-14T17:08:54.436+0000] {logging_mixin.py:188} INFO - [2025-12-14T17:08:54.435+0000] {dagbag.py:540} INFO - Filling up the DagBag from /home/airflow/.local/lib/python3.12/site-packages/airflow/example_dags/example_complex.py
[2025-12-14T17:08:54.448+0000] {processor.py:840} INFO - DAG(s) 'example_complex' retrieved from /home/airflow/.local/lib/python3.12/site-packages/airflow/example_dags/example_complex.py
[2025-12-14T17:08:54.484+0000] {logging_mixin.py:188} INFO - [2025-12-14T17:08:54.484+0000] {dag.py:3096} INFO - Sync 1 DAGs
[2025-12-14T17:08:54.498+0000] {logging_mixin.py:188} INFO - [2025-12-14T17:08:54.497+0000] {dag.py:3954} INFO - Setting next_dagrun for example_complex to None, run_after=None
[2025-12-14T17:08:54.521+0000] {processor.py:183} INFO - Processing /home/airflow/.local/lib/python3.12/site-packages/airflow/example_dags/example_complex.py took 0.096 seconds
[2025-12-14T17:09:26.188+0000] {processor.py:161} INFO - Started process (PID=430) to work on /home/airflow/.local/lib/python3.12/site-packages/airflow/example_dags/example_complex.py
[2025-12-14T17:09:26.190+0000] {processor.py:830} INFO - Processing file /home/airflow/.local/lib/python3.12/site-packages/airflow/example_dags/example_complex.py for tasks to queue
[2025-12-14T17:09:26.192+0000] {logging_mixin.py:188} INFO - [2025-12-14T17:09:26.192+0000] {dagbag.py:540} INFO - Filling up the DagBag from /home/airflow/.local/lib/python3.12/site-packages/airflow/example_dags/example_complex.py
[2025-12-14T17:09:26.204+0000] {processor.py:840} INFO - DAG(s) 'example_complex' retrieved from /home/airflow/.local/lib/python3.12/site-packages/airflow/example_dags/example_complex.py
[2025-12-14T17:09:26.245+0000] {logging_mixin.py:188} INFO - [2025-12-14T17:09:26.244+0000] {dag.py:3096} INFO - Sync 1 DAGs
[2025-12-14T17:09:26.262+0000] {logging_mixin.py:188} INFO - [2025-12-14T17:09:26.262+0000] {dag.py:3954} INFO - Setting next_dagrun for example_complex to None, run_after=None
[2025-12-14T17:09:26.288+0000] {processor.py:183} INFO - Processing /home/airflow/.local/lib/python3.12/site-packages/airflow/example_dags/example_complex.py took 0.108 seconds
[2025-12-14T17:09:57.421+0000] {processor.py:161} INFO - Started process (PID=501) to work on /home/airflow/.local/lib/python3.12/site-packages/airflow/example_dags/example_complex.py
[2025-12-14T17:09:57.423+0000] {processor.py:830} INFO - Processing file /home/airflow/.local/lib/python3.12/site-packages/airflow/example_dags/example_complex.py for tasks to queue
[2025-12-14T17:09:57.425+0000] {logging_mixin.py:188} INFO - [2025-12-14T17:09:57.425+0000] {dagbag.py:540} INFO - Filling up the DagBag from /home/airflow/.local/lib/python3.12/site-packages/airflow/example_dags/example_complex.py
[2025-12-14T17:09:57.440+0000] {processor.py:840} INFO - DAG(s) 'example_complex' retrieved from /home/airflow/.local/lib/python3.12/site-packages/airflow/example_dags/example_complex.py
[2025-12-14T17:09:57.485+0000] {logging_mixin.py:188} INFO - [2025-12-14T17:09:57.485+0000] {dag.py:3096} INFO - Sync 1 DAGs
[2025-12-14T17:09:57.502+0000] {logging_mixin.py:188} INFO - [2025-12-14T17:09:57.501+0000] {dag.py:3954} INFO - Setting next_dagrun for example_complex to None, run_after=None
[2025-12-14T17:09:57.525+0000] {processor.py:183} INFO - Processing /home/airflow/.local/lib/python3.12/site-packages/airflow/example_dags/example_complex.py took 0.113 seconds
[2025-12-14T17:10:27.806+0000] {processor.py:161} INFO - Started process (PID=572) to work on /home/airflow/.local/lib/python3.12/site-packages/airflow/example_dags/example_complex.py
[2025-12-14T17:10:27.808+0000] {processor.py:830} INFO - Processing file /home/airflow/.local/lib/python3.12/site-packages/airflow/example_dags/example_complex.py for tasks to queue
[2025-12-14T17:10:27.810+0000] {logging_mixin.py:188} INFO - [2025-12-14T17:10:27.810+0000] {dagbag.py:540} INFO - Filling up the DagBag from /home/airflow/.local/lib/python3.12/site-packages/airflow/example_dags/example_complex.py
[2025-12-14T17:10:27.824+0000] {processor.py:840} INFO - DAG(s) 'example_complex' retrieved from /home/airflow/.local/lib/python3.12/site-packages/airflow/example_dags/example_complex.py
[2025-12-14T17:10:27.868+0000] {logging_mixin.py:188} INFO - [2025-12-14T17:10:27.868+0000] {dag.py:3096} INFO - Sync 1 DAGs
[2025-12-14T17:10:27.884+0000] {logging_mixin.py:188} INFO - [2025-12-14T17:10:27.884+0000] {dag.py:3954} INFO - Setting next_dagrun for example_complex to None, run_after=None
[2025-12-14T17:10:27.912+0000] {processor.py:183} INFO - Processing /home/airflow/.local/lib/python3.12/site-packages/airflow/example_dags/example_complex.py took 0.114 seconds
[2025-12-14T17:10:58.401+0000] {processor.py:161} INFO - Started process (PID=643) to work on /home/airflow/.local/lib/python3.12/site-packages/airflow/example_dags/example_complex.py
[2025-12-14T17:10:58.403+0000] {processor.py:830} INFO - Processing file /home/airflow/.local/lib/python3.12/site-packages/airflow/example_dags/example_complex.py for tasks to queue
[2025-12-14T17:10:58.405+0000] {logging_mixin.py:188} INFO - [2025-12-14T17:10:58.405+0000] {dagbag.py:540} INFO - Filling up the DagBag from /home/airflow/.local/lib/python3.12/site-packages/airflow/example_dags/example_complex.py
[2025-12-14T17:10:58.419+0000] {processor.py:840} INFO - DAG(s) 'example_complex' retrieved from /home/airflow/.local/lib/python3.12/site-packages/airflow/example_dags/example_complex.py
[2025-12-14T17:10:58.460+0000] {logging_mixin.py:188} INFO - [2025-12-14T17:10:58.460+0000] {dag.py:3096} INFO - Sync 1 DAGs
[2025-12-14T17:10:58.478+0000] {logging_mixin.py:188} INFO - [2025-12-14T17:10:58.477+0000] {dag.py:3954} INFO - Setting next_dagrun for example_complex to None, run_after=None
[2025-12-14T17:10:58.506+0000] {processor.py:183} INFO - Processing /home/airflow/.local/lib/python3.12/site-packages/airflow/example_dags/example_complex.py took 0.113 seconds
[2025-12-14T17:11:29.065+0000] {processor.py:161} INFO - Started process (PID=714) to work on /home/airflow/.local/lib/python3.12/site-packages/airflow/example_dags/example_complex.py
[2025-12-14T17:11:29.066+0000] {processor.py:830} INFO - Processing file /home/airflow/.local/lib/python3.12/site-packages/airflow/example_dags/example_complex.py for tasks to queue
[2025-12-14T17:11:29.069+0000] {logging_mixin.py:188} INFO - [2025-12-14T17:11:29.069+0000] {dagbag.py:540} INFO - Filling up the DagBag from /home/airflow/.local/lib/python3.12/site-packages/airflow/example_dags/example_complex.py
[2025-12-14T17:11:29.091+0000] {processor.py:840} INFO - DAG(s) 'example_complex' retrieved from /home/airflow/.local/lib/python3.12/site-packages/airflow/example_dags/example_complex.py
[2025-12-14T17:11:29.140+0000] {logging_mixin.py:188} INFO - [2025-12-14T17:11:29.139+0000] {dag.py:3096} INFO - Sync 1 DAGs
[2025-12-14T17:11:29.161+0000] {logging_mixin.py:188} INFO - [2025-12-14T17:11:29.160+0000] {dag.py:3954} INFO - Setting next_dagrun for example_complex to None, run_after=None
[2025-12-14T17:11:29.191+0000] {processor.py:183} INFO - Processing /home/airflow/.local/lib/python3.12/site-packages/airflow/example_dags/example_complex.py took 0.134 seconds
[2025-12-14T17:11:59.251+0000] {processor.py:161} INFO - Started process (PID=785) to work on /home/airflow/.local/lib/python3.12/site-packages/airflow/example_dags/example_complex.py
[2025-12-14T17:11:59.252+0000] {processor.py:830} INFO - Processing file /home/airflow/.local/lib/python3.12/site-packages/airflow/example_dags/example_complex.py for tasks to queue
[2025-12-14T17:11:59.256+0000] {logging_mixin.py:188} INFO - [2025-12-14T17:11:59.255+0000] {dagbag.py:540} INFO - Filling up the DagBag from /home/airflow/.local/lib/python3.12/site-packages/airflow/example_dags/example_complex.py
[2025-12-14T17:11:59.272+0000] {processor.py:840} INFO - DAG(s) 'example_complex' retrieved from /home/airflow/.local/lib/python3.12/site-packages/airflow/example_dags/example_complex.py
[2025-12-14T17:11:59.323+0000] {logging_mixin.py:188} INFO - [2025-12-14T17:11:59.323+0000] {dag.py:3096} INFO - Sync 1 DAGs
[2025-12-14T17:11:59.342+0000] {logging_mixin.py:188} INFO - [2025-12-14T17:11:59.342+0000] {dag.py:3954} INFO - Setting next_dagrun for example_complex to None, run_after=None
[2025-12-14T17:11:59.372+0000] {processor.py:183} INFO - Processing /home/airflow/.local/lib/python3.12/site-packages/airflow/example_dags/example_complex.py took 0.131 seconds
[2025-12-14T17:12:29.830+0000] {processor.py:161} INFO - Started process (PID=856) to work on /home/airflow/.local/lib/python3.12/site-packages/airflow/example_dags/example_complex.py
[2025-12-14T17:12:29.832+0000] {processor.py:830} INFO - Processing file /home/airflow/.local/lib/python3.12/site-packages/airflow/example_dags/example_complex.py for tasks to queue
[2025-12-14T17:12:29.837+0000] {logging_mixin.py:188} INFO - [2025-12-14T17:12:29.836+0000] {dagbag.py:540} INFO - Filling up the DagBag from /home/airflow/.local/lib/python3.12/site-packages/airflow/example_dags/example_complex.py
[2025-12-14T17:12:29.853+0000] {processor.py:840} INFO - DAG(s) 'example_complex' retrieved from /home/airflow/.local/lib/python3.12/site-packages/airflow/example_dags/example_complex.py
[2025-12-14T17:12:29.913+0000] {logging_mixin.py:188} INFO - [2025-12-14T17:12:29.913+0000] {dag.py:3096} INFO - Sync 1 DAGs
[2025-12-14T17:12:29.935+0000] {logging_mixin.py:188} INFO - [2025-12-14T17:12:29.934+0000] {dag.py:3954} INFO - Setting next_dagrun for example_complex to None, run_after=None
[2025-12-14T17:12:29.969+0000] {processor.py:183} INFO - Processing /home/airflow/.local/lib/python3.12/site-packages/airflow/example_dags/example_complex.py took 0.148 seconds
[2025-12-14T17:13:00.562+0000] {processor.py:161} INFO - Started process (PID=928) to work on /home/airflow/.local/lib/python3.12/site-packages/airflow/example_dags/example_complex.py
[2025-12-14T17:13:00.563+0000] {processor.py:830} INFO - Processing file /home/airflow/.local/lib/python3.12/site-packages/airflow/example_dags/example_complex.py for tasks to queue
[2025-12-14T17:13:00.566+0000] {logging_mixin.py:188} INFO - [2025-12-14T17:13:00.565+0000] {dagbag.py:540} INFO - Filling up the DagBag from /home/airflow/.local/lib/python3.12/site-packages/airflow/example_dags/example_complex.py
[2025-12-14T17:13:00.579+0000] {processor.py:840} INFO - DAG(s) 'example_complex' retrieved from /home/airflow/.local/lib/python3.12/site-packages/airflow/example_dags/example_complex.py
[2025-12-14T17:13:00.622+0000] {logging_mixin.py:188} INFO - [2025-12-14T17:13:00.622+0000] {dag.py:3096} INFO - Sync 1 DAGs
[2025-12-14T17:13:00.638+0000] {logging_mixin.py:188} INFO - [2025-12-14T17:13:00.638+0000] {dag.py:3954} INFO - Setting next_dagrun for example_complex to None, run_after=None
[2025-12-14T17:13:00.666+0000] {processor.py:183} INFO - Processing /home/airflow/.local/lib/python3.12/site-packages/airflow/example_dags/example_complex.py took 0.113 seconds
[2025-12-14T17:13:30.961+0000] {processor.py:161} INFO - Started process (PID=999) to work on /home/airflow/.local/lib/python3.12/site-packages/airflow/example_dags/example_complex.py
[2025-12-14T17:13:30.963+0000] {processor.py:830} INFO - Processing file /home/airflow/.local/lib/python3.12/site-packages/airflow/example_dags/example_complex.py for tasks to queue
[2025-12-14T17:13:30.966+0000] {logging_mixin.py:188} INFO - [2025-12-14T17:13:30.966+0000] {dagbag.py:540} INFO - Filling up the DagBag from /home/airflow/.local/lib/python3.12/site-packages/airflow/example_dags/example_complex.py
[2025-12-14T17:13:30.980+0000] {processor.py:840} INFO - DAG(s) 'example_complex' retrieved from /home/airflow/.local/lib/python3.12/site-packages/airflow/example_dags/example_complex.py
[2025-12-14T17:13:31.024+0000] {logging_mixin.py:188} INFO - [2025-12-14T17:13:31.024+0000] {dag.py:3096} INFO - Sync 1 DAGs
[2025-12-14T17:13:31.042+0000] {logging_mixin.py:188} INFO - [2025-12-14T17:13:31.041+0000] {dag.py:3954} INFO - Setting next_dagrun for example_complex to None, run_after=None
[2025-12-14T17:13:31.069+0000] {processor.py:183} INFO - Processing /home/airflow/.local/lib/python3.12/site-packages/airflow/example_dags/example_complex.py took 0.115 seconds
[2025-12-14T17:14:01.791+0000] {processor.py:161} INFO - Started process (PID=1070) to work on /home/airflow/.local/lib/python3.12/site-packages/airflow/example_dags/example_complex.py
[2025-12-14T17:14:01.793+0000] {processor.py:830} INFO - Processing file /home/airflow/.local/lib/python3.12/site-packages/airflow/example_dags/example_complex.py for tasks to queue
[2025-12-14T17:14:01.795+0000] {logging_mixin.py:188} INFO - [2025-12-14T17:14:01.795+0000] {dagbag.py:540} INFO - Filling up the DagBag from /home/airflow/.local/lib/python3.12/site-packages/airflow/example_dags/example_complex.py
[2025-12-14T17:14:01.808+0000] {processor.py:840} INFO - DAG(s) 'example_complex' retrieved from /home/airflow/.local/lib/python3.12/site-packages/airflow/example_dags/example_complex.py
[2025-12-14T17:14:01.844+0000] {logging_mixin.py:188} INFO - [2025-12-14T17:14:01.844+0000] {dag.py:3096} INFO - Sync 1 DAGs
[2025-12-14T17:14:01.860+0000] {logging_mixin.py:188} INFO - [2025-12-14T17:14:01.860+0000] {dag.py:3954} INFO - Setting next_dagrun for example_complex to None, run_after=None
[2025-12-14T17:14:01.887+0000] {processor.py:183} INFO - Processing /home/airflow/.local/lib/python3.12/site-packages/airflow/example_dags/example_complex.py took 0.103 seconds
[2025-12-14T17:14:32.368+0000] {processor.py:161} INFO - Started process (PID=1142) to work on /home/airflow/.local/lib/python3.12/site-packages/airflow/example_dags/example_complex.py
[2025-12-14T17:14:32.370+0000] {processor.py:830} INFO - Processing file /home/airflow/.local/lib/python3.12/site-packages/airflow/example_dags/example_complex.py for tasks to queue
[2025-12-14T17:14:32.372+0000] {logging_mixin.py:188} INFO - [2025-12-14T17:14:32.372+0000] {dagbag.py:540} INFO - Filling up the DagBag from /home/airflow/.local/lib/python3.12/site-packages/airflow/example_dags/example_complex.py
[2025-12-14T17:14:32.383+0000] {processor.py:840} INFO - DAG(s) 'example_complex' retrieved from /home/airflow/.local/lib/python3.12/site-packages/airflow/example_dags/example_complex.py
[2025-12-14T17:14:32.421+0000] {logging_mixin.py:188} INFO - [2025-12-14T17:14:32.421+0000] {dag.py:3096} INFO - Sync 1 DAGs
[2025-12-14T17:14:32.435+0000] {logging_mixin.py:188} INFO - [2025-12-14T17:14:32.435+0000] {dag.py:3954} INFO - Setting next_dagrun for example_complex to None, run_after=None
[2025-12-14T17:14:32.463+0000] {processor.py:183} INFO - Processing /home/airflow/.local/lib/python3.12/site-packages/airflow/example_dags/example_complex.py took 0.101 seconds
[2025-12-14T17:15:03.331+0000] {processor.py:161} INFO - Started process (PID=1213) to work on /home/airflow/.local/lib/python3.12/site-packages/airflow/example_dags/example_complex.py
[2025-12-14T17:15:03.333+0000] {processor.py:830} INFO - Processing file /home/airflow/.local/lib/python3.12/site-packages/airflow/example_dags/example_complex.py for tasks to queue
[2025-12-14T17:15:03.337+0000] {logging_mixin.py:188} INFO - [2025-12-14T17:15:03.336+0000] {dagbag.py:540} INFO - Filling up the DagBag from /home/airflow/.local/lib/python3.12/site-packages/airflow/example_dags/example_complex.py
[2025-12-14T17:15:03.350+0000] {processor.py:840} INFO - DAG(s) 'example_complex' retrieved from /home/airflow/.local/lib/python3.12/site-packages/airflow/example_dags/example_complex.py
[2025-12-14T17:15:03.535+0000] {logging_mixin.py:188} INFO - [2025-12-14T17:15:03.535+0000] {dag.py:3096} INFO - Sync 1 DAGs
[2025-12-14T17:15:03.546+0000] {logging_mixin.py:188} INFO - [2025-12-14T17:15:03.546+0000] {dag.py:3954} INFO - Setting next_dagrun for example_complex to None, run_after=None
[2025-12-14T17:15:03.569+0000] {processor.py:183} INFO - Processing /home/airflow/.local/lib/python3.12/site-packages/airflow/example_dags/example_complex.py took 0.247 seconds
[2025-12-14T17:15:34.217+0000] {processor.py:161} INFO - Started process (PID=1285) to work on /home/airflow/.local/lib/python3.12/site-packages/airflow/example_dags/example_complex.py
[2025-12-14T17:15:34.218+0000] {processor.py:830} INFO - Processing file /home/airflow/.local/lib/python3.12/site-packages/airflow/example_dags/example_complex.py for tasks to queue
[2025-12-14T17:15:34.221+0000] {logging_mixin.py:188} INFO - [2025-12-14T17:15:34.220+0000] {dagbag.py:540} INFO - Filling up the DagBag from /home/airflow/.local/lib/python3.12/site-packages/airflow/example_dags/example_complex.py
[2025-12-14T17:15:34.233+0000] {processor.py:840} INFO - DAG(s) 'example_complex' retrieved from /home/airflow/.local/lib/python3.12/site-packages/airflow/example_dags/example_complex.py
[2025-12-14T17:15:34.269+0000] {logging_mixin.py:188} INFO - [2025-12-14T17:15:34.269+0000] {dag.py:3096} INFO - Sync 1 DAGs
[2025-12-14T17:15:34.283+0000] {logging_mixin.py:188} INFO - [2025-12-14T17:15:34.283+0000] {dag.py:3954} INFO - Setting next_dagrun for example_complex to None, run_after=None
[2025-12-14T17:15:34.307+0000] {processor.py:183} INFO - Processing /home/airflow/.local/lib/python3.12/site-packages/airflow/example_dags/example_complex.py took 0.097 seconds
[2025-12-14T17:16:04.606+0000] {processor.py:161} INFO - Started process (PID=1356) to work on /home/airflow/.local/lib/python3.12/site-packages/airflow/example_dags/example_complex.py
[2025-12-14T17:16:04.607+0000] {processor.py:830} INFO - Processing file /home/airflow/.local/lib/python3.12/site-packages/airflow/example_dags/example_complex.py for tasks to queue
[2025-12-14T17:16:04.610+0000] {logging_mixin.py:188} INFO - [2025-12-14T17:16:04.609+0000] {dagbag.py:540} INFO - Filling up the DagBag from /home/airflow/.local/lib/python3.12/site-packages/airflow/example_dags/example_complex.py
[2025-12-14T17:16:04.622+0000] {processor.py:840} INFO - DAG(s) 'example_complex' retrieved from /home/airflow/.local/lib/python3.12/site-packages/airflow/example_dags/example_complex.py
[2025-12-14T17:16:04.667+0000] {logging_mixin.py:188} INFO - [2025-12-14T17:16:04.666+0000] {dag.py:3096} INFO - Sync 1 DAGs
[2025-12-14T17:16:04.683+0000] {logging_mixin.py:188} INFO - [2025-12-14T17:16:04.683+0000] {dag.py:3954} INFO - Setting next_dagrun for example_complex to None, run_after=None
[2025-12-14T17:16:04.715+0000] {processor.py:183} INFO - Processing /home/airflow/.local/lib/python3.12/site-packages/airflow/example_dags/example_complex.py took 0.116 seconds
