[2025-12-14T16:49:13.855+0000] {processor.py:161} INFO - Started process (PID=94) to work on /home/airflow/.local/lib/python3.12/site-packages/airflow/example_dags/example_xcomargs.py
[2025-12-14T16:49:13.857+0000] {processor.py:830} INFO - Processing file /home/airflow/.local/lib/python3.12/site-packages/airflow/example_dags/example_xcomargs.py for tasks to queue
[2025-12-14T16:49:13.866+0000] {logging_mixin.py:188} INFO - [2025-12-14T16:49:13.865+0000] {dagbag.py:540} INFO - Filling up the DagBag from /home/airflow/.local/lib/python3.12/site-packages/airflow/example_dags/example_xcomargs.py
[2025-12-14T16:49:13.884+0000] {processor.py:840} INFO - DAG(s) 'example_xcom_args', 'example_xcom_args_with_operators' retrieved from /home/airflow/.local/lib/python3.12/site-packages/airflow/example_dags/example_xcomargs.py
[2025-12-14T16:49:14.062+0000] {logging_mixin.py:188} INFO - [2025-12-14T16:49:14.062+0000] {dag.py:3096} INFO - Sync 2 DAGs
[2025-12-14T16:49:14.078+0000] {logging_mixin.py:188} INFO - [2025-12-14T16:49:14.078+0000] {dag.py:3954} INFO - Setting next_dagrun for example_xcom_args to None, run_after=None
[2025-12-14T16:49:14.083+0000] {logging_mixin.py:188} INFO - [2025-12-14T16:49:14.082+0000] {dag.py:3954} INFO - Setting next_dagrun for example_xcom_args_with_operators to None, run_after=None
[2025-12-14T16:49:14.112+0000] {processor.py:183} INFO - Processing /home/airflow/.local/lib/python3.12/site-packages/airflow/example_dags/example_xcomargs.py took 0.267 seconds
[2025-12-14T16:49:44.215+0000] {processor.py:161} INFO - Started process (PID=159) to work on /home/airflow/.local/lib/python3.12/site-packages/airflow/example_dags/example_xcomargs.py
[2025-12-14T16:49:44.217+0000] {processor.py:830} INFO - Processing file /home/airflow/.local/lib/python3.12/site-packages/airflow/example_dags/example_xcomargs.py for tasks to queue
[2025-12-14T16:49:44.219+0000] {logging_mixin.py:188} INFO - [2025-12-14T16:49:44.219+0000] {dagbag.py:540} INFO - Filling up the DagBag from /home/airflow/.local/lib/python3.12/site-packages/airflow/example_dags/example_xcomargs.py
[2025-12-14T16:49:44.231+0000] {processor.py:840} INFO - DAG(s) 'example_xcom_args', 'example_xcom_args_with_operators' retrieved from /home/airflow/.local/lib/python3.12/site-packages/airflow/example_dags/example_xcomargs.py
[2025-12-14T16:49:44.262+0000] {logging_mixin.py:188} INFO - [2025-12-14T16:49:44.261+0000] {dag.py:3096} INFO - Sync 2 DAGs
[2025-12-14T16:49:44.281+0000] {logging_mixin.py:188} INFO - [2025-12-14T16:49:44.280+0000] {dag.py:3954} INFO - Setting next_dagrun for example_xcom_args to None, run_after=None
[2025-12-14T16:49:44.286+0000] {logging_mixin.py:188} INFO - [2025-12-14T16:49:44.286+0000] {dag.py:3954} INFO - Setting next_dagrun for example_xcom_args_with_operators to None, run_after=None
[2025-12-14T16:49:44.307+0000] {processor.py:183} INFO - Processing /home/airflow/.local/lib/python3.12/site-packages/airflow/example_dags/example_xcomargs.py took 0.098 seconds
[2025-12-14T16:50:14.761+0000] {processor.py:161} INFO - Started process (PID=217) to work on /home/airflow/.local/lib/python3.12/site-packages/airflow/example_dags/example_xcomargs.py
[2025-12-14T16:50:14.762+0000] {processor.py:830} INFO - Processing file /home/airflow/.local/lib/python3.12/site-packages/airflow/example_dags/example_xcomargs.py for tasks to queue
[2025-12-14T16:50:14.765+0000] {logging_mixin.py:188} INFO - [2025-12-14T16:50:14.765+0000] {dagbag.py:540} INFO - Filling up the DagBag from /home/airflow/.local/lib/python3.12/site-packages/airflow/example_dags/example_xcomargs.py
[2025-12-14T16:50:14.776+0000] {processor.py:840} INFO - DAG(s) 'example_xcom_args', 'example_xcom_args_with_operators' retrieved from /home/airflow/.local/lib/python3.12/site-packages/airflow/example_dags/example_xcomargs.py
[2025-12-14T16:50:14.806+0000] {logging_mixin.py:188} INFO - [2025-12-14T16:50:14.805+0000] {dag.py:3096} INFO - Sync 2 DAGs
[2025-12-14T16:50:14.823+0000] {logging_mixin.py:188} INFO - [2025-12-14T16:50:14.823+0000] {dag.py:3954} INFO - Setting next_dagrun for example_xcom_args to None, run_after=None
[2025-12-14T16:50:14.828+0000] {logging_mixin.py:188} INFO - [2025-12-14T16:50:14.827+0000] {dag.py:3954} INFO - Setting next_dagrun for example_xcom_args_with_operators to None, run_after=None
[2025-12-14T16:50:14.850+0000] {processor.py:183} INFO - Processing /home/airflow/.local/lib/python3.12/site-packages/airflow/example_dags/example_xcomargs.py took 0.097 seconds
[2025-12-14T16:50:45.185+0000] {processor.py:161} INFO - Started process (PID=282) to work on /home/airflow/.local/lib/python3.12/site-packages/airflow/example_dags/example_xcomargs.py
[2025-12-14T16:50:45.187+0000] {processor.py:830} INFO - Processing file /home/airflow/.local/lib/python3.12/site-packages/airflow/example_dags/example_xcomargs.py for tasks to queue
[2025-12-14T16:50:45.191+0000] {logging_mixin.py:188} INFO - [2025-12-14T16:50:45.191+0000] {dagbag.py:540} INFO - Filling up the DagBag from /home/airflow/.local/lib/python3.12/site-packages/airflow/example_dags/example_xcomargs.py
[2025-12-14T16:50:45.214+0000] {processor.py:840} INFO - DAG(s) 'example_xcom_args_with_operators', 'example_xcom_args' retrieved from /home/airflow/.local/lib/python3.12/site-packages/airflow/example_dags/example_xcomargs.py
[2025-12-14T16:50:45.265+0000] {logging_mixin.py:188} INFO - [2025-12-14T16:50:45.265+0000] {dag.py:3096} INFO - Sync 2 DAGs
[2025-12-14T16:50:45.294+0000] {logging_mixin.py:188} INFO - [2025-12-14T16:50:45.293+0000] {dag.py:3954} INFO - Setting next_dagrun for example_xcom_args to None, run_after=None
[2025-12-14T16:50:45.302+0000] {logging_mixin.py:188} INFO - [2025-12-14T16:50:45.301+0000] {dag.py:3954} INFO - Setting next_dagrun for example_xcom_args_with_operators to None, run_after=None
[2025-12-14T16:50:45.347+0000] {processor.py:183} INFO - Processing /home/airflow/.local/lib/python3.12/site-packages/airflow/example_dags/example_xcomargs.py took 0.176 seconds
[2025-12-14T16:51:16.088+0000] {processor.py:161} INFO - Started process (PID=340) to work on /home/airflow/.local/lib/python3.12/site-packages/airflow/example_dags/example_xcomargs.py
[2025-12-14T16:51:16.089+0000] {processor.py:830} INFO - Processing file /home/airflow/.local/lib/python3.12/site-packages/airflow/example_dags/example_xcomargs.py for tasks to queue
[2025-12-14T16:51:16.092+0000] {logging_mixin.py:188} INFO - [2025-12-14T16:51:16.091+0000] {dagbag.py:540} INFO - Filling up the DagBag from /home/airflow/.local/lib/python3.12/site-packages/airflow/example_dags/example_xcomargs.py
[2025-12-14T16:51:16.103+0000] {processor.py:840} INFO - DAG(s) 'example_xcom_args', 'example_xcom_args_with_operators' retrieved from /home/airflow/.local/lib/python3.12/site-packages/airflow/example_dags/example_xcomargs.py
[2025-12-14T16:51:16.130+0000] {logging_mixin.py:188} INFO - [2025-12-14T16:51:16.130+0000] {dag.py:3096} INFO - Sync 2 DAGs
[2025-12-14T16:51:16.145+0000] {logging_mixin.py:188} INFO - [2025-12-14T16:51:16.145+0000] {dag.py:3954} INFO - Setting next_dagrun for example_xcom_args to None, run_after=None
[2025-12-14T16:51:16.151+0000] {logging_mixin.py:188} INFO - [2025-12-14T16:51:16.150+0000] {dag.py:3954} INFO - Setting next_dagrun for example_xcom_args_with_operators to None, run_after=None
[2025-12-14T16:51:16.178+0000] {processor.py:183} INFO - Processing /home/airflow/.local/lib/python3.12/site-packages/airflow/example_dags/example_xcomargs.py took 0.097 seconds
[2025-12-14T16:51:47.108+0000] {processor.py:161} INFO - Started process (PID=398) to work on /home/airflow/.local/lib/python3.12/site-packages/airflow/example_dags/example_xcomargs.py
[2025-12-14T16:51:47.110+0000] {processor.py:830} INFO - Processing file /home/airflow/.local/lib/python3.12/site-packages/airflow/example_dags/example_xcomargs.py for tasks to queue
[2025-12-14T16:51:47.112+0000] {logging_mixin.py:188} INFO - [2025-12-14T16:51:47.112+0000] {dagbag.py:540} INFO - Filling up the DagBag from /home/airflow/.local/lib/python3.12/site-packages/airflow/example_dags/example_xcomargs.py
[2025-12-14T16:51:47.126+0000] {processor.py:840} INFO - DAG(s) 'example_xcom_args', 'example_xcom_args_with_operators' retrieved from /home/airflow/.local/lib/python3.12/site-packages/airflow/example_dags/example_xcomargs.py
[2025-12-14T16:51:47.163+0000] {logging_mixin.py:188} INFO - [2025-12-14T16:51:47.163+0000] {dag.py:3096} INFO - Sync 2 DAGs
[2025-12-14T16:51:47.223+0000] {logging_mixin.py:188} INFO - [2025-12-14T16:51:47.222+0000] {dag.py:3954} INFO - Setting next_dagrun for example_xcom_args to None, run_after=None
[2025-12-14T16:51:47.237+0000] {logging_mixin.py:188} INFO - [2025-12-14T16:51:47.237+0000] {dag.py:3954} INFO - Setting next_dagrun for example_xcom_args_with_operators to None, run_after=None
[2025-12-14T16:51:47.293+0000] {processor.py:183} INFO - Processing /home/airflow/.local/lib/python3.12/site-packages/airflow/example_dags/example_xcomargs.py took 0.194 seconds
[2025-12-14T16:52:17.933+0000] {processor.py:161} INFO - Started process (PID=456) to work on /home/airflow/.local/lib/python3.12/site-packages/airflow/example_dags/example_xcomargs.py
[2025-12-14T16:52:17.939+0000] {processor.py:830} INFO - Processing file /home/airflow/.local/lib/python3.12/site-packages/airflow/example_dags/example_xcomargs.py for tasks to queue
[2025-12-14T16:52:17.943+0000] {logging_mixin.py:188} INFO - [2025-12-14T16:52:17.942+0000] {dagbag.py:540} INFO - Filling up the DagBag from /home/airflow/.local/lib/python3.12/site-packages/airflow/example_dags/example_xcomargs.py
[2025-12-14T16:52:17.965+0000] {processor.py:840} INFO - DAG(s) 'example_xcom_args', 'example_xcom_args_with_operators' retrieved from /home/airflow/.local/lib/python3.12/site-packages/airflow/example_dags/example_xcomargs.py
[2025-12-14T16:52:18.018+0000] {logging_mixin.py:188} INFO - [2025-12-14T16:52:18.018+0000] {dag.py:3096} INFO - Sync 2 DAGs
[2025-12-14T16:52:18.045+0000] {logging_mixin.py:188} INFO - [2025-12-14T16:52:18.044+0000] {dag.py:3954} INFO - Setting next_dagrun for example_xcom_args to None, run_after=None
[2025-12-14T16:52:18.056+0000] {logging_mixin.py:188} INFO - [2025-12-14T16:52:18.055+0000] {dag.py:3954} INFO - Setting next_dagrun for example_xcom_args_with_operators to None, run_after=None
[2025-12-14T16:52:18.085+0000] {processor.py:183} INFO - Processing /home/airflow/.local/lib/python3.12/site-packages/airflow/example_dags/example_xcomargs.py took 0.173 seconds
[2025-12-14T16:55:10.196+0000] {processor.py:161} INFO - Started process (PID=147) to work on /home/airflow/.local/lib/python3.12/site-packages/airflow/example_dags/example_xcomargs.py
[2025-12-14T16:55:10.221+0000] {processor.py:830} INFO - Processing file /home/airflow/.local/lib/python3.12/site-packages/airflow/example_dags/example_xcomargs.py for tasks to queue
[2025-12-14T16:55:10.224+0000] {logging_mixin.py:188} INFO - [2025-12-14T16:55:10.223+0000] {dagbag.py:540} INFO - Filling up the DagBag from /home/airflow/.local/lib/python3.12/site-packages/airflow/example_dags/example_xcomargs.py
[2025-12-14T16:55:10.238+0000] {processor.py:840} INFO - DAG(s) 'example_xcom_args_with_operators', 'example_xcom_args' retrieved from /home/airflow/.local/lib/python3.12/site-packages/airflow/example_dags/example_xcomargs.py
[2025-12-14T16:55:10.392+0000] {logging_mixin.py:188} INFO - [2025-12-14T16:55:10.392+0000] {dag.py:3096} INFO - Sync 2 DAGs
[2025-12-14T16:55:10.407+0000] {logging_mixin.py:188} INFO - [2025-12-14T16:55:10.406+0000] {dag.py:3954} INFO - Setting next_dagrun for example_xcom_args to None, run_after=None
[2025-12-14T16:55:10.411+0000] {logging_mixin.py:188} INFO - [2025-12-14T16:55:10.411+0000] {dag.py:3954} INFO - Setting next_dagrun for example_xcom_args_with_operators to None, run_after=None
[2025-12-14T16:55:10.434+0000] {processor.py:183} INFO - Processing /home/airflow/.local/lib/python3.12/site-packages/airflow/example_dags/example_xcomargs.py took 0.246 seconds
[2025-12-14T16:55:40.596+0000] {processor.py:161} INFO - Started process (PID=219) to work on /home/airflow/.local/lib/python3.12/site-packages/airflow/example_dags/example_xcomargs.py
[2025-12-14T16:55:40.598+0000] {processor.py:830} INFO - Processing file /home/airflow/.local/lib/python3.12/site-packages/airflow/example_dags/example_xcomargs.py for tasks to queue
[2025-12-14T16:55:40.601+0000] {logging_mixin.py:188} INFO - [2025-12-14T16:55:40.600+0000] {dagbag.py:540} INFO - Filling up the DagBag from /home/airflow/.local/lib/python3.12/site-packages/airflow/example_dags/example_xcomargs.py
[2025-12-14T16:55:40.611+0000] {processor.py:840} INFO - DAG(s) 'example_xcom_args_with_operators', 'example_xcom_args' retrieved from /home/airflow/.local/lib/python3.12/site-packages/airflow/example_dags/example_xcomargs.py
[2025-12-14T16:55:40.641+0000] {logging_mixin.py:188} INFO - [2025-12-14T16:55:40.640+0000] {dag.py:3096} INFO - Sync 2 DAGs
[2025-12-14T16:55:40.656+0000] {logging_mixin.py:188} INFO - [2025-12-14T16:55:40.656+0000] {dag.py:3954} INFO - Setting next_dagrun for example_xcom_args to None, run_after=None
[2025-12-14T16:55:40.660+0000] {logging_mixin.py:188} INFO - [2025-12-14T16:55:40.660+0000] {dag.py:3954} INFO - Setting next_dagrun for example_xcom_args_with_operators to None, run_after=None
[2025-12-14T16:55:40.706+0000] {processor.py:183} INFO - Processing /home/airflow/.local/lib/python3.12/site-packages/airflow/example_dags/example_xcomargs.py took 0.117 seconds
[2025-12-14T16:56:11.363+0000] {processor.py:161} INFO - Started process (PID=290) to work on /home/airflow/.local/lib/python3.12/site-packages/airflow/example_dags/example_xcomargs.py
[2025-12-14T16:56:11.365+0000] {processor.py:830} INFO - Processing file /home/airflow/.local/lib/python3.12/site-packages/airflow/example_dags/example_xcomargs.py for tasks to queue
[2025-12-14T16:56:11.368+0000] {logging_mixin.py:188} INFO - [2025-12-14T16:56:11.367+0000] {dagbag.py:540} INFO - Filling up the DagBag from /home/airflow/.local/lib/python3.12/site-packages/airflow/example_dags/example_xcomargs.py
[2025-12-14T16:56:11.379+0000] {processor.py:840} INFO - DAG(s) 'example_xcom_args_with_operators', 'example_xcom_args' retrieved from /home/airflow/.local/lib/python3.12/site-packages/airflow/example_dags/example_xcomargs.py
[2025-12-14T16:56:11.408+0000] {logging_mixin.py:188} INFO - [2025-12-14T16:56:11.408+0000] {dag.py:3096} INFO - Sync 2 DAGs
[2025-12-14T16:56:11.426+0000] {logging_mixin.py:188} INFO - [2025-12-14T16:56:11.425+0000] {dag.py:3954} INFO - Setting next_dagrun for example_xcom_args to None, run_after=None
[2025-12-14T16:56:11.431+0000] {logging_mixin.py:188} INFO - [2025-12-14T16:56:11.431+0000] {dag.py:3954} INFO - Setting next_dagrun for example_xcom_args_with_operators to None, run_after=None
[2025-12-14T16:56:11.461+0000] {processor.py:183} INFO - Processing /home/airflow/.local/lib/python3.12/site-packages/airflow/example_dags/example_xcomargs.py took 0.106 seconds
[2025-12-14T16:56:42.572+0000] {processor.py:161} INFO - Started process (PID=351) to work on /home/airflow/.local/lib/python3.12/site-packages/airflow/example_dags/example_xcomargs.py
[2025-12-14T16:56:42.574+0000] {processor.py:830} INFO - Processing file /home/airflow/.local/lib/python3.12/site-packages/airflow/example_dags/example_xcomargs.py for tasks to queue
[2025-12-14T16:56:42.578+0000] {logging_mixin.py:188} INFO - [2025-12-14T16:56:42.577+0000] {dagbag.py:540} INFO - Filling up the DagBag from /home/airflow/.local/lib/python3.12/site-packages/airflow/example_dags/example_xcomargs.py
[2025-12-14T16:56:42.592+0000] {processor.py:840} INFO - DAG(s) 'example_xcom_args_with_operators', 'example_xcom_args' retrieved from /home/airflow/.local/lib/python3.12/site-packages/airflow/example_dags/example_xcomargs.py
[2025-12-14T16:56:42.635+0000] {logging_mixin.py:188} INFO - [2025-12-14T16:56:42.634+0000] {dag.py:3096} INFO - Sync 2 DAGs
[2025-12-14T16:56:42.659+0000] {logging_mixin.py:188} INFO - [2025-12-14T16:56:42.659+0000] {dag.py:3954} INFO - Setting next_dagrun for example_xcom_args to None, run_after=None
[2025-12-14T16:56:42.666+0000] {logging_mixin.py:188} INFO - [2025-12-14T16:56:42.666+0000] {dag.py:3954} INFO - Setting next_dagrun for example_xcom_args_with_operators to None, run_after=None
[2025-12-14T16:56:42.693+0000] {processor.py:183} INFO - Processing /home/airflow/.local/lib/python3.12/site-packages/airflow/example_dags/example_xcomargs.py took 0.132 seconds
[2025-12-14T16:57:13.347+0000] {processor.py:161} INFO - Started process (PID=420) to work on /home/airflow/.local/lib/python3.12/site-packages/airflow/example_dags/example_xcomargs.py
[2025-12-14T16:57:13.349+0000] {processor.py:830} INFO - Processing file /home/airflow/.local/lib/python3.12/site-packages/airflow/example_dags/example_xcomargs.py for tasks to queue
[2025-12-14T16:57:13.351+0000] {logging_mixin.py:188} INFO - [2025-12-14T16:57:13.351+0000] {dagbag.py:540} INFO - Filling up the DagBag from /home/airflow/.local/lib/python3.12/site-packages/airflow/example_dags/example_xcomargs.py
[2025-12-14T16:57:13.363+0000] {processor.py:840} INFO - DAG(s) 'example_xcom_args_with_operators', 'example_xcom_args' retrieved from /home/airflow/.local/lib/python3.12/site-packages/airflow/example_dags/example_xcomargs.py
[2025-12-14T16:57:13.391+0000] {logging_mixin.py:188} INFO - [2025-12-14T16:57:13.390+0000] {dag.py:3096} INFO - Sync 2 DAGs
[2025-12-14T16:57:13.405+0000] {logging_mixin.py:188} INFO - [2025-12-14T16:57:13.404+0000] {dag.py:3954} INFO - Setting next_dagrun for example_xcom_args to None, run_after=None
[2025-12-14T16:57:13.409+0000] {logging_mixin.py:188} INFO - [2025-12-14T16:57:13.409+0000] {dag.py:3954} INFO - Setting next_dagrun for example_xcom_args_with_operators to None, run_after=None
[2025-12-14T16:57:13.431+0000] {processor.py:183} INFO - Processing /home/airflow/.local/lib/python3.12/site-packages/airflow/example_dags/example_xcomargs.py took 0.090 seconds
[2025-12-14T16:58:34.324+0000] {processor.py:161} INFO - Started process (PID=96) to work on /home/airflow/.local/lib/python3.12/site-packages/airflow/example_dags/example_xcomargs.py
[2025-12-14T16:58:34.326+0000] {processor.py:830} INFO - Processing file /home/airflow/.local/lib/python3.12/site-packages/airflow/example_dags/example_xcomargs.py for tasks to queue
[2025-12-14T16:58:34.328+0000] {logging_mixin.py:188} INFO - [2025-12-14T16:58:34.328+0000] {dagbag.py:540} INFO - Filling up the DagBag from /home/airflow/.local/lib/python3.12/site-packages/airflow/example_dags/example_xcomargs.py
[2025-12-14T16:58:34.343+0000] {processor.py:840} INFO - DAG(s) 'example_xcom_args', 'example_xcom_args_with_operators' retrieved from /home/airflow/.local/lib/python3.12/site-packages/airflow/example_dags/example_xcomargs.py
[2025-12-14T16:58:34.490+0000] {logging_mixin.py:188} INFO - [2025-12-14T16:58:34.489+0000] {dag.py:3096} INFO - Sync 2 DAGs
[2025-12-14T16:58:34.508+0000] {logging_mixin.py:188} INFO - [2025-12-14T16:58:34.507+0000] {dag.py:3954} INFO - Setting next_dagrun for example_xcom_args to None, run_after=None
[2025-12-14T16:58:34.513+0000] {logging_mixin.py:188} INFO - [2025-12-14T16:58:34.513+0000] {dag.py:3954} INFO - Setting next_dagrun for example_xcom_args_with_operators to None, run_after=None
[2025-12-14T16:58:34.538+0000] {processor.py:183} INFO - Processing /home/airflow/.local/lib/python3.12/site-packages/airflow/example_dags/example_xcomargs.py took 0.221 seconds
[2025-12-14T16:59:04.589+0000] {processor.py:161} INFO - Started process (PID=156) to work on /home/airflow/.local/lib/python3.12/site-packages/airflow/example_dags/example_xcomargs.py
[2025-12-14T16:59:04.591+0000] {processor.py:830} INFO - Processing file /home/airflow/.local/lib/python3.12/site-packages/airflow/example_dags/example_xcomargs.py for tasks to queue
[2025-12-14T16:59:04.593+0000] {logging_mixin.py:188} INFO - [2025-12-14T16:59:04.592+0000] {dagbag.py:540} INFO - Filling up the DagBag from /home/airflow/.local/lib/python3.12/site-packages/airflow/example_dags/example_xcomargs.py
[2025-12-14T16:59:04.603+0000] {processor.py:840} INFO - DAG(s) 'example_xcom_args_with_operators', 'example_xcom_args' retrieved from /home/airflow/.local/lib/python3.12/site-packages/airflow/example_dags/example_xcomargs.py
[2025-12-14T16:59:04.635+0000] {logging_mixin.py:188} INFO - [2025-12-14T16:59:04.634+0000] {dag.py:3096} INFO - Sync 2 DAGs
[2025-12-14T16:59:04.651+0000] {logging_mixin.py:188} INFO - [2025-12-14T16:59:04.651+0000] {dag.py:3954} INFO - Setting next_dagrun for example_xcom_args to None, run_after=None
[2025-12-14T16:59:04.657+0000] {logging_mixin.py:188} INFO - [2025-12-14T16:59:04.656+0000] {dag.py:3954} INFO - Setting next_dagrun for example_xcom_args_with_operators to None, run_after=None
[2025-12-14T16:59:04.681+0000] {processor.py:183} INFO - Processing /home/airflow/.local/lib/python3.12/site-packages/airflow/example_dags/example_xcomargs.py took 0.099 seconds
[2025-12-14T16:59:35.748+0000] {processor.py:161} INFO - Started process (PID=216) to work on /home/airflow/.local/lib/python3.12/site-packages/airflow/example_dags/example_xcomargs.py
[2025-12-14T16:59:35.749+0000] {processor.py:830} INFO - Processing file /home/airflow/.local/lib/python3.12/site-packages/airflow/example_dags/example_xcomargs.py for tasks to queue
[2025-12-14T16:59:35.751+0000] {logging_mixin.py:188} INFO - [2025-12-14T16:59:35.750+0000] {dagbag.py:540} INFO - Filling up the DagBag from /home/airflow/.local/lib/python3.12/site-packages/airflow/example_dags/example_xcomargs.py
[2025-12-14T16:59:35.765+0000] {processor.py:840} INFO - DAG(s) 'example_xcom_args', 'example_xcom_args_with_operators' retrieved from /home/airflow/.local/lib/python3.12/site-packages/airflow/example_dags/example_xcomargs.py
[2025-12-14T16:59:35.797+0000] {logging_mixin.py:188} INFO - [2025-12-14T16:59:35.797+0000] {dag.py:3096} INFO - Sync 2 DAGs
[2025-12-14T16:59:35.814+0000] {logging_mixin.py:188} INFO - [2025-12-14T16:59:35.814+0000] {dag.py:3954} INFO - Setting next_dagrun for example_xcom_args to None, run_after=None
[2025-12-14T16:59:35.821+0000] {logging_mixin.py:188} INFO - [2025-12-14T16:59:35.820+0000] {dag.py:3954} INFO - Setting next_dagrun for example_xcom_args_with_operators to None, run_after=None
[2025-12-14T16:59:35.850+0000] {processor.py:183} INFO - Processing /home/airflow/.local/lib/python3.12/site-packages/airflow/example_dags/example_xcomargs.py took 0.115 seconds
[2025-12-14T17:00:06.629+0000] {processor.py:161} INFO - Started process (PID=276) to work on /home/airflow/.local/lib/python3.12/site-packages/airflow/example_dags/example_xcomargs.py
[2025-12-14T17:00:06.630+0000] {processor.py:830} INFO - Processing file /home/airflow/.local/lib/python3.12/site-packages/airflow/example_dags/example_xcomargs.py for tasks to queue
[2025-12-14T17:00:06.631+0000] {logging_mixin.py:188} INFO - [2025-12-14T17:00:06.631+0000] {dagbag.py:540} INFO - Filling up the DagBag from /home/airflow/.local/lib/python3.12/site-packages/airflow/example_dags/example_xcomargs.py
[2025-12-14T17:00:06.642+0000] {processor.py:840} INFO - DAG(s) 'example_xcom_args_with_operators', 'example_xcom_args' retrieved from /home/airflow/.local/lib/python3.12/site-packages/airflow/example_dags/example_xcomargs.py
[2025-12-14T17:00:06.670+0000] {logging_mixin.py:188} INFO - [2025-12-14T17:00:06.670+0000] {dag.py:3096} INFO - Sync 2 DAGs
[2025-12-14T17:00:06.684+0000] {logging_mixin.py:188} INFO - [2025-12-14T17:00:06.684+0000] {dag.py:3954} INFO - Setting next_dagrun for example_xcom_args to None, run_after=None
[2025-12-14T17:00:06.689+0000] {logging_mixin.py:188} INFO - [2025-12-14T17:00:06.688+0000] {dag.py:3954} INFO - Setting next_dagrun for example_xcom_args_with_operators to None, run_after=None
[2025-12-14T17:00:06.709+0000] {processor.py:183} INFO - Processing /home/airflow/.local/lib/python3.12/site-packages/airflow/example_dags/example_xcomargs.py took 0.088 seconds
[2025-12-14T17:00:38.089+0000] {processor.py:161} INFO - Started process (PID=336) to work on /home/airflow/.local/lib/python3.12/site-packages/airflow/example_dags/example_xcomargs.py
[2025-12-14T17:00:38.096+0000] {processor.py:830} INFO - Processing file /home/airflow/.local/lib/python3.12/site-packages/airflow/example_dags/example_xcomargs.py for tasks to queue
[2025-12-14T17:00:38.101+0000] {logging_mixin.py:188} INFO - [2025-12-14T17:00:38.100+0000] {dagbag.py:540} INFO - Filling up the DagBag from /home/airflow/.local/lib/python3.12/site-packages/airflow/example_dags/example_xcomargs.py
[2025-12-14T17:00:38.160+0000] {processor.py:840} INFO - DAG(s) 'example_xcom_args_with_operators', 'example_xcom_args' retrieved from /home/airflow/.local/lib/python3.12/site-packages/airflow/example_dags/example_xcomargs.py
[2025-12-14T17:00:38.310+0000] {logging_mixin.py:188} INFO - [2025-12-14T17:00:38.308+0000] {dag.py:3096} INFO - Sync 2 DAGs
[2025-12-14T17:00:38.431+0000] {logging_mixin.py:188} INFO - [2025-12-14T17:00:38.430+0000] {dag.py:3954} INFO - Setting next_dagrun for example_xcom_args to None, run_after=None
[2025-12-14T17:00:38.475+0000] {logging_mixin.py:188} INFO - [2025-12-14T17:00:38.474+0000] {dag.py:3954} INFO - Setting next_dagrun for example_xcom_args_with_operators to None, run_after=None
[2025-12-14T17:00:38.709+0000] {processor.py:183} INFO - Processing /home/airflow/.local/lib/python3.12/site-packages/airflow/example_dags/example_xcomargs.py took 0.668 seconds
[2025-12-14T17:02:52.626+0000] {processor.py:161} INFO - Started process (PID=134) to work on /home/airflow/.local/lib/python3.12/site-packages/airflow/example_dags/example_xcomargs.py
[2025-12-14T17:02:52.628+0000] {processor.py:830} INFO - Processing file /home/airflow/.local/lib/python3.12/site-packages/airflow/example_dags/example_xcomargs.py for tasks to queue
[2025-12-14T17:02:52.631+0000] {logging_mixin.py:188} INFO - [2025-12-14T17:02:52.630+0000] {dagbag.py:540} INFO - Filling up the DagBag from /home/airflow/.local/lib/python3.12/site-packages/airflow/example_dags/example_xcomargs.py
[2025-12-14T17:02:52.650+0000] {processor.py:840} INFO - DAG(s) 'example_xcom_args', 'example_xcom_args_with_operators' retrieved from /home/airflow/.local/lib/python3.12/site-packages/airflow/example_dags/example_xcomargs.py
[2025-12-14T17:02:52.934+0000] {logging_mixin.py:188} INFO - [2025-12-14T17:02:52.934+0000] {dag.py:3096} INFO - Sync 2 DAGs
[2025-12-14T17:02:52.966+0000] {logging_mixin.py:188} INFO - [2025-12-14T17:02:52.966+0000] {dag.py:3954} INFO - Setting next_dagrun for example_xcom_args to None, run_after=None
[2025-12-14T17:02:52.972+0000] {logging_mixin.py:188} INFO - [2025-12-14T17:02:52.972+0000] {dag.py:3954} INFO - Setting next_dagrun for example_xcom_args_with_operators to None, run_after=None
[2025-12-14T17:02:53.025+0000] {processor.py:183} INFO - Processing /home/airflow/.local/lib/python3.12/site-packages/airflow/example_dags/example_xcomargs.py took 0.408 seconds
[2025-12-14T17:03:23.571+0000] {processor.py:161} INFO - Started process (PID=205) to work on /home/airflow/.local/lib/python3.12/site-packages/airflow/example_dags/example_xcomargs.py
[2025-12-14T17:03:23.573+0000] {processor.py:830} INFO - Processing file /home/airflow/.local/lib/python3.12/site-packages/airflow/example_dags/example_xcomargs.py for tasks to queue
[2025-12-14T17:03:23.578+0000] {logging_mixin.py:188} INFO - [2025-12-14T17:03:23.577+0000] {dagbag.py:540} INFO - Filling up the DagBag from /home/airflow/.local/lib/python3.12/site-packages/airflow/example_dags/example_xcomargs.py
[2025-12-14T17:03:23.597+0000] {processor.py:840} INFO - DAG(s) 'example_xcom_args', 'example_xcom_args_with_operators' retrieved from /home/airflow/.local/lib/python3.12/site-packages/airflow/example_dags/example_xcomargs.py
[2025-12-14T17:03:23.650+0000] {logging_mixin.py:188} INFO - [2025-12-14T17:03:23.649+0000] {dag.py:3096} INFO - Sync 2 DAGs
[2025-12-14T17:03:23.680+0000] {logging_mixin.py:188} INFO - [2025-12-14T17:03:23.680+0000] {dag.py:3954} INFO - Setting next_dagrun for example_xcom_args to None, run_after=None
[2025-12-14T17:03:23.686+0000] {logging_mixin.py:188} INFO - [2025-12-14T17:03:23.685+0000] {dag.py:3954} INFO - Setting next_dagrun for example_xcom_args_with_operators to None, run_after=None
[2025-12-14T17:03:23.729+0000] {processor.py:183} INFO - Processing /home/airflow/.local/lib/python3.12/site-packages/airflow/example_dags/example_xcomargs.py took 0.171 seconds
[2025-12-14T17:03:54.407+0000] {processor.py:161} INFO - Started process (PID=276) to work on /home/airflow/.local/lib/python3.12/site-packages/airflow/example_dags/example_xcomargs.py
[2025-12-14T17:03:54.409+0000] {processor.py:830} INFO - Processing file /home/airflow/.local/lib/python3.12/site-packages/airflow/example_dags/example_xcomargs.py for tasks to queue
[2025-12-14T17:03:54.411+0000] {logging_mixin.py:188} INFO - [2025-12-14T17:03:54.411+0000] {dagbag.py:540} INFO - Filling up the DagBag from /home/airflow/.local/lib/python3.12/site-packages/airflow/example_dags/example_xcomargs.py
[2025-12-14T17:03:54.421+0000] {processor.py:840} INFO - DAG(s) 'example_xcom_args', 'example_xcom_args_with_operators' retrieved from /home/airflow/.local/lib/python3.12/site-packages/airflow/example_dags/example_xcomargs.py
[2025-12-14T17:03:54.448+0000] {logging_mixin.py:188} INFO - [2025-12-14T17:03:54.447+0000] {dag.py:3096} INFO - Sync 2 DAGs
[2025-12-14T17:03:54.462+0000] {logging_mixin.py:188} INFO - [2025-12-14T17:03:54.462+0000] {dag.py:3954} INFO - Setting next_dagrun for example_xcom_args to None, run_after=None
[2025-12-14T17:03:54.468+0000] {logging_mixin.py:188} INFO - [2025-12-14T17:03:54.468+0000] {dag.py:3954} INFO - Setting next_dagrun for example_xcom_args_with_operators to None, run_after=None
[2025-12-14T17:03:54.489+0000] {processor.py:183} INFO - Processing /home/airflow/.local/lib/python3.12/site-packages/airflow/example_dags/example_xcomargs.py took 0.091 seconds
[2025-12-14T17:04:25.117+0000] {processor.py:161} INFO - Started process (PID=347) to work on /home/airflow/.local/lib/python3.12/site-packages/airflow/example_dags/example_xcomargs.py
[2025-12-14T17:04:25.119+0000] {processor.py:830} INFO - Processing file /home/airflow/.local/lib/python3.12/site-packages/airflow/example_dags/example_xcomargs.py for tasks to queue
[2025-12-14T17:04:25.121+0000] {logging_mixin.py:188} INFO - [2025-12-14T17:04:25.121+0000] {dagbag.py:540} INFO - Filling up the DagBag from /home/airflow/.local/lib/python3.12/site-packages/airflow/example_dags/example_xcomargs.py
[2025-12-14T17:04:25.133+0000] {processor.py:840} INFO - DAG(s) 'example_xcom_args_with_operators', 'example_xcom_args' retrieved from /home/airflow/.local/lib/python3.12/site-packages/airflow/example_dags/example_xcomargs.py
[2025-12-14T17:04:25.165+0000] {logging_mixin.py:188} INFO - [2025-12-14T17:04:25.165+0000] {dag.py:3096} INFO - Sync 2 DAGs
[2025-12-14T17:04:25.186+0000] {logging_mixin.py:188} INFO - [2025-12-14T17:04:25.186+0000] {dag.py:3954} INFO - Setting next_dagrun for example_xcom_args to None, run_after=None
[2025-12-14T17:04:25.191+0000] {logging_mixin.py:188} INFO - [2025-12-14T17:04:25.191+0000] {dag.py:3954} INFO - Setting next_dagrun for example_xcom_args_with_operators to None, run_after=None
[2025-12-14T17:04:25.216+0000] {processor.py:183} INFO - Processing /home/airflow/.local/lib/python3.12/site-packages/airflow/example_dags/example_xcomargs.py took 0.106 seconds
[2025-12-14T17:07:17.355+0000] {processor.py:161} INFO - Started process (PID=125) to work on /home/airflow/.local/lib/python3.12/site-packages/airflow/example_dags/example_xcomargs.py
[2025-12-14T17:07:17.358+0000] {processor.py:830} INFO - Processing file /home/airflow/.local/lib/python3.12/site-packages/airflow/example_dags/example_xcomargs.py for tasks to queue
[2025-12-14T17:07:17.363+0000] {logging_mixin.py:188} INFO - [2025-12-14T17:07:17.362+0000] {dagbag.py:540} INFO - Filling up the DagBag from /home/airflow/.local/lib/python3.12/site-packages/airflow/example_dags/example_xcomargs.py
[2025-12-14T17:07:17.385+0000] {processor.py:840} INFO - DAG(s) 'example_xcom_args', 'example_xcom_args_with_operators' retrieved from /home/airflow/.local/lib/python3.12/site-packages/airflow/example_dags/example_xcomargs.py
[2025-12-14T17:07:17.568+0000] {logging_mixin.py:188} INFO - [2025-12-14T17:07:17.568+0000] {dag.py:3096} INFO - Sync 2 DAGs
[2025-12-14T17:07:17.584+0000] {logging_mixin.py:188} INFO - [2025-12-14T17:07:17.583+0000] {dag.py:3954} INFO - Setting next_dagrun for example_xcom_args to None, run_after=None
[2025-12-14T17:07:17.592+0000] {logging_mixin.py:188} INFO - [2025-12-14T17:07:17.592+0000] {dag.py:3954} INFO - Setting next_dagrun for example_xcom_args_with_operators to None, run_after=None
[2025-12-14T17:07:17.618+0000] {processor.py:183} INFO - Processing /home/airflow/.local/lib/python3.12/site-packages/airflow/example_dags/example_xcomargs.py took 0.274 seconds
[2025-12-14T17:07:48.398+0000] {processor.py:161} INFO - Started process (PID=196) to work on /home/airflow/.local/lib/python3.12/site-packages/airflow/example_dags/example_xcomargs.py
[2025-12-14T17:07:48.400+0000] {processor.py:830} INFO - Processing file /home/airflow/.local/lib/python3.12/site-packages/airflow/example_dags/example_xcomargs.py for tasks to queue
[2025-12-14T17:07:48.403+0000] {logging_mixin.py:188} INFO - [2025-12-14T17:07:48.403+0000] {dagbag.py:540} INFO - Filling up the DagBag from /home/airflow/.local/lib/python3.12/site-packages/airflow/example_dags/example_xcomargs.py
[2025-12-14T17:07:48.413+0000] {processor.py:840} INFO - DAG(s) 'example_xcom_args_with_operators', 'example_xcom_args' retrieved from /home/airflow/.local/lib/python3.12/site-packages/airflow/example_dags/example_xcomargs.py
[2025-12-14T17:07:48.440+0000] {logging_mixin.py:188} INFO - [2025-12-14T17:07:48.440+0000] {dag.py:3096} INFO - Sync 2 DAGs
[2025-12-14T17:07:48.460+0000] {logging_mixin.py:188} INFO - [2025-12-14T17:07:48.460+0000] {dag.py:3954} INFO - Setting next_dagrun for example_xcom_args to None, run_after=None
[2025-12-14T17:07:48.466+0000] {logging_mixin.py:188} INFO - [2025-12-14T17:07:48.466+0000] {dag.py:3954} INFO - Setting next_dagrun for example_xcom_args_with_operators to None, run_after=None
[2025-12-14T17:07:48.491+0000] {processor.py:183} INFO - Processing /home/airflow/.local/lib/python3.12/site-packages/airflow/example_dags/example_xcomargs.py took 0.100 seconds
[2025-12-14T17:08:20.152+0000] {processor.py:161} INFO - Started process (PID=267) to work on /home/airflow/.local/lib/python3.12/site-packages/airflow/example_dags/example_xcomargs.py
[2025-12-14T17:08:20.154+0000] {processor.py:830} INFO - Processing file /home/airflow/.local/lib/python3.12/site-packages/airflow/example_dags/example_xcomargs.py for tasks to queue
[2025-12-14T17:08:20.158+0000] {logging_mixin.py:188} INFO - [2025-12-14T17:08:20.158+0000] {dagbag.py:540} INFO - Filling up the DagBag from /home/airflow/.local/lib/python3.12/site-packages/airflow/example_dags/example_xcomargs.py
[2025-12-14T17:08:20.171+0000] {processor.py:840} INFO - DAG(s) 'example_xcom_args_with_operators', 'example_xcom_args' retrieved from /home/airflow/.local/lib/python3.12/site-packages/airflow/example_dags/example_xcomargs.py
[2025-12-14T17:08:20.206+0000] {logging_mixin.py:188} INFO - [2025-12-14T17:08:20.206+0000] {dag.py:3096} INFO - Sync 2 DAGs
[2025-12-14T17:08:20.223+0000] {logging_mixin.py:188} INFO - [2025-12-14T17:08:20.223+0000] {dag.py:3954} INFO - Setting next_dagrun for example_xcom_args to None, run_after=None
[2025-12-14T17:08:20.228+0000] {logging_mixin.py:188} INFO - [2025-12-14T17:08:20.228+0000] {dag.py:3954} INFO - Setting next_dagrun for example_xcom_args_with_operators to None, run_after=None
[2025-12-14T17:08:20.251+0000] {processor.py:183} INFO - Processing /home/airflow/.local/lib/python3.12/site-packages/airflow/example_dags/example_xcomargs.py took 0.108 seconds
[2025-12-14T17:08:50.807+0000] {processor.py:161} INFO - Started process (PID=328) to work on /home/airflow/.local/lib/python3.12/site-packages/airflow/example_dags/example_xcomargs.py
[2025-12-14T17:08:50.816+0000] {processor.py:830} INFO - Processing file /home/airflow/.local/lib/python3.12/site-packages/airflow/example_dags/example_xcomargs.py for tasks to queue
[2025-12-14T17:08:50.834+0000] {logging_mixin.py:188} INFO - [2025-12-14T17:08:50.831+0000] {dagbag.py:540} INFO - Filling up the DagBag from /home/airflow/.local/lib/python3.12/site-packages/airflow/example_dags/example_xcomargs.py
[2025-12-14T17:08:50.896+0000] {processor.py:840} INFO - DAG(s) 'example_xcom_args_with_operators', 'example_xcom_args' retrieved from /home/airflow/.local/lib/python3.12/site-packages/airflow/example_dags/example_xcomargs.py
[2025-12-14T17:08:51.051+0000] {logging_mixin.py:188} INFO - [2025-12-14T17:08:51.050+0000] {dag.py:3096} INFO - Sync 2 DAGs
[2025-12-14T17:08:51.140+0000] {logging_mixin.py:188} INFO - [2025-12-14T17:08:51.139+0000] {dag.py:3954} INFO - Setting next_dagrun for example_xcom_args to None, run_after=None
[2025-12-14T17:08:51.161+0000] {logging_mixin.py:188} INFO - [2025-12-14T17:08:51.160+0000] {dag.py:3954} INFO - Setting next_dagrun for example_xcom_args_with_operators to None, run_after=None
[2025-12-14T17:08:51.254+0000] {processor.py:183} INFO - Processing /home/airflow/.local/lib/python3.12/site-packages/airflow/example_dags/example_xcomargs.py took 0.498 seconds
[2025-12-14T17:09:21.448+0000] {processor.py:161} INFO - Started process (PID=397) to work on /home/airflow/.local/lib/python3.12/site-packages/airflow/example_dags/example_xcomargs.py
[2025-12-14T17:09:21.450+0000] {processor.py:830} INFO - Processing file /home/airflow/.local/lib/python3.12/site-packages/airflow/example_dags/example_xcomargs.py for tasks to queue
[2025-12-14T17:09:21.453+0000] {logging_mixin.py:188} INFO - [2025-12-14T17:09:21.452+0000] {dagbag.py:540} INFO - Filling up the DagBag from /home/airflow/.local/lib/python3.12/site-packages/airflow/example_dags/example_xcomargs.py
[2025-12-14T17:09:21.463+0000] {processor.py:840} INFO - DAG(s) 'example_xcom_args_with_operators', 'example_xcom_args' retrieved from /home/airflow/.local/lib/python3.12/site-packages/airflow/example_dags/example_xcomargs.py
[2025-12-14T17:09:21.491+0000] {logging_mixin.py:188} INFO - [2025-12-14T17:09:21.491+0000] {dag.py:3096} INFO - Sync 2 DAGs
[2025-12-14T17:09:21.506+0000] {logging_mixin.py:188} INFO - [2025-12-14T17:09:21.506+0000] {dag.py:3954} INFO - Setting next_dagrun for example_xcom_args to None, run_after=None
[2025-12-14T17:09:21.510+0000] {logging_mixin.py:188} INFO - [2025-12-14T17:09:21.510+0000] {dag.py:3954} INFO - Setting next_dagrun for example_xcom_args_with_operators to None, run_after=None
[2025-12-14T17:09:21.534+0000] {processor.py:183} INFO - Processing /home/airflow/.local/lib/python3.12/site-packages/airflow/example_dags/example_xcomargs.py took 0.093 seconds
[2025-12-14T17:09:51.913+0000] {processor.py:161} INFO - Started process (PID=468) to work on /home/airflow/.local/lib/python3.12/site-packages/airflow/example_dags/example_xcomargs.py
[2025-12-14T17:09:51.914+0000] {processor.py:830} INFO - Processing file /home/airflow/.local/lib/python3.12/site-packages/airflow/example_dags/example_xcomargs.py for tasks to queue
[2025-12-14T17:09:51.917+0000] {logging_mixin.py:188} INFO - [2025-12-14T17:09:51.916+0000] {dagbag.py:540} INFO - Filling up the DagBag from /home/airflow/.local/lib/python3.12/site-packages/airflow/example_dags/example_xcomargs.py
[2025-12-14T17:09:51.927+0000] {processor.py:840} INFO - DAG(s) 'example_xcom_args', 'example_xcom_args_with_operators' retrieved from /home/airflow/.local/lib/python3.12/site-packages/airflow/example_dags/example_xcomargs.py
[2025-12-14T17:09:51.953+0000] {logging_mixin.py:188} INFO - [2025-12-14T17:09:51.953+0000] {dag.py:3096} INFO - Sync 2 DAGs
[2025-12-14T17:09:51.968+0000] {logging_mixin.py:188} INFO - [2025-12-14T17:09:51.968+0000] {dag.py:3954} INFO - Setting next_dagrun for example_xcom_args to None, run_after=None
[2025-12-14T17:09:51.973+0000] {logging_mixin.py:188} INFO - [2025-12-14T17:09:51.973+0000] {dag.py:3954} INFO - Setting next_dagrun for example_xcom_args_with_operators to None, run_after=None
[2025-12-14T17:09:51.996+0000] {processor.py:183} INFO - Processing /home/airflow/.local/lib/python3.12/site-packages/airflow/example_dags/example_xcomargs.py took 0.089 seconds
[2025-12-14T17:10:22.512+0000] {processor.py:161} INFO - Started process (PID=552) to work on /home/airflow/.local/lib/python3.12/site-packages/airflow/example_dags/example_xcomargs.py
[2025-12-14T17:10:22.513+0000] {processor.py:830} INFO - Processing file /home/airflow/.local/lib/python3.12/site-packages/airflow/example_dags/example_xcomargs.py for tasks to queue
[2025-12-14T17:10:22.516+0000] {logging_mixin.py:188} INFO - [2025-12-14T17:10:22.516+0000] {dagbag.py:540} INFO - Filling up the DagBag from /home/airflow/.local/lib/python3.12/site-packages/airflow/example_dags/example_xcomargs.py
[2025-12-14T17:10:22.531+0000] {processor.py:840} INFO - DAG(s) 'example_xcom_args_with_operators', 'example_xcom_args' retrieved from /home/airflow/.local/lib/python3.12/site-packages/airflow/example_dags/example_xcomargs.py
[2025-12-14T17:10:22.569+0000] {logging_mixin.py:188} INFO - [2025-12-14T17:10:22.568+0000] {dag.py:3096} INFO - Sync 2 DAGs
[2025-12-14T17:10:22.592+0000] {logging_mixin.py:188} INFO - [2025-12-14T17:10:22.592+0000] {dag.py:3954} INFO - Setting next_dagrun for example_xcom_args to None, run_after=None
[2025-12-14T17:10:22.600+0000] {logging_mixin.py:188} INFO - [2025-12-14T17:10:22.600+0000] {dag.py:3954} INFO - Setting next_dagrun for example_xcom_args_with_operators to None, run_after=None
[2025-12-14T17:10:22.628+0000] {processor.py:183} INFO - Processing /home/airflow/.local/lib/python3.12/site-packages/airflow/example_dags/example_xcomargs.py took 0.124 seconds
[2025-12-14T17:10:52.771+0000] {processor.py:161} INFO - Started process (PID=623) to work on /home/airflow/.local/lib/python3.12/site-packages/airflow/example_dags/example_xcomargs.py
[2025-12-14T17:10:52.772+0000] {processor.py:830} INFO - Processing file /home/airflow/.local/lib/python3.12/site-packages/airflow/example_dags/example_xcomargs.py for tasks to queue
[2025-12-14T17:10:52.774+0000] {logging_mixin.py:188} INFO - [2025-12-14T17:10:52.774+0000] {dagbag.py:540} INFO - Filling up the DagBag from /home/airflow/.local/lib/python3.12/site-packages/airflow/example_dags/example_xcomargs.py
[2025-12-14T17:10:52.784+0000] {processor.py:840} INFO - DAG(s) 'example_xcom_args', 'example_xcom_args_with_operators' retrieved from /home/airflow/.local/lib/python3.12/site-packages/airflow/example_dags/example_xcomargs.py
[2025-12-14T17:10:52.810+0000] {logging_mixin.py:188} INFO - [2025-12-14T17:10:52.810+0000] {dag.py:3096} INFO - Sync 2 DAGs
[2025-12-14T17:10:52.824+0000] {logging_mixin.py:188} INFO - [2025-12-14T17:10:52.824+0000] {dag.py:3954} INFO - Setting next_dagrun for example_xcom_args to None, run_after=None
[2025-12-14T17:10:52.829+0000] {logging_mixin.py:188} INFO - [2025-12-14T17:10:52.828+0000] {dag.py:3954} INFO - Setting next_dagrun for example_xcom_args_with_operators to None, run_after=None
[2025-12-14T17:10:52.850+0000] {processor.py:183} INFO - Processing /home/airflow/.local/lib/python3.12/site-packages/airflow/example_dags/example_xcomargs.py took 0.086 seconds
[2025-12-14T17:11:23.317+0000] {processor.py:161} INFO - Started process (PID=694) to work on /home/airflow/.local/lib/python3.12/site-packages/airflow/example_dags/example_xcomargs.py
[2025-12-14T17:11:23.319+0000] {processor.py:830} INFO - Processing file /home/airflow/.local/lib/python3.12/site-packages/airflow/example_dags/example_xcomargs.py for tasks to queue
[2025-12-14T17:11:23.321+0000] {logging_mixin.py:188} INFO - [2025-12-14T17:11:23.321+0000] {dagbag.py:540} INFO - Filling up the DagBag from /home/airflow/.local/lib/python3.12/site-packages/airflow/example_dags/example_xcomargs.py
[2025-12-14T17:11:23.331+0000] {processor.py:840} INFO - DAG(s) 'example_xcom_args_with_operators', 'example_xcom_args' retrieved from /home/airflow/.local/lib/python3.12/site-packages/airflow/example_dags/example_xcomargs.py
[2025-12-14T17:11:23.357+0000] {logging_mixin.py:188} INFO - [2025-12-14T17:11:23.356+0000] {dag.py:3096} INFO - Sync 2 DAGs
[2025-12-14T17:11:23.371+0000] {logging_mixin.py:188} INFO - [2025-12-14T17:11:23.370+0000] {dag.py:3954} INFO - Setting next_dagrun for example_xcom_args to None, run_after=None
[2025-12-14T17:11:23.375+0000] {logging_mixin.py:188} INFO - [2025-12-14T17:11:23.375+0000] {dag.py:3954} INFO - Setting next_dagrun for example_xcom_args_with_operators to None, run_after=None
[2025-12-14T17:11:23.398+0000] {processor.py:183} INFO - Processing /home/airflow/.local/lib/python3.12/site-packages/airflow/example_dags/example_xcomargs.py took 0.087 seconds
[2025-12-14T17:11:53.639+0000] {processor.py:161} INFO - Started process (PID=765) to work on /home/airflow/.local/lib/python3.12/site-packages/airflow/example_dags/example_xcomargs.py
[2025-12-14T17:11:53.640+0000] {processor.py:830} INFO - Processing file /home/airflow/.local/lib/python3.12/site-packages/airflow/example_dags/example_xcomargs.py for tasks to queue
[2025-12-14T17:11:53.642+0000] {logging_mixin.py:188} INFO - [2025-12-14T17:11:53.642+0000] {dagbag.py:540} INFO - Filling up the DagBag from /home/airflow/.local/lib/python3.12/site-packages/airflow/example_dags/example_xcomargs.py
[2025-12-14T17:11:53.655+0000] {processor.py:840} INFO - DAG(s) 'example_xcom_args_with_operators', 'example_xcom_args' retrieved from /home/airflow/.local/lib/python3.12/site-packages/airflow/example_dags/example_xcomargs.py
[2025-12-14T17:11:53.686+0000] {logging_mixin.py:188} INFO - [2025-12-14T17:11:53.685+0000] {dag.py:3096} INFO - Sync 2 DAGs
[2025-12-14T17:11:53.702+0000] {logging_mixin.py:188} INFO - [2025-12-14T17:11:53.702+0000] {dag.py:3954} INFO - Setting next_dagrun for example_xcom_args to None, run_after=None
[2025-12-14T17:11:53.707+0000] {logging_mixin.py:188} INFO - [2025-12-14T17:11:53.706+0000] {dag.py:3954} INFO - Setting next_dagrun for example_xcom_args_with_operators to None, run_after=None
[2025-12-14T17:11:53.730+0000] {processor.py:183} INFO - Processing /home/airflow/.local/lib/python3.12/site-packages/airflow/example_dags/example_xcomargs.py took 0.098 seconds
[2025-12-14T17:12:23.937+0000] {processor.py:161} INFO - Started process (PID=836) to work on /home/airflow/.local/lib/python3.12/site-packages/airflow/example_dags/example_xcomargs.py
[2025-12-14T17:12:23.938+0000] {processor.py:830} INFO - Processing file /home/airflow/.local/lib/python3.12/site-packages/airflow/example_dags/example_xcomargs.py for tasks to queue
[2025-12-14T17:12:23.941+0000] {logging_mixin.py:188} INFO - [2025-12-14T17:12:23.941+0000] {dagbag.py:540} INFO - Filling up the DagBag from /home/airflow/.local/lib/python3.12/site-packages/airflow/example_dags/example_xcomargs.py
[2025-12-14T17:12:23.951+0000] {processor.py:840} INFO - DAG(s) 'example_xcom_args', 'example_xcom_args_with_operators' retrieved from /home/airflow/.local/lib/python3.12/site-packages/airflow/example_dags/example_xcomargs.py
[2025-12-14T17:12:23.978+0000] {logging_mixin.py:188} INFO - [2025-12-14T17:12:23.978+0000] {dag.py:3096} INFO - Sync 2 DAGs
[2025-12-14T17:12:23.992+0000] {logging_mixin.py:188} INFO - [2025-12-14T17:12:23.991+0000] {dag.py:3954} INFO - Setting next_dagrun for example_xcom_args to None, run_after=None
[2025-12-14T17:12:23.996+0000] {logging_mixin.py:188} INFO - [2025-12-14T17:12:23.996+0000] {dag.py:3954} INFO - Setting next_dagrun for example_xcom_args_with_operators to None, run_after=None
[2025-12-14T17:12:24.018+0000] {processor.py:183} INFO - Processing /home/airflow/.local/lib/python3.12/site-packages/airflow/example_dags/example_xcomargs.py took 0.087 seconds
[2025-12-14T17:12:54.630+0000] {processor.py:161} INFO - Started process (PID=908) to work on /home/airflow/.local/lib/python3.12/site-packages/airflow/example_dags/example_xcomargs.py
[2025-12-14T17:12:54.632+0000] {processor.py:830} INFO - Processing file /home/airflow/.local/lib/python3.12/site-packages/airflow/example_dags/example_xcomargs.py for tasks to queue
[2025-12-14T17:12:54.636+0000] {logging_mixin.py:188} INFO - [2025-12-14T17:12:54.635+0000] {dagbag.py:540} INFO - Filling up the DagBag from /home/airflow/.local/lib/python3.12/site-packages/airflow/example_dags/example_xcomargs.py
[2025-12-14T17:12:54.646+0000] {processor.py:840} INFO - DAG(s) 'example_xcom_args_with_operators', 'example_xcom_args' retrieved from /home/airflow/.local/lib/python3.12/site-packages/airflow/example_dags/example_xcomargs.py
[2025-12-14T17:12:54.678+0000] {logging_mixin.py:188} INFO - [2025-12-14T17:12:54.678+0000] {dag.py:3096} INFO - Sync 2 DAGs
[2025-12-14T17:12:54.695+0000] {logging_mixin.py:188} INFO - [2025-12-14T17:12:54.695+0000] {dag.py:3954} INFO - Setting next_dagrun for example_xcom_args to None, run_after=None
[2025-12-14T17:12:54.702+0000] {logging_mixin.py:188} INFO - [2025-12-14T17:12:54.702+0000] {dag.py:3954} INFO - Setting next_dagrun for example_xcom_args_with_operators to None, run_after=None
[2025-12-14T17:12:54.727+0000] {processor.py:183} INFO - Processing /home/airflow/.local/lib/python3.12/site-packages/airflow/example_dags/example_xcomargs.py took 0.104 seconds
[2025-12-14T17:13:24.817+0000] {processor.py:161} INFO - Started process (PID=979) to work on /home/airflow/.local/lib/python3.12/site-packages/airflow/example_dags/example_xcomargs.py
[2025-12-14T17:13:24.818+0000] {processor.py:830} INFO - Processing file /home/airflow/.local/lib/python3.12/site-packages/airflow/example_dags/example_xcomargs.py for tasks to queue
[2025-12-14T17:13:24.823+0000] {logging_mixin.py:188} INFO - [2025-12-14T17:13:24.822+0000] {dagbag.py:540} INFO - Filling up the DagBag from /home/airflow/.local/lib/python3.12/site-packages/airflow/example_dags/example_xcomargs.py
[2025-12-14T17:13:24.836+0000] {processor.py:840} INFO - DAG(s) 'example_xcom_args_with_operators', 'example_xcom_args' retrieved from /home/airflow/.local/lib/python3.12/site-packages/airflow/example_dags/example_xcomargs.py
[2025-12-14T17:13:24.871+0000] {logging_mixin.py:188} INFO - [2025-12-14T17:13:24.871+0000] {dag.py:3096} INFO - Sync 2 DAGs
[2025-12-14T17:13:24.889+0000] {logging_mixin.py:188} INFO - [2025-12-14T17:13:24.888+0000] {dag.py:3954} INFO - Setting next_dagrun for example_xcom_args to None, run_after=None
[2025-12-14T17:13:24.893+0000] {logging_mixin.py:188} INFO - [2025-12-14T17:13:24.893+0000] {dag.py:3954} INFO - Setting next_dagrun for example_xcom_args_with_operators to None, run_after=None
[2025-12-14T17:13:24.917+0000] {processor.py:183} INFO - Processing /home/airflow/.local/lib/python3.12/site-packages/airflow/example_dags/example_xcomargs.py took 0.107 seconds
[2025-12-14T17:13:55.104+0000] {processor.py:161} INFO - Started process (PID=1050) to work on /home/airflow/.local/lib/python3.12/site-packages/airflow/example_dags/example_xcomargs.py
[2025-12-14T17:13:55.106+0000] {processor.py:830} INFO - Processing file /home/airflow/.local/lib/python3.12/site-packages/airflow/example_dags/example_xcomargs.py for tasks to queue
[2025-12-14T17:13:55.108+0000] {logging_mixin.py:188} INFO - [2025-12-14T17:13:55.108+0000] {dagbag.py:540} INFO - Filling up the DagBag from /home/airflow/.local/lib/python3.12/site-packages/airflow/example_dags/example_xcomargs.py
[2025-12-14T17:13:55.119+0000] {processor.py:840} INFO - DAG(s) 'example_xcom_args', 'example_xcom_args_with_operators' retrieved from /home/airflow/.local/lib/python3.12/site-packages/airflow/example_dags/example_xcomargs.py
[2025-12-14T17:13:55.151+0000] {logging_mixin.py:188} INFO - [2025-12-14T17:13:55.151+0000] {dag.py:3096} INFO - Sync 2 DAGs
[2025-12-14T17:13:55.166+0000] {logging_mixin.py:188} INFO - [2025-12-14T17:13:55.166+0000] {dag.py:3954} INFO - Setting next_dagrun for example_xcom_args to None, run_after=None
[2025-12-14T17:13:55.171+0000] {logging_mixin.py:188} INFO - [2025-12-14T17:13:55.171+0000] {dag.py:3954} INFO - Setting next_dagrun for example_xcom_args_with_operators to None, run_after=None
[2025-12-14T17:13:55.193+0000] {processor.py:183} INFO - Processing /home/airflow/.local/lib/python3.12/site-packages/airflow/example_dags/example_xcomargs.py took 0.097 seconds
[2025-12-14T17:14:26.703+0000] {processor.py:161} INFO - Started process (PID=1122) to work on /home/airflow/.local/lib/python3.12/site-packages/airflow/example_dags/example_xcomargs.py
[2025-12-14T17:14:26.705+0000] {processor.py:830} INFO - Processing file /home/airflow/.local/lib/python3.12/site-packages/airflow/example_dags/example_xcomargs.py for tasks to queue
[2025-12-14T17:14:26.707+0000] {logging_mixin.py:188} INFO - [2025-12-14T17:14:26.707+0000] {dagbag.py:540} INFO - Filling up the DagBag from /home/airflow/.local/lib/python3.12/site-packages/airflow/example_dags/example_xcomargs.py
[2025-12-14T17:14:26.720+0000] {processor.py:840} INFO - DAG(s) 'example_xcom_args', 'example_xcom_args_with_operators' retrieved from /home/airflow/.local/lib/python3.12/site-packages/airflow/example_dags/example_xcomargs.py
[2025-12-14T17:14:26.757+0000] {logging_mixin.py:188} INFO - [2025-12-14T17:14:26.757+0000] {dag.py:3096} INFO - Sync 2 DAGs
[2025-12-14T17:14:26.787+0000] {logging_mixin.py:188} INFO - [2025-12-14T17:14:26.786+0000] {dag.py:3954} INFO - Setting next_dagrun for example_xcom_args to None, run_after=None
[2025-12-14T17:14:26.793+0000] {logging_mixin.py:188} INFO - [2025-12-14T17:14:26.793+0000] {dag.py:3954} INFO - Setting next_dagrun for example_xcom_args_with_operators to None, run_after=None
[2025-12-14T17:14:27.025+0000] {processor.py:183} INFO - Processing /home/airflow/.local/lib/python3.12/site-packages/airflow/example_dags/example_xcomargs.py took 0.332 seconds
[2025-12-14T17:14:58.089+0000] {processor.py:161} INFO - Started process (PID=1193) to work on /home/airflow/.local/lib/python3.12/site-packages/airflow/example_dags/example_xcomargs.py
[2025-12-14T17:14:58.090+0000] {processor.py:830} INFO - Processing file /home/airflow/.local/lib/python3.12/site-packages/airflow/example_dags/example_xcomargs.py for tasks to queue
[2025-12-14T17:14:58.093+0000] {logging_mixin.py:188} INFO - [2025-12-14T17:14:58.093+0000] {dagbag.py:540} INFO - Filling up the DagBag from /home/airflow/.local/lib/python3.12/site-packages/airflow/example_dags/example_xcomargs.py
[2025-12-14T17:14:58.104+0000] {processor.py:840} INFO - DAG(s) 'example_xcom_args_with_operators', 'example_xcom_args' retrieved from /home/airflow/.local/lib/python3.12/site-packages/airflow/example_dags/example_xcomargs.py
[2025-12-14T17:14:58.130+0000] {logging_mixin.py:188} INFO - [2025-12-14T17:14:58.130+0000] {dag.py:3096} INFO - Sync 2 DAGs
[2025-12-14T17:14:58.146+0000] {logging_mixin.py:188} INFO - [2025-12-14T17:14:58.146+0000] {dag.py:3954} INFO - Setting next_dagrun for example_xcom_args to None, run_after=None
[2025-12-14T17:14:58.150+0000] {logging_mixin.py:188} INFO - [2025-12-14T17:14:58.150+0000] {dag.py:3954} INFO - Setting next_dagrun for example_xcom_args_with_operators to None, run_after=None
[2025-12-14T17:14:58.172+0000] {processor.py:183} INFO - Processing /home/airflow/.local/lib/python3.12/site-packages/airflow/example_dags/example_xcomargs.py took 0.090 seconds
[2025-12-14T17:15:28.398+0000] {processor.py:161} INFO - Started process (PID=1253) to work on /home/airflow/.local/lib/python3.12/site-packages/airflow/example_dags/example_xcomargs.py
[2025-12-14T17:15:28.399+0000] {processor.py:830} INFO - Processing file /home/airflow/.local/lib/python3.12/site-packages/airflow/example_dags/example_xcomargs.py for tasks to queue
[2025-12-14T17:15:28.402+0000] {logging_mixin.py:188} INFO - [2025-12-14T17:15:28.402+0000] {dagbag.py:540} INFO - Filling up the DagBag from /home/airflow/.local/lib/python3.12/site-packages/airflow/example_dags/example_xcomargs.py
[2025-12-14T17:15:28.412+0000] {processor.py:840} INFO - DAG(s) 'example_xcom_args_with_operators', 'example_xcom_args' retrieved from /home/airflow/.local/lib/python3.12/site-packages/airflow/example_dags/example_xcomargs.py
[2025-12-14T17:15:28.439+0000] {logging_mixin.py:188} INFO - [2025-12-14T17:15:28.439+0000] {dag.py:3096} INFO - Sync 2 DAGs
[2025-12-14T17:15:28.454+0000] {logging_mixin.py:188} INFO - [2025-12-14T17:15:28.453+0000] {dag.py:3954} INFO - Setting next_dagrun for example_xcom_args to None, run_after=None
[2025-12-14T17:15:28.458+0000] {logging_mixin.py:188} INFO - [2025-12-14T17:15:28.458+0000] {dag.py:3954} INFO - Setting next_dagrun for example_xcom_args_with_operators to None, run_after=None
[2025-12-14T17:15:28.480+0000] {processor.py:183} INFO - Processing /home/airflow/.local/lib/python3.12/site-packages/airflow/example_dags/example_xcomargs.py took 0.089 seconds
[2025-12-14T17:15:58.920+0000] {processor.py:161} INFO - Started process (PID=1323) to work on /home/airflow/.local/lib/python3.12/site-packages/airflow/example_dags/example_xcomargs.py
[2025-12-14T17:15:58.921+0000] {processor.py:830} INFO - Processing file /home/airflow/.local/lib/python3.12/site-packages/airflow/example_dags/example_xcomargs.py for tasks to queue
[2025-12-14T17:15:58.923+0000] {logging_mixin.py:188} INFO - [2025-12-14T17:15:58.923+0000] {dagbag.py:540} INFO - Filling up the DagBag from /home/airflow/.local/lib/python3.12/site-packages/airflow/example_dags/example_xcomargs.py
[2025-12-14T17:15:58.933+0000] {processor.py:840} INFO - DAG(s) 'example_xcom_args', 'example_xcom_args_with_operators' retrieved from /home/airflow/.local/lib/python3.12/site-packages/airflow/example_dags/example_xcomargs.py
[2025-12-14T17:15:58.961+0000] {logging_mixin.py:188} INFO - [2025-12-14T17:15:58.961+0000] {dag.py:3096} INFO - Sync 2 DAGs
[2025-12-14T17:15:58.975+0000] {logging_mixin.py:188} INFO - [2025-12-14T17:15:58.975+0000] {dag.py:3954} INFO - Setting next_dagrun for example_xcom_args to None, run_after=None
[2025-12-14T17:15:58.981+0000] {logging_mixin.py:188} INFO - [2025-12-14T17:15:58.981+0000] {dag.py:3954} INFO - Setting next_dagrun for example_xcom_args_with_operators to None, run_after=None
[2025-12-14T17:15:59.002+0000] {processor.py:183} INFO - Processing /home/airflow/.local/lib/python3.12/site-packages/airflow/example_dags/example_xcomargs.py took 0.090 seconds
