[2025-12-14T16:49:12.376+0000] {processor.py:161} INFO - Started process (PID=86) to work on /home/airflow/.local/lib/python3.12/site-packages/airflow/example_dags/example_bash_operator.py
[2025-12-14T16:49:12.379+0000] {processor.py:830} INFO - Processing file /home/airflow/.local/lib/python3.12/site-packages/airflow/example_dags/example_bash_operator.py for tasks to queue
[2025-12-14T16:49:12.382+0000] {logging_mixin.py:188} INFO - [2025-12-14T16:49:12.381+0000] {dagbag.py:540} INFO - Filling up the DagBag from /home/airflow/.local/lib/python3.12/site-packages/airflow/example_dags/example_bash_operator.py
[2025-12-14T16:49:12.404+0000] {processor.py:840} INFO - DAG(s) 'example_bash_operator' retrieved from /home/airflow/.local/lib/python3.12/site-packages/airflow/example_dags/example_bash_operator.py
[2025-12-14T16:49:12.661+0000] {logging_mixin.py:188} INFO - [2025-12-14T16:49:12.661+0000] {dag.py:3096} INFO - Sync 1 DAGs
[2025-12-14T16:49:12.697+0000] {logging_mixin.py:188} INFO - [2025-12-14T16:49:12.697+0000] {dag.py:3954} INFO - Setting next_dagrun for example_bash_operator to 2025-12-13 00:00:00+00:00, run_after=2025-12-14 00:00:00+00:00
[2025-12-14T16:49:12.734+0000] {processor.py:183} INFO - Processing /home/airflow/.local/lib/python3.12/site-packages/airflow/example_dags/example_bash_operator.py took 0.368 seconds
[2025-12-14T16:49:42.782+0000] {processor.py:161} INFO - Started process (PID=151) to work on /home/airflow/.local/lib/python3.12/site-packages/airflow/example_dags/example_bash_operator.py
[2025-12-14T16:49:42.783+0000] {processor.py:830} INFO - Processing file /home/airflow/.local/lib/python3.12/site-packages/airflow/example_dags/example_bash_operator.py for tasks to queue
[2025-12-14T16:49:42.785+0000] {logging_mixin.py:188} INFO - [2025-12-14T16:49:42.785+0000] {dagbag.py:540} INFO - Filling up the DagBag from /home/airflow/.local/lib/python3.12/site-packages/airflow/example_dags/example_bash_operator.py
[2025-12-14T16:49:42.799+0000] {processor.py:840} INFO - DAG(s) 'example_bash_operator' retrieved from /home/airflow/.local/lib/python3.12/site-packages/airflow/example_dags/example_bash_operator.py
[2025-12-14T16:49:42.833+0000] {logging_mixin.py:188} INFO - [2025-12-14T16:49:42.832+0000] {dag.py:3096} INFO - Sync 1 DAGs
[2025-12-14T16:49:42.859+0000] {logging_mixin.py:188} INFO - [2025-12-14T16:49:42.859+0000] {dag.py:3954} INFO - Setting next_dagrun for example_bash_operator to 2025-12-13 00:00:00+00:00, run_after=2025-12-14 00:00:00+00:00
[2025-12-14T16:49:42.885+0000] {processor.py:183} INFO - Processing /home/airflow/.local/lib/python3.12/site-packages/airflow/example_dags/example_bash_operator.py took 0.111 seconds
[2025-12-14T16:50:13.277+0000] {processor.py:161} INFO - Started process (PID=209) to work on /home/airflow/.local/lib/python3.12/site-packages/airflow/example_dags/example_bash_operator.py
[2025-12-14T16:50:13.279+0000] {processor.py:830} INFO - Processing file /home/airflow/.local/lib/python3.12/site-packages/airflow/example_dags/example_bash_operator.py for tasks to queue
[2025-12-14T16:50:13.282+0000] {logging_mixin.py:188} INFO - [2025-12-14T16:50:13.281+0000] {dagbag.py:540} INFO - Filling up the DagBag from /home/airflow/.local/lib/python3.12/site-packages/airflow/example_dags/example_bash_operator.py
[2025-12-14T16:50:13.303+0000] {processor.py:840} INFO - DAG(s) 'example_bash_operator' retrieved from /home/airflow/.local/lib/python3.12/site-packages/airflow/example_dags/example_bash_operator.py
[2025-12-14T16:50:13.342+0000] {logging_mixin.py:188} INFO - [2025-12-14T16:50:13.342+0000] {dag.py:3096} INFO - Sync 1 DAGs
[2025-12-14T16:50:13.367+0000] {logging_mixin.py:188} INFO - [2025-12-14T16:50:13.367+0000] {dag.py:3954} INFO - Setting next_dagrun for example_bash_operator to 2025-12-13 00:00:00+00:00, run_after=2025-12-14 00:00:00+00:00
[2025-12-14T16:50:13.393+0000] {processor.py:183} INFO - Processing /home/airflow/.local/lib/python3.12/site-packages/airflow/example_dags/example_bash_operator.py took 0.124 seconds
[2025-12-14T16:50:43.448+0000] {processor.py:161} INFO - Started process (PID=274) to work on /home/airflow/.local/lib/python3.12/site-packages/airflow/example_dags/example_bash_operator.py
[2025-12-14T16:50:43.450+0000] {processor.py:830} INFO - Processing file /home/airflow/.local/lib/python3.12/site-packages/airflow/example_dags/example_bash_operator.py for tasks to queue
[2025-12-14T16:50:43.453+0000] {logging_mixin.py:188} INFO - [2025-12-14T16:50:43.452+0000] {dagbag.py:540} INFO - Filling up the DagBag from /home/airflow/.local/lib/python3.12/site-packages/airflow/example_dags/example_bash_operator.py
[2025-12-14T16:50:43.469+0000] {processor.py:840} INFO - DAG(s) 'example_bash_operator' retrieved from /home/airflow/.local/lib/python3.12/site-packages/airflow/example_dags/example_bash_operator.py
[2025-12-14T16:50:43.502+0000] {logging_mixin.py:188} INFO - [2025-12-14T16:50:43.502+0000] {dag.py:3096} INFO - Sync 1 DAGs
[2025-12-14T16:50:43.527+0000] {logging_mixin.py:188} INFO - [2025-12-14T16:50:43.526+0000] {dag.py:3954} INFO - Setting next_dagrun for example_bash_operator to 2025-12-13 00:00:00+00:00, run_after=2025-12-14 00:00:00+00:00
[2025-12-14T16:50:43.550+0000] {processor.py:183} INFO - Processing /home/airflow/.local/lib/python3.12/site-packages/airflow/example_dags/example_bash_operator.py took 0.111 seconds
[2025-12-14T16:51:13.684+0000] {processor.py:161} INFO - Started process (PID=332) to work on /home/airflow/.local/lib/python3.12/site-packages/airflow/example_dags/example_bash_operator.py
[2025-12-14T16:51:13.686+0000] {processor.py:830} INFO - Processing file /home/airflow/.local/lib/python3.12/site-packages/airflow/example_dags/example_bash_operator.py for tasks to queue
[2025-12-14T16:51:13.688+0000] {logging_mixin.py:188} INFO - [2025-12-14T16:51:13.688+0000] {dagbag.py:540} INFO - Filling up the DagBag from /home/airflow/.local/lib/python3.12/site-packages/airflow/example_dags/example_bash_operator.py
[2025-12-14T16:51:13.704+0000] {processor.py:840} INFO - DAG(s) 'example_bash_operator' retrieved from /home/airflow/.local/lib/python3.12/site-packages/airflow/example_dags/example_bash_operator.py
[2025-12-14T16:51:13.740+0000] {logging_mixin.py:188} INFO - [2025-12-14T16:51:13.739+0000] {dag.py:3096} INFO - Sync 1 DAGs
[2025-12-14T16:51:13.770+0000] {logging_mixin.py:188} INFO - [2025-12-14T16:51:13.769+0000] {dag.py:3954} INFO - Setting next_dagrun for example_bash_operator to 2025-12-13 00:00:00+00:00, run_after=2025-12-14 00:00:00+00:00
[2025-12-14T16:51:13.795+0000] {processor.py:183} INFO - Processing /home/airflow/.local/lib/python3.12/site-packages/airflow/example_dags/example_bash_operator.py took 0.118 seconds
[2025-12-14T16:51:45.700+0000] {processor.py:161} INFO - Started process (PID=390) to work on /home/airflow/.local/lib/python3.12/site-packages/airflow/example_dags/example_bash_operator.py
[2025-12-14T16:51:45.705+0000] {processor.py:830} INFO - Processing file /home/airflow/.local/lib/python3.12/site-packages/airflow/example_dags/example_bash_operator.py for tasks to queue
[2025-12-14T16:51:45.717+0000] {logging_mixin.py:188} INFO - [2025-12-14T16:51:45.714+0000] {dagbag.py:540} INFO - Filling up the DagBag from /home/airflow/.local/lib/python3.12/site-packages/airflow/example_dags/example_bash_operator.py
[2025-12-14T16:51:45.799+0000] {processor.py:840} INFO - DAG(s) 'example_bash_operator' retrieved from /home/airflow/.local/lib/python3.12/site-packages/airflow/example_dags/example_bash_operator.py
[2025-12-14T16:51:45.995+0000] {logging_mixin.py:188} INFO - [2025-12-14T16:51:45.994+0000] {dag.py:3096} INFO - Sync 1 DAGs
[2025-12-14T16:51:46.176+0000] {logging_mixin.py:188} INFO - [2025-12-14T16:51:46.174+0000] {dag.py:3954} INFO - Setting next_dagrun for example_bash_operator to 2025-12-13 00:00:00+00:00, run_after=2025-12-14 00:00:00+00:00
[2025-12-14T16:51:46.282+0000] {processor.py:183} INFO - Processing /home/airflow/.local/lib/python3.12/site-packages/airflow/example_dags/example_bash_operator.py took 0.617 seconds
[2025-12-14T16:52:16.357+0000] {processor.py:161} INFO - Started process (PID=448) to work on /home/airflow/.local/lib/python3.12/site-packages/airflow/example_dags/example_bash_operator.py
[2025-12-14T16:52:16.359+0000] {processor.py:830} INFO - Processing file /home/airflow/.local/lib/python3.12/site-packages/airflow/example_dags/example_bash_operator.py for tasks to queue
[2025-12-14T16:52:16.361+0000] {logging_mixin.py:188} INFO - [2025-12-14T16:52:16.361+0000] {dagbag.py:540} INFO - Filling up the DagBag from /home/airflow/.local/lib/python3.12/site-packages/airflow/example_dags/example_bash_operator.py
[2025-12-14T16:52:16.375+0000] {processor.py:840} INFO - DAG(s) 'example_bash_operator' retrieved from /home/airflow/.local/lib/python3.12/site-packages/airflow/example_dags/example_bash_operator.py
[2025-12-14T16:52:16.412+0000] {logging_mixin.py:188} INFO - [2025-12-14T16:52:16.412+0000] {dag.py:3096} INFO - Sync 1 DAGs
[2025-12-14T16:52:16.441+0000] {logging_mixin.py:188} INFO - [2025-12-14T16:52:16.441+0000] {dag.py:3954} INFO - Setting next_dagrun for example_bash_operator to 2025-12-13 00:00:00+00:00, run_after=2025-12-14 00:00:00+00:00
[2025-12-14T16:52:16.465+0000] {processor.py:183} INFO - Processing /home/airflow/.local/lib/python3.12/site-packages/airflow/example_dags/example_bash_operator.py took 0.116 seconds
[2025-12-14T16:55:09.043+0000] {processor.py:161} INFO - Started process (PID=139) to work on /home/airflow/.local/lib/python3.12/site-packages/airflow/example_dags/example_bash_operator.py
[2025-12-14T16:55:09.046+0000] {processor.py:830} INFO - Processing file /home/airflow/.local/lib/python3.12/site-packages/airflow/example_dags/example_bash_operator.py for tasks to queue
[2025-12-14T16:55:09.048+0000] {logging_mixin.py:188} INFO - [2025-12-14T16:55:09.048+0000] {dagbag.py:540} INFO - Filling up the DagBag from /home/airflow/.local/lib/python3.12/site-packages/airflow/example_dags/example_bash_operator.py
[2025-12-14T16:55:09.064+0000] {processor.py:840} INFO - DAG(s) 'example_bash_operator' retrieved from /home/airflow/.local/lib/python3.12/site-packages/airflow/example_dags/example_bash_operator.py
[2025-12-14T16:55:09.226+0000] {logging_mixin.py:188} INFO - [2025-12-14T16:55:09.225+0000] {dag.py:3096} INFO - Sync 1 DAGs
[2025-12-14T16:55:09.253+0000] {logging_mixin.py:188} INFO - [2025-12-14T16:55:09.253+0000] {dag.py:3954} INFO - Setting next_dagrun for example_bash_operator to 2025-12-13 00:00:00+00:00, run_after=2025-12-14 00:00:00+00:00
[2025-12-14T16:55:09.286+0000] {processor.py:183} INFO - Processing /home/airflow/.local/lib/python3.12/site-packages/airflow/example_dags/example_bash_operator.py took 0.250 seconds
[2025-12-14T16:55:39.497+0000] {processor.py:161} INFO - Started process (PID=211) to work on /home/airflow/.local/lib/python3.12/site-packages/airflow/example_dags/example_bash_operator.py
[2025-12-14T16:55:39.499+0000] {processor.py:830} INFO - Processing file /home/airflow/.local/lib/python3.12/site-packages/airflow/example_dags/example_bash_operator.py for tasks to queue
[2025-12-14T16:55:39.502+0000] {logging_mixin.py:188} INFO - [2025-12-14T16:55:39.501+0000] {dagbag.py:540} INFO - Filling up the DagBag from /home/airflow/.local/lib/python3.12/site-packages/airflow/example_dags/example_bash_operator.py
[2025-12-14T16:55:39.515+0000] {processor.py:840} INFO - DAG(s) 'example_bash_operator' retrieved from /home/airflow/.local/lib/python3.12/site-packages/airflow/example_dags/example_bash_operator.py
[2025-12-14T16:55:39.546+0000] {logging_mixin.py:188} INFO - [2025-12-14T16:55:39.546+0000] {dag.py:3096} INFO - Sync 1 DAGs
[2025-12-14T16:55:39.574+0000] {logging_mixin.py:188} INFO - [2025-12-14T16:55:39.574+0000] {dag.py:3954} INFO - Setting next_dagrun for example_bash_operator to 2025-12-13 00:00:00+00:00, run_after=2025-12-14 00:00:00+00:00
[2025-12-14T16:55:39.606+0000] {processor.py:183} INFO - Processing /home/airflow/.local/lib/python3.12/site-packages/airflow/example_dags/example_bash_operator.py took 0.115 seconds
[2025-12-14T16:56:10.046+0000] {processor.py:161} INFO - Started process (PID=271) to work on /home/airflow/.local/lib/python3.12/site-packages/airflow/example_dags/example_bash_operator.py
[2025-12-14T16:56:10.048+0000] {processor.py:830} INFO - Processing file /home/airflow/.local/lib/python3.12/site-packages/airflow/example_dags/example_bash_operator.py for tasks to queue
[2025-12-14T16:56:10.051+0000] {logging_mixin.py:188} INFO - [2025-12-14T16:56:10.051+0000] {dagbag.py:540} INFO - Filling up the DagBag from /home/airflow/.local/lib/python3.12/site-packages/airflow/example_dags/example_bash_operator.py
[2025-12-14T16:56:10.068+0000] {processor.py:840} INFO - DAG(s) 'example_bash_operator' retrieved from /home/airflow/.local/lib/python3.12/site-packages/airflow/example_dags/example_bash_operator.py
[2025-12-14T16:56:10.116+0000] {logging_mixin.py:188} INFO - [2025-12-14T16:56:10.115+0000] {dag.py:3096} INFO - Sync 1 DAGs
[2025-12-14T16:56:10.162+0000] {logging_mixin.py:188} INFO - [2025-12-14T16:56:10.162+0000] {dag.py:3954} INFO - Setting next_dagrun for example_bash_operator to 2025-12-13 00:00:00+00:00, run_after=2025-12-14 00:00:00+00:00
[2025-12-14T16:56:10.197+0000] {processor.py:183} INFO - Processing /home/airflow/.local/lib/python3.12/site-packages/airflow/example_dags/example_bash_operator.py took 0.160 seconds
[2025-12-14T16:56:40.590+0000] {processor.py:161} INFO - Started process (PID=341) to work on /home/airflow/.local/lib/python3.12/site-packages/airflow/example_dags/example_bash_operator.py
[2025-12-14T16:56:40.592+0000] {processor.py:830} INFO - Processing file /home/airflow/.local/lib/python3.12/site-packages/airflow/example_dags/example_bash_operator.py for tasks to queue
[2025-12-14T16:56:40.598+0000] {logging_mixin.py:188} INFO - [2025-12-14T16:56:40.597+0000] {dagbag.py:540} INFO - Filling up the DagBag from /home/airflow/.local/lib/python3.12/site-packages/airflow/example_dags/example_bash_operator.py
[2025-12-14T16:56:40.617+0000] {processor.py:840} INFO - DAG(s) 'example_bash_operator' retrieved from /home/airflow/.local/lib/python3.12/site-packages/airflow/example_dags/example_bash_operator.py
[2025-12-14T16:56:40.668+0000] {logging_mixin.py:188} INFO - [2025-12-14T16:56:40.668+0000] {dag.py:3096} INFO - Sync 1 DAGs
[2025-12-14T16:56:40.705+0000] {logging_mixin.py:188} INFO - [2025-12-14T16:56:40.705+0000] {dag.py:3954} INFO - Setting next_dagrun for example_bash_operator to 2025-12-13 00:00:00+00:00, run_after=2025-12-14 00:00:00+00:00
[2025-12-14T16:56:40.726+0000] {processor.py:183} INFO - Processing /home/airflow/.local/lib/python3.12/site-packages/airflow/example_dags/example_bash_operator.py took 0.147 seconds
[2025-12-14T16:57:11.709+0000] {processor.py:161} INFO - Started process (PID=412) to work on /home/airflow/.local/lib/python3.12/site-packages/airflow/example_dags/example_bash_operator.py
[2025-12-14T16:57:11.711+0000] {processor.py:830} INFO - Processing file /home/airflow/.local/lib/python3.12/site-packages/airflow/example_dags/example_bash_operator.py for tasks to queue
[2025-12-14T16:57:11.713+0000] {logging_mixin.py:188} INFO - [2025-12-14T16:57:11.713+0000] {dagbag.py:540} INFO - Filling up the DagBag from /home/airflow/.local/lib/python3.12/site-packages/airflow/example_dags/example_bash_operator.py
[2025-12-14T16:57:11.729+0000] {processor.py:840} INFO - DAG(s) 'example_bash_operator' retrieved from /home/airflow/.local/lib/python3.12/site-packages/airflow/example_dags/example_bash_operator.py
[2025-12-14T16:57:11.788+0000] {logging_mixin.py:188} INFO - [2025-12-14T16:57:11.786+0000] {dag.py:3096} INFO - Sync 1 DAGs
[2025-12-14T16:57:11.833+0000] {logging_mixin.py:188} INFO - [2025-12-14T16:57:11.832+0000] {dag.py:3954} INFO - Setting next_dagrun for example_bash_operator to 2025-12-13 00:00:00+00:00, run_after=2025-12-14 00:00:00+00:00
[2025-12-14T16:57:11.867+0000] {processor.py:183} INFO - Processing /home/airflow/.local/lib/python3.12/site-packages/airflow/example_dags/example_bash_operator.py took 0.167 seconds
[2025-12-14T16:58:33.171+0000] {processor.py:161} INFO - Started process (PID=88) to work on /home/airflow/.local/lib/python3.12/site-packages/airflow/example_dags/example_bash_operator.py
[2025-12-14T16:58:33.172+0000] {processor.py:830} INFO - Processing file /home/airflow/.local/lib/python3.12/site-packages/airflow/example_dags/example_bash_operator.py for tasks to queue
[2025-12-14T16:58:33.175+0000] {logging_mixin.py:188} INFO - [2025-12-14T16:58:33.175+0000] {dagbag.py:540} INFO - Filling up the DagBag from /home/airflow/.local/lib/python3.12/site-packages/airflow/example_dags/example_bash_operator.py
[2025-12-14T16:58:33.191+0000] {processor.py:840} INFO - DAG(s) 'example_bash_operator' retrieved from /home/airflow/.local/lib/python3.12/site-packages/airflow/example_dags/example_bash_operator.py
[2025-12-14T16:58:33.355+0000] {logging_mixin.py:188} INFO - [2025-12-14T16:58:33.355+0000] {dag.py:3096} INFO - Sync 1 DAGs
[2025-12-14T16:58:33.387+0000] {logging_mixin.py:188} INFO - [2025-12-14T16:58:33.386+0000] {dag.py:3954} INFO - Setting next_dagrun for example_bash_operator to 2025-12-13 00:00:00+00:00, run_after=2025-12-14 00:00:00+00:00
[2025-12-14T16:58:33.419+0000] {processor.py:183} INFO - Processing /home/airflow/.local/lib/python3.12/site-packages/airflow/example_dags/example_bash_operator.py took 0.256 seconds
[2025-12-14T16:59:03.625+0000] {processor.py:161} INFO - Started process (PID=148) to work on /home/airflow/.local/lib/python3.12/site-packages/airflow/example_dags/example_bash_operator.py
[2025-12-14T16:59:03.626+0000] {processor.py:830} INFO - Processing file /home/airflow/.local/lib/python3.12/site-packages/airflow/example_dags/example_bash_operator.py for tasks to queue
[2025-12-14T16:59:03.629+0000] {logging_mixin.py:188} INFO - [2025-12-14T16:59:03.629+0000] {dagbag.py:540} INFO - Filling up the DagBag from /home/airflow/.local/lib/python3.12/site-packages/airflow/example_dags/example_bash_operator.py
[2025-12-14T16:59:03.646+0000] {processor.py:840} INFO - DAG(s) 'example_bash_operator' retrieved from /home/airflow/.local/lib/python3.12/site-packages/airflow/example_dags/example_bash_operator.py
[2025-12-14T16:59:03.694+0000] {logging_mixin.py:188} INFO - [2025-12-14T16:59:03.694+0000] {dag.py:3096} INFO - Sync 1 DAGs
[2025-12-14T16:59:03.726+0000] {logging_mixin.py:188} INFO - [2025-12-14T16:59:03.726+0000] {dag.py:3954} INFO - Setting next_dagrun for example_bash_operator to 2025-12-13 00:00:00+00:00, run_after=2025-12-14 00:00:00+00:00
[2025-12-14T16:59:03.752+0000] {processor.py:183} INFO - Processing /home/airflow/.local/lib/python3.12/site-packages/airflow/example_dags/example_bash_operator.py took 0.135 seconds
[2025-12-14T16:59:35.120+0000] {processor.py:161} INFO - Started process (PID=208) to work on /home/airflow/.local/lib/python3.12/site-packages/airflow/example_dags/example_bash_operator.py
[2025-12-14T16:59:35.121+0000] {processor.py:830} INFO - Processing file /home/airflow/.local/lib/python3.12/site-packages/airflow/example_dags/example_bash_operator.py for tasks to queue
[2025-12-14T16:59:35.123+0000] {logging_mixin.py:188} INFO - [2025-12-14T16:59:35.122+0000] {dagbag.py:540} INFO - Filling up the DagBag from /home/airflow/.local/lib/python3.12/site-packages/airflow/example_dags/example_bash_operator.py
[2025-12-14T16:59:35.140+0000] {processor.py:840} INFO - DAG(s) 'example_bash_operator' retrieved from /home/airflow/.local/lib/python3.12/site-packages/airflow/example_dags/example_bash_operator.py
[2025-12-14T16:59:35.174+0000] {logging_mixin.py:188} INFO - [2025-12-14T16:59:35.174+0000] {dag.py:3096} INFO - Sync 1 DAGs
[2025-12-14T16:59:35.206+0000] {logging_mixin.py:188} INFO - [2025-12-14T16:59:35.206+0000] {dag.py:3954} INFO - Setting next_dagrun for example_bash_operator to 2025-12-13 00:00:00+00:00, run_after=2025-12-14 00:00:00+00:00
[2025-12-14T16:59:35.235+0000] {processor.py:183} INFO - Processing /home/airflow/.local/lib/python3.12/site-packages/airflow/example_dags/example_bash_operator.py took 0.127 seconds
[2025-12-14T17:00:06.114+0000] {processor.py:161} INFO - Started process (PID=268) to work on /home/airflow/.local/lib/python3.12/site-packages/airflow/example_dags/example_bash_operator.py
[2025-12-14T17:00:06.115+0000] {processor.py:830} INFO - Processing file /home/airflow/.local/lib/python3.12/site-packages/airflow/example_dags/example_bash_operator.py for tasks to queue
[2025-12-14T17:00:06.117+0000] {logging_mixin.py:188} INFO - [2025-12-14T17:00:06.116+0000] {dagbag.py:540} INFO - Filling up the DagBag from /home/airflow/.local/lib/python3.12/site-packages/airflow/example_dags/example_bash_operator.py
[2025-12-14T17:00:06.131+0000] {processor.py:840} INFO - DAG(s) 'example_bash_operator' retrieved from /home/airflow/.local/lib/python3.12/site-packages/airflow/example_dags/example_bash_operator.py
[2025-12-14T17:00:06.163+0000] {logging_mixin.py:188} INFO - [2025-12-14T17:00:06.163+0000] {dag.py:3096} INFO - Sync 1 DAGs
[2025-12-14T17:00:06.188+0000] {logging_mixin.py:188} INFO - [2025-12-14T17:00:06.187+0000] {dag.py:3954} INFO - Setting next_dagrun for example_bash_operator to 2025-12-13 00:00:00+00:00, run_after=2025-12-14 00:00:00+00:00
[2025-12-14T17:00:06.208+0000] {processor.py:183} INFO - Processing /home/airflow/.local/lib/python3.12/site-packages/airflow/example_dags/example_bash_operator.py took 0.101 seconds
[2025-12-14T17:00:36.940+0000] {processor.py:161} INFO - Started process (PID=328) to work on /home/airflow/.local/lib/python3.12/site-packages/airflow/example_dags/example_bash_operator.py
[2025-12-14T17:00:36.942+0000] {processor.py:830} INFO - Processing file /home/airflow/.local/lib/python3.12/site-packages/airflow/example_dags/example_bash_operator.py for tasks to queue
[2025-12-14T17:00:36.944+0000] {logging_mixin.py:188} INFO - [2025-12-14T17:00:36.943+0000] {dagbag.py:540} INFO - Filling up the DagBag from /home/airflow/.local/lib/python3.12/site-packages/airflow/example_dags/example_bash_operator.py
[2025-12-14T17:00:36.960+0000] {processor.py:840} INFO - DAG(s) 'example_bash_operator' retrieved from /home/airflow/.local/lib/python3.12/site-packages/airflow/example_dags/example_bash_operator.py
[2025-12-14T17:00:37.004+0000] {logging_mixin.py:188} INFO - [2025-12-14T17:00:37.004+0000] {dag.py:3096} INFO - Sync 1 DAGs
[2025-12-14T17:00:37.043+0000] {logging_mixin.py:188} INFO - [2025-12-14T17:00:37.043+0000] {dag.py:3954} INFO - Setting next_dagrun for example_bash_operator to 2025-12-13 00:00:00+00:00, run_after=2025-12-14 00:00:00+00:00
[2025-12-14T17:00:37.072+0000] {processor.py:183} INFO - Processing /home/airflow/.local/lib/python3.12/site-packages/airflow/example_dags/example_bash_operator.py took 0.141 seconds
[2025-12-14T17:02:50.581+0000] {processor.py:161} INFO - Started process (PID=126) to work on /home/airflow/.local/lib/python3.12/site-packages/airflow/example_dags/example_bash_operator.py
[2025-12-14T17:02:50.583+0000] {processor.py:830} INFO - Processing file /home/airflow/.local/lib/python3.12/site-packages/airflow/example_dags/example_bash_operator.py for tasks to queue
[2025-12-14T17:02:50.586+0000] {logging_mixin.py:188} INFO - [2025-12-14T17:02:50.586+0000] {dagbag.py:540} INFO - Filling up the DagBag from /home/airflow/.local/lib/python3.12/site-packages/airflow/example_dags/example_bash_operator.py
[2025-12-14T17:02:50.614+0000] {processor.py:840} INFO - DAG(s) 'example_bash_operator' retrieved from /home/airflow/.local/lib/python3.12/site-packages/airflow/example_dags/example_bash_operator.py
[2025-12-14T17:02:50.863+0000] {logging_mixin.py:188} INFO - [2025-12-14T17:02:50.863+0000] {dag.py:3096} INFO - Sync 1 DAGs
[2025-12-14T17:02:50.902+0000] {logging_mixin.py:188} INFO - [2025-12-14T17:02:50.902+0000] {dag.py:3954} INFO - Setting next_dagrun for example_bash_operator to 2025-12-13 00:00:00+00:00, run_after=2025-12-14 00:00:00+00:00
[2025-12-14T17:02:50.938+0000] {processor.py:183} INFO - Processing /home/airflow/.local/lib/python3.12/site-packages/airflow/example_dags/example_bash_operator.py took 0.368 seconds
[2025-12-14T17:03:21.746+0000] {processor.py:161} INFO - Started process (PID=197) to work on /home/airflow/.local/lib/python3.12/site-packages/airflow/example_dags/example_bash_operator.py
[2025-12-14T17:03:21.748+0000] {processor.py:830} INFO - Processing file /home/airflow/.local/lib/python3.12/site-packages/airflow/example_dags/example_bash_operator.py for tasks to queue
[2025-12-14T17:03:21.751+0000] {logging_mixin.py:188} INFO - [2025-12-14T17:03:21.751+0000] {dagbag.py:540} INFO - Filling up the DagBag from /home/airflow/.local/lib/python3.12/site-packages/airflow/example_dags/example_bash_operator.py
[2025-12-14T17:03:21.775+0000] {processor.py:840} INFO - DAG(s) 'example_bash_operator' retrieved from /home/airflow/.local/lib/python3.12/site-packages/airflow/example_dags/example_bash_operator.py
[2025-12-14T17:03:21.823+0000] {logging_mixin.py:188} INFO - [2025-12-14T17:03:21.823+0000] {dag.py:3096} INFO - Sync 1 DAGs
[2025-12-14T17:03:21.874+0000] {logging_mixin.py:188} INFO - [2025-12-14T17:03:21.874+0000] {dag.py:3954} INFO - Setting next_dagrun for example_bash_operator to 2025-12-13 00:00:00+00:00, run_after=2025-12-14 00:00:00+00:00
[2025-12-14T17:03:21.911+0000] {processor.py:183} INFO - Processing /home/airflow/.local/lib/python3.12/site-packages/airflow/example_dags/example_bash_operator.py took 0.174 seconds
[2025-12-14T17:03:52.846+0000] {processor.py:161} INFO - Started process (PID=268) to work on /home/airflow/.local/lib/python3.12/site-packages/airflow/example_dags/example_bash_operator.py
[2025-12-14T17:03:52.848+0000] {processor.py:830} INFO - Processing file /home/airflow/.local/lib/python3.12/site-packages/airflow/example_dags/example_bash_operator.py for tasks to queue
[2025-12-14T17:03:52.850+0000] {logging_mixin.py:188} INFO - [2025-12-14T17:03:52.850+0000] {dagbag.py:540} INFO - Filling up the DagBag from /home/airflow/.local/lib/python3.12/site-packages/airflow/example_dags/example_bash_operator.py
[2025-12-14T17:03:52.863+0000] {processor.py:840} INFO - DAG(s) 'example_bash_operator' retrieved from /home/airflow/.local/lib/python3.12/site-packages/airflow/example_dags/example_bash_operator.py
[2025-12-14T17:03:52.895+0000] {logging_mixin.py:188} INFO - [2025-12-14T17:03:52.894+0000] {dag.py:3096} INFO - Sync 1 DAGs
[2025-12-14T17:03:52.923+0000] {logging_mixin.py:188} INFO - [2025-12-14T17:03:52.923+0000] {dag.py:3954} INFO - Setting next_dagrun for example_bash_operator to 2025-12-13 00:00:00+00:00, run_after=2025-12-14 00:00:00+00:00
[2025-12-14T17:03:52.949+0000] {processor.py:183} INFO - Processing /home/airflow/.local/lib/python3.12/site-packages/airflow/example_dags/example_bash_operator.py took 0.110 seconds
[2025-12-14T17:04:23.911+0000] {processor.py:161} INFO - Started process (PID=328) to work on /home/airflow/.local/lib/python3.12/site-packages/airflow/example_dags/example_bash_operator.py
[2025-12-14T17:04:23.913+0000] {processor.py:830} INFO - Processing file /home/airflow/.local/lib/python3.12/site-packages/airflow/example_dags/example_bash_operator.py for tasks to queue
[2025-12-14T17:04:23.916+0000] {logging_mixin.py:188} INFO - [2025-12-14T17:04:23.915+0000] {dagbag.py:540} INFO - Filling up the DagBag from /home/airflow/.local/lib/python3.12/site-packages/airflow/example_dags/example_bash_operator.py
[2025-12-14T17:04:23.933+0000] {processor.py:840} INFO - DAG(s) 'example_bash_operator' retrieved from /home/airflow/.local/lib/python3.12/site-packages/airflow/example_dags/example_bash_operator.py
[2025-12-14T17:04:23.972+0000] {logging_mixin.py:188} INFO - [2025-12-14T17:04:23.972+0000] {dag.py:3096} INFO - Sync 1 DAGs
[2025-12-14T17:04:24.006+0000] {logging_mixin.py:188} INFO - [2025-12-14T17:04:24.005+0000] {dag.py:3954} INFO - Setting next_dagrun for example_bash_operator to 2025-12-13 00:00:00+00:00, run_after=2025-12-14 00:00:00+00:00
[2025-12-14T17:04:24.036+0000] {processor.py:183} INFO - Processing /home/airflow/.local/lib/python3.12/site-packages/airflow/example_dags/example_bash_operator.py took 0.135 seconds
[2025-12-14T17:07:15.920+0000] {processor.py:161} INFO - Started process (PID=117) to work on /home/airflow/.local/lib/python3.12/site-packages/airflow/example_dags/example_bash_operator.py
[2025-12-14T17:07:15.922+0000] {processor.py:830} INFO - Processing file /home/airflow/.local/lib/python3.12/site-packages/airflow/example_dags/example_bash_operator.py for tasks to queue
[2025-12-14T17:07:15.925+0000] {logging_mixin.py:188} INFO - [2025-12-14T17:07:15.925+0000] {dagbag.py:540} INFO - Filling up the DagBag from /home/airflow/.local/lib/python3.12/site-packages/airflow/example_dags/example_bash_operator.py
[2025-12-14T17:07:15.960+0000] {processor.py:840} INFO - DAG(s) 'example_bash_operator' retrieved from /home/airflow/.local/lib/python3.12/site-packages/airflow/example_dags/example_bash_operator.py
[2025-12-14T17:07:16.161+0000] {logging_mixin.py:188} INFO - [2025-12-14T17:07:16.161+0000] {dag.py:3096} INFO - Sync 1 DAGs
[2025-12-14T17:07:16.191+0000] {logging_mixin.py:188} INFO - [2025-12-14T17:07:16.190+0000] {dag.py:3954} INFO - Setting next_dagrun for example_bash_operator to 2025-12-13 00:00:00+00:00, run_after=2025-12-14 00:00:00+00:00
[2025-12-14T17:07:16.229+0000] {processor.py:183} INFO - Processing /home/airflow/.local/lib/python3.12/site-packages/airflow/example_dags/example_bash_operator.py took 0.320 seconds
[2025-12-14T17:07:47.852+0000] {processor.py:161} INFO - Started process (PID=188) to work on /home/airflow/.local/lib/python3.12/site-packages/airflow/example_dags/example_bash_operator.py
[2025-12-14T17:07:47.854+0000] {processor.py:830} INFO - Processing file /home/airflow/.local/lib/python3.12/site-packages/airflow/example_dags/example_bash_operator.py for tasks to queue
[2025-12-14T17:07:47.857+0000] {logging_mixin.py:188} INFO - [2025-12-14T17:07:47.856+0000] {dagbag.py:540} INFO - Filling up the DagBag from /home/airflow/.local/lib/python3.12/site-packages/airflow/example_dags/example_bash_operator.py
[2025-12-14T17:07:47.870+0000] {processor.py:840} INFO - DAG(s) 'example_bash_operator' retrieved from /home/airflow/.local/lib/python3.12/site-packages/airflow/example_dags/example_bash_operator.py
[2025-12-14T17:07:47.901+0000] {logging_mixin.py:188} INFO - [2025-12-14T17:07:47.900+0000] {dag.py:3096} INFO - Sync 1 DAGs
[2025-12-14T17:07:47.924+0000] {logging_mixin.py:188} INFO - [2025-12-14T17:07:47.924+0000] {dag.py:3954} INFO - Setting next_dagrun for example_bash_operator to 2025-12-13 00:00:00+00:00, run_after=2025-12-14 00:00:00+00:00
[2025-12-14T17:07:47.950+0000] {processor.py:183} INFO - Processing /home/airflow/.local/lib/python3.12/site-packages/airflow/example_dags/example_bash_operator.py took 0.105 seconds
[2025-12-14T17:08:19.016+0000] {processor.py:161} INFO - Started process (PID=248) to work on /home/airflow/.local/lib/python3.12/site-packages/airflow/example_dags/example_bash_operator.py
[2025-12-14T17:08:19.018+0000] {processor.py:830} INFO - Processing file /home/airflow/.local/lib/python3.12/site-packages/airflow/example_dags/example_bash_operator.py for tasks to queue
[2025-12-14T17:08:19.021+0000] {logging_mixin.py:188} INFO - [2025-12-14T17:08:19.020+0000] {dagbag.py:540} INFO - Filling up the DagBag from /home/airflow/.local/lib/python3.12/site-packages/airflow/example_dags/example_bash_operator.py
[2025-12-14T17:08:19.037+0000] {processor.py:840} INFO - DAG(s) 'example_bash_operator' retrieved from /home/airflow/.local/lib/python3.12/site-packages/airflow/example_dags/example_bash_operator.py
[2025-12-14T17:08:19.075+0000] {logging_mixin.py:188} INFO - [2025-12-14T17:08:19.075+0000] {dag.py:3096} INFO - Sync 1 DAGs
[2025-12-14T17:08:19.106+0000] {logging_mixin.py:188} INFO - [2025-12-14T17:08:19.106+0000] {dag.py:3954} INFO - Setting next_dagrun for example_bash_operator to 2025-12-13 00:00:00+00:00, run_after=2025-12-14 00:00:00+00:00
[2025-12-14T17:08:19.140+0000] {processor.py:183} INFO - Processing /home/airflow/.local/lib/python3.12/site-packages/airflow/example_dags/example_bash_operator.py took 0.132 seconds
[2025-12-14T17:08:49.590+0000] {processor.py:161} INFO - Started process (PID=318) to work on /home/airflow/.local/lib/python3.12/site-packages/airflow/example_dags/example_bash_operator.py
[2025-12-14T17:08:49.591+0000] {processor.py:830} INFO - Processing file /home/airflow/.local/lib/python3.12/site-packages/airflow/example_dags/example_bash_operator.py for tasks to queue
[2025-12-14T17:08:49.594+0000] {logging_mixin.py:188} INFO - [2025-12-14T17:08:49.594+0000] {dagbag.py:540} INFO - Filling up the DagBag from /home/airflow/.local/lib/python3.12/site-packages/airflow/example_dags/example_bash_operator.py
[2025-12-14T17:08:49.608+0000] {processor.py:840} INFO - DAG(s) 'example_bash_operator' retrieved from /home/airflow/.local/lib/python3.12/site-packages/airflow/example_dags/example_bash_operator.py
[2025-12-14T17:08:49.644+0000] {logging_mixin.py:188} INFO - [2025-12-14T17:08:49.643+0000] {dag.py:3096} INFO - Sync 1 DAGs
[2025-12-14T17:08:49.672+0000] {logging_mixin.py:188} INFO - [2025-12-14T17:08:49.672+0000] {dag.py:3954} INFO - Setting next_dagrun for example_bash_operator to 2025-12-13 00:00:00+00:00, run_after=2025-12-14 00:00:00+00:00
[2025-12-14T17:08:49.699+0000] {processor.py:183} INFO - Processing /home/airflow/.local/lib/python3.12/site-packages/airflow/example_dags/example_bash_operator.py took 0.116 seconds
[2025-12-14T17:09:19.868+0000] {processor.py:161} INFO - Started process (PID=389) to work on /home/airflow/.local/lib/python3.12/site-packages/airflow/example_dags/example_bash_operator.py
[2025-12-14T17:09:19.869+0000] {processor.py:830} INFO - Processing file /home/airflow/.local/lib/python3.12/site-packages/airflow/example_dags/example_bash_operator.py for tasks to queue
[2025-12-14T17:09:19.871+0000] {logging_mixin.py:188} INFO - [2025-12-14T17:09:19.871+0000] {dagbag.py:540} INFO - Filling up the DagBag from /home/airflow/.local/lib/python3.12/site-packages/airflow/example_dags/example_bash_operator.py
[2025-12-14T17:09:19.884+0000] {processor.py:840} INFO - DAG(s) 'example_bash_operator' retrieved from /home/airflow/.local/lib/python3.12/site-packages/airflow/example_dags/example_bash_operator.py
[2025-12-14T17:09:19.915+0000] {logging_mixin.py:188} INFO - [2025-12-14T17:09:19.915+0000] {dag.py:3096} INFO - Sync 1 DAGs
[2025-12-14T17:09:19.942+0000] {logging_mixin.py:188} INFO - [2025-12-14T17:09:19.941+0000] {dag.py:3954} INFO - Setting next_dagrun for example_bash_operator to 2025-12-13 00:00:00+00:00, run_after=2025-12-14 00:00:00+00:00
[2025-12-14T17:09:19.965+0000] {processor.py:183} INFO - Processing /home/airflow/.local/lib/python3.12/site-packages/airflow/example_dags/example_bash_operator.py took 0.105 seconds
[2025-12-14T17:09:50.337+0000] {processor.py:161} INFO - Started process (PID=460) to work on /home/airflow/.local/lib/python3.12/site-packages/airflow/example_dags/example_bash_operator.py
[2025-12-14T17:09:50.338+0000] {processor.py:830} INFO - Processing file /home/airflow/.local/lib/python3.12/site-packages/airflow/example_dags/example_bash_operator.py for tasks to queue
[2025-12-14T17:09:50.341+0000] {logging_mixin.py:188} INFO - [2025-12-14T17:09:50.341+0000] {dagbag.py:540} INFO - Filling up the DagBag from /home/airflow/.local/lib/python3.12/site-packages/airflow/example_dags/example_bash_operator.py
[2025-12-14T17:09:50.356+0000] {processor.py:840} INFO - DAG(s) 'example_bash_operator' retrieved from /home/airflow/.local/lib/python3.12/site-packages/airflow/example_dags/example_bash_operator.py
[2025-12-14T17:09:50.401+0000] {logging_mixin.py:188} INFO - [2025-12-14T17:09:50.400+0000] {dag.py:3096} INFO - Sync 1 DAGs
[2025-12-14T17:09:50.432+0000] {logging_mixin.py:188} INFO - [2025-12-14T17:09:50.431+0000] {dag.py:3954} INFO - Setting next_dagrun for example_bash_operator to 2025-12-13 00:00:00+00:00, run_after=2025-12-14 00:00:00+00:00
[2025-12-14T17:09:50.459+0000] {processor.py:183} INFO - Processing /home/airflow/.local/lib/python3.12/site-packages/airflow/example_dags/example_bash_operator.py took 0.130 seconds
[2025-12-14T17:10:20.926+0000] {processor.py:161} INFO - Started process (PID=544) to work on /home/airflow/.local/lib/python3.12/site-packages/airflow/example_dags/example_bash_operator.py
[2025-12-14T17:10:20.927+0000] {processor.py:830} INFO - Processing file /home/airflow/.local/lib/python3.12/site-packages/airflow/example_dags/example_bash_operator.py for tasks to queue
[2025-12-14T17:10:20.930+0000] {logging_mixin.py:188} INFO - [2025-12-14T17:10:20.929+0000] {dagbag.py:540} INFO - Filling up the DagBag from /home/airflow/.local/lib/python3.12/site-packages/airflow/example_dags/example_bash_operator.py
[2025-12-14T17:10:20.944+0000] {processor.py:840} INFO - DAG(s) 'example_bash_operator' retrieved from /home/airflow/.local/lib/python3.12/site-packages/airflow/example_dags/example_bash_operator.py
[2025-12-14T17:10:20.984+0000] {logging_mixin.py:188} INFO - [2025-12-14T17:10:20.984+0000] {dag.py:3096} INFO - Sync 1 DAGs
[2025-12-14T17:10:21.020+0000] {logging_mixin.py:188} INFO - [2025-12-14T17:10:21.020+0000] {dag.py:3954} INFO - Setting next_dagrun for example_bash_operator to 2025-12-13 00:00:00+00:00, run_after=2025-12-14 00:00:00+00:00
[2025-12-14T17:10:21.048+0000] {processor.py:183} INFO - Processing /home/airflow/.local/lib/python3.12/site-packages/airflow/example_dags/example_bash_operator.py took 0.130 seconds
[2025-12-14T17:10:51.262+0000] {processor.py:161} INFO - Started process (PID=615) to work on /home/airflow/.local/lib/python3.12/site-packages/airflow/example_dags/example_bash_operator.py
[2025-12-14T17:10:51.263+0000] {processor.py:830} INFO - Processing file /home/airflow/.local/lib/python3.12/site-packages/airflow/example_dags/example_bash_operator.py for tasks to queue
[2025-12-14T17:10:51.266+0000] {logging_mixin.py:188} INFO - [2025-12-14T17:10:51.265+0000] {dagbag.py:540} INFO - Filling up the DagBag from /home/airflow/.local/lib/python3.12/site-packages/airflow/example_dags/example_bash_operator.py
[2025-12-14T17:10:51.279+0000] {processor.py:840} INFO - DAG(s) 'example_bash_operator' retrieved from /home/airflow/.local/lib/python3.12/site-packages/airflow/example_dags/example_bash_operator.py
[2025-12-14T17:10:51.310+0000] {logging_mixin.py:188} INFO - [2025-12-14T17:10:51.310+0000] {dag.py:3096} INFO - Sync 1 DAGs
[2025-12-14T17:10:51.335+0000] {logging_mixin.py:188} INFO - [2025-12-14T17:10:51.335+0000] {dag.py:3954} INFO - Setting next_dagrun for example_bash_operator to 2025-12-13 00:00:00+00:00, run_after=2025-12-14 00:00:00+00:00
[2025-12-14T17:10:51.358+0000] {processor.py:183} INFO - Processing /home/airflow/.local/lib/python3.12/site-packages/airflow/example_dags/example_bash_operator.py took 0.103 seconds
[2025-12-14T17:11:21.838+0000] {processor.py:161} INFO - Started process (PID=686) to work on /home/airflow/.local/lib/python3.12/site-packages/airflow/example_dags/example_bash_operator.py
[2025-12-14T17:11:21.840+0000] {processor.py:830} INFO - Processing file /home/airflow/.local/lib/python3.12/site-packages/airflow/example_dags/example_bash_operator.py for tasks to queue
[2025-12-14T17:11:21.842+0000] {logging_mixin.py:188} INFO - [2025-12-14T17:11:21.842+0000] {dagbag.py:540} INFO - Filling up the DagBag from /home/airflow/.local/lib/python3.12/site-packages/airflow/example_dags/example_bash_operator.py
[2025-12-14T17:11:21.856+0000] {processor.py:840} INFO - DAG(s) 'example_bash_operator' retrieved from /home/airflow/.local/lib/python3.12/site-packages/airflow/example_dags/example_bash_operator.py
[2025-12-14T17:11:21.886+0000] {logging_mixin.py:188} INFO - [2025-12-14T17:11:21.886+0000] {dag.py:3096} INFO - Sync 1 DAGs
[2025-12-14T17:11:21.910+0000] {logging_mixin.py:188} INFO - [2025-12-14T17:11:21.910+0000] {dag.py:3954} INFO - Setting next_dagrun for example_bash_operator to 2025-12-13 00:00:00+00:00, run_after=2025-12-14 00:00:00+00:00
[2025-12-14T17:11:21.933+0000] {processor.py:183} INFO - Processing /home/airflow/.local/lib/python3.12/site-packages/airflow/example_dags/example_bash_operator.py took 0.102 seconds
[2025-12-14T17:11:52.088+0000] {processor.py:161} INFO - Started process (PID=757) to work on /home/airflow/.local/lib/python3.12/site-packages/airflow/example_dags/example_bash_operator.py
[2025-12-14T17:11:52.089+0000] {processor.py:830} INFO - Processing file /home/airflow/.local/lib/python3.12/site-packages/airflow/example_dags/example_bash_operator.py for tasks to queue
[2025-12-14T17:11:52.092+0000] {logging_mixin.py:188} INFO - [2025-12-14T17:11:52.091+0000] {dagbag.py:540} INFO - Filling up the DagBag from /home/airflow/.local/lib/python3.12/site-packages/airflow/example_dags/example_bash_operator.py
[2025-12-14T17:11:52.105+0000] {processor.py:840} INFO - DAG(s) 'example_bash_operator' retrieved from /home/airflow/.local/lib/python3.12/site-packages/airflow/example_dags/example_bash_operator.py
[2025-12-14T17:11:52.136+0000] {logging_mixin.py:188} INFO - [2025-12-14T17:11:52.136+0000] {dag.py:3096} INFO - Sync 1 DAGs
[2025-12-14T17:11:52.160+0000] {logging_mixin.py:188} INFO - [2025-12-14T17:11:52.160+0000] {dag.py:3954} INFO - Setting next_dagrun for example_bash_operator to 2025-12-13 00:00:00+00:00, run_after=2025-12-14 00:00:00+00:00
[2025-12-14T17:11:52.183+0000] {processor.py:183} INFO - Processing /home/airflow/.local/lib/python3.12/site-packages/airflow/example_dags/example_bash_operator.py took 0.102 seconds
[2025-12-14T17:12:22.401+0000] {processor.py:161} INFO - Started process (PID=828) to work on /home/airflow/.local/lib/python3.12/site-packages/airflow/example_dags/example_bash_operator.py
[2025-12-14T17:12:22.402+0000] {processor.py:830} INFO - Processing file /home/airflow/.local/lib/python3.12/site-packages/airflow/example_dags/example_bash_operator.py for tasks to queue
[2025-12-14T17:12:22.405+0000] {logging_mixin.py:188} INFO - [2025-12-14T17:12:22.404+0000] {dagbag.py:540} INFO - Filling up the DagBag from /home/airflow/.local/lib/python3.12/site-packages/airflow/example_dags/example_bash_operator.py
[2025-12-14T17:12:22.418+0000] {processor.py:840} INFO - DAG(s) 'example_bash_operator' retrieved from /home/airflow/.local/lib/python3.12/site-packages/airflow/example_dags/example_bash_operator.py
[2025-12-14T17:12:22.451+0000] {logging_mixin.py:188} INFO - [2025-12-14T17:12:22.450+0000] {dag.py:3096} INFO - Sync 1 DAGs
[2025-12-14T17:12:22.477+0000] {logging_mixin.py:188} INFO - [2025-12-14T17:12:22.477+0000] {dag.py:3954} INFO - Setting next_dagrun for example_bash_operator to 2025-12-13 00:00:00+00:00, run_after=2025-12-14 00:00:00+00:00
[2025-12-14T17:12:22.499+0000] {processor.py:183} INFO - Processing /home/airflow/.local/lib/python3.12/site-packages/airflow/example_dags/example_bash_operator.py took 0.105 seconds
[2025-12-14T17:12:53.001+0000] {processor.py:161} INFO - Started process (PID=900) to work on /home/airflow/.local/lib/python3.12/site-packages/airflow/example_dags/example_bash_operator.py
[2025-12-14T17:12:53.003+0000] {processor.py:830} INFO - Processing file /home/airflow/.local/lib/python3.12/site-packages/airflow/example_dags/example_bash_operator.py for tasks to queue
[2025-12-14T17:12:53.006+0000] {logging_mixin.py:188} INFO - [2025-12-14T17:12:53.006+0000] {dagbag.py:540} INFO - Filling up the DagBag from /home/airflow/.local/lib/python3.12/site-packages/airflow/example_dags/example_bash_operator.py
[2025-12-14T17:12:53.031+0000] {processor.py:840} INFO - DAG(s) 'example_bash_operator' retrieved from /home/airflow/.local/lib/python3.12/site-packages/airflow/example_dags/example_bash_operator.py
[2025-12-14T17:12:53.093+0000] {logging_mixin.py:188} INFO - [2025-12-14T17:12:53.093+0000] {dag.py:3096} INFO - Sync 1 DAGs
[2025-12-14T17:12:53.165+0000] {logging_mixin.py:188} INFO - [2025-12-14T17:12:53.165+0000] {dag.py:3954} INFO - Setting next_dagrun for example_bash_operator to 2025-12-13 00:00:00+00:00, run_after=2025-12-14 00:00:00+00:00
[2025-12-14T17:12:53.194+0000] {processor.py:183} INFO - Processing /home/airflow/.local/lib/python3.12/site-packages/airflow/example_dags/example_bash_operator.py took 0.206 seconds
[2025-12-14T17:13:23.255+0000] {processor.py:161} INFO - Started process (PID=971) to work on /home/airflow/.local/lib/python3.12/site-packages/airflow/example_dags/example_bash_operator.py
[2025-12-14T17:13:23.257+0000] {processor.py:830} INFO - Processing file /home/airflow/.local/lib/python3.12/site-packages/airflow/example_dags/example_bash_operator.py for tasks to queue
[2025-12-14T17:13:23.260+0000] {logging_mixin.py:188} INFO - [2025-12-14T17:13:23.259+0000] {dagbag.py:540} INFO - Filling up the DagBag from /home/airflow/.local/lib/python3.12/site-packages/airflow/example_dags/example_bash_operator.py
[2025-12-14T17:13:23.274+0000] {processor.py:840} INFO - DAG(s) 'example_bash_operator' retrieved from /home/airflow/.local/lib/python3.12/site-packages/airflow/example_dags/example_bash_operator.py
[2025-12-14T17:13:23.306+0000] {logging_mixin.py:188} INFO - [2025-12-14T17:13:23.305+0000] {dag.py:3096} INFO - Sync 1 DAGs
[2025-12-14T17:13:23.330+0000] {logging_mixin.py:188} INFO - [2025-12-14T17:13:23.330+0000] {dag.py:3954} INFO - Setting next_dagrun for example_bash_operator to 2025-12-13 00:00:00+00:00, run_after=2025-12-14 00:00:00+00:00
[2025-12-14T17:13:23.354+0000] {processor.py:183} INFO - Processing /home/airflow/.local/lib/python3.12/site-packages/airflow/example_dags/example_bash_operator.py took 0.106 seconds
[2025-12-14T17:13:53.516+0000] {processor.py:161} INFO - Started process (PID=1042) to work on /home/airflow/.local/lib/python3.12/site-packages/airflow/example_dags/example_bash_operator.py
[2025-12-14T17:13:53.518+0000] {processor.py:830} INFO - Processing file /home/airflow/.local/lib/python3.12/site-packages/airflow/example_dags/example_bash_operator.py for tasks to queue
[2025-12-14T17:13:53.520+0000] {logging_mixin.py:188} INFO - [2025-12-14T17:13:53.520+0000] {dagbag.py:540} INFO - Filling up the DagBag from /home/airflow/.local/lib/python3.12/site-packages/airflow/example_dags/example_bash_operator.py
[2025-12-14T17:13:53.539+0000] {processor.py:840} INFO - DAG(s) 'example_bash_operator' retrieved from /home/airflow/.local/lib/python3.12/site-packages/airflow/example_dags/example_bash_operator.py
[2025-12-14T17:13:53.571+0000] {logging_mixin.py:188} INFO - [2025-12-14T17:13:53.571+0000] {dag.py:3096} INFO - Sync 1 DAGs
[2025-12-14T17:13:53.597+0000] {logging_mixin.py:188} INFO - [2025-12-14T17:13:53.597+0000] {dag.py:3954} INFO - Setting next_dagrun for example_bash_operator to 2025-12-13 00:00:00+00:00, run_after=2025-12-14 00:00:00+00:00
[2025-12-14T17:13:53.620+0000] {processor.py:183} INFO - Processing /home/airflow/.local/lib/python3.12/site-packages/airflow/example_dags/example_bash_operator.py took 0.111 seconds
[2025-12-14T17:14:25.539+0000] {processor.py:161} INFO - Started process (PID=1114) to work on /home/airflow/.local/lib/python3.12/site-packages/airflow/example_dags/example_bash_operator.py
[2025-12-14T17:14:25.541+0000] {processor.py:830} INFO - Processing file /home/airflow/.local/lib/python3.12/site-packages/airflow/example_dags/example_bash_operator.py for tasks to queue
[2025-12-14T17:14:25.545+0000] {logging_mixin.py:188} INFO - [2025-12-14T17:14:25.544+0000] {dagbag.py:540} INFO - Filling up the DagBag from /home/airflow/.local/lib/python3.12/site-packages/airflow/example_dags/example_bash_operator.py
[2025-12-14T17:14:25.566+0000] {processor.py:840} INFO - DAG(s) 'example_bash_operator' retrieved from /home/airflow/.local/lib/python3.12/site-packages/airflow/example_dags/example_bash_operator.py
[2025-12-14T17:14:25.603+0000] {logging_mixin.py:188} INFO - [2025-12-14T17:14:25.602+0000] {dag.py:3096} INFO - Sync 1 DAGs
[2025-12-14T17:14:25.633+0000] {logging_mixin.py:188} INFO - [2025-12-14T17:14:25.633+0000] {dag.py:3954} INFO - Setting next_dagrun for example_bash_operator to 2025-12-13 00:00:00+00:00, run_after=2025-12-14 00:00:00+00:00
[2025-12-14T17:14:25.851+0000] {processor.py:183} INFO - Processing /home/airflow/.local/lib/python3.12/site-packages/airflow/example_dags/example_bash_operator.py took 0.326 seconds
[2025-12-14T17:14:56.519+0000] {processor.py:161} INFO - Started process (PID=1174) to work on /home/airflow/.local/lib/python3.12/site-packages/airflow/example_dags/example_bash_operator.py
[2025-12-14T17:14:56.520+0000] {processor.py:830} INFO - Processing file /home/airflow/.local/lib/python3.12/site-packages/airflow/example_dags/example_bash_operator.py for tasks to queue
[2025-12-14T17:14:56.523+0000] {logging_mixin.py:188} INFO - [2025-12-14T17:14:56.523+0000] {dagbag.py:540} INFO - Filling up the DagBag from /home/airflow/.local/lib/python3.12/site-packages/airflow/example_dags/example_bash_operator.py
[2025-12-14T17:14:56.536+0000] {processor.py:840} INFO - DAG(s) 'example_bash_operator' retrieved from /home/airflow/.local/lib/python3.12/site-packages/airflow/example_dags/example_bash_operator.py
[2025-12-14T17:14:56.567+0000] {logging_mixin.py:188} INFO - [2025-12-14T17:14:56.567+0000] {dag.py:3096} INFO - Sync 1 DAGs
[2025-12-14T17:14:56.593+0000] {logging_mixin.py:188} INFO - [2025-12-14T17:14:56.593+0000] {dag.py:3954} INFO - Setting next_dagrun for example_bash_operator to 2025-12-13 00:00:00+00:00, run_after=2025-12-14 00:00:00+00:00
[2025-12-14T17:14:56.615+0000] {processor.py:183} INFO - Processing /home/airflow/.local/lib/python3.12/site-packages/airflow/example_dags/example_bash_operator.py took 0.103 seconds
[2025-12-14T17:15:26.688+0000] {processor.py:161} INFO - Started process (PID=1244) to work on /home/airflow/.local/lib/python3.12/site-packages/airflow/example_dags/example_bash_operator.py
[2025-12-14T17:15:26.689+0000] {processor.py:830} INFO - Processing file /home/airflow/.local/lib/python3.12/site-packages/airflow/example_dags/example_bash_operator.py for tasks to queue
[2025-12-14T17:15:26.691+0000] {logging_mixin.py:188} INFO - [2025-12-14T17:15:26.691+0000] {dagbag.py:540} INFO - Filling up the DagBag from /home/airflow/.local/lib/python3.12/site-packages/airflow/example_dags/example_bash_operator.py
[2025-12-14T17:15:26.704+0000] {processor.py:840} INFO - DAG(s) 'example_bash_operator' retrieved from /home/airflow/.local/lib/python3.12/site-packages/airflow/example_dags/example_bash_operator.py
[2025-12-14T17:15:26.735+0000] {logging_mixin.py:188} INFO - [2025-12-14T17:15:26.735+0000] {dag.py:3096} INFO - Sync 1 DAGs
[2025-12-14T17:15:26.759+0000] {logging_mixin.py:188} INFO - [2025-12-14T17:15:26.758+0000] {dag.py:3954} INFO - Setting next_dagrun for example_bash_operator to 2025-12-13 00:00:00+00:00, run_after=2025-12-14 00:00:00+00:00
[2025-12-14T17:15:26.781+0000] {processor.py:183} INFO - Processing /home/airflow/.local/lib/python3.12/site-packages/airflow/example_dags/example_bash_operator.py took 0.101 seconds
[2025-12-14T17:15:57.238+0000] {processor.py:161} INFO - Started process (PID=1315) to work on /home/airflow/.local/lib/python3.12/site-packages/airflow/example_dags/example_bash_operator.py
[2025-12-14T17:15:57.240+0000] {processor.py:830} INFO - Processing file /home/airflow/.local/lib/python3.12/site-packages/airflow/example_dags/example_bash_operator.py for tasks to queue
[2025-12-14T17:15:57.250+0000] {logging_mixin.py:188} INFO - [2025-12-14T17:15:57.248+0000] {dagbag.py:540} INFO - Filling up the DagBag from /home/airflow/.local/lib/python3.12/site-packages/airflow/example_dags/example_bash_operator.py
[2025-12-14T17:15:57.287+0000] {processor.py:840} INFO - DAG(s) 'example_bash_operator' retrieved from /home/airflow/.local/lib/python3.12/site-packages/airflow/example_dags/example_bash_operator.py
[2025-12-14T17:15:57.358+0000] {logging_mixin.py:188} INFO - [2025-12-14T17:15:57.357+0000] {dag.py:3096} INFO - Sync 1 DAGs
[2025-12-14T17:15:57.413+0000] {logging_mixin.py:188} INFO - [2025-12-14T17:15:57.413+0000] {dag.py:3954} INFO - Setting next_dagrun for example_bash_operator to 2025-12-13 00:00:00+00:00, run_after=2025-12-14 00:00:00+00:00
[2025-12-14T17:15:57.447+0000] {processor.py:183} INFO - Processing /home/airflow/.local/lib/python3.12/site-packages/airflow/example_dags/example_bash_operator.py took 0.228 seconds
[2025-12-14T17:16:27.831+0000] {processor.py:161} INFO - Started process (PID=1386) to work on /home/airflow/.local/lib/python3.12/site-packages/airflow/example_dags/example_bash_operator.py
[2025-12-14T17:16:27.834+0000] {processor.py:830} INFO - Processing file /home/airflow/.local/lib/python3.12/site-packages/airflow/example_dags/example_bash_operator.py for tasks to queue
[2025-12-14T17:16:27.842+0000] {logging_mixin.py:188} INFO - [2025-12-14T17:16:27.841+0000] {dagbag.py:540} INFO - Filling up the DagBag from /home/airflow/.local/lib/python3.12/site-packages/airflow/example_dags/example_bash_operator.py
[2025-12-14T17:16:27.868+0000] {processor.py:840} INFO - DAG(s) 'example_bash_operator' retrieved from /home/airflow/.local/lib/python3.12/site-packages/airflow/example_dags/example_bash_operator.py
[2025-12-14T17:16:27.946+0000] {logging_mixin.py:188} INFO - [2025-12-14T17:16:27.946+0000] {dag.py:3096} INFO - Sync 1 DAGs
[2025-12-14T17:16:28.067+0000] {logging_mixin.py:188} INFO - [2025-12-14T17:16:28.066+0000] {dag.py:3954} INFO - Setting next_dagrun for example_bash_operator to 2025-12-13 00:00:00+00:00, run_after=2025-12-14 00:00:00+00:00
[2025-12-14T17:16:28.180+0000] {processor.py:183} INFO - Processing /home/airflow/.local/lib/python3.12/site-packages/airflow/example_dags/example_bash_operator.py took 0.361 seconds
[2025-12-14T17:16:58.960+0000] {processor.py:161} INFO - Started process (PID=1457) to work on /home/airflow/.local/lib/python3.12/site-packages/airflow/example_dags/example_bash_operator.py
[2025-12-14T17:16:58.962+0000] {processor.py:830} INFO - Processing file /home/airflow/.local/lib/python3.12/site-packages/airflow/example_dags/example_bash_operator.py for tasks to queue
[2025-12-14T17:16:58.966+0000] {logging_mixin.py:188} INFO - [2025-12-14T17:16:58.965+0000] {dagbag.py:540} INFO - Filling up the DagBag from /home/airflow/.local/lib/python3.12/site-packages/airflow/example_dags/example_bash_operator.py
[2025-12-14T17:16:58.987+0000] {processor.py:840} INFO - DAG(s) 'example_bash_operator' retrieved from /home/airflow/.local/lib/python3.12/site-packages/airflow/example_dags/example_bash_operator.py
[2025-12-14T17:16:59.044+0000] {logging_mixin.py:188} INFO - [2025-12-14T17:16:59.043+0000] {dag.py:3096} INFO - Sync 1 DAGs
[2025-12-14T17:16:59.094+0000] {logging_mixin.py:188} INFO - [2025-12-14T17:16:59.094+0000] {dag.py:3954} INFO - Setting next_dagrun for example_bash_operator to 2025-12-13 00:00:00+00:00, run_after=2025-12-14 00:00:00+00:00
[2025-12-14T17:16:59.136+0000] {processor.py:183} INFO - Processing /home/airflow/.local/lib/python3.12/site-packages/airflow/example_dags/example_bash_operator.py took 0.187 seconds
[2025-12-14T17:17:29.634+0000] {processor.py:161} INFO - Started process (PID=1528) to work on /home/airflow/.local/lib/python3.12/site-packages/airflow/example_dags/example_bash_operator.py
[2025-12-14T17:17:29.635+0000] {processor.py:830} INFO - Processing file /home/airflow/.local/lib/python3.12/site-packages/airflow/example_dags/example_bash_operator.py for tasks to queue
[2025-12-14T17:17:29.638+0000] {logging_mixin.py:188} INFO - [2025-12-14T17:17:29.637+0000] {dagbag.py:540} INFO - Filling up the DagBag from /home/airflow/.local/lib/python3.12/site-packages/airflow/example_dags/example_bash_operator.py
[2025-12-14T17:17:29.653+0000] {processor.py:840} INFO - DAG(s) 'example_bash_operator' retrieved from /home/airflow/.local/lib/python3.12/site-packages/airflow/example_dags/example_bash_operator.py
[2025-12-14T17:17:29.687+0000] {logging_mixin.py:188} INFO - [2025-12-14T17:17:29.687+0000] {dag.py:3096} INFO - Sync 1 DAGs
[2025-12-14T17:17:29.713+0000] {logging_mixin.py:188} INFO - [2025-12-14T17:17:29.713+0000] {dag.py:3954} INFO - Setting next_dagrun for example_bash_operator to 2025-12-13 00:00:00+00:00, run_after=2025-12-14 00:00:00+00:00
[2025-12-14T17:17:29.736+0000] {processor.py:183} INFO - Processing /home/airflow/.local/lib/python3.12/site-packages/airflow/example_dags/example_bash_operator.py took 0.110 seconds
[2025-12-14T17:18:00.026+0000] {processor.py:161} INFO - Started process (PID=1599) to work on /home/airflow/.local/lib/python3.12/site-packages/airflow/example_dags/example_bash_operator.py
[2025-12-14T17:18:00.029+0000] {processor.py:830} INFO - Processing file /home/airflow/.local/lib/python3.12/site-packages/airflow/example_dags/example_bash_operator.py for tasks to queue
[2025-12-14T17:18:00.033+0000] {logging_mixin.py:188} INFO - [2025-12-14T17:18:00.032+0000] {dagbag.py:540} INFO - Filling up the DagBag from /home/airflow/.local/lib/python3.12/site-packages/airflow/example_dags/example_bash_operator.py
[2025-12-14T17:18:00.053+0000] {processor.py:840} INFO - DAG(s) 'example_bash_operator' retrieved from /home/airflow/.local/lib/python3.12/site-packages/airflow/example_dags/example_bash_operator.py
[2025-12-14T17:18:00.117+0000] {logging_mixin.py:188} INFO - [2025-12-14T17:18:00.117+0000] {dag.py:3096} INFO - Sync 1 DAGs
[2025-12-14T17:18:00.165+0000] {logging_mixin.py:188} INFO - [2025-12-14T17:18:00.164+0000] {dag.py:3954} INFO - Setting next_dagrun for example_bash_operator to 2025-12-13 00:00:00+00:00, run_after=2025-12-14 00:00:00+00:00
[2025-12-14T17:18:00.207+0000] {processor.py:183} INFO - Processing /home/airflow/.local/lib/python3.12/site-packages/airflow/example_dags/example_bash_operator.py took 0.198 seconds
[2025-12-14T17:18:30.891+0000] {processor.py:161} INFO - Started process (PID=1670) to work on /home/airflow/.local/lib/python3.12/site-packages/airflow/example_dags/example_bash_operator.py
[2025-12-14T17:18:30.893+0000] {processor.py:830} INFO - Processing file /home/airflow/.local/lib/python3.12/site-packages/airflow/example_dags/example_bash_operator.py for tasks to queue
[2025-12-14T17:18:30.895+0000] {logging_mixin.py:188} INFO - [2025-12-14T17:18:30.895+0000] {dagbag.py:540} INFO - Filling up the DagBag from /home/airflow/.local/lib/python3.12/site-packages/airflow/example_dags/example_bash_operator.py
[2025-12-14T17:18:30.908+0000] {processor.py:840} INFO - DAG(s) 'example_bash_operator' retrieved from /home/airflow/.local/lib/python3.12/site-packages/airflow/example_dags/example_bash_operator.py
[2025-12-14T17:18:30.939+0000] {logging_mixin.py:188} INFO - [2025-12-14T17:18:30.939+0000] {dag.py:3096} INFO - Sync 1 DAGs
[2025-12-14T17:18:30.965+0000] {logging_mixin.py:188} INFO - [2025-12-14T17:18:30.965+0000] {dag.py:3954} INFO - Setting next_dagrun for example_bash_operator to 2025-12-13 00:00:00+00:00, run_after=2025-12-14 00:00:00+00:00
[2025-12-14T17:18:30.989+0000] {processor.py:183} INFO - Processing /home/airflow/.local/lib/python3.12/site-packages/airflow/example_dags/example_bash_operator.py took 0.105 seconds
[2025-12-14T17:19:01.385+0000] {processor.py:161} INFO - Started process (PID=1741) to work on /home/airflow/.local/lib/python3.12/site-packages/airflow/example_dags/example_bash_operator.py
[2025-12-14T17:19:01.386+0000] {processor.py:830} INFO - Processing file /home/airflow/.local/lib/python3.12/site-packages/airflow/example_dags/example_bash_operator.py for tasks to queue
[2025-12-14T17:19:01.389+0000] {logging_mixin.py:188} INFO - [2025-12-14T17:19:01.388+0000] {dagbag.py:540} INFO - Filling up the DagBag from /home/airflow/.local/lib/python3.12/site-packages/airflow/example_dags/example_bash_operator.py
[2025-12-14T17:19:01.403+0000] {processor.py:840} INFO - DAG(s) 'example_bash_operator' retrieved from /home/airflow/.local/lib/python3.12/site-packages/airflow/example_dags/example_bash_operator.py
[2025-12-14T17:19:01.436+0000] {logging_mixin.py:188} INFO - [2025-12-14T17:19:01.436+0000] {dag.py:3096} INFO - Sync 1 DAGs
[2025-12-14T17:19:01.465+0000] {logging_mixin.py:188} INFO - [2025-12-14T17:19:01.465+0000] {dag.py:3954} INFO - Setting next_dagrun for example_bash_operator to 2025-12-13 00:00:00+00:00, run_after=2025-12-14 00:00:00+00:00
[2025-12-14T17:19:01.491+0000] {processor.py:183} INFO - Processing /home/airflow/.local/lib/python3.12/site-packages/airflow/example_dags/example_bash_operator.py took 0.113 seconds
[2025-12-14T17:19:31.855+0000] {processor.py:161} INFO - Started process (PID=1812) to work on /home/airflow/.local/lib/python3.12/site-packages/airflow/example_dags/example_bash_operator.py
[2025-12-14T17:19:31.856+0000] {processor.py:830} INFO - Processing file /home/airflow/.local/lib/python3.12/site-packages/airflow/example_dags/example_bash_operator.py for tasks to queue
[2025-12-14T17:19:31.858+0000] {logging_mixin.py:188} INFO - [2025-12-14T17:19:31.858+0000] {dagbag.py:540} INFO - Filling up the DagBag from /home/airflow/.local/lib/python3.12/site-packages/airflow/example_dags/example_bash_operator.py
[2025-12-14T17:19:31.871+0000] {processor.py:840} INFO - DAG(s) 'example_bash_operator' retrieved from /home/airflow/.local/lib/python3.12/site-packages/airflow/example_dags/example_bash_operator.py
[2025-12-14T17:19:31.904+0000] {logging_mixin.py:188} INFO - [2025-12-14T17:19:31.904+0000] {dag.py:3096} INFO - Sync 1 DAGs
[2025-12-14T17:19:31.931+0000] {logging_mixin.py:188} INFO - [2025-12-14T17:19:31.931+0000] {dag.py:3954} INFO - Setting next_dagrun for example_bash_operator to 2025-12-13 00:00:00+00:00, run_after=2025-12-14 00:00:00+00:00
[2025-12-14T17:19:31.954+0000] {processor.py:183} INFO - Processing /home/airflow/.local/lib/python3.12/site-packages/airflow/example_dags/example_bash_operator.py took 0.107 seconds
[2025-12-14T17:20:02.824+0000] {processor.py:161} INFO - Started process (PID=1883) to work on /home/airflow/.local/lib/python3.12/site-packages/airflow/example_dags/example_bash_operator.py
[2025-12-14T17:20:02.825+0000] {processor.py:830} INFO - Processing file /home/airflow/.local/lib/python3.12/site-packages/airflow/example_dags/example_bash_operator.py for tasks to queue
[2025-12-14T17:20:02.827+0000] {logging_mixin.py:188} INFO - [2025-12-14T17:20:02.827+0000] {dagbag.py:540} INFO - Filling up the DagBag from /home/airflow/.local/lib/python3.12/site-packages/airflow/example_dags/example_bash_operator.py
[2025-12-14T17:20:02.840+0000] {processor.py:840} INFO - DAG(s) 'example_bash_operator' retrieved from /home/airflow/.local/lib/python3.12/site-packages/airflow/example_dags/example_bash_operator.py
[2025-12-14T17:20:02.872+0000] {logging_mixin.py:188} INFO - [2025-12-14T17:20:02.872+0000] {dag.py:3096} INFO - Sync 1 DAGs
[2025-12-14T17:20:02.900+0000] {logging_mixin.py:188} INFO - [2025-12-14T17:20:02.900+0000] {dag.py:3954} INFO - Setting next_dagrun for example_bash_operator to 2025-12-13 00:00:00+00:00, run_after=2025-12-14 00:00:00+00:00
[2025-12-14T17:20:02.924+0000] {processor.py:183} INFO - Processing /home/airflow/.local/lib/python3.12/site-packages/airflow/example_dags/example_bash_operator.py took 0.108 seconds
[2025-12-14T17:20:33.223+0000] {processor.py:161} INFO - Started process (PID=1954) to work on /home/airflow/.local/lib/python3.12/site-packages/airflow/example_dags/example_bash_operator.py
[2025-12-14T17:20:33.224+0000] {processor.py:830} INFO - Processing file /home/airflow/.local/lib/python3.12/site-packages/airflow/example_dags/example_bash_operator.py for tasks to queue
[2025-12-14T17:20:33.228+0000] {logging_mixin.py:188} INFO - [2025-12-14T17:20:33.228+0000] {dagbag.py:540} INFO - Filling up the DagBag from /home/airflow/.local/lib/python3.12/site-packages/airflow/example_dags/example_bash_operator.py
[2025-12-14T17:20:33.240+0000] {processor.py:840} INFO - DAG(s) 'example_bash_operator' retrieved from /home/airflow/.local/lib/python3.12/site-packages/airflow/example_dags/example_bash_operator.py
[2025-12-14T17:20:33.274+0000] {logging_mixin.py:188} INFO - [2025-12-14T17:20:33.273+0000] {dag.py:3096} INFO - Sync 1 DAGs
[2025-12-14T17:20:33.302+0000] {logging_mixin.py:188} INFO - [2025-12-14T17:20:33.302+0000] {dag.py:3954} INFO - Setting next_dagrun for example_bash_operator to 2025-12-13 00:00:00+00:00, run_after=2025-12-14 00:00:00+00:00
[2025-12-14T17:20:33.327+0000] {processor.py:183} INFO - Processing /home/airflow/.local/lib/python3.12/site-packages/airflow/example_dags/example_bash_operator.py took 0.110 seconds
