[2025-12-14T16:49:12.159+0000] {processor.py:161} INFO - Started process (PID=85) to work on /home/airflow/.local/lib/python3.12/site-packages/airflow/example_dags/example_setup_teardown.py
[2025-12-14T16:49:12.163+0000] {processor.py:830} INFO - Processing file /home/airflow/.local/lib/python3.12/site-packages/airflow/example_dags/example_setup_teardown.py for tasks to queue
[2025-12-14T16:49:12.176+0000] {logging_mixin.py:188} INFO - [2025-12-14T16:49:12.175+0000] {dagbag.py:540} INFO - Filling up the DagBag from /home/airflow/.local/lib/python3.12/site-packages/airflow/example_dags/example_setup_teardown.py
[2025-12-14T16:49:12.192+0000] {processor.py:840} INFO - DAG(s) 'example_setup_teardown' retrieved from /home/airflow/.local/lib/python3.12/site-packages/airflow/example_dags/example_setup_teardown.py
[2025-12-14T16:49:12.429+0000] {logging_mixin.py:188} INFO - [2025-12-14T16:49:12.426+0000] {dag.py:3096} INFO - Sync 1 DAGs
[2025-12-14T16:49:12.469+0000] {logging_mixin.py:188} INFO - [2025-12-14T16:49:12.469+0000] {dag.py:3954} INFO - Setting next_dagrun for example_setup_teardown to 2025-12-13 00:00:00+00:00, run_after=2025-12-14 00:00:00+00:00
[2025-12-14T16:49:12.510+0000] {processor.py:183} INFO - Processing /home/airflow/.local/lib/python3.12/site-packages/airflow/example_dags/example_setup_teardown.py took 0.362 seconds
[2025-12-14T16:49:42.649+0000] {processor.py:161} INFO - Started process (PID=150) to work on /home/airflow/.local/lib/python3.12/site-packages/airflow/example_dags/example_setup_teardown.py
[2025-12-14T16:49:42.650+0000] {processor.py:830} INFO - Processing file /home/airflow/.local/lib/python3.12/site-packages/airflow/example_dags/example_setup_teardown.py for tasks to queue
[2025-12-14T16:49:42.653+0000] {logging_mixin.py:188} INFO - [2025-12-14T16:49:42.652+0000] {dagbag.py:540} INFO - Filling up the DagBag from /home/airflow/.local/lib/python3.12/site-packages/airflow/example_dags/example_setup_teardown.py
[2025-12-14T16:49:42.661+0000] {processor.py:840} INFO - DAG(s) 'example_setup_teardown' retrieved from /home/airflow/.local/lib/python3.12/site-packages/airflow/example_dags/example_setup_teardown.py
[2025-12-14T16:49:42.684+0000] {logging_mixin.py:188} INFO - [2025-12-14T16:49:42.684+0000] {dag.py:3096} INFO - Sync 1 DAGs
[2025-12-14T16:49:42.708+0000] {logging_mixin.py:188} INFO - [2025-12-14T16:49:42.708+0000] {dag.py:3954} INFO - Setting next_dagrun for example_setup_teardown to 2025-12-13 00:00:00+00:00, run_after=2025-12-14 00:00:00+00:00
[2025-12-14T16:49:42.734+0000] {processor.py:183} INFO - Processing /home/airflow/.local/lib/python3.12/site-packages/airflow/example_dags/example_setup_teardown.py took 0.092 seconds
[2025-12-14T16:50:13.134+0000] {processor.py:161} INFO - Started process (PID=208) to work on /home/airflow/.local/lib/python3.12/site-packages/airflow/example_dags/example_setup_teardown.py
[2025-12-14T16:50:13.135+0000] {processor.py:830} INFO - Processing file /home/airflow/.local/lib/python3.12/site-packages/airflow/example_dags/example_setup_teardown.py for tasks to queue
[2025-12-14T16:50:13.138+0000] {logging_mixin.py:188} INFO - [2025-12-14T16:50:13.138+0000] {dagbag.py:540} INFO - Filling up the DagBag from /home/airflow/.local/lib/python3.12/site-packages/airflow/example_dags/example_setup_teardown.py
[2025-12-14T16:50:13.147+0000] {processor.py:840} INFO - DAG(s) 'example_setup_teardown' retrieved from /home/airflow/.local/lib/python3.12/site-packages/airflow/example_dags/example_setup_teardown.py
[2025-12-14T16:50:13.174+0000] {logging_mixin.py:188} INFO - [2025-12-14T16:50:13.174+0000] {dag.py:3096} INFO - Sync 1 DAGs
[2025-12-14T16:50:13.202+0000] {logging_mixin.py:188} INFO - [2025-12-14T16:50:13.202+0000] {dag.py:3954} INFO - Setting next_dagrun for example_setup_teardown to 2025-12-13 00:00:00+00:00, run_after=2025-12-14 00:00:00+00:00
[2025-12-14T16:50:13.228+0000] {processor.py:183} INFO - Processing /home/airflow/.local/lib/python3.12/site-packages/airflow/example_dags/example_setup_teardown.py took 0.102 seconds
[2025-12-14T16:50:43.381+0000] {processor.py:161} INFO - Started process (PID=273) to work on /home/airflow/.local/lib/python3.12/site-packages/airflow/example_dags/example_setup_teardown.py
[2025-12-14T16:50:43.383+0000] {processor.py:830} INFO - Processing file /home/airflow/.local/lib/python3.12/site-packages/airflow/example_dags/example_setup_teardown.py for tasks to queue
[2025-12-14T16:50:43.386+0000] {logging_mixin.py:188} INFO - [2025-12-14T16:50:43.385+0000] {dagbag.py:540} INFO - Filling up the DagBag from /home/airflow/.local/lib/python3.12/site-packages/airflow/example_dags/example_setup_teardown.py
[2025-12-14T16:50:43.396+0000] {processor.py:840} INFO - DAG(s) 'example_setup_teardown' retrieved from /home/airflow/.local/lib/python3.12/site-packages/airflow/example_dags/example_setup_teardown.py
[2025-12-14T16:50:43.423+0000] {logging_mixin.py:188} INFO - [2025-12-14T16:50:43.423+0000] {dag.py:3096} INFO - Sync 1 DAGs
[2025-12-14T16:50:43.450+0000] {logging_mixin.py:188} INFO - [2025-12-14T16:50:43.450+0000] {dag.py:3954} INFO - Setting next_dagrun for example_setup_teardown to 2025-12-13 00:00:00+00:00, run_after=2025-12-14 00:00:00+00:00
[2025-12-14T16:50:43.476+0000] {processor.py:183} INFO - Processing /home/airflow/.local/lib/python3.12/site-packages/airflow/example_dags/example_setup_teardown.py took 0.103 seconds
[2025-12-14T16:51:13.629+0000] {processor.py:161} INFO - Started process (PID=331) to work on /home/airflow/.local/lib/python3.12/site-packages/airflow/example_dags/example_setup_teardown.py
[2025-12-14T16:51:13.630+0000] {processor.py:830} INFO - Processing file /home/airflow/.local/lib/python3.12/site-packages/airflow/example_dags/example_setup_teardown.py for tasks to queue
[2025-12-14T16:51:13.633+0000] {logging_mixin.py:188} INFO - [2025-12-14T16:51:13.632+0000] {dagbag.py:540} INFO - Filling up the DagBag from /home/airflow/.local/lib/python3.12/site-packages/airflow/example_dags/example_setup_teardown.py
[2025-12-14T16:51:13.641+0000] {processor.py:840} INFO - DAG(s) 'example_setup_teardown' retrieved from /home/airflow/.local/lib/python3.12/site-packages/airflow/example_dags/example_setup_teardown.py
[2025-12-14T16:51:13.669+0000] {logging_mixin.py:188} INFO - [2025-12-14T16:51:13.669+0000] {dag.py:3096} INFO - Sync 1 DAGs
[2025-12-14T16:51:13.694+0000] {logging_mixin.py:188} INFO - [2025-12-14T16:51:13.694+0000] {dag.py:3954} INFO - Setting next_dagrun for example_setup_teardown to 2025-12-13 00:00:00+00:00, run_after=2025-12-14 00:00:00+00:00
[2025-12-14T16:51:13.721+0000] {processor.py:183} INFO - Processing /home/airflow/.local/lib/python3.12/site-packages/airflow/example_dags/example_setup_teardown.py took 0.100 seconds
[2025-12-14T16:51:45.455+0000] {processor.py:161} INFO - Started process (PID=389) to work on /home/airflow/.local/lib/python3.12/site-packages/airflow/example_dags/example_setup_teardown.py
[2025-12-14T16:51:45.462+0000] {processor.py:830} INFO - Processing file /home/airflow/.local/lib/python3.12/site-packages/airflow/example_dags/example_setup_teardown.py for tasks to queue
[2025-12-14T16:51:45.473+0000] {logging_mixin.py:188} INFO - [2025-12-14T16:51:45.471+0000] {dagbag.py:540} INFO - Filling up the DagBag from /home/airflow/.local/lib/python3.12/site-packages/airflow/example_dags/example_setup_teardown.py
[2025-12-14T16:51:45.514+0000] {processor.py:840} INFO - DAG(s) 'example_setup_teardown' retrieved from /home/airflow/.local/lib/python3.12/site-packages/airflow/example_dags/example_setup_teardown.py
[2025-12-14T16:51:45.654+0000] {logging_mixin.py:188} INFO - [2025-12-14T16:51:45.652+0000] {dag.py:3096} INFO - Sync 1 DAGs
[2025-12-14T16:51:45.807+0000] {logging_mixin.py:188} INFO - [2025-12-14T16:51:45.805+0000] {dag.py:3954} INFO - Setting next_dagrun for example_setup_teardown to 2025-12-13 00:00:00+00:00, run_after=2025-12-14 00:00:00+00:00
[2025-12-14T16:51:45.906+0000] {processor.py:183} INFO - Processing /home/airflow/.local/lib/python3.12/site-packages/airflow/example_dags/example_setup_teardown.py took 0.486 seconds
[2025-12-14T16:52:16.329+0000] {processor.py:161} INFO - Started process (PID=447) to work on /home/airflow/.local/lib/python3.12/site-packages/airflow/example_dags/example_setup_teardown.py
[2025-12-14T16:52:16.331+0000] {processor.py:830} INFO - Processing file /home/airflow/.local/lib/python3.12/site-packages/airflow/example_dags/example_setup_teardown.py for tasks to queue
[2025-12-14T16:52:16.334+0000] {logging_mixin.py:188} INFO - [2025-12-14T16:52:16.334+0000] {dagbag.py:540} INFO - Filling up the DagBag from /home/airflow/.local/lib/python3.12/site-packages/airflow/example_dags/example_setup_teardown.py
[2025-12-14T16:52:16.343+0000] {processor.py:840} INFO - DAG(s) 'example_setup_teardown' retrieved from /home/airflow/.local/lib/python3.12/site-packages/airflow/example_dags/example_setup_teardown.py
[2025-12-14T16:52:16.371+0000] {logging_mixin.py:188} INFO - [2025-12-14T16:52:16.371+0000] {dag.py:3096} INFO - Sync 1 DAGs
[2025-12-14T16:52:16.399+0000] {logging_mixin.py:188} INFO - [2025-12-14T16:52:16.399+0000] {dag.py:3954} INFO - Setting next_dagrun for example_setup_teardown to 2025-12-13 00:00:00+00:00, run_after=2025-12-14 00:00:00+00:00
[2025-12-14T16:52:16.425+0000] {processor.py:183} INFO - Processing /home/airflow/.local/lib/python3.12/site-packages/airflow/example_dags/example_setup_teardown.py took 0.105 seconds
[2025-12-14T16:55:08.760+0000] {processor.py:161} INFO - Started process (PID=138) to work on /home/airflow/.local/lib/python3.12/site-packages/airflow/example_dags/example_setup_teardown.py
[2025-12-14T16:55:08.779+0000] {processor.py:830} INFO - Processing file /home/airflow/.local/lib/python3.12/site-packages/airflow/example_dags/example_setup_teardown.py for tasks to queue
[2025-12-14T16:55:08.782+0000] {logging_mixin.py:188} INFO - [2025-12-14T16:55:08.782+0000] {dagbag.py:540} INFO - Filling up the DagBag from /home/airflow/.local/lib/python3.12/site-packages/airflow/example_dags/example_setup_teardown.py
[2025-12-14T16:55:08.792+0000] {processor.py:840} INFO - DAG(s) 'example_setup_teardown' retrieved from /home/airflow/.local/lib/python3.12/site-packages/airflow/example_dags/example_setup_teardown.py
[2025-12-14T16:55:09.000+0000] {logging_mixin.py:188} INFO - [2025-12-14T16:55:09.000+0000] {dag.py:3096} INFO - Sync 1 DAGs
[2025-12-14T16:55:09.031+0000] {logging_mixin.py:188} INFO - [2025-12-14T16:55:09.031+0000] {dag.py:3954} INFO - Setting next_dagrun for example_setup_teardown to 2025-12-13 00:00:00+00:00, run_after=2025-12-14 00:00:00+00:00
[2025-12-14T16:55:09.059+0000] {processor.py:183} INFO - Processing /home/airflow/.local/lib/python3.12/site-packages/airflow/example_dags/example_setup_teardown.py took 0.308 seconds
[2025-12-14T16:55:39.441+0000] {processor.py:161} INFO - Started process (PID=210) to work on /home/airflow/.local/lib/python3.12/site-packages/airflow/example_dags/example_setup_teardown.py
[2025-12-14T16:55:39.442+0000] {processor.py:830} INFO - Processing file /home/airflow/.local/lib/python3.12/site-packages/airflow/example_dags/example_setup_teardown.py for tasks to queue
[2025-12-14T16:55:39.444+0000] {logging_mixin.py:188} INFO - [2025-12-14T16:55:39.444+0000] {dagbag.py:540} INFO - Filling up the DagBag from /home/airflow/.local/lib/python3.12/site-packages/airflow/example_dags/example_setup_teardown.py
[2025-12-14T16:55:39.453+0000] {processor.py:840} INFO - DAG(s) 'example_setup_teardown' retrieved from /home/airflow/.local/lib/python3.12/site-packages/airflow/example_dags/example_setup_teardown.py
[2025-12-14T16:55:39.478+0000] {logging_mixin.py:188} INFO - [2025-12-14T16:55:39.478+0000] {dag.py:3096} INFO - Sync 1 DAGs
[2025-12-14T16:55:39.502+0000] {logging_mixin.py:188} INFO - [2025-12-14T16:55:39.502+0000] {dag.py:3954} INFO - Setting next_dagrun for example_setup_teardown to 2025-12-13 00:00:00+00:00, run_after=2025-12-14 00:00:00+00:00
[2025-12-14T16:55:39.539+0000] {processor.py:183} INFO - Processing /home/airflow/.local/lib/python3.12/site-packages/airflow/example_dags/example_setup_teardown.py took 0.105 seconds
[2025-12-14T16:56:09.882+0000] {processor.py:161} INFO - Started process (PID=270) to work on /home/airflow/.local/lib/python3.12/site-packages/airflow/example_dags/example_setup_teardown.py
[2025-12-14T16:56:09.884+0000] {processor.py:830} INFO - Processing file /home/airflow/.local/lib/python3.12/site-packages/airflow/example_dags/example_setup_teardown.py for tasks to queue
[2025-12-14T16:56:09.887+0000] {logging_mixin.py:188} INFO - [2025-12-14T16:56:09.887+0000] {dagbag.py:540} INFO - Filling up the DagBag from /home/airflow/.local/lib/python3.12/site-packages/airflow/example_dags/example_setup_teardown.py
[2025-12-14T16:56:09.898+0000] {processor.py:840} INFO - DAG(s) 'example_setup_teardown' retrieved from /home/airflow/.local/lib/python3.12/site-packages/airflow/example_dags/example_setup_teardown.py
[2025-12-14T16:56:09.930+0000] {logging_mixin.py:188} INFO - [2025-12-14T16:56:09.930+0000] {dag.py:3096} INFO - Sync 1 DAGs
[2025-12-14T16:56:09.961+0000] {logging_mixin.py:188} INFO - [2025-12-14T16:56:09.961+0000] {dag.py:3954} INFO - Setting next_dagrun for example_setup_teardown to 2025-12-13 00:00:00+00:00, run_after=2025-12-14 00:00:00+00:00
[2025-12-14T16:56:09.994+0000] {processor.py:183} INFO - Processing /home/airflow/.local/lib/python3.12/site-packages/airflow/example_dags/example_setup_teardown.py took 0.122 seconds
[2025-12-14T16:56:40.463+0000] {processor.py:161} INFO - Started process (PID=340) to work on /home/airflow/.local/lib/python3.12/site-packages/airflow/example_dags/example_setup_teardown.py
[2025-12-14T16:56:40.464+0000] {processor.py:830} INFO - Processing file /home/airflow/.local/lib/python3.12/site-packages/airflow/example_dags/example_setup_teardown.py for tasks to queue
[2025-12-14T16:56:40.467+0000] {logging_mixin.py:188} INFO - [2025-12-14T16:56:40.467+0000] {dagbag.py:540} INFO - Filling up the DagBag from /home/airflow/.local/lib/python3.12/site-packages/airflow/example_dags/example_setup_teardown.py
[2025-12-14T16:56:40.475+0000] {processor.py:840} INFO - DAG(s) 'example_setup_teardown' retrieved from /home/airflow/.local/lib/python3.12/site-packages/airflow/example_dags/example_setup_teardown.py
[2025-12-14T16:56:40.500+0000] {logging_mixin.py:188} INFO - [2025-12-14T16:56:40.499+0000] {dag.py:3096} INFO - Sync 1 DAGs
[2025-12-14T16:56:40.524+0000] {logging_mixin.py:188} INFO - [2025-12-14T16:56:40.523+0000] {dag.py:3954} INFO - Setting next_dagrun for example_setup_teardown to 2025-12-13 00:00:00+00:00, run_after=2025-12-14 00:00:00+00:00
[2025-12-14T16:56:40.558+0000] {processor.py:183} INFO - Processing /home/airflow/.local/lib/python3.12/site-packages/airflow/example_dags/example_setup_teardown.py took 0.102 seconds
[2025-12-14T16:57:11.607+0000] {processor.py:161} INFO - Started process (PID=411) to work on /home/airflow/.local/lib/python3.12/site-packages/airflow/example_dags/example_setup_teardown.py
[2025-12-14T16:57:11.609+0000] {processor.py:830} INFO - Processing file /home/airflow/.local/lib/python3.12/site-packages/airflow/example_dags/example_setup_teardown.py for tasks to queue
[2025-12-14T16:57:11.611+0000] {logging_mixin.py:188} INFO - [2025-12-14T16:57:11.611+0000] {dagbag.py:540} INFO - Filling up the DagBag from /home/airflow/.local/lib/python3.12/site-packages/airflow/example_dags/example_setup_teardown.py
[2025-12-14T16:57:11.619+0000] {processor.py:840} INFO - DAG(s) 'example_setup_teardown' retrieved from /home/airflow/.local/lib/python3.12/site-packages/airflow/example_dags/example_setup_teardown.py
[2025-12-14T16:57:11.644+0000] {logging_mixin.py:188} INFO - [2025-12-14T16:57:11.644+0000] {dag.py:3096} INFO - Sync 1 DAGs
[2025-12-14T16:57:11.668+0000] {logging_mixin.py:188} INFO - [2025-12-14T16:57:11.668+0000] {dag.py:3954} INFO - Setting next_dagrun for example_setup_teardown to 2025-12-13 00:00:00+00:00, run_after=2025-12-14 00:00:00+00:00
[2025-12-14T16:57:11.695+0000] {processor.py:183} INFO - Processing /home/airflow/.local/lib/python3.12/site-packages/airflow/example_dags/example_setup_teardown.py took 0.096 seconds
[2025-12-14T16:58:33.100+0000] {processor.py:161} INFO - Started process (PID=87) to work on /home/airflow/.local/lib/python3.12/site-packages/airflow/example_dags/example_setup_teardown.py
[2025-12-14T16:58:33.102+0000] {processor.py:830} INFO - Processing file /home/airflow/.local/lib/python3.12/site-packages/airflow/example_dags/example_setup_teardown.py for tasks to queue
[2025-12-14T16:58:33.104+0000] {logging_mixin.py:188} INFO - [2025-12-14T16:58:33.104+0000] {dagbag.py:540} INFO - Filling up the DagBag from /home/airflow/.local/lib/python3.12/site-packages/airflow/example_dags/example_setup_teardown.py
[2025-12-14T16:58:33.114+0000] {processor.py:840} INFO - DAG(s) 'example_setup_teardown' retrieved from /home/airflow/.local/lib/python3.12/site-packages/airflow/example_dags/example_setup_teardown.py
[2025-12-14T16:58:33.275+0000] {logging_mixin.py:188} INFO - [2025-12-14T16:58:33.275+0000] {dag.py:3096} INFO - Sync 1 DAGs
[2025-12-14T16:58:33.304+0000] {logging_mixin.py:188} INFO - [2025-12-14T16:58:33.304+0000] {dag.py:3954} INFO - Setting next_dagrun for example_setup_teardown to 2025-12-13 00:00:00+00:00, run_after=2025-12-14 00:00:00+00:00
[2025-12-14T16:58:33.333+0000] {processor.py:183} INFO - Processing /home/airflow/.local/lib/python3.12/site-packages/airflow/example_dags/example_setup_teardown.py took 0.242 seconds
[2025-12-14T16:59:03.586+0000] {processor.py:161} INFO - Started process (PID=147) to work on /home/airflow/.local/lib/python3.12/site-packages/airflow/example_dags/example_setup_teardown.py
[2025-12-14T16:59:03.588+0000] {processor.py:830} INFO - Processing file /home/airflow/.local/lib/python3.12/site-packages/airflow/example_dags/example_setup_teardown.py for tasks to queue
[2025-12-14T16:59:03.591+0000] {logging_mixin.py:188} INFO - [2025-12-14T16:59:03.591+0000] {dagbag.py:540} INFO - Filling up the DagBag from /home/airflow/.local/lib/python3.12/site-packages/airflow/example_dags/example_setup_teardown.py
[2025-12-14T16:59:03.602+0000] {processor.py:840} INFO - DAG(s) 'example_setup_teardown' retrieved from /home/airflow/.local/lib/python3.12/site-packages/airflow/example_dags/example_setup_teardown.py
[2025-12-14T16:59:03.630+0000] {logging_mixin.py:188} INFO - [2025-12-14T16:59:03.630+0000] {dag.py:3096} INFO - Sync 1 DAGs
[2025-12-14T16:59:03.663+0000] {logging_mixin.py:188} INFO - [2025-12-14T16:59:03.662+0000] {dag.py:3954} INFO - Setting next_dagrun for example_setup_teardown to 2025-12-13 00:00:00+00:00, run_after=2025-12-14 00:00:00+00:00
[2025-12-14T16:59:03.693+0000] {processor.py:183} INFO - Processing /home/airflow/.local/lib/python3.12/site-packages/airflow/example_dags/example_setup_teardown.py took 0.114 seconds
[2025-12-14T16:59:35.005+0000] {processor.py:161} INFO - Started process (PID=207) to work on /home/airflow/.local/lib/python3.12/site-packages/airflow/example_dags/example_setup_teardown.py
[2025-12-14T16:59:35.006+0000] {processor.py:830} INFO - Processing file /home/airflow/.local/lib/python3.12/site-packages/airflow/example_dags/example_setup_teardown.py for tasks to queue
[2025-12-14T16:59:35.008+0000] {logging_mixin.py:188} INFO - [2025-12-14T16:59:35.007+0000] {dagbag.py:540} INFO - Filling up the DagBag from /home/airflow/.local/lib/python3.12/site-packages/airflow/example_dags/example_setup_teardown.py
[2025-12-14T16:59:35.021+0000] {processor.py:840} INFO - DAG(s) 'example_setup_teardown' retrieved from /home/airflow/.local/lib/python3.12/site-packages/airflow/example_dags/example_setup_teardown.py
[2025-12-14T16:59:35.051+0000] {logging_mixin.py:188} INFO - [2025-12-14T16:59:35.051+0000] {dag.py:3096} INFO - Sync 1 DAGs
[2025-12-14T16:59:35.081+0000] {logging_mixin.py:188} INFO - [2025-12-14T16:59:35.080+0000] {dag.py:3954} INFO - Setting next_dagrun for example_setup_teardown to 2025-12-13 00:00:00+00:00, run_after=2025-12-14 00:00:00+00:00
[2025-12-14T16:59:35.115+0000] {processor.py:183} INFO - Processing /home/airflow/.local/lib/python3.12/site-packages/airflow/example_dags/example_setup_teardown.py took 0.118 seconds
[2025-12-14T17:00:06.037+0000] {processor.py:161} INFO - Started process (PID=267) to work on /home/airflow/.local/lib/python3.12/site-packages/airflow/example_dags/example_setup_teardown.py
[2025-12-14T17:00:06.039+0000] {processor.py:830} INFO - Processing file /home/airflow/.local/lib/python3.12/site-packages/airflow/example_dags/example_setup_teardown.py for tasks to queue
[2025-12-14T17:00:06.040+0000] {logging_mixin.py:188} INFO - [2025-12-14T17:00:06.040+0000] {dagbag.py:540} INFO - Filling up the DagBag from /home/airflow/.local/lib/python3.12/site-packages/airflow/example_dags/example_setup_teardown.py
[2025-12-14T17:00:06.049+0000] {processor.py:840} INFO - DAG(s) 'example_setup_teardown' retrieved from /home/airflow/.local/lib/python3.12/site-packages/airflow/example_dags/example_setup_teardown.py
[2025-12-14T17:00:06.074+0000] {logging_mixin.py:188} INFO - [2025-12-14T17:00:06.074+0000] {dag.py:3096} INFO - Sync 1 DAGs
[2025-12-14T17:00:06.101+0000] {logging_mixin.py:188} INFO - [2025-12-14T17:00:06.100+0000] {dag.py:3954} INFO - Setting next_dagrun for example_setup_teardown to 2025-12-13 00:00:00+00:00, run_after=2025-12-14 00:00:00+00:00
[2025-12-14T17:00:06.124+0000] {processor.py:183} INFO - Processing /home/airflow/.local/lib/python3.12/site-packages/airflow/example_dags/example_setup_teardown.py took 0.094 seconds
[2025-12-14T17:00:36.906+0000] {processor.py:161} INFO - Started process (PID=327) to work on /home/airflow/.local/lib/python3.12/site-packages/airflow/example_dags/example_setup_teardown.py
[2025-12-14T17:00:36.909+0000] {processor.py:830} INFO - Processing file /home/airflow/.local/lib/python3.12/site-packages/airflow/example_dags/example_setup_teardown.py for tasks to queue
[2025-12-14T17:00:36.915+0000] {logging_mixin.py:188} INFO - [2025-12-14T17:00:36.914+0000] {dagbag.py:540} INFO - Filling up the DagBag from /home/airflow/.local/lib/python3.12/site-packages/airflow/example_dags/example_setup_teardown.py
[2025-12-14T17:00:36.927+0000] {processor.py:840} INFO - DAG(s) 'example_setup_teardown' retrieved from /home/airflow/.local/lib/python3.12/site-packages/airflow/example_dags/example_setup_teardown.py
[2025-12-14T17:00:36.955+0000] {logging_mixin.py:188} INFO - [2025-12-14T17:00:36.954+0000] {dag.py:3096} INFO - Sync 1 DAGs
[2025-12-14T17:00:36.985+0000] {logging_mixin.py:188} INFO - [2025-12-14T17:00:36.985+0000] {dag.py:3954} INFO - Setting next_dagrun for example_setup_teardown to 2025-12-13 00:00:00+00:00, run_after=2025-12-14 00:00:00+00:00
[2025-12-14T17:00:37.012+0000] {processor.py:183} INFO - Processing /home/airflow/.local/lib/python3.12/site-packages/airflow/example_dags/example_setup_teardown.py took 0.118 seconds
[2025-12-14T17:02:50.215+0000] {processor.py:161} INFO - Started process (PID=125) to work on /home/airflow/.local/lib/python3.12/site-packages/airflow/example_dags/example_setup_teardown.py
[2025-12-14T17:02:50.217+0000] {processor.py:830} INFO - Processing file /home/airflow/.local/lib/python3.12/site-packages/airflow/example_dags/example_setup_teardown.py for tasks to queue
[2025-12-14T17:02:50.220+0000] {logging_mixin.py:188} INFO - [2025-12-14T17:02:50.219+0000] {dagbag.py:540} INFO - Filling up the DagBag from /home/airflow/.local/lib/python3.12/site-packages/airflow/example_dags/example_setup_teardown.py
[2025-12-14T17:02:50.233+0000] {processor.py:840} INFO - DAG(s) 'example_setup_teardown' retrieved from /home/airflow/.local/lib/python3.12/site-packages/airflow/example_dags/example_setup_teardown.py
[2025-12-14T17:02:50.438+0000] {logging_mixin.py:188} INFO - [2025-12-14T17:02:50.437+0000] {dag.py:3096} INFO - Sync 1 DAGs
[2025-12-14T17:02:50.470+0000] {logging_mixin.py:188} INFO - [2025-12-14T17:02:50.470+0000] {dag.py:3954} INFO - Setting next_dagrun for example_setup_teardown to 2025-12-13 00:00:00+00:00, run_after=2025-12-14 00:00:00+00:00
[2025-12-14T17:02:50.511+0000] {processor.py:183} INFO - Processing /home/airflow/.local/lib/python3.12/site-packages/airflow/example_dags/example_setup_teardown.py took 0.308 seconds
[2025-12-14T17:03:21.623+0000] {processor.py:161} INFO - Started process (PID=196) to work on /home/airflow/.local/lib/python3.12/site-packages/airflow/example_dags/example_setup_teardown.py
[2025-12-14T17:03:21.625+0000] {processor.py:830} INFO - Processing file /home/airflow/.local/lib/python3.12/site-packages/airflow/example_dags/example_setup_teardown.py for tasks to queue
[2025-12-14T17:03:21.628+0000] {logging_mixin.py:188} INFO - [2025-12-14T17:03:21.628+0000] {dagbag.py:540} INFO - Filling up the DagBag from /home/airflow/.local/lib/python3.12/site-packages/airflow/example_dags/example_setup_teardown.py
[2025-12-14T17:03:21.639+0000] {processor.py:840} INFO - DAG(s) 'example_setup_teardown' retrieved from /home/airflow/.local/lib/python3.12/site-packages/airflow/example_dags/example_setup_teardown.py
[2025-12-14T17:03:21.681+0000] {logging_mixin.py:188} INFO - [2025-12-14T17:03:21.680+0000] {dag.py:3096} INFO - Sync 1 DAGs
[2025-12-14T17:03:21.726+0000] {logging_mixin.py:188} INFO - [2025-12-14T17:03:21.725+0000] {dag.py:3954} INFO - Setting next_dagrun for example_setup_teardown to 2025-12-13 00:00:00+00:00, run_after=2025-12-14 00:00:00+00:00
[2025-12-14T17:03:21.757+0000] {processor.py:183} INFO - Processing /home/airflow/.local/lib/python3.12/site-packages/airflow/example_dags/example_setup_teardown.py took 0.143 seconds
[2025-12-14T17:03:52.717+0000] {processor.py:161} INFO - Started process (PID=267) to work on /home/airflow/.local/lib/python3.12/site-packages/airflow/example_dags/example_setup_teardown.py
[2025-12-14T17:03:52.718+0000] {processor.py:830} INFO - Processing file /home/airflow/.local/lib/python3.12/site-packages/airflow/example_dags/example_setup_teardown.py for tasks to queue
[2025-12-14T17:03:52.721+0000] {logging_mixin.py:188} INFO - [2025-12-14T17:03:52.720+0000] {dagbag.py:540} INFO - Filling up the DagBag from /home/airflow/.local/lib/python3.12/site-packages/airflow/example_dags/example_setup_teardown.py
[2025-12-14T17:03:52.729+0000] {processor.py:840} INFO - DAG(s) 'example_setup_teardown' retrieved from /home/airflow/.local/lib/python3.12/site-packages/airflow/example_dags/example_setup_teardown.py
[2025-12-14T17:03:52.752+0000] {logging_mixin.py:188} INFO - [2025-12-14T17:03:52.752+0000] {dag.py:3096} INFO - Sync 1 DAGs
[2025-12-14T17:03:52.777+0000] {logging_mixin.py:188} INFO - [2025-12-14T17:03:52.776+0000] {dag.py:3954} INFO - Setting next_dagrun for example_setup_teardown to 2025-12-13 00:00:00+00:00, run_after=2025-12-14 00:00:00+00:00
[2025-12-14T17:03:52.801+0000] {processor.py:183} INFO - Processing /home/airflow/.local/lib/python3.12/site-packages/airflow/example_dags/example_setup_teardown.py took 0.091 seconds
[2025-12-14T17:04:23.750+0000] {processor.py:161} INFO - Started process (PID=327) to work on /home/airflow/.local/lib/python3.12/site-packages/airflow/example_dags/example_setup_teardown.py
[2025-12-14T17:04:23.752+0000] {processor.py:830} INFO - Processing file /home/airflow/.local/lib/python3.12/site-packages/airflow/example_dags/example_setup_teardown.py for tasks to queue
[2025-12-14T17:04:23.756+0000] {logging_mixin.py:188} INFO - [2025-12-14T17:04:23.756+0000] {dagbag.py:540} INFO - Filling up the DagBag from /home/airflow/.local/lib/python3.12/site-packages/airflow/example_dags/example_setup_teardown.py
[2025-12-14T17:04:23.770+0000] {processor.py:840} INFO - DAG(s) 'example_setup_teardown' retrieved from /home/airflow/.local/lib/python3.12/site-packages/airflow/example_dags/example_setup_teardown.py
[2025-12-14T17:04:23.806+0000] {logging_mixin.py:188} INFO - [2025-12-14T17:04:23.805+0000] {dag.py:3096} INFO - Sync 1 DAGs
[2025-12-14T17:04:23.835+0000] {logging_mixin.py:188} INFO - [2025-12-14T17:04:23.835+0000] {dag.py:3954} INFO - Setting next_dagrun for example_setup_teardown to 2025-12-13 00:00:00+00:00, run_after=2025-12-14 00:00:00+00:00
[2025-12-14T17:04:23.862+0000] {processor.py:183} INFO - Processing /home/airflow/.local/lib/python3.12/site-packages/airflow/example_dags/example_setup_teardown.py took 0.128 seconds
[2025-12-14T17:07:15.670+0000] {processor.py:161} INFO - Started process (PID=116) to work on /home/airflow/.local/lib/python3.12/site-packages/airflow/example_dags/example_setup_teardown.py
[2025-12-14T17:07:15.671+0000] {processor.py:830} INFO - Processing file /home/airflow/.local/lib/python3.12/site-packages/airflow/example_dags/example_setup_teardown.py for tasks to queue
[2025-12-14T17:07:15.676+0000] {logging_mixin.py:188} INFO - [2025-12-14T17:07:15.675+0000] {dagbag.py:540} INFO - Filling up the DagBag from /home/airflow/.local/lib/python3.12/site-packages/airflow/example_dags/example_setup_teardown.py
[2025-12-14T17:07:15.687+0000] {processor.py:840} INFO - DAG(s) 'example_setup_teardown' retrieved from /home/airflow/.local/lib/python3.12/site-packages/airflow/example_dags/example_setup_teardown.py
[2025-12-14T17:07:15.862+0000] {logging_mixin.py:188} INFO - [2025-12-14T17:07:15.862+0000] {dag.py:3096} INFO - Sync 1 DAGs
[2025-12-14T17:07:15.892+0000] {logging_mixin.py:188} INFO - [2025-12-14T17:07:15.892+0000] {dag.py:3954} INFO - Setting next_dagrun for example_setup_teardown to 2025-12-13 00:00:00+00:00, run_after=2025-12-14 00:00:00+00:00
[2025-12-14T17:07:15.927+0000] {processor.py:183} INFO - Processing /home/airflow/.local/lib/python3.12/site-packages/airflow/example_dags/example_setup_teardown.py took 0.266 seconds
[2025-12-14T17:07:47.745+0000] {processor.py:161} INFO - Started process (PID=187) to work on /home/airflow/.local/lib/python3.12/site-packages/airflow/example_dags/example_setup_teardown.py
[2025-12-14T17:07:47.746+0000] {processor.py:830} INFO - Processing file /home/airflow/.local/lib/python3.12/site-packages/airflow/example_dags/example_setup_teardown.py for tasks to queue
[2025-12-14T17:07:47.749+0000] {logging_mixin.py:188} INFO - [2025-12-14T17:07:47.749+0000] {dagbag.py:540} INFO - Filling up the DagBag from /home/airflow/.local/lib/python3.12/site-packages/airflow/example_dags/example_setup_teardown.py
[2025-12-14T17:07:47.758+0000] {processor.py:840} INFO - DAG(s) 'example_setup_teardown' retrieved from /home/airflow/.local/lib/python3.12/site-packages/airflow/example_dags/example_setup_teardown.py
[2025-12-14T17:07:47.784+0000] {logging_mixin.py:188} INFO - [2025-12-14T17:07:47.784+0000] {dag.py:3096} INFO - Sync 1 DAGs
[2025-12-14T17:07:47.813+0000] {logging_mixin.py:188} INFO - [2025-12-14T17:07:47.813+0000] {dag.py:3954} INFO - Setting next_dagrun for example_setup_teardown to 2025-12-13 00:00:00+00:00, run_after=2025-12-14 00:00:00+00:00
[2025-12-14T17:07:47.839+0000] {processor.py:183} INFO - Processing /home/airflow/.local/lib/python3.12/site-packages/airflow/example_dags/example_setup_teardown.py took 0.101 seconds
[2025-12-14T17:08:18.853+0000] {processor.py:161} INFO - Started process (PID=247) to work on /home/airflow/.local/lib/python3.12/site-packages/airflow/example_dags/example_setup_teardown.py
[2025-12-14T17:08:18.856+0000] {processor.py:830} INFO - Processing file /home/airflow/.local/lib/python3.12/site-packages/airflow/example_dags/example_setup_teardown.py for tasks to queue
[2025-12-14T17:08:18.860+0000] {logging_mixin.py:188} INFO - [2025-12-14T17:08:18.860+0000] {dagbag.py:540} INFO - Filling up the DagBag from /home/airflow/.local/lib/python3.12/site-packages/airflow/example_dags/example_setup_teardown.py
[2025-12-14T17:08:18.871+0000] {processor.py:840} INFO - DAG(s) 'example_setup_teardown' retrieved from /home/airflow/.local/lib/python3.12/site-packages/airflow/example_dags/example_setup_teardown.py
[2025-12-14T17:08:18.906+0000] {logging_mixin.py:188} INFO - [2025-12-14T17:08:18.905+0000] {dag.py:3096} INFO - Sync 1 DAGs
[2025-12-14T17:08:18.935+0000] {logging_mixin.py:188} INFO - [2025-12-14T17:08:18.935+0000] {dag.py:3954} INFO - Setting next_dagrun for example_setup_teardown to 2025-12-13 00:00:00+00:00, run_after=2025-12-14 00:00:00+00:00
[2025-12-14T17:08:18.966+0000] {processor.py:183} INFO - Processing /home/airflow/.local/lib/python3.12/site-packages/airflow/example_dags/example_setup_teardown.py took 0.122 seconds
[2025-12-14T17:08:49.556+0000] {processor.py:161} INFO - Started process (PID=317) to work on /home/airflow/.local/lib/python3.12/site-packages/airflow/example_dags/example_setup_teardown.py
[2025-12-14T17:08:49.557+0000] {processor.py:830} INFO - Processing file /home/airflow/.local/lib/python3.12/site-packages/airflow/example_dags/example_setup_teardown.py for tasks to queue
[2025-12-14T17:08:49.560+0000] {logging_mixin.py:188} INFO - [2025-12-14T17:08:49.560+0000] {dagbag.py:540} INFO - Filling up the DagBag from /home/airflow/.local/lib/python3.12/site-packages/airflow/example_dags/example_setup_teardown.py
[2025-12-14T17:08:49.569+0000] {processor.py:840} INFO - DAG(s) 'example_setup_teardown' retrieved from /home/airflow/.local/lib/python3.12/site-packages/airflow/example_dags/example_setup_teardown.py
[2025-12-14T17:08:49.594+0000] {logging_mixin.py:188} INFO - [2025-12-14T17:08:49.593+0000] {dag.py:3096} INFO - Sync 1 DAGs
[2025-12-14T17:08:49.619+0000] {logging_mixin.py:188} INFO - [2025-12-14T17:08:49.618+0000] {dag.py:3954} INFO - Setting next_dagrun for example_setup_teardown to 2025-12-13 00:00:00+00:00, run_after=2025-12-14 00:00:00+00:00
[2025-12-14T17:08:49.641+0000] {processor.py:183} INFO - Processing /home/airflow/.local/lib/python3.12/site-packages/airflow/example_dags/example_setup_teardown.py took 0.092 seconds
[2025-12-14T17:09:19.839+0000] {processor.py:161} INFO - Started process (PID=388) to work on /home/airflow/.local/lib/python3.12/site-packages/airflow/example_dags/example_setup_teardown.py
[2025-12-14T17:09:19.840+0000] {processor.py:830} INFO - Processing file /home/airflow/.local/lib/python3.12/site-packages/airflow/example_dags/example_setup_teardown.py for tasks to queue
[2025-12-14T17:09:19.843+0000] {logging_mixin.py:188} INFO - [2025-12-14T17:09:19.842+0000] {dagbag.py:540} INFO - Filling up the DagBag from /home/airflow/.local/lib/python3.12/site-packages/airflow/example_dags/example_setup_teardown.py
[2025-12-14T17:09:19.851+0000] {processor.py:840} INFO - DAG(s) 'example_setup_teardown' retrieved from /home/airflow/.local/lib/python3.12/site-packages/airflow/example_dags/example_setup_teardown.py
[2025-12-14T17:09:19.874+0000] {logging_mixin.py:188} INFO - [2025-12-14T17:09:19.874+0000] {dag.py:3096} INFO - Sync 1 DAGs
[2025-12-14T17:09:19.897+0000] {logging_mixin.py:188} INFO - [2025-12-14T17:09:19.897+0000] {dag.py:3954} INFO - Setting next_dagrun for example_setup_teardown to 2025-12-13 00:00:00+00:00, run_after=2025-12-14 00:00:00+00:00
[2025-12-14T17:09:19.921+0000] {processor.py:183} INFO - Processing /home/airflow/.local/lib/python3.12/site-packages/airflow/example_dags/example_setup_teardown.py took 0.091 seconds
[2025-12-14T17:09:50.311+0000] {processor.py:161} INFO - Started process (PID=459) to work on /home/airflow/.local/lib/python3.12/site-packages/airflow/example_dags/example_setup_teardown.py
[2025-12-14T17:09:50.313+0000] {processor.py:830} INFO - Processing file /home/airflow/.local/lib/python3.12/site-packages/airflow/example_dags/example_setup_teardown.py for tasks to queue
[2025-12-14T17:09:50.317+0000] {logging_mixin.py:188} INFO - [2025-12-14T17:09:50.316+0000] {dagbag.py:540} INFO - Filling up the DagBag from /home/airflow/.local/lib/python3.12/site-packages/airflow/example_dags/example_setup_teardown.py
[2025-12-14T17:09:50.326+0000] {processor.py:840} INFO - DAG(s) 'example_setup_teardown' retrieved from /home/airflow/.local/lib/python3.12/site-packages/airflow/example_dags/example_setup_teardown.py
[2025-12-14T17:09:50.351+0000] {logging_mixin.py:188} INFO - [2025-12-14T17:09:50.351+0000] {dag.py:3096} INFO - Sync 1 DAGs
[2025-12-14T17:09:50.382+0000] {logging_mixin.py:188} INFO - [2025-12-14T17:09:50.382+0000] {dag.py:3954} INFO - Setting next_dagrun for example_setup_teardown to 2025-12-13 00:00:00+00:00, run_after=2025-12-14 00:00:00+00:00
[2025-12-14T17:09:50.413+0000] {processor.py:183} INFO - Processing /home/airflow/.local/lib/python3.12/site-packages/airflow/example_dags/example_setup_teardown.py took 0.109 seconds
[2025-12-14T17:10:20.896+0000] {processor.py:161} INFO - Started process (PID=543) to work on /home/airflow/.local/lib/python3.12/site-packages/airflow/example_dags/example_setup_teardown.py
[2025-12-14T17:10:20.898+0000] {processor.py:830} INFO - Processing file /home/airflow/.local/lib/python3.12/site-packages/airflow/example_dags/example_setup_teardown.py for tasks to queue
[2025-12-14T17:10:20.902+0000] {logging_mixin.py:188} INFO - [2025-12-14T17:10:20.901+0000] {dagbag.py:540} INFO - Filling up the DagBag from /home/airflow/.local/lib/python3.12/site-packages/airflow/example_dags/example_setup_teardown.py
[2025-12-14T17:10:20.911+0000] {processor.py:840} INFO - DAG(s) 'example_setup_teardown' retrieved from /home/airflow/.local/lib/python3.12/site-packages/airflow/example_dags/example_setup_teardown.py
[2025-12-14T17:10:20.939+0000] {logging_mixin.py:188} INFO - [2025-12-14T17:10:20.938+0000] {dag.py:3096} INFO - Sync 1 DAGs
[2025-12-14T17:10:20.966+0000] {logging_mixin.py:188} INFO - [2025-12-14T17:10:20.966+0000] {dag.py:3954} INFO - Setting next_dagrun for example_setup_teardown to 2025-12-13 00:00:00+00:00, run_after=2025-12-14 00:00:00+00:00
[2025-12-14T17:10:20.994+0000] {processor.py:183} INFO - Processing /home/airflow/.local/lib/python3.12/site-packages/airflow/example_dags/example_setup_teardown.py took 0.106 seconds
[2025-12-14T17:10:51.239+0000] {processor.py:161} INFO - Started process (PID=614) to work on /home/airflow/.local/lib/python3.12/site-packages/airflow/example_dags/example_setup_teardown.py
[2025-12-14T17:10:51.240+0000] {processor.py:830} INFO - Processing file /home/airflow/.local/lib/python3.12/site-packages/airflow/example_dags/example_setup_teardown.py for tasks to queue
[2025-12-14T17:10:51.243+0000] {logging_mixin.py:188} INFO - [2025-12-14T17:10:51.242+0000] {dagbag.py:540} INFO - Filling up the DagBag from /home/airflow/.local/lib/python3.12/site-packages/airflow/example_dags/example_setup_teardown.py
[2025-12-14T17:10:51.251+0000] {processor.py:840} INFO - DAG(s) 'example_setup_teardown' retrieved from /home/airflow/.local/lib/python3.12/site-packages/airflow/example_dags/example_setup_teardown.py
[2025-12-14T17:10:51.274+0000] {logging_mixin.py:188} INFO - [2025-12-14T17:10:51.274+0000] {dag.py:3096} INFO - Sync 1 DAGs
[2025-12-14T17:10:51.297+0000] {logging_mixin.py:188} INFO - [2025-12-14T17:10:51.297+0000] {dag.py:3954} INFO - Setting next_dagrun for example_setup_teardown to 2025-12-13 00:00:00+00:00, run_after=2025-12-14 00:00:00+00:00
[2025-12-14T17:10:51.320+0000] {processor.py:183} INFO - Processing /home/airflow/.local/lib/python3.12/site-packages/airflow/example_dags/example_setup_teardown.py took 0.088 seconds
[2025-12-14T17:11:21.809+0000] {processor.py:161} INFO - Started process (PID=685) to work on /home/airflow/.local/lib/python3.12/site-packages/airflow/example_dags/example_setup_teardown.py
[2025-12-14T17:11:21.811+0000] {processor.py:830} INFO - Processing file /home/airflow/.local/lib/python3.12/site-packages/airflow/example_dags/example_setup_teardown.py for tasks to queue
[2025-12-14T17:11:21.813+0000] {logging_mixin.py:188} INFO - [2025-12-14T17:11:21.813+0000] {dagbag.py:540} INFO - Filling up the DagBag from /home/airflow/.local/lib/python3.12/site-packages/airflow/example_dags/example_setup_teardown.py
[2025-12-14T17:11:21.821+0000] {processor.py:840} INFO - DAG(s) 'example_setup_teardown' retrieved from /home/airflow/.local/lib/python3.12/site-packages/airflow/example_dags/example_setup_teardown.py
[2025-12-14T17:11:21.846+0000] {logging_mixin.py:188} INFO - [2025-12-14T17:11:21.846+0000] {dag.py:3096} INFO - Sync 1 DAGs
[2025-12-14T17:11:21.870+0000] {logging_mixin.py:188} INFO - [2025-12-14T17:11:21.870+0000] {dag.py:3954} INFO - Setting next_dagrun for example_setup_teardown to 2025-12-13 00:00:00+00:00, run_after=2025-12-14 00:00:00+00:00
[2025-12-14T17:11:21.892+0000] {processor.py:183} INFO - Processing /home/airflow/.local/lib/python3.12/site-packages/airflow/example_dags/example_setup_teardown.py took 0.090 seconds
[2025-12-14T17:11:52.065+0000] {processor.py:161} INFO - Started process (PID=756) to work on /home/airflow/.local/lib/python3.12/site-packages/airflow/example_dags/example_setup_teardown.py
[2025-12-14T17:11:52.066+0000] {processor.py:830} INFO - Processing file /home/airflow/.local/lib/python3.12/site-packages/airflow/example_dags/example_setup_teardown.py for tasks to queue
[2025-12-14T17:11:52.069+0000] {logging_mixin.py:188} INFO - [2025-12-14T17:11:52.068+0000] {dagbag.py:540} INFO - Filling up the DagBag from /home/airflow/.local/lib/python3.12/site-packages/airflow/example_dags/example_setup_teardown.py
[2025-12-14T17:11:52.077+0000] {processor.py:840} INFO - DAG(s) 'example_setup_teardown' retrieved from /home/airflow/.local/lib/python3.12/site-packages/airflow/example_dags/example_setup_teardown.py
[2025-12-14T17:11:52.104+0000] {logging_mixin.py:188} INFO - [2025-12-14T17:11:52.103+0000] {dag.py:3096} INFO - Sync 1 DAGs
[2025-12-14T17:11:52.126+0000] {logging_mixin.py:188} INFO - [2025-12-14T17:11:52.126+0000] {dag.py:3954} INFO - Setting next_dagrun for example_setup_teardown to 2025-12-13 00:00:00+00:00, run_after=2025-12-14 00:00:00+00:00
[2025-12-14T17:11:52.147+0000] {processor.py:183} INFO - Processing /home/airflow/.local/lib/python3.12/site-packages/airflow/example_dags/example_setup_teardown.py took 0.089 seconds
[2025-12-14T17:12:22.371+0000] {processor.py:161} INFO - Started process (PID=827) to work on /home/airflow/.local/lib/python3.12/site-packages/airflow/example_dags/example_setup_teardown.py
[2025-12-14T17:12:22.372+0000] {processor.py:830} INFO - Processing file /home/airflow/.local/lib/python3.12/site-packages/airflow/example_dags/example_setup_teardown.py for tasks to queue
[2025-12-14T17:12:22.375+0000] {logging_mixin.py:188} INFO - [2025-12-14T17:12:22.374+0000] {dagbag.py:540} INFO - Filling up the DagBag from /home/airflow/.local/lib/python3.12/site-packages/airflow/example_dags/example_setup_teardown.py
[2025-12-14T17:12:22.384+0000] {processor.py:840} INFO - DAG(s) 'example_setup_teardown' retrieved from /home/airflow/.local/lib/python3.12/site-packages/airflow/example_dags/example_setup_teardown.py
[2025-12-14T17:12:22.408+0000] {logging_mixin.py:188} INFO - [2025-12-14T17:12:22.408+0000] {dag.py:3096} INFO - Sync 1 DAGs
[2025-12-14T17:12:22.434+0000] {logging_mixin.py:188} INFO - [2025-12-14T17:12:22.434+0000] {dag.py:3954} INFO - Setting next_dagrun for example_setup_teardown to 2025-12-13 00:00:00+00:00, run_after=2025-12-14 00:00:00+00:00
[2025-12-14T17:12:22.458+0000] {processor.py:183} INFO - Processing /home/airflow/.local/lib/python3.12/site-packages/airflow/example_dags/example_setup_teardown.py took 0.094 seconds
[2025-12-14T17:12:52.962+0000] {processor.py:161} INFO - Started process (PID=899) to work on /home/airflow/.local/lib/python3.12/site-packages/airflow/example_dags/example_setup_teardown.py
[2025-12-14T17:12:52.964+0000] {processor.py:830} INFO - Processing file /home/airflow/.local/lib/python3.12/site-packages/airflow/example_dags/example_setup_teardown.py for tasks to queue
[2025-12-14T17:12:52.969+0000] {logging_mixin.py:188} INFO - [2025-12-14T17:12:52.968+0000] {dagbag.py:540} INFO - Filling up the DagBag from /home/airflow/.local/lib/python3.12/site-packages/airflow/example_dags/example_setup_teardown.py
[2025-12-14T17:12:52.982+0000] {processor.py:840} INFO - DAG(s) 'example_setup_teardown' retrieved from /home/airflow/.local/lib/python3.12/site-packages/airflow/example_dags/example_setup_teardown.py
[2025-12-14T17:12:53.022+0000] {logging_mixin.py:188} INFO - [2025-12-14T17:12:53.021+0000] {dag.py:3096} INFO - Sync 1 DAGs
[2025-12-14T17:12:53.063+0000] {logging_mixin.py:188} INFO - [2025-12-14T17:12:53.063+0000] {dag.py:3954} INFO - Setting next_dagrun for example_setup_teardown to 2025-12-13 00:00:00+00:00, run_after=2025-12-14 00:00:00+00:00
[2025-12-14T17:12:53.122+0000] {processor.py:183} INFO - Processing /home/airflow/.local/lib/python3.12/site-packages/airflow/example_dags/example_setup_teardown.py took 0.171 seconds
[2025-12-14T17:13:23.232+0000] {processor.py:161} INFO - Started process (PID=970) to work on /home/airflow/.local/lib/python3.12/site-packages/airflow/example_dags/example_setup_teardown.py
[2025-12-14T17:13:23.234+0000] {processor.py:830} INFO - Processing file /home/airflow/.local/lib/python3.12/site-packages/airflow/example_dags/example_setup_teardown.py for tasks to queue
[2025-12-14T17:13:23.236+0000] {logging_mixin.py:188} INFO - [2025-12-14T17:13:23.236+0000] {dagbag.py:540} INFO - Filling up the DagBag from /home/airflow/.local/lib/python3.12/site-packages/airflow/example_dags/example_setup_teardown.py
[2025-12-14T17:13:23.246+0000] {processor.py:840} INFO - DAG(s) 'example_setup_teardown' retrieved from /home/airflow/.local/lib/python3.12/site-packages/airflow/example_dags/example_setup_teardown.py
[2025-12-14T17:13:23.270+0000] {logging_mixin.py:188} INFO - [2025-12-14T17:13:23.270+0000] {dag.py:3096} INFO - Sync 1 DAGs
[2025-12-14T17:13:23.295+0000] {logging_mixin.py:188} INFO - [2025-12-14T17:13:23.295+0000] {dag.py:3954} INFO - Setting next_dagrun for example_setup_teardown to 2025-12-13 00:00:00+00:00, run_after=2025-12-14 00:00:00+00:00
[2025-12-14T17:13:23.318+0000] {processor.py:183} INFO - Processing /home/airflow/.local/lib/python3.12/site-packages/airflow/example_dags/example_setup_teardown.py took 0.093 seconds
[2025-12-14T17:13:53.488+0000] {processor.py:161} INFO - Started process (PID=1041) to work on /home/airflow/.local/lib/python3.12/site-packages/airflow/example_dags/example_setup_teardown.py
[2025-12-14T17:13:53.489+0000] {processor.py:830} INFO - Processing file /home/airflow/.local/lib/python3.12/site-packages/airflow/example_dags/example_setup_teardown.py for tasks to queue
[2025-12-14T17:13:53.492+0000] {logging_mixin.py:188} INFO - [2025-12-14T17:13:53.492+0000] {dagbag.py:540} INFO - Filling up the DagBag from /home/airflow/.local/lib/python3.12/site-packages/airflow/example_dags/example_setup_teardown.py
[2025-12-14T17:13:53.502+0000] {processor.py:840} INFO - DAG(s) 'example_setup_teardown' retrieved from /home/airflow/.local/lib/python3.12/site-packages/airflow/example_dags/example_setup_teardown.py
[2025-12-14T17:13:53.525+0000] {logging_mixin.py:188} INFO - [2025-12-14T17:13:53.525+0000] {dag.py:3096} INFO - Sync 1 DAGs
[2025-12-14T17:13:53.555+0000] {logging_mixin.py:188} INFO - [2025-12-14T17:13:53.555+0000] {dag.py:3954} INFO - Setting next_dagrun for example_setup_teardown to 2025-12-13 00:00:00+00:00, run_after=2025-12-14 00:00:00+00:00
[2025-12-14T17:13:53.576+0000] {processor.py:183} INFO - Processing /home/airflow/.local/lib/python3.12/site-packages/airflow/example_dags/example_setup_teardown.py took 0.096 seconds
[2025-12-14T17:14:25.184+0000] {processor.py:161} INFO - Started process (PID=1113) to work on /home/airflow/.local/lib/python3.12/site-packages/airflow/example_dags/example_setup_teardown.py
[2025-12-14T17:14:25.187+0000] {processor.py:830} INFO - Processing file /home/airflow/.local/lib/python3.12/site-packages/airflow/example_dags/example_setup_teardown.py for tasks to queue
[2025-12-14T17:14:25.189+0000] {logging_mixin.py:188} INFO - [2025-12-14T17:14:25.189+0000] {dagbag.py:540} INFO - Filling up the DagBag from /home/airflow/.local/lib/python3.12/site-packages/airflow/example_dags/example_setup_teardown.py
[2025-12-14T17:14:25.199+0000] {processor.py:840} INFO - DAG(s) 'example_setup_teardown' retrieved from /home/airflow/.local/lib/python3.12/site-packages/airflow/example_dags/example_setup_teardown.py
[2025-12-14T17:14:25.229+0000] {logging_mixin.py:188} INFO - [2025-12-14T17:14:25.229+0000] {dag.py:3096} INFO - Sync 1 DAGs
[2025-12-14T17:14:25.258+0000] {logging_mixin.py:188} INFO - [2025-12-14T17:14:25.258+0000] {dag.py:3954} INFO - Setting next_dagrun for example_setup_teardown to 2025-12-13 00:00:00+00:00, run_after=2025-12-14 00:00:00+00:00
[2025-12-14T17:14:25.521+0000] {processor.py:183} INFO - Processing /home/airflow/.local/lib/python3.12/site-packages/airflow/example_dags/example_setup_teardown.py took 0.345 seconds
[2025-12-14T17:14:56.393+0000] {processor.py:161} INFO - Started process (PID=1172) to work on /home/airflow/.local/lib/python3.12/site-packages/airflow/example_dags/example_setup_teardown.py
[2025-12-14T17:14:56.394+0000] {processor.py:830} INFO - Processing file /home/airflow/.local/lib/python3.12/site-packages/airflow/example_dags/example_setup_teardown.py for tasks to queue
[2025-12-14T17:14:56.398+0000] {logging_mixin.py:188} INFO - [2025-12-14T17:14:56.397+0000] {dagbag.py:540} INFO - Filling up the DagBag from /home/airflow/.local/lib/python3.12/site-packages/airflow/example_dags/example_setup_teardown.py
[2025-12-14T17:14:56.407+0000] {processor.py:840} INFO - DAG(s) 'example_setup_teardown' retrieved from /home/airflow/.local/lib/python3.12/site-packages/airflow/example_dags/example_setup_teardown.py
[2025-12-14T17:14:56.431+0000] {logging_mixin.py:188} INFO - [2025-12-14T17:14:56.431+0000] {dag.py:3096} INFO - Sync 1 DAGs
[2025-12-14T17:14:56.456+0000] {logging_mixin.py:188} INFO - [2025-12-14T17:14:56.456+0000] {dag.py:3954} INFO - Setting next_dagrun for example_setup_teardown to 2025-12-13 00:00:00+00:00, run_after=2025-12-14 00:00:00+00:00
[2025-12-14T17:14:56.480+0000] {processor.py:183} INFO - Processing /home/airflow/.local/lib/python3.12/site-packages/airflow/example_dags/example_setup_teardown.py took 0.097 seconds
[2025-12-14T17:15:26.687+0000] {processor.py:161} INFO - Started process (PID=1243) to work on /home/airflow/.local/lib/python3.12/site-packages/airflow/example_dags/example_setup_teardown.py
[2025-12-14T17:15:26.689+0000] {processor.py:830} INFO - Processing file /home/airflow/.local/lib/python3.12/site-packages/airflow/example_dags/example_setup_teardown.py for tasks to queue
[2025-12-14T17:15:26.691+0000] {logging_mixin.py:188} INFO - [2025-12-14T17:15:26.691+0000] {dagbag.py:540} INFO - Filling up the DagBag from /home/airflow/.local/lib/python3.12/site-packages/airflow/example_dags/example_setup_teardown.py
[2025-12-14T17:15:26.699+0000] {processor.py:840} INFO - DAG(s) 'example_setup_teardown' retrieved from /home/airflow/.local/lib/python3.12/site-packages/airflow/example_dags/example_setup_teardown.py
[2025-12-14T17:15:26.724+0000] {logging_mixin.py:188} INFO - [2025-12-14T17:15:26.724+0000] {dag.py:3096} INFO - Sync 1 DAGs
[2025-12-14T17:15:26.747+0000] {logging_mixin.py:188} INFO - [2025-12-14T17:15:26.747+0000] {dag.py:3954} INFO - Setting next_dagrun for example_setup_teardown to 2025-12-13 00:00:00+00:00, run_after=2025-12-14 00:00:00+00:00
[2025-12-14T17:15:26.772+0000] {processor.py:183} INFO - Processing /home/airflow/.local/lib/python3.12/site-packages/airflow/example_dags/example_setup_teardown.py took 0.091 seconds
[2025-12-14T17:15:57.236+0000] {processor.py:161} INFO - Started process (PID=1314) to work on /home/airflow/.local/lib/python3.12/site-packages/airflow/example_dags/example_setup_teardown.py
[2025-12-14T17:15:57.239+0000] {processor.py:830} INFO - Processing file /home/airflow/.local/lib/python3.12/site-packages/airflow/example_dags/example_setup_teardown.py for tasks to queue
[2025-12-14T17:15:57.248+0000] {logging_mixin.py:188} INFO - [2025-12-14T17:15:57.247+0000] {dagbag.py:540} INFO - Filling up the DagBag from /home/airflow/.local/lib/python3.12/site-packages/airflow/example_dags/example_setup_teardown.py
[2025-12-14T17:15:57.270+0000] {processor.py:840} INFO - DAG(s) 'example_setup_teardown' retrieved from /home/airflow/.local/lib/python3.12/site-packages/airflow/example_dags/example_setup_teardown.py
[2025-12-14T17:15:57.326+0000] {logging_mixin.py:188} INFO - [2025-12-14T17:15:57.325+0000] {dag.py:3096} INFO - Sync 1 DAGs
[2025-12-14T17:15:57.389+0000] {logging_mixin.py:188} INFO - [2025-12-14T17:15:57.389+0000] {dag.py:3954} INFO - Setting next_dagrun for example_setup_teardown to 2025-12-13 00:00:00+00:00, run_after=2025-12-14 00:00:00+00:00
[2025-12-14T17:15:57.428+0000] {processor.py:183} INFO - Processing /home/airflow/.local/lib/python3.12/site-packages/airflow/example_dags/example_setup_teardown.py took 0.211 seconds
[2025-12-14T17:16:27.832+0000] {processor.py:161} INFO - Started process (PID=1385) to work on /home/airflow/.local/lib/python3.12/site-packages/airflow/example_dags/example_setup_teardown.py
[2025-12-14T17:16:27.834+0000] {processor.py:830} INFO - Processing file /home/airflow/.local/lib/python3.12/site-packages/airflow/example_dags/example_setup_teardown.py for tasks to queue
[2025-12-14T17:16:27.845+0000] {logging_mixin.py:188} INFO - [2025-12-14T17:16:27.844+0000] {dagbag.py:540} INFO - Filling up the DagBag from /home/airflow/.local/lib/python3.12/site-packages/airflow/example_dags/example_setup_teardown.py
[2025-12-14T17:16:27.858+0000] {processor.py:840} INFO - DAG(s) 'example_setup_teardown' retrieved from /home/airflow/.local/lib/python3.12/site-packages/airflow/example_dags/example_setup_teardown.py
[2025-12-14T17:16:27.900+0000] {logging_mixin.py:188} INFO - [2025-12-14T17:16:27.900+0000] {dag.py:3096} INFO - Sync 1 DAGs
[2025-12-14T17:16:27.988+0000] {logging_mixin.py:188} INFO - [2025-12-14T17:16:27.987+0000] {dag.py:3954} INFO - Setting next_dagrun for example_setup_teardown to 2025-12-13 00:00:00+00:00, run_after=2025-12-14 00:00:00+00:00
[2025-12-14T17:16:28.062+0000] {processor.py:183} INFO - Processing /home/airflow/.local/lib/python3.12/site-packages/airflow/example_dags/example_setup_teardown.py took 0.245 seconds
[2025-12-14T17:16:58.957+0000] {processor.py:161} INFO - Started process (PID=1456) to work on /home/airflow/.local/lib/python3.12/site-packages/airflow/example_dags/example_setup_teardown.py
[2025-12-14T17:16:58.960+0000] {processor.py:830} INFO - Processing file /home/airflow/.local/lib/python3.12/site-packages/airflow/example_dags/example_setup_teardown.py for tasks to queue
[2025-12-14T17:16:58.963+0000] {logging_mixin.py:188} INFO - [2025-12-14T17:16:58.962+0000] {dagbag.py:540} INFO - Filling up the DagBag from /home/airflow/.local/lib/python3.12/site-packages/airflow/example_dags/example_setup_teardown.py
[2025-12-14T17:16:58.974+0000] {processor.py:840} INFO - DAG(s) 'example_setup_teardown' retrieved from /home/airflow/.local/lib/python3.12/site-packages/airflow/example_dags/example_setup_teardown.py
[2025-12-14T17:16:59.021+0000] {logging_mixin.py:188} INFO - [2025-12-14T17:16:59.020+0000] {dag.py:3096} INFO - Sync 1 DAGs
[2025-12-14T17:16:59.068+0000] {logging_mixin.py:188} INFO - [2025-12-14T17:16:59.068+0000] {dag.py:3954} INFO - Setting next_dagrun for example_setup_teardown to 2025-12-13 00:00:00+00:00, run_after=2025-12-14 00:00:00+00:00
[2025-12-14T17:16:59.112+0000] {processor.py:183} INFO - Processing /home/airflow/.local/lib/python3.12/site-packages/airflow/example_dags/example_setup_teardown.py took 0.164 seconds
[2025-12-14T17:17:29.634+0000] {processor.py:161} INFO - Started process (PID=1527) to work on /home/airflow/.local/lib/python3.12/site-packages/airflow/example_dags/example_setup_teardown.py
[2025-12-14T17:17:29.635+0000] {processor.py:830} INFO - Processing file /home/airflow/.local/lib/python3.12/site-packages/airflow/example_dags/example_setup_teardown.py for tasks to queue
[2025-12-14T17:17:29.638+0000] {logging_mixin.py:188} INFO - [2025-12-14T17:17:29.637+0000] {dagbag.py:540} INFO - Filling up the DagBag from /home/airflow/.local/lib/python3.12/site-packages/airflow/example_dags/example_setup_teardown.py
[2025-12-14T17:17:29.646+0000] {processor.py:840} INFO - DAG(s) 'example_setup_teardown' retrieved from /home/airflow/.local/lib/python3.12/site-packages/airflow/example_dags/example_setup_teardown.py
[2025-12-14T17:17:29.673+0000] {logging_mixin.py:188} INFO - [2025-12-14T17:17:29.673+0000] {dag.py:3096} INFO - Sync 1 DAGs
[2025-12-14T17:17:29.699+0000] {logging_mixin.py:188} INFO - [2025-12-14T17:17:29.699+0000] {dag.py:3954} INFO - Setting next_dagrun for example_setup_teardown to 2025-12-13 00:00:00+00:00, run_after=2025-12-14 00:00:00+00:00
[2025-12-14T17:17:29.726+0000] {processor.py:183} INFO - Processing /home/airflow/.local/lib/python3.12/site-packages/airflow/example_dags/example_setup_teardown.py took 0.100 seconds
[2025-12-14T17:18:00.025+0000] {processor.py:161} INFO - Started process (PID=1598) to work on /home/airflow/.local/lib/python3.12/site-packages/airflow/example_dags/example_setup_teardown.py
[2025-12-14T17:18:00.027+0000] {processor.py:830} INFO - Processing file /home/airflow/.local/lib/python3.12/site-packages/airflow/example_dags/example_setup_teardown.py for tasks to queue
[2025-12-14T17:18:00.032+0000] {logging_mixin.py:188} INFO - [2025-12-14T17:18:00.031+0000] {dagbag.py:540} INFO - Filling up the DagBag from /home/airflow/.local/lib/python3.12/site-packages/airflow/example_dags/example_setup_teardown.py
[2025-12-14T17:18:00.041+0000] {processor.py:840} INFO - DAG(s) 'example_setup_teardown' retrieved from /home/airflow/.local/lib/python3.12/site-packages/airflow/example_dags/example_setup_teardown.py
[2025-12-14T17:18:00.086+0000] {logging_mixin.py:188} INFO - [2025-12-14T17:18:00.086+0000] {dag.py:3096} INFO - Sync 1 DAGs
[2025-12-14T17:18:00.140+0000] {logging_mixin.py:188} INFO - [2025-12-14T17:18:00.139+0000] {dag.py:3954} INFO - Setting next_dagrun for example_setup_teardown to 2025-12-13 00:00:00+00:00, run_after=2025-12-14 00:00:00+00:00
[2025-12-14T17:18:00.182+0000] {processor.py:183} INFO - Processing /home/airflow/.local/lib/python3.12/site-packages/airflow/example_dags/example_setup_teardown.py took 0.176 seconds
[2025-12-14T17:18:30.892+0000] {processor.py:161} INFO - Started process (PID=1669) to work on /home/airflow/.local/lib/python3.12/site-packages/airflow/example_dags/example_setup_teardown.py
[2025-12-14T17:18:30.893+0000] {processor.py:830} INFO - Processing file /home/airflow/.local/lib/python3.12/site-packages/airflow/example_dags/example_setup_teardown.py for tasks to queue
[2025-12-14T17:18:30.895+0000] {logging_mixin.py:188} INFO - [2025-12-14T17:18:30.895+0000] {dagbag.py:540} INFO - Filling up the DagBag from /home/airflow/.local/lib/python3.12/site-packages/airflow/example_dags/example_setup_teardown.py
[2025-12-14T17:18:30.904+0000] {processor.py:840} INFO - DAG(s) 'example_setup_teardown' retrieved from /home/airflow/.local/lib/python3.12/site-packages/airflow/example_dags/example_setup_teardown.py
[2025-12-14T17:18:30.928+0000] {logging_mixin.py:188} INFO - [2025-12-14T17:18:30.928+0000] {dag.py:3096} INFO - Sync 1 DAGs
[2025-12-14T17:18:30.954+0000] {logging_mixin.py:188} INFO - [2025-12-14T17:18:30.954+0000] {dag.py:3954} INFO - Setting next_dagrun for example_setup_teardown to 2025-12-13 00:00:00+00:00, run_after=2025-12-14 00:00:00+00:00
[2025-12-14T17:18:30.977+0000] {processor.py:183} INFO - Processing /home/airflow/.local/lib/python3.12/site-packages/airflow/example_dags/example_setup_teardown.py took 0.093 seconds
[2025-12-14T17:19:01.385+0000] {processor.py:161} INFO - Started process (PID=1740) to work on /home/airflow/.local/lib/python3.12/site-packages/airflow/example_dags/example_setup_teardown.py
[2025-12-14T17:19:01.386+0000] {processor.py:830} INFO - Processing file /home/airflow/.local/lib/python3.12/site-packages/airflow/example_dags/example_setup_teardown.py for tasks to queue
[2025-12-14T17:19:01.389+0000] {logging_mixin.py:188} INFO - [2025-12-14T17:19:01.388+0000] {dagbag.py:540} INFO - Filling up the DagBag from /home/airflow/.local/lib/python3.12/site-packages/airflow/example_dags/example_setup_teardown.py
[2025-12-14T17:19:01.397+0000] {processor.py:840} INFO - DAG(s) 'example_setup_teardown' retrieved from /home/airflow/.local/lib/python3.12/site-packages/airflow/example_dags/example_setup_teardown.py
[2025-12-14T17:19:01.422+0000] {logging_mixin.py:188} INFO - [2025-12-14T17:19:01.422+0000] {dag.py:3096} INFO - Sync 1 DAGs
[2025-12-14T17:19:01.452+0000] {logging_mixin.py:188} INFO - [2025-12-14T17:19:01.452+0000] {dag.py:3954} INFO - Setting next_dagrun for example_setup_teardown to 2025-12-13 00:00:00+00:00, run_after=2025-12-14 00:00:00+00:00
[2025-12-14T17:19:01.478+0000] {processor.py:183} INFO - Processing /home/airflow/.local/lib/python3.12/site-packages/airflow/example_dags/example_setup_teardown.py took 0.101 seconds
[2025-12-14T17:19:31.855+0000] {processor.py:161} INFO - Started process (PID=1811) to work on /home/airflow/.local/lib/python3.12/site-packages/airflow/example_dags/example_setup_teardown.py
[2025-12-14T17:19:31.856+0000] {processor.py:830} INFO - Processing file /home/airflow/.local/lib/python3.12/site-packages/airflow/example_dags/example_setup_teardown.py for tasks to queue
[2025-12-14T17:19:31.858+0000] {logging_mixin.py:188} INFO - [2025-12-14T17:19:31.858+0000] {dagbag.py:540} INFO - Filling up the DagBag from /home/airflow/.local/lib/python3.12/site-packages/airflow/example_dags/example_setup_teardown.py
[2025-12-14T17:19:31.866+0000] {processor.py:840} INFO - DAG(s) 'example_setup_teardown' retrieved from /home/airflow/.local/lib/python3.12/site-packages/airflow/example_dags/example_setup_teardown.py
[2025-12-14T17:19:31.892+0000] {logging_mixin.py:188} INFO - [2025-12-14T17:19:31.892+0000] {dag.py:3096} INFO - Sync 1 DAGs
[2025-12-14T17:19:31.920+0000] {logging_mixin.py:188} INFO - [2025-12-14T17:19:31.920+0000] {dag.py:3954} INFO - Setting next_dagrun for example_setup_teardown to 2025-12-13 00:00:00+00:00, run_after=2025-12-14 00:00:00+00:00
[2025-12-14T17:19:31.944+0000] {processor.py:183} INFO - Processing /home/airflow/.local/lib/python3.12/site-packages/airflow/example_dags/example_setup_teardown.py took 0.097 seconds
[2025-12-14T17:20:02.824+0000] {processor.py:161} INFO - Started process (PID=1882) to work on /home/airflow/.local/lib/python3.12/site-packages/airflow/example_dags/example_setup_teardown.py
[2025-12-14T17:20:02.826+0000] {processor.py:830} INFO - Processing file /home/airflow/.local/lib/python3.12/site-packages/airflow/example_dags/example_setup_teardown.py for tasks to queue
[2025-12-14T17:20:02.828+0000] {logging_mixin.py:188} INFO - [2025-12-14T17:20:02.828+0000] {dagbag.py:540} INFO - Filling up the DagBag from /home/airflow/.local/lib/python3.12/site-packages/airflow/example_dags/example_setup_teardown.py
[2025-12-14T17:20:02.835+0000] {processor.py:840} INFO - DAG(s) 'example_setup_teardown' retrieved from /home/airflow/.local/lib/python3.12/site-packages/airflow/example_dags/example_setup_teardown.py
[2025-12-14T17:20:02.859+0000] {logging_mixin.py:188} INFO - [2025-12-14T17:20:02.859+0000] {dag.py:3096} INFO - Sync 1 DAGs
[2025-12-14T17:20:02.884+0000] {logging_mixin.py:188} INFO - [2025-12-14T17:20:02.884+0000] {dag.py:3954} INFO - Setting next_dagrun for example_setup_teardown to 2025-12-13 00:00:00+00:00, run_after=2025-12-14 00:00:00+00:00
[2025-12-14T17:20:02.910+0000] {processor.py:183} INFO - Processing /home/airflow/.local/lib/python3.12/site-packages/airflow/example_dags/example_setup_teardown.py took 0.093 seconds
[2025-12-14T17:20:33.223+0000] {processor.py:161} INFO - Started process (PID=1953) to work on /home/airflow/.local/lib/python3.12/site-packages/airflow/example_dags/example_setup_teardown.py
[2025-12-14T17:20:33.224+0000] {processor.py:830} INFO - Processing file /home/airflow/.local/lib/python3.12/site-packages/airflow/example_dags/example_setup_teardown.py for tasks to queue
[2025-12-14T17:20:33.228+0000] {logging_mixin.py:188} INFO - [2025-12-14T17:20:33.228+0000] {dagbag.py:540} INFO - Filling up the DagBag from /home/airflow/.local/lib/python3.12/site-packages/airflow/example_dags/example_setup_teardown.py
[2025-12-14T17:20:33.236+0000] {processor.py:840} INFO - DAG(s) 'example_setup_teardown' retrieved from /home/airflow/.local/lib/python3.12/site-packages/airflow/example_dags/example_setup_teardown.py
[2025-12-14T17:20:33.260+0000] {logging_mixin.py:188} INFO - [2025-12-14T17:20:33.260+0000] {dag.py:3096} INFO - Sync 1 DAGs
[2025-12-14T17:20:33.286+0000] {logging_mixin.py:188} INFO - [2025-12-14T17:20:33.286+0000] {dag.py:3954} INFO - Setting next_dagrun for example_setup_teardown to 2025-12-13 00:00:00+00:00, run_after=2025-12-14 00:00:00+00:00
[2025-12-14T17:20:33.314+0000] {processor.py:183} INFO - Processing /home/airflow/.local/lib/python3.12/site-packages/airflow/example_dags/example_setup_teardown.py took 0.098 seconds
