[2025-12-14T16:49:09.806+0000] {processor.py:161} INFO - Started process (PID=73) to work on /home/airflow/.local/lib/python3.12/site-packages/airflow/example_dags/example_branch_python_dop_operator_3.py
[2025-12-14T16:49:09.807+0000] {processor.py:830} INFO - Processing file /home/airflow/.local/lib/python3.12/site-packages/airflow/example_dags/example_branch_python_dop_operator_3.py for tasks to queue
[2025-12-14T16:49:09.811+0000] {logging_mixin.py:188} INFO - [2025-12-14T16:49:09.810+0000] {dagbag.py:540} INFO - Filling up the DagBag from /home/airflow/.local/lib/python3.12/site-packages/airflow/example_dags/example_branch_python_dop_operator_3.py
[2025-12-14T16:49:09.839+0000] {processor.py:840} INFO - DAG(s) 'example_branch_dop_operator_v3' retrieved from /home/airflow/.local/lib/python3.12/site-packages/airflow/example_dags/example_branch_python_dop_operator_3.py
[2025-12-14T16:49:10.068+0000] {logging_mixin.py:188} INFO - [2025-12-14T16:49:10.067+0000] {dag.py:3096} INFO - Sync 1 DAGs
[2025-12-14T16:49:10.104+0000] {logging_mixin.py:188} INFO - [2025-12-14T16:49:10.103+0000] {dag.py:3954} INFO - Setting next_dagrun for example_branch_dop_operator_v3 to 2025-12-14 16:48:00+00:00, run_after=2025-12-14 16:49:00+00:00
[2025-12-14T16:49:10.137+0000] {processor.py:183} INFO - Processing /home/airflow/.local/lib/python3.12/site-packages/airflow/example_dags/example_branch_python_dop_operator_3.py took 0.340 seconds
[2025-12-14T16:49:40.396+0000] {processor.py:161} INFO - Started process (PID=131) to work on /home/airflow/.local/lib/python3.12/site-packages/airflow/example_dags/example_branch_python_dop_operator_3.py
[2025-12-14T16:49:40.398+0000] {processor.py:830} INFO - Processing file /home/airflow/.local/lib/python3.12/site-packages/airflow/example_dags/example_branch_python_dop_operator_3.py for tasks to queue
[2025-12-14T16:49:40.402+0000] {logging_mixin.py:188} INFO - [2025-12-14T16:49:40.401+0000] {dagbag.py:540} INFO - Filling up the DagBag from /home/airflow/.local/lib/python3.12/site-packages/airflow/example_dags/example_branch_python_dop_operator_3.py
[2025-12-14T16:49:40.415+0000] {processor.py:840} INFO - DAG(s) 'example_branch_dop_operator_v3' retrieved from /home/airflow/.local/lib/python3.12/site-packages/airflow/example_dags/example_branch_python_dop_operator_3.py
[2025-12-14T16:49:40.442+0000] {logging_mixin.py:188} INFO - [2025-12-14T16:49:40.442+0000] {dag.py:3096} INFO - Sync 1 DAGs
[2025-12-14T16:49:40.478+0000] {logging_mixin.py:188} INFO - [2025-12-14T16:49:40.478+0000] {dag.py:3954} INFO - Setting next_dagrun for example_branch_dop_operator_v3 to 2025-12-14 16:48:00+00:00, run_after=2025-12-14 16:49:00+00:00
[2025-12-14T16:49:40.508+0000] {processor.py:183} INFO - Processing /home/airflow/.local/lib/python3.12/site-packages/airflow/example_dags/example_branch_python_dop_operator_3.py took 0.123 seconds
[2025-12-14T16:50:10.859+0000] {processor.py:161} INFO - Started process (PID=196) to work on /home/airflow/.local/lib/python3.12/site-packages/airflow/example_dags/example_branch_python_dop_operator_3.py
[2025-12-14T16:50:10.861+0000] {processor.py:830} INFO - Processing file /home/airflow/.local/lib/python3.12/site-packages/airflow/example_dags/example_branch_python_dop_operator_3.py for tasks to queue
[2025-12-14T16:50:10.865+0000] {logging_mixin.py:188} INFO - [2025-12-14T16:50:10.865+0000] {dagbag.py:540} INFO - Filling up the DagBag from /home/airflow/.local/lib/python3.12/site-packages/airflow/example_dags/example_branch_python_dop_operator_3.py
[2025-12-14T16:50:10.879+0000] {processor.py:840} INFO - DAG(s) 'example_branch_dop_operator_v3' retrieved from /home/airflow/.local/lib/python3.12/site-packages/airflow/example_dags/example_branch_python_dop_operator_3.py
[2025-12-14T16:50:10.933+0000] {logging_mixin.py:188} INFO - [2025-12-14T16:50:10.932+0000] {dag.py:3096} INFO - Sync 1 DAGs
[2025-12-14T16:50:10.976+0000] {logging_mixin.py:188} INFO - [2025-12-14T16:50:10.976+0000] {dag.py:3954} INFO - Setting next_dagrun for example_branch_dop_operator_v3 to 2025-12-14 16:49:00+00:00, run_after=2025-12-14 16:50:00+00:00
[2025-12-14T16:50:11.001+0000] {processor.py:183} INFO - Processing /home/airflow/.local/lib/python3.12/site-packages/airflow/example_dags/example_branch_python_dop_operator_3.py took 0.151 seconds
[2025-12-14T16:50:41.221+0000] {processor.py:161} INFO - Started process (PID=261) to work on /home/airflow/.local/lib/python3.12/site-packages/airflow/example_dags/example_branch_python_dop_operator_3.py
[2025-12-14T16:50:41.223+0000] {processor.py:830} INFO - Processing file /home/airflow/.local/lib/python3.12/site-packages/airflow/example_dags/example_branch_python_dop_operator_3.py for tasks to queue
[2025-12-14T16:50:41.227+0000] {logging_mixin.py:188} INFO - [2025-12-14T16:50:41.226+0000] {dagbag.py:540} INFO - Filling up the DagBag from /home/airflow/.local/lib/python3.12/site-packages/airflow/example_dags/example_branch_python_dop_operator_3.py
[2025-12-14T16:50:41.242+0000] {processor.py:840} INFO - DAG(s) 'example_branch_dop_operator_v3' retrieved from /home/airflow/.local/lib/python3.12/site-packages/airflow/example_dags/example_branch_python_dop_operator_3.py
[2025-12-14T16:50:41.281+0000] {logging_mixin.py:188} INFO - [2025-12-14T16:50:41.281+0000] {dag.py:3096} INFO - Sync 1 DAGs
[2025-12-14T16:50:41.325+0000] {logging_mixin.py:188} INFO - [2025-12-14T16:50:41.325+0000] {dag.py:3954} INFO - Setting next_dagrun for example_branch_dop_operator_v3 to 2025-12-14 16:49:00+00:00, run_after=2025-12-14 16:50:00+00:00
[2025-12-14T16:50:41.358+0000] {processor.py:183} INFO - Processing /home/airflow/.local/lib/python3.12/site-packages/airflow/example_dags/example_branch_python_dop_operator_3.py took 0.147 seconds
[2025-12-14T16:51:11.583+0000] {processor.py:161} INFO - Started process (PID=319) to work on /home/airflow/.local/lib/python3.12/site-packages/airflow/example_dags/example_branch_python_dop_operator_3.py
[2025-12-14T16:51:11.584+0000] {processor.py:830} INFO - Processing file /home/airflow/.local/lib/python3.12/site-packages/airflow/example_dags/example_branch_python_dop_operator_3.py for tasks to queue
[2025-12-14T16:51:11.587+0000] {logging_mixin.py:188} INFO - [2025-12-14T16:51:11.587+0000] {dagbag.py:540} INFO - Filling up the DagBag from /home/airflow/.local/lib/python3.12/site-packages/airflow/example_dags/example_branch_python_dop_operator_3.py
[2025-12-14T16:51:11.600+0000] {processor.py:840} INFO - DAG(s) 'example_branch_dop_operator_v3' retrieved from /home/airflow/.local/lib/python3.12/site-packages/airflow/example_dags/example_branch_python_dop_operator_3.py
[2025-12-14T16:51:11.629+0000] {logging_mixin.py:188} INFO - [2025-12-14T16:51:11.628+0000] {dag.py:3096} INFO - Sync 1 DAGs
[2025-12-14T16:51:11.662+0000] {logging_mixin.py:188} INFO - [2025-12-14T16:51:11.662+0000] {dag.py:3954} INFO - Setting next_dagrun for example_branch_dop_operator_v3 to 2025-12-14 16:50:00+00:00, run_after=2025-12-14 16:51:00+00:00
[2025-12-14T16:51:11.699+0000] {processor.py:183} INFO - Processing /home/airflow/.local/lib/python3.12/site-packages/airflow/example_dags/example_branch_python_dop_operator_3.py took 0.124 seconds
[2025-12-14T16:51:41.804+0000] {processor.py:161} INFO - Started process (PID=377) to work on /home/airflow/.local/lib/python3.12/site-packages/airflow/example_dags/example_branch_python_dop_operator_3.py
[2025-12-14T16:51:41.806+0000] {processor.py:830} INFO - Processing file /home/airflow/.local/lib/python3.12/site-packages/airflow/example_dags/example_branch_python_dop_operator_3.py for tasks to queue
[2025-12-14T16:51:41.811+0000] {logging_mixin.py:188} INFO - [2025-12-14T16:51:41.810+0000] {dagbag.py:540} INFO - Filling up the DagBag from /home/airflow/.local/lib/python3.12/site-packages/airflow/example_dags/example_branch_python_dop_operator_3.py
[2025-12-14T16:51:41.822+0000] {processor.py:840} INFO - DAG(s) 'example_branch_dop_operator_v3' retrieved from /home/airflow/.local/lib/python3.12/site-packages/airflow/example_dags/example_branch_python_dop_operator_3.py
[2025-12-14T16:51:41.851+0000] {logging_mixin.py:188} INFO - [2025-12-14T16:51:41.851+0000] {dag.py:3096} INFO - Sync 1 DAGs
[2025-12-14T16:51:41.885+0000] {logging_mixin.py:188} INFO - [2025-12-14T16:51:41.885+0000] {dag.py:3954} INFO - Setting next_dagrun for example_branch_dop_operator_v3 to 2025-12-14 16:50:00+00:00, run_after=2025-12-14 16:51:00+00:00
[2025-12-14T16:51:41.915+0000] {processor.py:183} INFO - Processing /home/airflow/.local/lib/python3.12/site-packages/airflow/example_dags/example_branch_python_dop_operator_3.py took 0.118 seconds
[2025-12-14T16:52:12.039+0000] {processor.py:161} INFO - Started process (PID=434) to work on /home/airflow/.local/lib/python3.12/site-packages/airflow/example_dags/example_branch_python_dop_operator_3.py
[2025-12-14T16:52:12.040+0000] {processor.py:830} INFO - Processing file /home/airflow/.local/lib/python3.12/site-packages/airflow/example_dags/example_branch_python_dop_operator_3.py for tasks to queue
[2025-12-14T16:52:12.043+0000] {logging_mixin.py:188} INFO - [2025-12-14T16:52:12.043+0000] {dagbag.py:540} INFO - Filling up the DagBag from /home/airflow/.local/lib/python3.12/site-packages/airflow/example_dags/example_branch_python_dop_operator_3.py
[2025-12-14T16:52:12.057+0000] {processor.py:840} INFO - DAG(s) 'example_branch_dop_operator_v3' retrieved from /home/airflow/.local/lib/python3.12/site-packages/airflow/example_dags/example_branch_python_dop_operator_3.py
[2025-12-14T16:52:12.085+0000] {logging_mixin.py:188} INFO - [2025-12-14T16:52:12.084+0000] {dag.py:3096} INFO - Sync 1 DAGs
[2025-12-14T16:52:12.116+0000] {logging_mixin.py:188} INFO - [2025-12-14T16:52:12.116+0000] {dag.py:3954} INFO - Setting next_dagrun for example_branch_dop_operator_v3 to 2025-12-14 16:51:00+00:00, run_after=2025-12-14 16:52:00+00:00
[2025-12-14T16:52:12.142+0000] {processor.py:183} INFO - Processing /home/airflow/.local/lib/python3.12/site-packages/airflow/example_dags/example_branch_python_dop_operator_3.py took 0.111 seconds
[2025-12-14T16:55:05.009+0000] {processor.py:161} INFO - Started process (PID=102) to work on /home/airflow/.local/lib/python3.12/site-packages/airflow/example_dags/example_branch_python_dop_operator_3.py
[2025-12-14T16:55:05.012+0000] {processor.py:830} INFO - Processing file /home/airflow/.local/lib/python3.12/site-packages/airflow/example_dags/example_branch_python_dop_operator_3.py for tasks to queue
[2025-12-14T16:55:05.016+0000] {logging_mixin.py:188} INFO - [2025-12-14T16:55:05.016+0000] {dagbag.py:540} INFO - Filling up the DagBag from /home/airflow/.local/lib/python3.12/site-packages/airflow/example_dags/example_branch_python_dop_operator_3.py
[2025-12-14T16:55:05.040+0000] {processor.py:840} INFO - DAG(s) 'example_branch_dop_operator_v3' retrieved from /home/airflow/.local/lib/python3.12/site-packages/airflow/example_dags/example_branch_python_dop_operator_3.py
[2025-12-14T16:55:05.259+0000] {logging_mixin.py:188} INFO - [2025-12-14T16:55:05.259+0000] {dag.py:3096} INFO - Sync 1 DAGs
[2025-12-14T16:55:05.309+0000] {logging_mixin.py:188} INFO - [2025-12-14T16:55:05.309+0000] {dag.py:3954} INFO - Setting next_dagrun for example_branch_dop_operator_v3 to 2025-12-14 16:54:00+00:00, run_after=2025-12-14 16:55:00+00:00
[2025-12-14T16:55:05.360+0000] {processor.py:183} INFO - Processing /home/airflow/.local/lib/python3.12/site-packages/airflow/example_dags/example_branch_python_dop_operator_3.py took 0.365 seconds
[2025-12-14T16:55:35.509+0000] {processor.py:161} INFO - Started process (PID=178) to work on /home/airflow/.local/lib/python3.12/site-packages/airflow/example_dags/example_branch_python_dop_operator_3.py
[2025-12-14T16:55:35.510+0000] {processor.py:830} INFO - Processing file /home/airflow/.local/lib/python3.12/site-packages/airflow/example_dags/example_branch_python_dop_operator_3.py for tasks to queue
[2025-12-14T16:55:35.512+0000] {logging_mixin.py:188} INFO - [2025-12-14T16:55:35.512+0000] {dagbag.py:540} INFO - Filling up the DagBag from /home/airflow/.local/lib/python3.12/site-packages/airflow/example_dags/example_branch_python_dop_operator_3.py
[2025-12-14T16:55:35.523+0000] {processor.py:840} INFO - DAG(s) 'example_branch_dop_operator_v3' retrieved from /home/airflow/.local/lib/python3.12/site-packages/airflow/example_dags/example_branch_python_dop_operator_3.py
[2025-12-14T16:55:35.549+0000] {logging_mixin.py:188} INFO - [2025-12-14T16:55:35.548+0000] {dag.py:3096} INFO - Sync 1 DAGs
[2025-12-14T16:55:35.579+0000] {logging_mixin.py:188} INFO - [2025-12-14T16:55:35.579+0000] {dag.py:3954} INFO - Setting next_dagrun for example_branch_dop_operator_v3 to 2025-12-14 16:54:00+00:00, run_after=2025-12-14 16:55:00+00:00
[2025-12-14T16:55:35.798+0000] {processor.py:183} INFO - Processing /home/airflow/.local/lib/python3.12/site-packages/airflow/example_dags/example_branch_python_dop_operator_3.py took 0.297 seconds
[2025-12-14T16:56:06.386+0000] {processor.py:161} INFO - Started process (PID=250) to work on /home/airflow/.local/lib/python3.12/site-packages/airflow/example_dags/example_branch_python_dop_operator_3.py
[2025-12-14T16:56:06.387+0000] {processor.py:830} INFO - Processing file /home/airflow/.local/lib/python3.12/site-packages/airflow/example_dags/example_branch_python_dop_operator_3.py for tasks to queue
[2025-12-14T16:56:06.390+0000] {logging_mixin.py:188} INFO - [2025-12-14T16:56:06.389+0000] {dagbag.py:540} INFO - Filling up the DagBag from /home/airflow/.local/lib/python3.12/site-packages/airflow/example_dags/example_branch_python_dop_operator_3.py
[2025-12-14T16:56:06.401+0000] {processor.py:840} INFO - DAG(s) 'example_branch_dop_operator_v3' retrieved from /home/airflow/.local/lib/python3.12/site-packages/airflow/example_dags/example_branch_python_dop_operator_3.py
[2025-12-14T16:56:06.430+0000] {logging_mixin.py:188} INFO - [2025-12-14T16:56:06.430+0000] {dag.py:3096} INFO - Sync 1 DAGs
[2025-12-14T16:56:06.459+0000] {logging_mixin.py:188} INFO - [2025-12-14T16:56:06.458+0000] {dag.py:3954} INFO - Setting next_dagrun for example_branch_dop_operator_v3 to 2025-12-14 16:55:00+00:00, run_after=2025-12-14 16:56:00+00:00
[2025-12-14T16:56:06.488+0000] {processor.py:183} INFO - Processing /home/airflow/.local/lib/python3.12/site-packages/airflow/example_dags/example_branch_python_dop_operator_3.py took 0.109 seconds
[2025-12-14T16:56:36.666+0000] {processor.py:161} INFO - Started process (PID=321) to work on /home/airflow/.local/lib/python3.12/site-packages/airflow/example_dags/example_branch_python_dop_operator_3.py
[2025-12-14T16:56:36.667+0000] {processor.py:830} INFO - Processing file /home/airflow/.local/lib/python3.12/site-packages/airflow/example_dags/example_branch_python_dop_operator_3.py for tasks to queue
[2025-12-14T16:56:36.670+0000] {logging_mixin.py:188} INFO - [2025-12-14T16:56:36.669+0000] {dagbag.py:540} INFO - Filling up the DagBag from /home/airflow/.local/lib/python3.12/site-packages/airflow/example_dags/example_branch_python_dop_operator_3.py
[2025-12-14T16:56:36.679+0000] {processor.py:840} INFO - DAG(s) 'example_branch_dop_operator_v3' retrieved from /home/airflow/.local/lib/python3.12/site-packages/airflow/example_dags/example_branch_python_dop_operator_3.py
[2025-12-14T16:56:36.707+0000] {logging_mixin.py:188} INFO - [2025-12-14T16:56:36.707+0000] {dag.py:3096} INFO - Sync 1 DAGs
[2025-12-14T16:56:36.737+0000] {logging_mixin.py:188} INFO - [2025-12-14T16:56:36.737+0000] {dag.py:3954} INFO - Setting next_dagrun for example_branch_dop_operator_v3 to 2025-12-14 16:55:00+00:00, run_after=2025-12-14 16:56:00+00:00
[2025-12-14T16:56:36.763+0000] {processor.py:183} INFO - Processing /home/airflow/.local/lib/python3.12/site-packages/airflow/example_dags/example_branch_python_dop_operator_3.py took 0.104 seconds
[2025-12-14T16:57:06.928+0000] {processor.py:161} INFO - Started process (PID=393) to work on /home/airflow/.local/lib/python3.12/site-packages/airflow/example_dags/example_branch_python_dop_operator_3.py
[2025-12-14T16:57:06.929+0000] {processor.py:830} INFO - Processing file /home/airflow/.local/lib/python3.12/site-packages/airflow/example_dags/example_branch_python_dop_operator_3.py for tasks to queue
[2025-12-14T16:57:06.931+0000] {logging_mixin.py:188} INFO - [2025-12-14T16:57:06.931+0000] {dagbag.py:540} INFO - Filling up the DagBag from /home/airflow/.local/lib/python3.12/site-packages/airflow/example_dags/example_branch_python_dop_operator_3.py
[2025-12-14T16:57:06.943+0000] {processor.py:840} INFO - DAG(s) 'example_branch_dop_operator_v3' retrieved from /home/airflow/.local/lib/python3.12/site-packages/airflow/example_dags/example_branch_python_dop_operator_3.py
[2025-12-14T16:57:06.967+0000] {logging_mixin.py:188} INFO - [2025-12-14T16:57:06.967+0000] {dag.py:3096} INFO - Sync 1 DAGs
[2025-12-14T16:57:06.994+0000] {logging_mixin.py:188} INFO - [2025-12-14T16:57:06.994+0000] {dag.py:3954} INFO - Setting next_dagrun for example_branch_dop_operator_v3 to 2025-12-14 16:56:00+00:00, run_after=2025-12-14 16:57:00+00:00
[2025-12-14T16:57:07.017+0000] {processor.py:183} INFO - Processing /home/airflow/.local/lib/python3.12/site-packages/airflow/example_dags/example_branch_python_dop_operator_3.py took 0.097 seconds
[2025-12-14T16:58:30.680+0000] {processor.py:161} INFO - Started process (PID=69) to work on /home/airflow/.local/lib/python3.12/site-packages/airflow/example_dags/example_branch_python_dop_operator_3.py
[2025-12-14T16:58:30.681+0000] {processor.py:830} INFO - Processing file /home/airflow/.local/lib/python3.12/site-packages/airflow/example_dags/example_branch_python_dop_operator_3.py for tasks to queue
[2025-12-14T16:58:30.685+0000] {logging_mixin.py:188} INFO - [2025-12-14T16:58:30.685+0000] {dagbag.py:540} INFO - Filling up the DagBag from /home/airflow/.local/lib/python3.12/site-packages/airflow/example_dags/example_branch_python_dop_operator_3.py
[2025-12-14T16:58:30.709+0000] {processor.py:840} INFO - DAG(s) 'example_branch_dop_operator_v3' retrieved from /home/airflow/.local/lib/python3.12/site-packages/airflow/example_dags/example_branch_python_dop_operator_3.py
[2025-12-14T16:58:30.938+0000] {logging_mixin.py:188} INFO - [2025-12-14T16:58:30.938+0000] {dag.py:3096} INFO - Sync 1 DAGs
[2025-12-14T16:58:30.971+0000] {logging_mixin.py:188} INFO - [2025-12-14T16:58:30.971+0000] {dag.py:3954} INFO - Setting next_dagrun for example_branch_dop_operator_v3 to 2025-12-14 16:57:00+00:00, run_after=2025-12-14 16:58:00+00:00
[2025-12-14T16:58:30.999+0000] {processor.py:183} INFO - Processing /home/airflow/.local/lib/python3.12/site-packages/airflow/example_dags/example_branch_python_dop_operator_3.py took 0.329 seconds
[2025-12-14T16:59:01.172+0000] {processor.py:161} INFO - Started process (PID=133) to work on /home/airflow/.local/lib/python3.12/site-packages/airflow/example_dags/example_branch_python_dop_operator_3.py
[2025-12-14T16:59:01.173+0000] {processor.py:830} INFO - Processing file /home/airflow/.local/lib/python3.12/site-packages/airflow/example_dags/example_branch_python_dop_operator_3.py for tasks to queue
[2025-12-14T16:59:01.176+0000] {logging_mixin.py:188} INFO - [2025-12-14T16:59:01.176+0000] {dagbag.py:540} INFO - Filling up the DagBag from /home/airflow/.local/lib/python3.12/site-packages/airflow/example_dags/example_branch_python_dop_operator_3.py
[2025-12-14T16:59:01.188+0000] {processor.py:840} INFO - DAG(s) 'example_branch_dop_operator_v3' retrieved from /home/airflow/.local/lib/python3.12/site-packages/airflow/example_dags/example_branch_python_dop_operator_3.py
[2025-12-14T16:59:01.216+0000] {logging_mixin.py:188} INFO - [2025-12-14T16:59:01.216+0000] {dag.py:3096} INFO - Sync 1 DAGs
[2025-12-14T16:59:01.248+0000] {logging_mixin.py:188} INFO - [2025-12-14T16:59:01.248+0000] {dag.py:3954} INFO - Setting next_dagrun for example_branch_dop_operator_v3 to 2025-12-14 16:58:00+00:00, run_after=2025-12-14 16:59:00+00:00
[2025-12-14T16:59:01.277+0000] {processor.py:183} INFO - Processing /home/airflow/.local/lib/python3.12/site-packages/airflow/example_dags/example_branch_python_dop_operator_3.py took 0.114 seconds
[2025-12-14T16:59:31.820+0000] {processor.py:161} INFO - Started process (PID=193) to work on /home/airflow/.local/lib/python3.12/site-packages/airflow/example_dags/example_branch_python_dop_operator_3.py
[2025-12-14T16:59:31.825+0000] {processor.py:830} INFO - Processing file /home/airflow/.local/lib/python3.12/site-packages/airflow/example_dags/example_branch_python_dop_operator_3.py for tasks to queue
[2025-12-14T16:59:31.831+0000] {logging_mixin.py:188} INFO - [2025-12-14T16:59:31.829+0000] {dagbag.py:540} INFO - Filling up the DagBag from /home/airflow/.local/lib/python3.12/site-packages/airflow/example_dags/example_branch_python_dop_operator_3.py
[2025-12-14T16:59:31.884+0000] {processor.py:840} INFO - DAG(s) 'example_branch_dop_operator_v3' retrieved from /home/airflow/.local/lib/python3.12/site-packages/airflow/example_dags/example_branch_python_dop_operator_3.py
[2025-12-14T16:59:32.043+0000] {logging_mixin.py:188} INFO - [2025-12-14T16:59:32.042+0000] {dag.py:3096} INFO - Sync 1 DAGs
[2025-12-14T16:59:32.218+0000] {logging_mixin.py:188} INFO - [2025-12-14T16:59:32.217+0000] {dag.py:3954} INFO - Setting next_dagrun for example_branch_dop_operator_v3 to 2025-12-14 16:58:00+00:00, run_after=2025-12-14 16:59:00+00:00
[2025-12-14T16:59:32.316+0000] {processor.py:183} INFO - Processing /home/airflow/.local/lib/python3.12/site-packages/airflow/example_dags/example_branch_python_dop_operator_3.py took 0.532 seconds
[2025-12-14T17:00:02.857+0000] {processor.py:161} INFO - Started process (PID=253) to work on /home/airflow/.local/lib/python3.12/site-packages/airflow/example_dags/example_branch_python_dop_operator_3.py
[2025-12-14T17:00:02.858+0000] {processor.py:830} INFO - Processing file /home/airflow/.local/lib/python3.12/site-packages/airflow/example_dags/example_branch_python_dop_operator_3.py for tasks to queue
[2025-12-14T17:00:02.860+0000] {logging_mixin.py:188} INFO - [2025-12-14T17:00:02.859+0000] {dagbag.py:540} INFO - Filling up the DagBag from /home/airflow/.local/lib/python3.12/site-packages/airflow/example_dags/example_branch_python_dop_operator_3.py
[2025-12-14T17:00:02.871+0000] {processor.py:840} INFO - DAG(s) 'example_branch_dop_operator_v3' retrieved from /home/airflow/.local/lib/python3.12/site-packages/airflow/example_dags/example_branch_python_dop_operator_3.py
[2025-12-14T17:00:02.896+0000] {logging_mixin.py:188} INFO - [2025-12-14T17:00:02.896+0000] {dag.py:3096} INFO - Sync 1 DAGs
[2025-12-14T17:00:02.923+0000] {logging_mixin.py:188} INFO - [2025-12-14T17:00:02.923+0000] {dag.py:3954} INFO - Setting next_dagrun for example_branch_dop_operator_v3 to 2025-12-14 16:59:00+00:00, run_after=2025-12-14 17:00:00+00:00
[2025-12-14T17:00:02.946+0000] {processor.py:183} INFO - Processing /home/airflow/.local/lib/python3.12/site-packages/airflow/example_dags/example_branch_python_dop_operator_3.py took 0.096 seconds
[2025-12-14T17:00:33.405+0000] {processor.py:161} INFO - Started process (PID=313) to work on /home/airflow/.local/lib/python3.12/site-packages/airflow/example_dags/example_branch_python_dop_operator_3.py
[2025-12-14T17:00:33.406+0000] {processor.py:830} INFO - Processing file /home/airflow/.local/lib/python3.12/site-packages/airflow/example_dags/example_branch_python_dop_operator_3.py for tasks to queue
[2025-12-14T17:00:33.408+0000] {logging_mixin.py:188} INFO - [2025-12-14T17:00:33.407+0000] {dagbag.py:540} INFO - Filling up the DagBag from /home/airflow/.local/lib/python3.12/site-packages/airflow/example_dags/example_branch_python_dop_operator_3.py
[2025-12-14T17:00:33.419+0000] {processor.py:840} INFO - DAG(s) 'example_branch_dop_operator_v3' retrieved from /home/airflow/.local/lib/python3.12/site-packages/airflow/example_dags/example_branch_python_dop_operator_3.py
[2025-12-14T17:00:33.446+0000] {logging_mixin.py:188} INFO - [2025-12-14T17:00:33.446+0000] {dag.py:3096} INFO - Sync 1 DAGs
[2025-12-14T17:00:33.476+0000] {logging_mixin.py:188} INFO - [2025-12-14T17:00:33.475+0000] {dag.py:3954} INFO - Setting next_dagrun for example_branch_dop_operator_v3 to 2025-12-14 16:59:00+00:00, run_after=2025-12-14 17:00:00+00:00
[2025-12-14T17:00:33.502+0000] {processor.py:183} INFO - Processing /home/airflow/.local/lib/python3.12/site-packages/airflow/example_dags/example_branch_python_dop_operator_3.py took 0.103 seconds
[2025-12-14T17:02:45.707+0000] {processor.py:161} INFO - Started process (PID=102) to work on /home/airflow/.local/lib/python3.12/site-packages/airflow/example_dags/example_branch_python_dop_operator_3.py
[2025-12-14T17:02:45.711+0000] {processor.py:830} INFO - Processing file /home/airflow/.local/lib/python3.12/site-packages/airflow/example_dags/example_branch_python_dop_operator_3.py for tasks to queue
[2025-12-14T17:02:45.726+0000] {logging_mixin.py:188} INFO - [2025-12-14T17:02:45.724+0000] {dagbag.py:540} INFO - Filling up the DagBag from /home/airflow/.local/lib/python3.12/site-packages/airflow/example_dags/example_branch_python_dop_operator_3.py
[2025-12-14T17:02:45.778+0000] {processor.py:840} INFO - DAG(s) 'example_branch_dop_operator_v3' retrieved from /home/airflow/.local/lib/python3.12/site-packages/airflow/example_dags/example_branch_python_dop_operator_3.py
[2025-12-14T17:02:46.180+0000] {logging_mixin.py:188} INFO - [2025-12-14T17:02:46.179+0000] {dag.py:3096} INFO - Sync 1 DAGs
[2025-12-14T17:02:46.257+0000] {logging_mixin.py:188} INFO - [2025-12-14T17:02:46.257+0000] {dag.py:3954} INFO - Setting next_dagrun for example_branch_dop_operator_v3 to 2025-12-14 17:01:00+00:00, run_after=2025-12-14 17:02:00+00:00
[2025-12-14T17:02:46.318+0000] {processor.py:183} INFO - Processing /home/airflow/.local/lib/python3.12/site-packages/airflow/example_dags/example_branch_python_dop_operator_3.py took 0.634 seconds
[2025-12-14T17:03:17.046+0000] {processor.py:161} INFO - Started process (PID=171) to work on /home/airflow/.local/lib/python3.12/site-packages/airflow/example_dags/example_branch_python_dop_operator_3.py
[2025-12-14T17:03:17.048+0000] {processor.py:830} INFO - Processing file /home/airflow/.local/lib/python3.12/site-packages/airflow/example_dags/example_branch_python_dop_operator_3.py for tasks to queue
[2025-12-14T17:03:17.053+0000] {logging_mixin.py:188} INFO - [2025-12-14T17:03:17.052+0000] {dagbag.py:540} INFO - Filling up the DagBag from /home/airflow/.local/lib/python3.12/site-packages/airflow/example_dags/example_branch_python_dop_operator_3.py
[2025-12-14T17:03:17.071+0000] {processor.py:840} INFO - DAG(s) 'example_branch_dop_operator_v3' retrieved from /home/airflow/.local/lib/python3.12/site-packages/airflow/example_dags/example_branch_python_dop_operator_3.py
[2025-12-14T17:03:17.111+0000] {logging_mixin.py:188} INFO - [2025-12-14T17:03:17.111+0000] {dag.py:3096} INFO - Sync 1 DAGs
[2025-12-14T17:03:17.156+0000] {logging_mixin.py:188} INFO - [2025-12-14T17:03:17.156+0000] {dag.py:3954} INFO - Setting next_dagrun for example_branch_dop_operator_v3 to 2025-12-14 17:02:00+00:00, run_after=2025-12-14 17:03:00+00:00
[2025-12-14T17:03:17.944+0000] {processor.py:183} INFO - Processing /home/airflow/.local/lib/python3.12/site-packages/airflow/example_dags/example_branch_python_dop_operator_3.py took 0.914 seconds
[2025-12-14T17:03:48.296+0000] {processor.py:161} INFO - Started process (PID=242) to work on /home/airflow/.local/lib/python3.12/site-packages/airflow/example_dags/example_branch_python_dop_operator_3.py
[2025-12-14T17:03:48.298+0000] {processor.py:830} INFO - Processing file /home/airflow/.local/lib/python3.12/site-packages/airflow/example_dags/example_branch_python_dop_operator_3.py for tasks to queue
[2025-12-14T17:03:48.300+0000] {logging_mixin.py:188} INFO - [2025-12-14T17:03:48.300+0000] {dagbag.py:540} INFO - Filling up the DagBag from /home/airflow/.local/lib/python3.12/site-packages/airflow/example_dags/example_branch_python_dop_operator_3.py
[2025-12-14T17:03:48.310+0000] {processor.py:840} INFO - DAG(s) 'example_branch_dop_operator_v3' retrieved from /home/airflow/.local/lib/python3.12/site-packages/airflow/example_dags/example_branch_python_dop_operator_3.py
[2025-12-14T17:03:48.333+0000] {logging_mixin.py:188} INFO - [2025-12-14T17:03:48.333+0000] {dag.py:3096} INFO - Sync 1 DAGs
[2025-12-14T17:03:48.359+0000] {logging_mixin.py:188} INFO - [2025-12-14T17:03:48.359+0000] {dag.py:3954} INFO - Setting next_dagrun for example_branch_dop_operator_v3 to 2025-12-14 17:02:00+00:00, run_after=2025-12-14 17:03:00+00:00
[2025-12-14T17:03:48.380+0000] {processor.py:183} INFO - Processing /home/airflow/.local/lib/python3.12/site-packages/airflow/example_dags/example_branch_python_dop_operator_3.py took 0.090 seconds
[2025-12-14T17:04:18.558+0000] {processor.py:161} INFO - Started process (PID=313) to work on /home/airflow/.local/lib/python3.12/site-packages/airflow/example_dags/example_branch_python_dop_operator_3.py
[2025-12-14T17:04:18.560+0000] {processor.py:830} INFO - Processing file /home/airflow/.local/lib/python3.12/site-packages/airflow/example_dags/example_branch_python_dop_operator_3.py for tasks to queue
[2025-12-14T17:04:18.562+0000] {logging_mixin.py:188} INFO - [2025-12-14T17:04:18.562+0000] {dagbag.py:540} INFO - Filling up the DagBag from /home/airflow/.local/lib/python3.12/site-packages/airflow/example_dags/example_branch_python_dop_operator_3.py
[2025-12-14T17:04:18.576+0000] {processor.py:840} INFO - DAG(s) 'example_branch_dop_operator_v3' retrieved from /home/airflow/.local/lib/python3.12/site-packages/airflow/example_dags/example_branch_python_dop_operator_3.py
[2025-12-14T17:04:18.604+0000] {logging_mixin.py:188} INFO - [2025-12-14T17:04:18.604+0000] {dag.py:3096} INFO - Sync 1 DAGs
[2025-12-14T17:04:18.640+0000] {logging_mixin.py:188} INFO - [2025-12-14T17:04:18.640+0000] {dag.py:3954} INFO - Setting next_dagrun for example_branch_dop_operator_v3 to 2025-12-14 17:03:00+00:00, run_after=2025-12-14 17:04:00+00:00
[2025-12-14T17:04:18.680+0000] {processor.py:183} INFO - Processing /home/airflow/.local/lib/python3.12/site-packages/airflow/example_dags/example_branch_python_dop_operator_3.py took 0.132 seconds
[2025-12-14T17:07:12.078+0000] {processor.py:161} INFO - Started process (PID=93) to work on /home/airflow/.local/lib/python3.12/site-packages/airflow/example_dags/example_branch_python_dop_operator_3.py
[2025-12-14T17:07:12.081+0000] {processor.py:830} INFO - Processing file /home/airflow/.local/lib/python3.12/site-packages/airflow/example_dags/example_branch_python_dop_operator_3.py for tasks to queue
[2025-12-14T17:07:12.084+0000] {logging_mixin.py:188} INFO - [2025-12-14T17:07:12.084+0000] {dagbag.py:540} INFO - Filling up the DagBag from /home/airflow/.local/lib/python3.12/site-packages/airflow/example_dags/example_branch_python_dop_operator_3.py
[2025-12-14T17:07:12.106+0000] {processor.py:840} INFO - DAG(s) 'example_branch_dop_operator_v3' retrieved from /home/airflow/.local/lib/python3.12/site-packages/airflow/example_dags/example_branch_python_dop_operator_3.py
[2025-12-14T17:07:12.383+0000] {logging_mixin.py:188} INFO - [2025-12-14T17:07:12.383+0000] {dag.py:3096} INFO - Sync 1 DAGs
[2025-12-14T17:07:12.440+0000] {logging_mixin.py:188} INFO - [2025-12-14T17:07:12.439+0000] {dag.py:3954} INFO - Setting next_dagrun for example_branch_dop_operator_v3 to 2025-12-14 17:06:00+00:00, run_after=2025-12-14 17:07:00+00:00
[2025-12-14T17:07:12.486+0000] {processor.py:183} INFO - Processing /home/airflow/.local/lib/python3.12/site-packages/airflow/example_dags/example_branch_python_dop_operator_3.py took 0.432 seconds
[2025-12-14T17:07:42.606+0000] {processor.py:161} INFO - Started process (PID=162) to work on /home/airflow/.local/lib/python3.12/site-packages/airflow/example_dags/example_branch_python_dop_operator_3.py
[2025-12-14T17:07:42.608+0000] {processor.py:830} INFO - Processing file /home/airflow/.local/lib/python3.12/site-packages/airflow/example_dags/example_branch_python_dop_operator_3.py for tasks to queue
[2025-12-14T17:07:42.611+0000] {logging_mixin.py:188} INFO - [2025-12-14T17:07:42.611+0000] {dagbag.py:540} INFO - Filling up the DagBag from /home/airflow/.local/lib/python3.12/site-packages/airflow/example_dags/example_branch_python_dop_operator_3.py
[2025-12-14T17:07:42.624+0000] {processor.py:840} INFO - DAG(s) 'example_branch_dop_operator_v3' retrieved from /home/airflow/.local/lib/python3.12/site-packages/airflow/example_dags/example_branch_python_dop_operator_3.py
[2025-12-14T17:07:42.651+0000] {logging_mixin.py:188} INFO - [2025-12-14T17:07:42.650+0000] {dag.py:3096} INFO - Sync 1 DAGs
[2025-12-14T17:07:42.679+0000] {logging_mixin.py:188} INFO - [2025-12-14T17:07:42.679+0000] {dag.py:3954} INFO - Setting next_dagrun for example_branch_dop_operator_v3 to 2025-12-14 17:06:00+00:00, run_after=2025-12-14 17:07:00+00:00
[2025-12-14T17:07:42.699+0000] {processor.py:183} INFO - Processing /home/airflow/.local/lib/python3.12/site-packages/airflow/example_dags/example_branch_python_dop_operator_3.py took 0.102 seconds
[2025-12-14T17:08:12.799+0000] {processor.py:161} INFO - Started process (PID=233) to work on /home/airflow/.local/lib/python3.12/site-packages/airflow/example_dags/example_branch_python_dop_operator_3.py
[2025-12-14T17:08:12.802+0000] {processor.py:830} INFO - Processing file /home/airflow/.local/lib/python3.12/site-packages/airflow/example_dags/example_branch_python_dop_operator_3.py for tasks to queue
[2025-12-14T17:08:12.805+0000] {logging_mixin.py:188} INFO - [2025-12-14T17:08:12.805+0000] {dagbag.py:540} INFO - Filling up the DagBag from /home/airflow/.local/lib/python3.12/site-packages/airflow/example_dags/example_branch_python_dop_operator_3.py
[2025-12-14T17:08:12.822+0000] {processor.py:840} INFO - DAG(s) 'example_branch_dop_operator_v3' retrieved from /home/airflow/.local/lib/python3.12/site-packages/airflow/example_dags/example_branch_python_dop_operator_3.py
[2025-12-14T17:08:12.863+0000] {logging_mixin.py:188} INFO - [2025-12-14T17:08:12.863+0000] {dag.py:3096} INFO - Sync 1 DAGs
[2025-12-14T17:08:12.911+0000] {logging_mixin.py:188} INFO - [2025-12-14T17:08:12.911+0000] {dag.py:3954} INFO - Setting next_dagrun for example_branch_dop_operator_v3 to 2025-12-14 17:07:00+00:00, run_after=2025-12-14 17:08:00+00:00
[2025-12-14T17:08:12.953+0000] {processor.py:183} INFO - Processing /home/airflow/.local/lib/python3.12/site-packages/airflow/example_dags/example_branch_python_dop_operator_3.py took 0.165 seconds
[2025-12-14T17:08:43.707+0000] {processor.py:161} INFO - Started process (PID=305) to work on /home/airflow/.local/lib/python3.12/site-packages/airflow/example_dags/example_branch_python_dop_operator_3.py
[2025-12-14T17:08:43.709+0000] {processor.py:830} INFO - Processing file /home/airflow/.local/lib/python3.12/site-packages/airflow/example_dags/example_branch_python_dop_operator_3.py for tasks to queue
[2025-12-14T17:08:43.712+0000] {logging_mixin.py:188} INFO - [2025-12-14T17:08:43.711+0000] {dagbag.py:540} INFO - Filling up the DagBag from /home/airflow/.local/lib/python3.12/site-packages/airflow/example_dags/example_branch_python_dop_operator_3.py
[2025-12-14T17:08:43.732+0000] {processor.py:840} INFO - DAG(s) 'example_branch_dop_operator_v3' retrieved from /home/airflow/.local/lib/python3.12/site-packages/airflow/example_dags/example_branch_python_dop_operator_3.py
[2025-12-14T17:08:43.766+0000] {logging_mixin.py:188} INFO - [2025-12-14T17:08:43.766+0000] {dag.py:3096} INFO - Sync 1 DAGs
[2025-12-14T17:08:43.806+0000] {logging_mixin.py:188} INFO - [2025-12-14T17:08:43.805+0000] {dag.py:3954} INFO - Setting next_dagrun for example_branch_dop_operator_v3 to 2025-12-14 17:07:00+00:00, run_after=2025-12-14 17:08:00+00:00
[2025-12-14T17:08:43.841+0000] {processor.py:183} INFO - Processing /home/airflow/.local/lib/python3.12/site-packages/airflow/example_dags/example_branch_python_dop_operator_3.py took 0.145 seconds
[2025-12-14T17:09:14.024+0000] {processor.py:161} INFO - Started process (PID=376) to work on /home/airflow/.local/lib/python3.12/site-packages/airflow/example_dags/example_branch_python_dop_operator_3.py
[2025-12-14T17:09:14.025+0000] {processor.py:830} INFO - Processing file /home/airflow/.local/lib/python3.12/site-packages/airflow/example_dags/example_branch_python_dop_operator_3.py for tasks to queue
[2025-12-14T17:09:14.028+0000] {logging_mixin.py:188} INFO - [2025-12-14T17:09:14.028+0000] {dagbag.py:540} INFO - Filling up the DagBag from /home/airflow/.local/lib/python3.12/site-packages/airflow/example_dags/example_branch_python_dop_operator_3.py
[2025-12-14T17:09:14.044+0000] {processor.py:840} INFO - DAG(s) 'example_branch_dop_operator_v3' retrieved from /home/airflow/.local/lib/python3.12/site-packages/airflow/example_dags/example_branch_python_dop_operator_3.py
[2025-12-14T17:09:14.103+0000] {logging_mixin.py:188} INFO - [2025-12-14T17:09:14.103+0000] {dag.py:3096} INFO - Sync 1 DAGs
[2025-12-14T17:09:14.159+0000] {logging_mixin.py:188} INFO - [2025-12-14T17:09:14.159+0000] {dag.py:3954} INFO - Setting next_dagrun for example_branch_dop_operator_v3 to 2025-12-14 17:08:00+00:00, run_after=2025-12-14 17:09:00+00:00
[2025-12-14T17:09:14.186+0000] {processor.py:183} INFO - Processing /home/airflow/.local/lib/python3.12/site-packages/airflow/example_dags/example_branch_python_dop_operator_3.py took 0.170 seconds
[2025-12-14T17:09:44.595+0000] {processor.py:161} INFO - Started process (PID=447) to work on /home/airflow/.local/lib/python3.12/site-packages/airflow/example_dags/example_branch_python_dop_operator_3.py
[2025-12-14T17:09:44.597+0000] {processor.py:830} INFO - Processing file /home/airflow/.local/lib/python3.12/site-packages/airflow/example_dags/example_branch_python_dop_operator_3.py for tasks to queue
[2025-12-14T17:09:44.599+0000] {logging_mixin.py:188} INFO - [2025-12-14T17:09:44.599+0000] {dagbag.py:540} INFO - Filling up the DagBag from /home/airflow/.local/lib/python3.12/site-packages/airflow/example_dags/example_branch_python_dop_operator_3.py
[2025-12-14T17:09:44.609+0000] {processor.py:840} INFO - DAG(s) 'example_branch_dop_operator_v3' retrieved from /home/airflow/.local/lib/python3.12/site-packages/airflow/example_dags/example_branch_python_dop_operator_3.py
[2025-12-14T17:09:44.634+0000] {logging_mixin.py:188} INFO - [2025-12-14T17:09:44.634+0000] {dag.py:3096} INFO - Sync 1 DAGs
[2025-12-14T17:09:44.662+0000] {logging_mixin.py:188} INFO - [2025-12-14T17:09:44.662+0000] {dag.py:3954} INFO - Setting next_dagrun for example_branch_dop_operator_v3 to 2025-12-14 17:08:00+00:00, run_after=2025-12-14 17:09:00+00:00
[2025-12-14T17:09:44.687+0000] {processor.py:183} INFO - Processing /home/airflow/.local/lib/python3.12/site-packages/airflow/example_dags/example_branch_python_dop_operator_3.py took 0.098 seconds
[2025-12-14T17:10:15.129+0000] {processor.py:161} INFO - Started process (PID=531) to work on /home/airflow/.local/lib/python3.12/site-packages/airflow/example_dags/example_branch_python_dop_operator_3.py
[2025-12-14T17:10:15.131+0000] {processor.py:830} INFO - Processing file /home/airflow/.local/lib/python3.12/site-packages/airflow/example_dags/example_branch_python_dop_operator_3.py for tasks to queue
[2025-12-14T17:10:15.133+0000] {logging_mixin.py:188} INFO - [2025-12-14T17:10:15.133+0000] {dagbag.py:540} INFO - Filling up the DagBag from /home/airflow/.local/lib/python3.12/site-packages/airflow/example_dags/example_branch_python_dop_operator_3.py
[2025-12-14T17:10:15.145+0000] {processor.py:840} INFO - DAG(s) 'example_branch_dop_operator_v3' retrieved from /home/airflow/.local/lib/python3.12/site-packages/airflow/example_dags/example_branch_python_dop_operator_3.py
[2025-12-14T17:10:15.171+0000] {logging_mixin.py:188} INFO - [2025-12-14T17:10:15.171+0000] {dag.py:3096} INFO - Sync 1 DAGs
[2025-12-14T17:10:15.198+0000] {logging_mixin.py:188} INFO - [2025-12-14T17:10:15.198+0000] {dag.py:3954} INFO - Setting next_dagrun for example_branch_dop_operator_v3 to 2025-12-14 17:09:00+00:00, run_after=2025-12-14 17:10:00+00:00
[2025-12-14T17:10:15.223+0000] {processor.py:183} INFO - Processing /home/airflow/.local/lib/python3.12/site-packages/airflow/example_dags/example_branch_python_dop_operator_3.py took 0.100 seconds
[2025-12-14T17:10:45.419+0000] {processor.py:161} INFO - Started process (PID=602) to work on /home/airflow/.local/lib/python3.12/site-packages/airflow/example_dags/example_branch_python_dop_operator_3.py
[2025-12-14T17:10:45.421+0000] {processor.py:830} INFO - Processing file /home/airflow/.local/lib/python3.12/site-packages/airflow/example_dags/example_branch_python_dop_operator_3.py for tasks to queue
[2025-12-14T17:10:45.424+0000] {logging_mixin.py:188} INFO - [2025-12-14T17:10:45.423+0000] {dagbag.py:540} INFO - Filling up the DagBag from /home/airflow/.local/lib/python3.12/site-packages/airflow/example_dags/example_branch_python_dop_operator_3.py
[2025-12-14T17:10:45.438+0000] {processor.py:840} INFO - DAG(s) 'example_branch_dop_operator_v3' retrieved from /home/airflow/.local/lib/python3.12/site-packages/airflow/example_dags/example_branch_python_dop_operator_3.py
[2025-12-14T17:10:45.471+0000] {logging_mixin.py:188} INFO - [2025-12-14T17:10:45.470+0000] {dag.py:3096} INFO - Sync 1 DAGs
[2025-12-14T17:10:45.507+0000] {logging_mixin.py:188} INFO - [2025-12-14T17:10:45.507+0000] {dag.py:3954} INFO - Setting next_dagrun for example_branch_dop_operator_v3 to 2025-12-14 17:09:00+00:00, run_after=2025-12-14 17:10:00+00:00
[2025-12-14T17:10:45.537+0000] {processor.py:183} INFO - Processing /home/airflow/.local/lib/python3.12/site-packages/airflow/example_dags/example_branch_python_dop_operator_3.py took 0.127 seconds
[2025-12-14T17:11:16.699+0000] {processor.py:161} INFO - Started process (PID=673) to work on /home/airflow/.local/lib/python3.12/site-packages/airflow/example_dags/example_branch_python_dop_operator_3.py
[2025-12-14T17:11:16.817+0000] {processor.py:830} INFO - Processing file /home/airflow/.local/lib/python3.12/site-packages/airflow/example_dags/example_branch_python_dop_operator_3.py for tasks to queue
[2025-12-14T17:11:16.932+0000] {logging_mixin.py:188} INFO - [2025-12-14T17:11:16.917+0000] {dagbag.py:540} INFO - Filling up the DagBag from /home/airflow/.local/lib/python3.12/site-packages/airflow/example_dags/example_branch_python_dop_operator_3.py
[2025-12-14T17:11:17.135+0000] {processor.py:840} INFO - DAG(s) 'example_branch_dop_operator_v3' retrieved from /home/airflow/.local/lib/python3.12/site-packages/airflow/example_dags/example_branch_python_dop_operator_3.py
[2025-12-14T17:11:17.552+0000] {logging_mixin.py:188} INFO - [2025-12-14T17:11:17.550+0000] {dag.py:3096} INFO - Sync 1 DAGs
[2025-12-14T17:11:17.685+0000] {logging_mixin.py:188} INFO - [2025-12-14T17:11:17.684+0000] {dag.py:3954} INFO - Setting next_dagrun for example_branch_dop_operator_v3 to 2025-12-14 17:10:00+00:00, run_after=2025-12-14 17:11:00+00:00
[2025-12-14T17:11:17.726+0000] {processor.py:183} INFO - Processing /home/airflow/.local/lib/python3.12/site-packages/airflow/example_dags/example_branch_python_dop_operator_3.py took 1.152 seconds
[2025-12-14T17:11:47.830+0000] {processor.py:161} INFO - Started process (PID=743) to work on /home/airflow/.local/lib/python3.12/site-packages/airflow/example_dags/example_branch_python_dop_operator_3.py
[2025-12-14T17:11:47.832+0000] {processor.py:830} INFO - Processing file /home/airflow/.local/lib/python3.12/site-packages/airflow/example_dags/example_branch_python_dop_operator_3.py for tasks to queue
[2025-12-14T17:11:47.834+0000] {logging_mixin.py:188} INFO - [2025-12-14T17:11:47.834+0000] {dagbag.py:540} INFO - Filling up the DagBag from /home/airflow/.local/lib/python3.12/site-packages/airflow/example_dags/example_branch_python_dop_operator_3.py
[2025-12-14T17:11:47.846+0000] {processor.py:840} INFO - DAG(s) 'example_branch_dop_operator_v3' retrieved from /home/airflow/.local/lib/python3.12/site-packages/airflow/example_dags/example_branch_python_dop_operator_3.py
[2025-12-14T17:11:47.869+0000] {logging_mixin.py:188} INFO - [2025-12-14T17:11:47.869+0000] {dag.py:3096} INFO - Sync 1 DAGs
[2025-12-14T17:11:47.897+0000] {logging_mixin.py:188} INFO - [2025-12-14T17:11:47.897+0000] {dag.py:3954} INFO - Setting next_dagrun for example_branch_dop_operator_v3 to 2025-12-14 17:10:00+00:00, run_after=2025-12-14 17:11:00+00:00
[2025-12-14T17:11:47.924+0000] {processor.py:183} INFO - Processing /home/airflow/.local/lib/python3.12/site-packages/airflow/example_dags/example_branch_python_dop_operator_3.py took 0.100 seconds
[2025-12-14T17:12:18.058+0000] {processor.py:161} INFO - Started process (PID=814) to work on /home/airflow/.local/lib/python3.12/site-packages/airflow/example_dags/example_branch_python_dop_operator_3.py
[2025-12-14T17:12:18.062+0000] {processor.py:830} INFO - Processing file /home/airflow/.local/lib/python3.12/site-packages/airflow/example_dags/example_branch_python_dop_operator_3.py for tasks to queue
[2025-12-14T17:12:18.067+0000] {logging_mixin.py:188} INFO - [2025-12-14T17:12:18.066+0000] {dagbag.py:540} INFO - Filling up the DagBag from /home/airflow/.local/lib/python3.12/site-packages/airflow/example_dags/example_branch_python_dop_operator_3.py
[2025-12-14T17:12:18.090+0000] {processor.py:840} INFO - DAG(s) 'example_branch_dop_operator_v3' retrieved from /home/airflow/.local/lib/python3.12/site-packages/airflow/example_dags/example_branch_python_dop_operator_3.py
[2025-12-14T17:12:18.155+0000] {logging_mixin.py:188} INFO - [2025-12-14T17:12:18.154+0000] {dag.py:3096} INFO - Sync 1 DAGs
[2025-12-14T17:12:18.220+0000] {logging_mixin.py:188} INFO - [2025-12-14T17:12:18.219+0000] {dag.py:3954} INFO - Setting next_dagrun for example_branch_dop_operator_v3 to 2025-12-14 17:11:00+00:00, run_after=2025-12-14 17:12:00+00:00
[2025-12-14T17:12:18.254+0000] {processor.py:183} INFO - Processing /home/airflow/.local/lib/python3.12/site-packages/airflow/example_dags/example_branch_python_dop_operator_3.py took 0.206 seconds
[2025-12-14T17:12:48.602+0000] {processor.py:161} INFO - Started process (PID=886) to work on /home/airflow/.local/lib/python3.12/site-packages/airflow/example_dags/example_branch_python_dop_operator_3.py
[2025-12-14T17:12:48.606+0000] {processor.py:830} INFO - Processing file /home/airflow/.local/lib/python3.12/site-packages/airflow/example_dags/example_branch_python_dop_operator_3.py for tasks to queue
[2025-12-14T17:12:48.613+0000] {logging_mixin.py:188} INFO - [2025-12-14T17:12:48.613+0000] {dagbag.py:540} INFO - Filling up the DagBag from /home/airflow/.local/lib/python3.12/site-packages/airflow/example_dags/example_branch_python_dop_operator_3.py
[2025-12-14T17:12:48.635+0000] {processor.py:840} INFO - DAG(s) 'example_branch_dop_operator_v3' retrieved from /home/airflow/.local/lib/python3.12/site-packages/airflow/example_dags/example_branch_python_dop_operator_3.py
[2025-12-14T17:12:48.676+0000] {logging_mixin.py:188} INFO - [2025-12-14T17:12:48.676+0000] {dag.py:3096} INFO - Sync 1 DAGs
[2025-12-14T17:12:48.718+0000] {logging_mixin.py:188} INFO - [2025-12-14T17:12:48.718+0000] {dag.py:3954} INFO - Setting next_dagrun for example_branch_dop_operator_v3 to 2025-12-14 17:11:00+00:00, run_after=2025-12-14 17:12:00+00:00
[2025-12-14T17:12:48.748+0000] {processor.py:183} INFO - Processing /home/airflow/.local/lib/python3.12/site-packages/airflow/example_dags/example_branch_python_dop_operator_3.py took 0.173 seconds
[2025-12-14T17:13:19.135+0000] {processor.py:161} INFO - Started process (PID=945) to work on /home/airflow/.local/lib/python3.12/site-packages/airflow/example_dags/example_branch_python_dop_operator_3.py
[2025-12-14T17:13:19.137+0000] {processor.py:830} INFO - Processing file /home/airflow/.local/lib/python3.12/site-packages/airflow/example_dags/example_branch_python_dop_operator_3.py for tasks to queue
[2025-12-14T17:13:19.139+0000] {logging_mixin.py:188} INFO - [2025-12-14T17:13:19.138+0000] {dagbag.py:540} INFO - Filling up the DagBag from /home/airflow/.local/lib/python3.12/site-packages/airflow/example_dags/example_branch_python_dop_operator_3.py
[2025-12-14T17:13:19.150+0000] {processor.py:840} INFO - DAG(s) 'example_branch_dop_operator_v3' retrieved from /home/airflow/.local/lib/python3.12/site-packages/airflow/example_dags/example_branch_python_dop_operator_3.py
[2025-12-14T17:13:19.181+0000] {logging_mixin.py:188} INFO - [2025-12-14T17:13:19.181+0000] {dag.py:3096} INFO - Sync 1 DAGs
[2025-12-14T17:13:19.213+0000] {logging_mixin.py:188} INFO - [2025-12-14T17:13:19.213+0000] {dag.py:3954} INFO - Setting next_dagrun for example_branch_dop_operator_v3 to 2025-12-14 17:12:00+00:00, run_after=2025-12-14 17:13:00+00:00
[2025-12-14T17:13:19.237+0000] {processor.py:183} INFO - Processing /home/airflow/.local/lib/python3.12/site-packages/airflow/example_dags/example_branch_python_dop_operator_3.py took 0.108 seconds
[2025-12-14T17:13:49.670+0000] {processor.py:161} INFO - Started process (PID=1016) to work on /home/airflow/.local/lib/python3.12/site-packages/airflow/example_dags/example_branch_python_dop_operator_3.py
[2025-12-14T17:13:49.671+0000] {processor.py:830} INFO - Processing file /home/airflow/.local/lib/python3.12/site-packages/airflow/example_dags/example_branch_python_dop_operator_3.py for tasks to queue
[2025-12-14T17:13:49.674+0000] {logging_mixin.py:188} INFO - [2025-12-14T17:13:49.673+0000] {dagbag.py:540} INFO - Filling up the DagBag from /home/airflow/.local/lib/python3.12/site-packages/airflow/example_dags/example_branch_python_dop_operator_3.py
[2025-12-14T17:13:49.686+0000] {processor.py:840} INFO - DAG(s) 'example_branch_dop_operator_v3' retrieved from /home/airflow/.local/lib/python3.12/site-packages/airflow/example_dags/example_branch_python_dop_operator_3.py
[2025-12-14T17:13:49.714+0000] {logging_mixin.py:188} INFO - [2025-12-14T17:13:49.713+0000] {dag.py:3096} INFO - Sync 1 DAGs
[2025-12-14T17:13:49.744+0000] {logging_mixin.py:188} INFO - [2025-12-14T17:13:49.744+0000] {dag.py:3954} INFO - Setting next_dagrun for example_branch_dop_operator_v3 to 2025-12-14 17:12:00+00:00, run_after=2025-12-14 17:13:00+00:00
[2025-12-14T17:13:49.943+0000] {processor.py:183} INFO - Processing /home/airflow/.local/lib/python3.12/site-packages/airflow/example_dags/example_branch_python_dop_operator_3.py took 0.280 seconds
[2025-12-14T17:14:20.013+0000] {processor.py:161} INFO - Started process (PID=1087) to work on /home/airflow/.local/lib/python3.12/site-packages/airflow/example_dags/example_branch_python_dop_operator_3.py
[2025-12-14T17:14:20.015+0000] {processor.py:830} INFO - Processing file /home/airflow/.local/lib/python3.12/site-packages/airflow/example_dags/example_branch_python_dop_operator_3.py for tasks to queue
[2025-12-14T17:14:20.017+0000] {logging_mixin.py:188} INFO - [2025-12-14T17:14:20.017+0000] {dagbag.py:540} INFO - Filling up the DagBag from /home/airflow/.local/lib/python3.12/site-packages/airflow/example_dags/example_branch_python_dop_operator_3.py
[2025-12-14T17:14:20.028+0000] {processor.py:840} INFO - DAG(s) 'example_branch_dop_operator_v3' retrieved from /home/airflow/.local/lib/python3.12/site-packages/airflow/example_dags/example_branch_python_dop_operator_3.py
[2025-12-14T17:14:20.056+0000] {logging_mixin.py:188} INFO - [2025-12-14T17:14:20.056+0000] {dag.py:3096} INFO - Sync 1 DAGs
[2025-12-14T17:14:20.086+0000] {logging_mixin.py:188} INFO - [2025-12-14T17:14:20.086+0000] {dag.py:3954} INFO - Setting next_dagrun for example_branch_dop_operator_v3 to 2025-12-14 17:13:00+00:00, run_after=2025-12-14 17:14:00+00:00
[2025-12-14T17:14:20.113+0000] {processor.py:183} INFO - Processing /home/airflow/.local/lib/python3.12/site-packages/airflow/example_dags/example_branch_python_dop_operator_3.py took 0.107 seconds
[2025-12-14T17:14:50.393+0000] {processor.py:161} INFO - Started process (PID=1158) to work on /home/airflow/.local/lib/python3.12/site-packages/airflow/example_dags/example_branch_python_dop_operator_3.py
[2025-12-14T17:14:50.395+0000] {processor.py:830} INFO - Processing file /home/airflow/.local/lib/python3.12/site-packages/airflow/example_dags/example_branch_python_dop_operator_3.py for tasks to queue
[2025-12-14T17:14:50.398+0000] {logging_mixin.py:188} INFO - [2025-12-14T17:14:50.397+0000] {dagbag.py:540} INFO - Filling up the DagBag from /home/airflow/.local/lib/python3.12/site-packages/airflow/example_dags/example_branch_python_dop_operator_3.py
[2025-12-14T17:14:50.408+0000] {processor.py:840} INFO - DAG(s) 'example_branch_dop_operator_v3' retrieved from /home/airflow/.local/lib/python3.12/site-packages/airflow/example_dags/example_branch_python_dop_operator_3.py
[2025-12-14T17:14:50.432+0000] {logging_mixin.py:188} INFO - [2025-12-14T17:14:50.432+0000] {dag.py:3096} INFO - Sync 1 DAGs
[2025-12-14T17:14:50.458+0000] {logging_mixin.py:188} INFO - [2025-12-14T17:14:50.458+0000] {dag.py:3954} INFO - Setting next_dagrun for example_branch_dop_operator_v3 to 2025-12-14 17:13:00+00:00, run_after=2025-12-14 17:14:00+00:00
[2025-12-14T17:14:50.481+0000] {processor.py:183} INFO - Processing /home/airflow/.local/lib/python3.12/site-packages/airflow/example_dags/example_branch_python_dop_operator_3.py took 0.094 seconds
[2025-12-14T17:15:20.710+0000] {processor.py:161} INFO - Started process (PID=1230) to work on /home/airflow/.local/lib/python3.12/site-packages/airflow/example_dags/example_branch_python_dop_operator_3.py
[2025-12-14T17:15:20.712+0000] {processor.py:830} INFO - Processing file /home/airflow/.local/lib/python3.12/site-packages/airflow/example_dags/example_branch_python_dop_operator_3.py for tasks to queue
[2025-12-14T17:15:20.715+0000] {logging_mixin.py:188} INFO - [2025-12-14T17:15:20.715+0000] {dagbag.py:540} INFO - Filling up the DagBag from /home/airflow/.local/lib/python3.12/site-packages/airflow/example_dags/example_branch_python_dop_operator_3.py
[2025-12-14T17:15:20.729+0000] {processor.py:840} INFO - DAG(s) 'example_branch_dop_operator_v3' retrieved from /home/airflow/.local/lib/python3.12/site-packages/airflow/example_dags/example_branch_python_dop_operator_3.py
[2025-12-14T17:15:20.757+0000] {logging_mixin.py:188} INFO - [2025-12-14T17:15:20.757+0000] {dag.py:3096} INFO - Sync 1 DAGs
[2025-12-14T17:15:20.788+0000] {logging_mixin.py:188} INFO - [2025-12-14T17:15:20.788+0000] {dag.py:3954} INFO - Setting next_dagrun for example_branch_dop_operator_v3 to 2025-12-14 17:14:00+00:00, run_after=2025-12-14 17:15:00+00:00
[2025-12-14T17:15:20.812+0000] {processor.py:183} INFO - Processing /home/airflow/.local/lib/python3.12/site-packages/airflow/example_dags/example_branch_python_dop_operator_3.py took 0.110 seconds
[2025-12-14T17:15:51.183+0000] {processor.py:161} INFO - Started process (PID=1301) to work on /home/airflow/.local/lib/python3.12/site-packages/airflow/example_dags/example_branch_python_dop_operator_3.py
[2025-12-14T17:15:51.185+0000] {processor.py:830} INFO - Processing file /home/airflow/.local/lib/python3.12/site-packages/airflow/example_dags/example_branch_python_dop_operator_3.py for tasks to queue
[2025-12-14T17:15:51.187+0000] {logging_mixin.py:188} INFO - [2025-12-14T17:15:51.187+0000] {dagbag.py:540} INFO - Filling up the DagBag from /home/airflow/.local/lib/python3.12/site-packages/airflow/example_dags/example_branch_python_dop_operator_3.py
[2025-12-14T17:15:51.197+0000] {processor.py:840} INFO - DAG(s) 'example_branch_dop_operator_v3' retrieved from /home/airflow/.local/lib/python3.12/site-packages/airflow/example_dags/example_branch_python_dop_operator_3.py
[2025-12-14T17:15:51.221+0000] {logging_mixin.py:188} INFO - [2025-12-14T17:15:51.221+0000] {dag.py:3096} INFO - Sync 1 DAGs
[2025-12-14T17:15:51.246+0000] {logging_mixin.py:188} INFO - [2025-12-14T17:15:51.246+0000] {dag.py:3954} INFO - Setting next_dagrun for example_branch_dop_operator_v3 to 2025-12-14 17:14:00+00:00, run_after=2025-12-14 17:15:00+00:00
[2025-12-14T17:15:51.270+0000] {processor.py:183} INFO - Processing /home/airflow/.local/lib/python3.12/site-packages/airflow/example_dags/example_branch_python_dop_operator_3.py took 0.096 seconds
[2025-12-14T17:16:21.688+0000] {processor.py:161} INFO - Started process (PID=1372) to work on /home/airflow/.local/lib/python3.12/site-packages/airflow/example_dags/example_branch_python_dop_operator_3.py
[2025-12-14T17:16:21.689+0000] {processor.py:830} INFO - Processing file /home/airflow/.local/lib/python3.12/site-packages/airflow/example_dags/example_branch_python_dop_operator_3.py for tasks to queue
[2025-12-14T17:16:21.691+0000] {logging_mixin.py:188} INFO - [2025-12-14T17:16:21.691+0000] {dagbag.py:540} INFO - Filling up the DagBag from /home/airflow/.local/lib/python3.12/site-packages/airflow/example_dags/example_branch_python_dop_operator_3.py
[2025-12-14T17:16:21.702+0000] {processor.py:840} INFO - DAG(s) 'example_branch_dop_operator_v3' retrieved from /home/airflow/.local/lib/python3.12/site-packages/airflow/example_dags/example_branch_python_dop_operator_3.py
[2025-12-14T17:16:21.725+0000] {logging_mixin.py:188} INFO - [2025-12-14T17:16:21.725+0000] {dag.py:3096} INFO - Sync 1 DAGs
[2025-12-14T17:16:21.753+0000] {logging_mixin.py:188} INFO - [2025-12-14T17:16:21.753+0000] {dag.py:3954} INFO - Setting next_dagrun for example_branch_dop_operator_v3 to 2025-12-14 17:15:00+00:00, run_after=2025-12-14 17:16:00+00:00
[2025-12-14T17:16:21.776+0000] {processor.py:183} INFO - Processing /home/airflow/.local/lib/python3.12/site-packages/airflow/example_dags/example_branch_python_dop_operator_3.py took 0.096 seconds
[2025-12-14T17:16:51.946+0000] {processor.py:161} INFO - Started process (PID=1443) to work on /home/airflow/.local/lib/python3.12/site-packages/airflow/example_dags/example_branch_python_dop_operator_3.py
[2025-12-14T17:16:51.948+0000] {processor.py:830} INFO - Processing file /home/airflow/.local/lib/python3.12/site-packages/airflow/example_dags/example_branch_python_dop_operator_3.py for tasks to queue
[2025-12-14T17:16:51.953+0000] {logging_mixin.py:188} INFO - [2025-12-14T17:16:51.952+0000] {dagbag.py:540} INFO - Filling up the DagBag from /home/airflow/.local/lib/python3.12/site-packages/airflow/example_dags/example_branch_python_dop_operator_3.py
[2025-12-14T17:16:51.970+0000] {processor.py:840} INFO - DAG(s) 'example_branch_dop_operator_v3' retrieved from /home/airflow/.local/lib/python3.12/site-packages/airflow/example_dags/example_branch_python_dop_operator_3.py
[2025-12-14T17:16:52.002+0000] {logging_mixin.py:188} INFO - [2025-12-14T17:16:52.001+0000] {dag.py:3096} INFO - Sync 1 DAGs
[2025-12-14T17:16:52.036+0000] {logging_mixin.py:188} INFO - [2025-12-14T17:16:52.035+0000] {dag.py:3954} INFO - Setting next_dagrun for example_branch_dop_operator_v3 to 2025-12-14 17:15:00+00:00, run_after=2025-12-14 17:16:00+00:00
[2025-12-14T17:16:52.063+0000] {processor.py:183} INFO - Processing /home/airflow/.local/lib/python3.12/site-packages/airflow/example_dags/example_branch_python_dop_operator_3.py took 0.128 seconds
[2025-12-14T17:17:22.465+0000] {processor.py:161} INFO - Started process (PID=1514) to work on /home/airflow/.local/lib/python3.12/site-packages/airflow/example_dags/example_branch_python_dop_operator_3.py
[2025-12-14T17:17:22.466+0000] {processor.py:830} INFO - Processing file /home/airflow/.local/lib/python3.12/site-packages/airflow/example_dags/example_branch_python_dop_operator_3.py for tasks to queue
[2025-12-14T17:17:22.470+0000] {logging_mixin.py:188} INFO - [2025-12-14T17:17:22.469+0000] {dagbag.py:540} INFO - Filling up the DagBag from /home/airflow/.local/lib/python3.12/site-packages/airflow/example_dags/example_branch_python_dop_operator_3.py
[2025-12-14T17:17:22.479+0000] {processor.py:840} INFO - DAG(s) 'example_branch_dop_operator_v3' retrieved from /home/airflow/.local/lib/python3.12/site-packages/airflow/example_dags/example_branch_python_dop_operator_3.py
[2025-12-14T17:17:22.503+0000] {logging_mixin.py:188} INFO - [2025-12-14T17:17:22.502+0000] {dag.py:3096} INFO - Sync 1 DAGs
[2025-12-14T17:17:22.529+0000] {logging_mixin.py:188} INFO - [2025-12-14T17:17:22.528+0000] {dag.py:3954} INFO - Setting next_dagrun for example_branch_dop_operator_v3 to 2025-12-14 17:16:00+00:00, run_after=2025-12-14 17:17:00+00:00
[2025-12-14T17:17:22.553+0000] {processor.py:183} INFO - Processing /home/airflow/.local/lib/python3.12/site-packages/airflow/example_dags/example_branch_python_dop_operator_3.py took 0.096 seconds
[2025-12-14T17:17:52.980+0000] {processor.py:161} INFO - Started process (PID=1585) to work on /home/airflow/.local/lib/python3.12/site-packages/airflow/example_dags/example_branch_python_dop_operator_3.py
[2025-12-14T17:17:52.982+0000] {processor.py:830} INFO - Processing file /home/airflow/.local/lib/python3.12/site-packages/airflow/example_dags/example_branch_python_dop_operator_3.py for tasks to queue
[2025-12-14T17:17:52.986+0000] {logging_mixin.py:188} INFO - [2025-12-14T17:17:52.985+0000] {dagbag.py:540} INFO - Filling up the DagBag from /home/airflow/.local/lib/python3.12/site-packages/airflow/example_dags/example_branch_python_dop_operator_3.py
[2025-12-14T17:17:52.996+0000] {processor.py:840} INFO - DAG(s) 'example_branch_dop_operator_v3' retrieved from /home/airflow/.local/lib/python3.12/site-packages/airflow/example_dags/example_branch_python_dop_operator_3.py
[2025-12-14T17:17:53.025+0000] {logging_mixin.py:188} INFO - [2025-12-14T17:17:53.025+0000] {dag.py:3096} INFO - Sync 1 DAGs
[2025-12-14T17:17:53.053+0000] {logging_mixin.py:188} INFO - [2025-12-14T17:17:53.053+0000] {dag.py:3954} INFO - Setting next_dagrun for example_branch_dop_operator_v3 to 2025-12-14 17:16:00+00:00, run_after=2025-12-14 17:17:00+00:00
[2025-12-14T17:17:53.078+0000] {processor.py:183} INFO - Processing /home/airflow/.local/lib/python3.12/site-packages/airflow/example_dags/example_branch_python_dop_operator_3.py took 0.105 seconds
[2025-12-14T17:18:23.941+0000] {processor.py:161} INFO - Started process (PID=1656) to work on /home/airflow/.local/lib/python3.12/site-packages/airflow/example_dags/example_branch_python_dop_operator_3.py
[2025-12-14T17:18:23.943+0000] {processor.py:830} INFO - Processing file /home/airflow/.local/lib/python3.12/site-packages/airflow/example_dags/example_branch_python_dop_operator_3.py for tasks to queue
[2025-12-14T17:18:23.947+0000] {logging_mixin.py:188} INFO - [2025-12-14T17:18:23.946+0000] {dagbag.py:540} INFO - Filling up the DagBag from /home/airflow/.local/lib/python3.12/site-packages/airflow/example_dags/example_branch_python_dop_operator_3.py
[2025-12-14T17:18:23.957+0000] {processor.py:840} INFO - DAG(s) 'example_branch_dop_operator_v3' retrieved from /home/airflow/.local/lib/python3.12/site-packages/airflow/example_dags/example_branch_python_dop_operator_3.py
[2025-12-14T17:18:23.983+0000] {logging_mixin.py:188} INFO - [2025-12-14T17:18:23.983+0000] {dag.py:3096} INFO - Sync 1 DAGs
[2025-12-14T17:18:24.012+0000] {logging_mixin.py:188} INFO - [2025-12-14T17:18:24.011+0000] {dag.py:3954} INFO - Setting next_dagrun for example_branch_dop_operator_v3 to 2025-12-14 17:17:00+00:00, run_after=2025-12-14 17:18:00+00:00
[2025-12-14T17:18:24.035+0000] {processor.py:183} INFO - Processing /home/airflow/.local/lib/python3.12/site-packages/airflow/example_dags/example_branch_python_dop_operator_3.py took 0.102 seconds
[2025-12-14T17:18:54.461+0000] {processor.py:161} INFO - Started process (PID=1727) to work on /home/airflow/.local/lib/python3.12/site-packages/airflow/example_dags/example_branch_python_dop_operator_3.py
[2025-12-14T17:18:54.463+0000] {processor.py:830} INFO - Processing file /home/airflow/.local/lib/python3.12/site-packages/airflow/example_dags/example_branch_python_dop_operator_3.py for tasks to queue
[2025-12-14T17:18:54.467+0000] {logging_mixin.py:188} INFO - [2025-12-14T17:18:54.467+0000] {dagbag.py:540} INFO - Filling up the DagBag from /home/airflow/.local/lib/python3.12/site-packages/airflow/example_dags/example_branch_python_dop_operator_3.py
[2025-12-14T17:18:54.478+0000] {processor.py:840} INFO - DAG(s) 'example_branch_dop_operator_v3' retrieved from /home/airflow/.local/lib/python3.12/site-packages/airflow/example_dags/example_branch_python_dop_operator_3.py
[2025-12-14T17:18:54.503+0000] {logging_mixin.py:188} INFO - [2025-12-14T17:18:54.503+0000] {dag.py:3096} INFO - Sync 1 DAGs
[2025-12-14T17:18:54.535+0000] {logging_mixin.py:188} INFO - [2025-12-14T17:18:54.535+0000] {dag.py:3954} INFO - Setting next_dagrun for example_branch_dop_operator_v3 to 2025-12-14 17:17:00+00:00, run_after=2025-12-14 17:18:00+00:00
[2025-12-14T17:18:54.561+0000] {processor.py:183} INFO - Processing /home/airflow/.local/lib/python3.12/site-packages/airflow/example_dags/example_branch_python_dop_operator_3.py took 0.107 seconds
[2025-12-14T17:19:24.854+0000] {processor.py:161} INFO - Started process (PID=1798) to work on /home/airflow/.local/lib/python3.12/site-packages/airflow/example_dags/example_branch_python_dop_operator_3.py
[2025-12-14T17:19:24.855+0000] {processor.py:830} INFO - Processing file /home/airflow/.local/lib/python3.12/site-packages/airflow/example_dags/example_branch_python_dop_operator_3.py for tasks to queue
[2025-12-14T17:19:24.859+0000] {logging_mixin.py:188} INFO - [2025-12-14T17:19:24.859+0000] {dagbag.py:540} INFO - Filling up the DagBag from /home/airflow/.local/lib/python3.12/site-packages/airflow/example_dags/example_branch_python_dop_operator_3.py
[2025-12-14T17:19:24.869+0000] {processor.py:840} INFO - DAG(s) 'example_branch_dop_operator_v3' retrieved from /home/airflow/.local/lib/python3.12/site-packages/airflow/example_dags/example_branch_python_dop_operator_3.py
[2025-12-14T17:19:24.893+0000] {logging_mixin.py:188} INFO - [2025-12-14T17:19:24.893+0000] {dag.py:3096} INFO - Sync 1 DAGs
[2025-12-14T17:19:24.920+0000] {logging_mixin.py:188} INFO - [2025-12-14T17:19:24.920+0000] {dag.py:3954} INFO - Setting next_dagrun for example_branch_dop_operator_v3 to 2025-12-14 17:18:00+00:00, run_after=2025-12-14 17:19:00+00:00
[2025-12-14T17:19:24.946+0000] {processor.py:183} INFO - Processing /home/airflow/.local/lib/python3.12/site-packages/airflow/example_dags/example_branch_python_dop_operator_3.py took 0.099 seconds
[2025-12-14T17:19:55.800+0000] {processor.py:161} INFO - Started process (PID=1869) to work on /home/airflow/.local/lib/python3.12/site-packages/airflow/example_dags/example_branch_python_dop_operator_3.py
[2025-12-14T17:19:55.801+0000] {processor.py:830} INFO - Processing file /home/airflow/.local/lib/python3.12/site-packages/airflow/example_dags/example_branch_python_dop_operator_3.py for tasks to queue
[2025-12-14T17:19:55.803+0000] {logging_mixin.py:188} INFO - [2025-12-14T17:19:55.803+0000] {dagbag.py:540} INFO - Filling up the DagBag from /home/airflow/.local/lib/python3.12/site-packages/airflow/example_dags/example_branch_python_dop_operator_3.py
[2025-12-14T17:19:55.813+0000] {processor.py:840} INFO - DAG(s) 'example_branch_dop_operator_v3' retrieved from /home/airflow/.local/lib/python3.12/site-packages/airflow/example_dags/example_branch_python_dop_operator_3.py
[2025-12-14T17:19:55.836+0000] {logging_mixin.py:188} INFO - [2025-12-14T17:19:55.836+0000] {dag.py:3096} INFO - Sync 1 DAGs
[2025-12-14T17:19:55.862+0000] {logging_mixin.py:188} INFO - [2025-12-14T17:19:55.861+0000] {dag.py:3954} INFO - Setting next_dagrun for example_branch_dop_operator_v3 to 2025-12-14 17:18:00+00:00, run_after=2025-12-14 17:19:00+00:00
[2025-12-14T17:19:55.882+0000] {processor.py:183} INFO - Processing /home/airflow/.local/lib/python3.12/site-packages/airflow/example_dags/example_branch_python_dop_operator_3.py took 0.090 seconds
[2025-12-14T17:20:26.037+0000] {processor.py:161} INFO - Started process (PID=1940) to work on /home/airflow/.local/lib/python3.12/site-packages/airflow/example_dags/example_branch_python_dop_operator_3.py
[2025-12-14T17:20:26.038+0000] {processor.py:830} INFO - Processing file /home/airflow/.local/lib/python3.12/site-packages/airflow/example_dags/example_branch_python_dop_operator_3.py for tasks to queue
[2025-12-14T17:20:26.041+0000] {logging_mixin.py:188} INFO - [2025-12-14T17:20:26.041+0000] {dagbag.py:540} INFO - Filling up the DagBag from /home/airflow/.local/lib/python3.12/site-packages/airflow/example_dags/example_branch_python_dop_operator_3.py
[2025-12-14T17:20:26.051+0000] {processor.py:840} INFO - DAG(s) 'example_branch_dop_operator_v3' retrieved from /home/airflow/.local/lib/python3.12/site-packages/airflow/example_dags/example_branch_python_dop_operator_3.py
[2025-12-14T17:20:26.074+0000] {logging_mixin.py:188} INFO - [2025-12-14T17:20:26.074+0000] {dag.py:3096} INFO - Sync 1 DAGs
[2025-12-14T17:20:26.100+0000] {logging_mixin.py:188} INFO - [2025-12-14T17:20:26.100+0000] {dag.py:3954} INFO - Setting next_dagrun for example_branch_dop_operator_v3 to 2025-12-14 17:19:00+00:00, run_after=2025-12-14 17:20:00+00:00
[2025-12-14T17:20:26.123+0000] {processor.py:183} INFO - Processing /home/airflow/.local/lib/python3.12/site-packages/airflow/example_dags/example_branch_python_dop_operator_3.py took 0.094 seconds
