[2025-12-14T16:49:13.333+0000] {processor.py:161} INFO - Started process (PID=91) to work on /home/airflow/.local/lib/python3.12/site-packages/airflow/example_dags/example_branch_labels.py
[2025-12-14T16:49:13.335+0000] {processor.py:830} INFO - Processing file /home/airflow/.local/lib/python3.12/site-packages/airflow/example_dags/example_branch_labels.py for tasks to queue
[2025-12-14T16:49:13.339+0000] {logging_mixin.py:188} INFO - [2025-12-14T16:49:13.338+0000] {dagbag.py:540} INFO - Filling up the DagBag from /home/airflow/.local/lib/python3.12/site-packages/airflow/example_dags/example_branch_labels.py
[2025-12-14T16:49:13.356+0000] {processor.py:840} INFO - DAG(s) 'example_branch_labels' retrieved from /home/airflow/.local/lib/python3.12/site-packages/airflow/example_dags/example_branch_labels.py
[2025-12-14T16:49:13.549+0000] {logging_mixin.py:188} INFO - [2025-12-14T16:49:13.549+0000] {dag.py:3096} INFO - Sync 1 DAGs
[2025-12-14T16:49:13.576+0000] {logging_mixin.py:188} INFO - [2025-12-14T16:49:13.575+0000] {dag.py:3954} INFO - Setting next_dagrun for example_branch_labels to 2025-12-13 00:00:00+00:00, run_after=2025-12-14 00:00:00+00:00
[2025-12-14T16:49:13.602+0000] {processor.py:183} INFO - Processing /home/airflow/.local/lib/python3.12/site-packages/airflow/example_dags/example_branch_labels.py took 0.279 seconds
[2025-12-14T16:49:44.049+0000] {processor.py:161} INFO - Started process (PID=156) to work on /home/airflow/.local/lib/python3.12/site-packages/airflow/example_dags/example_branch_labels.py
[2025-12-14T16:49:44.051+0000] {processor.py:830} INFO - Processing file /home/airflow/.local/lib/python3.12/site-packages/airflow/example_dags/example_branch_labels.py for tasks to queue
[2025-12-14T16:49:44.053+0000] {logging_mixin.py:188} INFO - [2025-12-14T16:49:44.053+0000] {dagbag.py:540} INFO - Filling up the DagBag from /home/airflow/.local/lib/python3.12/site-packages/airflow/example_dags/example_branch_labels.py
[2025-12-14T16:49:44.063+0000] {processor.py:840} INFO - DAG(s) 'example_branch_labels' retrieved from /home/airflow/.local/lib/python3.12/site-packages/airflow/example_dags/example_branch_labels.py
[2025-12-14T16:49:44.088+0000] {logging_mixin.py:188} INFO - [2025-12-14T16:49:44.088+0000] {dag.py:3096} INFO - Sync 1 DAGs
[2025-12-14T16:49:44.114+0000] {logging_mixin.py:188} INFO - [2025-12-14T16:49:44.114+0000] {dag.py:3954} INFO - Setting next_dagrun for example_branch_labels to 2025-12-13 00:00:00+00:00, run_after=2025-12-14 00:00:00+00:00
[2025-12-14T16:49:44.136+0000] {processor.py:183} INFO - Processing /home/airflow/.local/lib/python3.12/site-packages/airflow/example_dags/example_branch_labels.py took 0.094 seconds
[2025-12-14T16:50:14.567+0000] {processor.py:161} INFO - Started process (PID=214) to work on /home/airflow/.local/lib/python3.12/site-packages/airflow/example_dags/example_branch_labels.py
[2025-12-14T16:50:14.568+0000] {processor.py:830} INFO - Processing file /home/airflow/.local/lib/python3.12/site-packages/airflow/example_dags/example_branch_labels.py for tasks to queue
[2025-12-14T16:50:14.572+0000] {logging_mixin.py:188} INFO - [2025-12-14T16:50:14.572+0000] {dagbag.py:540} INFO - Filling up the DagBag from /home/airflow/.local/lib/python3.12/site-packages/airflow/example_dags/example_branch_labels.py
[2025-12-14T16:50:14.583+0000] {processor.py:840} INFO - DAG(s) 'example_branch_labels' retrieved from /home/airflow/.local/lib/python3.12/site-packages/airflow/example_dags/example_branch_labels.py
[2025-12-14T16:50:14.611+0000] {logging_mixin.py:188} INFO - [2025-12-14T16:50:14.611+0000] {dag.py:3096} INFO - Sync 1 DAGs
[2025-12-14T16:50:14.649+0000] {logging_mixin.py:188} INFO - [2025-12-14T16:50:14.649+0000] {dag.py:3954} INFO - Setting next_dagrun for example_branch_labels to 2025-12-13 00:00:00+00:00, run_after=2025-12-14 00:00:00+00:00
[2025-12-14T16:50:14.679+0000] {processor.py:183} INFO - Processing /home/airflow/.local/lib/python3.12/site-packages/airflow/example_dags/example_branch_labels.py took 0.119 seconds
[2025-12-14T16:50:44.881+0000] {processor.py:161} INFO - Started process (PID=279) to work on /home/airflow/.local/lib/python3.12/site-packages/airflow/example_dags/example_branch_labels.py
[2025-12-14T16:50:44.882+0000] {processor.py:830} INFO - Processing file /home/airflow/.local/lib/python3.12/site-packages/airflow/example_dags/example_branch_labels.py for tasks to queue
[2025-12-14T16:50:44.885+0000] {logging_mixin.py:188} INFO - [2025-12-14T16:50:44.885+0000] {dagbag.py:540} INFO - Filling up the DagBag from /home/airflow/.local/lib/python3.12/site-packages/airflow/example_dags/example_branch_labels.py
[2025-12-14T16:50:44.898+0000] {processor.py:840} INFO - DAG(s) 'example_branch_labels' retrieved from /home/airflow/.local/lib/python3.12/site-packages/airflow/example_dags/example_branch_labels.py
[2025-12-14T16:50:44.937+0000] {logging_mixin.py:188} INFO - [2025-12-14T16:50:44.936+0000] {dag.py:3096} INFO - Sync 1 DAGs
[2025-12-14T16:50:44.986+0000] {logging_mixin.py:188} INFO - [2025-12-14T16:50:44.985+0000] {dag.py:3954} INFO - Setting next_dagrun for example_branch_labels to 2025-12-13 00:00:00+00:00, run_after=2025-12-14 00:00:00+00:00
[2025-12-14T16:50:45.038+0000] {processor.py:183} INFO - Processing /home/airflow/.local/lib/python3.12/site-packages/airflow/example_dags/example_branch_labels.py took 0.168 seconds
[2025-12-14T16:51:15.829+0000] {processor.py:161} INFO - Started process (PID=337) to work on /home/airflow/.local/lib/python3.12/site-packages/airflow/example_dags/example_branch_labels.py
[2025-12-14T16:51:15.830+0000] {processor.py:830} INFO - Processing file /home/airflow/.local/lib/python3.12/site-packages/airflow/example_dags/example_branch_labels.py for tasks to queue
[2025-12-14T16:51:15.833+0000] {logging_mixin.py:188} INFO - [2025-12-14T16:51:15.832+0000] {dagbag.py:540} INFO - Filling up the DagBag from /home/airflow/.local/lib/python3.12/site-packages/airflow/example_dags/example_branch_labels.py
[2025-12-14T16:51:15.842+0000] {processor.py:840} INFO - DAG(s) 'example_branch_labels' retrieved from /home/airflow/.local/lib/python3.12/site-packages/airflow/example_dags/example_branch_labels.py
[2025-12-14T16:51:15.868+0000] {logging_mixin.py:188} INFO - [2025-12-14T16:51:15.868+0000] {dag.py:3096} INFO - Sync 1 DAGs
[2025-12-14T16:51:15.893+0000] {logging_mixin.py:188} INFO - [2025-12-14T16:51:15.892+0000] {dag.py:3954} INFO - Setting next_dagrun for example_branch_labels to 2025-12-13 00:00:00+00:00, run_after=2025-12-14 00:00:00+00:00
[2025-12-14T16:51:15.964+0000] {processor.py:183} INFO - Processing /home/airflow/.local/lib/python3.12/site-packages/airflow/example_dags/example_branch_labels.py took 0.142 seconds
[2025-12-14T16:51:46.894+0000] {processor.py:161} INFO - Started process (PID=395) to work on /home/airflow/.local/lib/python3.12/site-packages/airflow/example_dags/example_branch_labels.py
[2025-12-14T16:51:46.895+0000] {processor.py:830} INFO - Processing file /home/airflow/.local/lib/python3.12/site-packages/airflow/example_dags/example_branch_labels.py for tasks to queue
[2025-12-14T16:51:46.899+0000] {logging_mixin.py:188} INFO - [2025-12-14T16:51:46.898+0000] {dagbag.py:540} INFO - Filling up the DagBag from /home/airflow/.local/lib/python3.12/site-packages/airflow/example_dags/example_branch_labels.py
[2025-12-14T16:51:46.908+0000] {processor.py:840} INFO - DAG(s) 'example_branch_labels' retrieved from /home/airflow/.local/lib/python3.12/site-packages/airflow/example_dags/example_branch_labels.py
[2025-12-14T16:51:46.937+0000] {logging_mixin.py:188} INFO - [2025-12-14T16:51:46.937+0000] {dag.py:3096} INFO - Sync 1 DAGs
[2025-12-14T16:51:46.968+0000] {logging_mixin.py:188} INFO - [2025-12-14T16:51:46.968+0000] {dag.py:3954} INFO - Setting next_dagrun for example_branch_labels to 2025-12-13 00:00:00+00:00, run_after=2025-12-14 00:00:00+00:00
[2025-12-14T16:51:47.000+0000] {processor.py:183} INFO - Processing /home/airflow/.local/lib/python3.12/site-packages/airflow/example_dags/example_branch_labels.py took 0.114 seconds
[2025-12-14T16:52:17.746+0000] {processor.py:161} INFO - Started process (PID=453) to work on /home/airflow/.local/lib/python3.12/site-packages/airflow/example_dags/example_branch_labels.py
[2025-12-14T16:52:17.748+0000] {processor.py:830} INFO - Processing file /home/airflow/.local/lib/python3.12/site-packages/airflow/example_dags/example_branch_labels.py for tasks to queue
[2025-12-14T16:52:17.751+0000] {logging_mixin.py:188} INFO - [2025-12-14T16:52:17.750+0000] {dagbag.py:540} INFO - Filling up the DagBag from /home/airflow/.local/lib/python3.12/site-packages/airflow/example_dags/example_branch_labels.py
[2025-12-14T16:52:17.762+0000] {processor.py:840} INFO - DAG(s) 'example_branch_labels' retrieved from /home/airflow/.local/lib/python3.12/site-packages/airflow/example_dags/example_branch_labels.py
[2025-12-14T16:52:17.790+0000] {logging_mixin.py:188} INFO - [2025-12-14T16:52:17.790+0000] {dag.py:3096} INFO - Sync 1 DAGs
[2025-12-14T16:52:17.818+0000] {logging_mixin.py:188} INFO - [2025-12-14T16:52:17.818+0000] {dag.py:3954} INFO - Setting next_dagrun for example_branch_labels to 2025-12-13 00:00:00+00:00, run_after=2025-12-14 00:00:00+00:00
[2025-12-14T16:52:17.842+0000] {processor.py:183} INFO - Processing /home/airflow/.local/lib/python3.12/site-packages/airflow/example_dags/example_branch_labels.py took 0.105 seconds
[2025-12-14T16:55:09.704+0000] {processor.py:161} INFO - Started process (PID=144) to work on /home/airflow/.local/lib/python3.12/site-packages/airflow/example_dags/example_branch_labels.py
[2025-12-14T16:55:09.706+0000] {processor.py:830} INFO - Processing file /home/airflow/.local/lib/python3.12/site-packages/airflow/example_dags/example_branch_labels.py for tasks to queue
[2025-12-14T16:55:09.709+0000] {logging_mixin.py:188} INFO - [2025-12-14T16:55:09.709+0000] {dagbag.py:540} INFO - Filling up the DagBag from /home/airflow/.local/lib/python3.12/site-packages/airflow/example_dags/example_branch_labels.py
[2025-12-14T16:55:09.720+0000] {processor.py:840} INFO - DAG(s) 'example_branch_labels' retrieved from /home/airflow/.local/lib/python3.12/site-packages/airflow/example_dags/example_branch_labels.py
[2025-12-14T16:55:09.865+0000] {logging_mixin.py:188} INFO - [2025-12-14T16:55:09.865+0000] {dag.py:3096} INFO - Sync 1 DAGs
[2025-12-14T16:55:09.891+0000] {logging_mixin.py:188} INFO - [2025-12-14T16:55:09.890+0000] {dag.py:3954} INFO - Setting next_dagrun for example_branch_labels to 2025-12-13 00:00:00+00:00, run_after=2025-12-14 00:00:00+00:00
[2025-12-14T16:55:09.915+0000] {processor.py:183} INFO - Processing /home/airflow/.local/lib/python3.12/site-packages/airflow/example_dags/example_branch_labels.py took 0.219 seconds
[2025-12-14T16:55:40.124+0000] {processor.py:161} INFO - Started process (PID=216) to work on /home/airflow/.local/lib/python3.12/site-packages/airflow/example_dags/example_branch_labels.py
[2025-12-14T16:55:40.125+0000] {processor.py:830} INFO - Processing file /home/airflow/.local/lib/python3.12/site-packages/airflow/example_dags/example_branch_labels.py for tasks to queue
[2025-12-14T16:55:40.127+0000] {logging_mixin.py:188} INFO - [2025-12-14T16:55:40.127+0000] {dagbag.py:540} INFO - Filling up the DagBag from /home/airflow/.local/lib/python3.12/site-packages/airflow/example_dags/example_branch_labels.py
[2025-12-14T16:55:40.137+0000] {processor.py:840} INFO - DAG(s) 'example_branch_labels' retrieved from /home/airflow/.local/lib/python3.12/site-packages/airflow/example_dags/example_branch_labels.py
[2025-12-14T16:55:40.163+0000] {logging_mixin.py:188} INFO - [2025-12-14T16:55:40.163+0000] {dag.py:3096} INFO - Sync 1 DAGs
[2025-12-14T16:55:40.189+0000] {logging_mixin.py:188} INFO - [2025-12-14T16:55:40.189+0000] {dag.py:3954} INFO - Setting next_dagrun for example_branch_labels to 2025-12-13 00:00:00+00:00, run_after=2025-12-14 00:00:00+00:00
[2025-12-14T16:55:40.225+0000] {processor.py:183} INFO - Processing /home/airflow/.local/lib/python3.12/site-packages/airflow/example_dags/example_branch_labels.py took 0.109 seconds
[2025-12-14T16:56:11.051+0000] {processor.py:161} INFO - Started process (PID=287) to work on /home/airflow/.local/lib/python3.12/site-packages/airflow/example_dags/example_branch_labels.py
[2025-12-14T16:56:11.053+0000] {processor.py:830} INFO - Processing file /home/airflow/.local/lib/python3.12/site-packages/airflow/example_dags/example_branch_labels.py for tasks to queue
[2025-12-14T16:56:11.056+0000] {logging_mixin.py:188} INFO - [2025-12-14T16:56:11.056+0000] {dagbag.py:540} INFO - Filling up the DagBag from /home/airflow/.local/lib/python3.12/site-packages/airflow/example_dags/example_branch_labels.py
[2025-12-14T16:56:11.067+0000] {processor.py:840} INFO - DAG(s) 'example_branch_labels' retrieved from /home/airflow/.local/lib/python3.12/site-packages/airflow/example_dags/example_branch_labels.py
[2025-12-14T16:56:11.098+0000] {logging_mixin.py:188} INFO - [2025-12-14T16:56:11.097+0000] {dag.py:3096} INFO - Sync 1 DAGs
[2025-12-14T16:56:11.134+0000] {logging_mixin.py:188} INFO - [2025-12-14T16:56:11.134+0000] {dag.py:3954} INFO - Setting next_dagrun for example_branch_labels to 2025-12-13 00:00:00+00:00, run_after=2025-12-14 00:00:00+00:00
[2025-12-14T16:56:11.161+0000] {processor.py:183} INFO - Processing /home/airflow/.local/lib/python3.12/site-packages/airflow/example_dags/example_branch_labels.py took 0.118 seconds
[2025-12-14T16:56:42.076+0000] {processor.py:161} INFO - Started process (PID=347) to work on /home/airflow/.local/lib/python3.12/site-packages/airflow/example_dags/example_branch_labels.py
[2025-12-14T16:56:42.077+0000] {processor.py:830} INFO - Processing file /home/airflow/.local/lib/python3.12/site-packages/airflow/example_dags/example_branch_labels.py for tasks to queue
[2025-12-14T16:56:42.080+0000] {logging_mixin.py:188} INFO - [2025-12-14T16:56:42.080+0000] {dagbag.py:540} INFO - Filling up the DagBag from /home/airflow/.local/lib/python3.12/site-packages/airflow/example_dags/example_branch_labels.py
[2025-12-14T16:56:42.089+0000] {processor.py:840} INFO - DAG(s) 'example_branch_labels' retrieved from /home/airflow/.local/lib/python3.12/site-packages/airflow/example_dags/example_branch_labels.py
[2025-12-14T16:56:42.115+0000] {logging_mixin.py:188} INFO - [2025-12-14T16:56:42.115+0000] {dag.py:3096} INFO - Sync 1 DAGs
[2025-12-14T16:56:42.141+0000] {logging_mixin.py:188} INFO - [2025-12-14T16:56:42.141+0000] {dag.py:3954} INFO - Setting next_dagrun for example_branch_labels to 2025-12-13 00:00:00+00:00, run_after=2025-12-14 00:00:00+00:00
[2025-12-14T16:56:42.169+0000] {processor.py:183} INFO - Processing /home/airflow/.local/lib/python3.12/site-packages/airflow/example_dags/example_branch_labels.py took 0.100 seconds
[2025-12-14T16:57:13.100+0000] {processor.py:161} INFO - Started process (PID=417) to work on /home/airflow/.local/lib/python3.12/site-packages/airflow/example_dags/example_branch_labels.py
[2025-12-14T16:57:13.102+0000] {processor.py:830} INFO - Processing file /home/airflow/.local/lib/python3.12/site-packages/airflow/example_dags/example_branch_labels.py for tasks to queue
[2025-12-14T16:57:13.104+0000] {logging_mixin.py:188} INFO - [2025-12-14T16:57:13.104+0000] {dagbag.py:540} INFO - Filling up the DagBag from /home/airflow/.local/lib/python3.12/site-packages/airflow/example_dags/example_branch_labels.py
[2025-12-14T16:57:13.113+0000] {processor.py:840} INFO - DAG(s) 'example_branch_labels' retrieved from /home/airflow/.local/lib/python3.12/site-packages/airflow/example_dags/example_branch_labels.py
[2025-12-14T16:57:13.140+0000] {logging_mixin.py:188} INFO - [2025-12-14T16:57:13.140+0000] {dag.py:3096} INFO - Sync 1 DAGs
[2025-12-14T16:57:13.164+0000] {logging_mixin.py:188} INFO - [2025-12-14T16:57:13.163+0000] {dag.py:3954} INFO - Setting next_dagrun for example_branch_labels to 2025-12-13 00:00:00+00:00, run_after=2025-12-14 00:00:00+00:00
[2025-12-14T16:57:13.184+0000] {processor.py:183} INFO - Processing /home/airflow/.local/lib/python3.12/site-packages/airflow/example_dags/example_branch_labels.py took 0.090 seconds
[2025-12-14T16:58:33.988+0000] {processor.py:161} INFO - Started process (PID=93) to work on /home/airflow/.local/lib/python3.12/site-packages/airflow/example_dags/example_branch_labels.py
[2025-12-14T16:58:33.990+0000] {processor.py:830} INFO - Processing file /home/airflow/.local/lib/python3.12/site-packages/airflow/example_dags/example_branch_labels.py for tasks to queue
[2025-12-14T16:58:33.995+0000] {logging_mixin.py:188} INFO - [2025-12-14T16:58:33.994+0000] {dagbag.py:540} INFO - Filling up the DagBag from /home/airflow/.local/lib/python3.12/site-packages/airflow/example_dags/example_branch_labels.py
[2025-12-14T16:58:34.013+0000] {processor.py:840} INFO - DAG(s) 'example_branch_labels' retrieved from /home/airflow/.local/lib/python3.12/site-packages/airflow/example_dags/example_branch_labels.py
[2025-12-14T16:58:34.159+0000] {logging_mixin.py:188} INFO - [2025-12-14T16:58:34.159+0000] {dag.py:3096} INFO - Sync 1 DAGs
[2025-12-14T16:58:34.185+0000] {logging_mixin.py:188} INFO - [2025-12-14T16:58:34.185+0000] {dag.py:3954} INFO - Setting next_dagrun for example_branch_labels to 2025-12-13 00:00:00+00:00, run_after=2025-12-14 00:00:00+00:00
[2025-12-14T16:58:34.212+0000] {processor.py:183} INFO - Processing /home/airflow/.local/lib/python3.12/site-packages/airflow/example_dags/example_branch_labels.py took 0.237 seconds
[2025-12-14T16:59:04.296+0000] {processor.py:161} INFO - Started process (PID=153) to work on /home/airflow/.local/lib/python3.12/site-packages/airflow/example_dags/example_branch_labels.py
[2025-12-14T16:59:04.298+0000] {processor.py:830} INFO - Processing file /home/airflow/.local/lib/python3.12/site-packages/airflow/example_dags/example_branch_labels.py for tasks to queue
[2025-12-14T16:59:04.300+0000] {logging_mixin.py:188} INFO - [2025-12-14T16:59:04.300+0000] {dagbag.py:540} INFO - Filling up the DagBag from /home/airflow/.local/lib/python3.12/site-packages/airflow/example_dags/example_branch_labels.py
[2025-12-14T16:59:04.310+0000] {processor.py:840} INFO - DAG(s) 'example_branch_labels' retrieved from /home/airflow/.local/lib/python3.12/site-packages/airflow/example_dags/example_branch_labels.py
[2025-12-14T16:59:04.337+0000] {logging_mixin.py:188} INFO - [2025-12-14T16:59:04.336+0000] {dag.py:3096} INFO - Sync 1 DAGs
[2025-12-14T16:59:04.364+0000] {logging_mixin.py:188} INFO - [2025-12-14T16:59:04.364+0000] {dag.py:3954} INFO - Setting next_dagrun for example_branch_labels to 2025-12-13 00:00:00+00:00, run_after=2025-12-14 00:00:00+00:00
[2025-12-14T16:59:04.390+0000] {processor.py:183} INFO - Processing /home/airflow/.local/lib/python3.12/site-packages/airflow/example_dags/example_branch_labels.py took 0.101 seconds
[2025-12-14T16:59:35.479+0000] {processor.py:161} INFO - Started process (PID=213) to work on /home/airflow/.local/lib/python3.12/site-packages/airflow/example_dags/example_branch_labels.py
[2025-12-14T16:59:35.481+0000] {processor.py:830} INFO - Processing file /home/airflow/.local/lib/python3.12/site-packages/airflow/example_dags/example_branch_labels.py for tasks to queue
[2025-12-14T16:59:35.482+0000] {logging_mixin.py:188} INFO - [2025-12-14T16:59:35.482+0000] {dagbag.py:540} INFO - Filling up the DagBag from /home/airflow/.local/lib/python3.12/site-packages/airflow/example_dags/example_branch_labels.py
[2025-12-14T16:59:35.492+0000] {processor.py:840} INFO - DAG(s) 'example_branch_labels' retrieved from /home/airflow/.local/lib/python3.12/site-packages/airflow/example_dags/example_branch_labels.py
[2025-12-14T16:59:35.523+0000] {logging_mixin.py:188} INFO - [2025-12-14T16:59:35.522+0000] {dag.py:3096} INFO - Sync 1 DAGs
[2025-12-14T16:59:35.554+0000] {logging_mixin.py:188} INFO - [2025-12-14T16:59:35.553+0000] {dag.py:3954} INFO - Setting next_dagrun for example_branch_labels to 2025-12-13 00:00:00+00:00, run_after=2025-12-14 00:00:00+00:00
[2025-12-14T16:59:35.583+0000] {processor.py:183} INFO - Processing /home/airflow/.local/lib/python3.12/site-packages/airflow/example_dags/example_branch_labels.py took 0.113 seconds
[2025-12-14T17:00:06.425+0000] {processor.py:161} INFO - Started process (PID=273) to work on /home/airflow/.local/lib/python3.12/site-packages/airflow/example_dags/example_branch_labels.py
[2025-12-14T17:00:06.427+0000] {processor.py:830} INFO - Processing file /home/airflow/.local/lib/python3.12/site-packages/airflow/example_dags/example_branch_labels.py for tasks to queue
[2025-12-14T17:00:06.428+0000] {logging_mixin.py:188} INFO - [2025-12-14T17:00:06.428+0000] {dagbag.py:540} INFO - Filling up the DagBag from /home/airflow/.local/lib/python3.12/site-packages/airflow/example_dags/example_branch_labels.py
[2025-12-14T17:00:06.440+0000] {processor.py:840} INFO - DAG(s) 'example_branch_labels' retrieved from /home/airflow/.local/lib/python3.12/site-packages/airflow/example_dags/example_branch_labels.py
[2025-12-14T17:00:06.469+0000] {logging_mixin.py:188} INFO - [2025-12-14T17:00:06.469+0000] {dag.py:3096} INFO - Sync 1 DAGs
[2025-12-14T17:00:06.496+0000] {logging_mixin.py:188} INFO - [2025-12-14T17:00:06.495+0000] {dag.py:3954} INFO - Setting next_dagrun for example_branch_labels to 2025-12-13 00:00:00+00:00, run_after=2025-12-14 00:00:00+00:00
[2025-12-14T17:00:06.520+0000] {processor.py:183} INFO - Processing /home/airflow/.local/lib/python3.12/site-packages/airflow/example_dags/example_branch_labels.py took 0.103 seconds
[2025-12-14T17:00:37.396+0000] {processor.py:161} INFO - Started process (PID=333) to work on /home/airflow/.local/lib/python3.12/site-packages/airflow/example_dags/example_branch_labels.py
[2025-12-14T17:00:37.399+0000] {processor.py:830} INFO - Processing file /home/airflow/.local/lib/python3.12/site-packages/airflow/example_dags/example_branch_labels.py for tasks to queue
[2025-12-14T17:00:37.402+0000] {logging_mixin.py:188} INFO - [2025-12-14T17:00:37.401+0000] {dagbag.py:540} INFO - Filling up the DagBag from /home/airflow/.local/lib/python3.12/site-packages/airflow/example_dags/example_branch_labels.py
[2025-12-14T17:00:37.422+0000] {processor.py:840} INFO - DAG(s) 'example_branch_labels' retrieved from /home/airflow/.local/lib/python3.12/site-packages/airflow/example_dags/example_branch_labels.py
[2025-12-14T17:00:37.523+0000] {logging_mixin.py:188} INFO - [2025-12-14T17:00:37.522+0000] {dag.py:3096} INFO - Sync 1 DAGs
[2025-12-14T17:00:37.660+0000] {logging_mixin.py:188} INFO - [2025-12-14T17:00:37.659+0000] {dag.py:3954} INFO - Setting next_dagrun for example_branch_labels to 2025-12-13 00:00:00+00:00, run_after=2025-12-14 00:00:00+00:00
[2025-12-14T17:00:37.753+0000] {processor.py:183} INFO - Processing /home/airflow/.local/lib/python3.12/site-packages/airflow/example_dags/example_branch_labels.py took 0.372 seconds
[2025-12-14T17:02:51.834+0000] {processor.py:161} INFO - Started process (PID=131) to work on /home/airflow/.local/lib/python3.12/site-packages/airflow/example_dags/example_branch_labels.py
[2025-12-14T17:02:51.836+0000] {processor.py:830} INFO - Processing file /home/airflow/.local/lib/python3.12/site-packages/airflow/example_dags/example_branch_labels.py for tasks to queue
[2025-12-14T17:02:51.841+0000] {logging_mixin.py:188} INFO - [2025-12-14T17:02:51.839+0000] {dagbag.py:540} INFO - Filling up the DagBag from /home/airflow/.local/lib/python3.12/site-packages/airflow/example_dags/example_branch_labels.py
[2025-12-14T17:02:51.861+0000] {processor.py:840} INFO - DAG(s) 'example_branch_labels' retrieved from /home/airflow/.local/lib/python3.12/site-packages/airflow/example_dags/example_branch_labels.py
[2025-12-14T17:02:52.100+0000] {logging_mixin.py:188} INFO - [2025-12-14T17:02:52.099+0000] {dag.py:3096} INFO - Sync 1 DAGs
[2025-12-14T17:02:52.144+0000] {logging_mixin.py:188} INFO - [2025-12-14T17:02:52.144+0000] {dag.py:3954} INFO - Setting next_dagrun for example_branch_labels to 2025-12-13 00:00:00+00:00, run_after=2025-12-14 00:00:00+00:00
[2025-12-14T17:02:52.185+0000] {processor.py:183} INFO - Processing /home/airflow/.local/lib/python3.12/site-packages/airflow/example_dags/example_branch_labels.py took 0.363 seconds
[2025-12-14T17:03:22.364+0000] {processor.py:161} INFO - Started process (PID=202) to work on /home/airflow/.local/lib/python3.12/site-packages/airflow/example_dags/example_branch_labels.py
[2025-12-14T17:03:22.366+0000] {processor.py:830} INFO - Processing file /home/airflow/.local/lib/python3.12/site-packages/airflow/example_dags/example_branch_labels.py for tasks to queue
[2025-12-14T17:03:22.370+0000] {logging_mixin.py:188} INFO - [2025-12-14T17:03:22.369+0000] {dagbag.py:540} INFO - Filling up the DagBag from /home/airflow/.local/lib/python3.12/site-packages/airflow/example_dags/example_branch_labels.py
[2025-12-14T17:03:22.383+0000] {processor.py:840} INFO - DAG(s) 'example_branch_labels' retrieved from /home/airflow/.local/lib/python3.12/site-packages/airflow/example_dags/example_branch_labels.py
[2025-12-14T17:03:22.429+0000] {logging_mixin.py:188} INFO - [2025-12-14T17:03:22.428+0000] {dag.py:3096} INFO - Sync 1 DAGs
[2025-12-14T17:03:22.473+0000] {logging_mixin.py:188} INFO - [2025-12-14T17:03:22.473+0000] {dag.py:3954} INFO - Setting next_dagrun for example_branch_labels to 2025-12-13 00:00:00+00:00, run_after=2025-12-14 00:00:00+00:00
[2025-12-14T17:03:22.502+0000] {processor.py:183} INFO - Processing /home/airflow/.local/lib/python3.12/site-packages/airflow/example_dags/example_branch_labels.py took 0.149 seconds
[2025-12-14T17:03:53.267+0000] {processor.py:161} INFO - Started process (PID=273) to work on /home/airflow/.local/lib/python3.12/site-packages/airflow/example_dags/example_branch_labels.py
[2025-12-14T17:03:53.268+0000] {processor.py:830} INFO - Processing file /home/airflow/.local/lib/python3.12/site-packages/airflow/example_dags/example_branch_labels.py for tasks to queue
[2025-12-14T17:03:53.271+0000] {logging_mixin.py:188} INFO - [2025-12-14T17:03:53.270+0000] {dagbag.py:540} INFO - Filling up the DagBag from /home/airflow/.local/lib/python3.12/site-packages/airflow/example_dags/example_branch_labels.py
[2025-12-14T17:03:53.280+0000] {processor.py:840} INFO - DAG(s) 'example_branch_labels' retrieved from /home/airflow/.local/lib/python3.12/site-packages/airflow/example_dags/example_branch_labels.py
[2025-12-14T17:03:53.305+0000] {logging_mixin.py:188} INFO - [2025-12-14T17:03:53.305+0000] {dag.py:3096} INFO - Sync 1 DAGs
[2025-12-14T17:03:53.330+0000] {logging_mixin.py:188} INFO - [2025-12-14T17:03:53.330+0000] {dag.py:3954} INFO - Setting next_dagrun for example_branch_labels to 2025-12-13 00:00:00+00:00, run_after=2025-12-14 00:00:00+00:00
[2025-12-14T17:03:53.352+0000] {processor.py:183} INFO - Processing /home/airflow/.local/lib/python3.12/site-packages/airflow/example_dags/example_branch_labels.py took 0.092 seconds
[2025-12-14T17:04:24.766+0000] {processor.py:161} INFO - Started process (PID=344) to work on /home/airflow/.local/lib/python3.12/site-packages/airflow/example_dags/example_branch_labels.py
[2025-12-14T17:04:24.768+0000] {processor.py:830} INFO - Processing file /home/airflow/.local/lib/python3.12/site-packages/airflow/example_dags/example_branch_labels.py for tasks to queue
[2025-12-14T17:04:24.770+0000] {logging_mixin.py:188} INFO - [2025-12-14T17:04:24.770+0000] {dagbag.py:540} INFO - Filling up the DagBag from /home/airflow/.local/lib/python3.12/site-packages/airflow/example_dags/example_branch_labels.py
[2025-12-14T17:04:24.781+0000] {processor.py:840} INFO - DAG(s) 'example_branch_labels' retrieved from /home/airflow/.local/lib/python3.12/site-packages/airflow/example_dags/example_branch_labels.py
[2025-12-14T17:04:24.810+0000] {logging_mixin.py:188} INFO - [2025-12-14T17:04:24.810+0000] {dag.py:3096} INFO - Sync 1 DAGs
[2025-12-14T17:04:24.845+0000] {logging_mixin.py:188} INFO - [2025-12-14T17:04:24.844+0000] {dag.py:3954} INFO - Setting next_dagrun for example_branch_labels to 2025-12-13 00:00:00+00:00, run_after=2025-12-14 00:00:00+00:00
[2025-12-14T17:04:24.873+0000] {processor.py:183} INFO - Processing /home/airflow/.local/lib/python3.12/site-packages/airflow/example_dags/example_branch_labels.py took 0.116 seconds
[2025-12-14T17:07:16.667+0000] {processor.py:161} INFO - Started process (PID=122) to work on /home/airflow/.local/lib/python3.12/site-packages/airflow/example_dags/example_branch_labels.py
[2025-12-14T17:07:16.669+0000] {processor.py:830} INFO - Processing file /home/airflow/.local/lib/python3.12/site-packages/airflow/example_dags/example_branch_labels.py for tasks to queue
[2025-12-14T17:07:16.671+0000] {logging_mixin.py:188} INFO - [2025-12-14T17:07:16.671+0000] {dagbag.py:540} INFO - Filling up the DagBag from /home/airflow/.local/lib/python3.12/site-packages/airflow/example_dags/example_branch_labels.py
[2025-12-14T17:07:16.684+0000] {processor.py:840} INFO - DAG(s) 'example_branch_labels' retrieved from /home/airflow/.local/lib/python3.12/site-packages/airflow/example_dags/example_branch_labels.py
[2025-12-14T17:07:16.885+0000] {logging_mixin.py:188} INFO - [2025-12-14T17:07:16.884+0000] {dag.py:3096} INFO - Sync 1 DAGs
[2025-12-14T17:07:16.920+0000] {logging_mixin.py:188} INFO - [2025-12-14T17:07:16.920+0000] {dag.py:3954} INFO - Setting next_dagrun for example_branch_labels to 2025-12-13 00:00:00+00:00, run_after=2025-12-14 00:00:00+00:00
[2025-12-14T17:07:16.956+0000] {processor.py:183} INFO - Processing /home/airflow/.local/lib/python3.12/site-packages/airflow/example_dags/example_branch_labels.py took 0.296 seconds
[2025-12-14T17:07:48.173+0000] {processor.py:161} INFO - Started process (PID=193) to work on /home/airflow/.local/lib/python3.12/site-packages/airflow/example_dags/example_branch_labels.py
[2025-12-14T17:07:48.175+0000] {processor.py:830} INFO - Processing file /home/airflow/.local/lib/python3.12/site-packages/airflow/example_dags/example_branch_labels.py for tasks to queue
[2025-12-14T17:07:48.177+0000] {logging_mixin.py:188} INFO - [2025-12-14T17:07:48.177+0000] {dagbag.py:540} INFO - Filling up the DagBag from /home/airflow/.local/lib/python3.12/site-packages/airflow/example_dags/example_branch_labels.py
[2025-12-14T17:07:48.186+0000] {processor.py:840} INFO - DAG(s) 'example_branch_labels' retrieved from /home/airflow/.local/lib/python3.12/site-packages/airflow/example_dags/example_branch_labels.py
[2025-12-14T17:07:48.212+0000] {logging_mixin.py:188} INFO - [2025-12-14T17:07:48.211+0000] {dag.py:3096} INFO - Sync 1 DAGs
[2025-12-14T17:07:48.237+0000] {logging_mixin.py:188} INFO - [2025-12-14T17:07:48.237+0000] {dag.py:3954} INFO - Setting next_dagrun for example_branch_labels to 2025-12-13 00:00:00+00:00, run_after=2025-12-14 00:00:00+00:00
[2025-12-14T17:07:48.258+0000] {processor.py:183} INFO - Processing /home/airflow/.local/lib/python3.12/site-packages/airflow/example_dags/example_branch_labels.py took 0.092 seconds
[2025-12-14T17:08:19.859+0000] {processor.py:161} INFO - Started process (PID=264) to work on /home/airflow/.local/lib/python3.12/site-packages/airflow/example_dags/example_branch_labels.py
[2025-12-14T17:08:19.860+0000] {processor.py:830} INFO - Processing file /home/airflow/.local/lib/python3.12/site-packages/airflow/example_dags/example_branch_labels.py for tasks to queue
[2025-12-14T17:08:19.863+0000] {logging_mixin.py:188} INFO - [2025-12-14T17:08:19.862+0000] {dagbag.py:540} INFO - Filling up the DagBag from /home/airflow/.local/lib/python3.12/site-packages/airflow/example_dags/example_branch_labels.py
[2025-12-14T17:08:19.872+0000] {processor.py:840} INFO - DAG(s) 'example_branch_labels' retrieved from /home/airflow/.local/lib/python3.12/site-packages/airflow/example_dags/example_branch_labels.py
[2025-12-14T17:08:19.897+0000] {logging_mixin.py:188} INFO - [2025-12-14T17:08:19.897+0000] {dag.py:3096} INFO - Sync 1 DAGs
[2025-12-14T17:08:19.925+0000] {logging_mixin.py:188} INFO - [2025-12-14T17:08:19.924+0000] {dag.py:3954} INFO - Setting next_dagrun for example_branch_labels to 2025-12-13 00:00:00+00:00, run_after=2025-12-14 00:00:00+00:00
[2025-12-14T17:08:19.951+0000] {processor.py:183} INFO - Processing /home/airflow/.local/lib/python3.12/site-packages/airflow/example_dags/example_branch_labels.py took 0.100 seconds
[2025-12-14T17:08:50.148+0000] {processor.py:161} INFO - Started process (PID=324) to work on /home/airflow/.local/lib/python3.12/site-packages/airflow/example_dags/example_branch_labels.py
[2025-12-14T17:08:50.149+0000] {processor.py:830} INFO - Processing file /home/airflow/.local/lib/python3.12/site-packages/airflow/example_dags/example_branch_labels.py for tasks to queue
[2025-12-14T17:08:50.151+0000] {logging_mixin.py:188} INFO - [2025-12-14T17:08:50.151+0000] {dagbag.py:540} INFO - Filling up the DagBag from /home/airflow/.local/lib/python3.12/site-packages/airflow/example_dags/example_branch_labels.py
[2025-12-14T17:08:50.160+0000] {processor.py:840} INFO - DAG(s) 'example_branch_labels' retrieved from /home/airflow/.local/lib/python3.12/site-packages/airflow/example_dags/example_branch_labels.py
[2025-12-14T17:08:50.186+0000] {logging_mixin.py:188} INFO - [2025-12-14T17:08:50.186+0000] {dag.py:3096} INFO - Sync 1 DAGs
[2025-12-14T17:08:50.212+0000] {logging_mixin.py:188} INFO - [2025-12-14T17:08:50.212+0000] {dag.py:3954} INFO - Setting next_dagrun for example_branch_labels to 2025-12-13 00:00:00+00:00, run_after=2025-12-14 00:00:00+00:00
[2025-12-14T17:08:50.236+0000] {processor.py:183} INFO - Processing /home/airflow/.local/lib/python3.12/site-packages/airflow/example_dags/example_branch_labels.py took 0.096 seconds
[2025-12-14T17:09:20.292+0000] {processor.py:161} INFO - Started process (PID=394) to work on /home/airflow/.local/lib/python3.12/site-packages/airflow/example_dags/example_branch_labels.py
[2025-12-14T17:09:20.293+0000] {processor.py:830} INFO - Processing file /home/airflow/.local/lib/python3.12/site-packages/airflow/example_dags/example_branch_labels.py for tasks to queue
[2025-12-14T17:09:20.296+0000] {logging_mixin.py:188} INFO - [2025-12-14T17:09:20.296+0000] {dagbag.py:540} INFO - Filling up the DagBag from /home/airflow/.local/lib/python3.12/site-packages/airflow/example_dags/example_branch_labels.py
[2025-12-14T17:09:20.309+0000] {processor.py:840} INFO - DAG(s) 'example_branch_labels' retrieved from /home/airflow/.local/lib/python3.12/site-packages/airflow/example_dags/example_branch_labels.py
[2025-12-14T17:09:20.337+0000] {logging_mixin.py:188} INFO - [2025-12-14T17:09:20.337+0000] {dag.py:3096} INFO - Sync 1 DAGs
[2025-12-14T17:09:20.362+0000] {logging_mixin.py:188} INFO - [2025-12-14T17:09:20.362+0000] {dag.py:3954} INFO - Setting next_dagrun for example_branch_labels to 2025-12-13 00:00:00+00:00, run_after=2025-12-14 00:00:00+00:00
[2025-12-14T17:09:20.387+0000] {processor.py:183} INFO - Processing /home/airflow/.local/lib/python3.12/site-packages/airflow/example_dags/example_branch_labels.py took 0.106 seconds
[2025-12-14T17:09:50.756+0000] {processor.py:161} INFO - Started process (PID=465) to work on /home/airflow/.local/lib/python3.12/site-packages/airflow/example_dags/example_branch_labels.py
[2025-12-14T17:09:50.757+0000] {processor.py:830} INFO - Processing file /home/airflow/.local/lib/python3.12/site-packages/airflow/example_dags/example_branch_labels.py for tasks to queue
[2025-12-14T17:09:50.761+0000] {logging_mixin.py:188} INFO - [2025-12-14T17:09:50.760+0000] {dagbag.py:540} INFO - Filling up the DagBag from /home/airflow/.local/lib/python3.12/site-packages/airflow/example_dags/example_branch_labels.py
[2025-12-14T17:09:50.774+0000] {processor.py:840} INFO - DAG(s) 'example_branch_labels' retrieved from /home/airflow/.local/lib/python3.12/site-packages/airflow/example_dags/example_branch_labels.py
[2025-12-14T17:09:50.802+0000] {logging_mixin.py:188} INFO - [2025-12-14T17:09:50.802+0000] {dag.py:3096} INFO - Sync 1 DAGs
[2025-12-14T17:09:50.830+0000] {logging_mixin.py:188} INFO - [2025-12-14T17:09:50.830+0000] {dag.py:3954} INFO - Setting next_dagrun for example_branch_labels to 2025-12-13 00:00:00+00:00, run_after=2025-12-14 00:00:00+00:00
[2025-12-14T17:09:50.856+0000] {processor.py:183} INFO - Processing /home/airflow/.local/lib/python3.12/site-packages/airflow/example_dags/example_branch_labels.py took 0.109 seconds
[2025-12-14T17:10:21.355+0000] {processor.py:161} INFO - Started process (PID=549) to work on /home/airflow/.local/lib/python3.12/site-packages/airflow/example_dags/example_branch_labels.py
[2025-12-14T17:10:21.357+0000] {processor.py:830} INFO - Processing file /home/airflow/.local/lib/python3.12/site-packages/airflow/example_dags/example_branch_labels.py for tasks to queue
[2025-12-14T17:10:21.360+0000] {logging_mixin.py:188} INFO - [2025-12-14T17:10:21.360+0000] {dagbag.py:540} INFO - Filling up the DagBag from /home/airflow/.local/lib/python3.12/site-packages/airflow/example_dags/example_branch_labels.py
[2025-12-14T17:10:21.371+0000] {processor.py:840} INFO - DAG(s) 'example_branch_labels' retrieved from /home/airflow/.local/lib/python3.12/site-packages/airflow/example_dags/example_branch_labels.py
[2025-12-14T17:10:21.398+0000] {logging_mixin.py:188} INFO - [2025-12-14T17:10:21.398+0000] {dag.py:3096} INFO - Sync 1 DAGs
[2025-12-14T17:10:21.425+0000] {logging_mixin.py:188} INFO - [2025-12-14T17:10:21.424+0000] {dag.py:3954} INFO - Setting next_dagrun for example_branch_labels to 2025-12-13 00:00:00+00:00, run_after=2025-12-14 00:00:00+00:00
[2025-12-14T17:10:21.452+0000] {processor.py:183} INFO - Processing /home/airflow/.local/lib/python3.12/site-packages/airflow/example_dags/example_branch_labels.py took 0.105 seconds
[2025-12-14T17:10:51.611+0000] {processor.py:161} INFO - Started process (PID=620) to work on /home/airflow/.local/lib/python3.12/site-packages/airflow/example_dags/example_branch_labels.py
[2025-12-14T17:10:51.612+0000] {processor.py:830} INFO - Processing file /home/airflow/.local/lib/python3.12/site-packages/airflow/example_dags/example_branch_labels.py for tasks to queue
[2025-12-14T17:10:51.615+0000] {logging_mixin.py:188} INFO - [2025-12-14T17:10:51.614+0000] {dagbag.py:540} INFO - Filling up the DagBag from /home/airflow/.local/lib/python3.12/site-packages/airflow/example_dags/example_branch_labels.py
[2025-12-14T17:10:51.624+0000] {processor.py:840} INFO - DAG(s) 'example_branch_labels' retrieved from /home/airflow/.local/lib/python3.12/site-packages/airflow/example_dags/example_branch_labels.py
[2025-12-14T17:10:51.647+0000] {logging_mixin.py:188} INFO - [2025-12-14T17:10:51.647+0000] {dag.py:3096} INFO - Sync 1 DAGs
[2025-12-14T17:10:51.671+0000] {logging_mixin.py:188} INFO - [2025-12-14T17:10:51.671+0000] {dag.py:3954} INFO - Setting next_dagrun for example_branch_labels to 2025-12-13 00:00:00+00:00, run_after=2025-12-14 00:00:00+00:00
[2025-12-14T17:10:51.692+0000] {processor.py:183} INFO - Processing /home/airflow/.local/lib/python3.12/site-packages/airflow/example_dags/example_branch_labels.py took 0.088 seconds
[2025-12-14T17:11:22.181+0000] {processor.py:161} INFO - Started process (PID=691) to work on /home/airflow/.local/lib/python3.12/site-packages/airflow/example_dags/example_branch_labels.py
[2025-12-14T17:11:22.183+0000] {processor.py:830} INFO - Processing file /home/airflow/.local/lib/python3.12/site-packages/airflow/example_dags/example_branch_labels.py for tasks to queue
[2025-12-14T17:11:22.185+0000] {logging_mixin.py:188} INFO - [2025-12-14T17:11:22.185+0000] {dagbag.py:540} INFO - Filling up the DagBag from /home/airflow/.local/lib/python3.12/site-packages/airflow/example_dags/example_branch_labels.py
[2025-12-14T17:11:22.194+0000] {processor.py:840} INFO - DAG(s) 'example_branch_labels' retrieved from /home/airflow/.local/lib/python3.12/site-packages/airflow/example_dags/example_branch_labels.py
[2025-12-14T17:11:22.218+0000] {logging_mixin.py:188} INFO - [2025-12-14T17:11:22.218+0000] {dag.py:3096} INFO - Sync 1 DAGs
[2025-12-14T17:11:22.242+0000] {logging_mixin.py:188} INFO - [2025-12-14T17:11:22.241+0000] {dag.py:3954} INFO - Setting next_dagrun for example_branch_labels to 2025-12-13 00:00:00+00:00, run_after=2025-12-14 00:00:00+00:00
[2025-12-14T17:11:22.265+0000] {processor.py:183} INFO - Processing /home/airflow/.local/lib/python3.12/site-packages/airflow/example_dags/example_branch_labels.py took 0.091 seconds
[2025-12-14T17:11:52.473+0000] {processor.py:161} INFO - Started process (PID=762) to work on /home/airflow/.local/lib/python3.12/site-packages/airflow/example_dags/example_branch_labels.py
[2025-12-14T17:11:52.474+0000] {processor.py:830} INFO - Processing file /home/airflow/.local/lib/python3.12/site-packages/airflow/example_dags/example_branch_labels.py for tasks to queue
[2025-12-14T17:11:52.477+0000] {logging_mixin.py:188} INFO - [2025-12-14T17:11:52.477+0000] {dagbag.py:540} INFO - Filling up the DagBag from /home/airflow/.local/lib/python3.12/site-packages/airflow/example_dags/example_branch_labels.py
[2025-12-14T17:11:52.491+0000] {processor.py:840} INFO - DAG(s) 'example_branch_labels' retrieved from /home/airflow/.local/lib/python3.12/site-packages/airflow/example_dags/example_branch_labels.py
[2025-12-14T17:11:52.524+0000] {logging_mixin.py:188} INFO - [2025-12-14T17:11:52.524+0000] {dag.py:3096} INFO - Sync 1 DAGs
[2025-12-14T17:11:52.559+0000] {logging_mixin.py:188} INFO - [2025-12-14T17:11:52.558+0000] {dag.py:3954} INFO - Setting next_dagrun for example_branch_labels to 2025-12-13 00:00:00+00:00, run_after=2025-12-14 00:00:00+00:00
[2025-12-14T17:11:52.586+0000] {processor.py:183} INFO - Processing /home/airflow/.local/lib/python3.12/site-packages/airflow/example_dags/example_branch_labels.py took 0.122 seconds
[2025-12-14T17:12:22.765+0000] {processor.py:161} INFO - Started process (PID=833) to work on /home/airflow/.local/lib/python3.12/site-packages/airflow/example_dags/example_branch_labels.py
[2025-12-14T17:12:22.767+0000] {processor.py:830} INFO - Processing file /home/airflow/.local/lib/python3.12/site-packages/airflow/example_dags/example_branch_labels.py for tasks to queue
[2025-12-14T17:12:22.770+0000] {logging_mixin.py:188} INFO - [2025-12-14T17:12:22.769+0000] {dagbag.py:540} INFO - Filling up the DagBag from /home/airflow/.local/lib/python3.12/site-packages/airflow/example_dags/example_branch_labels.py
[2025-12-14T17:12:22.779+0000] {processor.py:840} INFO - DAG(s) 'example_branch_labels' retrieved from /home/airflow/.local/lib/python3.12/site-packages/airflow/example_dags/example_branch_labels.py
[2025-12-14T17:12:22.804+0000] {logging_mixin.py:188} INFO - [2025-12-14T17:12:22.804+0000] {dag.py:3096} INFO - Sync 1 DAGs
[2025-12-14T17:12:22.830+0000] {logging_mixin.py:188} INFO - [2025-12-14T17:12:22.830+0000] {dag.py:3954} INFO - Setting next_dagrun for example_branch_labels to 2025-12-13 00:00:00+00:00, run_after=2025-12-14 00:00:00+00:00
[2025-12-14T17:12:22.853+0000] {processor.py:183} INFO - Processing /home/airflow/.local/lib/python3.12/site-packages/airflow/example_dags/example_branch_labels.py took 0.095 seconds
[2025-12-14T17:12:53.480+0000] {processor.py:161} INFO - Started process (PID=905) to work on /home/airflow/.local/lib/python3.12/site-packages/airflow/example_dags/example_branch_labels.py
[2025-12-14T17:12:53.482+0000] {processor.py:830} INFO - Processing file /home/airflow/.local/lib/python3.12/site-packages/airflow/example_dags/example_branch_labels.py for tasks to queue
[2025-12-14T17:12:53.485+0000] {logging_mixin.py:188} INFO - [2025-12-14T17:12:53.484+0000] {dagbag.py:540} INFO - Filling up the DagBag from /home/airflow/.local/lib/python3.12/site-packages/airflow/example_dags/example_branch_labels.py
[2025-12-14T17:12:53.495+0000] {processor.py:840} INFO - DAG(s) 'example_branch_labels' retrieved from /home/airflow/.local/lib/python3.12/site-packages/airflow/example_dags/example_branch_labels.py
[2025-12-14T17:12:53.520+0000] {logging_mixin.py:188} INFO - [2025-12-14T17:12:53.520+0000] {dag.py:3096} INFO - Sync 1 DAGs
[2025-12-14T17:12:53.546+0000] {logging_mixin.py:188} INFO - [2025-12-14T17:12:53.546+0000] {dag.py:3954} INFO - Setting next_dagrun for example_branch_labels to 2025-12-13 00:00:00+00:00, run_after=2025-12-14 00:00:00+00:00
[2025-12-14T17:12:53.570+0000] {processor.py:183} INFO - Processing /home/airflow/.local/lib/python3.12/site-packages/airflow/example_dags/example_branch_labels.py took 0.098 seconds
[2025-12-14T17:13:23.782+0000] {processor.py:161} INFO - Started process (PID=976) to work on /home/airflow/.local/lib/python3.12/site-packages/airflow/example_dags/example_branch_labels.py
[2025-12-14T17:13:23.784+0000] {processor.py:830} INFO - Processing file /home/airflow/.local/lib/python3.12/site-packages/airflow/example_dags/example_branch_labels.py for tasks to queue
[2025-12-14T17:13:23.789+0000] {logging_mixin.py:188} INFO - [2025-12-14T17:13:23.788+0000] {dagbag.py:540} INFO - Filling up the DagBag from /home/airflow/.local/lib/python3.12/site-packages/airflow/example_dags/example_branch_labels.py
[2025-12-14T17:13:23.804+0000] {processor.py:840} INFO - DAG(s) 'example_branch_labels' retrieved from /home/airflow/.local/lib/python3.12/site-packages/airflow/example_dags/example_branch_labels.py
[2025-12-14T17:13:23.834+0000] {logging_mixin.py:188} INFO - [2025-12-14T17:13:23.834+0000] {dag.py:3096} INFO - Sync 1 DAGs
[2025-12-14T17:13:23.866+0000] {logging_mixin.py:188} INFO - [2025-12-14T17:13:23.866+0000] {dag.py:3954} INFO - Setting next_dagrun for example_branch_labels to 2025-12-13 00:00:00+00:00, run_after=2025-12-14 00:00:00+00:00
[2025-12-14T17:13:23.893+0000] {processor.py:183} INFO - Processing /home/airflow/.local/lib/python3.12/site-packages/airflow/example_dags/example_branch_labels.py took 0.118 seconds
[2025-12-14T17:13:54.074+0000] {processor.py:161} INFO - Started process (PID=1047) to work on /home/airflow/.local/lib/python3.12/site-packages/airflow/example_dags/example_branch_labels.py
[2025-12-14T17:13:54.075+0000] {processor.py:830} INFO - Processing file /home/airflow/.local/lib/python3.12/site-packages/airflow/example_dags/example_branch_labels.py for tasks to queue
[2025-12-14T17:13:54.078+0000] {logging_mixin.py:188} INFO - [2025-12-14T17:13:54.077+0000] {dagbag.py:540} INFO - Filling up the DagBag from /home/airflow/.local/lib/python3.12/site-packages/airflow/example_dags/example_branch_labels.py
[2025-12-14T17:13:54.088+0000] {processor.py:840} INFO - DAG(s) 'example_branch_labels' retrieved from /home/airflow/.local/lib/python3.12/site-packages/airflow/example_dags/example_branch_labels.py
[2025-12-14T17:13:54.134+0000] {logging_mixin.py:188} INFO - [2025-12-14T17:13:54.134+0000] {dag.py:3096} INFO - Sync 1 DAGs
[2025-12-14T17:13:54.166+0000] {logging_mixin.py:188} INFO - [2025-12-14T17:13:54.166+0000] {dag.py:3954} INFO - Setting next_dagrun for example_branch_labels to 2025-12-13 00:00:00+00:00, run_after=2025-12-14 00:00:00+00:00
[2025-12-14T17:13:54.188+0000] {processor.py:183} INFO - Processing /home/airflow/.local/lib/python3.12/site-packages/airflow/example_dags/example_branch_labels.py took 0.121 seconds
[2025-12-14T17:14:26.251+0000] {processor.py:161} INFO - Started process (PID=1119) to work on /home/airflow/.local/lib/python3.12/site-packages/airflow/example_dags/example_branch_labels.py
[2025-12-14T17:14:26.253+0000] {processor.py:830} INFO - Processing file /home/airflow/.local/lib/python3.12/site-packages/airflow/example_dags/example_branch_labels.py for tasks to queue
[2025-12-14T17:14:26.255+0000] {logging_mixin.py:188} INFO - [2025-12-14T17:14:26.255+0000] {dagbag.py:540} INFO - Filling up the DagBag from /home/airflow/.local/lib/python3.12/site-packages/airflow/example_dags/example_branch_labels.py
[2025-12-14T17:14:26.266+0000] {processor.py:840} INFO - DAG(s) 'example_branch_labels' retrieved from /home/airflow/.local/lib/python3.12/site-packages/airflow/example_dags/example_branch_labels.py
[2025-12-14T17:14:26.294+0000] {logging_mixin.py:188} INFO - [2025-12-14T17:14:26.293+0000] {dag.py:3096} INFO - Sync 1 DAGs
[2025-12-14T17:14:26.323+0000] {logging_mixin.py:188} INFO - [2025-12-14T17:14:26.322+0000] {dag.py:3954} INFO - Setting next_dagrun for example_branch_labels to 2025-12-13 00:00:00+00:00, run_after=2025-12-14 00:00:00+00:00
[2025-12-14T17:14:26.508+0000] {processor.py:183} INFO - Processing /home/airflow/.local/lib/python3.12/site-packages/airflow/example_dags/example_branch_labels.py took 0.267 seconds
[2025-12-14T17:14:57.819+0000] {processor.py:161} INFO - Started process (PID=1190) to work on /home/airflow/.local/lib/python3.12/site-packages/airflow/example_dags/example_branch_labels.py
[2025-12-14T17:14:57.822+0000] {processor.py:830} INFO - Processing file /home/airflow/.local/lib/python3.12/site-packages/airflow/example_dags/example_branch_labels.py for tasks to queue
[2025-12-14T17:14:57.826+0000] {logging_mixin.py:188} INFO - [2025-12-14T17:14:57.825+0000] {dagbag.py:540} INFO - Filling up the DagBag from /home/airflow/.local/lib/python3.12/site-packages/airflow/example_dags/example_branch_labels.py
[2025-12-14T17:14:57.836+0000] {processor.py:840} INFO - DAG(s) 'example_branch_labels' retrieved from /home/airflow/.local/lib/python3.12/site-packages/airflow/example_dags/example_branch_labels.py
[2025-12-14T17:14:57.867+0000] {logging_mixin.py:188} INFO - [2025-12-14T17:14:57.867+0000] {dag.py:3096} INFO - Sync 1 DAGs
[2025-12-14T17:14:57.894+0000] {logging_mixin.py:188} INFO - [2025-12-14T17:14:57.893+0000] {dag.py:3954} INFO - Setting next_dagrun for example_branch_labels to 2025-12-13 00:00:00+00:00, run_after=2025-12-14 00:00:00+00:00
[2025-12-14T17:14:57.919+0000] {processor.py:183} INFO - Processing /home/airflow/.local/lib/python3.12/site-packages/airflow/example_dags/example_branch_labels.py took 0.110 seconds
[2025-12-14T17:15:28.119+0000] {processor.py:161} INFO - Started process (PID=1250) to work on /home/airflow/.local/lib/python3.12/site-packages/airflow/example_dags/example_branch_labels.py
[2025-12-14T17:15:28.120+0000] {processor.py:830} INFO - Processing file /home/airflow/.local/lib/python3.12/site-packages/airflow/example_dags/example_branch_labels.py for tasks to queue
[2025-12-14T17:15:28.123+0000] {logging_mixin.py:188} INFO - [2025-12-14T17:15:28.122+0000] {dagbag.py:540} INFO - Filling up the DagBag from /home/airflow/.local/lib/python3.12/site-packages/airflow/example_dags/example_branch_labels.py
[2025-12-14T17:15:28.132+0000] {processor.py:840} INFO - DAG(s) 'example_branch_labels' retrieved from /home/airflow/.local/lib/python3.12/site-packages/airflow/example_dags/example_branch_labels.py
[2025-12-14T17:15:28.160+0000] {logging_mixin.py:188} INFO - [2025-12-14T17:15:28.159+0000] {dag.py:3096} INFO - Sync 1 DAGs
[2025-12-14T17:15:28.188+0000] {logging_mixin.py:188} INFO - [2025-12-14T17:15:28.188+0000] {dag.py:3954} INFO - Setting next_dagrun for example_branch_labels to 2025-12-13 00:00:00+00:00, run_after=2025-12-14 00:00:00+00:00
[2025-12-14T17:15:28.216+0000] {processor.py:183} INFO - Processing /home/airflow/.local/lib/python3.12/site-packages/airflow/example_dags/example_branch_labels.py took 0.105 seconds
[2025-12-14T17:15:58.737+0000] {processor.py:161} INFO - Started process (PID=1320) to work on /home/airflow/.local/lib/python3.12/site-packages/airflow/example_dags/example_branch_labels.py
[2025-12-14T17:15:58.738+0000] {processor.py:830} INFO - Processing file /home/airflow/.local/lib/python3.12/site-packages/airflow/example_dags/example_branch_labels.py for tasks to queue
[2025-12-14T17:15:58.741+0000] {logging_mixin.py:188} INFO - [2025-12-14T17:15:58.740+0000] {dagbag.py:540} INFO - Filling up the DagBag from /home/airflow/.local/lib/python3.12/site-packages/airflow/example_dags/example_branch_labels.py
[2025-12-14T17:15:58.750+0000] {processor.py:840} INFO - DAG(s) 'example_branch_labels' retrieved from /home/airflow/.local/lib/python3.12/site-packages/airflow/example_dags/example_branch_labels.py
[2025-12-14T17:15:58.779+0000] {logging_mixin.py:188} INFO - [2025-12-14T17:15:58.779+0000] {dag.py:3096} INFO - Sync 1 DAGs
[2025-12-14T17:15:58.806+0000] {logging_mixin.py:188} INFO - [2025-12-14T17:15:58.806+0000] {dag.py:3954} INFO - Setting next_dagrun for example_branch_labels to 2025-12-13 00:00:00+00:00, run_after=2025-12-14 00:00:00+00:00
[2025-12-14T17:15:58.835+0000] {processor.py:183} INFO - Processing /home/airflow/.local/lib/python3.12/site-packages/airflow/example_dags/example_branch_labels.py took 0.107 seconds
[2025-12-14T17:16:29.494+0000] {processor.py:161} INFO - Started process (PID=1391) to work on /home/airflow/.local/lib/python3.12/site-packages/airflow/example_dags/example_branch_labels.py
[2025-12-14T17:16:29.496+0000] {processor.py:830} INFO - Processing file /home/airflow/.local/lib/python3.12/site-packages/airflow/example_dags/example_branch_labels.py for tasks to queue
[2025-12-14T17:16:29.500+0000] {logging_mixin.py:188} INFO - [2025-12-14T17:16:29.499+0000] {dagbag.py:540} INFO - Filling up the DagBag from /home/airflow/.local/lib/python3.12/site-packages/airflow/example_dags/example_branch_labels.py
[2025-12-14T17:16:29.519+0000] {processor.py:840} INFO - DAG(s) 'example_branch_labels' retrieved from /home/airflow/.local/lib/python3.12/site-packages/airflow/example_dags/example_branch_labels.py
[2025-12-14T17:16:29.547+0000] {logging_mixin.py:188} INFO - [2025-12-14T17:16:29.547+0000] {dag.py:3096} INFO - Sync 1 DAGs
[2025-12-14T17:16:29.576+0000] {logging_mixin.py:188} INFO - [2025-12-14T17:16:29.575+0000] {dag.py:3954} INFO - Setting next_dagrun for example_branch_labels to 2025-12-13 00:00:00+00:00, run_after=2025-12-14 00:00:00+00:00
[2025-12-14T17:16:29.597+0000] {processor.py:183} INFO - Processing /home/airflow/.local/lib/python3.12/site-packages/airflow/example_dags/example_branch_labels.py took 0.116 seconds
[2025-12-14T17:17:00.594+0000] {processor.py:161} INFO - Started process (PID=1462) to work on /home/airflow/.local/lib/python3.12/site-packages/airflow/example_dags/example_branch_labels.py
[2025-12-14T17:17:00.596+0000] {processor.py:830} INFO - Processing file /home/airflow/.local/lib/python3.12/site-packages/airflow/example_dags/example_branch_labels.py for tasks to queue
[2025-12-14T17:17:00.601+0000] {logging_mixin.py:188} INFO - [2025-12-14T17:17:00.601+0000] {dagbag.py:540} INFO - Filling up the DagBag from /home/airflow/.local/lib/python3.12/site-packages/airflow/example_dags/example_branch_labels.py
[2025-12-14T17:17:00.621+0000] {processor.py:840} INFO - DAG(s) 'example_branch_labels' retrieved from /home/airflow/.local/lib/python3.12/site-packages/airflow/example_dags/example_branch_labels.py
[2025-12-14T17:17:00.675+0000] {logging_mixin.py:188} INFO - [2025-12-14T17:17:00.674+0000] {dag.py:3096} INFO - Sync 1 DAGs
[2025-12-14T17:17:00.750+0000] {logging_mixin.py:188} INFO - [2025-12-14T17:17:00.750+0000] {dag.py:3954} INFO - Setting next_dagrun for example_branch_labels to 2025-12-13 00:00:00+00:00, run_after=2025-12-14 00:00:00+00:00
[2025-12-14T17:17:00.817+0000] {processor.py:183} INFO - Processing /home/airflow/.local/lib/python3.12/site-packages/airflow/example_dags/example_branch_labels.py took 0.245 seconds
[2025-12-14T17:17:31.052+0000] {processor.py:161} INFO - Started process (PID=1533) to work on /home/airflow/.local/lib/python3.12/site-packages/airflow/example_dags/example_branch_labels.py
[2025-12-14T17:17:31.053+0000] {processor.py:830} INFO - Processing file /home/airflow/.local/lib/python3.12/site-packages/airflow/example_dags/example_branch_labels.py for tasks to queue
[2025-12-14T17:17:31.057+0000] {logging_mixin.py:188} INFO - [2025-12-14T17:17:31.056+0000] {dagbag.py:540} INFO - Filling up the DagBag from /home/airflow/.local/lib/python3.12/site-packages/airflow/example_dags/example_branch_labels.py
[2025-12-14T17:17:31.071+0000] {processor.py:840} INFO - DAG(s) 'example_branch_labels' retrieved from /home/airflow/.local/lib/python3.12/site-packages/airflow/example_dags/example_branch_labels.py
[2025-12-14T17:17:31.101+0000] {logging_mixin.py:188} INFO - [2025-12-14T17:17:31.101+0000] {dag.py:3096} INFO - Sync 1 DAGs
[2025-12-14T17:17:31.130+0000] {logging_mixin.py:188} INFO - [2025-12-14T17:17:31.130+0000] {dag.py:3954} INFO - Setting next_dagrun for example_branch_labels to 2025-12-13 00:00:00+00:00, run_after=2025-12-14 00:00:00+00:00
[2025-12-14T17:17:31.156+0000] {processor.py:183} INFO - Processing /home/airflow/.local/lib/python3.12/site-packages/airflow/example_dags/example_branch_labels.py took 0.114 seconds
[2025-12-14T17:18:01.591+0000] {processor.py:161} INFO - Started process (PID=1604) to work on /home/airflow/.local/lib/python3.12/site-packages/airflow/example_dags/example_branch_labels.py
[2025-12-14T17:18:01.597+0000] {processor.py:830} INFO - Processing file /home/airflow/.local/lib/python3.12/site-packages/airflow/example_dags/example_branch_labels.py for tasks to queue
[2025-12-14T17:18:01.602+0000] {logging_mixin.py:188} INFO - [2025-12-14T17:18:01.601+0000] {dagbag.py:540} INFO - Filling up the DagBag from /home/airflow/.local/lib/python3.12/site-packages/airflow/example_dags/example_branch_labels.py
[2025-12-14T17:18:01.624+0000] {processor.py:840} INFO - DAG(s) 'example_branch_labels' retrieved from /home/airflow/.local/lib/python3.12/site-packages/airflow/example_dags/example_branch_labels.py
[2025-12-14T17:18:01.686+0000] {logging_mixin.py:188} INFO - [2025-12-14T17:18:01.686+0000] {dag.py:3096} INFO - Sync 1 DAGs
[2025-12-14T17:18:01.740+0000] {logging_mixin.py:188} INFO - [2025-12-14T17:18:01.740+0000] {dag.py:3954} INFO - Setting next_dagrun for example_branch_labels to 2025-12-13 00:00:00+00:00, run_after=2025-12-14 00:00:00+00:00
[2025-12-14T17:18:01.787+0000] {processor.py:183} INFO - Processing /home/airflow/.local/lib/python3.12/site-packages/airflow/example_dags/example_branch_labels.py took 0.213 seconds
[2025-12-14T17:18:32.279+0000] {processor.py:161} INFO - Started process (PID=1675) to work on /home/airflow/.local/lib/python3.12/site-packages/airflow/example_dags/example_branch_labels.py
[2025-12-14T17:18:32.280+0000] {processor.py:830} INFO - Processing file /home/airflow/.local/lib/python3.12/site-packages/airflow/example_dags/example_branch_labels.py for tasks to queue
[2025-12-14T17:18:32.283+0000] {logging_mixin.py:188} INFO - [2025-12-14T17:18:32.283+0000] {dagbag.py:540} INFO - Filling up the DagBag from /home/airflow/.local/lib/python3.12/site-packages/airflow/example_dags/example_branch_labels.py
[2025-12-14T17:18:32.293+0000] {processor.py:840} INFO - DAG(s) 'example_branch_labels' retrieved from /home/airflow/.local/lib/python3.12/site-packages/airflow/example_dags/example_branch_labels.py
[2025-12-14T17:18:32.319+0000] {logging_mixin.py:188} INFO - [2025-12-14T17:18:32.318+0000] {dag.py:3096} INFO - Sync 1 DAGs
[2025-12-14T17:18:32.347+0000] {logging_mixin.py:188} INFO - [2025-12-14T17:18:32.347+0000] {dag.py:3954} INFO - Setting next_dagrun for example_branch_labels to 2025-12-13 00:00:00+00:00, run_after=2025-12-14 00:00:00+00:00
[2025-12-14T17:18:32.372+0000] {processor.py:183} INFO - Processing /home/airflow/.local/lib/python3.12/site-packages/airflow/example_dags/example_branch_labels.py took 0.100 seconds
[2025-12-14T17:19:02.792+0000] {processor.py:161} INFO - Started process (PID=1746) to work on /home/airflow/.local/lib/python3.12/site-packages/airflow/example_dags/example_branch_labels.py
[2025-12-14T17:19:02.794+0000] {processor.py:830} INFO - Processing file /home/airflow/.local/lib/python3.12/site-packages/airflow/example_dags/example_branch_labels.py for tasks to queue
[2025-12-14T17:19:02.797+0000] {logging_mixin.py:188} INFO - [2025-12-14T17:19:02.796+0000] {dagbag.py:540} INFO - Filling up the DagBag from /home/airflow/.local/lib/python3.12/site-packages/airflow/example_dags/example_branch_labels.py
[2025-12-14T17:19:02.808+0000] {processor.py:840} INFO - DAG(s) 'example_branch_labels' retrieved from /home/airflow/.local/lib/python3.12/site-packages/airflow/example_dags/example_branch_labels.py
[2025-12-14T17:19:02.833+0000] {logging_mixin.py:188} INFO - [2025-12-14T17:19:02.833+0000] {dag.py:3096} INFO - Sync 1 DAGs
[2025-12-14T17:19:02.859+0000] {logging_mixin.py:188} INFO - [2025-12-14T17:19:02.858+0000] {dag.py:3954} INFO - Setting next_dagrun for example_branch_labels to 2025-12-13 00:00:00+00:00, run_after=2025-12-14 00:00:00+00:00
[2025-12-14T17:19:02.881+0000] {processor.py:183} INFO - Processing /home/airflow/.local/lib/python3.12/site-packages/airflow/example_dags/example_branch_labels.py took 0.098 seconds
[2025-12-14T17:19:33.243+0000] {processor.py:161} INFO - Started process (PID=1817) to work on /home/airflow/.local/lib/python3.12/site-packages/airflow/example_dags/example_branch_labels.py
[2025-12-14T17:19:33.245+0000] {processor.py:830} INFO - Processing file /home/airflow/.local/lib/python3.12/site-packages/airflow/example_dags/example_branch_labels.py for tasks to queue
[2025-12-14T17:19:33.248+0000] {logging_mixin.py:188} INFO - [2025-12-14T17:19:33.248+0000] {dagbag.py:540} INFO - Filling up the DagBag from /home/airflow/.local/lib/python3.12/site-packages/airflow/example_dags/example_branch_labels.py
[2025-12-14T17:19:33.257+0000] {processor.py:840} INFO - DAG(s) 'example_branch_labels' retrieved from /home/airflow/.local/lib/python3.12/site-packages/airflow/example_dags/example_branch_labels.py
[2025-12-14T17:19:33.283+0000] {logging_mixin.py:188} INFO - [2025-12-14T17:19:33.283+0000] {dag.py:3096} INFO - Sync 1 DAGs
[2025-12-14T17:19:33.309+0000] {logging_mixin.py:188} INFO - [2025-12-14T17:19:33.309+0000] {dag.py:3954} INFO - Setting next_dagrun for example_branch_labels to 2025-12-13 00:00:00+00:00, run_after=2025-12-14 00:00:00+00:00
[2025-12-14T17:19:33.333+0000] {processor.py:183} INFO - Processing /home/airflow/.local/lib/python3.12/site-packages/airflow/example_dags/example_branch_labels.py took 0.097 seconds
[2025-12-14T17:20:04.220+0000] {processor.py:161} INFO - Started process (PID=1888) to work on /home/airflow/.local/lib/python3.12/site-packages/airflow/example_dags/example_branch_labels.py
[2025-12-14T17:20:04.221+0000] {processor.py:830} INFO - Processing file /home/airflow/.local/lib/python3.12/site-packages/airflow/example_dags/example_branch_labels.py for tasks to queue
[2025-12-14T17:20:04.224+0000] {logging_mixin.py:188} INFO - [2025-12-14T17:20:04.223+0000] {dagbag.py:540} INFO - Filling up the DagBag from /home/airflow/.local/lib/python3.12/site-packages/airflow/example_dags/example_branch_labels.py
[2025-12-14T17:20:04.233+0000] {processor.py:840} INFO - DAG(s) 'example_branch_labels' retrieved from /home/airflow/.local/lib/python3.12/site-packages/airflow/example_dags/example_branch_labels.py
[2025-12-14T17:20:04.258+0000] {logging_mixin.py:188} INFO - [2025-12-14T17:20:04.258+0000] {dag.py:3096} INFO - Sync 1 DAGs
[2025-12-14T17:20:04.282+0000] {logging_mixin.py:188} INFO - [2025-12-14T17:20:04.282+0000] {dag.py:3954} INFO - Setting next_dagrun for example_branch_labels to 2025-12-13 00:00:00+00:00, run_after=2025-12-14 00:00:00+00:00
[2025-12-14T17:20:04.304+0000] {processor.py:183} INFO - Processing /home/airflow/.local/lib/python3.12/site-packages/airflow/example_dags/example_branch_labels.py took 0.091 seconds
[2025-12-14T17:20:34.638+0000] {processor.py:161} INFO - Started process (PID=1959) to work on /home/airflow/.local/lib/python3.12/site-packages/airflow/example_dags/example_branch_labels.py
[2025-12-14T17:20:34.640+0000] {processor.py:830} INFO - Processing file /home/airflow/.local/lib/python3.12/site-packages/airflow/example_dags/example_branch_labels.py for tasks to queue
[2025-12-14T17:20:34.642+0000] {logging_mixin.py:188} INFO - [2025-12-14T17:20:34.642+0000] {dagbag.py:540} INFO - Filling up the DagBag from /home/airflow/.local/lib/python3.12/site-packages/airflow/example_dags/example_branch_labels.py
[2025-12-14T17:20:34.654+0000] {processor.py:840} INFO - DAG(s) 'example_branch_labels' retrieved from /home/airflow/.local/lib/python3.12/site-packages/airflow/example_dags/example_branch_labels.py
[2025-12-14T17:20:34.684+0000] {logging_mixin.py:188} INFO - [2025-12-14T17:20:34.684+0000] {dag.py:3096} INFO - Sync 1 DAGs
[2025-12-14T17:20:34.711+0000] {logging_mixin.py:188} INFO - [2025-12-14T17:20:34.711+0000] {dag.py:3954} INFO - Setting next_dagrun for example_branch_labels to 2025-12-13 00:00:00+00:00, run_after=2025-12-14 00:00:00+00:00
[2025-12-14T17:20:34.736+0000] {processor.py:183} INFO - Processing /home/airflow/.local/lib/python3.12/site-packages/airflow/example_dags/example_branch_labels.py took 0.105 seconds
