[2025-12-14T16:49:11.187+0000] {processor.py:161} INFO - Started process (PID=80) to work on /home/airflow/.local/lib/python3.12/site-packages/airflow/example_dags/example_latest_only.py
[2025-12-14T16:49:11.189+0000] {processor.py:830} INFO - Processing file /home/airflow/.local/lib/python3.12/site-packages/airflow/example_dags/example_latest_only.py for tasks to queue
[2025-12-14T16:49:11.192+0000] {logging_mixin.py:188} INFO - [2025-12-14T16:49:11.192+0000] {dagbag.py:540} INFO - Filling up the DagBag from /home/airflow/.local/lib/python3.12/site-packages/airflow/example_dags/example_latest_only.py
[2025-12-14T16:49:11.205+0000] {processor.py:840} INFO - DAG(s) 'latest_only' retrieved from /home/airflow/.local/lib/python3.12/site-packages/airflow/example_dags/example_latest_only.py
[2025-12-14T16:49:11.406+0000] {logging_mixin.py:188} INFO - [2025-12-14T16:49:11.406+0000] {dag.py:3096} INFO - Sync 1 DAGs
[2025-12-14T16:49:11.432+0000] {logging_mixin.py:188} INFO - [2025-12-14T16:49:11.432+0000] {dag.py:3954} INFO - Setting next_dagrun for latest_only to 2025-12-14 12:00:00+00:00, run_after=2025-12-14 16:00:00+00:00
[2025-12-14T16:49:11.463+0000] {processor.py:183} INFO - Processing /home/airflow/.local/lib/python3.12/site-packages/airflow/example_dags/example_latest_only.py took 0.286 seconds
[2025-12-14T16:49:42.076+0000] {processor.py:161} INFO - Started process (PID=145) to work on /home/airflow/.local/lib/python3.12/site-packages/airflow/example_dags/example_latest_only.py
[2025-12-14T16:49:42.078+0000] {processor.py:830} INFO - Processing file /home/airflow/.local/lib/python3.12/site-packages/airflow/example_dags/example_latest_only.py for tasks to queue
[2025-12-14T16:49:42.081+0000] {logging_mixin.py:188} INFO - [2025-12-14T16:49:42.080+0000] {dagbag.py:540} INFO - Filling up the DagBag from /home/airflow/.local/lib/python3.12/site-packages/airflow/example_dags/example_latest_only.py
[2025-12-14T16:49:42.088+0000] {processor.py:840} INFO - DAG(s) 'latest_only' retrieved from /home/airflow/.local/lib/python3.12/site-packages/airflow/example_dags/example_latest_only.py
[2025-12-14T16:49:42.115+0000] {logging_mixin.py:188} INFO - [2025-12-14T16:49:42.114+0000] {dag.py:3096} INFO - Sync 1 DAGs
[2025-12-14T16:49:42.139+0000] {logging_mixin.py:188} INFO - [2025-12-14T16:49:42.138+0000] {dag.py:3954} INFO - Setting next_dagrun for latest_only to 2025-12-14 12:00:00+00:00, run_after=2025-12-14 16:00:00+00:00
[2025-12-14T16:49:42.164+0000] {processor.py:183} INFO - Processing /home/airflow/.local/lib/python3.12/site-packages/airflow/example_dags/example_latest_only.py took 0.096 seconds
[2025-12-14T16:50:12.607+0000] {processor.py:161} INFO - Started process (PID=203) to work on /home/airflow/.local/lib/python3.12/site-packages/airflow/example_dags/example_latest_only.py
[2025-12-14T16:50:12.608+0000] {processor.py:830} INFO - Processing file /home/airflow/.local/lib/python3.12/site-packages/airflow/example_dags/example_latest_only.py for tasks to queue
[2025-12-14T16:50:12.611+0000] {logging_mixin.py:188} INFO - [2025-12-14T16:50:12.610+0000] {dagbag.py:540} INFO - Filling up the DagBag from /home/airflow/.local/lib/python3.12/site-packages/airflow/example_dags/example_latest_only.py
[2025-12-14T16:50:12.621+0000] {processor.py:840} INFO - DAG(s) 'latest_only' retrieved from /home/airflow/.local/lib/python3.12/site-packages/airflow/example_dags/example_latest_only.py
[2025-12-14T16:50:12.654+0000] {logging_mixin.py:188} INFO - [2025-12-14T16:50:12.653+0000] {dag.py:3096} INFO - Sync 1 DAGs
[2025-12-14T16:50:12.686+0000] {logging_mixin.py:188} INFO - [2025-12-14T16:50:12.685+0000] {dag.py:3954} INFO - Setting next_dagrun for latest_only to 2025-12-14 12:00:00+00:00, run_after=2025-12-14 16:00:00+00:00
[2025-12-14T16:50:12.714+0000] {processor.py:183} INFO - Processing /home/airflow/.local/lib/python3.12/site-packages/airflow/example_dags/example_latest_only.py took 0.116 seconds
[2025-12-14T16:50:42.923+0000] {processor.py:161} INFO - Started process (PID=268) to work on /home/airflow/.local/lib/python3.12/site-packages/airflow/example_dags/example_latest_only.py
[2025-12-14T16:50:42.925+0000] {processor.py:830} INFO - Processing file /home/airflow/.local/lib/python3.12/site-packages/airflow/example_dags/example_latest_only.py for tasks to queue
[2025-12-14T16:50:42.928+0000] {logging_mixin.py:188} INFO - [2025-12-14T16:50:42.928+0000] {dagbag.py:540} INFO - Filling up the DagBag from /home/airflow/.local/lib/python3.12/site-packages/airflow/example_dags/example_latest_only.py
[2025-12-14T16:50:42.936+0000] {processor.py:840} INFO - DAG(s) 'latest_only' retrieved from /home/airflow/.local/lib/python3.12/site-packages/airflow/example_dags/example_latest_only.py
[2025-12-14T16:50:42.967+0000] {logging_mixin.py:188} INFO - [2025-12-14T16:50:42.967+0000] {dag.py:3096} INFO - Sync 1 DAGs
[2025-12-14T16:50:43.001+0000] {logging_mixin.py:188} INFO - [2025-12-14T16:50:43.000+0000] {dag.py:3954} INFO - Setting next_dagrun for latest_only to 2025-12-14 12:00:00+00:00, run_after=2025-12-14 16:00:00+00:00
[2025-12-14T16:50:43.036+0000] {processor.py:183} INFO - Processing /home/airflow/.local/lib/python3.12/site-packages/airflow/example_dags/example_latest_only.py took 0.120 seconds
[2025-12-14T16:51:13.265+0000] {processor.py:161} INFO - Started process (PID=326) to work on /home/airflow/.local/lib/python3.12/site-packages/airflow/example_dags/example_latest_only.py
[2025-12-14T16:51:13.266+0000] {processor.py:830} INFO - Processing file /home/airflow/.local/lib/python3.12/site-packages/airflow/example_dags/example_latest_only.py for tasks to queue
[2025-12-14T16:51:13.270+0000] {logging_mixin.py:188} INFO - [2025-12-14T16:51:13.269+0000] {dagbag.py:540} INFO - Filling up the DagBag from /home/airflow/.local/lib/python3.12/site-packages/airflow/example_dags/example_latest_only.py
[2025-12-14T16:51:13.276+0000] {processor.py:840} INFO - DAG(s) 'latest_only' retrieved from /home/airflow/.local/lib/python3.12/site-packages/airflow/example_dags/example_latest_only.py
[2025-12-14T16:51:13.301+0000] {logging_mixin.py:188} INFO - [2025-12-14T16:51:13.301+0000] {dag.py:3096} INFO - Sync 1 DAGs
[2025-12-14T16:51:13.326+0000] {logging_mixin.py:188} INFO - [2025-12-14T16:51:13.326+0000] {dag.py:3954} INFO - Setting next_dagrun for latest_only to 2025-12-14 12:00:00+00:00, run_after=2025-12-14 16:00:00+00:00
[2025-12-14T16:51:13.349+0000] {processor.py:183} INFO - Processing /home/airflow/.local/lib/python3.12/site-packages/airflow/example_dags/example_latest_only.py took 0.093 seconds
[2025-12-14T16:51:43.667+0000] {processor.py:161} INFO - Started process (PID=384) to work on /home/airflow/.local/lib/python3.12/site-packages/airflow/example_dags/example_latest_only.py
[2025-12-14T16:51:43.668+0000] {processor.py:830} INFO - Processing file /home/airflow/.local/lib/python3.12/site-packages/airflow/example_dags/example_latest_only.py for tasks to queue
[2025-12-14T16:51:43.671+0000] {logging_mixin.py:188} INFO - [2025-12-14T16:51:43.670+0000] {dagbag.py:540} INFO - Filling up the DagBag from /home/airflow/.local/lib/python3.12/site-packages/airflow/example_dags/example_latest_only.py
[2025-12-14T16:51:43.678+0000] {processor.py:840} INFO - DAG(s) 'latest_only' retrieved from /home/airflow/.local/lib/python3.12/site-packages/airflow/example_dags/example_latest_only.py
[2025-12-14T16:51:43.703+0000] {logging_mixin.py:188} INFO - [2025-12-14T16:51:43.702+0000] {dag.py:3096} INFO - Sync 1 DAGs
[2025-12-14T16:51:43.729+0000] {logging_mixin.py:188} INFO - [2025-12-14T16:51:43.729+0000] {dag.py:3954} INFO - Setting next_dagrun for latest_only to 2025-12-14 12:00:00+00:00, run_after=2025-12-14 16:00:00+00:00
[2025-12-14T16:51:43.783+0000] {processor.py:183} INFO - Processing /home/airflow/.local/lib/python3.12/site-packages/airflow/example_dags/example_latest_only.py took 0.123 seconds
[2025-12-14T16:52:14.041+0000] {processor.py:161} INFO - Started process (PID=443) to work on /home/airflow/.local/lib/python3.12/site-packages/airflow/example_dags/example_latest_only.py
[2025-12-14T16:52:14.043+0000] {processor.py:830} INFO - Processing file /home/airflow/.local/lib/python3.12/site-packages/airflow/example_dags/example_latest_only.py for tasks to queue
[2025-12-14T16:52:14.046+0000] {logging_mixin.py:188} INFO - [2025-12-14T16:52:14.045+0000] {dagbag.py:540} INFO - Filling up the DagBag from /home/airflow/.local/lib/python3.12/site-packages/airflow/example_dags/example_latest_only.py
[2025-12-14T16:52:14.054+0000] {processor.py:840} INFO - DAG(s) 'latest_only' retrieved from /home/airflow/.local/lib/python3.12/site-packages/airflow/example_dags/example_latest_only.py
[2025-12-14T16:52:14.080+0000] {logging_mixin.py:188} INFO - [2025-12-14T16:52:14.079+0000] {dag.py:3096} INFO - Sync 1 DAGs
[2025-12-14T16:52:14.106+0000] {logging_mixin.py:188} INFO - [2025-12-14T16:52:14.106+0000] {dag.py:3954} INFO - Setting next_dagrun for latest_only to 2025-12-14 12:00:00+00:00, run_after=2025-12-14 16:00:00+00:00
[2025-12-14T16:52:14.134+0000] {processor.py:183} INFO - Processing /home/airflow/.local/lib/python3.12/site-packages/airflow/example_dags/example_latest_only.py took 0.101 seconds
[2025-12-14T16:55:07.621+0000] {processor.py:161} INFO - Started process (PID=127) to work on /home/airflow/.local/lib/python3.12/site-packages/airflow/example_dags/example_latest_only.py
[2025-12-14T16:55:07.623+0000] {processor.py:830} INFO - Processing file /home/airflow/.local/lib/python3.12/site-packages/airflow/example_dags/example_latest_only.py for tasks to queue
[2025-12-14T16:55:07.627+0000] {logging_mixin.py:188} INFO - [2025-12-14T16:55:07.627+0000] {dagbag.py:540} INFO - Filling up the DagBag from /home/airflow/.local/lib/python3.12/site-packages/airflow/example_dags/example_latest_only.py
[2025-12-14T16:55:07.641+0000] {processor.py:840} INFO - DAG(s) 'latest_only' retrieved from /home/airflow/.local/lib/python3.12/site-packages/airflow/example_dags/example_latest_only.py
[2025-12-14T16:55:07.856+0000] {logging_mixin.py:188} INFO - [2025-12-14T16:55:07.855+0000] {dag.py:3096} INFO - Sync 1 DAGs
[2025-12-14T16:55:07.901+0000] {logging_mixin.py:188} INFO - [2025-12-14T16:55:07.900+0000] {dag.py:3954} INFO - Setting next_dagrun for latest_only to 2025-12-14 12:00:00+00:00, run_after=2025-12-14 16:00:00+00:00
[2025-12-14T16:55:08.110+0000] {processor.py:183} INFO - Processing /home/airflow/.local/lib/python3.12/site-packages/airflow/example_dags/example_latest_only.py took 0.500 seconds
[2025-12-14T16:55:38.737+0000] {processor.py:161} INFO - Started process (PID=205) to work on /home/airflow/.local/lib/python3.12/site-packages/airflow/example_dags/example_latest_only.py
[2025-12-14T16:55:38.741+0000] {processor.py:830} INFO - Processing file /home/airflow/.local/lib/python3.12/site-packages/airflow/example_dags/example_latest_only.py for tasks to queue
[2025-12-14T16:55:38.745+0000] {logging_mixin.py:188} INFO - [2025-12-14T16:55:38.744+0000] {dagbag.py:540} INFO - Filling up the DagBag from /home/airflow/.local/lib/python3.12/site-packages/airflow/example_dags/example_latest_only.py
[2025-12-14T16:55:38.755+0000] {processor.py:840} INFO - DAG(s) 'latest_only' retrieved from /home/airflow/.local/lib/python3.12/site-packages/airflow/example_dags/example_latest_only.py
[2025-12-14T16:55:38.790+0000] {logging_mixin.py:188} INFO - [2025-12-14T16:55:38.789+0000] {dag.py:3096} INFO - Sync 1 DAGs
[2025-12-14T16:55:38.817+0000] {logging_mixin.py:188} INFO - [2025-12-14T16:55:38.816+0000] {dag.py:3954} INFO - Setting next_dagrun for latest_only to 2025-12-14 12:00:00+00:00, run_after=2025-12-14 16:00:00+00:00
[2025-12-14T16:55:38.843+0000] {processor.py:183} INFO - Processing /home/airflow/.local/lib/python3.12/site-packages/airflow/example_dags/example_latest_only.py took 0.120 seconds
[2025-12-14T16:56:09.132+0000] {processor.py:161} INFO - Started process (PID=263) to work on /home/airflow/.local/lib/python3.12/site-packages/airflow/example_dags/example_latest_only.py
[2025-12-14T16:56:09.134+0000] {processor.py:830} INFO - Processing file /home/airflow/.local/lib/python3.12/site-packages/airflow/example_dags/example_latest_only.py for tasks to queue
[2025-12-14T16:56:09.136+0000] {logging_mixin.py:188} INFO - [2025-12-14T16:56:09.136+0000] {dagbag.py:540} INFO - Filling up the DagBag from /home/airflow/.local/lib/python3.12/site-packages/airflow/example_dags/example_latest_only.py
[2025-12-14T16:56:09.145+0000] {processor.py:840} INFO - DAG(s) 'latest_only' retrieved from /home/airflow/.local/lib/python3.12/site-packages/airflow/example_dags/example_latest_only.py
[2025-12-14T16:56:09.179+0000] {logging_mixin.py:188} INFO - [2025-12-14T16:56:09.178+0000] {dag.py:3096} INFO - Sync 1 DAGs
[2025-12-14T16:56:09.237+0000] {logging_mixin.py:188} INFO - [2025-12-14T16:56:09.236+0000] {dag.py:3954} INFO - Setting next_dagrun for latest_only to 2025-12-14 12:00:00+00:00, run_after=2025-12-14 16:00:00+00:00
[2025-12-14T16:56:09.279+0000] {processor.py:183} INFO - Processing /home/airflow/.local/lib/python3.12/site-packages/airflow/example_dags/example_latest_only.py took 0.157 seconds
[2025-12-14T16:56:40.186+0000] {processor.py:161} INFO - Started process (PID=335) to work on /home/airflow/.local/lib/python3.12/site-packages/airflow/example_dags/example_latest_only.py
[2025-12-14T16:56:40.187+0000] {processor.py:830} INFO - Processing file /home/airflow/.local/lib/python3.12/site-packages/airflow/example_dags/example_latest_only.py for tasks to queue
[2025-12-14T16:56:40.190+0000] {logging_mixin.py:188} INFO - [2025-12-14T16:56:40.189+0000] {dagbag.py:540} INFO - Filling up the DagBag from /home/airflow/.local/lib/python3.12/site-packages/airflow/example_dags/example_latest_only.py
[2025-12-14T16:56:40.198+0000] {processor.py:840} INFO - DAG(s) 'latest_only' retrieved from /home/airflow/.local/lib/python3.12/site-packages/airflow/example_dags/example_latest_only.py
[2025-12-14T16:56:40.222+0000] {logging_mixin.py:188} INFO - [2025-12-14T16:56:40.222+0000] {dag.py:3096} INFO - Sync 1 DAGs
[2025-12-14T16:56:40.246+0000] {logging_mixin.py:188} INFO - [2025-12-14T16:56:40.246+0000] {dag.py:3954} INFO - Setting next_dagrun for latest_only to 2025-12-14 12:00:00+00:00, run_after=2025-12-14 16:00:00+00:00
[2025-12-14T16:56:40.270+0000] {processor.py:183} INFO - Processing /home/airflow/.local/lib/python3.12/site-packages/airflow/example_dags/example_latest_only.py took 0.092 seconds
[2025-12-14T16:57:10.428+0000] {processor.py:161} INFO - Started process (PID=406) to work on /home/airflow/.local/lib/python3.12/site-packages/airflow/example_dags/example_latest_only.py
[2025-12-14T16:57:10.429+0000] {processor.py:830} INFO - Processing file /home/airflow/.local/lib/python3.12/site-packages/airflow/example_dags/example_latest_only.py for tasks to queue
[2025-12-14T16:57:10.432+0000] {logging_mixin.py:188} INFO - [2025-12-14T16:57:10.431+0000] {dagbag.py:540} INFO - Filling up the DagBag from /home/airflow/.local/lib/python3.12/site-packages/airflow/example_dags/example_latest_only.py
[2025-12-14T16:57:10.438+0000] {processor.py:840} INFO - DAG(s) 'latest_only' retrieved from /home/airflow/.local/lib/python3.12/site-packages/airflow/example_dags/example_latest_only.py
[2025-12-14T16:57:10.464+0000] {logging_mixin.py:188} INFO - [2025-12-14T16:57:10.464+0000] {dag.py:3096} INFO - Sync 1 DAGs
[2025-12-14T16:57:10.493+0000] {logging_mixin.py:188} INFO - [2025-12-14T16:57:10.492+0000] {dag.py:3954} INFO - Setting next_dagrun for latest_only to 2025-12-14 12:00:00+00:00, run_after=2025-12-14 16:00:00+00:00
[2025-12-14T16:57:10.519+0000] {processor.py:183} INFO - Processing /home/airflow/.local/lib/python3.12/site-packages/airflow/example_dags/example_latest_only.py took 0.099 seconds
[2025-12-14T16:58:32.329+0000] {processor.py:161} INFO - Started process (PID=82) to work on /home/airflow/.local/lib/python3.12/site-packages/airflow/example_dags/example_latest_only.py
[2025-12-14T16:58:32.331+0000] {processor.py:830} INFO - Processing file /home/airflow/.local/lib/python3.12/site-packages/airflow/example_dags/example_latest_only.py for tasks to queue
[2025-12-14T16:58:32.336+0000] {logging_mixin.py:188} INFO - [2025-12-14T16:58:32.335+0000] {dagbag.py:540} INFO - Filling up the DagBag from /home/airflow/.local/lib/python3.12/site-packages/airflow/example_dags/example_latest_only.py
[2025-12-14T16:58:32.356+0000] {processor.py:840} INFO - DAG(s) 'latest_only' retrieved from /home/airflow/.local/lib/python3.12/site-packages/airflow/example_dags/example_latest_only.py
[2025-12-14T16:58:32.538+0000] {logging_mixin.py:188} INFO - [2025-12-14T16:58:32.538+0000] {dag.py:3096} INFO - Sync 1 DAGs
[2025-12-14T16:58:32.562+0000] {logging_mixin.py:188} INFO - [2025-12-14T16:58:32.562+0000] {dag.py:3954} INFO - Setting next_dagrun for latest_only to 2025-12-14 12:00:00+00:00, run_after=2025-12-14 16:00:00+00:00
[2025-12-14T16:58:32.591+0000] {processor.py:183} INFO - Processing /home/airflow/.local/lib/python3.12/site-packages/airflow/example_dags/example_latest_only.py took 0.270 seconds
[2025-12-14T16:59:03.171+0000] {processor.py:161} INFO - Started process (PID=142) to work on /home/airflow/.local/lib/python3.12/site-packages/airflow/example_dags/example_latest_only.py
[2025-12-14T16:59:03.173+0000] {processor.py:830} INFO - Processing file /home/airflow/.local/lib/python3.12/site-packages/airflow/example_dags/example_latest_only.py for tasks to queue
[2025-12-14T16:59:03.176+0000] {logging_mixin.py:188} INFO - [2025-12-14T16:59:03.176+0000] {dagbag.py:540} INFO - Filling up the DagBag from /home/airflow/.local/lib/python3.12/site-packages/airflow/example_dags/example_latest_only.py
[2025-12-14T16:59:03.183+0000] {processor.py:840} INFO - DAG(s) 'latest_only' retrieved from /home/airflow/.local/lib/python3.12/site-packages/airflow/example_dags/example_latest_only.py
[2025-12-14T16:59:03.216+0000] {logging_mixin.py:188} INFO - [2025-12-14T16:59:03.215+0000] {dag.py:3096} INFO - Sync 1 DAGs
[2025-12-14T16:59:03.252+0000] {logging_mixin.py:188} INFO - [2025-12-14T16:59:03.252+0000] {dag.py:3954} INFO - Setting next_dagrun for latest_only to 2025-12-14 12:00:00+00:00, run_after=2025-12-14 16:00:00+00:00
[2025-12-14T16:59:03.285+0000] {processor.py:183} INFO - Processing /home/airflow/.local/lib/python3.12/site-packages/airflow/example_dags/example_latest_only.py took 0.122 seconds
[2025-12-14T16:59:34.637+0000] {processor.py:161} INFO - Started process (PID=202) to work on /home/airflow/.local/lib/python3.12/site-packages/airflow/example_dags/example_latest_only.py
[2025-12-14T16:59:34.638+0000] {processor.py:830} INFO - Processing file /home/airflow/.local/lib/python3.12/site-packages/airflow/example_dags/example_latest_only.py for tasks to queue
[2025-12-14T16:59:34.641+0000] {logging_mixin.py:188} INFO - [2025-12-14T16:59:34.640+0000] {dagbag.py:540} INFO - Filling up the DagBag from /home/airflow/.local/lib/python3.12/site-packages/airflow/example_dags/example_latest_only.py
[2025-12-14T16:59:34.651+0000] {processor.py:840} INFO - DAG(s) 'latest_only' retrieved from /home/airflow/.local/lib/python3.12/site-packages/airflow/example_dags/example_latest_only.py
[2025-12-14T16:59:34.679+0000] {logging_mixin.py:188} INFO - [2025-12-14T16:59:34.679+0000] {dag.py:3096} INFO - Sync 1 DAGs
[2025-12-14T16:59:34.708+0000] {logging_mixin.py:188} INFO - [2025-12-14T16:59:34.707+0000] {dag.py:3954} INFO - Setting next_dagrun for latest_only to 2025-12-14 12:00:00+00:00, run_after=2025-12-14 16:00:00+00:00
[2025-12-14T16:59:34.739+0000] {processor.py:183} INFO - Processing /home/airflow/.local/lib/python3.12/site-packages/airflow/example_dags/example_latest_only.py took 0.110 seconds
[2025-12-14T17:00:05.588+0000] {processor.py:161} INFO - Started process (PID=262) to work on /home/airflow/.local/lib/python3.12/site-packages/airflow/example_dags/example_latest_only.py
[2025-12-14T17:00:05.589+0000] {processor.py:830} INFO - Processing file /home/airflow/.local/lib/python3.12/site-packages/airflow/example_dags/example_latest_only.py for tasks to queue
[2025-12-14T17:00:05.591+0000] {logging_mixin.py:188} INFO - [2025-12-14T17:00:05.590+0000] {dagbag.py:540} INFO - Filling up the DagBag from /home/airflow/.local/lib/python3.12/site-packages/airflow/example_dags/example_latest_only.py
[2025-12-14T17:00:05.597+0000] {processor.py:840} INFO - DAG(s) 'latest_only' retrieved from /home/airflow/.local/lib/python3.12/site-packages/airflow/example_dags/example_latest_only.py
[2025-12-14T17:00:05.624+0000] {logging_mixin.py:188} INFO - [2025-12-14T17:00:05.624+0000] {dag.py:3096} INFO - Sync 1 DAGs
[2025-12-14T17:00:05.647+0000] {logging_mixin.py:188} INFO - [2025-12-14T17:00:05.647+0000] {dag.py:3954} INFO - Setting next_dagrun for latest_only to 2025-12-14 12:00:00+00:00, run_after=2025-12-14 16:00:00+00:00
[2025-12-14T17:00:05.672+0000] {processor.py:183} INFO - Processing /home/airflow/.local/lib/python3.12/site-packages/airflow/example_dags/example_latest_only.py took 0.093 seconds
[2025-12-14T17:00:35.974+0000] {processor.py:161} INFO - Started process (PID=320) to work on /home/airflow/.local/lib/python3.12/site-packages/airflow/example_dags/example_latest_only.py
[2025-12-14T17:00:35.975+0000] {processor.py:830} INFO - Processing file /home/airflow/.local/lib/python3.12/site-packages/airflow/example_dags/example_latest_only.py for tasks to queue
[2025-12-14T17:00:35.977+0000] {logging_mixin.py:188} INFO - [2025-12-14T17:00:35.977+0000] {dagbag.py:540} INFO - Filling up the DagBag from /home/airflow/.local/lib/python3.12/site-packages/airflow/example_dags/example_latest_only.py
[2025-12-14T17:00:35.984+0000] {processor.py:840} INFO - DAG(s) 'latest_only' retrieved from /home/airflow/.local/lib/python3.12/site-packages/airflow/example_dags/example_latest_only.py
[2025-12-14T17:00:36.009+0000] {logging_mixin.py:188} INFO - [2025-12-14T17:00:36.009+0000] {dag.py:3096} INFO - Sync 1 DAGs
[2025-12-14T17:00:36.033+0000] {logging_mixin.py:188} INFO - [2025-12-14T17:00:36.032+0000] {dag.py:3954} INFO - Setting next_dagrun for latest_only to 2025-12-14 12:00:00+00:00, run_after=2025-12-14 16:00:00+00:00
[2025-12-14T17:00:36.102+0000] {processor.py:183} INFO - Processing /home/airflow/.local/lib/python3.12/site-packages/airflow/example_dags/example_latest_only.py took 0.136 seconds
[2025-12-14T17:02:48.902+0000] {processor.py:161} INFO - Started process (PID=120) to work on /home/airflow/.local/lib/python3.12/site-packages/airflow/example_dags/example_latest_only.py
[2025-12-14T17:02:48.904+0000] {processor.py:830} INFO - Processing file /home/airflow/.local/lib/python3.12/site-packages/airflow/example_dags/example_latest_only.py for tasks to queue
[2025-12-14T17:02:48.909+0000] {logging_mixin.py:188} INFO - [2025-12-14T17:02:48.908+0000] {dagbag.py:540} INFO - Filling up the DagBag from /home/airflow/.local/lib/python3.12/site-packages/airflow/example_dags/example_latest_only.py
[2025-12-14T17:02:48.929+0000] {processor.py:840} INFO - DAG(s) 'latest_only' retrieved from /home/airflow/.local/lib/python3.12/site-packages/airflow/example_dags/example_latest_only.py
[2025-12-14T17:02:49.201+0000] {logging_mixin.py:188} INFO - [2025-12-14T17:02:49.201+0000] {dag.py:3096} INFO - Sync 1 DAGs
[2025-12-14T17:02:49.245+0000] {logging_mixin.py:188} INFO - [2025-12-14T17:02:49.244+0000] {dag.py:3954} INFO - Setting next_dagrun for latest_only to 2025-12-14 12:00:00+00:00, run_after=2025-12-14 16:00:00+00:00
[2025-12-14T17:02:49.293+0000] {processor.py:183} INFO - Processing /home/airflow/.local/lib/python3.12/site-packages/airflow/example_dags/example_latest_only.py took 0.405 seconds
[2025-12-14T17:03:20.962+0000] {processor.py:161} INFO - Started process (PID=191) to work on /home/airflow/.local/lib/python3.12/site-packages/airflow/example_dags/example_latest_only.py
[2025-12-14T17:03:20.964+0000] {processor.py:830} INFO - Processing file /home/airflow/.local/lib/python3.12/site-packages/airflow/example_dags/example_latest_only.py for tasks to queue
[2025-12-14T17:03:20.968+0000] {logging_mixin.py:188} INFO - [2025-12-14T17:03:20.967+0000] {dagbag.py:540} INFO - Filling up the DagBag from /home/airflow/.local/lib/python3.12/site-packages/airflow/example_dags/example_latest_only.py
[2025-12-14T17:03:20.977+0000] {processor.py:840} INFO - DAG(s) 'latest_only' retrieved from /home/airflow/.local/lib/python3.12/site-packages/airflow/example_dags/example_latest_only.py
[2025-12-14T17:03:21.020+0000] {logging_mixin.py:188} INFO - [2025-12-14T17:03:21.020+0000] {dag.py:3096} INFO - Sync 1 DAGs
[2025-12-14T17:03:21.065+0000] {logging_mixin.py:188} INFO - [2025-12-14T17:03:21.065+0000] {dag.py:3954} INFO - Setting next_dagrun for latest_only to 2025-12-14 12:00:00+00:00, run_after=2025-12-14 16:00:00+00:00
[2025-12-14T17:03:21.099+0000] {processor.py:183} INFO - Processing /home/airflow/.local/lib/python3.12/site-packages/airflow/example_dags/example_latest_only.py took 0.147 seconds
[2025-12-14T17:03:51.940+0000] {processor.py:161} INFO - Started process (PID=251) to work on /home/airflow/.local/lib/python3.12/site-packages/airflow/example_dags/example_latest_only.py
[2025-12-14T17:03:51.941+0000] {processor.py:830} INFO - Processing file /home/airflow/.local/lib/python3.12/site-packages/airflow/example_dags/example_latest_only.py for tasks to queue
[2025-12-14T17:03:51.943+0000] {logging_mixin.py:188} INFO - [2025-12-14T17:03:51.943+0000] {dagbag.py:540} INFO - Filling up the DagBag from /home/airflow/.local/lib/python3.12/site-packages/airflow/example_dags/example_latest_only.py
[2025-12-14T17:03:51.949+0000] {processor.py:840} INFO - DAG(s) 'latest_only' retrieved from /home/airflow/.local/lib/python3.12/site-packages/airflow/example_dags/example_latest_only.py
[2025-12-14T17:03:51.972+0000] {logging_mixin.py:188} INFO - [2025-12-14T17:03:51.972+0000] {dag.py:3096} INFO - Sync 1 DAGs
[2025-12-14T17:03:51.999+0000] {logging_mixin.py:188} INFO - [2025-12-14T17:03:51.999+0000] {dag.py:3954} INFO - Setting next_dagrun for latest_only to 2025-12-14 12:00:00+00:00, run_after=2025-12-14 16:00:00+00:00
[2025-12-14T17:03:52.024+0000] {processor.py:183} INFO - Processing /home/airflow/.local/lib/python3.12/site-packages/airflow/example_dags/example_latest_only.py took 0.092 seconds
[2025-12-14T17:04:22.200+0000] {processor.py:161} INFO - Started process (PID=320) to work on /home/airflow/.local/lib/python3.12/site-packages/airflow/example_dags/example_latest_only.py
[2025-12-14T17:04:22.206+0000] {processor.py:830} INFO - Processing file /home/airflow/.local/lib/python3.12/site-packages/airflow/example_dags/example_latest_only.py for tasks to queue
[2025-12-14T17:04:22.210+0000] {logging_mixin.py:188} INFO - [2025-12-14T17:04:22.209+0000] {dagbag.py:540} INFO - Filling up the DagBag from /home/airflow/.local/lib/python3.12/site-packages/airflow/example_dags/example_latest_only.py
[2025-12-14T17:04:22.223+0000] {processor.py:840} INFO - DAG(s) 'latest_only' retrieved from /home/airflow/.local/lib/python3.12/site-packages/airflow/example_dags/example_latest_only.py
[2025-12-14T17:04:22.261+0000] {logging_mixin.py:188} INFO - [2025-12-14T17:04:22.261+0000] {dag.py:3096} INFO - Sync 1 DAGs
[2025-12-14T17:04:22.292+0000] {logging_mixin.py:188} INFO - [2025-12-14T17:04:22.291+0000] {dag.py:3954} INFO - Setting next_dagrun for latest_only to 2025-12-14 12:00:00+00:00, run_after=2025-12-14 16:00:00+00:00
[2025-12-14T17:04:22.315+0000] {processor.py:183} INFO - Processing /home/airflow/.local/lib/python3.12/site-packages/airflow/example_dags/example_latest_only.py took 0.125 seconds
[2025-12-14T17:07:14.689+0000] {processor.py:161} INFO - Started process (PID=111) to work on /home/airflow/.local/lib/python3.12/site-packages/airflow/example_dags/example_latest_only.py
[2025-12-14T17:07:14.690+0000] {processor.py:830} INFO - Processing file /home/airflow/.local/lib/python3.12/site-packages/airflow/example_dags/example_latest_only.py for tasks to queue
[2025-12-14T17:07:14.694+0000] {logging_mixin.py:188} INFO - [2025-12-14T17:07:14.694+0000] {dagbag.py:540} INFO - Filling up the DagBag from /home/airflow/.local/lib/python3.12/site-packages/airflow/example_dags/example_latest_only.py
[2025-12-14T17:07:14.706+0000] {processor.py:840} INFO - DAG(s) 'latest_only' retrieved from /home/airflow/.local/lib/python3.12/site-packages/airflow/example_dags/example_latest_only.py
[2025-12-14T17:07:14.875+0000] {logging_mixin.py:188} INFO - [2025-12-14T17:07:14.874+0000] {dag.py:3096} INFO - Sync 1 DAGs
[2025-12-14T17:07:14.903+0000] {logging_mixin.py:188} INFO - [2025-12-14T17:07:14.903+0000] {dag.py:3954} INFO - Setting next_dagrun for latest_only to 2025-12-14 12:00:00+00:00, run_after=2025-12-14 16:00:00+00:00
[2025-12-14T17:07:14.935+0000] {processor.py:183} INFO - Processing /home/airflow/.local/lib/python3.12/site-packages/airflow/example_dags/example_latest_only.py took 0.256 seconds
[2025-12-14T17:07:45.466+0000] {processor.py:161} INFO - Started process (PID=171) to work on /home/airflow/.local/lib/python3.12/site-packages/airflow/example_dags/example_latest_only.py
[2025-12-14T17:07:45.467+0000] {processor.py:830} INFO - Processing file /home/airflow/.local/lib/python3.12/site-packages/airflow/example_dags/example_latest_only.py for tasks to queue
[2025-12-14T17:07:45.470+0000] {logging_mixin.py:188} INFO - [2025-12-14T17:07:45.470+0000] {dagbag.py:540} INFO - Filling up the DagBag from /home/airflow/.local/lib/python3.12/site-packages/airflow/example_dags/example_latest_only.py
[2025-12-14T17:07:45.478+0000] {processor.py:840} INFO - DAG(s) 'latest_only' retrieved from /home/airflow/.local/lib/python3.12/site-packages/airflow/example_dags/example_latest_only.py
[2025-12-14T17:07:45.509+0000] {logging_mixin.py:188} INFO - [2025-12-14T17:07:45.509+0000] {dag.py:3096} INFO - Sync 1 DAGs
[2025-12-14T17:07:45.635+0000] {logging_mixin.py:188} INFO - [2025-12-14T17:07:45.634+0000] {dag.py:3954} INFO - Setting next_dagrun for latest_only to 2025-12-14 12:00:00+00:00, run_after=2025-12-14 16:00:00+00:00
[2025-12-14T17:07:45.747+0000] {processor.py:183} INFO - Processing /home/airflow/.local/lib/python3.12/site-packages/airflow/example_dags/example_latest_only.py took 0.289 seconds
[2025-12-14T17:08:16.341+0000] {processor.py:161} INFO - Started process (PID=240) to work on /home/airflow/.local/lib/python3.12/site-packages/airflow/example_dags/example_latest_only.py
[2025-12-14T17:08:16.342+0000] {processor.py:830} INFO - Processing file /home/airflow/.local/lib/python3.12/site-packages/airflow/example_dags/example_latest_only.py for tasks to queue
[2025-12-14T17:08:16.345+0000] {logging_mixin.py:188} INFO - [2025-12-14T17:08:16.345+0000] {dagbag.py:540} INFO - Filling up the DagBag from /home/airflow/.local/lib/python3.12/site-packages/airflow/example_dags/example_latest_only.py
[2025-12-14T17:08:16.352+0000] {processor.py:840} INFO - DAG(s) 'latest_only' retrieved from /home/airflow/.local/lib/python3.12/site-packages/airflow/example_dags/example_latest_only.py
[2025-12-14T17:08:16.377+0000] {logging_mixin.py:188} INFO - [2025-12-14T17:08:16.377+0000] {dag.py:3096} INFO - Sync 1 DAGs
[2025-12-14T17:08:16.402+0000] {logging_mixin.py:188} INFO - [2025-12-14T17:08:16.402+0000] {dag.py:3954} INFO - Setting next_dagrun for latest_only to 2025-12-14 12:00:00+00:00, run_after=2025-12-14 16:00:00+00:00
[2025-12-14T17:08:16.425+0000] {processor.py:183} INFO - Processing /home/airflow/.local/lib/python3.12/site-packages/airflow/example_dags/example_latest_only.py took 0.092 seconds
[2025-12-14T17:08:47.285+0000] {processor.py:161} INFO - Started process (PID=312) to work on /home/airflow/.local/lib/python3.12/site-packages/airflow/example_dags/example_latest_only.py
[2025-12-14T17:08:47.287+0000] {processor.py:830} INFO - Processing file /home/airflow/.local/lib/python3.12/site-packages/airflow/example_dags/example_latest_only.py for tasks to queue
[2025-12-14T17:08:47.289+0000] {logging_mixin.py:188} INFO - [2025-12-14T17:08:47.289+0000] {dagbag.py:540} INFO - Filling up the DagBag from /home/airflow/.local/lib/python3.12/site-packages/airflow/example_dags/example_latest_only.py
[2025-12-14T17:08:47.295+0000] {processor.py:840} INFO - DAG(s) 'latest_only' retrieved from /home/airflow/.local/lib/python3.12/site-packages/airflow/example_dags/example_latest_only.py
[2025-12-14T17:08:47.317+0000] {logging_mixin.py:188} INFO - [2025-12-14T17:08:47.317+0000] {dag.py:3096} INFO - Sync 1 DAGs
[2025-12-14T17:08:47.341+0000] {logging_mixin.py:188} INFO - [2025-12-14T17:08:47.341+0000] {dag.py:3954} INFO - Setting next_dagrun for latest_only to 2025-12-14 12:00:00+00:00, run_after=2025-12-14 16:00:00+00:00
[2025-12-14T17:08:47.367+0000] {processor.py:183} INFO - Processing /home/airflow/.local/lib/python3.12/site-packages/airflow/example_dags/example_latest_only.py took 0.088 seconds
[2025-12-14T17:09:17.691+0000] {processor.py:161} INFO - Started process (PID=383) to work on /home/airflow/.local/lib/python3.12/site-packages/airflow/example_dags/example_latest_only.py
[2025-12-14T17:09:17.692+0000] {processor.py:830} INFO - Processing file /home/airflow/.local/lib/python3.12/site-packages/airflow/example_dags/example_latest_only.py for tasks to queue
[2025-12-14T17:09:17.695+0000] {logging_mixin.py:188} INFO - [2025-12-14T17:09:17.694+0000] {dagbag.py:540} INFO - Filling up the DagBag from /home/airflow/.local/lib/python3.12/site-packages/airflow/example_dags/example_latest_only.py
[2025-12-14T17:09:17.701+0000] {processor.py:840} INFO - DAG(s) 'latest_only' retrieved from /home/airflow/.local/lib/python3.12/site-packages/airflow/example_dags/example_latest_only.py
[2025-12-14T17:09:17.726+0000] {logging_mixin.py:188} INFO - [2025-12-14T17:09:17.726+0000] {dag.py:3096} INFO - Sync 1 DAGs
[2025-12-14T17:09:17.751+0000] {logging_mixin.py:188} INFO - [2025-12-14T17:09:17.751+0000] {dag.py:3954} INFO - Setting next_dagrun for latest_only to 2025-12-14 12:00:00+00:00, run_after=2025-12-14 16:00:00+00:00
[2025-12-14T17:09:17.779+0000] {processor.py:183} INFO - Processing /home/airflow/.local/lib/python3.12/site-packages/airflow/example_dags/example_latest_only.py took 0.096 seconds
[2025-12-14T17:09:48.130+0000] {processor.py:161} INFO - Started process (PID=454) to work on /home/airflow/.local/lib/python3.12/site-packages/airflow/example_dags/example_latest_only.py
[2025-12-14T17:09:48.131+0000] {processor.py:830} INFO - Processing file /home/airflow/.local/lib/python3.12/site-packages/airflow/example_dags/example_latest_only.py for tasks to queue
[2025-12-14T17:09:48.135+0000] {logging_mixin.py:188} INFO - [2025-12-14T17:09:48.134+0000] {dagbag.py:540} INFO - Filling up the DagBag from /home/airflow/.local/lib/python3.12/site-packages/airflow/example_dags/example_latest_only.py
[2025-12-14T17:09:48.144+0000] {processor.py:840} INFO - DAG(s) 'latest_only' retrieved from /home/airflow/.local/lib/python3.12/site-packages/airflow/example_dags/example_latest_only.py
[2025-12-14T17:09:48.172+0000] {logging_mixin.py:188} INFO - [2025-12-14T17:09:48.172+0000] {dag.py:3096} INFO - Sync 1 DAGs
[2025-12-14T17:09:48.205+0000] {logging_mixin.py:188} INFO - [2025-12-14T17:09:48.205+0000] {dag.py:3954} INFO - Setting next_dagrun for latest_only to 2025-12-14 12:00:00+00:00, run_after=2025-12-14 16:00:00+00:00
[2025-12-14T17:09:48.232+0000] {processor.py:183} INFO - Processing /home/airflow/.local/lib/python3.12/site-packages/airflow/example_dags/example_latest_only.py took 0.114 seconds
[2025-12-14T17:10:18.616+0000] {processor.py:161} INFO - Started process (PID=538) to work on /home/airflow/.local/lib/python3.12/site-packages/airflow/example_dags/example_latest_only.py
[2025-12-14T17:10:18.618+0000] {processor.py:830} INFO - Processing file /home/airflow/.local/lib/python3.12/site-packages/airflow/example_dags/example_latest_only.py for tasks to queue
[2025-12-14T17:10:18.621+0000] {logging_mixin.py:188} INFO - [2025-12-14T17:10:18.621+0000] {dagbag.py:540} INFO - Filling up the DagBag from /home/airflow/.local/lib/python3.12/site-packages/airflow/example_dags/example_latest_only.py
[2025-12-14T17:10:18.627+0000] {processor.py:840} INFO - DAG(s) 'latest_only' retrieved from /home/airflow/.local/lib/python3.12/site-packages/airflow/example_dags/example_latest_only.py
[2025-12-14T17:10:18.652+0000] {logging_mixin.py:188} INFO - [2025-12-14T17:10:18.652+0000] {dag.py:3096} INFO - Sync 1 DAGs
[2025-12-14T17:10:18.676+0000] {logging_mixin.py:188} INFO - [2025-12-14T17:10:18.676+0000] {dag.py:3954} INFO - Setting next_dagrun for latest_only to 2025-12-14 12:00:00+00:00, run_after=2025-12-14 16:00:00+00:00
[2025-12-14T17:10:18.696+0000] {processor.py:183} INFO - Processing /home/airflow/.local/lib/python3.12/site-packages/airflow/example_dags/example_latest_only.py took 0.087 seconds
[2025-12-14T17:10:48.965+0000] {processor.py:161} INFO - Started process (PID=609) to work on /home/airflow/.local/lib/python3.12/site-packages/airflow/example_dags/example_latest_only.py
[2025-12-14T17:10:48.966+0000] {processor.py:830} INFO - Processing file /home/airflow/.local/lib/python3.12/site-packages/airflow/example_dags/example_latest_only.py for tasks to queue
[2025-12-14T17:10:48.968+0000] {logging_mixin.py:188} INFO - [2025-12-14T17:10:48.968+0000] {dagbag.py:540} INFO - Filling up the DagBag from /home/airflow/.local/lib/python3.12/site-packages/airflow/example_dags/example_latest_only.py
[2025-12-14T17:10:48.975+0000] {processor.py:840} INFO - DAG(s) 'latest_only' retrieved from /home/airflow/.local/lib/python3.12/site-packages/airflow/example_dags/example_latest_only.py
[2025-12-14T17:10:48.997+0000] {logging_mixin.py:188} INFO - [2025-12-14T17:10:48.997+0000] {dag.py:3096} INFO - Sync 1 DAGs
[2025-12-14T17:10:49.020+0000] {logging_mixin.py:188} INFO - [2025-12-14T17:10:49.020+0000] {dag.py:3954} INFO - Setting next_dagrun for latest_only to 2025-12-14 12:00:00+00:00, run_after=2025-12-14 16:00:00+00:00
[2025-12-14T17:10:49.044+0000] {processor.py:183} INFO - Processing /home/airflow/.local/lib/python3.12/site-packages/airflow/example_dags/example_latest_only.py took 0.086 seconds
[2025-12-14T17:11:19.516+0000] {processor.py:161} INFO - Started process (PID=680) to work on /home/airflow/.local/lib/python3.12/site-packages/airflow/example_dags/example_latest_only.py
[2025-12-14T17:11:19.518+0000] {processor.py:830} INFO - Processing file /home/airflow/.local/lib/python3.12/site-packages/airflow/example_dags/example_latest_only.py for tasks to queue
[2025-12-14T17:11:19.520+0000] {logging_mixin.py:188} INFO - [2025-12-14T17:11:19.520+0000] {dagbag.py:540} INFO - Filling up the DagBag from /home/airflow/.local/lib/python3.12/site-packages/airflow/example_dags/example_latest_only.py
[2025-12-14T17:11:19.526+0000] {processor.py:840} INFO - DAG(s) 'latest_only' retrieved from /home/airflow/.local/lib/python3.12/site-packages/airflow/example_dags/example_latest_only.py
[2025-12-14T17:11:19.548+0000] {logging_mixin.py:188} INFO - [2025-12-14T17:11:19.547+0000] {dag.py:3096} INFO - Sync 1 DAGs
[2025-12-14T17:11:19.570+0000] {logging_mixin.py:188} INFO - [2025-12-14T17:11:19.570+0000] {dag.py:3954} INFO - Setting next_dagrun for latest_only to 2025-12-14 12:00:00+00:00, run_after=2025-12-14 16:00:00+00:00
[2025-12-14T17:11:19.593+0000] {processor.py:183} INFO - Processing /home/airflow/.local/lib/python3.12/site-packages/airflow/example_dags/example_latest_only.py took 0.084 seconds
[2025-12-14T17:11:49.742+0000] {processor.py:161} INFO - Started process (PID=751) to work on /home/airflow/.local/lib/python3.12/site-packages/airflow/example_dags/example_latest_only.py
[2025-12-14T17:11:49.743+0000] {processor.py:830} INFO - Processing file /home/airflow/.local/lib/python3.12/site-packages/airflow/example_dags/example_latest_only.py for tasks to queue
[2025-12-14T17:11:49.746+0000] {logging_mixin.py:188} INFO - [2025-12-14T17:11:49.745+0000] {dagbag.py:540} INFO - Filling up the DagBag from /home/airflow/.local/lib/python3.12/site-packages/airflow/example_dags/example_latest_only.py
[2025-12-14T17:11:49.752+0000] {processor.py:840} INFO - DAG(s) 'latest_only' retrieved from /home/airflow/.local/lib/python3.12/site-packages/airflow/example_dags/example_latest_only.py
[2025-12-14T17:11:49.774+0000] {logging_mixin.py:188} INFO - [2025-12-14T17:11:49.773+0000] {dag.py:3096} INFO - Sync 1 DAGs
[2025-12-14T17:11:49.796+0000] {logging_mixin.py:188} INFO - [2025-12-14T17:11:49.796+0000] {dag.py:3954} INFO - Setting next_dagrun for latest_only to 2025-12-14 12:00:00+00:00, run_after=2025-12-14 16:00:00+00:00
[2025-12-14T17:11:49.819+0000] {processor.py:183} INFO - Processing /home/airflow/.local/lib/python3.12/site-packages/airflow/example_dags/example_latest_only.py took 0.084 seconds
[2025-12-14T17:12:20.109+0000] {processor.py:161} INFO - Started process (PID=822) to work on /home/airflow/.local/lib/python3.12/site-packages/airflow/example_dags/example_latest_only.py
[2025-12-14T17:12:20.110+0000] {processor.py:830} INFO - Processing file /home/airflow/.local/lib/python3.12/site-packages/airflow/example_dags/example_latest_only.py for tasks to queue
[2025-12-14T17:12:20.113+0000] {logging_mixin.py:188} INFO - [2025-12-14T17:12:20.112+0000] {dagbag.py:540} INFO - Filling up the DagBag from /home/airflow/.local/lib/python3.12/site-packages/airflow/example_dags/example_latest_only.py
[2025-12-14T17:12:20.119+0000] {processor.py:840} INFO - DAG(s) 'latest_only' retrieved from /home/airflow/.local/lib/python3.12/site-packages/airflow/example_dags/example_latest_only.py
[2025-12-14T17:12:20.144+0000] {logging_mixin.py:188} INFO - [2025-12-14T17:12:20.143+0000] {dag.py:3096} INFO - Sync 1 DAGs
[2025-12-14T17:12:20.168+0000] {logging_mixin.py:188} INFO - [2025-12-14T17:12:20.168+0000] {dag.py:3954} INFO - Setting next_dagrun for latest_only to 2025-12-14 12:00:00+00:00, run_after=2025-12-14 16:00:00+00:00
[2025-12-14T17:12:20.190+0000] {processor.py:183} INFO - Processing /home/airflow/.local/lib/python3.12/site-packages/airflow/example_dags/example_latest_only.py took 0.088 seconds
[2025-12-14T17:12:50.644+0000] {processor.py:161} INFO - Started process (PID=894) to work on /home/airflow/.local/lib/python3.12/site-packages/airflow/example_dags/example_latest_only.py
[2025-12-14T17:12:50.646+0000] {processor.py:830} INFO - Processing file /home/airflow/.local/lib/python3.12/site-packages/airflow/example_dags/example_latest_only.py for tasks to queue
[2025-12-14T17:12:50.648+0000] {logging_mixin.py:188} INFO - [2025-12-14T17:12:50.648+0000] {dagbag.py:540} INFO - Filling up the DagBag from /home/airflow/.local/lib/python3.12/site-packages/airflow/example_dags/example_latest_only.py
[2025-12-14T17:12:50.654+0000] {processor.py:840} INFO - DAG(s) 'latest_only' retrieved from /home/airflow/.local/lib/python3.12/site-packages/airflow/example_dags/example_latest_only.py
[2025-12-14T17:12:50.678+0000] {logging_mixin.py:188} INFO - [2025-12-14T17:12:50.678+0000] {dag.py:3096} INFO - Sync 1 DAGs
[2025-12-14T17:12:50.701+0000] {logging_mixin.py:188} INFO - [2025-12-14T17:12:50.701+0000] {dag.py:3954} INFO - Setting next_dagrun for latest_only to 2025-12-14 12:00:00+00:00, run_after=2025-12-14 16:00:00+00:00
[2025-12-14T17:12:50.725+0000] {processor.py:183} INFO - Processing /home/airflow/.local/lib/python3.12/site-packages/airflow/example_dags/example_latest_only.py took 0.087 seconds
[2025-12-14T17:13:20.861+0000] {processor.py:161} INFO - Started process (PID=965) to work on /home/airflow/.local/lib/python3.12/site-packages/airflow/example_dags/example_latest_only.py
[2025-12-14T17:13:20.862+0000] {processor.py:830} INFO - Processing file /home/airflow/.local/lib/python3.12/site-packages/airflow/example_dags/example_latest_only.py for tasks to queue
[2025-12-14T17:13:20.865+0000] {logging_mixin.py:188} INFO - [2025-12-14T17:13:20.864+0000] {dagbag.py:540} INFO - Filling up the DagBag from /home/airflow/.local/lib/python3.12/site-packages/airflow/example_dags/example_latest_only.py
[2025-12-14T17:13:20.871+0000] {processor.py:840} INFO - DAG(s) 'latest_only' retrieved from /home/airflow/.local/lib/python3.12/site-packages/airflow/example_dags/example_latest_only.py
[2025-12-14T17:13:20.896+0000] {logging_mixin.py:188} INFO - [2025-12-14T17:13:20.896+0000] {dag.py:3096} INFO - Sync 1 DAGs
[2025-12-14T17:13:20.920+0000] {logging_mixin.py:188} INFO - [2025-12-14T17:13:20.920+0000] {dag.py:3954} INFO - Setting next_dagrun for latest_only to 2025-12-14 12:00:00+00:00, run_after=2025-12-14 16:00:00+00:00
[2025-12-14T17:13:20.945+0000] {processor.py:183} INFO - Processing /home/airflow/.local/lib/python3.12/site-packages/airflow/example_dags/example_latest_only.py took 0.094 seconds
[2025-12-14T17:13:52.117+0000] {processor.py:161} INFO - Started process (PID=1025) to work on /home/airflow/.local/lib/python3.12/site-packages/airflow/example_dags/example_latest_only.py
[2025-12-14T17:13:52.118+0000] {processor.py:830} INFO - Processing file /home/airflow/.local/lib/python3.12/site-packages/airflow/example_dags/example_latest_only.py for tasks to queue
[2025-12-14T17:13:52.121+0000] {logging_mixin.py:188} INFO - [2025-12-14T17:13:52.120+0000] {dagbag.py:540} INFO - Filling up the DagBag from /home/airflow/.local/lib/python3.12/site-packages/airflow/example_dags/example_latest_only.py
[2025-12-14T17:13:52.128+0000] {processor.py:840} INFO - DAG(s) 'latest_only' retrieved from /home/airflow/.local/lib/python3.12/site-packages/airflow/example_dags/example_latest_only.py
[2025-12-14T17:13:52.154+0000] {logging_mixin.py:188} INFO - [2025-12-14T17:13:52.154+0000] {dag.py:3096} INFO - Sync 1 DAGs
[2025-12-14T17:13:52.414+0000] {logging_mixin.py:188} INFO - [2025-12-14T17:13:52.413+0000] {dag.py:3954} INFO - Setting next_dagrun for latest_only to 2025-12-14 12:00:00+00:00, run_after=2025-12-14 16:00:00+00:00
[2025-12-14T17:13:52.447+0000] {processor.py:183} INFO - Processing /home/airflow/.local/lib/python3.12/site-packages/airflow/example_dags/example_latest_only.py took 0.340 seconds
[2025-12-14T17:14:22.605+0000] {processor.py:161} INFO - Started process (PID=1095) to work on /home/airflow/.local/lib/python3.12/site-packages/airflow/example_dags/example_latest_only.py
[2025-12-14T17:14:22.606+0000] {processor.py:830} INFO - Processing file /home/airflow/.local/lib/python3.12/site-packages/airflow/example_dags/example_latest_only.py for tasks to queue
[2025-12-14T17:14:22.609+0000] {logging_mixin.py:188} INFO - [2025-12-14T17:14:22.609+0000] {dagbag.py:540} INFO - Filling up the DagBag from /home/airflow/.local/lib/python3.12/site-packages/airflow/example_dags/example_latest_only.py
[2025-12-14T17:14:22.616+0000] {processor.py:840} INFO - DAG(s) 'latest_only' retrieved from /home/airflow/.local/lib/python3.12/site-packages/airflow/example_dags/example_latest_only.py
[2025-12-14T17:14:22.646+0000] {logging_mixin.py:188} INFO - [2025-12-14T17:14:22.646+0000] {dag.py:3096} INFO - Sync 1 DAGs
[2025-12-14T17:14:22.674+0000] {logging_mixin.py:188} INFO - [2025-12-14T17:14:22.674+0000] {dag.py:3954} INFO - Setting next_dagrun for latest_only to 2025-12-14 12:00:00+00:00, run_after=2025-12-14 16:00:00+00:00
[2025-12-14T17:14:22.861+0000] {processor.py:183} INFO - Processing /home/airflow/.local/lib/python3.12/site-packages/airflow/example_dags/example_latest_only.py took 0.265 seconds
[2025-12-14T17:14:53.042+0000] {processor.py:161} INFO - Started process (PID=1166) to work on /home/airflow/.local/lib/python3.12/site-packages/airflow/example_dags/example_latest_only.py
[2025-12-14T17:14:53.043+0000] {processor.py:830} INFO - Processing file /home/airflow/.local/lib/python3.12/site-packages/airflow/example_dags/example_latest_only.py for tasks to queue
[2025-12-14T17:14:53.046+0000] {logging_mixin.py:188} INFO - [2025-12-14T17:14:53.046+0000] {dagbag.py:540} INFO - Filling up the DagBag from /home/airflow/.local/lib/python3.12/site-packages/airflow/example_dags/example_latest_only.py
[2025-12-14T17:14:53.052+0000] {processor.py:840} INFO - DAG(s) 'latest_only' retrieved from /home/airflow/.local/lib/python3.12/site-packages/airflow/example_dags/example_latest_only.py
[2025-12-14T17:14:53.075+0000] {logging_mixin.py:188} INFO - [2025-12-14T17:14:53.074+0000] {dag.py:3096} INFO - Sync 1 DAGs
[2025-12-14T17:14:53.097+0000] {logging_mixin.py:188} INFO - [2025-12-14T17:14:53.097+0000] {dag.py:3954} INFO - Setting next_dagrun for latest_only to 2025-12-14 12:00:00+00:00, run_after=2025-12-14 16:00:00+00:00
[2025-12-14T17:14:53.120+0000] {processor.py:183} INFO - Processing /home/airflow/.local/lib/python3.12/site-packages/airflow/example_dags/example_latest_only.py took 0.084 seconds
[2025-12-14T17:15:23.343+0000] {processor.py:161} INFO - Started process (PID=1238) to work on /home/airflow/.local/lib/python3.12/site-packages/airflow/example_dags/example_latest_only.py
[2025-12-14T17:15:23.344+0000] {processor.py:830} INFO - Processing file /home/airflow/.local/lib/python3.12/site-packages/airflow/example_dags/example_latest_only.py for tasks to queue
[2025-12-14T17:15:23.347+0000] {logging_mixin.py:188} INFO - [2025-12-14T17:15:23.346+0000] {dagbag.py:540} INFO - Filling up the DagBag from /home/airflow/.local/lib/python3.12/site-packages/airflow/example_dags/example_latest_only.py
[2025-12-14T17:15:23.353+0000] {processor.py:840} INFO - DAG(s) 'latest_only' retrieved from /home/airflow/.local/lib/python3.12/site-packages/airflow/example_dags/example_latest_only.py
[2025-12-14T17:15:23.376+0000] {logging_mixin.py:188} INFO - [2025-12-14T17:15:23.376+0000] {dag.py:3096} INFO - Sync 1 DAGs
[2025-12-14T17:15:23.400+0000] {logging_mixin.py:188} INFO - [2025-12-14T17:15:23.400+0000] {dag.py:3954} INFO - Setting next_dagrun for latest_only to 2025-12-14 12:00:00+00:00, run_after=2025-12-14 16:00:00+00:00
[2025-12-14T17:15:23.424+0000] {processor.py:183} INFO - Processing /home/airflow/.local/lib/python3.12/site-packages/airflow/example_dags/example_latest_only.py took 0.088 seconds
[2025-12-14T17:15:53.860+0000] {processor.py:161} INFO - Started process (PID=1309) to work on /home/airflow/.local/lib/python3.12/site-packages/airflow/example_dags/example_latest_only.py
[2025-12-14T17:15:53.862+0000] {processor.py:830} INFO - Processing file /home/airflow/.local/lib/python3.12/site-packages/airflow/example_dags/example_latest_only.py for tasks to queue
[2025-12-14T17:15:53.865+0000] {logging_mixin.py:188} INFO - [2025-12-14T17:15:53.864+0000] {dagbag.py:540} INFO - Filling up the DagBag from /home/airflow/.local/lib/python3.12/site-packages/airflow/example_dags/example_latest_only.py
[2025-12-14T17:15:53.871+0000] {processor.py:840} INFO - DAG(s) 'latest_only' retrieved from /home/airflow/.local/lib/python3.12/site-packages/airflow/example_dags/example_latest_only.py
[2025-12-14T17:15:53.895+0000] {logging_mixin.py:188} INFO - [2025-12-14T17:15:53.895+0000] {dag.py:3096} INFO - Sync 1 DAGs
[2025-12-14T17:15:53.920+0000] {logging_mixin.py:188} INFO - [2025-12-14T17:15:53.919+0000] {dag.py:3954} INFO - Setting next_dagrun for latest_only to 2025-12-14 12:00:00+00:00, run_after=2025-12-14 16:00:00+00:00
[2025-12-14T17:15:53.945+0000] {processor.py:183} INFO - Processing /home/airflow/.local/lib/python3.12/site-packages/airflow/example_dags/example_latest_only.py took 0.092 seconds
[2025-12-14T17:16:24.354+0000] {processor.py:161} INFO - Started process (PID=1380) to work on /home/airflow/.local/lib/python3.12/site-packages/airflow/example_dags/example_latest_only.py
[2025-12-14T17:16:24.355+0000] {processor.py:830} INFO - Processing file /home/airflow/.local/lib/python3.12/site-packages/airflow/example_dags/example_latest_only.py for tasks to queue
[2025-12-14T17:16:24.358+0000] {logging_mixin.py:188} INFO - [2025-12-14T17:16:24.357+0000] {dagbag.py:540} INFO - Filling up the DagBag from /home/airflow/.local/lib/python3.12/site-packages/airflow/example_dags/example_latest_only.py
[2025-12-14T17:16:24.364+0000] {processor.py:840} INFO - DAG(s) 'latest_only' retrieved from /home/airflow/.local/lib/python3.12/site-packages/airflow/example_dags/example_latest_only.py
[2025-12-14T17:16:24.389+0000] {logging_mixin.py:188} INFO - [2025-12-14T17:16:24.388+0000] {dag.py:3096} INFO - Sync 1 DAGs
[2025-12-14T17:16:24.415+0000] {logging_mixin.py:188} INFO - [2025-12-14T17:16:24.415+0000] {dag.py:3954} INFO - Setting next_dagrun for latest_only to 2025-12-14 12:00:00+00:00, run_after=2025-12-14 16:00:00+00:00
[2025-12-14T17:16:24.441+0000] {processor.py:183} INFO - Processing /home/airflow/.local/lib/python3.12/site-packages/airflow/example_dags/example_latest_only.py took 0.094 seconds
