[2025-12-14T16:49:16.715+0000] {processor.py:161} INFO - Started process (PID=110) to work on /home/airflow/.local/lib/python3.12/site-packages/airflow/example_dags/example_external_task_marker_dag.py
[2025-12-14T16:49:16.716+0000] {processor.py:830} INFO - Processing file /home/airflow/.local/lib/python3.12/site-packages/airflow/example_dags/example_external_task_marker_dag.py for tasks to queue
[2025-12-14T16:49:16.720+0000] {logging_mixin.py:188} INFO - [2025-12-14T16:49:16.719+0000] {dagbag.py:540} INFO - Filling up the DagBag from /home/airflow/.local/lib/python3.12/site-packages/airflow/example_dags/example_external_task_marker_dag.py
[2025-12-14T16:49:16.731+0000] {processor.py:840} INFO - DAG(s) 'example_external_task_marker_parent', 'example_external_task_marker_child' retrieved from /home/airflow/.local/lib/python3.12/site-packages/airflow/example_dags/example_external_task_marker_dag.py
[2025-12-14T16:49:16.887+0000] {logging_mixin.py:188} INFO - [2025-12-14T16:49:16.886+0000] {dag.py:3096} INFO - Sync 2 DAGs
[2025-12-14T16:49:16.905+0000] {logging_mixin.py:188} INFO - [2025-12-14T16:49:16.905+0000] {dag.py:3954} INFO - Setting next_dagrun for example_external_task_marker_child to None, run_after=None
[2025-12-14T16:49:16.910+0000] {logging_mixin.py:188} INFO - [2025-12-14T16:49:16.910+0000] {dag.py:3954} INFO - Setting next_dagrun for example_external_task_marker_parent to None, run_after=None
[2025-12-14T16:49:16.934+0000] {processor.py:183} INFO - Processing /home/airflow/.local/lib/python3.12/site-packages/airflow/example_dags/example_external_task_marker_dag.py took 0.228 seconds
[2025-12-14T16:49:47.564+0000] {processor.py:161} INFO - Started process (PID=175) to work on /home/airflow/.local/lib/python3.12/site-packages/airflow/example_dags/example_external_task_marker_dag.py
[2025-12-14T16:49:47.566+0000] {processor.py:830} INFO - Processing file /home/airflow/.local/lib/python3.12/site-packages/airflow/example_dags/example_external_task_marker_dag.py for tasks to queue
[2025-12-14T16:49:47.570+0000] {logging_mixin.py:188} INFO - [2025-12-14T16:49:47.570+0000] {dagbag.py:540} INFO - Filling up the DagBag from /home/airflow/.local/lib/python3.12/site-packages/airflow/example_dags/example_external_task_marker_dag.py
[2025-12-14T16:49:47.582+0000] {processor.py:840} INFO - DAG(s) 'example_external_task_marker_child', 'example_external_task_marker_parent' retrieved from /home/airflow/.local/lib/python3.12/site-packages/airflow/example_dags/example_external_task_marker_dag.py
[2025-12-14T16:49:47.627+0000] {logging_mixin.py:188} INFO - [2025-12-14T16:49:47.627+0000] {dag.py:3096} INFO - Sync 2 DAGs
[2025-12-14T16:49:47.644+0000] {logging_mixin.py:188} INFO - [2025-12-14T16:49:47.644+0000] {dag.py:3954} INFO - Setting next_dagrun for example_external_task_marker_child to None, run_after=None
[2025-12-14T16:49:47.649+0000] {logging_mixin.py:188} INFO - [2025-12-14T16:49:47.648+0000] {dag.py:3954} INFO - Setting next_dagrun for example_external_task_marker_parent to None, run_after=None
[2025-12-14T16:49:47.671+0000] {processor.py:183} INFO - Processing /home/airflow/.local/lib/python3.12/site-packages/airflow/example_dags/example_external_task_marker_dag.py took 0.121 seconds
[2025-12-14T16:50:18.337+0000] {processor.py:161} INFO - Started process (PID=233) to work on /home/airflow/.local/lib/python3.12/site-packages/airflow/example_dags/example_external_task_marker_dag.py
[2025-12-14T16:50:18.338+0000] {processor.py:830} INFO - Processing file /home/airflow/.local/lib/python3.12/site-packages/airflow/example_dags/example_external_task_marker_dag.py for tasks to queue
[2025-12-14T16:50:18.341+0000] {logging_mixin.py:188} INFO - [2025-12-14T16:50:18.340+0000] {dagbag.py:540} INFO - Filling up the DagBag from /home/airflow/.local/lib/python3.12/site-packages/airflow/example_dags/example_external_task_marker_dag.py
[2025-12-14T16:50:18.348+0000] {processor.py:840} INFO - DAG(s) 'example_external_task_marker_parent', 'example_external_task_marker_child' retrieved from /home/airflow/.local/lib/python3.12/site-packages/airflow/example_dags/example_external_task_marker_dag.py
[2025-12-14T16:50:18.375+0000] {logging_mixin.py:188} INFO - [2025-12-14T16:50:18.375+0000] {dag.py:3096} INFO - Sync 2 DAGs
[2025-12-14T16:50:18.390+0000] {logging_mixin.py:188} INFO - [2025-12-14T16:50:18.390+0000] {dag.py:3954} INFO - Setting next_dagrun for example_external_task_marker_child to None, run_after=None
[2025-12-14T16:50:18.394+0000] {logging_mixin.py:188} INFO - [2025-12-14T16:50:18.394+0000] {dag.py:3954} INFO - Setting next_dagrun for example_external_task_marker_parent to None, run_after=None
[2025-12-14T16:50:18.414+0000] {processor.py:183} INFO - Processing /home/airflow/.local/lib/python3.12/site-packages/airflow/example_dags/example_external_task_marker_dag.py took 0.084 seconds
[2025-12-14T16:50:49.017+0000] {processor.py:161} INFO - Started process (PID=298) to work on /home/airflow/.local/lib/python3.12/site-packages/airflow/example_dags/example_external_task_marker_dag.py
[2025-12-14T16:50:49.076+0000] {processor.py:830} INFO - Processing file /home/airflow/.local/lib/python3.12/site-packages/airflow/example_dags/example_external_task_marker_dag.py for tasks to queue
[2025-12-14T16:50:49.095+0000] {logging_mixin.py:188} INFO - [2025-12-14T16:50:49.094+0000] {dagbag.py:540} INFO - Filling up the DagBag from /home/airflow/.local/lib/python3.12/site-packages/airflow/example_dags/example_external_task_marker_dag.py
[2025-12-14T16:50:49.270+0000] {processor.py:840} INFO - DAG(s) 'example_external_task_marker_parent', 'example_external_task_marker_child' retrieved from /home/airflow/.local/lib/python3.12/site-packages/airflow/example_dags/example_external_task_marker_dag.py
[2025-12-14T16:50:49.353+0000] {logging_mixin.py:188} INFO - [2025-12-14T16:50:49.353+0000] {dag.py:3096} INFO - Sync 2 DAGs
[2025-12-14T16:50:49.404+0000] {logging_mixin.py:188} INFO - [2025-12-14T16:50:49.403+0000] {dag.py:3954} INFO - Setting next_dagrun for example_external_task_marker_child to None, run_after=None
[2025-12-14T16:50:49.414+0000] {logging_mixin.py:188} INFO - [2025-12-14T16:50:49.413+0000] {dag.py:3954} INFO - Setting next_dagrun for example_external_task_marker_parent to None, run_after=None
[2025-12-14T16:50:49.465+0000] {processor.py:183} INFO - Processing /home/airflow/.local/lib/python3.12/site-packages/airflow/example_dags/example_external_task_marker_dag.py took 0.473 seconds
[2025-12-14T16:51:20.321+0000] {processor.py:161} INFO - Started process (PID=356) to work on /home/airflow/.local/lib/python3.12/site-packages/airflow/example_dags/example_external_task_marker_dag.py
[2025-12-14T16:51:20.322+0000] {processor.py:830} INFO - Processing file /home/airflow/.local/lib/python3.12/site-packages/airflow/example_dags/example_external_task_marker_dag.py for tasks to queue
[2025-12-14T16:51:20.325+0000] {logging_mixin.py:188} INFO - [2025-12-14T16:51:20.324+0000] {dagbag.py:540} INFO - Filling up the DagBag from /home/airflow/.local/lib/python3.12/site-packages/airflow/example_dags/example_external_task_marker_dag.py
[2025-12-14T16:51:20.332+0000] {processor.py:840} INFO - DAG(s) 'example_external_task_marker_parent', 'example_external_task_marker_child' retrieved from /home/airflow/.local/lib/python3.12/site-packages/airflow/example_dags/example_external_task_marker_dag.py
[2025-12-14T16:51:20.360+0000] {logging_mixin.py:188} INFO - [2025-12-14T16:51:20.360+0000] {dag.py:3096} INFO - Sync 2 DAGs
[2025-12-14T16:51:20.375+0000] {logging_mixin.py:188} INFO - [2025-12-14T16:51:20.375+0000] {dag.py:3954} INFO - Setting next_dagrun for example_external_task_marker_child to None, run_after=None
[2025-12-14T16:51:20.383+0000] {logging_mixin.py:188} INFO - [2025-12-14T16:51:20.382+0000] {dag.py:3954} INFO - Setting next_dagrun for example_external_task_marker_parent to None, run_after=None
[2025-12-14T16:51:20.555+0000] {processor.py:183} INFO - Processing /home/airflow/.local/lib/python3.12/site-packages/airflow/example_dags/example_external_task_marker_dag.py took 0.241 seconds
[2025-12-14T16:51:51.097+0000] {processor.py:161} INFO - Started process (PID=414) to work on /home/airflow/.local/lib/python3.12/site-packages/airflow/example_dags/example_external_task_marker_dag.py
[2025-12-14T16:51:51.099+0000] {processor.py:830} INFO - Processing file /home/airflow/.local/lib/python3.12/site-packages/airflow/example_dags/example_external_task_marker_dag.py for tasks to queue
[2025-12-14T16:51:51.101+0000] {logging_mixin.py:188} INFO - [2025-12-14T16:51:51.101+0000] {dagbag.py:540} INFO - Filling up the DagBag from /home/airflow/.local/lib/python3.12/site-packages/airflow/example_dags/example_external_task_marker_dag.py
[2025-12-14T16:51:51.110+0000] {processor.py:840} INFO - DAG(s) 'example_external_task_marker_parent', 'example_external_task_marker_child' retrieved from /home/airflow/.local/lib/python3.12/site-packages/airflow/example_dags/example_external_task_marker_dag.py
[2025-12-14T16:51:51.140+0000] {logging_mixin.py:188} INFO - [2025-12-14T16:51:51.139+0000] {dag.py:3096} INFO - Sync 2 DAGs
[2025-12-14T16:51:51.154+0000] {logging_mixin.py:188} INFO - [2025-12-14T16:51:51.154+0000] {dag.py:3954} INFO - Setting next_dagrun for example_external_task_marker_child to None, run_after=None
[2025-12-14T16:51:51.159+0000] {logging_mixin.py:188} INFO - [2025-12-14T16:51:51.159+0000] {dag.py:3954} INFO - Setting next_dagrun for example_external_task_marker_parent to None, run_after=None
[2025-12-14T16:51:51.179+0000] {processor.py:183} INFO - Processing /home/airflow/.local/lib/python3.12/site-packages/airflow/example_dags/example_external_task_marker_dag.py took 0.090 seconds
[2025-12-14T16:52:21.504+0000] {processor.py:161} INFO - Started process (PID=472) to work on /home/airflow/.local/lib/python3.12/site-packages/airflow/example_dags/example_external_task_marker_dag.py
[2025-12-14T16:52:21.506+0000] {processor.py:830} INFO - Processing file /home/airflow/.local/lib/python3.12/site-packages/airflow/example_dags/example_external_task_marker_dag.py for tasks to queue
[2025-12-14T16:52:21.509+0000] {logging_mixin.py:188} INFO - [2025-12-14T16:52:21.508+0000] {dagbag.py:540} INFO - Filling up the DagBag from /home/airflow/.local/lib/python3.12/site-packages/airflow/example_dags/example_external_task_marker_dag.py
[2025-12-14T16:52:21.517+0000] {processor.py:840} INFO - DAG(s) 'example_external_task_marker_child', 'example_external_task_marker_parent' retrieved from /home/airflow/.local/lib/python3.12/site-packages/airflow/example_dags/example_external_task_marker_dag.py
[2025-12-14T16:52:21.559+0000] {logging_mixin.py:188} INFO - [2025-12-14T16:52:21.559+0000] {dag.py:3096} INFO - Sync 2 DAGs
[2025-12-14T16:52:21.584+0000] {logging_mixin.py:188} INFO - [2025-12-14T16:52:21.584+0000] {dag.py:3954} INFO - Setting next_dagrun for example_external_task_marker_child to None, run_after=None
[2025-12-14T16:52:21.590+0000] {logging_mixin.py:188} INFO - [2025-12-14T16:52:21.590+0000] {dag.py:3954} INFO - Setting next_dagrun for example_external_task_marker_parent to None, run_after=None
[2025-12-14T16:52:21.619+0000] {processor.py:183} INFO - Processing /home/airflow/.local/lib/python3.12/site-packages/airflow/example_dags/example_external_task_marker_dag.py took 0.123 seconds
[2025-12-14T16:55:12.958+0000] {processor.py:161} INFO - Started process (PID=163) to work on /home/airflow/.local/lib/python3.12/site-packages/airflow/example_dags/example_external_task_marker_dag.py
[2025-12-14T16:55:12.960+0000] {processor.py:830} INFO - Processing file /home/airflow/.local/lib/python3.12/site-packages/airflow/example_dags/example_external_task_marker_dag.py for tasks to queue
[2025-12-14T16:55:12.963+0000] {logging_mixin.py:188} INFO - [2025-12-14T16:55:12.962+0000] {dagbag.py:540} INFO - Filling up the DagBag from /home/airflow/.local/lib/python3.12/site-packages/airflow/example_dags/example_external_task_marker_dag.py
[2025-12-14T16:55:12.972+0000] {processor.py:840} INFO - DAG(s) 'example_external_task_marker_child', 'example_external_task_marker_parent' retrieved from /home/airflow/.local/lib/python3.12/site-packages/airflow/example_dags/example_external_task_marker_dag.py
[2025-12-14T16:55:13.143+0000] {logging_mixin.py:188} INFO - [2025-12-14T16:55:13.143+0000] {dag.py:3096} INFO - Sync 2 DAGs
[2025-12-14T16:55:13.159+0000] {logging_mixin.py:188} INFO - [2025-12-14T16:55:13.159+0000] {dag.py:3954} INFO - Setting next_dagrun for example_external_task_marker_child to None, run_after=None
[2025-12-14T16:55:13.163+0000] {logging_mixin.py:188} INFO - [2025-12-14T16:55:13.163+0000] {dag.py:3954} INFO - Setting next_dagrun for example_external_task_marker_parent to None, run_after=None
[2025-12-14T16:55:13.193+0000] {processor.py:183} INFO - Processing /home/airflow/.local/lib/python3.12/site-packages/airflow/example_dags/example_external_task_marker_dag.py took 0.243 seconds
[2025-12-14T16:55:43.501+0000] {processor.py:161} INFO - Started process (PID=235) to work on /home/airflow/.local/lib/python3.12/site-packages/airflow/example_dags/example_external_task_marker_dag.py
[2025-12-14T16:55:43.506+0000] {processor.py:830} INFO - Processing file /home/airflow/.local/lib/python3.12/site-packages/airflow/example_dags/example_external_task_marker_dag.py for tasks to queue
[2025-12-14T16:55:43.513+0000] {logging_mixin.py:188} INFO - [2025-12-14T16:55:43.512+0000] {dagbag.py:540} INFO - Filling up the DagBag from /home/airflow/.local/lib/python3.12/site-packages/airflow/example_dags/example_external_task_marker_dag.py
[2025-12-14T16:55:43.527+0000] {processor.py:840} INFO - DAG(s) 'example_external_task_marker_child', 'example_external_task_marker_parent' retrieved from /home/airflow/.local/lib/python3.12/site-packages/airflow/example_dags/example_external_task_marker_dag.py
[2025-12-14T16:55:43.565+0000] {logging_mixin.py:188} INFO - [2025-12-14T16:55:43.565+0000] {dag.py:3096} INFO - Sync 2 DAGs
[2025-12-14T16:55:43.590+0000] {logging_mixin.py:188} INFO - [2025-12-14T16:55:43.590+0000] {dag.py:3954} INFO - Setting next_dagrun for example_external_task_marker_child to None, run_after=None
[2025-12-14T16:55:43.596+0000] {logging_mixin.py:188} INFO - [2025-12-14T16:55:43.596+0000] {dag.py:3954} INFO - Setting next_dagrun for example_external_task_marker_parent to None, run_after=None
[2025-12-14T16:55:43.622+0000] {processor.py:183} INFO - Processing /home/airflow/.local/lib/python3.12/site-packages/airflow/example_dags/example_external_task_marker_dag.py took 0.145 seconds
[2025-12-14T16:56:13.710+0000] {processor.py:161} INFO - Started process (PID=306) to work on /home/airflow/.local/lib/python3.12/site-packages/airflow/example_dags/example_external_task_marker_dag.py
[2025-12-14T16:56:13.712+0000] {processor.py:830} INFO - Processing file /home/airflow/.local/lib/python3.12/site-packages/airflow/example_dags/example_external_task_marker_dag.py for tasks to queue
[2025-12-14T16:56:13.715+0000] {logging_mixin.py:188} INFO - [2025-12-14T16:56:13.714+0000] {dagbag.py:540} INFO - Filling up the DagBag from /home/airflow/.local/lib/python3.12/site-packages/airflow/example_dags/example_external_task_marker_dag.py
[2025-12-14T16:56:13.726+0000] {processor.py:840} INFO - DAG(s) 'example_external_task_marker_child', 'example_external_task_marker_parent' retrieved from /home/airflow/.local/lib/python3.12/site-packages/airflow/example_dags/example_external_task_marker_dag.py
[2025-12-14T16:56:13.764+0000] {logging_mixin.py:188} INFO - [2025-12-14T16:56:13.764+0000] {dag.py:3096} INFO - Sync 2 DAGs
[2025-12-14T16:56:13.781+0000] {logging_mixin.py:188} INFO - [2025-12-14T16:56:13.781+0000] {dag.py:3954} INFO - Setting next_dagrun for example_external_task_marker_child to None, run_after=None
[2025-12-14T16:56:13.785+0000] {logging_mixin.py:188} INFO - [2025-12-14T16:56:13.785+0000] {dag.py:3954} INFO - Setting next_dagrun for example_external_task_marker_parent to None, run_after=None
[2025-12-14T16:56:13.813+0000] {processor.py:183} INFO - Processing /home/airflow/.local/lib/python3.12/site-packages/airflow/example_dags/example_external_task_marker_dag.py took 0.112 seconds
[2025-12-14T16:56:44.794+0000] {processor.py:161} INFO - Started process (PID=378) to work on /home/airflow/.local/lib/python3.12/site-packages/airflow/example_dags/example_external_task_marker_dag.py
[2025-12-14T16:56:44.796+0000] {processor.py:830} INFO - Processing file /home/airflow/.local/lib/python3.12/site-packages/airflow/example_dags/example_external_task_marker_dag.py for tasks to queue
[2025-12-14T16:56:44.798+0000] {logging_mixin.py:188} INFO - [2025-12-14T16:56:44.798+0000] {dagbag.py:540} INFO - Filling up the DagBag from /home/airflow/.local/lib/python3.12/site-packages/airflow/example_dags/example_external_task_marker_dag.py
[2025-12-14T16:56:44.806+0000] {processor.py:840} INFO - DAG(s) 'example_external_task_marker_child', 'example_external_task_marker_parent' retrieved from /home/airflow/.local/lib/python3.12/site-packages/airflow/example_dags/example_external_task_marker_dag.py
[2025-12-14T16:56:44.834+0000] {logging_mixin.py:188} INFO - [2025-12-14T16:56:44.833+0000] {dag.py:3096} INFO - Sync 2 DAGs
[2025-12-14T16:56:44.851+0000] {logging_mixin.py:188} INFO - [2025-12-14T16:56:44.851+0000] {dag.py:3954} INFO - Setting next_dagrun for example_external_task_marker_child to None, run_after=None
[2025-12-14T16:56:44.856+0000] {logging_mixin.py:188} INFO - [2025-12-14T16:56:44.855+0000] {dag.py:3954} INFO - Setting next_dagrun for example_external_task_marker_parent to None, run_after=None
[2025-12-14T16:56:44.879+0000] {processor.py:183} INFO - Processing /home/airflow/.local/lib/python3.12/site-packages/airflow/example_dags/example_external_task_marker_dag.py took 0.092 seconds
[2025-12-14T16:57:16.311+0000] {processor.py:161} INFO - Started process (PID=449) to work on /home/airflow/.local/lib/python3.12/site-packages/airflow/example_dags/example_external_task_marker_dag.py
[2025-12-14T16:57:16.313+0000] {processor.py:830} INFO - Processing file /home/airflow/.local/lib/python3.12/site-packages/airflow/example_dags/example_external_task_marker_dag.py for tasks to queue
[2025-12-14T16:57:16.316+0000] {logging_mixin.py:188} INFO - [2025-12-14T16:57:16.315+0000] {dagbag.py:540} INFO - Filling up the DagBag from /home/airflow/.local/lib/python3.12/site-packages/airflow/example_dags/example_external_task_marker_dag.py
[2025-12-14T16:57:16.329+0000] {processor.py:840} INFO - DAG(s) 'example_external_task_marker_parent', 'example_external_task_marker_child' retrieved from /home/airflow/.local/lib/python3.12/site-packages/airflow/example_dags/example_external_task_marker_dag.py
[2025-12-14T16:57:16.372+0000] {logging_mixin.py:188} INFO - [2025-12-14T16:57:16.372+0000] {dag.py:3096} INFO - Sync 2 DAGs
[2025-12-14T16:57:16.401+0000] {logging_mixin.py:188} INFO - [2025-12-14T16:57:16.400+0000] {dag.py:3954} INFO - Setting next_dagrun for example_external_task_marker_child to None, run_after=None
[2025-12-14T16:57:16.409+0000] {logging_mixin.py:188} INFO - [2025-12-14T16:57:16.408+0000] {dag.py:3954} INFO - Setting next_dagrun for example_external_task_marker_parent to None, run_after=None
[2025-12-14T16:57:16.432+0000] {processor.py:183} INFO - Processing /home/airflow/.local/lib/python3.12/site-packages/airflow/example_dags/example_external_task_marker_dag.py took 0.131 seconds
[2025-12-14T16:58:37.315+0000] {processor.py:161} INFO - Started process (PID=112) to work on /home/airflow/.local/lib/python3.12/site-packages/airflow/example_dags/example_external_task_marker_dag.py
[2025-12-14T16:58:37.317+0000] {processor.py:830} INFO - Processing file /home/airflow/.local/lib/python3.12/site-packages/airflow/example_dags/example_external_task_marker_dag.py for tasks to queue
[2025-12-14T16:58:37.320+0000] {logging_mixin.py:188} INFO - [2025-12-14T16:58:37.319+0000] {dagbag.py:540} INFO - Filling up the DagBag from /home/airflow/.local/lib/python3.12/site-packages/airflow/example_dags/example_external_task_marker_dag.py
[2025-12-14T16:58:37.329+0000] {processor.py:840} INFO - DAG(s) 'example_external_task_marker_child', 'example_external_task_marker_parent' retrieved from /home/airflow/.local/lib/python3.12/site-packages/airflow/example_dags/example_external_task_marker_dag.py
[2025-12-14T16:58:37.488+0000] {logging_mixin.py:188} INFO - [2025-12-14T16:58:37.487+0000] {dag.py:3096} INFO - Sync 2 DAGs
[2025-12-14T16:58:37.504+0000] {logging_mixin.py:188} INFO - [2025-12-14T16:58:37.504+0000] {dag.py:3954} INFO - Setting next_dagrun for example_external_task_marker_child to None, run_after=None
[2025-12-14T16:58:37.509+0000] {logging_mixin.py:188} INFO - [2025-12-14T16:58:37.509+0000] {dag.py:3954} INFO - Setting next_dagrun for example_external_task_marker_parent to None, run_after=None
[2025-12-14T16:58:37.539+0000] {processor.py:183} INFO - Processing /home/airflow/.local/lib/python3.12/site-packages/airflow/example_dags/example_external_task_marker_dag.py took 0.233 seconds
[2025-12-14T16:59:08.118+0000] {processor.py:161} INFO - Started process (PID=172) to work on /home/airflow/.local/lib/python3.12/site-packages/airflow/example_dags/example_external_task_marker_dag.py
[2025-12-14T16:59:08.120+0000] {processor.py:830} INFO - Processing file /home/airflow/.local/lib/python3.12/site-packages/airflow/example_dags/example_external_task_marker_dag.py for tasks to queue
[2025-12-14T16:59:08.123+0000] {logging_mixin.py:188} INFO - [2025-12-14T16:59:08.122+0000] {dagbag.py:540} INFO - Filling up the DagBag from /home/airflow/.local/lib/python3.12/site-packages/airflow/example_dags/example_external_task_marker_dag.py
[2025-12-14T16:59:08.132+0000] {processor.py:840} INFO - DAG(s) 'example_external_task_marker_child', 'example_external_task_marker_parent' retrieved from /home/airflow/.local/lib/python3.12/site-packages/airflow/example_dags/example_external_task_marker_dag.py
[2025-12-14T16:59:08.161+0000] {logging_mixin.py:188} INFO - [2025-12-14T16:59:08.161+0000] {dag.py:3096} INFO - Sync 2 DAGs
[2025-12-14T16:59:08.176+0000] {logging_mixin.py:188} INFO - [2025-12-14T16:59:08.176+0000] {dag.py:3954} INFO - Setting next_dagrun for example_external_task_marker_child to None, run_after=None
[2025-12-14T16:59:08.181+0000] {logging_mixin.py:188} INFO - [2025-12-14T16:59:08.180+0000] {dag.py:3954} INFO - Setting next_dagrun for example_external_task_marker_parent to None, run_after=None
[2025-12-14T16:59:08.198+0000] {processor.py:183} INFO - Processing /home/airflow/.local/lib/python3.12/site-packages/airflow/example_dags/example_external_task_marker_dag.py took 0.093 seconds
[2025-12-14T16:59:38.305+0000] {processor.py:161} INFO - Started process (PID=232) to work on /home/airflow/.local/lib/python3.12/site-packages/airflow/example_dags/example_external_task_marker_dag.py
[2025-12-14T16:59:38.307+0000] {processor.py:830} INFO - Processing file /home/airflow/.local/lib/python3.12/site-packages/airflow/example_dags/example_external_task_marker_dag.py for tasks to queue
[2025-12-14T16:59:38.309+0000] {logging_mixin.py:188} INFO - [2025-12-14T16:59:38.308+0000] {dagbag.py:540} INFO - Filling up the DagBag from /home/airflow/.local/lib/python3.12/site-packages/airflow/example_dags/example_external_task_marker_dag.py
[2025-12-14T16:59:38.318+0000] {processor.py:840} INFO - DAG(s) 'example_external_task_marker_parent', 'example_external_task_marker_child' retrieved from /home/airflow/.local/lib/python3.12/site-packages/airflow/example_dags/example_external_task_marker_dag.py
[2025-12-14T16:59:38.388+0000] {logging_mixin.py:188} INFO - [2025-12-14T16:59:38.388+0000] {dag.py:3096} INFO - Sync 2 DAGs
[2025-12-14T16:59:38.434+0000] {logging_mixin.py:188} INFO - [2025-12-14T16:59:38.433+0000] {dag.py:3954} INFO - Setting next_dagrun for example_external_task_marker_child to None, run_after=None
[2025-12-14T16:59:38.444+0000] {logging_mixin.py:188} INFO - [2025-12-14T16:59:38.444+0000] {dag.py:3954} INFO - Setting next_dagrun for example_external_task_marker_parent to None, run_after=None
[2025-12-14T16:59:38.490+0000] {processor.py:183} INFO - Processing /home/airflow/.local/lib/python3.12/site-packages/airflow/example_dags/example_external_task_marker_dag.py took 0.194 seconds
[2025-12-14T17:00:08.903+0000] {processor.py:161} INFO - Started process (PID=292) to work on /home/airflow/.local/lib/python3.12/site-packages/airflow/example_dags/example_external_task_marker_dag.py
[2025-12-14T17:00:08.904+0000] {processor.py:830} INFO - Processing file /home/airflow/.local/lib/python3.12/site-packages/airflow/example_dags/example_external_task_marker_dag.py for tasks to queue
[2025-12-14T17:00:08.905+0000] {logging_mixin.py:188} INFO - [2025-12-14T17:00:08.905+0000] {dagbag.py:540} INFO - Filling up the DagBag from /home/airflow/.local/lib/python3.12/site-packages/airflow/example_dags/example_external_task_marker_dag.py
[2025-12-14T17:00:08.913+0000] {processor.py:840} INFO - DAG(s) 'example_external_task_marker_parent', 'example_external_task_marker_child' retrieved from /home/airflow/.local/lib/python3.12/site-packages/airflow/example_dags/example_external_task_marker_dag.py
[2025-12-14T17:00:08.946+0000] {logging_mixin.py:188} INFO - [2025-12-14T17:00:08.946+0000] {dag.py:3096} INFO - Sync 2 DAGs
[2025-12-14T17:00:08.963+0000] {logging_mixin.py:188} INFO - [2025-12-14T17:00:08.963+0000] {dag.py:3954} INFO - Setting next_dagrun for example_external_task_marker_child to None, run_after=None
[2025-12-14T17:00:08.969+0000] {logging_mixin.py:188} INFO - [2025-12-14T17:00:08.968+0000] {dag.py:3954} INFO - Setting next_dagrun for example_external_task_marker_parent to None, run_after=None
[2025-12-14T17:00:08.992+0000] {processor.py:183} INFO - Processing /home/airflow/.local/lib/python3.12/site-packages/airflow/example_dags/example_external_task_marker_dag.py took 0.097 seconds
[2025-12-14T17:00:41.379+0000] {processor.py:161} INFO - Started process (PID=352) to work on /home/airflow/.local/lib/python3.12/site-packages/airflow/example_dags/example_external_task_marker_dag.py
[2025-12-14T17:00:41.381+0000] {processor.py:830} INFO - Processing file /home/airflow/.local/lib/python3.12/site-packages/airflow/example_dags/example_external_task_marker_dag.py for tasks to queue
[2025-12-14T17:00:41.384+0000] {logging_mixin.py:188} INFO - [2025-12-14T17:00:41.383+0000] {dagbag.py:540} INFO - Filling up the DagBag from /home/airflow/.local/lib/python3.12/site-packages/airflow/example_dags/example_external_task_marker_dag.py
[2025-12-14T17:00:41.395+0000] {processor.py:840} INFO - DAG(s) 'example_external_task_marker_child', 'example_external_task_marker_parent' retrieved from /home/airflow/.local/lib/python3.12/site-packages/airflow/example_dags/example_external_task_marker_dag.py
[2025-12-14T17:00:41.429+0000] {logging_mixin.py:188} INFO - [2025-12-14T17:00:41.428+0000] {dag.py:3096} INFO - Sync 2 DAGs
[2025-12-14T17:00:41.449+0000] {logging_mixin.py:188} INFO - [2025-12-14T17:00:41.449+0000] {dag.py:3954} INFO - Setting next_dagrun for example_external_task_marker_child to None, run_after=None
[2025-12-14T17:00:41.456+0000] {logging_mixin.py:188} INFO - [2025-12-14T17:00:41.455+0000] {dag.py:3954} INFO - Setting next_dagrun for example_external_task_marker_parent to None, run_after=None
[2025-12-14T17:00:41.479+0000] {processor.py:183} INFO - Processing /home/airflow/.local/lib/python3.12/site-packages/airflow/example_dags/example_external_task_marker_dag.py took 0.111 seconds
[2025-12-14T17:02:56.839+0000] {processor.py:161} INFO - Started process (PID=150) to work on /home/airflow/.local/lib/python3.12/site-packages/airflow/example_dags/example_external_task_marker_dag.py
[2025-12-14T17:02:56.841+0000] {processor.py:830} INFO - Processing file /home/airflow/.local/lib/python3.12/site-packages/airflow/example_dags/example_external_task_marker_dag.py for tasks to queue
[2025-12-14T17:02:56.844+0000] {logging_mixin.py:188} INFO - [2025-12-14T17:02:56.844+0000] {dagbag.py:540} INFO - Filling up the DagBag from /home/airflow/.local/lib/python3.12/site-packages/airflow/example_dags/example_external_task_marker_dag.py
[2025-12-14T17:02:56.862+0000] {processor.py:840} INFO - DAG(s) 'example_external_task_marker_parent', 'example_external_task_marker_child' retrieved from /home/airflow/.local/lib/python3.12/site-packages/airflow/example_dags/example_external_task_marker_dag.py
[2025-12-14T17:02:57.110+0000] {logging_mixin.py:188} INFO - [2025-12-14T17:02:57.110+0000] {dag.py:3096} INFO - Sync 2 DAGs
[2025-12-14T17:02:57.137+0000] {logging_mixin.py:188} INFO - [2025-12-14T17:02:57.137+0000] {dag.py:3954} INFO - Setting next_dagrun for example_external_task_marker_child to None, run_after=None
[2025-12-14T17:02:57.144+0000] {logging_mixin.py:188} INFO - [2025-12-14T17:02:57.144+0000] {dag.py:3954} INFO - Setting next_dagrun for example_external_task_marker_parent to None, run_after=None
[2025-12-14T17:02:57.207+0000] {processor.py:183} INFO - Processing /home/airflow/.local/lib/python3.12/site-packages/airflow/example_dags/example_external_task_marker_dag.py took 0.382 seconds
[2025-12-14T17:03:28.021+0000] {processor.py:161} INFO - Started process (PID=221) to work on /home/airflow/.local/lib/python3.12/site-packages/airflow/example_dags/example_external_task_marker_dag.py
[2025-12-14T17:03:28.022+0000] {processor.py:830} INFO - Processing file /home/airflow/.local/lib/python3.12/site-packages/airflow/example_dags/example_external_task_marker_dag.py for tasks to queue
[2025-12-14T17:03:28.025+0000] {logging_mixin.py:188} INFO - [2025-12-14T17:03:28.025+0000] {dagbag.py:540} INFO - Filling up the DagBag from /home/airflow/.local/lib/python3.12/site-packages/airflow/example_dags/example_external_task_marker_dag.py
[2025-12-14T17:03:28.032+0000] {processor.py:840} INFO - DAG(s) 'example_external_task_marker_child', 'example_external_task_marker_parent' retrieved from /home/airflow/.local/lib/python3.12/site-packages/airflow/example_dags/example_external_task_marker_dag.py
[2025-12-14T17:03:28.062+0000] {logging_mixin.py:188} INFO - [2025-12-14T17:03:28.061+0000] {dag.py:3096} INFO - Sync 2 DAGs
[2025-12-14T17:03:28.076+0000] {logging_mixin.py:188} INFO - [2025-12-14T17:03:28.076+0000] {dag.py:3954} INFO - Setting next_dagrun for example_external_task_marker_child to None, run_after=None
[2025-12-14T17:03:28.081+0000] {logging_mixin.py:188} INFO - [2025-12-14T17:03:28.081+0000] {dag.py:3954} INFO - Setting next_dagrun for example_external_task_marker_parent to None, run_after=None
[2025-12-14T17:03:28.108+0000] {processor.py:183} INFO - Processing /home/airflow/.local/lib/python3.12/site-packages/airflow/example_dags/example_external_task_marker_dag.py took 0.093 seconds
[2025-12-14T17:03:58.912+0000] {processor.py:161} INFO - Started process (PID=292) to work on /home/airflow/.local/lib/python3.12/site-packages/airflow/example_dags/example_external_task_marker_dag.py
[2025-12-14T17:03:58.914+0000] {processor.py:830} INFO - Processing file /home/airflow/.local/lib/python3.12/site-packages/airflow/example_dags/example_external_task_marker_dag.py for tasks to queue
[2025-12-14T17:03:58.917+0000] {logging_mixin.py:188} INFO - [2025-12-14T17:03:58.916+0000] {dagbag.py:540} INFO - Filling up the DagBag from /home/airflow/.local/lib/python3.12/site-packages/airflow/example_dags/example_external_task_marker_dag.py
[2025-12-14T17:03:58.925+0000] {processor.py:840} INFO - DAG(s) 'example_external_task_marker_child', 'example_external_task_marker_parent' retrieved from /home/airflow/.local/lib/python3.12/site-packages/airflow/example_dags/example_external_task_marker_dag.py
[2025-12-14T17:03:58.955+0000] {logging_mixin.py:188} INFO - [2025-12-14T17:03:58.954+0000] {dag.py:3096} INFO - Sync 2 DAGs
[2025-12-14T17:03:58.970+0000] {logging_mixin.py:188} INFO - [2025-12-14T17:03:58.970+0000] {dag.py:3954} INFO - Setting next_dagrun for example_external_task_marker_child to None, run_after=None
[2025-12-14T17:03:58.975+0000] {logging_mixin.py:188} INFO - [2025-12-14T17:03:58.975+0000] {dag.py:3954} INFO - Setting next_dagrun for example_external_task_marker_parent to None, run_after=None
[2025-12-14T17:03:58.995+0000] {processor.py:183} INFO - Processing /home/airflow/.local/lib/python3.12/site-packages/airflow/example_dags/example_external_task_marker_dag.py took 0.090 seconds
[2025-12-14T17:04:29.472+0000] {processor.py:161} INFO - Started process (PID=363) to work on /home/airflow/.local/lib/python3.12/site-packages/airflow/example_dags/example_external_task_marker_dag.py
[2025-12-14T17:04:29.474+0000] {processor.py:830} INFO - Processing file /home/airflow/.local/lib/python3.12/site-packages/airflow/example_dags/example_external_task_marker_dag.py for tasks to queue
[2025-12-14T17:04:29.479+0000] {logging_mixin.py:188} INFO - [2025-12-14T17:04:29.478+0000] {dagbag.py:540} INFO - Filling up the DagBag from /home/airflow/.local/lib/python3.12/site-packages/airflow/example_dags/example_external_task_marker_dag.py
[2025-12-14T17:04:29.492+0000] {processor.py:840} INFO - DAG(s) 'example_external_task_marker_child', 'example_external_task_marker_parent' retrieved from /home/airflow/.local/lib/python3.12/site-packages/airflow/example_dags/example_external_task_marker_dag.py
[2025-12-14T17:04:29.544+0000] {logging_mixin.py:188} INFO - [2025-12-14T17:04:29.543+0000] {dag.py:3096} INFO - Sync 2 DAGs
[2025-12-14T17:04:29.567+0000] {logging_mixin.py:188} INFO - [2025-12-14T17:04:29.566+0000] {dag.py:3954} INFO - Setting next_dagrun for example_external_task_marker_child to None, run_after=None
[2025-12-14T17:04:29.574+0000] {logging_mixin.py:188} INFO - [2025-12-14T17:04:29.573+0000] {dag.py:3954} INFO - Setting next_dagrun for example_external_task_marker_parent to None, run_after=None
[2025-12-14T17:04:29.602+0000] {processor.py:183} INFO - Processing /home/airflow/.local/lib/python3.12/site-packages/airflow/example_dags/example_external_task_marker_dag.py took 0.147 seconds
[2025-12-14T17:07:20.127+0000] {processor.py:161} INFO - Started process (PID=141) to work on /home/airflow/.local/lib/python3.12/site-packages/airflow/example_dags/example_external_task_marker_dag.py
[2025-12-14T17:07:20.129+0000] {processor.py:830} INFO - Processing file /home/airflow/.local/lib/python3.12/site-packages/airflow/example_dags/example_external_task_marker_dag.py for tasks to queue
[2025-12-14T17:07:20.131+0000] {logging_mixin.py:188} INFO - [2025-12-14T17:07:20.131+0000] {dagbag.py:540} INFO - Filling up the DagBag from /home/airflow/.local/lib/python3.12/site-packages/airflow/example_dags/example_external_task_marker_dag.py
[2025-12-14T17:07:20.141+0000] {processor.py:840} INFO - DAG(s) 'example_external_task_marker_parent', 'example_external_task_marker_child' retrieved from /home/airflow/.local/lib/python3.12/site-packages/airflow/example_dags/example_external_task_marker_dag.py
[2025-12-14T17:07:20.307+0000] {logging_mixin.py:188} INFO - [2025-12-14T17:07:20.307+0000] {dag.py:3096} INFO - Sync 2 DAGs
[2025-12-14T17:07:20.327+0000] {logging_mixin.py:188} INFO - [2025-12-14T17:07:20.326+0000] {dag.py:3954} INFO - Setting next_dagrun for example_external_task_marker_child to None, run_after=None
[2025-12-14T17:07:20.331+0000] {logging_mixin.py:188} INFO - [2025-12-14T17:07:20.331+0000] {dag.py:3954} INFO - Setting next_dagrun for example_external_task_marker_parent to None, run_after=None
[2025-12-14T17:07:20.356+0000] {processor.py:183} INFO - Processing /home/airflow/.local/lib/python3.12/site-packages/airflow/example_dags/example_external_task_marker_dag.py took 0.237 seconds
[2025-12-14T17:07:50.663+0000] {processor.py:161} INFO - Started process (PID=212) to work on /home/airflow/.local/lib/python3.12/site-packages/airflow/example_dags/example_external_task_marker_dag.py
[2025-12-14T17:07:50.665+0000] {processor.py:830} INFO - Processing file /home/airflow/.local/lib/python3.12/site-packages/airflow/example_dags/example_external_task_marker_dag.py for tasks to queue
[2025-12-14T17:07:50.669+0000] {logging_mixin.py:188} INFO - [2025-12-14T17:07:50.669+0000] {dagbag.py:540} INFO - Filling up the DagBag from /home/airflow/.local/lib/python3.12/site-packages/airflow/example_dags/example_external_task_marker_dag.py
[2025-12-14T17:07:50.680+0000] {processor.py:840} INFO - DAG(s) 'example_external_task_marker_parent', 'example_external_task_marker_child' retrieved from /home/airflow/.local/lib/python3.12/site-packages/airflow/example_dags/example_external_task_marker_dag.py
[2025-12-14T17:07:50.713+0000] {logging_mixin.py:188} INFO - [2025-12-14T17:07:50.713+0000] {dag.py:3096} INFO - Sync 2 DAGs
[2025-12-14T17:07:50.732+0000] {logging_mixin.py:188} INFO - [2025-12-14T17:07:50.732+0000] {dag.py:3954} INFO - Setting next_dagrun for example_external_task_marker_child to None, run_after=None
[2025-12-14T17:07:50.737+0000] {logging_mixin.py:188} INFO - [2025-12-14T17:07:50.736+0000] {dag.py:3954} INFO - Setting next_dagrun for example_external_task_marker_parent to None, run_after=None
[2025-12-14T17:07:50.760+0000] {processor.py:183} INFO - Processing /home/airflow/.local/lib/python3.12/site-packages/airflow/example_dags/example_external_task_marker_dag.py took 0.104 seconds
[2025-12-14T17:08:21.803+0000] {processor.py:161} INFO - Started process (PID=283) to work on /home/airflow/.local/lib/python3.12/site-packages/airflow/example_dags/example_external_task_marker_dag.py
[2025-12-14T17:08:21.805+0000] {processor.py:830} INFO - Processing file /home/airflow/.local/lib/python3.12/site-packages/airflow/example_dags/example_external_task_marker_dag.py for tasks to queue
[2025-12-14T17:08:21.808+0000] {logging_mixin.py:188} INFO - [2025-12-14T17:08:21.807+0000] {dagbag.py:540} INFO - Filling up the DagBag from /home/airflow/.local/lib/python3.12/site-packages/airflow/example_dags/example_external_task_marker_dag.py
[2025-12-14T17:08:21.823+0000] {processor.py:840} INFO - DAG(s) 'example_external_task_marker_parent', 'example_external_task_marker_child' retrieved from /home/airflow/.local/lib/python3.12/site-packages/airflow/example_dags/example_external_task_marker_dag.py
[2025-12-14T17:08:21.875+0000] {logging_mixin.py:188} INFO - [2025-12-14T17:08:21.875+0000] {dag.py:3096} INFO - Sync 2 DAGs
[2025-12-14T17:08:21.905+0000] {logging_mixin.py:188} INFO - [2025-12-14T17:08:21.904+0000] {dag.py:3954} INFO - Setting next_dagrun for example_external_task_marker_child to None, run_after=None
[2025-12-14T17:08:21.911+0000] {logging_mixin.py:188} INFO - [2025-12-14T17:08:21.911+0000] {dag.py:3954} INFO - Setting next_dagrun for example_external_task_marker_parent to None, run_after=None
[2025-12-14T17:08:21.944+0000] {processor.py:183} INFO - Processing /home/airflow/.local/lib/python3.12/site-packages/airflow/example_dags/example_external_task_marker_dag.py took 0.153 seconds
[2025-12-14T17:08:54.121+0000] {processor.py:161} INFO - Started process (PID=355) to work on /home/airflow/.local/lib/python3.12/site-packages/airflow/example_dags/example_external_task_marker_dag.py
[2025-12-14T17:08:54.123+0000] {processor.py:830} INFO - Processing file /home/airflow/.local/lib/python3.12/site-packages/airflow/example_dags/example_external_task_marker_dag.py for tasks to queue
[2025-12-14T17:08:54.126+0000] {logging_mixin.py:188} INFO - [2025-12-14T17:08:54.125+0000] {dagbag.py:540} INFO - Filling up the DagBag from /home/airflow/.local/lib/python3.12/site-packages/airflow/example_dags/example_external_task_marker_dag.py
[2025-12-14T17:08:54.134+0000] {processor.py:840} INFO - DAG(s) 'example_external_task_marker_parent', 'example_external_task_marker_child' retrieved from /home/airflow/.local/lib/python3.12/site-packages/airflow/example_dags/example_external_task_marker_dag.py
[2025-12-14T17:08:54.163+0000] {logging_mixin.py:188} INFO - [2025-12-14T17:08:54.163+0000] {dag.py:3096} INFO - Sync 2 DAGs
[2025-12-14T17:08:54.179+0000] {logging_mixin.py:188} INFO - [2025-12-14T17:08:54.179+0000] {dag.py:3954} INFO - Setting next_dagrun for example_external_task_marker_child to None, run_after=None
[2025-12-14T17:08:54.183+0000] {logging_mixin.py:188} INFO - [2025-12-14T17:08:54.183+0000] {dag.py:3954} INFO - Setting next_dagrun for example_external_task_marker_parent to None, run_after=None
[2025-12-14T17:08:54.206+0000] {processor.py:183} INFO - Processing /home/airflow/.local/lib/python3.12/site-packages/airflow/example_dags/example_external_task_marker_dag.py took 0.093 seconds
[2025-12-14T17:09:25.854+0000] {processor.py:161} INFO - Started process (PID=426) to work on /home/airflow/.local/lib/python3.12/site-packages/airflow/example_dags/example_external_task_marker_dag.py
[2025-12-14T17:09:25.856+0000] {processor.py:830} INFO - Processing file /home/airflow/.local/lib/python3.12/site-packages/airflow/example_dags/example_external_task_marker_dag.py for tasks to queue
[2025-12-14T17:09:25.858+0000] {logging_mixin.py:188} INFO - [2025-12-14T17:09:25.858+0000] {dagbag.py:540} INFO - Filling up the DagBag from /home/airflow/.local/lib/python3.12/site-packages/airflow/example_dags/example_external_task_marker_dag.py
[2025-12-14T17:09:25.867+0000] {processor.py:840} INFO - DAG(s) 'example_external_task_marker_parent', 'example_external_task_marker_child' retrieved from /home/airflow/.local/lib/python3.12/site-packages/airflow/example_dags/example_external_task_marker_dag.py
[2025-12-14T17:09:25.898+0000] {logging_mixin.py:188} INFO - [2025-12-14T17:09:25.897+0000] {dag.py:3096} INFO - Sync 2 DAGs
[2025-12-14T17:09:25.914+0000] {logging_mixin.py:188} INFO - [2025-12-14T17:09:25.914+0000] {dag.py:3954} INFO - Setting next_dagrun for example_external_task_marker_child to None, run_after=None
[2025-12-14T17:09:25.919+0000] {logging_mixin.py:188} INFO - [2025-12-14T17:09:25.919+0000] {dag.py:3954} INFO - Setting next_dagrun for example_external_task_marker_parent to None, run_after=None
[2025-12-14T17:09:25.941+0000] {processor.py:183} INFO - Processing /home/airflow/.local/lib/python3.12/site-packages/airflow/example_dags/example_external_task_marker_dag.py took 0.095 seconds
[2025-12-14T17:09:56.799+0000] {processor.py:161} INFO - Started process (PID=497) to work on /home/airflow/.local/lib/python3.12/site-packages/airflow/example_dags/example_external_task_marker_dag.py
[2025-12-14T17:09:56.802+0000] {processor.py:830} INFO - Processing file /home/airflow/.local/lib/python3.12/site-packages/airflow/example_dags/example_external_task_marker_dag.py for tasks to queue
[2025-12-14T17:09:56.805+0000] {logging_mixin.py:188} INFO - [2025-12-14T17:09:56.804+0000] {dagbag.py:540} INFO - Filling up the DagBag from /home/airflow/.local/lib/python3.12/site-packages/airflow/example_dags/example_external_task_marker_dag.py
[2025-12-14T17:09:56.813+0000] {processor.py:840} INFO - DAG(s) 'example_external_task_marker_parent', 'example_external_task_marker_child' retrieved from /home/airflow/.local/lib/python3.12/site-packages/airflow/example_dags/example_external_task_marker_dag.py
[2025-12-14T17:09:56.841+0000] {logging_mixin.py:188} INFO - [2025-12-14T17:09:56.841+0000] {dag.py:3096} INFO - Sync 2 DAGs
[2025-12-14T17:09:56.858+0000] {logging_mixin.py:188} INFO - [2025-12-14T17:09:56.857+0000] {dag.py:3954} INFO - Setting next_dagrun for example_external_task_marker_child to None, run_after=None
[2025-12-14T17:09:56.863+0000] {logging_mixin.py:188} INFO - [2025-12-14T17:09:56.862+0000] {dag.py:3954} INFO - Setting next_dagrun for example_external_task_marker_parent to None, run_after=None
[2025-12-14T17:09:56.887+0000] {processor.py:183} INFO - Processing /home/airflow/.local/lib/python3.12/site-packages/airflow/example_dags/example_external_task_marker_dag.py took 0.096 seconds
[2025-12-14T17:10:27.527+0000] {processor.py:161} INFO - Started process (PID=568) to work on /home/airflow/.local/lib/python3.12/site-packages/airflow/example_dags/example_external_task_marker_dag.py
[2025-12-14T17:10:27.529+0000] {processor.py:830} INFO - Processing file /home/airflow/.local/lib/python3.12/site-packages/airflow/example_dags/example_external_task_marker_dag.py for tasks to queue
[2025-12-14T17:10:27.532+0000] {logging_mixin.py:188} INFO - [2025-12-14T17:10:27.531+0000] {dagbag.py:540} INFO - Filling up the DagBag from /home/airflow/.local/lib/python3.12/site-packages/airflow/example_dags/example_external_task_marker_dag.py
[2025-12-14T17:10:27.540+0000] {processor.py:840} INFO - DAG(s) 'example_external_task_marker_child', 'example_external_task_marker_parent' retrieved from /home/airflow/.local/lib/python3.12/site-packages/airflow/example_dags/example_external_task_marker_dag.py
[2025-12-14T17:10:27.569+0000] {logging_mixin.py:188} INFO - [2025-12-14T17:10:27.569+0000] {dag.py:3096} INFO - Sync 2 DAGs
[2025-12-14T17:10:27.585+0000] {logging_mixin.py:188} INFO - [2025-12-14T17:10:27.584+0000] {dag.py:3954} INFO - Setting next_dagrun for example_external_task_marker_child to None, run_after=None
[2025-12-14T17:10:27.589+0000] {logging_mixin.py:188} INFO - [2025-12-14T17:10:27.589+0000] {dag.py:3954} INFO - Setting next_dagrun for example_external_task_marker_parent to None, run_after=None
[2025-12-14T17:10:27.609+0000] {processor.py:183} INFO - Processing /home/airflow/.local/lib/python3.12/site-packages/airflow/example_dags/example_external_task_marker_dag.py took 0.090 seconds
[2025-12-14T17:10:58.082+0000] {processor.py:161} INFO - Started process (PID=639) to work on /home/airflow/.local/lib/python3.12/site-packages/airflow/example_dags/example_external_task_marker_dag.py
[2025-12-14T17:10:58.084+0000] {processor.py:830} INFO - Processing file /home/airflow/.local/lib/python3.12/site-packages/airflow/example_dags/example_external_task_marker_dag.py for tasks to queue
[2025-12-14T17:10:58.087+0000] {logging_mixin.py:188} INFO - [2025-12-14T17:10:58.086+0000] {dagbag.py:540} INFO - Filling up the DagBag from /home/airflow/.local/lib/python3.12/site-packages/airflow/example_dags/example_external_task_marker_dag.py
[2025-12-14T17:10:58.095+0000] {processor.py:840} INFO - DAG(s) 'example_external_task_marker_parent', 'example_external_task_marker_child' retrieved from /home/airflow/.local/lib/python3.12/site-packages/airflow/example_dags/example_external_task_marker_dag.py
[2025-12-14T17:10:58.127+0000] {logging_mixin.py:188} INFO - [2025-12-14T17:10:58.126+0000] {dag.py:3096} INFO - Sync 2 DAGs
[2025-12-14T17:10:58.143+0000] {logging_mixin.py:188} INFO - [2025-12-14T17:10:58.142+0000] {dag.py:3954} INFO - Setting next_dagrun for example_external_task_marker_child to None, run_after=None
[2025-12-14T17:10:58.148+0000] {logging_mixin.py:188} INFO - [2025-12-14T17:10:58.148+0000] {dag.py:3954} INFO - Setting next_dagrun for example_external_task_marker_parent to None, run_after=None
[2025-12-14T17:10:58.171+0000] {processor.py:183} INFO - Processing /home/airflow/.local/lib/python3.12/site-packages/airflow/example_dags/example_external_task_marker_dag.py took 0.101 seconds
[2025-12-14T17:11:28.717+0000] {processor.py:161} INFO - Started process (PID=710) to work on /home/airflow/.local/lib/python3.12/site-packages/airflow/example_dags/example_external_task_marker_dag.py
[2025-12-14T17:11:28.719+0000] {processor.py:830} INFO - Processing file /home/airflow/.local/lib/python3.12/site-packages/airflow/example_dags/example_external_task_marker_dag.py for tasks to queue
[2025-12-14T17:11:28.722+0000] {logging_mixin.py:188} INFO - [2025-12-14T17:11:28.722+0000] {dagbag.py:540} INFO - Filling up the DagBag from /home/airflow/.local/lib/python3.12/site-packages/airflow/example_dags/example_external_task_marker_dag.py
[2025-12-14T17:11:28.730+0000] {processor.py:840} INFO - DAG(s) 'example_external_task_marker_parent', 'example_external_task_marker_child' retrieved from /home/airflow/.local/lib/python3.12/site-packages/airflow/example_dags/example_external_task_marker_dag.py
[2025-12-14T17:11:28.761+0000] {logging_mixin.py:188} INFO - [2025-12-14T17:11:28.761+0000] {dag.py:3096} INFO - Sync 2 DAGs
[2025-12-14T17:11:28.780+0000] {logging_mixin.py:188} INFO - [2025-12-14T17:11:28.779+0000] {dag.py:3954} INFO - Setting next_dagrun for example_external_task_marker_child to None, run_after=None
[2025-12-14T17:11:28.784+0000] {logging_mixin.py:188} INFO - [2025-12-14T17:11:28.784+0000] {dag.py:3954} INFO - Setting next_dagrun for example_external_task_marker_parent to None, run_after=None
[2025-12-14T17:11:28.811+0000] {processor.py:183} INFO - Processing /home/airflow/.local/lib/python3.12/site-packages/airflow/example_dags/example_external_task_marker_dag.py took 0.101 seconds
[2025-12-14T17:11:58.937+0000] {processor.py:161} INFO - Started process (PID=781) to work on /home/airflow/.local/lib/python3.12/site-packages/airflow/example_dags/example_external_task_marker_dag.py
[2025-12-14T17:11:58.939+0000] {processor.py:830} INFO - Processing file /home/airflow/.local/lib/python3.12/site-packages/airflow/example_dags/example_external_task_marker_dag.py for tasks to queue
[2025-12-14T17:11:58.941+0000] {logging_mixin.py:188} INFO - [2025-12-14T17:11:58.941+0000] {dagbag.py:540} INFO - Filling up the DagBag from /home/airflow/.local/lib/python3.12/site-packages/airflow/example_dags/example_external_task_marker_dag.py
[2025-12-14T17:11:58.949+0000] {processor.py:840} INFO - DAG(s) 'example_external_task_marker_child', 'example_external_task_marker_parent' retrieved from /home/airflow/.local/lib/python3.12/site-packages/airflow/example_dags/example_external_task_marker_dag.py
[2025-12-14T17:11:58.974+0000] {logging_mixin.py:188} INFO - [2025-12-14T17:11:58.974+0000] {dag.py:3096} INFO - Sync 2 DAGs
[2025-12-14T17:11:58.989+0000] {logging_mixin.py:188} INFO - [2025-12-14T17:11:58.988+0000] {dag.py:3954} INFO - Setting next_dagrun for example_external_task_marker_child to None, run_after=None
[2025-12-14T17:11:58.993+0000] {logging_mixin.py:188} INFO - [2025-12-14T17:11:58.993+0000] {dag.py:3954} INFO - Setting next_dagrun for example_external_task_marker_parent to None, run_after=None
[2025-12-14T17:11:59.014+0000] {processor.py:183} INFO - Processing /home/airflow/.local/lib/python3.12/site-packages/airflow/example_dags/example_external_task_marker_dag.py took 0.084 seconds
[2025-12-14T17:12:29.338+0000] {processor.py:161} INFO - Started process (PID=852) to work on /home/airflow/.local/lib/python3.12/site-packages/airflow/example_dags/example_external_task_marker_dag.py
[2025-12-14T17:12:29.340+0000] {processor.py:830} INFO - Processing file /home/airflow/.local/lib/python3.12/site-packages/airflow/example_dags/example_external_task_marker_dag.py for tasks to queue
[2025-12-14T17:12:29.342+0000] {logging_mixin.py:188} INFO - [2025-12-14T17:12:29.342+0000] {dagbag.py:540} INFO - Filling up the DagBag from /home/airflow/.local/lib/python3.12/site-packages/airflow/example_dags/example_external_task_marker_dag.py
[2025-12-14T17:12:29.350+0000] {processor.py:840} INFO - DAG(s) 'example_external_task_marker_child', 'example_external_task_marker_parent' retrieved from /home/airflow/.local/lib/python3.12/site-packages/airflow/example_dags/example_external_task_marker_dag.py
[2025-12-14T17:12:29.382+0000] {logging_mixin.py:188} INFO - [2025-12-14T17:12:29.382+0000] {dag.py:3096} INFO - Sync 2 DAGs
[2025-12-14T17:12:29.402+0000] {logging_mixin.py:188} INFO - [2025-12-14T17:12:29.401+0000] {dag.py:3954} INFO - Setting next_dagrun for example_external_task_marker_child to None, run_after=None
[2025-12-14T17:12:29.408+0000] {logging_mixin.py:188} INFO - [2025-12-14T17:12:29.408+0000] {dag.py:3954} INFO - Setting next_dagrun for example_external_task_marker_parent to None, run_after=None
[2025-12-14T17:12:29.443+0000] {processor.py:183} INFO - Processing /home/airflow/.local/lib/python3.12/site-packages/airflow/example_dags/example_external_task_marker_dag.py took 0.114 seconds
[2025-12-14T17:12:59.849+0000] {processor.py:161} INFO - Started process (PID=924) to work on /home/airflow/.local/lib/python3.12/site-packages/airflow/example_dags/example_external_task_marker_dag.py
[2025-12-14T17:12:59.850+0000] {processor.py:830} INFO - Processing file /home/airflow/.local/lib/python3.12/site-packages/airflow/example_dags/example_external_task_marker_dag.py for tasks to queue
[2025-12-14T17:12:59.852+0000] {logging_mixin.py:188} INFO - [2025-12-14T17:12:59.852+0000] {dagbag.py:540} INFO - Filling up the DagBag from /home/airflow/.local/lib/python3.12/site-packages/airflow/example_dags/example_external_task_marker_dag.py
[2025-12-14T17:12:59.860+0000] {processor.py:840} INFO - DAG(s) 'example_external_task_marker_child', 'example_external_task_marker_parent' retrieved from /home/airflow/.local/lib/python3.12/site-packages/airflow/example_dags/example_external_task_marker_dag.py
[2025-12-14T17:12:59.887+0000] {logging_mixin.py:188} INFO - [2025-12-14T17:12:59.887+0000] {dag.py:3096} INFO - Sync 2 DAGs
[2025-12-14T17:12:59.902+0000] {logging_mixin.py:188} INFO - [2025-12-14T17:12:59.902+0000] {dag.py:3954} INFO - Setting next_dagrun for example_external_task_marker_child to None, run_after=None
[2025-12-14T17:12:59.907+0000] {logging_mixin.py:188} INFO - [2025-12-14T17:12:59.907+0000] {dag.py:3954} INFO - Setting next_dagrun for example_external_task_marker_parent to None, run_after=None
[2025-12-14T17:12:59.933+0000] {processor.py:183} INFO - Processing /home/airflow/.local/lib/python3.12/site-packages/airflow/example_dags/example_external_task_marker_dag.py took 0.091 seconds
[2025-12-14T17:13:30.089+0000] {processor.py:161} INFO - Started process (PID=995) to work on /home/airflow/.local/lib/python3.12/site-packages/airflow/example_dags/example_external_task_marker_dag.py
[2025-12-14T17:13:30.090+0000] {processor.py:830} INFO - Processing file /home/airflow/.local/lib/python3.12/site-packages/airflow/example_dags/example_external_task_marker_dag.py for tasks to queue
[2025-12-14T17:13:30.093+0000] {logging_mixin.py:188} INFO - [2025-12-14T17:13:30.092+0000] {dagbag.py:540} INFO - Filling up the DagBag from /home/airflow/.local/lib/python3.12/site-packages/airflow/example_dags/example_external_task_marker_dag.py
[2025-12-14T17:13:30.100+0000] {processor.py:840} INFO - DAG(s) 'example_external_task_marker_parent', 'example_external_task_marker_child' retrieved from /home/airflow/.local/lib/python3.12/site-packages/airflow/example_dags/example_external_task_marker_dag.py
[2025-12-14T17:13:30.127+0000] {logging_mixin.py:188} INFO - [2025-12-14T17:13:30.126+0000] {dag.py:3096} INFO - Sync 2 DAGs
[2025-12-14T17:13:30.143+0000] {logging_mixin.py:188} INFO - [2025-12-14T17:13:30.143+0000] {dag.py:3954} INFO - Setting next_dagrun for example_external_task_marker_child to None, run_after=None
[2025-12-14T17:13:30.150+0000] {logging_mixin.py:188} INFO - [2025-12-14T17:13:30.150+0000] {dag.py:3954} INFO - Setting next_dagrun for example_external_task_marker_parent to None, run_after=None
[2025-12-14T17:13:30.172+0000] {processor.py:183} INFO - Processing /home/airflow/.local/lib/python3.12/site-packages/airflow/example_dags/example_external_task_marker_dag.py took 0.091 seconds
[2025-12-14T17:14:00.307+0000] {processor.py:161} INFO - Started process (PID=1065) to work on /home/airflow/.local/lib/python3.12/site-packages/airflow/example_dags/example_external_task_marker_dag.py
[2025-12-14T17:14:00.309+0000] {processor.py:830} INFO - Processing file /home/airflow/.local/lib/python3.12/site-packages/airflow/example_dags/example_external_task_marker_dag.py for tasks to queue
[2025-12-14T17:14:00.312+0000] {logging_mixin.py:188} INFO - [2025-12-14T17:14:00.311+0000] {dagbag.py:540} INFO - Filling up the DagBag from /home/airflow/.local/lib/python3.12/site-packages/airflow/example_dags/example_external_task_marker_dag.py
[2025-12-14T17:14:00.320+0000] {processor.py:840} INFO - DAG(s) 'example_external_task_marker_child', 'example_external_task_marker_parent' retrieved from /home/airflow/.local/lib/python3.12/site-packages/airflow/example_dags/example_external_task_marker_dag.py
[2025-12-14T17:14:00.352+0000] {logging_mixin.py:188} INFO - [2025-12-14T17:14:00.351+0000] {dag.py:3096} INFO - Sync 2 DAGs
[2025-12-14T17:14:00.369+0000] {logging_mixin.py:188} INFO - [2025-12-14T17:14:00.369+0000] {dag.py:3954} INFO - Setting next_dagrun for example_external_task_marker_child to None, run_after=None
[2025-12-14T17:14:00.375+0000] {logging_mixin.py:188} INFO - [2025-12-14T17:14:00.375+0000] {dag.py:3954} INFO - Setting next_dagrun for example_external_task_marker_parent to None, run_after=None
[2025-12-14T17:14:00.399+0000] {processor.py:183} INFO - Processing /home/airflow/.local/lib/python3.12/site-packages/airflow/example_dags/example_external_task_marker_dag.py took 0.100 seconds
[2025-12-14T17:14:30.835+0000] {processor.py:161} INFO - Started process (PID=1137) to work on /home/airflow/.local/lib/python3.12/site-packages/airflow/example_dags/example_external_task_marker_dag.py
[2025-12-14T17:14:30.836+0000] {processor.py:830} INFO - Processing file /home/airflow/.local/lib/python3.12/site-packages/airflow/example_dags/example_external_task_marker_dag.py for tasks to queue
[2025-12-14T17:14:30.839+0000] {logging_mixin.py:188} INFO - [2025-12-14T17:14:30.838+0000] {dagbag.py:540} INFO - Filling up the DagBag from /home/airflow/.local/lib/python3.12/site-packages/airflow/example_dags/example_external_task_marker_dag.py
[2025-12-14T17:14:30.846+0000] {processor.py:840} INFO - DAG(s) 'example_external_task_marker_child', 'example_external_task_marker_parent' retrieved from /home/airflow/.local/lib/python3.12/site-packages/airflow/example_dags/example_external_task_marker_dag.py
[2025-12-14T17:14:30.875+0000] {logging_mixin.py:188} INFO - [2025-12-14T17:14:30.875+0000] {dag.py:3096} INFO - Sync 2 DAGs
[2025-12-14T17:14:30.890+0000] {logging_mixin.py:188} INFO - [2025-12-14T17:14:30.890+0000] {dag.py:3954} INFO - Setting next_dagrun for example_external_task_marker_child to None, run_after=None
[2025-12-14T17:14:30.896+0000] {logging_mixin.py:188} INFO - [2025-12-14T17:14:30.896+0000] {dag.py:3954} INFO - Setting next_dagrun for example_external_task_marker_parent to None, run_after=None
[2025-12-14T17:14:30.918+0000] {processor.py:183} INFO - Processing /home/airflow/.local/lib/python3.12/site-packages/airflow/example_dags/example_external_task_marker_dag.py took 0.090 seconds
[2025-12-14T17:15:01.634+0000] {processor.py:161} INFO - Started process (PID=1208) to work on /home/airflow/.local/lib/python3.12/site-packages/airflow/example_dags/example_external_task_marker_dag.py
[2025-12-14T17:15:01.636+0000] {processor.py:830} INFO - Processing file /home/airflow/.local/lib/python3.12/site-packages/airflow/example_dags/example_external_task_marker_dag.py for tasks to queue
[2025-12-14T17:15:01.638+0000] {logging_mixin.py:188} INFO - [2025-12-14T17:15:01.638+0000] {dagbag.py:540} INFO - Filling up the DagBag from /home/airflow/.local/lib/python3.12/site-packages/airflow/example_dags/example_external_task_marker_dag.py
[2025-12-14T17:15:01.646+0000] {processor.py:840} INFO - DAG(s) 'example_external_task_marker_child', 'example_external_task_marker_parent' retrieved from /home/airflow/.local/lib/python3.12/site-packages/airflow/example_dags/example_external_task_marker_dag.py
[2025-12-14T17:15:01.674+0000] {logging_mixin.py:188} INFO - [2025-12-14T17:15:01.674+0000] {dag.py:3096} INFO - Sync 2 DAGs
[2025-12-14T17:15:01.831+0000] {logging_mixin.py:188} INFO - [2025-12-14T17:15:01.830+0000] {dag.py:3954} INFO - Setting next_dagrun for example_external_task_marker_child to None, run_after=None
[2025-12-14T17:15:01.835+0000] {logging_mixin.py:188} INFO - [2025-12-14T17:15:01.835+0000] {dag.py:3954} INFO - Setting next_dagrun for example_external_task_marker_parent to None, run_after=None
[2025-12-14T17:15:01.855+0000] {processor.py:183} INFO - Processing /home/airflow/.local/lib/python3.12/site-packages/airflow/example_dags/example_external_task_marker_dag.py took 0.228 seconds
[2025-12-14T17:15:32.817+0000] {processor.py:161} INFO - Started process (PID=1280) to work on /home/airflow/.local/lib/python3.12/site-packages/airflow/example_dags/example_external_task_marker_dag.py
[2025-12-14T17:15:32.818+0000] {processor.py:830} INFO - Processing file /home/airflow/.local/lib/python3.12/site-packages/airflow/example_dags/example_external_task_marker_dag.py for tasks to queue
[2025-12-14T17:15:32.821+0000] {logging_mixin.py:188} INFO - [2025-12-14T17:15:32.820+0000] {dagbag.py:540} INFO - Filling up the DagBag from /home/airflow/.local/lib/python3.12/site-packages/airflow/example_dags/example_external_task_marker_dag.py
[2025-12-14T17:15:32.828+0000] {processor.py:840} INFO - DAG(s) 'example_external_task_marker_parent', 'example_external_task_marker_child' retrieved from /home/airflow/.local/lib/python3.12/site-packages/airflow/example_dags/example_external_task_marker_dag.py
[2025-12-14T17:15:32.853+0000] {logging_mixin.py:188} INFO - [2025-12-14T17:15:32.853+0000] {dag.py:3096} INFO - Sync 2 DAGs
[2025-12-14T17:15:32.868+0000] {logging_mixin.py:188} INFO - [2025-12-14T17:15:32.867+0000] {dag.py:3954} INFO - Setting next_dagrun for example_external_task_marker_child to None, run_after=None
[2025-12-14T17:15:32.872+0000] {logging_mixin.py:188} INFO - [2025-12-14T17:15:32.872+0000] {dag.py:3954} INFO - Setting next_dagrun for example_external_task_marker_parent to None, run_after=None
[2025-12-14T17:15:32.893+0000] {processor.py:183} INFO - Processing /home/airflow/.local/lib/python3.12/site-packages/airflow/example_dags/example_external_task_marker_dag.py took 0.083 seconds
[2025-12-14T17:16:03.010+0000] {processor.py:161} INFO - Started process (PID=1351) to work on /home/airflow/.local/lib/python3.12/site-packages/airflow/example_dags/example_external_task_marker_dag.py
[2025-12-14T17:16:03.012+0000] {processor.py:830} INFO - Processing file /home/airflow/.local/lib/python3.12/site-packages/airflow/example_dags/example_external_task_marker_dag.py for tasks to queue
[2025-12-14T17:16:03.015+0000] {logging_mixin.py:188} INFO - [2025-12-14T17:16:03.015+0000] {dagbag.py:540} INFO - Filling up the DagBag from /home/airflow/.local/lib/python3.12/site-packages/airflow/example_dags/example_external_task_marker_dag.py
[2025-12-14T17:16:03.026+0000] {processor.py:840} INFO - DAG(s) 'example_external_task_marker_parent', 'example_external_task_marker_child' retrieved from /home/airflow/.local/lib/python3.12/site-packages/airflow/example_dags/example_external_task_marker_dag.py
[2025-12-14T17:16:03.060+0000] {logging_mixin.py:188} INFO - [2025-12-14T17:16:03.060+0000] {dag.py:3096} INFO - Sync 2 DAGs
[2025-12-14T17:16:03.077+0000] {logging_mixin.py:188} INFO - [2025-12-14T17:16:03.077+0000] {dag.py:3954} INFO - Setting next_dagrun for example_external_task_marker_child to None, run_after=None
[2025-12-14T17:16:03.083+0000] {logging_mixin.py:188} INFO - [2025-12-14T17:16:03.083+0000] {dag.py:3954} INFO - Setting next_dagrun for example_external_task_marker_parent to None, run_after=None
[2025-12-14T17:16:03.104+0000] {processor.py:183} INFO - Processing /home/airflow/.local/lib/python3.12/site-packages/airflow/example_dags/example_external_task_marker_dag.py took 0.103 seconds
