[2025-12-14T16:49:11.669+0000] {processor.py:161} INFO - Started process (PID=83) to work on /home/airflow/.local/lib/python3.12/site-packages/airflow/example_dags/example_subdag_operator.py
[2025-12-14T16:49:11.672+0000] {processor.py:830} INFO - Processing file /home/airflow/.local/lib/python3.12/site-packages/airflow/example_dags/example_subdag_operator.py for tasks to queue
[2025-12-14T16:49:11.678+0000] {logging_mixin.py:188} INFO - [2025-12-14T16:49:11.678+0000] {dagbag.py:540} INFO - Filling up the DagBag from /home/airflow/.local/lib/python3.12/site-packages/airflow/example_dags/example_subdag_operator.py
[2025-12-14T16:49:11.724+0000] {processor.py:840} INFO - DAG(s) 'example_subdag_operator.section-1', 'example_subdag_operator.section-2', 'example_subdag_operator' retrieved from /home/airflow/.local/lib/python3.12/site-packages/airflow/example_dags/example_subdag_operator.py
[2025-12-14T16:49:11.993+0000] {logging_mixin.py:188} INFO - [2025-12-14T16:49:11.993+0000] {dag.py:3096} INFO - Sync 3 DAGs
[2025-12-14T16:49:12.036+0000] {logging_mixin.py:188} INFO - [2025-12-14T16:49:12.036+0000] {dag.py:3954} INFO - Setting next_dagrun for example_subdag_operator to 2022-01-01 00:00:00+00:00, run_after=2022-01-01 00:00:00+00:00
[2025-12-14T16:49:12.043+0000] {logging_mixin.py:188} INFO - [2025-12-14T16:49:12.043+0000] {dag.py:3954} INFO - Setting next_dagrun for example_subdag_operator.section-1 to None, run_after=None
[2025-12-14T16:49:12.046+0000] {logging_mixin.py:188} INFO - [2025-12-14T16:49:12.046+0000] {dag.py:3954} INFO - Setting next_dagrun for example_subdag_operator.section-2 to None, run_after=None
[2025-12-14T16:49:12.064+0000] {logging_mixin.py:188} INFO - [2025-12-14T16:49:12.064+0000] {dag.py:3096} INFO - Sync 2 DAGs
[2025-12-14T16:49:12.075+0000] {logging_mixin.py:188} INFO - [2025-12-14T16:49:12.074+0000] {dag.py:3954} INFO - Setting next_dagrun for example_subdag_operator.section-1 to None, run_after=None
[2025-12-14T16:49:12.076+0000] {logging_mixin.py:188} INFO - [2025-12-14T16:49:12.076+0000] {dag.py:3954} INFO - Setting next_dagrun for example_subdag_operator.section-2 to None, run_after=None
[2025-12-14T16:49:12.092+0000] {processor.py:183} INFO - Processing /home/airflow/.local/lib/python3.12/site-packages/airflow/example_dags/example_subdag_operator.py took 0.436 seconds
[2025-12-14T16:49:42.340+0000] {processor.py:161} INFO - Started process (PID=148) to work on /home/airflow/.local/lib/python3.12/site-packages/airflow/example_dags/example_subdag_operator.py
[2025-12-14T16:49:42.342+0000] {processor.py:830} INFO - Processing file /home/airflow/.local/lib/python3.12/site-packages/airflow/example_dags/example_subdag_operator.py for tasks to queue
[2025-12-14T16:49:42.345+0000] {logging_mixin.py:188} INFO - [2025-12-14T16:49:42.344+0000] {dagbag.py:540} INFO - Filling up the DagBag from /home/airflow/.local/lib/python3.12/site-packages/airflow/example_dags/example_subdag_operator.py
[2025-12-14T16:49:42.373+0000] {processor.py:840} INFO - DAG(s) 'example_subdag_operator.section-1', 'example_subdag_operator.section-2', 'example_subdag_operator' retrieved from /home/airflow/.local/lib/python3.12/site-packages/airflow/example_dags/example_subdag_operator.py
[2025-12-14T16:49:42.392+0000] {logging_mixin.py:188} INFO - [2025-12-14T16:49:42.392+0000] {dag.py:3096} INFO - Sync 3 DAGs
[2025-12-14T16:49:42.418+0000] {logging_mixin.py:188} INFO - [2025-12-14T16:49:42.417+0000] {dag.py:3954} INFO - Setting next_dagrun for example_subdag_operator to 2022-01-01 00:00:00+00:00, run_after=2022-01-01 00:00:00+00:00
[2025-12-14T16:49:42.422+0000] {logging_mixin.py:188} INFO - [2025-12-14T16:49:42.422+0000] {dag.py:3954} INFO - Setting next_dagrun for example_subdag_operator.section-1 to None, run_after=None
[2025-12-14T16:49:42.425+0000] {logging_mixin.py:188} INFO - [2025-12-14T16:49:42.425+0000] {dag.py:3954} INFO - Setting next_dagrun for example_subdag_operator.section-2 to None, run_after=None
[2025-12-14T16:49:42.434+0000] {logging_mixin.py:188} INFO - [2025-12-14T16:49:42.434+0000] {dag.py:3096} INFO - Sync 2 DAGs
[2025-12-14T16:49:42.440+0000] {logging_mixin.py:188} INFO - [2025-12-14T16:49:42.440+0000] {dag.py:3954} INFO - Setting next_dagrun for example_subdag_operator.section-1 to None, run_after=None
[2025-12-14T16:49:42.441+0000] {logging_mixin.py:188} INFO - [2025-12-14T16:49:42.441+0000] {dag.py:3954} INFO - Setting next_dagrun for example_subdag_operator.section-2 to None, run_after=None
[2025-12-14T16:49:42.458+0000] {processor.py:183} INFO - Processing /home/airflow/.local/lib/python3.12/site-packages/airflow/example_dags/example_subdag_operator.py took 0.124 seconds
[2025-12-14T16:50:12.911+0000] {processor.py:161} INFO - Started process (PID=206) to work on /home/airflow/.local/lib/python3.12/site-packages/airflow/example_dags/example_subdag_operator.py
[2025-12-14T16:50:12.913+0000] {processor.py:830} INFO - Processing file /home/airflow/.local/lib/python3.12/site-packages/airflow/example_dags/example_subdag_operator.py for tasks to queue
[2025-12-14T16:50:12.917+0000] {logging_mixin.py:188} INFO - [2025-12-14T16:50:12.916+0000] {dagbag.py:540} INFO - Filling up the DagBag from /home/airflow/.local/lib/python3.12/site-packages/airflow/example_dags/example_subdag_operator.py
[2025-12-14T16:50:12.955+0000] {processor.py:840} INFO - DAG(s) 'example_subdag_operator.section-1', 'example_subdag_operator.section-2', 'example_subdag_operator' retrieved from /home/airflow/.local/lib/python3.12/site-packages/airflow/example_dags/example_subdag_operator.py
[2025-12-14T16:50:12.979+0000] {logging_mixin.py:188} INFO - [2025-12-14T16:50:12.978+0000] {dag.py:3096} INFO - Sync 3 DAGs
[2025-12-14T16:50:13.022+0000] {logging_mixin.py:188} INFO - [2025-12-14T16:50:13.022+0000] {dag.py:3954} INFO - Setting next_dagrun for example_subdag_operator to 2022-01-01 00:00:00+00:00, run_after=2022-01-01 00:00:00+00:00
[2025-12-14T16:50:13.030+0000] {logging_mixin.py:188} INFO - [2025-12-14T16:50:13.029+0000] {dag.py:3954} INFO - Setting next_dagrun for example_subdag_operator.section-1 to None, run_after=None
[2025-12-14T16:50:13.033+0000] {logging_mixin.py:188} INFO - [2025-12-14T16:50:13.032+0000] {dag.py:3954} INFO - Setting next_dagrun for example_subdag_operator.section-2 to None, run_after=None
[2025-12-14T16:50:13.047+0000] {logging_mixin.py:188} INFO - [2025-12-14T16:50:13.046+0000] {dag.py:3096} INFO - Sync 2 DAGs
[2025-12-14T16:50:13.058+0000] {logging_mixin.py:188} INFO - [2025-12-14T16:50:13.057+0000] {dag.py:3954} INFO - Setting next_dagrun for example_subdag_operator.section-1 to None, run_after=None
[2025-12-14T16:50:13.059+0000] {logging_mixin.py:188} INFO - [2025-12-14T16:50:13.058+0000] {dag.py:3954} INFO - Setting next_dagrun for example_subdag_operator.section-2 to None, run_after=None
[2025-12-14T16:50:13.081+0000] {processor.py:183} INFO - Processing /home/airflow/.local/lib/python3.12/site-packages/airflow/example_dags/example_subdag_operator.py took 0.180 seconds
[2025-12-14T16:50:43.286+0000] {processor.py:161} INFO - Started process (PID=272) to work on /home/airflow/.local/lib/python3.12/site-packages/airflow/example_dags/example_subdag_operator.py
[2025-12-14T16:50:43.287+0000] {processor.py:830} INFO - Processing file /home/airflow/.local/lib/python3.12/site-packages/airflow/example_dags/example_subdag_operator.py for tasks to queue
[2025-12-14T16:50:43.290+0000] {logging_mixin.py:188} INFO - [2025-12-14T16:50:43.290+0000] {dagbag.py:540} INFO - Filling up the DagBag from /home/airflow/.local/lib/python3.12/site-packages/airflow/example_dags/example_subdag_operator.py
[2025-12-14T16:50:43.320+0000] {processor.py:840} INFO - DAG(s) 'example_subdag_operator.section-1', 'example_subdag_operator.section-2', 'example_subdag_operator' retrieved from /home/airflow/.local/lib/python3.12/site-packages/airflow/example_dags/example_subdag_operator.py
[2025-12-14T16:50:43.339+0000] {logging_mixin.py:188} INFO - [2025-12-14T16:50:43.338+0000] {dag.py:3096} INFO - Sync 3 DAGs
[2025-12-14T16:50:43.366+0000] {logging_mixin.py:188} INFO - [2025-12-14T16:50:43.366+0000] {dag.py:3954} INFO - Setting next_dagrun for example_subdag_operator to 2022-01-01 00:00:00+00:00, run_after=2022-01-01 00:00:00+00:00
[2025-12-14T16:50:43.371+0000] {logging_mixin.py:188} INFO - [2025-12-14T16:50:43.371+0000] {dag.py:3954} INFO - Setting next_dagrun for example_subdag_operator.section-1 to None, run_after=None
[2025-12-14T16:50:43.373+0000] {logging_mixin.py:188} INFO - [2025-12-14T16:50:43.372+0000] {dag.py:3954} INFO - Setting next_dagrun for example_subdag_operator.section-2 to None, run_after=None
[2025-12-14T16:50:43.382+0000] {logging_mixin.py:188} INFO - [2025-12-14T16:50:43.382+0000] {dag.py:3096} INFO - Sync 2 DAGs
[2025-12-14T16:50:43.389+0000] {logging_mixin.py:188} INFO - [2025-12-14T16:50:43.389+0000] {dag.py:3954} INFO - Setting next_dagrun for example_subdag_operator.section-1 to None, run_after=None
[2025-12-14T16:50:43.390+0000] {logging_mixin.py:188} INFO - [2025-12-14T16:50:43.390+0000] {dag.py:3954} INFO - Setting next_dagrun for example_subdag_operator.section-2 to None, run_after=None
[2025-12-14T16:50:43.407+0000] {processor.py:183} INFO - Processing /home/airflow/.local/lib/python3.12/site-packages/airflow/example_dags/example_subdag_operator.py took 0.128 seconds
[2025-12-14T16:51:13.446+0000] {processor.py:161} INFO - Started process (PID=329) to work on /home/airflow/.local/lib/python3.12/site-packages/airflow/example_dags/example_subdag_operator.py
[2025-12-14T16:51:13.448+0000] {processor.py:830} INFO - Processing file /home/airflow/.local/lib/python3.12/site-packages/airflow/example_dags/example_subdag_operator.py for tasks to queue
[2025-12-14T16:51:13.450+0000] {logging_mixin.py:188} INFO - [2025-12-14T16:51:13.450+0000] {dagbag.py:540} INFO - Filling up the DagBag from /home/airflow/.local/lib/python3.12/site-packages/airflow/example_dags/example_subdag_operator.py
[2025-12-14T16:51:13.486+0000] {processor.py:840} INFO - DAG(s) 'example_subdag_operator.section-1', 'example_subdag_operator.section-2', 'example_subdag_operator' retrieved from /home/airflow/.local/lib/python3.12/site-packages/airflow/example_dags/example_subdag_operator.py
[2025-12-14T16:51:13.508+0000] {logging_mixin.py:188} INFO - [2025-12-14T16:51:13.507+0000] {dag.py:3096} INFO - Sync 3 DAGs
[2025-12-14T16:51:13.537+0000] {logging_mixin.py:188} INFO - [2025-12-14T16:51:13.536+0000] {dag.py:3954} INFO - Setting next_dagrun for example_subdag_operator to 2022-01-01 00:00:00+00:00, run_after=2022-01-01 00:00:00+00:00
[2025-12-14T16:51:13.542+0000] {logging_mixin.py:188} INFO - [2025-12-14T16:51:13.542+0000] {dag.py:3954} INFO - Setting next_dagrun for example_subdag_operator.section-1 to None, run_after=None
[2025-12-14T16:51:13.544+0000] {logging_mixin.py:188} INFO - [2025-12-14T16:51:13.544+0000] {dag.py:3954} INFO - Setting next_dagrun for example_subdag_operator.section-2 to None, run_after=None
[2025-12-14T16:51:13.555+0000] {logging_mixin.py:188} INFO - [2025-12-14T16:51:13.555+0000] {dag.py:3096} INFO - Sync 2 DAGs
[2025-12-14T16:51:13.563+0000] {logging_mixin.py:188} INFO - [2025-12-14T16:51:13.562+0000] {dag.py:3954} INFO - Setting next_dagrun for example_subdag_operator.section-1 to None, run_after=None
[2025-12-14T16:51:13.564+0000] {logging_mixin.py:188} INFO - [2025-12-14T16:51:13.564+0000] {dag.py:3954} INFO - Setting next_dagrun for example_subdag_operator.section-2 to None, run_after=None
[2025-12-14T16:51:13.582+0000] {processor.py:183} INFO - Processing /home/airflow/.local/lib/python3.12/site-packages/airflow/example_dags/example_subdag_operator.py took 0.144 seconds
[2025-12-14T16:51:44.701+0000] {processor.py:161} INFO - Started process (PID=387) to work on /home/airflow/.local/lib/python3.12/site-packages/airflow/example_dags/example_subdag_operator.py
[2025-12-14T16:51:44.706+0000] {processor.py:830} INFO - Processing file /home/airflow/.local/lib/python3.12/site-packages/airflow/example_dags/example_subdag_operator.py for tasks to queue
[2025-12-14T16:51:44.717+0000] {logging_mixin.py:188} INFO - [2025-12-14T16:51:44.715+0000] {dagbag.py:540} INFO - Filling up the DagBag from /home/airflow/.local/lib/python3.12/site-packages/airflow/example_dags/example_subdag_operator.py
[2025-12-14T16:51:44.855+0000] {processor.py:840} INFO - DAG(s) 'example_subdag_operator.section-1', 'example_subdag_operator.section-2', 'example_subdag_operator' retrieved from /home/airflow/.local/lib/python3.12/site-packages/airflow/example_dags/example_subdag_operator.py
[2025-12-14T16:51:44.961+0000] {logging_mixin.py:188} INFO - [2025-12-14T16:51:44.960+0000] {dag.py:3096} INFO - Sync 3 DAGs
[2025-12-14T16:51:45.100+0000] {logging_mixin.py:188} INFO - [2025-12-14T16:51:45.099+0000] {dag.py:3954} INFO - Setting next_dagrun for example_subdag_operator to 2022-01-01 00:00:00+00:00, run_after=2022-01-01 00:00:00+00:00
[2025-12-14T16:51:45.119+0000] {logging_mixin.py:188} INFO - [2025-12-14T16:51:45.118+0000] {dag.py:3954} INFO - Setting next_dagrun for example_subdag_operator.section-1 to None, run_after=None
[2025-12-14T16:51:45.129+0000] {logging_mixin.py:188} INFO - [2025-12-14T16:51:45.127+0000] {dag.py:3954} INFO - Setting next_dagrun for example_subdag_operator.section-2 to None, run_after=None
[2025-12-14T16:51:45.167+0000] {logging_mixin.py:188} INFO - [2025-12-14T16:51:45.167+0000] {dag.py:3096} INFO - Sync 2 DAGs
[2025-12-14T16:51:45.198+0000] {logging_mixin.py:188} INFO - [2025-12-14T16:51:45.197+0000] {dag.py:3954} INFO - Setting next_dagrun for example_subdag_operator.section-1 to None, run_after=None
[2025-12-14T16:51:45.202+0000] {logging_mixin.py:188} INFO - [2025-12-14T16:51:45.201+0000] {dag.py:3954} INFO - Setting next_dagrun for example_subdag_operator.section-2 to None, run_after=None
[2025-12-14T16:51:45.286+0000] {processor.py:183} INFO - Processing /home/airflow/.local/lib/python3.12/site-packages/airflow/example_dags/example_subdag_operator.py took 0.622 seconds
[2025-12-14T16:52:16.196+0000] {processor.py:161} INFO - Started process (PID=445) to work on /home/airflow/.local/lib/python3.12/site-packages/airflow/example_dags/example_subdag_operator.py
[2025-12-14T16:52:16.198+0000] {processor.py:830} INFO - Processing file /home/airflow/.local/lib/python3.12/site-packages/airflow/example_dags/example_subdag_operator.py for tasks to queue
[2025-12-14T16:52:16.200+0000] {logging_mixin.py:188} INFO - [2025-12-14T16:52:16.200+0000] {dagbag.py:540} INFO - Filling up the DagBag from /home/airflow/.local/lib/python3.12/site-packages/airflow/example_dags/example_subdag_operator.py
[2025-12-14T16:52:16.228+0000] {processor.py:840} INFO - DAG(s) 'example_subdag_operator.section-1', 'example_subdag_operator.section-2', 'example_subdag_operator' retrieved from /home/airflow/.local/lib/python3.12/site-packages/airflow/example_dags/example_subdag_operator.py
[2025-12-14T16:52:16.246+0000] {logging_mixin.py:188} INFO - [2025-12-14T16:52:16.246+0000] {dag.py:3096} INFO - Sync 3 DAGs
[2025-12-14T16:52:16.272+0000] {logging_mixin.py:188} INFO - [2025-12-14T16:52:16.272+0000] {dag.py:3954} INFO - Setting next_dagrun for example_subdag_operator to 2022-01-01 00:00:00+00:00, run_after=2022-01-01 00:00:00+00:00
[2025-12-14T16:52:16.277+0000] {logging_mixin.py:188} INFO - [2025-12-14T16:52:16.277+0000] {dag.py:3954} INFO - Setting next_dagrun for example_subdag_operator.section-1 to None, run_after=None
[2025-12-14T16:52:16.279+0000] {logging_mixin.py:188} INFO - [2025-12-14T16:52:16.279+0000] {dag.py:3954} INFO - Setting next_dagrun for example_subdag_operator.section-2 to None, run_after=None
[2025-12-14T16:52:16.288+0000] {logging_mixin.py:188} INFO - [2025-12-14T16:52:16.288+0000] {dag.py:3096} INFO - Sync 2 DAGs
[2025-12-14T16:52:16.294+0000] {logging_mixin.py:188} INFO - [2025-12-14T16:52:16.294+0000] {dag.py:3954} INFO - Setting next_dagrun for example_subdag_operator.section-1 to None, run_after=None
[2025-12-14T16:52:16.295+0000] {logging_mixin.py:188} INFO - [2025-12-14T16:52:16.295+0000] {dag.py:3954} INFO - Setting next_dagrun for example_subdag_operator.section-2 to None, run_after=None
[2025-12-14T16:52:16.311+0000] {processor.py:183} INFO - Processing /home/airflow/.local/lib/python3.12/site-packages/airflow/example_dags/example_subdag_operator.py took 0.122 seconds
[2025-12-14T16:55:08.239+0000] {processor.py:161} INFO - Started process (PID=136) to work on /home/airflow/.local/lib/python3.12/site-packages/airflow/example_dags/example_subdag_operator.py
[2025-12-14T16:55:08.253+0000] {processor.py:830} INFO - Processing file /home/airflow/.local/lib/python3.12/site-packages/airflow/example_dags/example_subdag_operator.py for tasks to queue
[2025-12-14T16:55:08.258+0000] {logging_mixin.py:188} INFO - [2025-12-14T16:55:08.257+0000] {dagbag.py:540} INFO - Filling up the DagBag from /home/airflow/.local/lib/python3.12/site-packages/airflow/example_dags/example_subdag_operator.py
[2025-12-14T16:55:08.310+0000] {processor.py:840} INFO - DAG(s) 'example_subdag_operator.section-1', 'example_subdag_operator.section-2', 'example_subdag_operator' retrieved from /home/airflow/.local/lib/python3.12/site-packages/airflow/example_dags/example_subdag_operator.py
[2025-12-14T16:55:08.506+0000] {logging_mixin.py:188} INFO - [2025-12-14T16:55:08.506+0000] {dag.py:3096} INFO - Sync 3 DAGs
[2025-12-14T16:55:08.540+0000] {logging_mixin.py:188} INFO - [2025-12-14T16:55:08.539+0000] {dag.py:3954} INFO - Setting next_dagrun for example_subdag_operator to 2022-01-01 00:00:00+00:00, run_after=2022-01-01 00:00:00+00:00
[2025-12-14T16:55:08.545+0000] {logging_mixin.py:188} INFO - [2025-12-14T16:55:08.545+0000] {dag.py:3954} INFO - Setting next_dagrun for example_subdag_operator.section-1 to None, run_after=None
[2025-12-14T16:55:08.564+0000] {logging_mixin.py:188} INFO - [2025-12-14T16:55:08.564+0000] {dag.py:3954} INFO - Setting next_dagrun for example_subdag_operator.section-2 to None, run_after=None
[2025-12-14T16:55:08.581+0000] {logging_mixin.py:188} INFO - [2025-12-14T16:55:08.580+0000] {dag.py:3096} INFO - Sync 2 DAGs
[2025-12-14T16:55:08.590+0000] {logging_mixin.py:188} INFO - [2025-12-14T16:55:08.589+0000] {dag.py:3954} INFO - Setting next_dagrun for example_subdag_operator.section-1 to None, run_after=None
[2025-12-14T16:55:08.594+0000] {logging_mixin.py:188} INFO - [2025-12-14T16:55:08.593+0000] {dag.py:3954} INFO - Setting next_dagrun for example_subdag_operator.section-2 to None, run_after=None
[2025-12-14T16:55:08.709+0000] {processor.py:183} INFO - Processing /home/airflow/.local/lib/python3.12/site-packages/airflow/example_dags/example_subdag_operator.py took 0.483 seconds
[2025-12-14T16:55:39.191+0000] {processor.py:161} INFO - Started process (PID=208) to work on /home/airflow/.local/lib/python3.12/site-packages/airflow/example_dags/example_subdag_operator.py
[2025-12-14T16:55:39.193+0000] {processor.py:830} INFO - Processing file /home/airflow/.local/lib/python3.12/site-packages/airflow/example_dags/example_subdag_operator.py for tasks to queue
[2025-12-14T16:55:39.195+0000] {logging_mixin.py:188} INFO - [2025-12-14T16:55:39.195+0000] {dagbag.py:540} INFO - Filling up the DagBag from /home/airflow/.local/lib/python3.12/site-packages/airflow/example_dags/example_subdag_operator.py
[2025-12-14T16:55:39.224+0000] {processor.py:840} INFO - DAG(s) 'example_subdag_operator.section-1', 'example_subdag_operator.section-2', 'example_subdag_operator' retrieved from /home/airflow/.local/lib/python3.12/site-packages/airflow/example_dags/example_subdag_operator.py
[2025-12-14T16:55:39.241+0000] {logging_mixin.py:188} INFO - [2025-12-14T16:55:39.241+0000] {dag.py:3096} INFO - Sync 3 DAGs
[2025-12-14T16:55:39.269+0000] {logging_mixin.py:188} INFO - [2025-12-14T16:55:39.268+0000] {dag.py:3954} INFO - Setting next_dagrun for example_subdag_operator to 2022-01-01 00:00:00+00:00, run_after=2022-01-01 00:00:00+00:00
[2025-12-14T16:55:39.273+0000] {logging_mixin.py:188} INFO - [2025-12-14T16:55:39.273+0000] {dag.py:3954} INFO - Setting next_dagrun for example_subdag_operator.section-1 to None, run_after=None
[2025-12-14T16:55:39.275+0000] {logging_mixin.py:188} INFO - [2025-12-14T16:55:39.275+0000] {dag.py:3954} INFO - Setting next_dagrun for example_subdag_operator.section-2 to None, run_after=None
[2025-12-14T16:55:39.285+0000] {logging_mixin.py:188} INFO - [2025-12-14T16:55:39.284+0000] {dag.py:3096} INFO - Sync 2 DAGs
[2025-12-14T16:55:39.291+0000] {logging_mixin.py:188} INFO - [2025-12-14T16:55:39.291+0000] {dag.py:3954} INFO - Setting next_dagrun for example_subdag_operator.section-1 to None, run_after=None
[2025-12-14T16:55:39.292+0000] {logging_mixin.py:188} INFO - [2025-12-14T16:55:39.291+0000] {dag.py:3954} INFO - Setting next_dagrun for example_subdag_operator.section-2 to None, run_after=None
[2025-12-14T16:55:39.313+0000] {processor.py:183} INFO - Processing /home/airflow/.local/lib/python3.12/site-packages/airflow/example_dags/example_subdag_operator.py took 0.129 seconds
[2025-12-14T16:56:09.527+0000] {processor.py:161} INFO - Started process (PID=267) to work on /home/airflow/.local/lib/python3.12/site-packages/airflow/example_dags/example_subdag_operator.py
[2025-12-14T16:56:09.529+0000] {processor.py:830} INFO - Processing file /home/airflow/.local/lib/python3.12/site-packages/airflow/example_dags/example_subdag_operator.py for tasks to queue
[2025-12-14T16:56:09.532+0000] {logging_mixin.py:188} INFO - [2025-12-14T16:56:09.531+0000] {dagbag.py:540} INFO - Filling up the DagBag from /home/airflow/.local/lib/python3.12/site-packages/airflow/example_dags/example_subdag_operator.py
[2025-12-14T16:56:09.570+0000] {processor.py:840} INFO - DAG(s) 'example_subdag_operator.section-1', 'example_subdag_operator.section-2', 'example_subdag_operator' retrieved from /home/airflow/.local/lib/python3.12/site-packages/airflow/example_dags/example_subdag_operator.py
[2025-12-14T16:56:09.595+0000] {logging_mixin.py:188} INFO - [2025-12-14T16:56:09.594+0000] {dag.py:3096} INFO - Sync 3 DAGs
[2025-12-14T16:56:09.630+0000] {logging_mixin.py:188} INFO - [2025-12-14T16:56:09.630+0000] {dag.py:3954} INFO - Setting next_dagrun for example_subdag_operator to 2022-01-01 00:00:00+00:00, run_after=2022-01-01 00:00:00+00:00
[2025-12-14T16:56:09.636+0000] {logging_mixin.py:188} INFO - [2025-12-14T16:56:09.636+0000] {dag.py:3954} INFO - Setting next_dagrun for example_subdag_operator.section-1 to None, run_after=None
[2025-12-14T16:56:09.639+0000] {logging_mixin.py:188} INFO - [2025-12-14T16:56:09.638+0000] {dag.py:3954} INFO - Setting next_dagrun for example_subdag_operator.section-2 to None, run_after=None
[2025-12-14T16:56:09.651+0000] {logging_mixin.py:188} INFO - [2025-12-14T16:56:09.650+0000] {dag.py:3096} INFO - Sync 2 DAGs
[2025-12-14T16:56:09.660+0000] {logging_mixin.py:188} INFO - [2025-12-14T16:56:09.659+0000] {dag.py:3954} INFO - Setting next_dagrun for example_subdag_operator.section-1 to None, run_after=None
[2025-12-14T16:56:09.661+0000] {logging_mixin.py:188} INFO - [2025-12-14T16:56:09.661+0000] {dag.py:3954} INFO - Setting next_dagrun for example_subdag_operator.section-2 to None, run_after=None
[2025-12-14T16:56:09.678+0000] {processor.py:183} INFO - Processing /home/airflow/.local/lib/python3.12/site-packages/airflow/example_dags/example_subdag_operator.py took 0.160 seconds
[2025-12-14T16:56:40.317+0000] {processor.py:161} INFO - Started process (PID=338) to work on /home/airflow/.local/lib/python3.12/site-packages/airflow/example_dags/example_subdag_operator.py
[2025-12-14T16:56:40.318+0000] {processor.py:830} INFO - Processing file /home/airflow/.local/lib/python3.12/site-packages/airflow/example_dags/example_subdag_operator.py for tasks to queue
[2025-12-14T16:56:40.321+0000] {logging_mixin.py:188} INFO - [2025-12-14T16:56:40.321+0000] {dagbag.py:540} INFO - Filling up the DagBag from /home/airflow/.local/lib/python3.12/site-packages/airflow/example_dags/example_subdag_operator.py
[2025-12-14T16:56:40.350+0000] {processor.py:840} INFO - DAG(s) 'example_subdag_operator.section-1', 'example_subdag_operator.section-2', 'example_subdag_operator' retrieved from /home/airflow/.local/lib/python3.12/site-packages/airflow/example_dags/example_subdag_operator.py
[2025-12-14T16:56:40.366+0000] {logging_mixin.py:188} INFO - [2025-12-14T16:56:40.366+0000] {dag.py:3096} INFO - Sync 3 DAGs
[2025-12-14T16:56:40.389+0000] {logging_mixin.py:188} INFO - [2025-12-14T16:56:40.389+0000] {dag.py:3954} INFO - Setting next_dagrun for example_subdag_operator to 2022-01-01 00:00:00+00:00, run_after=2022-01-01 00:00:00+00:00
[2025-12-14T16:56:40.393+0000] {logging_mixin.py:188} INFO - [2025-12-14T16:56:40.393+0000] {dag.py:3954} INFO - Setting next_dagrun for example_subdag_operator.section-1 to None, run_after=None
[2025-12-14T16:56:40.395+0000] {logging_mixin.py:188} INFO - [2025-12-14T16:56:40.395+0000] {dag.py:3954} INFO - Setting next_dagrun for example_subdag_operator.section-2 to None, run_after=None
[2025-12-14T16:56:40.403+0000] {logging_mixin.py:188} INFO - [2025-12-14T16:56:40.403+0000] {dag.py:3096} INFO - Sync 2 DAGs
[2025-12-14T16:56:40.409+0000] {logging_mixin.py:188} INFO - [2025-12-14T16:56:40.408+0000] {dag.py:3954} INFO - Setting next_dagrun for example_subdag_operator.section-1 to None, run_after=None
[2025-12-14T16:56:40.409+0000] {logging_mixin.py:188} INFO - [2025-12-14T16:56:40.409+0000] {dag.py:3954} INFO - Setting next_dagrun for example_subdag_operator.section-2 to None, run_after=None
[2025-12-14T16:56:40.424+0000] {processor.py:183} INFO - Processing /home/airflow/.local/lib/python3.12/site-packages/airflow/example_dags/example_subdag_operator.py took 0.114 seconds
[2025-12-14T16:57:11.453+0000] {processor.py:161} INFO - Started process (PID=409) to work on /home/airflow/.local/lib/python3.12/site-packages/airflow/example_dags/example_subdag_operator.py
[2025-12-14T16:57:11.455+0000] {processor.py:830} INFO - Processing file /home/airflow/.local/lib/python3.12/site-packages/airflow/example_dags/example_subdag_operator.py for tasks to queue
[2025-12-14T16:57:11.458+0000] {logging_mixin.py:188} INFO - [2025-12-14T16:57:11.458+0000] {dagbag.py:540} INFO - Filling up the DagBag from /home/airflow/.local/lib/python3.12/site-packages/airflow/example_dags/example_subdag_operator.py
[2025-12-14T16:57:11.487+0000] {processor.py:840} INFO - DAG(s) 'example_subdag_operator.section-1', 'example_subdag_operator.section-2', 'example_subdag_operator' retrieved from /home/airflow/.local/lib/python3.12/site-packages/airflow/example_dags/example_subdag_operator.py
[2025-12-14T16:57:11.505+0000] {logging_mixin.py:188} INFO - [2025-12-14T16:57:11.505+0000] {dag.py:3096} INFO - Sync 3 DAGs
[2025-12-14T16:57:11.529+0000] {logging_mixin.py:188} INFO - [2025-12-14T16:57:11.529+0000] {dag.py:3954} INFO - Setting next_dagrun for example_subdag_operator to 2022-01-01 00:00:00+00:00, run_after=2022-01-01 00:00:00+00:00
[2025-12-14T16:57:11.534+0000] {logging_mixin.py:188} INFO - [2025-12-14T16:57:11.534+0000] {dag.py:3954} INFO - Setting next_dagrun for example_subdag_operator.section-1 to None, run_after=None
[2025-12-14T16:57:11.536+0000] {logging_mixin.py:188} INFO - [2025-12-14T16:57:11.536+0000] {dag.py:3954} INFO - Setting next_dagrun for example_subdag_operator.section-2 to None, run_after=None
[2025-12-14T16:57:11.546+0000] {logging_mixin.py:188} INFO - [2025-12-14T16:57:11.545+0000] {dag.py:3096} INFO - Sync 2 DAGs
[2025-12-14T16:57:11.552+0000] {logging_mixin.py:188} INFO - [2025-12-14T16:57:11.552+0000] {dag.py:3954} INFO - Setting next_dagrun for example_subdag_operator.section-1 to None, run_after=None
[2025-12-14T16:57:11.553+0000] {logging_mixin.py:188} INFO - [2025-12-14T16:57:11.552+0000] {dag.py:3954} INFO - Setting next_dagrun for example_subdag_operator.section-2 to None, run_after=None
[2025-12-14T16:57:11.568+0000] {processor.py:183} INFO - Processing /home/airflow/.local/lib/python3.12/site-packages/airflow/example_dags/example_subdag_operator.py took 0.122 seconds
[2025-12-14T16:58:32.818+0000] {processor.py:161} INFO - Started process (PID=85) to work on /home/airflow/.local/lib/python3.12/site-packages/airflow/example_dags/example_subdag_operator.py
[2025-12-14T16:58:32.820+0000] {processor.py:830} INFO - Processing file /home/airflow/.local/lib/python3.12/site-packages/airflow/example_dags/example_subdag_operator.py for tasks to queue
[2025-12-14T16:58:32.823+0000] {logging_mixin.py:188} INFO - [2025-12-14T16:58:32.823+0000] {dagbag.py:540} INFO - Filling up the DagBag from /home/airflow/.local/lib/python3.12/site-packages/airflow/example_dags/example_subdag_operator.py
[2025-12-14T16:58:32.852+0000] {processor.py:840} INFO - DAG(s) 'example_subdag_operator.section-1', 'example_subdag_operator.section-2', 'example_subdag_operator' retrieved from /home/airflow/.local/lib/python3.12/site-packages/airflow/example_dags/example_subdag_operator.py
[2025-12-14T16:58:32.984+0000] {logging_mixin.py:188} INFO - [2025-12-14T16:58:32.984+0000] {dag.py:3096} INFO - Sync 3 DAGs
[2025-12-14T16:58:33.011+0000] {logging_mixin.py:188} INFO - [2025-12-14T16:58:33.011+0000] {dag.py:3954} INFO - Setting next_dagrun for example_subdag_operator to 2022-01-01 00:00:00+00:00, run_after=2022-01-01 00:00:00+00:00
[2025-12-14T16:58:33.016+0000] {logging_mixin.py:188} INFO - [2025-12-14T16:58:33.016+0000] {dag.py:3954} INFO - Setting next_dagrun for example_subdag_operator.section-1 to None, run_after=None
[2025-12-14T16:58:33.018+0000] {logging_mixin.py:188} INFO - [2025-12-14T16:58:33.018+0000] {dag.py:3954} INFO - Setting next_dagrun for example_subdag_operator.section-2 to None, run_after=None
[2025-12-14T16:58:33.030+0000] {logging_mixin.py:188} INFO - [2025-12-14T16:58:33.030+0000] {dag.py:3096} INFO - Sync 2 DAGs
[2025-12-14T16:58:33.037+0000] {logging_mixin.py:188} INFO - [2025-12-14T16:58:33.036+0000] {dag.py:3954} INFO - Setting next_dagrun for example_subdag_operator.section-1 to None, run_after=None
[2025-12-14T16:58:33.038+0000] {logging_mixin.py:188} INFO - [2025-12-14T16:58:33.037+0000] {dag.py:3954} INFO - Setting next_dagrun for example_subdag_operator.section-2 to None, run_after=None
[2025-12-14T16:58:33.055+0000] {processor.py:183} INFO - Processing /home/airflow/.local/lib/python3.12/site-packages/airflow/example_dags/example_subdag_operator.py took 0.244 seconds
[2025-12-14T16:59:03.423+0000] {processor.py:161} INFO - Started process (PID=145) to work on /home/airflow/.local/lib/python3.12/site-packages/airflow/example_dags/example_subdag_operator.py
[2025-12-14T16:59:03.425+0000] {processor.py:830} INFO - Processing file /home/airflow/.local/lib/python3.12/site-packages/airflow/example_dags/example_subdag_operator.py for tasks to queue
[2025-12-14T16:59:03.427+0000] {logging_mixin.py:188} INFO - [2025-12-14T16:59:03.427+0000] {dagbag.py:540} INFO - Filling up the DagBag from /home/airflow/.local/lib/python3.12/site-packages/airflow/example_dags/example_subdag_operator.py
[2025-12-14T16:59:03.459+0000] {processor.py:840} INFO - DAG(s) 'example_subdag_operator.section-1', 'example_subdag_operator.section-2', 'example_subdag_operator' retrieved from /home/airflow/.local/lib/python3.12/site-packages/airflow/example_dags/example_subdag_operator.py
[2025-12-14T16:59:03.478+0000] {logging_mixin.py:188} INFO - [2025-12-14T16:59:03.478+0000] {dag.py:3096} INFO - Sync 3 DAGs
[2025-12-14T16:59:03.508+0000] {logging_mixin.py:188} INFO - [2025-12-14T16:59:03.507+0000] {dag.py:3954} INFO - Setting next_dagrun for example_subdag_operator to 2022-01-01 00:00:00+00:00, run_after=2022-01-01 00:00:00+00:00
[2025-12-14T16:59:03.513+0000] {logging_mixin.py:188} INFO - [2025-12-14T16:59:03.513+0000] {dag.py:3954} INFO - Setting next_dagrun for example_subdag_operator.section-1 to None, run_after=None
[2025-12-14T16:59:03.515+0000] {logging_mixin.py:188} INFO - [2025-12-14T16:59:03.515+0000] {dag.py:3954} INFO - Setting next_dagrun for example_subdag_operator.section-2 to None, run_after=None
[2025-12-14T16:59:03.524+0000] {logging_mixin.py:188} INFO - [2025-12-14T16:59:03.524+0000] {dag.py:3096} INFO - Sync 2 DAGs
[2025-12-14T16:59:03.530+0000] {logging_mixin.py:188} INFO - [2025-12-14T16:59:03.529+0000] {dag.py:3954} INFO - Setting next_dagrun for example_subdag_operator.section-1 to None, run_after=None
[2025-12-14T16:59:03.531+0000] {logging_mixin.py:188} INFO - [2025-12-14T16:59:03.530+0000] {dag.py:3954} INFO - Setting next_dagrun for example_subdag_operator.section-2 to None, run_after=None
[2025-12-14T16:59:03.547+0000] {processor.py:183} INFO - Processing /home/airflow/.local/lib/python3.12/site-packages/airflow/example_dags/example_subdag_operator.py took 0.132 seconds
[2025-12-14T16:59:34.826+0000] {processor.py:161} INFO - Started process (PID=205) to work on /home/airflow/.local/lib/python3.12/site-packages/airflow/example_dags/example_subdag_operator.py
[2025-12-14T16:59:34.828+0000] {processor.py:830} INFO - Processing file /home/airflow/.local/lib/python3.12/site-packages/airflow/example_dags/example_subdag_operator.py for tasks to queue
[2025-12-14T16:59:34.830+0000] {logging_mixin.py:188} INFO - [2025-12-14T16:59:34.829+0000] {dagbag.py:540} INFO - Filling up the DagBag from /home/airflow/.local/lib/python3.12/site-packages/airflow/example_dags/example_subdag_operator.py
[2025-12-14T16:59:34.864+0000] {processor.py:840} INFO - DAG(s) 'example_subdag_operator.section-1', 'example_subdag_operator.section-2', 'example_subdag_operator' retrieved from /home/airflow/.local/lib/python3.12/site-packages/airflow/example_dags/example_subdag_operator.py
[2025-12-14T16:59:34.885+0000] {logging_mixin.py:188} INFO - [2025-12-14T16:59:34.885+0000] {dag.py:3096} INFO - Sync 3 DAGs
[2025-12-14T16:59:34.913+0000] {logging_mixin.py:188} INFO - [2025-12-14T16:59:34.913+0000] {dag.py:3954} INFO - Setting next_dagrun for example_subdag_operator to 2022-01-01 00:00:00+00:00, run_after=2022-01-01 00:00:00+00:00
[2025-12-14T16:59:34.919+0000] {logging_mixin.py:188} INFO - [2025-12-14T16:59:34.919+0000] {dag.py:3954} INFO - Setting next_dagrun for example_subdag_operator.section-1 to None, run_after=None
[2025-12-14T16:59:34.921+0000] {logging_mixin.py:188} INFO - [2025-12-14T16:59:34.921+0000] {dag.py:3954} INFO - Setting next_dagrun for example_subdag_operator.section-2 to None, run_after=None
[2025-12-14T16:59:34.932+0000] {logging_mixin.py:188} INFO - [2025-12-14T16:59:34.932+0000] {dag.py:3096} INFO - Sync 2 DAGs
[2025-12-14T16:59:34.941+0000] {logging_mixin.py:188} INFO - [2025-12-14T16:59:34.940+0000] {dag.py:3954} INFO - Setting next_dagrun for example_subdag_operator.section-1 to None, run_after=None
[2025-12-14T16:59:34.941+0000] {logging_mixin.py:188} INFO - [2025-12-14T16:59:34.941+0000] {dag.py:3954} INFO - Setting next_dagrun for example_subdag_operator.section-2 to None, run_after=None
[2025-12-14T16:59:34.959+0000] {processor.py:183} INFO - Processing /home/airflow/.local/lib/python3.12/site-packages/airflow/example_dags/example_subdag_operator.py took 0.141 seconds
[2025-12-14T17:00:05.885+0000] {processor.py:161} INFO - Started process (PID=265) to work on /home/airflow/.local/lib/python3.12/site-packages/airflow/example_dags/example_subdag_operator.py
[2025-12-14T17:00:05.886+0000] {processor.py:830} INFO - Processing file /home/airflow/.local/lib/python3.12/site-packages/airflow/example_dags/example_subdag_operator.py for tasks to queue
[2025-12-14T17:00:05.887+0000] {logging_mixin.py:188} INFO - [2025-12-14T17:00:05.887+0000] {dagbag.py:540} INFO - Filling up the DagBag from /home/airflow/.local/lib/python3.12/site-packages/airflow/example_dags/example_subdag_operator.py
[2025-12-14T17:00:05.915+0000] {processor.py:840} INFO - DAG(s) 'example_subdag_operator.section-1', 'example_subdag_operator.section-2', 'example_subdag_operator' retrieved from /home/airflow/.local/lib/python3.12/site-packages/airflow/example_dags/example_subdag_operator.py
[2025-12-14T17:00:05.932+0000] {logging_mixin.py:188} INFO - [2025-12-14T17:00:05.932+0000] {dag.py:3096} INFO - Sync 3 DAGs
[2025-12-14T17:00:05.956+0000] {logging_mixin.py:188} INFO - [2025-12-14T17:00:05.955+0000] {dag.py:3954} INFO - Setting next_dagrun for example_subdag_operator to 2022-01-01 00:00:00+00:00, run_after=2022-01-01 00:00:00+00:00
[2025-12-14T17:00:05.960+0000] {logging_mixin.py:188} INFO - [2025-12-14T17:00:05.960+0000] {dag.py:3954} INFO - Setting next_dagrun for example_subdag_operator.section-1 to None, run_after=None
[2025-12-14T17:00:05.962+0000] {logging_mixin.py:188} INFO - [2025-12-14T17:00:05.962+0000] {dag.py:3954} INFO - Setting next_dagrun for example_subdag_operator.section-2 to None, run_after=None
[2025-12-14T17:00:05.970+0000] {logging_mixin.py:188} INFO - [2025-12-14T17:00:05.970+0000] {dag.py:3096} INFO - Sync 2 DAGs
[2025-12-14T17:00:05.976+0000] {logging_mixin.py:188} INFO - [2025-12-14T17:00:05.975+0000] {dag.py:3954} INFO - Setting next_dagrun for example_subdag_operator.section-1 to None, run_after=None
[2025-12-14T17:00:05.977+0000] {logging_mixin.py:188} INFO - [2025-12-14T17:00:05.976+0000] {dag.py:3954} INFO - Setting next_dagrun for example_subdag_operator.section-2 to None, run_after=None
[2025-12-14T17:00:05.992+0000] {processor.py:183} INFO - Processing /home/airflow/.local/lib/python3.12/site-packages/airflow/example_dags/example_subdag_operator.py took 0.115 seconds
[2025-12-14T17:00:36.524+0000] {processor.py:161} INFO - Started process (PID=325) to work on /home/airflow/.local/lib/python3.12/site-packages/airflow/example_dags/example_subdag_operator.py
[2025-12-14T17:00:36.526+0000] {processor.py:830} INFO - Processing file /home/airflow/.local/lib/python3.12/site-packages/airflow/example_dags/example_subdag_operator.py for tasks to queue
[2025-12-14T17:00:36.528+0000] {logging_mixin.py:188} INFO - [2025-12-14T17:00:36.527+0000] {dagbag.py:540} INFO - Filling up the DagBag from /home/airflow/.local/lib/python3.12/site-packages/airflow/example_dags/example_subdag_operator.py
[2025-12-14T17:00:36.584+0000] {processor.py:840} INFO - DAG(s) 'example_subdag_operator.section-1', 'example_subdag_operator.section-2', 'example_subdag_operator' retrieved from /home/airflow/.local/lib/python3.12/site-packages/airflow/example_dags/example_subdag_operator.py
[2025-12-14T17:00:36.613+0000] {logging_mixin.py:188} INFO - [2025-12-14T17:00:36.612+0000] {dag.py:3096} INFO - Sync 3 DAGs
[2025-12-14T17:00:36.644+0000] {logging_mixin.py:188} INFO - [2025-12-14T17:00:36.643+0000] {dag.py:3954} INFO - Setting next_dagrun for example_subdag_operator to 2022-01-01 00:00:00+00:00, run_after=2022-01-01 00:00:00+00:00
[2025-12-14T17:00:36.649+0000] {logging_mixin.py:188} INFO - [2025-12-14T17:00:36.648+0000] {dag.py:3954} INFO - Setting next_dagrun for example_subdag_operator.section-1 to None, run_after=None
[2025-12-14T17:00:36.650+0000] {logging_mixin.py:188} INFO - [2025-12-14T17:00:36.650+0000] {dag.py:3954} INFO - Setting next_dagrun for example_subdag_operator.section-2 to None, run_after=None
[2025-12-14T17:00:36.660+0000] {logging_mixin.py:188} INFO - [2025-12-14T17:00:36.660+0000] {dag.py:3096} INFO - Sync 2 DAGs
[2025-12-14T17:00:36.666+0000] {logging_mixin.py:188} INFO - [2025-12-14T17:00:36.666+0000] {dag.py:3954} INFO - Setting next_dagrun for example_subdag_operator.section-1 to None, run_after=None
[2025-12-14T17:00:36.667+0000] {logging_mixin.py:188} INFO - [2025-12-14T17:00:36.667+0000] {dag.py:3954} INFO - Setting next_dagrun for example_subdag_operator.section-2 to None, run_after=None
[2025-12-14T17:00:36.682+0000] {processor.py:183} INFO - Processing /home/airflow/.local/lib/python3.12/site-packages/airflow/example_dags/example_subdag_operator.py took 0.171 seconds
[2025-12-14T17:02:49.765+0000] {processor.py:161} INFO - Started process (PID=123) to work on /home/airflow/.local/lib/python3.12/site-packages/airflow/example_dags/example_subdag_operator.py
[2025-12-14T17:02:49.767+0000] {processor.py:830} INFO - Processing file /home/airflow/.local/lib/python3.12/site-packages/airflow/example_dags/example_subdag_operator.py for tasks to queue
[2025-12-14T17:02:49.774+0000] {logging_mixin.py:188} INFO - [2025-12-14T17:02:49.773+0000] {dagbag.py:540} INFO - Filling up the DagBag from /home/airflow/.local/lib/python3.12/site-packages/airflow/example_dags/example_subdag_operator.py
[2025-12-14T17:02:49.825+0000] {processor.py:840} INFO - DAG(s) 'example_subdag_operator.section-1', 'example_subdag_operator.section-2', 'example_subdag_operator' retrieved from /home/airflow/.local/lib/python3.12/site-packages/airflow/example_dags/example_subdag_operator.py
[2025-12-14T17:02:50.051+0000] {logging_mixin.py:188} INFO - [2025-12-14T17:02:50.051+0000] {dag.py:3096} INFO - Sync 3 DAGs
[2025-12-14T17:02:50.084+0000] {logging_mixin.py:188} INFO - [2025-12-14T17:02:50.083+0000] {dag.py:3954} INFO - Setting next_dagrun for example_subdag_operator to 2022-01-01 00:00:00+00:00, run_after=2022-01-01 00:00:00+00:00
[2025-12-14T17:02:50.090+0000] {logging_mixin.py:188} INFO - [2025-12-14T17:02:50.089+0000] {dag.py:3954} INFO - Setting next_dagrun for example_subdag_operator.section-1 to None, run_after=None
[2025-12-14T17:02:50.094+0000] {logging_mixin.py:188} INFO - [2025-12-14T17:02:50.093+0000] {dag.py:3954} INFO - Setting next_dagrun for example_subdag_operator.section-2 to None, run_after=None
[2025-12-14T17:02:50.115+0000] {logging_mixin.py:188} INFO - [2025-12-14T17:02:50.115+0000] {dag.py:3096} INFO - Sync 2 DAGs
[2025-12-14T17:02:50.128+0000] {logging_mixin.py:188} INFO - [2025-12-14T17:02:50.127+0000] {dag.py:3954} INFO - Setting next_dagrun for example_subdag_operator.section-1 to None, run_after=None
[2025-12-14T17:02:50.129+0000] {logging_mixin.py:188} INFO - [2025-12-14T17:02:50.129+0000] {dag.py:3954} INFO - Setting next_dagrun for example_subdag_operator.section-2 to None, run_after=None
[2025-12-14T17:02:50.149+0000] {processor.py:183} INFO - Processing /home/airflow/.local/lib/python3.12/site-packages/airflow/example_dags/example_subdag_operator.py took 0.400 seconds
[2025-12-14T17:03:21.395+0000] {processor.py:161} INFO - Started process (PID=194) to work on /home/airflow/.local/lib/python3.12/site-packages/airflow/example_dags/example_subdag_operator.py
[2025-12-14T17:03:21.397+0000] {processor.py:830} INFO - Processing file /home/airflow/.local/lib/python3.12/site-packages/airflow/example_dags/example_subdag_operator.py for tasks to queue
[2025-12-14T17:03:21.400+0000] {logging_mixin.py:188} INFO - [2025-12-14T17:03:21.400+0000] {dagbag.py:540} INFO - Filling up the DagBag from /home/airflow/.local/lib/python3.12/site-packages/airflow/example_dags/example_subdag_operator.py
[2025-12-14T17:03:21.442+0000] {processor.py:840} INFO - DAG(s) 'example_subdag_operator.section-1', 'example_subdag_operator.section-2', 'example_subdag_operator' retrieved from /home/airflow/.local/lib/python3.12/site-packages/airflow/example_dags/example_subdag_operator.py
[2025-12-14T17:03:21.462+0000] {logging_mixin.py:188} INFO - [2025-12-14T17:03:21.462+0000] {dag.py:3096} INFO - Sync 3 DAGs
[2025-12-14T17:03:21.501+0000] {logging_mixin.py:188} INFO - [2025-12-14T17:03:21.500+0000] {dag.py:3954} INFO - Setting next_dagrun for example_subdag_operator to 2022-01-01 00:00:00+00:00, run_after=2022-01-01 00:00:00+00:00
[2025-12-14T17:03:21.511+0000] {logging_mixin.py:188} INFO - [2025-12-14T17:03:21.511+0000] {dag.py:3954} INFO - Setting next_dagrun for example_subdag_operator.section-1 to None, run_after=None
[2025-12-14T17:03:21.515+0000] {logging_mixin.py:188} INFO - [2025-12-14T17:03:21.515+0000] {dag.py:3954} INFO - Setting next_dagrun for example_subdag_operator.section-2 to None, run_after=None
[2025-12-14T17:03:21.528+0000] {logging_mixin.py:188} INFO - [2025-12-14T17:03:21.528+0000] {dag.py:3096} INFO - Sync 2 DAGs
[2025-12-14T17:03:21.542+0000] {logging_mixin.py:188} INFO - [2025-12-14T17:03:21.542+0000] {dag.py:3954} INFO - Setting next_dagrun for example_subdag_operator.section-1 to None, run_after=None
[2025-12-14T17:03:21.544+0000] {logging_mixin.py:188} INFO - [2025-12-14T17:03:21.543+0000] {dag.py:3954} INFO - Setting next_dagrun for example_subdag_operator.section-2 to None, run_after=None
[2025-12-14T17:03:21.570+0000] {processor.py:183} INFO - Processing /home/airflow/.local/lib/python3.12/site-packages/airflow/example_dags/example_subdag_operator.py took 0.184 seconds
[2025-12-14T17:03:52.341+0000] {processor.py:161} INFO - Started process (PID=254) to work on /home/airflow/.local/lib/python3.12/site-packages/airflow/example_dags/example_subdag_operator.py
[2025-12-14T17:03:52.342+0000] {processor.py:830} INFO - Processing file /home/airflow/.local/lib/python3.12/site-packages/airflow/example_dags/example_subdag_operator.py for tasks to queue
[2025-12-14T17:03:52.344+0000] {logging_mixin.py:188} INFO - [2025-12-14T17:03:52.344+0000] {dagbag.py:540} INFO - Filling up the DagBag from /home/airflow/.local/lib/python3.12/site-packages/airflow/example_dags/example_subdag_operator.py
[2025-12-14T17:03:52.371+0000] {processor.py:840} INFO - DAG(s) 'example_subdag_operator.section-1', 'example_subdag_operator.section-2', 'example_subdag_operator' retrieved from /home/airflow/.local/lib/python3.12/site-packages/airflow/example_dags/example_subdag_operator.py
[2025-12-14T17:03:52.400+0000] {logging_mixin.py:188} INFO - [2025-12-14T17:03:52.399+0000] {dag.py:3096} INFO - Sync 3 DAGs
[2025-12-14T17:03:52.495+0000] {logging_mixin.py:188} INFO - [2025-12-14T17:03:52.495+0000] {dag.py:3954} INFO - Setting next_dagrun for example_subdag_operator to 2022-01-01 00:00:00+00:00, run_after=2022-01-01 00:00:00+00:00
[2025-12-14T17:03:52.500+0000] {logging_mixin.py:188} INFO - [2025-12-14T17:03:52.500+0000] {dag.py:3954} INFO - Setting next_dagrun for example_subdag_operator.section-1 to None, run_after=None
[2025-12-14T17:03:52.502+0000] {logging_mixin.py:188} INFO - [2025-12-14T17:03:52.502+0000] {dag.py:3954} INFO - Setting next_dagrun for example_subdag_operator.section-2 to None, run_after=None
[2025-12-14T17:03:52.511+0000] {logging_mixin.py:188} INFO - [2025-12-14T17:03:52.511+0000] {dag.py:3096} INFO - Sync 2 DAGs
[2025-12-14T17:03:52.517+0000] {logging_mixin.py:188} INFO - [2025-12-14T17:03:52.516+0000] {dag.py:3954} INFO - Setting next_dagrun for example_subdag_operator.section-1 to None, run_after=None
[2025-12-14T17:03:52.517+0000] {logging_mixin.py:188} INFO - [2025-12-14T17:03:52.517+0000] {dag.py:3954} INFO - Setting next_dagrun for example_subdag_operator.section-2 to None, run_after=None
[2025-12-14T17:03:52.532+0000] {processor.py:183} INFO - Processing /home/airflow/.local/lib/python3.12/site-packages/airflow/example_dags/example_subdag_operator.py took 0.198 seconds
[2025-12-14T17:04:23.394+0000] {processor.py:161} INFO - Started process (PID=324) to work on /home/airflow/.local/lib/python3.12/site-packages/airflow/example_dags/example_subdag_operator.py
[2025-12-14T17:04:23.396+0000] {processor.py:830} INFO - Processing file /home/airflow/.local/lib/python3.12/site-packages/airflow/example_dags/example_subdag_operator.py for tasks to queue
[2025-12-14T17:04:23.399+0000] {logging_mixin.py:188} INFO - [2025-12-14T17:04:23.398+0000] {dagbag.py:540} INFO - Filling up the DagBag from /home/airflow/.local/lib/python3.12/site-packages/airflow/example_dags/example_subdag_operator.py
[2025-12-14T17:04:23.430+0000] {processor.py:840} INFO - DAG(s) 'example_subdag_operator.section-1', 'example_subdag_operator.section-2', 'example_subdag_operator' retrieved from /home/airflow/.local/lib/python3.12/site-packages/airflow/example_dags/example_subdag_operator.py
[2025-12-14T17:04:23.452+0000] {logging_mixin.py:188} INFO - [2025-12-14T17:04:23.452+0000] {dag.py:3096} INFO - Sync 3 DAGs
[2025-12-14T17:04:23.487+0000] {logging_mixin.py:188} INFO - [2025-12-14T17:04:23.486+0000] {dag.py:3954} INFO - Setting next_dagrun for example_subdag_operator to 2022-01-01 00:00:00+00:00, run_after=2022-01-01 00:00:00+00:00
[2025-12-14T17:04:23.492+0000] {logging_mixin.py:188} INFO - [2025-12-14T17:04:23.492+0000] {dag.py:3954} INFO - Setting next_dagrun for example_subdag_operator.section-1 to None, run_after=None
[2025-12-14T17:04:23.495+0000] {logging_mixin.py:188} INFO - [2025-12-14T17:04:23.494+0000] {dag.py:3954} INFO - Setting next_dagrun for example_subdag_operator.section-2 to None, run_after=None
[2025-12-14T17:04:23.506+0000] {logging_mixin.py:188} INFO - [2025-12-14T17:04:23.505+0000] {dag.py:3096} INFO - Sync 2 DAGs
[2025-12-14T17:04:23.514+0000] {logging_mixin.py:188} INFO - [2025-12-14T17:04:23.514+0000] {dag.py:3954} INFO - Setting next_dagrun for example_subdag_operator.section-1 to None, run_after=None
[2025-12-14T17:04:23.515+0000] {logging_mixin.py:188} INFO - [2025-12-14T17:04:23.515+0000] {dag.py:3954} INFO - Setting next_dagrun for example_subdag_operator.section-2 to None, run_after=None
[2025-12-14T17:04:23.534+0000] {processor.py:183} INFO - Processing /home/airflow/.local/lib/python3.12/site-packages/airflow/example_dags/example_subdag_operator.py took 0.147 seconds
[2025-12-14T17:07:15.326+0000] {processor.py:161} INFO - Started process (PID=114) to work on /home/airflow/.local/lib/python3.12/site-packages/airflow/example_dags/example_subdag_operator.py
[2025-12-14T17:07:15.328+0000] {processor.py:830} INFO - Processing file /home/airflow/.local/lib/python3.12/site-packages/airflow/example_dags/example_subdag_operator.py for tasks to queue
[2025-12-14T17:07:15.332+0000] {logging_mixin.py:188} INFO - [2025-12-14T17:07:15.331+0000] {dagbag.py:540} INFO - Filling up the DagBag from /home/airflow/.local/lib/python3.12/site-packages/airflow/example_dags/example_subdag_operator.py
[2025-12-14T17:07:15.371+0000] {processor.py:840} INFO - DAG(s) 'example_subdag_operator.section-1', 'example_subdag_operator.section-2', 'example_subdag_operator' retrieved from /home/airflow/.local/lib/python3.12/site-packages/airflow/example_dags/example_subdag_operator.py
[2025-12-14T17:07:15.542+0000] {logging_mixin.py:188} INFO - [2025-12-14T17:07:15.541+0000] {dag.py:3096} INFO - Sync 3 DAGs
[2025-12-14T17:07:15.571+0000] {logging_mixin.py:188} INFO - [2025-12-14T17:07:15.570+0000] {dag.py:3954} INFO - Setting next_dagrun for example_subdag_operator to 2022-01-01 00:00:00+00:00, run_after=2022-01-01 00:00:00+00:00
[2025-12-14T17:07:15.577+0000] {logging_mixin.py:188} INFO - [2025-12-14T17:07:15.577+0000] {dag.py:3954} INFO - Setting next_dagrun for example_subdag_operator.section-1 to None, run_after=None
[2025-12-14T17:07:15.579+0000] {logging_mixin.py:188} INFO - [2025-12-14T17:07:15.579+0000] {dag.py:3954} INFO - Setting next_dagrun for example_subdag_operator.section-2 to None, run_after=None
[2025-12-14T17:07:15.594+0000] {logging_mixin.py:188} INFO - [2025-12-14T17:07:15.594+0000] {dag.py:3096} INFO - Sync 2 DAGs
[2025-12-14T17:07:15.601+0000] {logging_mixin.py:188} INFO - [2025-12-14T17:07:15.601+0000] {dag.py:3954} INFO - Setting next_dagrun for example_subdag_operator.section-1 to None, run_after=None
[2025-12-14T17:07:15.602+0000] {logging_mixin.py:188} INFO - [2025-12-14T17:07:15.602+0000] {dag.py:3954} INFO - Setting next_dagrun for example_subdag_operator.section-2 to None, run_after=None
[2025-12-14T17:07:15.621+0000] {processor.py:183} INFO - Processing /home/airflow/.local/lib/python3.12/site-packages/airflow/example_dags/example_subdag_operator.py took 0.305 seconds
[2025-12-14T17:07:47.386+0000] {processor.py:161} INFO - Started process (PID=185) to work on /home/airflow/.local/lib/python3.12/site-packages/airflow/example_dags/example_subdag_operator.py
[2025-12-14T17:07:47.392+0000] {processor.py:830} INFO - Processing file /home/airflow/.local/lib/python3.12/site-packages/airflow/example_dags/example_subdag_operator.py for tasks to queue
[2025-12-14T17:07:47.398+0000] {logging_mixin.py:188} INFO - [2025-12-14T17:07:47.397+0000] {dagbag.py:540} INFO - Filling up the DagBag from /home/airflow/.local/lib/python3.12/site-packages/airflow/example_dags/example_subdag_operator.py
[2025-12-14T17:07:47.447+0000] {processor.py:840} INFO - DAG(s) 'example_subdag_operator.section-1', 'example_subdag_operator.section-2', 'example_subdag_operator' retrieved from /home/airflow/.local/lib/python3.12/site-packages/airflow/example_dags/example_subdag_operator.py
[2025-12-14T17:07:47.473+0000] {logging_mixin.py:188} INFO - [2025-12-14T17:07:47.472+0000] {dag.py:3096} INFO - Sync 3 DAGs
[2025-12-14T17:07:47.502+0000] {logging_mixin.py:188} INFO - [2025-12-14T17:07:47.501+0000] {dag.py:3954} INFO - Setting next_dagrun for example_subdag_operator to 2022-01-01 00:00:00+00:00, run_after=2022-01-01 00:00:00+00:00
[2025-12-14T17:07:47.508+0000] {logging_mixin.py:188} INFO - [2025-12-14T17:07:47.507+0000] {dag.py:3954} INFO - Setting next_dagrun for example_subdag_operator.section-1 to None, run_after=None
[2025-12-14T17:07:47.510+0000] {logging_mixin.py:188} INFO - [2025-12-14T17:07:47.509+0000] {dag.py:3954} INFO - Setting next_dagrun for example_subdag_operator.section-2 to None, run_after=None
[2025-12-14T17:07:47.520+0000] {logging_mixin.py:188} INFO - [2025-12-14T17:07:47.520+0000] {dag.py:3096} INFO - Sync 2 DAGs
[2025-12-14T17:07:47.526+0000] {logging_mixin.py:188} INFO - [2025-12-14T17:07:47.526+0000] {dag.py:3954} INFO - Setting next_dagrun for example_subdag_operator.section-1 to None, run_after=None
[2025-12-14T17:07:47.527+0000] {logging_mixin.py:188} INFO - [2025-12-14T17:07:47.527+0000] {dag.py:3954} INFO - Setting next_dagrun for example_subdag_operator.section-2 to None, run_after=None
[2025-12-14T17:07:47.543+0000] {processor.py:183} INFO - Processing /home/airflow/.local/lib/python3.12/site-packages/airflow/example_dags/example_subdag_operator.py took 0.172 seconds
[2025-12-14T17:08:18.527+0000] {processor.py:161} INFO - Started process (PID=244) to work on /home/airflow/.local/lib/python3.12/site-packages/airflow/example_dags/example_subdag_operator.py
[2025-12-14T17:08:18.529+0000] {processor.py:830} INFO - Processing file /home/airflow/.local/lib/python3.12/site-packages/airflow/example_dags/example_subdag_operator.py for tasks to queue
[2025-12-14T17:08:18.531+0000] {logging_mixin.py:188} INFO - [2025-12-14T17:08:18.531+0000] {dagbag.py:540} INFO - Filling up the DagBag from /home/airflow/.local/lib/python3.12/site-packages/airflow/example_dags/example_subdag_operator.py
[2025-12-14T17:08:18.559+0000] {processor.py:840} INFO - DAG(s) 'example_subdag_operator.section-1', 'example_subdag_operator.section-2', 'example_subdag_operator' retrieved from /home/airflow/.local/lib/python3.12/site-packages/airflow/example_dags/example_subdag_operator.py
[2025-12-14T17:08:18.585+0000] {logging_mixin.py:188} INFO - [2025-12-14T17:08:18.584+0000] {dag.py:3096} INFO - Sync 3 DAGs
[2025-12-14T17:08:18.614+0000] {logging_mixin.py:188} INFO - [2025-12-14T17:08:18.614+0000] {dag.py:3954} INFO - Setting next_dagrun for example_subdag_operator to 2022-01-01 00:00:00+00:00, run_after=2022-01-01 00:00:00+00:00
[2025-12-14T17:08:18.618+0000] {logging_mixin.py:188} INFO - [2025-12-14T17:08:18.618+0000] {dag.py:3954} INFO - Setting next_dagrun for example_subdag_operator.section-1 to None, run_after=None
[2025-12-14T17:08:18.620+0000] {logging_mixin.py:188} INFO - [2025-12-14T17:08:18.620+0000] {dag.py:3954} INFO - Setting next_dagrun for example_subdag_operator.section-2 to None, run_after=None
[2025-12-14T17:08:18.629+0000] {logging_mixin.py:188} INFO - [2025-12-14T17:08:18.629+0000] {dag.py:3096} INFO - Sync 2 DAGs
[2025-12-14T17:08:18.636+0000] {logging_mixin.py:188} INFO - [2025-12-14T17:08:18.636+0000] {dag.py:3954} INFO - Setting next_dagrun for example_subdag_operator.section-1 to None, run_after=None
[2025-12-14T17:08:18.637+0000] {logging_mixin.py:188} INFO - [2025-12-14T17:08:18.637+0000] {dag.py:3954} INFO - Setting next_dagrun for example_subdag_operator.section-2 to None, run_after=None
[2025-12-14T17:08:18.653+0000] {processor.py:183} INFO - Processing /home/airflow/.local/lib/python3.12/site-packages/airflow/example_dags/example_subdag_operator.py took 0.132 seconds
[2025-12-14T17:08:49.429+0000] {processor.py:161} INFO - Started process (PID=315) to work on /home/airflow/.local/lib/python3.12/site-packages/airflow/example_dags/example_subdag_operator.py
[2025-12-14T17:08:49.430+0000] {processor.py:830} INFO - Processing file /home/airflow/.local/lib/python3.12/site-packages/airflow/example_dags/example_subdag_operator.py for tasks to queue
[2025-12-14T17:08:49.432+0000] {logging_mixin.py:188} INFO - [2025-12-14T17:08:49.432+0000] {dagbag.py:540} INFO - Filling up the DagBag from /home/airflow/.local/lib/python3.12/site-packages/airflow/example_dags/example_subdag_operator.py
[2025-12-14T17:08:49.461+0000] {processor.py:840} INFO - DAG(s) 'example_subdag_operator.section-1', 'example_subdag_operator.section-2', 'example_subdag_operator' retrieved from /home/airflow/.local/lib/python3.12/site-packages/airflow/example_dags/example_subdag_operator.py
[2025-12-14T17:08:49.481+0000] {logging_mixin.py:188} INFO - [2025-12-14T17:08:49.480+0000] {dag.py:3096} INFO - Sync 3 DAGs
[2025-12-14T17:08:49.508+0000] {logging_mixin.py:188} INFO - [2025-12-14T17:08:49.508+0000] {dag.py:3954} INFO - Setting next_dagrun for example_subdag_operator to 2022-01-01 00:00:00+00:00, run_after=2022-01-01 00:00:00+00:00
[2025-12-14T17:08:49.514+0000] {logging_mixin.py:188} INFO - [2025-12-14T17:08:49.513+0000] {dag.py:3954} INFO - Setting next_dagrun for example_subdag_operator.section-1 to None, run_after=None
[2025-12-14T17:08:49.515+0000] {logging_mixin.py:188} INFO - [2025-12-14T17:08:49.515+0000] {dag.py:3954} INFO - Setting next_dagrun for example_subdag_operator.section-2 to None, run_after=None
[2025-12-14T17:08:49.524+0000] {logging_mixin.py:188} INFO - [2025-12-14T17:08:49.524+0000] {dag.py:3096} INFO - Sync 2 DAGs
[2025-12-14T17:08:49.531+0000] {logging_mixin.py:188} INFO - [2025-12-14T17:08:49.531+0000] {dag.py:3954} INFO - Setting next_dagrun for example_subdag_operator.section-1 to None, run_after=None
[2025-12-14T17:08:49.532+0000] {logging_mixin.py:188} INFO - [2025-12-14T17:08:49.532+0000] {dag.py:3954} INFO - Setting next_dagrun for example_subdag_operator.section-2 to None, run_after=None
[2025-12-14T17:08:49.549+0000] {processor.py:183} INFO - Processing /home/airflow/.local/lib/python3.12/site-packages/airflow/example_dags/example_subdag_operator.py took 0.127 seconds
[2025-12-14T17:09:19.711+0000] {processor.py:161} INFO - Started process (PID=386) to work on /home/airflow/.local/lib/python3.12/site-packages/airflow/example_dags/example_subdag_operator.py
[2025-12-14T17:09:19.713+0000] {processor.py:830} INFO - Processing file /home/airflow/.local/lib/python3.12/site-packages/airflow/example_dags/example_subdag_operator.py for tasks to queue
[2025-12-14T17:09:19.715+0000] {logging_mixin.py:188} INFO - [2025-12-14T17:09:19.715+0000] {dagbag.py:540} INFO - Filling up the DagBag from /home/airflow/.local/lib/python3.12/site-packages/airflow/example_dags/example_subdag_operator.py
[2025-12-14T17:09:19.746+0000] {processor.py:840} INFO - DAG(s) 'example_subdag_operator.section-1', 'example_subdag_operator.section-2', 'example_subdag_operator' retrieved from /home/airflow/.local/lib/python3.12/site-packages/airflow/example_dags/example_subdag_operator.py
[2025-12-14T17:09:19.764+0000] {logging_mixin.py:188} INFO - [2025-12-14T17:09:19.763+0000] {dag.py:3096} INFO - Sync 3 DAGs
[2025-12-14T17:09:19.790+0000] {logging_mixin.py:188} INFO - [2025-12-14T17:09:19.789+0000] {dag.py:3954} INFO - Setting next_dagrun for example_subdag_operator to 2022-01-01 00:00:00+00:00, run_after=2022-01-01 00:00:00+00:00
[2025-12-14T17:09:19.794+0000] {logging_mixin.py:188} INFO - [2025-12-14T17:09:19.794+0000] {dag.py:3954} INFO - Setting next_dagrun for example_subdag_operator.section-1 to None, run_after=None
[2025-12-14T17:09:19.795+0000] {logging_mixin.py:188} INFO - [2025-12-14T17:09:19.795+0000] {dag.py:3954} INFO - Setting next_dagrun for example_subdag_operator.section-2 to None, run_after=None
[2025-12-14T17:09:19.804+0000] {logging_mixin.py:188} INFO - [2025-12-14T17:09:19.804+0000] {dag.py:3096} INFO - Sync 2 DAGs
[2025-12-14T17:09:19.810+0000] {logging_mixin.py:188} INFO - [2025-12-14T17:09:19.810+0000] {dag.py:3954} INFO - Setting next_dagrun for example_subdag_operator.section-1 to None, run_after=None
[2025-12-14T17:09:19.811+0000] {logging_mixin.py:188} INFO - [2025-12-14T17:09:19.811+0000] {dag.py:3954} INFO - Setting next_dagrun for example_subdag_operator.section-2 to None, run_after=None
[2025-12-14T17:09:19.826+0000] {processor.py:183} INFO - Processing /home/airflow/.local/lib/python3.12/site-packages/airflow/example_dags/example_subdag_operator.py took 0.121 seconds
[2025-12-14T17:09:50.149+0000] {processor.py:161} INFO - Started process (PID=457) to work on /home/airflow/.local/lib/python3.12/site-packages/airflow/example_dags/example_subdag_operator.py
[2025-12-14T17:09:50.151+0000] {processor.py:830} INFO - Processing file /home/airflow/.local/lib/python3.12/site-packages/airflow/example_dags/example_subdag_operator.py for tasks to queue
[2025-12-14T17:09:50.155+0000] {logging_mixin.py:188} INFO - [2025-12-14T17:09:50.154+0000] {dagbag.py:540} INFO - Filling up the DagBag from /home/airflow/.local/lib/python3.12/site-packages/airflow/example_dags/example_subdag_operator.py
[2025-12-14T17:09:50.195+0000] {processor.py:840} INFO - DAG(s) 'example_subdag_operator.section-1', 'example_subdag_operator.section-2', 'example_subdag_operator' retrieved from /home/airflow/.local/lib/python3.12/site-packages/airflow/example_dags/example_subdag_operator.py
[2025-12-14T17:09:50.217+0000] {logging_mixin.py:188} INFO - [2025-12-14T17:09:50.217+0000] {dag.py:3096} INFO - Sync 3 DAGs
[2025-12-14T17:09:50.247+0000] {logging_mixin.py:188} INFO - [2025-12-14T17:09:50.246+0000] {dag.py:3954} INFO - Setting next_dagrun for example_subdag_operator to 2022-01-01 00:00:00+00:00, run_after=2022-01-01 00:00:00+00:00
[2025-12-14T17:09:50.252+0000] {logging_mixin.py:188} INFO - [2025-12-14T17:09:50.252+0000] {dag.py:3954} INFO - Setting next_dagrun for example_subdag_operator.section-1 to None, run_after=None
[2025-12-14T17:09:50.255+0000] {logging_mixin.py:188} INFO - [2025-12-14T17:09:50.254+0000] {dag.py:3954} INFO - Setting next_dagrun for example_subdag_operator.section-2 to None, run_after=None
[2025-12-14T17:09:50.265+0000] {logging_mixin.py:188} INFO - [2025-12-14T17:09:50.265+0000] {dag.py:3096} INFO - Sync 2 DAGs
[2025-12-14T17:09:50.273+0000] {logging_mixin.py:188} INFO - [2025-12-14T17:09:50.272+0000] {dag.py:3954} INFO - Setting next_dagrun for example_subdag_operator.section-1 to None, run_after=None
[2025-12-14T17:09:50.274+0000] {logging_mixin.py:188} INFO - [2025-12-14T17:09:50.274+0000] {dag.py:3954} INFO - Setting next_dagrun for example_subdag_operator.section-2 to None, run_after=None
[2025-12-14T17:09:50.292+0000] {processor.py:183} INFO - Processing /home/airflow/.local/lib/python3.12/site-packages/airflow/example_dags/example_subdag_operator.py took 0.151 seconds
[2025-12-14T17:10:20.758+0000] {processor.py:161} INFO - Started process (PID=541) to work on /home/airflow/.local/lib/python3.12/site-packages/airflow/example_dags/example_subdag_operator.py
[2025-12-14T17:10:20.760+0000] {processor.py:830} INFO - Processing file /home/airflow/.local/lib/python3.12/site-packages/airflow/example_dags/example_subdag_operator.py for tasks to queue
[2025-12-14T17:10:20.763+0000] {logging_mixin.py:188} INFO - [2025-12-14T17:10:20.762+0000] {dagbag.py:540} INFO - Filling up the DagBag from /home/airflow/.local/lib/python3.12/site-packages/airflow/example_dags/example_subdag_operator.py
[2025-12-14T17:10:20.791+0000] {processor.py:840} INFO - DAG(s) 'example_subdag_operator.section-1', 'example_subdag_operator.section-2', 'example_subdag_operator' retrieved from /home/airflow/.local/lib/python3.12/site-packages/airflow/example_dags/example_subdag_operator.py
[2025-12-14T17:10:20.809+0000] {logging_mixin.py:188} INFO - [2025-12-14T17:10:20.809+0000] {dag.py:3096} INFO - Sync 3 DAGs
[2025-12-14T17:10:20.834+0000] {logging_mixin.py:188} INFO - [2025-12-14T17:10:20.833+0000] {dag.py:3954} INFO - Setting next_dagrun for example_subdag_operator to 2022-01-01 00:00:00+00:00, run_after=2022-01-01 00:00:00+00:00
[2025-12-14T17:10:20.838+0000] {logging_mixin.py:188} INFO - [2025-12-14T17:10:20.838+0000] {dag.py:3954} INFO - Setting next_dagrun for example_subdag_operator.section-1 to None, run_after=None
[2025-12-14T17:10:20.840+0000] {logging_mixin.py:188} INFO - [2025-12-14T17:10:20.840+0000] {dag.py:3954} INFO - Setting next_dagrun for example_subdag_operator.section-2 to None, run_after=None
[2025-12-14T17:10:20.850+0000] {logging_mixin.py:188} INFO - [2025-12-14T17:10:20.849+0000] {dag.py:3096} INFO - Sync 2 DAGs
[2025-12-14T17:10:20.856+0000] {logging_mixin.py:188} INFO - [2025-12-14T17:10:20.856+0000] {dag.py:3954} INFO - Setting next_dagrun for example_subdag_operator.section-1 to None, run_after=None
[2025-12-14T17:10:20.857+0000] {logging_mixin.py:188} INFO - [2025-12-14T17:10:20.857+0000] {dag.py:3954} INFO - Setting next_dagrun for example_subdag_operator.section-2 to None, run_after=None
[2025-12-14T17:10:20.877+0000] {processor.py:183} INFO - Processing /home/airflow/.local/lib/python3.12/site-packages/airflow/example_dags/example_subdag_operator.py took 0.125 seconds
[2025-12-14T17:10:51.102+0000] {processor.py:161} INFO - Started process (PID=612) to work on /home/airflow/.local/lib/python3.12/site-packages/airflow/example_dags/example_subdag_operator.py
[2025-12-14T17:10:51.104+0000] {processor.py:830} INFO - Processing file /home/airflow/.local/lib/python3.12/site-packages/airflow/example_dags/example_subdag_operator.py for tasks to queue
[2025-12-14T17:10:51.107+0000] {logging_mixin.py:188} INFO - [2025-12-14T17:10:51.106+0000] {dagbag.py:540} INFO - Filling up the DagBag from /home/airflow/.local/lib/python3.12/site-packages/airflow/example_dags/example_subdag_operator.py
[2025-12-14T17:10:51.140+0000] {processor.py:840} INFO - DAG(s) 'example_subdag_operator.section-1', 'example_subdag_operator.section-2', 'example_subdag_operator' retrieved from /home/airflow/.local/lib/python3.12/site-packages/airflow/example_dags/example_subdag_operator.py
[2025-12-14T17:10:51.159+0000] {logging_mixin.py:188} INFO - [2025-12-14T17:10:51.159+0000] {dag.py:3096} INFO - Sync 3 DAGs
[2025-12-14T17:10:51.185+0000] {logging_mixin.py:188} INFO - [2025-12-14T17:10:51.185+0000] {dag.py:3954} INFO - Setting next_dagrun for example_subdag_operator to 2022-01-01 00:00:00+00:00, run_after=2022-01-01 00:00:00+00:00
[2025-12-14T17:10:51.190+0000] {logging_mixin.py:188} INFO - [2025-12-14T17:10:51.190+0000] {dag.py:3954} INFO - Setting next_dagrun for example_subdag_operator.section-1 to None, run_after=None
[2025-12-14T17:10:51.192+0000] {logging_mixin.py:188} INFO - [2025-12-14T17:10:51.191+0000] {dag.py:3954} INFO - Setting next_dagrun for example_subdag_operator.section-2 to None, run_after=None
[2025-12-14T17:10:51.200+0000] {logging_mixin.py:188} INFO - [2025-12-14T17:10:51.200+0000] {dag.py:3096} INFO - Sync 2 DAGs
[2025-12-14T17:10:51.206+0000] {logging_mixin.py:188} INFO - [2025-12-14T17:10:51.206+0000] {dag.py:3954} INFO - Setting next_dagrun for example_subdag_operator.section-1 to None, run_after=None
[2025-12-14T17:10:51.207+0000] {logging_mixin.py:188} INFO - [2025-12-14T17:10:51.207+0000] {dag.py:3954} INFO - Setting next_dagrun for example_subdag_operator.section-2 to None, run_after=None
[2025-12-14T17:10:51.221+0000] {processor.py:183} INFO - Processing /home/airflow/.local/lib/python3.12/site-packages/airflow/example_dags/example_subdag_operator.py took 0.126 seconds
[2025-12-14T17:11:21.686+0000] {processor.py:161} INFO - Started process (PID=683) to work on /home/airflow/.local/lib/python3.12/site-packages/airflow/example_dags/example_subdag_operator.py
[2025-12-14T17:11:21.687+0000] {processor.py:830} INFO - Processing file /home/airflow/.local/lib/python3.12/site-packages/airflow/example_dags/example_subdag_operator.py for tasks to queue
[2025-12-14T17:11:21.689+0000] {logging_mixin.py:188} INFO - [2025-12-14T17:11:21.689+0000] {dagbag.py:540} INFO - Filling up the DagBag from /home/airflow/.local/lib/python3.12/site-packages/airflow/example_dags/example_subdag_operator.py
[2025-12-14T17:11:21.720+0000] {processor.py:840} INFO - DAG(s) 'example_subdag_operator.section-1', 'example_subdag_operator.section-2', 'example_subdag_operator' retrieved from /home/airflow/.local/lib/python3.12/site-packages/airflow/example_dags/example_subdag_operator.py
[2025-12-14T17:11:21.737+0000] {logging_mixin.py:188} INFO - [2025-12-14T17:11:21.737+0000] {dag.py:3096} INFO - Sync 3 DAGs
[2025-12-14T17:11:21.759+0000] {logging_mixin.py:188} INFO - [2025-12-14T17:11:21.759+0000] {dag.py:3954} INFO - Setting next_dagrun for example_subdag_operator to 2022-01-01 00:00:00+00:00, run_after=2022-01-01 00:00:00+00:00
[2025-12-14T17:11:21.763+0000] {logging_mixin.py:188} INFO - [2025-12-14T17:11:21.763+0000] {dag.py:3954} INFO - Setting next_dagrun for example_subdag_operator.section-1 to None, run_after=None
[2025-12-14T17:11:21.765+0000] {logging_mixin.py:188} INFO - [2025-12-14T17:11:21.765+0000] {dag.py:3954} INFO - Setting next_dagrun for example_subdag_operator.section-2 to None, run_after=None
[2025-12-14T17:11:21.773+0000] {logging_mixin.py:188} INFO - [2025-12-14T17:11:21.773+0000] {dag.py:3096} INFO - Sync 2 DAGs
[2025-12-14T17:11:21.781+0000] {logging_mixin.py:188} INFO - [2025-12-14T17:11:21.781+0000] {dag.py:3954} INFO - Setting next_dagrun for example_subdag_operator.section-1 to None, run_after=None
[2025-12-14T17:11:21.782+0000] {logging_mixin.py:188} INFO - [2025-12-14T17:11:21.782+0000] {dag.py:3954} INFO - Setting next_dagrun for example_subdag_operator.section-2 to None, run_after=None
[2025-12-14T17:11:21.797+0000] {processor.py:183} INFO - Processing /home/airflow/.local/lib/python3.12/site-packages/airflow/example_dags/example_subdag_operator.py took 0.118 seconds
[2025-12-14T17:11:51.939+0000] {processor.py:161} INFO - Started process (PID=754) to work on /home/airflow/.local/lib/python3.12/site-packages/airflow/example_dags/example_subdag_operator.py
[2025-12-14T17:11:51.940+0000] {processor.py:830} INFO - Processing file /home/airflow/.local/lib/python3.12/site-packages/airflow/example_dags/example_subdag_operator.py for tasks to queue
[2025-12-14T17:11:51.943+0000] {logging_mixin.py:188} INFO - [2025-12-14T17:11:51.942+0000] {dagbag.py:540} INFO - Filling up the DagBag from /home/airflow/.local/lib/python3.12/site-packages/airflow/example_dags/example_subdag_operator.py
[2025-12-14T17:11:51.971+0000] {processor.py:840} INFO - DAG(s) 'example_subdag_operator.section-1', 'example_subdag_operator.section-2', 'example_subdag_operator' retrieved from /home/airflow/.local/lib/python3.12/site-packages/airflow/example_dags/example_subdag_operator.py
[2025-12-14T17:11:51.987+0000] {logging_mixin.py:188} INFO - [2025-12-14T17:11:51.987+0000] {dag.py:3096} INFO - Sync 3 DAGs
[2025-12-14T17:11:52.010+0000] {logging_mixin.py:188} INFO - [2025-12-14T17:11:52.010+0000] {dag.py:3954} INFO - Setting next_dagrun for example_subdag_operator to 2022-01-01 00:00:00+00:00, run_after=2022-01-01 00:00:00+00:00
[2025-12-14T17:11:52.014+0000] {logging_mixin.py:188} INFO - [2025-12-14T17:11:52.014+0000] {dag.py:3954} INFO - Setting next_dagrun for example_subdag_operator.section-1 to None, run_after=None
[2025-12-14T17:11:52.016+0000] {logging_mixin.py:188} INFO - [2025-12-14T17:11:52.015+0000] {dag.py:3954} INFO - Setting next_dagrun for example_subdag_operator.section-2 to None, run_after=None
[2025-12-14T17:11:52.024+0000] {logging_mixin.py:188} INFO - [2025-12-14T17:11:52.023+0000] {dag.py:3096} INFO - Sync 2 DAGs
[2025-12-14T17:11:52.029+0000] {logging_mixin.py:188} INFO - [2025-12-14T17:11:52.029+0000] {dag.py:3954} INFO - Setting next_dagrun for example_subdag_operator.section-1 to None, run_after=None
[2025-12-14T17:11:52.030+0000] {logging_mixin.py:188} INFO - [2025-12-14T17:11:52.030+0000] {dag.py:3954} INFO - Setting next_dagrun for example_subdag_operator.section-2 to None, run_after=None
[2025-12-14T17:11:52.044+0000] {processor.py:183} INFO - Processing /home/airflow/.local/lib/python3.12/site-packages/airflow/example_dags/example_subdag_operator.py took 0.112 seconds
[2025-12-14T17:12:22.251+0000] {processor.py:161} INFO - Started process (PID=825) to work on /home/airflow/.local/lib/python3.12/site-packages/airflow/example_dags/example_subdag_operator.py
[2025-12-14T17:12:22.252+0000] {processor.py:830} INFO - Processing file /home/airflow/.local/lib/python3.12/site-packages/airflow/example_dags/example_subdag_operator.py for tasks to queue
[2025-12-14T17:12:22.255+0000] {logging_mixin.py:188} INFO - [2025-12-14T17:12:22.254+0000] {dagbag.py:540} INFO - Filling up the DagBag from /home/airflow/.local/lib/python3.12/site-packages/airflow/example_dags/example_subdag_operator.py
[2025-12-14T17:12:22.284+0000] {processor.py:840} INFO - DAG(s) 'example_subdag_operator.section-1', 'example_subdag_operator.section-2', 'example_subdag_operator' retrieved from /home/airflow/.local/lib/python3.12/site-packages/airflow/example_dags/example_subdag_operator.py
[2025-12-14T17:12:22.301+0000] {logging_mixin.py:188} INFO - [2025-12-14T17:12:22.301+0000] {dag.py:3096} INFO - Sync 3 DAGs
[2025-12-14T17:12:22.325+0000] {logging_mixin.py:188} INFO - [2025-12-14T17:12:22.324+0000] {dag.py:3954} INFO - Setting next_dagrun for example_subdag_operator to 2022-01-01 00:00:00+00:00, run_after=2022-01-01 00:00:00+00:00
[2025-12-14T17:12:22.329+0000] {logging_mixin.py:188} INFO - [2025-12-14T17:12:22.329+0000] {dag.py:3954} INFO - Setting next_dagrun for example_subdag_operator.section-1 to None, run_after=None
[2025-12-14T17:12:22.331+0000] {logging_mixin.py:188} INFO - [2025-12-14T17:12:22.330+0000] {dag.py:3954} INFO - Setting next_dagrun for example_subdag_operator.section-2 to None, run_after=None
[2025-12-14T17:12:22.338+0000] {logging_mixin.py:188} INFO - [2025-12-14T17:12:22.338+0000] {dag.py:3096} INFO - Sync 2 DAGs
[2025-12-14T17:12:22.345+0000] {logging_mixin.py:188} INFO - [2025-12-14T17:12:22.345+0000] {dag.py:3954} INFO - Setting next_dagrun for example_subdag_operator.section-1 to None, run_after=None
[2025-12-14T17:12:22.346+0000] {logging_mixin.py:188} INFO - [2025-12-14T17:12:22.345+0000] {dag.py:3954} INFO - Setting next_dagrun for example_subdag_operator.section-2 to None, run_after=None
[2025-12-14T17:12:22.360+0000] {processor.py:183} INFO - Processing /home/airflow/.local/lib/python3.12/site-packages/airflow/example_dags/example_subdag_operator.py took 0.116 seconds
[2025-12-14T17:12:52.793+0000] {processor.py:161} INFO - Started process (PID=897) to work on /home/airflow/.local/lib/python3.12/site-packages/airflow/example_dags/example_subdag_operator.py
[2025-12-14T17:12:52.795+0000] {processor.py:830} INFO - Processing file /home/airflow/.local/lib/python3.12/site-packages/airflow/example_dags/example_subdag_operator.py for tasks to queue
[2025-12-14T17:12:52.801+0000] {logging_mixin.py:188} INFO - [2025-12-14T17:12:52.800+0000] {dagbag.py:540} INFO - Filling up the DagBag from /home/airflow/.local/lib/python3.12/site-packages/airflow/example_dags/example_subdag_operator.py
[2025-12-14T17:12:52.840+0000] {processor.py:840} INFO - DAG(s) 'example_subdag_operator.section-1', 'example_subdag_operator.section-2', 'example_subdag_operator' retrieved from /home/airflow/.local/lib/python3.12/site-packages/airflow/example_dags/example_subdag_operator.py
[2025-12-14T17:12:52.862+0000] {logging_mixin.py:188} INFO - [2025-12-14T17:12:52.862+0000] {dag.py:3096} INFO - Sync 3 DAGs
[2025-12-14T17:12:52.893+0000] {logging_mixin.py:188} INFO - [2025-12-14T17:12:52.893+0000] {dag.py:3954} INFO - Setting next_dagrun for example_subdag_operator to 2022-01-01 00:00:00+00:00, run_after=2022-01-01 00:00:00+00:00
[2025-12-14T17:12:52.899+0000] {logging_mixin.py:188} INFO - [2025-12-14T17:12:52.899+0000] {dag.py:3954} INFO - Setting next_dagrun for example_subdag_operator.section-1 to None, run_after=None
[2025-12-14T17:12:52.901+0000] {logging_mixin.py:188} INFO - [2025-12-14T17:12:52.901+0000] {dag.py:3954} INFO - Setting next_dagrun for example_subdag_operator.section-2 to None, run_after=None
[2025-12-14T17:12:52.911+0000] {logging_mixin.py:188} INFO - [2025-12-14T17:12:52.911+0000] {dag.py:3096} INFO - Sync 2 DAGs
[2025-12-14T17:12:52.920+0000] {logging_mixin.py:188} INFO - [2025-12-14T17:12:52.919+0000] {dag.py:3954} INFO - Setting next_dagrun for example_subdag_operator.section-1 to None, run_after=None
[2025-12-14T17:12:52.921+0000] {logging_mixin.py:188} INFO - [2025-12-14T17:12:52.920+0000] {dag.py:3954} INFO - Setting next_dagrun for example_subdag_operator.section-2 to None, run_after=None
[2025-12-14T17:12:52.942+0000] {processor.py:183} INFO - Processing /home/airflow/.local/lib/python3.12/site-packages/airflow/example_dags/example_subdag_operator.py took 0.157 seconds
[2025-12-14T17:13:23.099+0000] {processor.py:161} INFO - Started process (PID=968) to work on /home/airflow/.local/lib/python3.12/site-packages/airflow/example_dags/example_subdag_operator.py
[2025-12-14T17:13:23.101+0000] {processor.py:830} INFO - Processing file /home/airflow/.local/lib/python3.12/site-packages/airflow/example_dags/example_subdag_operator.py for tasks to queue
[2025-12-14T17:13:23.103+0000] {logging_mixin.py:188} INFO - [2025-12-14T17:13:23.103+0000] {dagbag.py:540} INFO - Filling up the DagBag from /home/airflow/.local/lib/python3.12/site-packages/airflow/example_dags/example_subdag_operator.py
[2025-12-14T17:13:23.133+0000] {processor.py:840} INFO - DAG(s) 'example_subdag_operator.section-1', 'example_subdag_operator.section-2', 'example_subdag_operator' retrieved from /home/airflow/.local/lib/python3.12/site-packages/airflow/example_dags/example_subdag_operator.py
[2025-12-14T17:13:23.152+0000] {logging_mixin.py:188} INFO - [2025-12-14T17:13:23.152+0000] {dag.py:3096} INFO - Sync 3 DAGs
[2025-12-14T17:13:23.176+0000] {logging_mixin.py:188} INFO - [2025-12-14T17:13:23.175+0000] {dag.py:3954} INFO - Setting next_dagrun for example_subdag_operator to 2022-01-01 00:00:00+00:00, run_after=2022-01-01 00:00:00+00:00
[2025-12-14T17:13:23.180+0000] {logging_mixin.py:188} INFO - [2025-12-14T17:13:23.180+0000] {dag.py:3954} INFO - Setting next_dagrun for example_subdag_operator.section-1 to None, run_after=None
[2025-12-14T17:13:23.181+0000] {logging_mixin.py:188} INFO - [2025-12-14T17:13:23.181+0000] {dag.py:3954} INFO - Setting next_dagrun for example_subdag_operator.section-2 to None, run_after=None
[2025-12-14T17:13:23.190+0000] {logging_mixin.py:188} INFO - [2025-12-14T17:13:23.189+0000] {dag.py:3096} INFO - Sync 2 DAGs
[2025-12-14T17:13:23.195+0000] {logging_mixin.py:188} INFO - [2025-12-14T17:13:23.195+0000] {dag.py:3954} INFO - Setting next_dagrun for example_subdag_operator.section-1 to None, run_after=None
[2025-12-14T17:13:23.196+0000] {logging_mixin.py:188} INFO - [2025-12-14T17:13:23.196+0000] {dag.py:3954} INFO - Setting next_dagrun for example_subdag_operator.section-2 to None, run_after=None
[2025-12-14T17:13:23.212+0000] {processor.py:183} INFO - Processing /home/airflow/.local/lib/python3.12/site-packages/airflow/example_dags/example_subdag_operator.py took 0.120 seconds
[2025-12-14T17:13:53.331+0000] {processor.py:161} INFO - Started process (PID=1039) to work on /home/airflow/.local/lib/python3.12/site-packages/airflow/example_dags/example_subdag_operator.py
[2025-12-14T17:13:53.333+0000] {processor.py:830} INFO - Processing file /home/airflow/.local/lib/python3.12/site-packages/airflow/example_dags/example_subdag_operator.py for tasks to queue
[2025-12-14T17:13:53.336+0000] {logging_mixin.py:188} INFO - [2025-12-14T17:13:53.335+0000] {dagbag.py:540} INFO - Filling up the DagBag from /home/airflow/.local/lib/python3.12/site-packages/airflow/example_dags/example_subdag_operator.py
[2025-12-14T17:13:53.385+0000] {processor.py:840} INFO - DAG(s) 'example_subdag_operator.section-1', 'example_subdag_operator.section-2', 'example_subdag_operator' retrieved from /home/airflow/.local/lib/python3.12/site-packages/airflow/example_dags/example_subdag_operator.py
[2025-12-14T17:13:53.402+0000] {logging_mixin.py:188} INFO - [2025-12-14T17:13:53.402+0000] {dag.py:3096} INFO - Sync 3 DAGs
[2025-12-14T17:13:53.427+0000] {logging_mixin.py:188} INFO - [2025-12-14T17:13:53.427+0000] {dag.py:3954} INFO - Setting next_dagrun for example_subdag_operator to 2022-01-01 00:00:00+00:00, run_after=2022-01-01 00:00:00+00:00
[2025-12-14T17:13:53.433+0000] {logging_mixin.py:188} INFO - [2025-12-14T17:13:53.432+0000] {dag.py:3954} INFO - Setting next_dagrun for example_subdag_operator.section-1 to None, run_after=None
[2025-12-14T17:13:53.435+0000] {logging_mixin.py:188} INFO - [2025-12-14T17:13:53.435+0000] {dag.py:3954} INFO - Setting next_dagrun for example_subdag_operator.section-2 to None, run_after=None
[2025-12-14T17:13:53.445+0000] {logging_mixin.py:188} INFO - [2025-12-14T17:13:53.444+0000] {dag.py:3096} INFO - Sync 2 DAGs
[2025-12-14T17:13:53.456+0000] {logging_mixin.py:188} INFO - [2025-12-14T17:13:53.455+0000] {dag.py:3954} INFO - Setting next_dagrun for example_subdag_operator.section-1 to None, run_after=None
[2025-12-14T17:13:53.457+0000] {logging_mixin.py:188} INFO - [2025-12-14T17:13:53.457+0000] {dag.py:3954} INFO - Setting next_dagrun for example_subdag_operator.section-2 to None, run_after=None
[2025-12-14T17:13:53.474+0000] {processor.py:183} INFO - Processing /home/airflow/.local/lib/python3.12/site-packages/airflow/example_dags/example_subdag_operator.py took 0.150 seconds
[2025-12-14T17:14:24.405+0000] {processor.py:161} INFO - Started process (PID=1100) to work on /home/airflow/.local/lib/python3.12/site-packages/airflow/example_dags/example_subdag_operator.py
[2025-12-14T17:14:24.410+0000] {processor.py:830} INFO - Processing file /home/airflow/.local/lib/python3.12/site-packages/airflow/example_dags/example_subdag_operator.py for tasks to queue
[2025-12-14T17:14:24.420+0000] {logging_mixin.py:188} INFO - [2025-12-14T17:14:24.419+0000] {dagbag.py:540} INFO - Filling up the DagBag from /home/airflow/.local/lib/python3.12/site-packages/airflow/example_dags/example_subdag_operator.py
[2025-12-14T17:14:24.473+0000] {processor.py:840} INFO - DAG(s) 'example_subdag_operator.section-1', 'example_subdag_operator.section-2', 'example_subdag_operator' retrieved from /home/airflow/.local/lib/python3.12/site-packages/airflow/example_dags/example_subdag_operator.py
[2025-12-14T17:14:24.511+0000] {logging_mixin.py:188} INFO - [2025-12-14T17:14:24.511+0000] {dag.py:3096} INFO - Sync 3 DAGs
[2025-12-14T17:14:24.552+0000] {logging_mixin.py:188} INFO - [2025-12-14T17:14:24.552+0000] {dag.py:3954} INFO - Setting next_dagrun for example_subdag_operator to 2022-01-01 00:00:00+00:00, run_after=2022-01-01 00:00:00+00:00
[2025-12-14T17:14:24.557+0000] {logging_mixin.py:188} INFO - [2025-12-14T17:14:24.557+0000] {dag.py:3954} INFO - Setting next_dagrun for example_subdag_operator.section-1 to None, run_after=None
[2025-12-14T17:14:24.559+0000] {logging_mixin.py:188} INFO - [2025-12-14T17:14:24.559+0000] {dag.py:3954} INFO - Setting next_dagrun for example_subdag_operator.section-2 to None, run_after=None
[2025-12-14T17:14:24.752+0000] {logging_mixin.py:188} INFO - [2025-12-14T17:14:24.751+0000] {dag.py:3096} INFO - Sync 2 DAGs
[2025-12-14T17:14:24.758+0000] {logging_mixin.py:188} INFO - [2025-12-14T17:14:24.758+0000] {dag.py:3954} INFO - Setting next_dagrun for example_subdag_operator.section-1 to None, run_after=None
[2025-12-14T17:14:24.759+0000] {logging_mixin.py:188} INFO - [2025-12-14T17:14:24.759+0000] {dag.py:3954} INFO - Setting next_dagrun for example_subdag_operator.section-2 to None, run_after=None
[2025-12-14T17:14:24.778+0000] {processor.py:183} INFO - Processing /home/airflow/.local/lib/python3.12/site-packages/airflow/example_dags/example_subdag_operator.py took 0.384 seconds
[2025-12-14T17:14:55.208+0000] {processor.py:161} INFO - Started process (PID=1169) to work on /home/airflow/.local/lib/python3.12/site-packages/airflow/example_dags/example_subdag_operator.py
[2025-12-14T17:14:55.210+0000] {processor.py:830} INFO - Processing file /home/airflow/.local/lib/python3.12/site-packages/airflow/example_dags/example_subdag_operator.py for tasks to queue
[2025-12-14T17:14:55.212+0000] {logging_mixin.py:188} INFO - [2025-12-14T17:14:55.212+0000] {dagbag.py:540} INFO - Filling up the DagBag from /home/airflow/.local/lib/python3.12/site-packages/airflow/example_dags/example_subdag_operator.py
[2025-12-14T17:14:55.240+0000] {processor.py:840} INFO - DAG(s) 'example_subdag_operator.section-1', 'example_subdag_operator.section-2', 'example_subdag_operator' retrieved from /home/airflow/.local/lib/python3.12/site-packages/airflow/example_dags/example_subdag_operator.py
[2025-12-14T17:14:55.258+0000] {logging_mixin.py:188} INFO - [2025-12-14T17:14:55.258+0000] {dag.py:3096} INFO - Sync 3 DAGs
[2025-12-14T17:14:55.282+0000] {logging_mixin.py:188} INFO - [2025-12-14T17:14:55.282+0000] {dag.py:3954} INFO - Setting next_dagrun for example_subdag_operator to 2022-01-01 00:00:00+00:00, run_after=2022-01-01 00:00:00+00:00
[2025-12-14T17:14:55.287+0000] {logging_mixin.py:188} INFO - [2025-12-14T17:14:55.286+0000] {dag.py:3954} INFO - Setting next_dagrun for example_subdag_operator.section-1 to None, run_after=None
[2025-12-14T17:14:55.288+0000] {logging_mixin.py:188} INFO - [2025-12-14T17:14:55.288+0000] {dag.py:3954} INFO - Setting next_dagrun for example_subdag_operator.section-2 to None, run_after=None
[2025-12-14T17:14:55.296+0000] {logging_mixin.py:188} INFO - [2025-12-14T17:14:55.296+0000] {dag.py:3096} INFO - Sync 2 DAGs
[2025-12-14T17:14:55.302+0000] {logging_mixin.py:188} INFO - [2025-12-14T17:14:55.302+0000] {dag.py:3954} INFO - Setting next_dagrun for example_subdag_operator.section-1 to None, run_after=None
[2025-12-14T17:14:55.303+0000] {logging_mixin.py:188} INFO - [2025-12-14T17:14:55.302+0000] {dag.py:3954} INFO - Setting next_dagrun for example_subdag_operator.section-2 to None, run_after=None
[2025-12-14T17:14:55.318+0000] {processor.py:183} INFO - Processing /home/airflow/.local/lib/python3.12/site-packages/airflow/example_dags/example_subdag_operator.py took 0.117 seconds
[2025-12-14T17:15:25.497+0000] {processor.py:161} INFO - Started process (PID=1241) to work on /home/airflow/.local/lib/python3.12/site-packages/airflow/example_dags/example_subdag_operator.py
[2025-12-14T17:15:25.498+0000] {processor.py:830} INFO - Processing file /home/airflow/.local/lib/python3.12/site-packages/airflow/example_dags/example_subdag_operator.py for tasks to queue
[2025-12-14T17:15:25.501+0000] {logging_mixin.py:188} INFO - [2025-12-14T17:15:25.501+0000] {dagbag.py:540} INFO - Filling up the DagBag from /home/airflow/.local/lib/python3.12/site-packages/airflow/example_dags/example_subdag_operator.py
[2025-12-14T17:15:25.528+0000] {processor.py:840} INFO - DAG(s) 'example_subdag_operator.section-1', 'example_subdag_operator.section-2', 'example_subdag_operator' retrieved from /home/airflow/.local/lib/python3.12/site-packages/airflow/example_dags/example_subdag_operator.py
[2025-12-14T17:15:25.545+0000] {logging_mixin.py:188} INFO - [2025-12-14T17:15:25.545+0000] {dag.py:3096} INFO - Sync 3 DAGs
[2025-12-14T17:15:25.569+0000] {logging_mixin.py:188} INFO - [2025-12-14T17:15:25.568+0000] {dag.py:3954} INFO - Setting next_dagrun for example_subdag_operator to 2022-01-01 00:00:00+00:00, run_after=2022-01-01 00:00:00+00:00
[2025-12-14T17:15:25.573+0000] {logging_mixin.py:188} INFO - [2025-12-14T17:15:25.572+0000] {dag.py:3954} INFO - Setting next_dagrun for example_subdag_operator.section-1 to None, run_after=None
[2025-12-14T17:15:25.574+0000] {logging_mixin.py:188} INFO - [2025-12-14T17:15:25.574+0000] {dag.py:3954} INFO - Setting next_dagrun for example_subdag_operator.section-2 to None, run_after=None
[2025-12-14T17:15:25.582+0000] {logging_mixin.py:188} INFO - [2025-12-14T17:15:25.581+0000] {dag.py:3096} INFO - Sync 2 DAGs
[2025-12-14T17:15:25.589+0000] {logging_mixin.py:188} INFO - [2025-12-14T17:15:25.588+0000] {dag.py:3954} INFO - Setting next_dagrun for example_subdag_operator.section-1 to None, run_after=None
[2025-12-14T17:15:25.589+0000] {logging_mixin.py:188} INFO - [2025-12-14T17:15:25.589+0000] {dag.py:3954} INFO - Setting next_dagrun for example_subdag_operator.section-2 to None, run_after=None
[2025-12-14T17:15:25.605+0000] {processor.py:183} INFO - Processing /home/airflow/.local/lib/python3.12/site-packages/airflow/example_dags/example_subdag_operator.py took 0.115 seconds
[2025-12-14T17:15:56.007+0000] {processor.py:161} INFO - Started process (PID=1312) to work on /home/airflow/.local/lib/python3.12/site-packages/airflow/example_dags/example_subdag_operator.py
[2025-12-14T17:15:56.010+0000] {processor.py:830} INFO - Processing file /home/airflow/.local/lib/python3.12/site-packages/airflow/example_dags/example_subdag_operator.py for tasks to queue
[2025-12-14T17:15:56.016+0000] {logging_mixin.py:188} INFO - [2025-12-14T17:15:56.013+0000] {dagbag.py:540} INFO - Filling up the DagBag from /home/airflow/.local/lib/python3.12/site-packages/airflow/example_dags/example_subdag_operator.py
[2025-12-14T17:15:56.052+0000] {processor.py:840} INFO - DAG(s) 'example_subdag_operator.section-1', 'example_subdag_operator.section-2', 'example_subdag_operator' retrieved from /home/airflow/.local/lib/python3.12/site-packages/airflow/example_dags/example_subdag_operator.py
[2025-12-14T17:15:56.075+0000] {logging_mixin.py:188} INFO - [2025-12-14T17:15:56.075+0000] {dag.py:3096} INFO - Sync 3 DAGs
[2025-12-14T17:15:56.105+0000] {logging_mixin.py:188} INFO - [2025-12-14T17:15:56.104+0000] {dag.py:3954} INFO - Setting next_dagrun for example_subdag_operator to 2022-01-01 00:00:00+00:00, run_after=2022-01-01 00:00:00+00:00
[2025-12-14T17:15:56.110+0000] {logging_mixin.py:188} INFO - [2025-12-14T17:15:56.110+0000] {dag.py:3954} INFO - Setting next_dagrun for example_subdag_operator.section-1 to None, run_after=None
[2025-12-14T17:15:56.112+0000] {logging_mixin.py:188} INFO - [2025-12-14T17:15:56.112+0000] {dag.py:3954} INFO - Setting next_dagrun for example_subdag_operator.section-2 to None, run_after=None
[2025-12-14T17:15:56.123+0000] {logging_mixin.py:188} INFO - [2025-12-14T17:15:56.123+0000] {dag.py:3096} INFO - Sync 2 DAGs
[2025-12-14T17:15:56.130+0000] {logging_mixin.py:188} INFO - [2025-12-14T17:15:56.130+0000] {dag.py:3954} INFO - Setting next_dagrun for example_subdag_operator.section-1 to None, run_after=None
[2025-12-14T17:15:56.131+0000] {logging_mixin.py:188} INFO - [2025-12-14T17:15:56.131+0000] {dag.py:3954} INFO - Setting next_dagrun for example_subdag_operator.section-2 to None, run_after=None
[2025-12-14T17:15:56.148+0000] {processor.py:183} INFO - Processing /home/airflow/.local/lib/python3.12/site-packages/airflow/example_dags/example_subdag_operator.py took 0.148 seconds
