[2025-12-14T16:49:12.790+0000] {processor.py:161} INFO - Started process (PID=88) to work on /home/airflow/.local/lib/python3.12/site-packages/airflow/example_dags/example_branch_day_of_week_operator.py
[2025-12-14T16:49:12.792+0000] {processor.py:830} INFO - Processing file /home/airflow/.local/lib/python3.12/site-packages/airflow/example_dags/example_branch_day_of_week_operator.py for tasks to queue
[2025-12-14T16:49:12.796+0000] {logging_mixin.py:188} INFO - [2025-12-14T16:49:12.795+0000] {dagbag.py:540} INFO - Filling up the DagBag from /home/airflow/.local/lib/python3.12/site-packages/airflow/example_dags/example_branch_day_of_week_operator.py
[2025-12-14T16:49:12.808+0000] {processor.py:840} INFO - DAG(s) 'example_weekday_branch_operator' retrieved from /home/airflow/.local/lib/python3.12/site-packages/airflow/example_dags/example_branch_day_of_week_operator.py
[2025-12-14T16:49:13.037+0000] {logging_mixin.py:188} INFO - [2025-12-14T16:49:13.036+0000] {dag.py:3096} INFO - Sync 1 DAGs
[2025-12-14T16:49:13.085+0000] {logging_mixin.py:188} INFO - [2025-12-14T16:49:13.084+0000] {dag.py:3954} INFO - Setting next_dagrun for example_weekday_branch_operator to 2025-12-13 00:00:00+00:00, run_after=2025-12-14 00:00:00+00:00
[2025-12-14T16:49:13.127+0000] {processor.py:183} INFO - Processing /home/airflow/.local/lib/python3.12/site-packages/airflow/example_dags/example_branch_day_of_week_operator.py took 0.346 seconds
[2025-12-14T16:49:43.797+0000] {processor.py:161} INFO - Started process (PID=153) to work on /home/airflow/.local/lib/python3.12/site-packages/airflow/example_dags/example_branch_day_of_week_operator.py
[2025-12-14T16:49:43.798+0000] {processor.py:830} INFO - Processing file /home/airflow/.local/lib/python3.12/site-packages/airflow/example_dags/example_branch_day_of_week_operator.py for tasks to queue
[2025-12-14T16:49:43.801+0000] {logging_mixin.py:188} INFO - [2025-12-14T16:49:43.800+0000] {dagbag.py:540} INFO - Filling up the DagBag from /home/airflow/.local/lib/python3.12/site-packages/airflow/example_dags/example_branch_day_of_week_operator.py
[2025-12-14T16:49:43.810+0000] {processor.py:840} INFO - DAG(s) 'example_weekday_branch_operator' retrieved from /home/airflow/.local/lib/python3.12/site-packages/airflow/example_dags/example_branch_day_of_week_operator.py
[2025-12-14T16:49:43.837+0000] {logging_mixin.py:188} INFO - [2025-12-14T16:49:43.836+0000] {dag.py:3096} INFO - Sync 1 DAGs
[2025-12-14T16:49:43.865+0000] {logging_mixin.py:188} INFO - [2025-12-14T16:49:43.865+0000] {dag.py:3954} INFO - Setting next_dagrun for example_weekday_branch_operator to 2025-12-13 00:00:00+00:00, run_after=2025-12-14 00:00:00+00:00
[2025-12-14T16:49:43.890+0000] {processor.py:183} INFO - Processing /home/airflow/.local/lib/python3.12/site-packages/airflow/example_dags/example_branch_day_of_week_operator.py took 0.100 seconds
[2025-12-14T16:50:14.291+0000] {processor.py:161} INFO - Started process (PID=211) to work on /home/airflow/.local/lib/python3.12/site-packages/airflow/example_dags/example_branch_day_of_week_operator.py
[2025-12-14T16:50:14.292+0000] {processor.py:830} INFO - Processing file /home/airflow/.local/lib/python3.12/site-packages/airflow/example_dags/example_branch_day_of_week_operator.py for tasks to queue
[2025-12-14T16:50:14.298+0000] {logging_mixin.py:188} INFO - [2025-12-14T16:50:14.298+0000] {dagbag.py:540} INFO - Filling up the DagBag from /home/airflow/.local/lib/python3.12/site-packages/airflow/example_dags/example_branch_day_of_week_operator.py
[2025-12-14T16:50:14.311+0000] {processor.py:840} INFO - DAG(s) 'example_weekday_branch_operator' retrieved from /home/airflow/.local/lib/python3.12/site-packages/airflow/example_dags/example_branch_day_of_week_operator.py
[2025-12-14T16:50:14.345+0000] {logging_mixin.py:188} INFO - [2025-12-14T16:50:14.344+0000] {dag.py:3096} INFO - Sync 1 DAGs
[2025-12-14T16:50:14.377+0000] {logging_mixin.py:188} INFO - [2025-12-14T16:50:14.377+0000] {dag.py:3954} INFO - Setting next_dagrun for example_weekday_branch_operator to 2025-12-13 00:00:00+00:00, run_after=2025-12-14 00:00:00+00:00
[2025-12-14T16:50:14.405+0000] {processor.py:183} INFO - Processing /home/airflow/.local/lib/python3.12/site-packages/airflow/example_dags/example_branch_day_of_week_operator.py took 0.124 seconds
[2025-12-14T16:50:44.549+0000] {processor.py:161} INFO - Started process (PID=276) to work on /home/airflow/.local/lib/python3.12/site-packages/airflow/example_dags/example_branch_day_of_week_operator.py
[2025-12-14T16:50:44.551+0000] {processor.py:830} INFO - Processing file /home/airflow/.local/lib/python3.12/site-packages/airflow/example_dags/example_branch_day_of_week_operator.py for tasks to queue
[2025-12-14T16:50:44.553+0000] {logging_mixin.py:188} INFO - [2025-12-14T16:50:44.553+0000] {dagbag.py:540} INFO - Filling up the DagBag from /home/airflow/.local/lib/python3.12/site-packages/airflow/example_dags/example_branch_day_of_week_operator.py
[2025-12-14T16:50:44.562+0000] {processor.py:840} INFO - DAG(s) 'example_weekday_branch_operator' retrieved from /home/airflow/.local/lib/python3.12/site-packages/airflow/example_dags/example_branch_day_of_week_operator.py
[2025-12-14T16:50:44.590+0000] {logging_mixin.py:188} INFO - [2025-12-14T16:50:44.589+0000] {dag.py:3096} INFO - Sync 1 DAGs
[2025-12-14T16:50:44.630+0000] {logging_mixin.py:188} INFO - [2025-12-14T16:50:44.629+0000] {dag.py:3954} INFO - Setting next_dagrun for example_weekday_branch_operator to 2025-12-13 00:00:00+00:00, run_after=2025-12-14 00:00:00+00:00
[2025-12-14T16:50:44.663+0000] {processor.py:183} INFO - Processing /home/airflow/.local/lib/python3.12/site-packages/airflow/example_dags/example_branch_day_of_week_operator.py took 0.120 seconds
[2025-12-14T16:51:14.774+0000] {processor.py:161} INFO - Started process (PID=334) to work on /home/airflow/.local/lib/python3.12/site-packages/airflow/example_dags/example_branch_day_of_week_operator.py
[2025-12-14T16:51:14.776+0000] {processor.py:830} INFO - Processing file /home/airflow/.local/lib/python3.12/site-packages/airflow/example_dags/example_branch_day_of_week_operator.py for tasks to queue
[2025-12-14T16:51:14.778+0000] {logging_mixin.py:188} INFO - [2025-12-14T16:51:14.778+0000] {dagbag.py:540} INFO - Filling up the DagBag from /home/airflow/.local/lib/python3.12/site-packages/airflow/example_dags/example_branch_day_of_week_operator.py
[2025-12-14T16:51:14.789+0000] {processor.py:840} INFO - DAG(s) 'example_weekday_branch_operator' retrieved from /home/airflow/.local/lib/python3.12/site-packages/airflow/example_dags/example_branch_day_of_week_operator.py
[2025-12-14T16:51:14.822+0000] {logging_mixin.py:188} INFO - [2025-12-14T16:51:14.821+0000] {dag.py:3096} INFO - Sync 1 DAGs
[2025-12-14T16:51:14.853+0000] {logging_mixin.py:188} INFO - [2025-12-14T16:51:14.853+0000] {dag.py:3954} INFO - Setting next_dagrun for example_weekday_branch_operator to 2025-12-13 00:00:00+00:00, run_after=2025-12-14 00:00:00+00:00
[2025-12-14T16:51:15.650+0000] {processor.py:183} INFO - Processing /home/airflow/.local/lib/python3.12/site-packages/airflow/example_dags/example_branch_day_of_week_operator.py took 0.884 seconds
[2025-12-14T16:51:46.476+0000] {processor.py:161} INFO - Started process (PID=392) to work on /home/airflow/.local/lib/python3.12/site-packages/airflow/example_dags/example_branch_day_of_week_operator.py
[2025-12-14T16:51:46.483+0000] {processor.py:830} INFO - Processing file /home/airflow/.local/lib/python3.12/site-packages/airflow/example_dags/example_branch_day_of_week_operator.py for tasks to queue
[2025-12-14T16:51:46.495+0000] {logging_mixin.py:188} INFO - [2025-12-14T16:51:46.493+0000] {dagbag.py:540} INFO - Filling up the DagBag from /home/airflow/.local/lib/python3.12/site-packages/airflow/example_dags/example_branch_day_of_week_operator.py
[2025-12-14T16:51:46.550+0000] {processor.py:840} INFO - DAG(s) 'example_weekday_branch_operator' retrieved from /home/airflow/.local/lib/python3.12/site-packages/airflow/example_dags/example_branch_day_of_week_operator.py
[2025-12-14T16:51:46.696+0000] {logging_mixin.py:188} INFO - [2025-12-14T16:51:46.695+0000] {dag.py:3096} INFO - Sync 1 DAGs
[2025-12-14T16:51:46.741+0000] {logging_mixin.py:188} INFO - [2025-12-14T16:51:46.741+0000] {dag.py:3954} INFO - Setting next_dagrun for example_weekday_branch_operator to 2025-12-13 00:00:00+00:00, run_after=2025-12-14 00:00:00+00:00
[2025-12-14T16:51:46.768+0000] {processor.py:183} INFO - Processing /home/airflow/.local/lib/python3.12/site-packages/airflow/example_dags/example_branch_day_of_week_operator.py took 0.337 seconds
[2025-12-14T16:52:17.482+0000] {processor.py:161} INFO - Started process (PID=450) to work on /home/airflow/.local/lib/python3.12/site-packages/airflow/example_dags/example_branch_day_of_week_operator.py
[2025-12-14T16:52:17.483+0000] {processor.py:830} INFO - Processing file /home/airflow/.local/lib/python3.12/site-packages/airflow/example_dags/example_branch_day_of_week_operator.py for tasks to queue
[2025-12-14T16:52:17.486+0000] {logging_mixin.py:188} INFO - [2025-12-14T16:52:17.485+0000] {dagbag.py:540} INFO - Filling up the DagBag from /home/airflow/.local/lib/python3.12/site-packages/airflow/example_dags/example_branch_day_of_week_operator.py
[2025-12-14T16:52:17.497+0000] {processor.py:840} INFO - DAG(s) 'example_weekday_branch_operator' retrieved from /home/airflow/.local/lib/python3.12/site-packages/airflow/example_dags/example_branch_day_of_week_operator.py
[2025-12-14T16:52:17.523+0000] {logging_mixin.py:188} INFO - [2025-12-14T16:52:17.523+0000] {dag.py:3096} INFO - Sync 1 DAGs
[2025-12-14T16:52:17.550+0000] {logging_mixin.py:188} INFO - [2025-12-14T16:52:17.550+0000] {dag.py:3954} INFO - Setting next_dagrun for example_weekday_branch_operator to 2025-12-13 00:00:00+00:00, run_after=2025-12-14 00:00:00+00:00
[2025-12-14T16:52:17.578+0000] {processor.py:183} INFO - Processing /home/airflow/.local/lib/python3.12/site-packages/airflow/example_dags/example_branch_day_of_week_operator.py took 0.104 seconds
[2025-12-14T16:55:09.336+0000] {processor.py:161} INFO - Started process (PID=141) to work on /home/airflow/.local/lib/python3.12/site-packages/airflow/example_dags/example_branch_day_of_week_operator.py
[2025-12-14T16:55:09.339+0000] {processor.py:830} INFO - Processing file /home/airflow/.local/lib/python3.12/site-packages/airflow/example_dags/example_branch_day_of_week_operator.py for tasks to queue
[2025-12-14T16:55:09.342+0000] {logging_mixin.py:188} INFO - [2025-12-14T16:55:09.341+0000] {dagbag.py:540} INFO - Filling up the DagBag from /home/airflow/.local/lib/python3.12/site-packages/airflow/example_dags/example_branch_day_of_week_operator.py
[2025-12-14T16:55:09.354+0000] {processor.py:840} INFO - DAG(s) 'example_weekday_branch_operator' retrieved from /home/airflow/.local/lib/python3.12/site-packages/airflow/example_dags/example_branch_day_of_week_operator.py
[2025-12-14T16:55:09.517+0000] {logging_mixin.py:188} INFO - [2025-12-14T16:55:09.517+0000] {dag.py:3096} INFO - Sync 1 DAGs
[2025-12-14T16:55:09.545+0000] {logging_mixin.py:188} INFO - [2025-12-14T16:55:09.545+0000] {dag.py:3954} INFO - Setting next_dagrun for example_weekday_branch_operator to 2025-12-13 00:00:00+00:00, run_after=2025-12-14 00:00:00+00:00
[2025-12-14T16:55:09.588+0000] {processor.py:183} INFO - Processing /home/airflow/.local/lib/python3.12/site-packages/airflow/example_dags/example_branch_day_of_week_operator.py took 0.260 seconds
[2025-12-14T16:55:39.651+0000] {processor.py:161} INFO - Started process (PID=213) to work on /home/airflow/.local/lib/python3.12/site-packages/airflow/example_dags/example_branch_day_of_week_operator.py
[2025-12-14T16:55:39.653+0000] {processor.py:830} INFO - Processing file /home/airflow/.local/lib/python3.12/site-packages/airflow/example_dags/example_branch_day_of_week_operator.py for tasks to queue
[2025-12-14T16:55:39.656+0000] {logging_mixin.py:188} INFO - [2025-12-14T16:55:39.655+0000] {dagbag.py:540} INFO - Filling up the DagBag from /home/airflow/.local/lib/python3.12/site-packages/airflow/example_dags/example_branch_day_of_week_operator.py
[2025-12-14T16:55:39.666+0000] {processor.py:840} INFO - DAG(s) 'example_weekday_branch_operator' retrieved from /home/airflow/.local/lib/python3.12/site-packages/airflow/example_dags/example_branch_day_of_week_operator.py
[2025-12-14T16:55:39.692+0000] {logging_mixin.py:188} INFO - [2025-12-14T16:55:39.692+0000] {dag.py:3096} INFO - Sync 1 DAGs
[2025-12-14T16:55:39.715+0000] {logging_mixin.py:188} INFO - [2025-12-14T16:55:39.715+0000] {dag.py:3954} INFO - Setting next_dagrun for example_weekday_branch_operator to 2025-12-13 00:00:00+00:00, run_after=2025-12-14 00:00:00+00:00
[2025-12-14T16:55:39.801+0000] {processor.py:183} INFO - Processing /home/airflow/.local/lib/python3.12/site-packages/airflow/example_dags/example_branch_day_of_week_operator.py took 0.158 seconds
[2025-12-14T16:56:10.518+0000] {processor.py:161} INFO - Started process (PID=284) to work on /home/airflow/.local/lib/python3.12/site-packages/airflow/example_dags/example_branch_day_of_week_operator.py
[2025-12-14T16:56:10.520+0000] {processor.py:830} INFO - Processing file /home/airflow/.local/lib/python3.12/site-packages/airflow/example_dags/example_branch_day_of_week_operator.py for tasks to queue
[2025-12-14T16:56:10.523+0000] {logging_mixin.py:188} INFO - [2025-12-14T16:56:10.522+0000] {dagbag.py:540} INFO - Filling up the DagBag from /home/airflow/.local/lib/python3.12/site-packages/airflow/example_dags/example_branch_day_of_week_operator.py
[2025-12-14T16:56:10.537+0000] {processor.py:840} INFO - DAG(s) 'example_weekday_branch_operator' retrieved from /home/airflow/.local/lib/python3.12/site-packages/airflow/example_dags/example_branch_day_of_week_operator.py
[2025-12-14T16:56:10.576+0000] {logging_mixin.py:188} INFO - [2025-12-14T16:56:10.576+0000] {dag.py:3096} INFO - Sync 1 DAGs
[2025-12-14T16:56:10.641+0000] {logging_mixin.py:188} INFO - [2025-12-14T16:56:10.640+0000] {dag.py:3954} INFO - Setting next_dagrun for example_weekday_branch_operator to 2025-12-13 00:00:00+00:00, run_after=2025-12-14 00:00:00+00:00
[2025-12-14T16:56:10.697+0000] {processor.py:183} INFO - Processing /home/airflow/.local/lib/python3.12/site-packages/airflow/example_dags/example_branch_day_of_week_operator.py took 0.189 seconds
[2025-12-14T16:56:40.765+0000] {processor.py:161} INFO - Started process (PID=343) to work on /home/airflow/.local/lib/python3.12/site-packages/airflow/example_dags/example_branch_day_of_week_operator.py
[2025-12-14T16:56:40.767+0000] {processor.py:830} INFO - Processing file /home/airflow/.local/lib/python3.12/site-packages/airflow/example_dags/example_branch_day_of_week_operator.py for tasks to queue
[2025-12-14T16:56:40.770+0000] {logging_mixin.py:188} INFO - [2025-12-14T16:56:40.769+0000] {dagbag.py:540} INFO - Filling up the DagBag from /home/airflow/.local/lib/python3.12/site-packages/airflow/example_dags/example_branch_day_of_week_operator.py
[2025-12-14T16:56:40.780+0000] {processor.py:840} INFO - DAG(s) 'example_weekday_branch_operator' retrieved from /home/airflow/.local/lib/python3.12/site-packages/airflow/example_dags/example_branch_day_of_week_operator.py
[2025-12-14T16:56:40.806+0000] {logging_mixin.py:188} INFO - [2025-12-14T16:56:40.806+0000] {dag.py:3096} INFO - Sync 1 DAGs
[2025-12-14T16:56:40.834+0000] {logging_mixin.py:188} INFO - [2025-12-14T16:56:40.834+0000] {dag.py:3954} INFO - Setting next_dagrun for example_weekday_branch_operator to 2025-12-13 00:00:00+00:00, run_after=2025-12-14 00:00:00+00:00
[2025-12-14T16:56:40.863+0000] {processor.py:183} INFO - Processing /home/airflow/.local/lib/python3.12/site-packages/airflow/example_dags/example_branch_day_of_week_operator.py took 0.106 seconds
[2025-12-14T16:57:11.908+0000] {processor.py:161} INFO - Started process (PID=414) to work on /home/airflow/.local/lib/python3.12/site-packages/airflow/example_dags/example_branch_day_of_week_operator.py
[2025-12-14T16:57:11.909+0000] {processor.py:830} INFO - Processing file /home/airflow/.local/lib/python3.12/site-packages/airflow/example_dags/example_branch_day_of_week_operator.py for tasks to queue
[2025-12-14T16:57:11.912+0000] {logging_mixin.py:188} INFO - [2025-12-14T16:57:11.912+0000] {dagbag.py:540} INFO - Filling up the DagBag from /home/airflow/.local/lib/python3.12/site-packages/airflow/example_dags/example_branch_day_of_week_operator.py
[2025-12-14T16:57:11.922+0000] {processor.py:840} INFO - DAG(s) 'example_weekday_branch_operator' retrieved from /home/airflow/.local/lib/python3.12/site-packages/airflow/example_dags/example_branch_day_of_week_operator.py
[2025-12-14T16:57:11.947+0000] {logging_mixin.py:188} INFO - [2025-12-14T16:57:11.946+0000] {dag.py:3096} INFO - Sync 1 DAGs
[2025-12-14T16:57:11.975+0000] {logging_mixin.py:188} INFO - [2025-12-14T16:57:11.974+0000] {dag.py:3954} INFO - Setting next_dagrun for example_weekday_branch_operator to 2025-12-13 00:00:00+00:00, run_after=2025-12-14 00:00:00+00:00
[2025-12-14T16:57:11.998+0000] {processor.py:183} INFO - Processing /home/airflow/.local/lib/python3.12/site-packages/airflow/example_dags/example_branch_day_of_week_operator.py took 0.098 seconds
[2025-12-14T16:58:33.467+0000] {processor.py:161} INFO - Started process (PID=90) to work on /home/airflow/.local/lib/python3.12/site-packages/airflow/example_dags/example_branch_day_of_week_operator.py
[2025-12-14T16:58:33.469+0000] {processor.py:830} INFO - Processing file /home/airflow/.local/lib/python3.12/site-packages/airflow/example_dags/example_branch_day_of_week_operator.py for tasks to queue
[2025-12-14T16:58:33.471+0000] {logging_mixin.py:188} INFO - [2025-12-14T16:58:33.471+0000] {dagbag.py:540} INFO - Filling up the DagBag from /home/airflow/.local/lib/python3.12/site-packages/airflow/example_dags/example_branch_day_of_week_operator.py
[2025-12-14T16:58:33.481+0000] {processor.py:840} INFO - DAG(s) 'example_weekday_branch_operator' retrieved from /home/airflow/.local/lib/python3.12/site-packages/airflow/example_dags/example_branch_day_of_week_operator.py
[2025-12-14T16:58:33.640+0000] {logging_mixin.py:188} INFO - [2025-12-14T16:58:33.640+0000] {dag.py:3096} INFO - Sync 1 DAGs
[2025-12-14T16:58:33.667+0000] {logging_mixin.py:188} INFO - [2025-12-14T16:58:33.667+0000] {dag.py:3954} INFO - Setting next_dagrun for example_weekday_branch_operator to 2025-12-13 00:00:00+00:00, run_after=2025-12-14 00:00:00+00:00
[2025-12-14T16:58:33.695+0000] {processor.py:183} INFO - Processing /home/airflow/.local/lib/python3.12/site-packages/airflow/example_dags/example_branch_day_of_week_operator.py took 0.235 seconds
[2025-12-14T16:59:03.802+0000] {processor.py:161} INFO - Started process (PID=150) to work on /home/airflow/.local/lib/python3.12/site-packages/airflow/example_dags/example_branch_day_of_week_operator.py
[2025-12-14T16:59:03.804+0000] {processor.py:830} INFO - Processing file /home/airflow/.local/lib/python3.12/site-packages/airflow/example_dags/example_branch_day_of_week_operator.py for tasks to queue
[2025-12-14T16:59:03.808+0000] {logging_mixin.py:188} INFO - [2025-12-14T16:59:03.807+0000] {dagbag.py:540} INFO - Filling up the DagBag from /home/airflow/.local/lib/python3.12/site-packages/airflow/example_dags/example_branch_day_of_week_operator.py
[2025-12-14T16:59:03.818+0000] {processor.py:840} INFO - DAG(s) 'example_weekday_branch_operator' retrieved from /home/airflow/.local/lib/python3.12/site-packages/airflow/example_dags/example_branch_day_of_week_operator.py
[2025-12-14T16:59:03.853+0000] {logging_mixin.py:188} INFO - [2025-12-14T16:59:03.852+0000] {dag.py:3096} INFO - Sync 1 DAGs
[2025-12-14T16:59:03.893+0000] {logging_mixin.py:188} INFO - [2025-12-14T16:59:03.893+0000] {dag.py:3954} INFO - Setting next_dagrun for example_weekday_branch_operator to 2025-12-13 00:00:00+00:00, run_after=2025-12-14 00:00:00+00:00
[2025-12-14T16:59:03.938+0000] {processor.py:183} INFO - Processing /home/airflow/.local/lib/python3.12/site-packages/airflow/example_dags/example_branch_day_of_week_operator.py took 0.145 seconds
[2025-12-14T16:59:35.286+0000] {processor.py:161} INFO - Started process (PID=210) to work on /home/airflow/.local/lib/python3.12/site-packages/airflow/example_dags/example_branch_day_of_week_operator.py
[2025-12-14T16:59:35.287+0000] {processor.py:830} INFO - Processing file /home/airflow/.local/lib/python3.12/site-packages/airflow/example_dags/example_branch_day_of_week_operator.py for tasks to queue
[2025-12-14T16:59:35.289+0000] {logging_mixin.py:188} INFO - [2025-12-14T16:59:35.289+0000] {dagbag.py:540} INFO - Filling up the DagBag from /home/airflow/.local/lib/python3.12/site-packages/airflow/example_dags/example_branch_day_of_week_operator.py
[2025-12-14T16:59:35.301+0000] {processor.py:840} INFO - DAG(s) 'example_weekday_branch_operator' retrieved from /home/airflow/.local/lib/python3.12/site-packages/airflow/example_dags/example_branch_day_of_week_operator.py
[2025-12-14T16:59:35.335+0000] {logging_mixin.py:188} INFO - [2025-12-14T16:59:35.334+0000] {dag.py:3096} INFO - Sync 1 DAGs
[2025-12-14T16:59:35.367+0000] {logging_mixin.py:188} INFO - [2025-12-14T16:59:35.367+0000] {dag.py:3954} INFO - Setting next_dagrun for example_weekday_branch_operator to 2025-12-13 00:00:00+00:00, run_after=2025-12-14 00:00:00+00:00
[2025-12-14T16:59:35.395+0000] {processor.py:183} INFO - Processing /home/airflow/.local/lib/python3.12/site-packages/airflow/example_dags/example_branch_day_of_week_operator.py took 0.119 seconds
[2025-12-14T17:00:06.246+0000] {processor.py:161} INFO - Started process (PID=270) to work on /home/airflow/.local/lib/python3.12/site-packages/airflow/example_dags/example_branch_day_of_week_operator.py
[2025-12-14T17:00:06.247+0000] {processor.py:830} INFO - Processing file /home/airflow/.local/lib/python3.12/site-packages/airflow/example_dags/example_branch_day_of_week_operator.py for tasks to queue
[2025-12-14T17:00:06.249+0000] {logging_mixin.py:188} INFO - [2025-12-14T17:00:06.248+0000] {dagbag.py:540} INFO - Filling up the DagBag from /home/airflow/.local/lib/python3.12/site-packages/airflow/example_dags/example_branch_day_of_week_operator.py
[2025-12-14T17:00:06.258+0000] {processor.py:840} INFO - DAG(s) 'example_weekday_branch_operator' retrieved from /home/airflow/.local/lib/python3.12/site-packages/airflow/example_dags/example_branch_day_of_week_operator.py
[2025-12-14T17:00:06.286+0000] {logging_mixin.py:188} INFO - [2025-12-14T17:00:06.286+0000] {dag.py:3096} INFO - Sync 1 DAGs
[2025-12-14T17:00:06.315+0000] {logging_mixin.py:188} INFO - [2025-12-14T17:00:06.314+0000] {dag.py:3954} INFO - Setting next_dagrun for example_weekday_branch_operator to 2025-12-13 00:00:00+00:00, run_after=2025-12-14 00:00:00+00:00
[2025-12-14T17:00:06.336+0000] {processor.py:183} INFO - Processing /home/airflow/.local/lib/python3.12/site-packages/airflow/example_dags/example_branch_day_of_week_operator.py took 0.096 seconds
[2025-12-14T17:00:37.118+0000] {processor.py:161} INFO - Started process (PID=330) to work on /home/airflow/.local/lib/python3.12/site-packages/airflow/example_dags/example_branch_day_of_week_operator.py
[2025-12-14T17:00:37.120+0000] {processor.py:830} INFO - Processing file /home/airflow/.local/lib/python3.12/site-packages/airflow/example_dags/example_branch_day_of_week_operator.py for tasks to queue
[2025-12-14T17:00:37.121+0000] {logging_mixin.py:188} INFO - [2025-12-14T17:00:37.121+0000] {dagbag.py:540} INFO - Filling up the DagBag from /home/airflow/.local/lib/python3.12/site-packages/airflow/example_dags/example_branch_day_of_week_operator.py
[2025-12-14T17:00:37.137+0000] {processor.py:840} INFO - DAG(s) 'example_weekday_branch_operator' retrieved from /home/airflow/.local/lib/python3.12/site-packages/airflow/example_dags/example_branch_day_of_week_operator.py
[2025-12-14T17:00:37.167+0000] {logging_mixin.py:188} INFO - [2025-12-14T17:00:37.167+0000] {dag.py:3096} INFO - Sync 1 DAGs
[2025-12-14T17:00:37.196+0000] {logging_mixin.py:188} INFO - [2025-12-14T17:00:37.196+0000] {dag.py:3954} INFO - Setting next_dagrun for example_weekday_branch_operator to 2025-12-13 00:00:00+00:00, run_after=2025-12-14 00:00:00+00:00
[2025-12-14T17:00:37.219+0000] {processor.py:183} INFO - Processing /home/airflow/.local/lib/python3.12/site-packages/airflow/example_dags/example_branch_day_of_week_operator.py took 0.108 seconds
[2025-12-14T17:02:51.008+0000] {processor.py:161} INFO - Started process (PID=128) to work on /home/airflow/.local/lib/python3.12/site-packages/airflow/example_dags/example_branch_day_of_week_operator.py
[2025-12-14T17:02:51.010+0000] {processor.py:830} INFO - Processing file /home/airflow/.local/lib/python3.12/site-packages/airflow/example_dags/example_branch_day_of_week_operator.py for tasks to queue
[2025-12-14T17:02:51.013+0000] {logging_mixin.py:188} INFO - [2025-12-14T17:02:51.012+0000] {dagbag.py:540} INFO - Filling up the DagBag from /home/airflow/.local/lib/python3.12/site-packages/airflow/example_dags/example_branch_day_of_week_operator.py
[2025-12-14T17:02:51.027+0000] {processor.py:840} INFO - DAG(s) 'example_weekday_branch_operator' retrieved from /home/airflow/.local/lib/python3.12/site-packages/airflow/example_dags/example_branch_day_of_week_operator.py
[2025-12-14T17:02:51.238+0000] {logging_mixin.py:188} INFO - [2025-12-14T17:02:51.237+0000] {dag.py:3096} INFO - Sync 1 DAGs
[2025-12-14T17:02:51.276+0000] {logging_mixin.py:188} INFO - [2025-12-14T17:02:51.276+0000] {dag.py:3954} INFO - Setting next_dagrun for example_weekday_branch_operator to 2025-12-13 00:00:00+00:00, run_after=2025-12-14 00:00:00+00:00
[2025-12-14T17:02:51.314+0000] {processor.py:183} INFO - Processing /home/airflow/.local/lib/python3.12/site-packages/airflow/example_dags/example_branch_day_of_week_operator.py took 0.315 seconds
[2025-12-14T17:03:21.968+0000] {processor.py:161} INFO - Started process (PID=199) to work on /home/airflow/.local/lib/python3.12/site-packages/airflow/example_dags/example_branch_day_of_week_operator.py
[2025-12-14T17:03:21.969+0000] {processor.py:830} INFO - Processing file /home/airflow/.local/lib/python3.12/site-packages/airflow/example_dags/example_branch_day_of_week_operator.py for tasks to queue
[2025-12-14T17:03:21.972+0000] {logging_mixin.py:188} INFO - [2025-12-14T17:03:21.972+0000] {dagbag.py:540} INFO - Filling up the DagBag from /home/airflow/.local/lib/python3.12/site-packages/airflow/example_dags/example_branch_day_of_week_operator.py
[2025-12-14T17:03:21.983+0000] {processor.py:840} INFO - DAG(s) 'example_weekday_branch_operator' retrieved from /home/airflow/.local/lib/python3.12/site-packages/airflow/example_dags/example_branch_day_of_week_operator.py
[2025-12-14T17:03:22.024+0000] {logging_mixin.py:188} INFO - [2025-12-14T17:03:22.024+0000] {dag.py:3096} INFO - Sync 1 DAGs
[2025-12-14T17:03:22.065+0000] {logging_mixin.py:188} INFO - [2025-12-14T17:03:22.065+0000] {dag.py:3954} INFO - Setting next_dagrun for example_weekday_branch_operator to 2025-12-13 00:00:00+00:00, run_after=2025-12-14 00:00:00+00:00
[2025-12-14T17:03:22.102+0000] {processor.py:183} INFO - Processing /home/airflow/.local/lib/python3.12/site-packages/airflow/example_dags/example_branch_day_of_week_operator.py took 0.144 seconds
[2025-12-14T17:03:53.116+0000] {processor.py:161} INFO - Started process (PID=270) to work on /home/airflow/.local/lib/python3.12/site-packages/airflow/example_dags/example_branch_day_of_week_operator.py
[2025-12-14T17:03:53.117+0000] {processor.py:830} INFO - Processing file /home/airflow/.local/lib/python3.12/site-packages/airflow/example_dags/example_branch_day_of_week_operator.py for tasks to queue
[2025-12-14T17:03:53.120+0000] {logging_mixin.py:188} INFO - [2025-12-14T17:03:53.119+0000] {dagbag.py:540} INFO - Filling up the DagBag from /home/airflow/.local/lib/python3.12/site-packages/airflow/example_dags/example_branch_day_of_week_operator.py
[2025-12-14T17:03:53.130+0000] {processor.py:840} INFO - DAG(s) 'example_weekday_branch_operator' retrieved from /home/airflow/.local/lib/python3.12/site-packages/airflow/example_dags/example_branch_day_of_week_operator.py
[2025-12-14T17:03:53.154+0000] {logging_mixin.py:188} INFO - [2025-12-14T17:03:53.154+0000] {dag.py:3096} INFO - Sync 1 DAGs
[2025-12-14T17:03:53.183+0000] {logging_mixin.py:188} INFO - [2025-12-14T17:03:53.182+0000] {dag.py:3954} INFO - Setting next_dagrun for example_weekday_branch_operator to 2025-12-13 00:00:00+00:00, run_after=2025-12-14 00:00:00+00:00
[2025-12-14T17:03:53.210+0000] {processor.py:183} INFO - Processing /home/airflow/.local/lib/python3.12/site-packages/airflow/example_dags/example_branch_day_of_week_operator.py took 0.105 seconds
[2025-12-14T17:04:24.326+0000] {processor.py:161} INFO - Started process (PID=341) to work on /home/airflow/.local/lib/python3.12/site-packages/airflow/example_dags/example_branch_day_of_week_operator.py
[2025-12-14T17:04:24.328+0000] {processor.py:830} INFO - Processing file /home/airflow/.local/lib/python3.12/site-packages/airflow/example_dags/example_branch_day_of_week_operator.py for tasks to queue
[2025-12-14T17:04:24.331+0000] {logging_mixin.py:188} INFO - [2025-12-14T17:04:24.330+0000] {dagbag.py:540} INFO - Filling up the DagBag from /home/airflow/.local/lib/python3.12/site-packages/airflow/example_dags/example_branch_day_of_week_operator.py
[2025-12-14T17:04:24.342+0000] {processor.py:840} INFO - DAG(s) 'example_weekday_branch_operator' retrieved from /home/airflow/.local/lib/python3.12/site-packages/airflow/example_dags/example_branch_day_of_week_operator.py
[2025-12-14T17:04:24.370+0000] {logging_mixin.py:188} INFO - [2025-12-14T17:04:24.370+0000] {dag.py:3096} INFO - Sync 1 DAGs
[2025-12-14T17:04:24.400+0000] {logging_mixin.py:188} INFO - [2025-12-14T17:04:24.399+0000] {dag.py:3954} INFO - Setting next_dagrun for example_weekday_branch_operator to 2025-12-13 00:00:00+00:00, run_after=2025-12-14 00:00:00+00:00
[2025-12-14T17:04:24.429+0000] {processor.py:183} INFO - Processing /home/airflow/.local/lib/python3.12/site-packages/airflow/example_dags/example_branch_day_of_week_operator.py took 0.113 seconds
[2025-12-14T17:07:16.300+0000] {processor.py:161} INFO - Started process (PID=119) to work on /home/airflow/.local/lib/python3.12/site-packages/airflow/example_dags/example_branch_day_of_week_operator.py
[2025-12-14T17:07:16.306+0000] {processor.py:830} INFO - Processing file /home/airflow/.local/lib/python3.12/site-packages/airflow/example_dags/example_branch_day_of_week_operator.py for tasks to queue
[2025-12-14T17:07:16.310+0000] {logging_mixin.py:188} INFO - [2025-12-14T17:07:16.309+0000] {dagbag.py:540} INFO - Filling up the DagBag from /home/airflow/.local/lib/python3.12/site-packages/airflow/example_dags/example_branch_day_of_week_operator.py
[2025-12-14T17:07:16.323+0000] {processor.py:840} INFO - DAG(s) 'example_weekday_branch_operator' retrieved from /home/airflow/.local/lib/python3.12/site-packages/airflow/example_dags/example_branch_day_of_week_operator.py
[2025-12-14T17:07:16.520+0000] {logging_mixin.py:188} INFO - [2025-12-14T17:07:16.520+0000] {dag.py:3096} INFO - Sync 1 DAGs
[2025-12-14T17:07:16.550+0000] {logging_mixin.py:188} INFO - [2025-12-14T17:07:16.550+0000] {dag.py:3954} INFO - Setting next_dagrun for example_weekday_branch_operator to 2025-12-13 00:00:00+00:00, run_after=2025-12-14 00:00:00+00:00
[2025-12-14T17:07:16.581+0000] {processor.py:183} INFO - Processing /home/airflow/.local/lib/python3.12/site-packages/airflow/example_dags/example_branch_day_of_week_operator.py took 0.291 seconds
[2025-12-14T17:07:47.989+0000] {processor.py:161} INFO - Started process (PID=190) to work on /home/airflow/.local/lib/python3.12/site-packages/airflow/example_dags/example_branch_day_of_week_operator.py
[2025-12-14T17:07:47.993+0000] {processor.py:830} INFO - Processing file /home/airflow/.local/lib/python3.12/site-packages/airflow/example_dags/example_branch_day_of_week_operator.py for tasks to queue
[2025-12-14T17:07:47.995+0000] {logging_mixin.py:188} INFO - [2025-12-14T17:07:47.995+0000] {dagbag.py:540} INFO - Filling up the DagBag from /home/airflow/.local/lib/python3.12/site-packages/airflow/example_dags/example_branch_day_of_week_operator.py
[2025-12-14T17:07:48.005+0000] {processor.py:840} INFO - DAG(s) 'example_weekday_branch_operator' retrieved from /home/airflow/.local/lib/python3.12/site-packages/airflow/example_dags/example_branch_day_of_week_operator.py
[2025-12-14T17:07:48.031+0000] {logging_mixin.py:188} INFO - [2025-12-14T17:07:48.031+0000] {dag.py:3096} INFO - Sync 1 DAGs
[2025-12-14T17:07:48.075+0000] {logging_mixin.py:188} INFO - [2025-12-14T17:07:48.074+0000] {dag.py:3954} INFO - Setting next_dagrun for example_weekday_branch_operator to 2025-12-13 00:00:00+00:00, run_after=2025-12-14 00:00:00+00:00
[2025-12-14T17:07:48.111+0000] {processor.py:183} INFO - Processing /home/airflow/.local/lib/python3.12/site-packages/airflow/example_dags/example_branch_day_of_week_operator.py took 0.129 seconds
[2025-12-14T17:08:19.442+0000] {processor.py:161} INFO - Started process (PID=261) to work on /home/airflow/.local/lib/python3.12/site-packages/airflow/example_dags/example_branch_day_of_week_operator.py
[2025-12-14T17:08:19.443+0000] {processor.py:830} INFO - Processing file /home/airflow/.local/lib/python3.12/site-packages/airflow/example_dags/example_branch_day_of_week_operator.py for tasks to queue
[2025-12-14T17:08:19.446+0000] {logging_mixin.py:188} INFO - [2025-12-14T17:08:19.446+0000] {dagbag.py:540} INFO - Filling up the DagBag from /home/airflow/.local/lib/python3.12/site-packages/airflow/example_dags/example_branch_day_of_week_operator.py
[2025-12-14T17:08:19.458+0000] {processor.py:840} INFO - DAG(s) 'example_weekday_branch_operator' retrieved from /home/airflow/.local/lib/python3.12/site-packages/airflow/example_dags/example_branch_day_of_week_operator.py
[2025-12-14T17:08:19.486+0000] {logging_mixin.py:188} INFO - [2025-12-14T17:08:19.486+0000] {dag.py:3096} INFO - Sync 1 DAGs
[2025-12-14T17:08:19.519+0000] {logging_mixin.py:188} INFO - [2025-12-14T17:08:19.518+0000] {dag.py:3954} INFO - Setting next_dagrun for example_weekday_branch_operator to 2025-12-13 00:00:00+00:00, run_after=2025-12-14 00:00:00+00:00
[2025-12-14T17:08:19.545+0000] {processor.py:183} INFO - Processing /home/airflow/.local/lib/python3.12/site-packages/airflow/example_dags/example_branch_day_of_week_operator.py took 0.112 seconds
[2025-12-14T17:08:49.741+0000] {processor.py:161} INFO - Started process (PID=320) to work on /home/airflow/.local/lib/python3.12/site-packages/airflow/example_dags/example_branch_day_of_week_operator.py
[2025-12-14T17:08:49.743+0000] {processor.py:830} INFO - Processing file /home/airflow/.local/lib/python3.12/site-packages/airflow/example_dags/example_branch_day_of_week_operator.py for tasks to queue
[2025-12-14T17:08:49.746+0000] {logging_mixin.py:188} INFO - [2025-12-14T17:08:49.745+0000] {dagbag.py:540} INFO - Filling up the DagBag from /home/airflow/.local/lib/python3.12/site-packages/airflow/example_dags/example_branch_day_of_week_operator.py
[2025-12-14T17:08:49.755+0000] {processor.py:840} INFO - DAG(s) 'example_weekday_branch_operator' retrieved from /home/airflow/.local/lib/python3.12/site-packages/airflow/example_dags/example_branch_day_of_week_operator.py
[2025-12-14T17:08:49.783+0000] {logging_mixin.py:188} INFO - [2025-12-14T17:08:49.783+0000] {dag.py:3096} INFO - Sync 1 DAGs
[2025-12-14T17:08:49.811+0000] {logging_mixin.py:188} INFO - [2025-12-14T17:08:49.810+0000] {dag.py:3954} INFO - Setting next_dagrun for example_weekday_branch_operator to 2025-12-13 00:00:00+00:00, run_after=2025-12-14 00:00:00+00:00
[2025-12-14T17:08:49.834+0000] {processor.py:183} INFO - Processing /home/airflow/.local/lib/python3.12/site-packages/airflow/example_dags/example_branch_day_of_week_operator.py took 0.100 seconds
[2025-12-14T17:09:20.012+0000] {processor.py:161} INFO - Started process (PID=391) to work on /home/airflow/.local/lib/python3.12/site-packages/airflow/example_dags/example_branch_day_of_week_operator.py
[2025-12-14T17:09:20.013+0000] {processor.py:830} INFO - Processing file /home/airflow/.local/lib/python3.12/site-packages/airflow/example_dags/example_branch_day_of_week_operator.py for tasks to queue
[2025-12-14T17:09:20.016+0000] {logging_mixin.py:188} INFO - [2025-12-14T17:09:20.016+0000] {dagbag.py:540} INFO - Filling up the DagBag from /home/airflow/.local/lib/python3.12/site-packages/airflow/example_dags/example_branch_day_of_week_operator.py
[2025-12-14T17:09:20.027+0000] {processor.py:840} INFO - DAG(s) 'example_weekday_branch_operator' retrieved from /home/airflow/.local/lib/python3.12/site-packages/airflow/example_dags/example_branch_day_of_week_operator.py
[2025-12-14T17:09:20.052+0000] {logging_mixin.py:188} INFO - [2025-12-14T17:09:20.052+0000] {dag.py:3096} INFO - Sync 1 DAGs
[2025-12-14T17:09:20.078+0000] {logging_mixin.py:188} INFO - [2025-12-14T17:09:20.077+0000] {dag.py:3954} INFO - Setting next_dagrun for example_weekday_branch_operator to 2025-12-13 00:00:00+00:00, run_after=2025-12-14 00:00:00+00:00
[2025-12-14T17:09:20.105+0000] {processor.py:183} INFO - Processing /home/airflow/.local/lib/python3.12/site-packages/airflow/example_dags/example_branch_day_of_week_operator.py took 0.100 seconds
[2025-12-14T17:09:50.509+0000] {processor.py:161} INFO - Started process (PID=462) to work on /home/airflow/.local/lib/python3.12/site-packages/airflow/example_dags/example_branch_day_of_week_operator.py
[2025-12-14T17:09:50.511+0000] {processor.py:830} INFO - Processing file /home/airflow/.local/lib/python3.12/site-packages/airflow/example_dags/example_branch_day_of_week_operator.py for tasks to queue
[2025-12-14T17:09:50.514+0000] {logging_mixin.py:188} INFO - [2025-12-14T17:09:50.513+0000] {dagbag.py:540} INFO - Filling up the DagBag from /home/airflow/.local/lib/python3.12/site-packages/airflow/example_dags/example_branch_day_of_week_operator.py
[2025-12-14T17:09:50.524+0000] {processor.py:840} INFO - DAG(s) 'example_weekday_branch_operator' retrieved from /home/airflow/.local/lib/python3.12/site-packages/airflow/example_dags/example_branch_day_of_week_operator.py
[2025-12-14T17:09:50.553+0000] {logging_mixin.py:188} INFO - [2025-12-14T17:09:50.553+0000] {dag.py:3096} INFO - Sync 1 DAGs
[2025-12-14T17:09:50.584+0000] {logging_mixin.py:188} INFO - [2025-12-14T17:09:50.584+0000] {dag.py:3954} INFO - Setting next_dagrun for example_weekday_branch_operator to 2025-12-13 00:00:00+00:00, run_after=2025-12-14 00:00:00+00:00
[2025-12-14T17:09:50.613+0000] {processor.py:183} INFO - Processing /home/airflow/.local/lib/python3.12/site-packages/airflow/example_dags/example_branch_day_of_week_operator.py took 0.113 seconds
[2025-12-14T17:10:21.093+0000] {processor.py:161} INFO - Started process (PID=546) to work on /home/airflow/.local/lib/python3.12/site-packages/airflow/example_dags/example_branch_day_of_week_operator.py
[2025-12-14T17:10:21.095+0000] {processor.py:830} INFO - Processing file /home/airflow/.local/lib/python3.12/site-packages/airflow/example_dags/example_branch_day_of_week_operator.py for tasks to queue
[2025-12-14T17:10:21.098+0000] {logging_mixin.py:188} INFO - [2025-12-14T17:10:21.097+0000] {dagbag.py:540} INFO - Filling up the DagBag from /home/airflow/.local/lib/python3.12/site-packages/airflow/example_dags/example_branch_day_of_week_operator.py
[2025-12-14T17:10:21.108+0000] {processor.py:840} INFO - DAG(s) 'example_weekday_branch_operator' retrieved from /home/airflow/.local/lib/python3.12/site-packages/airflow/example_dags/example_branch_day_of_week_operator.py
[2025-12-14T17:10:21.138+0000] {logging_mixin.py:188} INFO - [2025-12-14T17:10:21.138+0000] {dag.py:3096} INFO - Sync 1 DAGs
[2025-12-14T17:10:21.170+0000] {logging_mixin.py:188} INFO - [2025-12-14T17:10:21.170+0000] {dag.py:3954} INFO - Setting next_dagrun for example_weekday_branch_operator to 2025-12-13 00:00:00+00:00, run_after=2025-12-14 00:00:00+00:00
[2025-12-14T17:10:21.198+0000] {processor.py:183} INFO - Processing /home/airflow/.local/lib/python3.12/site-packages/airflow/example_dags/example_branch_day_of_week_operator.py took 0.114 seconds
[2025-12-14T17:10:51.398+0000] {processor.py:161} INFO - Started process (PID=617) to work on /home/airflow/.local/lib/python3.12/site-packages/airflow/example_dags/example_branch_day_of_week_operator.py
[2025-12-14T17:10:51.399+0000] {processor.py:830} INFO - Processing file /home/airflow/.local/lib/python3.12/site-packages/airflow/example_dags/example_branch_day_of_week_operator.py for tasks to queue
[2025-12-14T17:10:51.402+0000] {logging_mixin.py:188} INFO - [2025-12-14T17:10:51.401+0000] {dagbag.py:540} INFO - Filling up the DagBag from /home/airflow/.local/lib/python3.12/site-packages/airflow/example_dags/example_branch_day_of_week_operator.py
[2025-12-14T17:10:51.410+0000] {processor.py:840} INFO - DAG(s) 'example_weekday_branch_operator' retrieved from /home/airflow/.local/lib/python3.12/site-packages/airflow/example_dags/example_branch_day_of_week_operator.py
[2025-12-14T17:10:51.435+0000] {logging_mixin.py:188} INFO - [2025-12-14T17:10:51.435+0000] {dag.py:3096} INFO - Sync 1 DAGs
[2025-12-14T17:10:51.459+0000] {logging_mixin.py:188} INFO - [2025-12-14T17:10:51.459+0000] {dag.py:3954} INFO - Setting next_dagrun for example_weekday_branch_operator to 2025-12-13 00:00:00+00:00, run_after=2025-12-14 00:00:00+00:00
[2025-12-14T17:10:51.482+0000] {processor.py:183} INFO - Processing /home/airflow/.local/lib/python3.12/site-packages/airflow/example_dags/example_branch_day_of_week_operator.py took 0.091 seconds
[2025-12-14T17:11:21.971+0000] {processor.py:161} INFO - Started process (PID=688) to work on /home/airflow/.local/lib/python3.12/site-packages/airflow/example_dags/example_branch_day_of_week_operator.py
[2025-12-14T17:11:21.972+0000] {processor.py:830} INFO - Processing file /home/airflow/.local/lib/python3.12/site-packages/airflow/example_dags/example_branch_day_of_week_operator.py for tasks to queue
[2025-12-14T17:11:21.975+0000] {logging_mixin.py:188} INFO - [2025-12-14T17:11:21.974+0000] {dagbag.py:540} INFO - Filling up the DagBag from /home/airflow/.local/lib/python3.12/site-packages/airflow/example_dags/example_branch_day_of_week_operator.py
[2025-12-14T17:11:21.983+0000] {processor.py:840} INFO - DAG(s) 'example_weekday_branch_operator' retrieved from /home/airflow/.local/lib/python3.12/site-packages/airflow/example_dags/example_branch_day_of_week_operator.py
[2025-12-14T17:11:22.007+0000] {logging_mixin.py:188} INFO - [2025-12-14T17:11:22.006+0000] {dag.py:3096} INFO - Sync 1 DAGs
[2025-12-14T17:11:22.033+0000] {logging_mixin.py:188} INFO - [2025-12-14T17:11:22.033+0000] {dag.py:3954} INFO - Setting next_dagrun for example_weekday_branch_operator to 2025-12-13 00:00:00+00:00, run_after=2025-12-14 00:00:00+00:00
[2025-12-14T17:11:22.054+0000] {processor.py:183} INFO - Processing /home/airflow/.local/lib/python3.12/site-packages/airflow/example_dags/example_branch_day_of_week_operator.py took 0.090 seconds
[2025-12-14T17:11:52.223+0000] {processor.py:161} INFO - Started process (PID=759) to work on /home/airflow/.local/lib/python3.12/site-packages/airflow/example_dags/example_branch_day_of_week_operator.py
[2025-12-14T17:11:52.225+0000] {processor.py:830} INFO - Processing file /home/airflow/.local/lib/python3.12/site-packages/airflow/example_dags/example_branch_day_of_week_operator.py for tasks to queue
[2025-12-14T17:11:52.228+0000] {logging_mixin.py:188} INFO - [2025-12-14T17:11:52.227+0000] {dagbag.py:540} INFO - Filling up the DagBag from /home/airflow/.local/lib/python3.12/site-packages/airflow/example_dags/example_branch_day_of_week_operator.py
[2025-12-14T17:11:52.237+0000] {processor.py:840} INFO - DAG(s) 'example_weekday_branch_operator' retrieved from /home/airflow/.local/lib/python3.12/site-packages/airflow/example_dags/example_branch_day_of_week_operator.py
[2025-12-14T17:11:52.263+0000] {logging_mixin.py:188} INFO - [2025-12-14T17:11:52.263+0000] {dag.py:3096} INFO - Sync 1 DAGs
[2025-12-14T17:11:52.288+0000] {logging_mixin.py:188} INFO - [2025-12-14T17:11:52.287+0000] {dag.py:3954} INFO - Setting next_dagrun for example_weekday_branch_operator to 2025-12-13 00:00:00+00:00, run_after=2025-12-14 00:00:00+00:00
[2025-12-14T17:11:52.310+0000] {processor.py:183} INFO - Processing /home/airflow/.local/lib/python3.12/site-packages/airflow/example_dags/example_branch_day_of_week_operator.py took 0.094 seconds
[2025-12-14T17:12:22.539+0000] {processor.py:161} INFO - Started process (PID=830) to work on /home/airflow/.local/lib/python3.12/site-packages/airflow/example_dags/example_branch_day_of_week_operator.py
[2025-12-14T17:12:22.541+0000] {processor.py:830} INFO - Processing file /home/airflow/.local/lib/python3.12/site-packages/airflow/example_dags/example_branch_day_of_week_operator.py for tasks to queue
[2025-12-14T17:12:22.543+0000] {logging_mixin.py:188} INFO - [2025-12-14T17:12:22.543+0000] {dagbag.py:540} INFO - Filling up the DagBag from /home/airflow/.local/lib/python3.12/site-packages/airflow/example_dags/example_branch_day_of_week_operator.py
[2025-12-14T17:12:22.552+0000] {processor.py:840} INFO - DAG(s) 'example_weekday_branch_operator' retrieved from /home/airflow/.local/lib/python3.12/site-packages/airflow/example_dags/example_branch_day_of_week_operator.py
[2025-12-14T17:12:22.578+0000] {logging_mixin.py:188} INFO - [2025-12-14T17:12:22.577+0000] {dag.py:3096} INFO - Sync 1 DAGs
[2025-12-14T17:12:22.602+0000] {logging_mixin.py:188} INFO - [2025-12-14T17:12:22.602+0000] {dag.py:3954} INFO - Setting next_dagrun for example_weekday_branch_operator to 2025-12-13 00:00:00+00:00, run_after=2025-12-14 00:00:00+00:00
[2025-12-14T17:12:22.624+0000] {processor.py:183} INFO - Processing /home/airflow/.local/lib/python3.12/site-packages/airflow/example_dags/example_branch_day_of_week_operator.py took 0.092 seconds
[2025-12-14T17:12:53.244+0000] {processor.py:161} INFO - Started process (PID=902) to work on /home/airflow/.local/lib/python3.12/site-packages/airflow/example_dags/example_branch_day_of_week_operator.py
[2025-12-14T17:12:53.245+0000] {processor.py:830} INFO - Processing file /home/airflow/.local/lib/python3.12/site-packages/airflow/example_dags/example_branch_day_of_week_operator.py for tasks to queue
[2025-12-14T17:12:53.248+0000] {logging_mixin.py:188} INFO - [2025-12-14T17:12:53.248+0000] {dagbag.py:540} INFO - Filling up the DagBag from /home/airflow/.local/lib/python3.12/site-packages/airflow/example_dags/example_branch_day_of_week_operator.py
[2025-12-14T17:12:53.260+0000] {processor.py:840} INFO - DAG(s) 'example_weekday_branch_operator' retrieved from /home/airflow/.local/lib/python3.12/site-packages/airflow/example_dags/example_branch_day_of_week_operator.py
[2025-12-14T17:12:53.289+0000] {logging_mixin.py:188} INFO - [2025-12-14T17:12:53.288+0000] {dag.py:3096} INFO - Sync 1 DAGs
[2025-12-14T17:12:53.316+0000] {logging_mixin.py:188} INFO - [2025-12-14T17:12:53.315+0000] {dag.py:3954} INFO - Setting next_dagrun for example_weekday_branch_operator to 2025-12-13 00:00:00+00:00, run_after=2025-12-14 00:00:00+00:00
[2025-12-14T17:12:53.342+0000] {processor.py:183} INFO - Processing /home/airflow/.local/lib/python3.12/site-packages/airflow/example_dags/example_branch_day_of_week_operator.py took 0.106 seconds
[2025-12-14T17:13:23.398+0000] {processor.py:161} INFO - Started process (PID=973) to work on /home/airflow/.local/lib/python3.12/site-packages/airflow/example_dags/example_branch_day_of_week_operator.py
[2025-12-14T17:13:23.399+0000] {processor.py:830} INFO - Processing file /home/airflow/.local/lib/python3.12/site-packages/airflow/example_dags/example_branch_day_of_week_operator.py for tasks to queue
[2025-12-14T17:13:23.402+0000] {logging_mixin.py:188} INFO - [2025-12-14T17:13:23.401+0000] {dagbag.py:540} INFO - Filling up the DagBag from /home/airflow/.local/lib/python3.12/site-packages/airflow/example_dags/example_branch_day_of_week_operator.py
[2025-12-14T17:13:23.411+0000] {processor.py:840} INFO - DAG(s) 'example_weekday_branch_operator' retrieved from /home/airflow/.local/lib/python3.12/site-packages/airflow/example_dags/example_branch_day_of_week_operator.py
[2025-12-14T17:13:23.435+0000] {logging_mixin.py:188} INFO - [2025-12-14T17:13:23.435+0000] {dag.py:3096} INFO - Sync 1 DAGs
[2025-12-14T17:13:23.460+0000] {logging_mixin.py:188} INFO - [2025-12-14T17:13:23.460+0000] {dag.py:3954} INFO - Setting next_dagrun for example_weekday_branch_operator to 2025-12-13 00:00:00+00:00, run_after=2025-12-14 00:00:00+00:00
[2025-12-14T17:13:23.482+0000] {processor.py:183} INFO - Processing /home/airflow/.local/lib/python3.12/site-packages/airflow/example_dags/example_branch_day_of_week_operator.py took 0.092 seconds
[2025-12-14T17:13:53.660+0000] {processor.py:161} INFO - Started process (PID=1044) to work on /home/airflow/.local/lib/python3.12/site-packages/airflow/example_dags/example_branch_day_of_week_operator.py
[2025-12-14T17:13:53.662+0000] {processor.py:830} INFO - Processing file /home/airflow/.local/lib/python3.12/site-packages/airflow/example_dags/example_branch_day_of_week_operator.py for tasks to queue
[2025-12-14T17:13:53.666+0000] {logging_mixin.py:188} INFO - [2025-12-14T17:13:53.665+0000] {dagbag.py:540} INFO - Filling up the DagBag from /home/airflow/.local/lib/python3.12/site-packages/airflow/example_dags/example_branch_day_of_week_operator.py
[2025-12-14T17:13:53.676+0000] {processor.py:840} INFO - DAG(s) 'example_weekday_branch_operator' retrieved from /home/airflow/.local/lib/python3.12/site-packages/airflow/example_dags/example_branch_day_of_week_operator.py
[2025-12-14T17:13:53.706+0000] {logging_mixin.py:188} INFO - [2025-12-14T17:13:53.705+0000] {dag.py:3096} INFO - Sync 1 DAGs
[2025-12-14T17:13:53.737+0000] {logging_mixin.py:188} INFO - [2025-12-14T17:13:53.736+0000] {dag.py:3954} INFO - Setting next_dagrun for example_weekday_branch_operator to 2025-12-13 00:00:00+00:00, run_after=2025-12-14 00:00:00+00:00
[2025-12-14T17:13:53.765+0000] {processor.py:183} INFO - Processing /home/airflow/.local/lib/python3.12/site-packages/airflow/example_dags/example_branch_day_of_week_operator.py took 0.112 seconds
[2025-12-14T17:14:25.902+0000] {processor.py:161} INFO - Started process (PID=1116) to work on /home/airflow/.local/lib/python3.12/site-packages/airflow/example_dags/example_branch_day_of_week_operator.py
[2025-12-14T17:14:25.904+0000] {processor.py:830} INFO - Processing file /home/airflow/.local/lib/python3.12/site-packages/airflow/example_dags/example_branch_day_of_week_operator.py for tasks to queue
[2025-12-14T17:14:25.906+0000] {logging_mixin.py:188} INFO - [2025-12-14T17:14:25.906+0000] {dagbag.py:540} INFO - Filling up the DagBag from /home/airflow/.local/lib/python3.12/site-packages/airflow/example_dags/example_branch_day_of_week_operator.py
[2025-12-14T17:14:25.916+0000] {processor.py:840} INFO - DAG(s) 'example_weekday_branch_operator' retrieved from /home/airflow/.local/lib/python3.12/site-packages/airflow/example_dags/example_branch_day_of_week_operator.py
[2025-12-14T17:14:25.943+0000] {logging_mixin.py:188} INFO - [2025-12-14T17:14:25.942+0000] {dag.py:3096} INFO - Sync 1 DAGs
[2025-12-14T17:14:25.975+0000] {logging_mixin.py:188} INFO - [2025-12-14T17:14:25.975+0000] {dag.py:3954} INFO - Setting next_dagrun for example_weekday_branch_operator to 2025-12-13 00:00:00+00:00, run_after=2025-12-14 00:00:00+00:00
[2025-12-14T17:14:26.195+0000] {processor.py:183} INFO - Processing /home/airflow/.local/lib/python3.12/site-packages/airflow/example_dags/example_branch_day_of_week_operator.py took 0.301 seconds
[2025-12-14T17:14:57.016+0000] {processor.py:161} INFO - Started process (PID=1187) to work on /home/airflow/.local/lib/python3.12/site-packages/airflow/example_dags/example_branch_day_of_week_operator.py
[2025-12-14T17:14:57.018+0000] {processor.py:830} INFO - Processing file /home/airflow/.local/lib/python3.12/site-packages/airflow/example_dags/example_branch_day_of_week_operator.py for tasks to queue
[2025-12-14T17:14:57.023+0000] {logging_mixin.py:188} INFO - [2025-12-14T17:14:57.022+0000] {dagbag.py:540} INFO - Filling up the DagBag from /home/airflow/.local/lib/python3.12/site-packages/airflow/example_dags/example_branch_day_of_week_operator.py
[2025-12-14T17:14:57.037+0000] {processor.py:840} INFO - DAG(s) 'example_weekday_branch_operator' retrieved from /home/airflow/.local/lib/python3.12/site-packages/airflow/example_dags/example_branch_day_of_week_operator.py
[2025-12-14T17:14:57.085+0000] {logging_mixin.py:188} INFO - [2025-12-14T17:14:57.084+0000] {dag.py:3096} INFO - Sync 1 DAGs
[2025-12-14T17:14:57.112+0000] {logging_mixin.py:188} INFO - [2025-12-14T17:14:57.112+0000] {dag.py:3954} INFO - Setting next_dagrun for example_weekday_branch_operator to 2025-12-13 00:00:00+00:00, run_after=2025-12-14 00:00:00+00:00
[2025-12-14T17:14:57.134+0000] {processor.py:183} INFO - Processing /home/airflow/.local/lib/python3.12/site-packages/airflow/example_dags/example_branch_day_of_week_operator.py took 0.128 seconds
[2025-12-14T17:15:27.841+0000] {processor.py:161} INFO - Started process (PID=1246) to work on /home/airflow/.local/lib/python3.12/site-packages/airflow/example_dags/example_branch_day_of_week_operator.py
[2025-12-14T17:15:27.843+0000] {processor.py:830} INFO - Processing file /home/airflow/.local/lib/python3.12/site-packages/airflow/example_dags/example_branch_day_of_week_operator.py for tasks to queue
[2025-12-14T17:15:27.846+0000] {logging_mixin.py:188} INFO - [2025-12-14T17:15:27.845+0000] {dagbag.py:540} INFO - Filling up the DagBag from /home/airflow/.local/lib/python3.12/site-packages/airflow/example_dags/example_branch_day_of_week_operator.py
[2025-12-14T17:15:27.854+0000] {processor.py:840} INFO - DAG(s) 'example_weekday_branch_operator' retrieved from /home/airflow/.local/lib/python3.12/site-packages/airflow/example_dags/example_branch_day_of_week_operator.py
[2025-12-14T17:15:27.880+0000] {logging_mixin.py:188} INFO - [2025-12-14T17:15:27.879+0000] {dag.py:3096} INFO - Sync 1 DAGs
[2025-12-14T17:15:27.904+0000] {logging_mixin.py:188} INFO - [2025-12-14T17:15:27.904+0000] {dag.py:3954} INFO - Setting next_dagrun for example_weekday_branch_operator to 2025-12-13 00:00:00+00:00, run_after=2025-12-14 00:00:00+00:00
[2025-12-14T17:15:27.929+0000] {processor.py:183} INFO - Processing /home/airflow/.local/lib/python3.12/site-packages/airflow/example_dags/example_branch_day_of_week_operator.py took 0.094 seconds
[2025-12-14T17:15:58.487+0000] {processor.py:161} INFO - Started process (PID=1317) to work on /home/airflow/.local/lib/python3.12/site-packages/airflow/example_dags/example_branch_day_of_week_operator.py
[2025-12-14T17:15:58.488+0000] {processor.py:830} INFO - Processing file /home/airflow/.local/lib/python3.12/site-packages/airflow/example_dags/example_branch_day_of_week_operator.py for tasks to queue
[2025-12-14T17:15:58.491+0000] {logging_mixin.py:188} INFO - [2025-12-14T17:15:58.491+0000] {dagbag.py:540} INFO - Filling up the DagBag from /home/airflow/.local/lib/python3.12/site-packages/airflow/example_dags/example_branch_day_of_week_operator.py
[2025-12-14T17:15:58.502+0000] {processor.py:840} INFO - DAG(s) 'example_weekday_branch_operator' retrieved from /home/airflow/.local/lib/python3.12/site-packages/airflow/example_dags/example_branch_day_of_week_operator.py
[2025-12-14T17:15:58.531+0000] {logging_mixin.py:188} INFO - [2025-12-14T17:15:58.531+0000] {dag.py:3096} INFO - Sync 1 DAGs
[2025-12-14T17:15:58.558+0000] {logging_mixin.py:188} INFO - [2025-12-14T17:15:58.558+0000] {dag.py:3954} INFO - Setting next_dagrun for example_weekday_branch_operator to 2025-12-13 00:00:00+00:00, run_after=2025-12-14 00:00:00+00:00
[2025-12-14T17:15:58.585+0000] {processor.py:183} INFO - Processing /home/airflow/.local/lib/python3.12/site-packages/airflow/example_dags/example_branch_day_of_week_operator.py took 0.105 seconds
