[2025-12-14T16:49:17.071+0000] {processor.py:161} INFO - Started process (PID=113) to work on /home/airflow/.local/lib/python3.12/site-packages/airflow/example_dags/example_sensors.py
[2025-12-14T16:49:17.073+0000] {processor.py:830} INFO - Processing file /home/airflow/.local/lib/python3.12/site-packages/airflow/example_dags/example_sensors.py for tasks to queue
[2025-12-14T16:49:17.076+0000] {logging_mixin.py:188} INFO - [2025-12-14T16:49:17.075+0000] {dagbag.py:540} INFO - Filling up the DagBag from /home/airflow/.local/lib/python3.12/site-packages/airflow/example_dags/example_sensors.py
[2025-12-14T16:49:17.093+0000] {processor.py:840} INFO - DAG(s) 'example_sensors' retrieved from /home/airflow/.local/lib/python3.12/site-packages/airflow/example_dags/example_sensors.py
[2025-12-14T16:49:17.252+0000] {logging_mixin.py:188} INFO - [2025-12-14T16:49:17.252+0000] {dag.py:3096} INFO - Sync 1 DAGs
[2025-12-14T16:49:17.270+0000] {logging_mixin.py:188} INFO - [2025-12-14T16:49:17.270+0000] {dag.py:3954} INFO - Setting next_dagrun for example_sensors to None, run_after=None
[2025-12-14T16:49:17.298+0000] {processor.py:183} INFO - Processing /home/airflow/.local/lib/python3.12/site-packages/airflow/example_dags/example_sensors.py took 0.235 seconds
[2025-12-14T16:49:47.901+0000] {processor.py:161} INFO - Started process (PID=178) to work on /home/airflow/.local/lib/python3.12/site-packages/airflow/example_dags/example_sensors.py
[2025-12-14T16:49:47.902+0000] {processor.py:830} INFO - Processing file /home/airflow/.local/lib/python3.12/site-packages/airflow/example_dags/example_sensors.py for tasks to queue
[2025-12-14T16:49:47.905+0000] {logging_mixin.py:188} INFO - [2025-12-14T16:49:47.904+0000] {dagbag.py:540} INFO - Filling up the DagBag from /home/airflow/.local/lib/python3.12/site-packages/airflow/example_dags/example_sensors.py
[2025-12-14T16:49:47.916+0000] {processor.py:840} INFO - DAG(s) 'example_sensors' retrieved from /home/airflow/.local/lib/python3.12/site-packages/airflow/example_dags/example_sensors.py
[2025-12-14T16:49:47.948+0000] {logging_mixin.py:188} INFO - [2025-12-14T16:49:47.948+0000] {dag.py:3096} INFO - Sync 1 DAGs
[2025-12-14T16:49:47.964+0000] {logging_mixin.py:188} INFO - [2025-12-14T16:49:47.963+0000] {dag.py:3954} INFO - Setting next_dagrun for example_sensors to None, run_after=None
[2025-12-14T16:49:47.996+0000] {processor.py:183} INFO - Processing /home/airflow/.local/lib/python3.12/site-packages/airflow/example_dags/example_sensors.py took 0.104 seconds
[2025-12-14T16:50:18.625+0000] {processor.py:161} INFO - Started process (PID=236) to work on /home/airflow/.local/lib/python3.12/site-packages/airflow/example_dags/example_sensors.py
[2025-12-14T16:50:18.627+0000] {processor.py:830} INFO - Processing file /home/airflow/.local/lib/python3.12/site-packages/airflow/example_dags/example_sensors.py for tasks to queue
[2025-12-14T16:50:18.629+0000] {logging_mixin.py:188} INFO - [2025-12-14T16:50:18.628+0000] {dagbag.py:540} INFO - Filling up the DagBag from /home/airflow/.local/lib/python3.12/site-packages/airflow/example_dags/example_sensors.py
[2025-12-14T16:50:18.641+0000] {processor.py:840} INFO - DAG(s) 'example_sensors' retrieved from /home/airflow/.local/lib/python3.12/site-packages/airflow/example_dags/example_sensors.py
[2025-12-14T16:50:18.677+0000] {logging_mixin.py:188} INFO - [2025-12-14T16:50:18.677+0000] {dag.py:3096} INFO - Sync 1 DAGs
[2025-12-14T16:50:18.696+0000] {logging_mixin.py:188} INFO - [2025-12-14T16:50:18.696+0000] {dag.py:3954} INFO - Setting next_dagrun for example_sensors to None, run_after=None
[2025-12-14T16:50:18.722+0000] {processor.py:183} INFO - Processing /home/airflow/.local/lib/python3.12/site-packages/airflow/example_dags/example_sensors.py took 0.103 seconds
[2025-12-14T16:50:49.738+0000] {processor.py:161} INFO - Started process (PID=301) to work on /home/airflow/.local/lib/python3.12/site-packages/airflow/example_dags/example_sensors.py
[2025-12-14T16:50:49.741+0000] {processor.py:830} INFO - Processing file /home/airflow/.local/lib/python3.12/site-packages/airflow/example_dags/example_sensors.py for tasks to queue
[2025-12-14T16:50:49.746+0000] {logging_mixin.py:188} INFO - [2025-12-14T16:50:49.745+0000] {dagbag.py:540} INFO - Filling up the DagBag from /home/airflow/.local/lib/python3.12/site-packages/airflow/example_dags/example_sensors.py
[2025-12-14T16:50:49.767+0000] {processor.py:840} INFO - DAG(s) 'example_sensors' retrieved from /home/airflow/.local/lib/python3.12/site-packages/airflow/example_dags/example_sensors.py
[2025-12-14T16:50:49.823+0000] {logging_mixin.py:188} INFO - [2025-12-14T16:50:49.822+0000] {dag.py:3096} INFO - Sync 1 DAGs
[2025-12-14T16:50:49.846+0000] {logging_mixin.py:188} INFO - [2025-12-14T16:50:49.846+0000] {dag.py:3954} INFO - Setting next_dagrun for example_sensors to None, run_after=None
[2025-12-14T16:50:49.883+0000] {processor.py:183} INFO - Processing /home/airflow/.local/lib/python3.12/site-packages/airflow/example_dags/example_sensors.py took 0.157 seconds
[2025-12-14T16:51:20.753+0000] {processor.py:161} INFO - Started process (PID=359) to work on /home/airflow/.local/lib/python3.12/site-packages/airflow/example_dags/example_sensors.py
[2025-12-14T16:51:20.754+0000] {processor.py:830} INFO - Processing file /home/airflow/.local/lib/python3.12/site-packages/airflow/example_dags/example_sensors.py for tasks to queue
[2025-12-14T16:51:20.757+0000] {logging_mixin.py:188} INFO - [2025-12-14T16:51:20.756+0000] {dagbag.py:540} INFO - Filling up the DagBag from /home/airflow/.local/lib/python3.12/site-packages/airflow/example_dags/example_sensors.py
[2025-12-14T16:51:20.771+0000] {processor.py:840} INFO - DAG(s) 'example_sensors' retrieved from /home/airflow/.local/lib/python3.12/site-packages/airflow/example_dags/example_sensors.py
[2025-12-14T16:51:20.805+0000] {logging_mixin.py:188} INFO - [2025-12-14T16:51:20.805+0000] {dag.py:3096} INFO - Sync 1 DAGs
[2025-12-14T16:51:20.822+0000] {logging_mixin.py:188} INFO - [2025-12-14T16:51:20.822+0000] {dag.py:3954} INFO - Setting next_dagrun for example_sensors to None, run_after=None
[2025-12-14T16:51:20.901+0000] {processor.py:183} INFO - Processing /home/airflow/.local/lib/python3.12/site-packages/airflow/example_dags/example_sensors.py took 0.154 seconds
[2025-12-14T16:51:51.393+0000] {processor.py:161} INFO - Started process (PID=417) to work on /home/airflow/.local/lib/python3.12/site-packages/airflow/example_dags/example_sensors.py
[2025-12-14T16:51:51.394+0000] {processor.py:830} INFO - Processing file /home/airflow/.local/lib/python3.12/site-packages/airflow/example_dags/example_sensors.py for tasks to queue
[2025-12-14T16:51:51.397+0000] {logging_mixin.py:188} INFO - [2025-12-14T16:51:51.396+0000] {dagbag.py:540} INFO - Filling up the DagBag from /home/airflow/.local/lib/python3.12/site-packages/airflow/example_dags/example_sensors.py
[2025-12-14T16:51:51.408+0000] {processor.py:840} INFO - DAG(s) 'example_sensors' retrieved from /home/airflow/.local/lib/python3.12/site-packages/airflow/example_dags/example_sensors.py
[2025-12-14T16:51:51.441+0000] {logging_mixin.py:188} INFO - [2025-12-14T16:51:51.441+0000] {dag.py:3096} INFO - Sync 1 DAGs
[2025-12-14T16:51:51.457+0000] {logging_mixin.py:188} INFO - [2025-12-14T16:51:51.456+0000] {dag.py:3954} INFO - Setting next_dagrun for example_sensors to None, run_after=None
[2025-12-14T16:51:51.480+0000] {processor.py:183} INFO - Processing /home/airflow/.local/lib/python3.12/site-packages/airflow/example_dags/example_sensors.py took 0.094 seconds
[2025-12-14T16:52:21.835+0000] {processor.py:161} INFO - Started process (PID=475) to work on /home/airflow/.local/lib/python3.12/site-packages/airflow/example_dags/example_sensors.py
[2025-12-14T16:52:21.836+0000] {processor.py:830} INFO - Processing file /home/airflow/.local/lib/python3.12/site-packages/airflow/example_dags/example_sensors.py for tasks to queue
[2025-12-14T16:52:21.839+0000] {logging_mixin.py:188} INFO - [2025-12-14T16:52:21.838+0000] {dagbag.py:540} INFO - Filling up the DagBag from /home/airflow/.local/lib/python3.12/site-packages/airflow/example_dags/example_sensors.py
[2025-12-14T16:52:21.852+0000] {processor.py:840} INFO - DAG(s) 'example_sensors' retrieved from /home/airflow/.local/lib/python3.12/site-packages/airflow/example_dags/example_sensors.py
[2025-12-14T16:52:21.890+0000] {logging_mixin.py:188} INFO - [2025-12-14T16:52:21.890+0000] {dag.py:3096} INFO - Sync 1 DAGs
[2025-12-14T16:52:21.917+0000] {logging_mixin.py:188} INFO - [2025-12-14T16:52:21.916+0000] {dag.py:3954} INFO - Setting next_dagrun for example_sensors to None, run_after=None
[2025-12-14T16:52:21.947+0000] {processor.py:183} INFO - Processing /home/airflow/.local/lib/python3.12/site-packages/airflow/example_dags/example_sensors.py took 0.121 seconds
[2025-12-14T16:55:13.524+0000] {processor.py:161} INFO - Started process (PID=166) to work on /home/airflow/.local/lib/python3.12/site-packages/airflow/example_dags/example_sensors.py
[2025-12-14T16:55:13.527+0000] {processor.py:830} INFO - Processing file /home/airflow/.local/lib/python3.12/site-packages/airflow/example_dags/example_sensors.py for tasks to queue
[2025-12-14T16:55:13.530+0000] {logging_mixin.py:188} INFO - [2025-12-14T16:55:13.529+0000] {dagbag.py:540} INFO - Filling up the DagBag from /home/airflow/.local/lib/python3.12/site-packages/airflow/example_dags/example_sensors.py
[2025-12-14T16:55:13.548+0000] {processor.py:840} INFO - DAG(s) 'example_sensors' retrieved from /home/airflow/.local/lib/python3.12/site-packages/airflow/example_dags/example_sensors.py
[2025-12-14T16:55:13.695+0000] {logging_mixin.py:188} INFO - [2025-12-14T16:55:13.695+0000] {dag.py:3096} INFO - Sync 1 DAGs
[2025-12-14T16:55:13.713+0000] {logging_mixin.py:188} INFO - [2025-12-14T16:55:13.713+0000] {dag.py:3954} INFO - Setting next_dagrun for example_sensors to None, run_after=None
[2025-12-14T16:55:13.748+0000] {processor.py:183} INFO - Processing /home/airflow/.local/lib/python3.12/site-packages/airflow/example_dags/example_sensors.py took 0.233 seconds
[2025-12-14T16:55:43.863+0000] {processor.py:161} INFO - Started process (PID=238) to work on /home/airflow/.local/lib/python3.12/site-packages/airflow/example_dags/example_sensors.py
[2025-12-14T16:55:43.867+0000] {processor.py:830} INFO - Processing file /home/airflow/.local/lib/python3.12/site-packages/airflow/example_dags/example_sensors.py for tasks to queue
[2025-12-14T16:55:43.870+0000] {logging_mixin.py:188} INFO - [2025-12-14T16:55:43.870+0000] {dagbag.py:540} INFO - Filling up the DagBag from /home/airflow/.local/lib/python3.12/site-packages/airflow/example_dags/example_sensors.py
[2025-12-14T16:55:43.885+0000] {processor.py:840} INFO - DAG(s) 'example_sensors' retrieved from /home/airflow/.local/lib/python3.12/site-packages/airflow/example_dags/example_sensors.py
[2025-12-14T16:55:43.921+0000] {logging_mixin.py:188} INFO - [2025-12-14T16:55:43.920+0000] {dag.py:3096} INFO - Sync 1 DAGs
[2025-12-14T16:55:43.943+0000] {logging_mixin.py:188} INFO - [2025-12-14T16:55:43.942+0000] {dag.py:3954} INFO - Setting next_dagrun for example_sensors to None, run_after=None
[2025-12-14T16:55:43.971+0000] {processor.py:183} INFO - Processing /home/airflow/.local/lib/python3.12/site-packages/airflow/example_dags/example_sensors.py took 0.120 seconds
[2025-12-14T16:56:14.038+0000] {processor.py:161} INFO - Started process (PID=309) to work on /home/airflow/.local/lib/python3.12/site-packages/airflow/example_dags/example_sensors.py
[2025-12-14T16:56:14.040+0000] {processor.py:830} INFO - Processing file /home/airflow/.local/lib/python3.12/site-packages/airflow/example_dags/example_sensors.py for tasks to queue
[2025-12-14T16:56:14.043+0000] {logging_mixin.py:188} INFO - [2025-12-14T16:56:14.042+0000] {dagbag.py:540} INFO - Filling up the DagBag from /home/airflow/.local/lib/python3.12/site-packages/airflow/example_dags/example_sensors.py
[2025-12-14T16:56:14.053+0000] {processor.py:840} INFO - DAG(s) 'example_sensors' retrieved from /home/airflow/.local/lib/python3.12/site-packages/airflow/example_dags/example_sensors.py
[2025-12-14T16:56:14.085+0000] {logging_mixin.py:188} INFO - [2025-12-14T16:56:14.085+0000] {dag.py:3096} INFO - Sync 1 DAGs
[2025-12-14T16:56:14.099+0000] {logging_mixin.py:188} INFO - [2025-12-14T16:56:14.099+0000] {dag.py:3954} INFO - Setting next_dagrun for example_sensors to None, run_after=None
[2025-12-14T16:56:14.124+0000] {processor.py:183} INFO - Processing /home/airflow/.local/lib/python3.12/site-packages/airflow/example_dags/example_sensors.py took 0.092 seconds
[2025-12-14T16:56:44.977+0000] {processor.py:161} INFO - Started process (PID=381) to work on /home/airflow/.local/lib/python3.12/site-packages/airflow/example_dags/example_sensors.py
[2025-12-14T16:56:44.979+0000] {processor.py:830} INFO - Processing file /home/airflow/.local/lib/python3.12/site-packages/airflow/example_dags/example_sensors.py for tasks to queue
[2025-12-14T16:56:44.982+0000] {logging_mixin.py:188} INFO - [2025-12-14T16:56:44.981+0000] {dagbag.py:540} INFO - Filling up the DagBag from /home/airflow/.local/lib/python3.12/site-packages/airflow/example_dags/example_sensors.py
[2025-12-14T16:56:44.995+0000] {processor.py:840} INFO - DAG(s) 'example_sensors' retrieved from /home/airflow/.local/lib/python3.12/site-packages/airflow/example_dags/example_sensors.py
[2025-12-14T16:56:45.025+0000] {logging_mixin.py:188} INFO - [2025-12-14T16:56:45.025+0000] {dag.py:3096} INFO - Sync 1 DAGs
[2025-12-14T16:56:45.039+0000] {logging_mixin.py:188} INFO - [2025-12-14T16:56:45.039+0000] {dag.py:3954} INFO - Setting next_dagrun for example_sensors to None, run_after=None
[2025-12-14T16:56:45.063+0000] {processor.py:183} INFO - Processing /home/airflow/.local/lib/python3.12/site-packages/airflow/example_dags/example_sensors.py took 0.093 seconds
[2025-12-14T16:57:16.699+0000] {processor.py:161} INFO - Started process (PID=452) to work on /home/airflow/.local/lib/python3.12/site-packages/airflow/example_dags/example_sensors.py
[2025-12-14T16:57:16.701+0000] {processor.py:830} INFO - Processing file /home/airflow/.local/lib/python3.12/site-packages/airflow/example_dags/example_sensors.py for tasks to queue
[2025-12-14T16:57:16.705+0000] {logging_mixin.py:188} INFO - [2025-12-14T16:57:16.704+0000] {dagbag.py:540} INFO - Filling up the DagBag from /home/airflow/.local/lib/python3.12/site-packages/airflow/example_dags/example_sensors.py
[2025-12-14T16:57:16.722+0000] {processor.py:840} INFO - DAG(s) 'example_sensors' retrieved from /home/airflow/.local/lib/python3.12/site-packages/airflow/example_dags/example_sensors.py
[2025-12-14T16:57:16.768+0000] {logging_mixin.py:188} INFO - [2025-12-14T16:57:16.767+0000] {dag.py:3096} INFO - Sync 1 DAGs
[2025-12-14T16:57:16.789+0000] {logging_mixin.py:188} INFO - [2025-12-14T16:57:16.788+0000] {dag.py:3954} INFO - Setting next_dagrun for example_sensors to None, run_after=None
[2025-12-14T16:57:16.821+0000] {processor.py:183} INFO - Processing /home/airflow/.local/lib/python3.12/site-packages/airflow/example_dags/example_sensors.py took 0.131 seconds
[2025-12-14T16:58:37.641+0000] {processor.py:161} INFO - Started process (PID=115) to work on /home/airflow/.local/lib/python3.12/site-packages/airflow/example_dags/example_sensors.py
[2025-12-14T16:58:37.643+0000] {processor.py:830} INFO - Processing file /home/airflow/.local/lib/python3.12/site-packages/airflow/example_dags/example_sensors.py for tasks to queue
[2025-12-14T16:58:37.646+0000] {logging_mixin.py:188} INFO - [2025-12-14T16:58:37.646+0000] {dagbag.py:540} INFO - Filling up the DagBag from /home/airflow/.local/lib/python3.12/site-packages/airflow/example_dags/example_sensors.py
[2025-12-14T16:58:37.660+0000] {processor.py:840} INFO - DAG(s) 'example_sensors' retrieved from /home/airflow/.local/lib/python3.12/site-packages/airflow/example_dags/example_sensors.py
[2025-12-14T16:58:37.835+0000] {logging_mixin.py:188} INFO - [2025-12-14T16:58:37.835+0000] {dag.py:3096} INFO - Sync 1 DAGs
[2025-12-14T16:58:37.850+0000] {logging_mixin.py:188} INFO - [2025-12-14T16:58:37.850+0000] {dag.py:3954} INFO - Setting next_dagrun for example_sensors to None, run_after=None
[2025-12-14T16:58:37.880+0000] {processor.py:183} INFO - Processing /home/airflow/.local/lib/python3.12/site-packages/airflow/example_dags/example_sensors.py took 0.245 seconds
[2025-12-14T16:59:08.336+0000] {processor.py:161} INFO - Started process (PID=175) to work on /home/airflow/.local/lib/python3.12/site-packages/airflow/example_dags/example_sensors.py
[2025-12-14T16:59:08.338+0000] {processor.py:830} INFO - Processing file /home/airflow/.local/lib/python3.12/site-packages/airflow/example_dags/example_sensors.py for tasks to queue
[2025-12-14T16:59:08.341+0000] {logging_mixin.py:188} INFO - [2025-12-14T16:59:08.340+0000] {dagbag.py:540} INFO - Filling up the DagBag from /home/airflow/.local/lib/python3.12/site-packages/airflow/example_dags/example_sensors.py
[2025-12-14T16:59:08.352+0000] {processor.py:840} INFO - DAG(s) 'example_sensors' retrieved from /home/airflow/.local/lib/python3.12/site-packages/airflow/example_dags/example_sensors.py
[2025-12-14T16:59:08.382+0000] {logging_mixin.py:188} INFO - [2025-12-14T16:59:08.382+0000] {dag.py:3096} INFO - Sync 1 DAGs
[2025-12-14T16:59:08.397+0000] {logging_mixin.py:188} INFO - [2025-12-14T16:59:08.397+0000] {dag.py:3954} INFO - Setting next_dagrun for example_sensors to None, run_after=None
[2025-12-14T16:59:08.421+0000] {processor.py:183} INFO - Processing /home/airflow/.local/lib/python3.12/site-packages/airflow/example_dags/example_sensors.py took 0.093 seconds
[2025-12-14T16:59:38.683+0000] {processor.py:161} INFO - Started process (PID=235) to work on /home/airflow/.local/lib/python3.12/site-packages/airflow/example_dags/example_sensors.py
[2025-12-14T16:59:38.684+0000] {processor.py:830} INFO - Processing file /home/airflow/.local/lib/python3.12/site-packages/airflow/example_dags/example_sensors.py for tasks to queue
[2025-12-14T16:59:38.685+0000] {logging_mixin.py:188} INFO - [2025-12-14T16:59:38.685+0000] {dagbag.py:540} INFO - Filling up the DagBag from /home/airflow/.local/lib/python3.12/site-packages/airflow/example_dags/example_sensors.py
[2025-12-14T16:59:38.698+0000] {processor.py:840} INFO - DAG(s) 'example_sensors' retrieved from /home/airflow/.local/lib/python3.12/site-packages/airflow/example_dags/example_sensors.py
[2025-12-14T16:59:38.735+0000] {logging_mixin.py:188} INFO - [2025-12-14T16:59:38.735+0000] {dag.py:3096} INFO - Sync 1 DAGs
[2025-12-14T16:59:38.751+0000] {logging_mixin.py:188} INFO - [2025-12-14T16:59:38.750+0000] {dag.py:3954} INFO - Setting next_dagrun for example_sensors to None, run_after=None
[2025-12-14T16:59:38.778+0000] {processor.py:183} INFO - Processing /home/airflow/.local/lib/python3.12/site-packages/airflow/example_dags/example_sensors.py took 0.104 seconds
[2025-12-14T17:00:09.149+0000] {processor.py:161} INFO - Started process (PID=295) to work on /home/airflow/.local/lib/python3.12/site-packages/airflow/example_dags/example_sensors.py
[2025-12-14T17:00:09.151+0000] {processor.py:830} INFO - Processing file /home/airflow/.local/lib/python3.12/site-packages/airflow/example_dags/example_sensors.py for tasks to queue
[2025-12-14T17:00:09.153+0000] {logging_mixin.py:188} INFO - [2025-12-14T17:00:09.152+0000] {dagbag.py:540} INFO - Filling up the DagBag from /home/airflow/.local/lib/python3.12/site-packages/airflow/example_dags/example_sensors.py
[2025-12-14T17:00:09.168+0000] {processor.py:840} INFO - DAG(s) 'example_sensors' retrieved from /home/airflow/.local/lib/python3.12/site-packages/airflow/example_dags/example_sensors.py
[2025-12-14T17:00:09.206+0000] {logging_mixin.py:188} INFO - [2025-12-14T17:00:09.205+0000] {dag.py:3096} INFO - Sync 1 DAGs
[2025-12-14T17:00:09.225+0000] {logging_mixin.py:188} INFO - [2025-12-14T17:00:09.224+0000] {dag.py:3954} INFO - Setting next_dagrun for example_sensors to None, run_after=None
[2025-12-14T17:00:09.253+0000] {processor.py:183} INFO - Processing /home/airflow/.local/lib/python3.12/site-packages/airflow/example_dags/example_sensors.py took 0.113 seconds
[2025-12-14T17:00:41.660+0000] {processor.py:161} INFO - Started process (PID=355) to work on /home/airflow/.local/lib/python3.12/site-packages/airflow/example_dags/example_sensors.py
[2025-12-14T17:00:41.662+0000] {processor.py:830} INFO - Processing file /home/airflow/.local/lib/python3.12/site-packages/airflow/example_dags/example_sensors.py for tasks to queue
[2025-12-14T17:00:41.663+0000] {logging_mixin.py:188} INFO - [2025-12-14T17:00:41.663+0000] {dagbag.py:540} INFO - Filling up the DagBag from /home/airflow/.local/lib/python3.12/site-packages/airflow/example_dags/example_sensors.py
[2025-12-14T17:00:41.678+0000] {processor.py:840} INFO - DAG(s) 'example_sensors' retrieved from /home/airflow/.local/lib/python3.12/site-packages/airflow/example_dags/example_sensors.py
[2025-12-14T17:00:41.722+0000] {logging_mixin.py:188} INFO - [2025-12-14T17:00:41.722+0000] {dag.py:3096} INFO - Sync 1 DAGs
[2025-12-14T17:00:41.740+0000] {logging_mixin.py:188} INFO - [2025-12-14T17:00:41.740+0000] {dag.py:3954} INFO - Setting next_dagrun for example_sensors to None, run_after=None
[2025-12-14T17:00:41.772+0000] {processor.py:183} INFO - Processing /home/airflow/.local/lib/python3.12/site-packages/airflow/example_dags/example_sensors.py took 0.121 seconds
[2025-12-14T17:02:57.638+0000] {processor.py:161} INFO - Started process (PID=153) to work on /home/airflow/.local/lib/python3.12/site-packages/airflow/example_dags/example_sensors.py
[2025-12-14T17:02:57.640+0000] {processor.py:830} INFO - Processing file /home/airflow/.local/lib/python3.12/site-packages/airflow/example_dags/example_sensors.py for tasks to queue
[2025-12-14T17:02:57.645+0000] {logging_mixin.py:188} INFO - [2025-12-14T17:02:57.644+0000] {dagbag.py:540} INFO - Filling up the DagBag from /home/airflow/.local/lib/python3.12/site-packages/airflow/example_dags/example_sensors.py
[2025-12-14T17:02:57.666+0000] {processor.py:840} INFO - DAG(s) 'example_sensors' retrieved from /home/airflow/.local/lib/python3.12/site-packages/airflow/example_dags/example_sensors.py
[2025-12-14T17:02:57.894+0000] {logging_mixin.py:188} INFO - [2025-12-14T17:02:57.894+0000] {dag.py:3096} INFO - Sync 1 DAGs
[2025-12-14T17:02:57.913+0000] {logging_mixin.py:188} INFO - [2025-12-14T17:02:57.913+0000] {dag.py:3954} INFO - Setting next_dagrun for example_sensors to None, run_after=None
[2025-12-14T17:02:57.946+0000] {processor.py:183} INFO - Processing /home/airflow/.local/lib/python3.12/site-packages/airflow/example_dags/example_sensors.py took 0.318 seconds
[2025-12-14T17:03:28.298+0000] {processor.py:161} INFO - Started process (PID=224) to work on /home/airflow/.local/lib/python3.12/site-packages/airflow/example_dags/example_sensors.py
[2025-12-14T17:03:28.299+0000] {processor.py:830} INFO - Processing file /home/airflow/.local/lib/python3.12/site-packages/airflow/example_dags/example_sensors.py for tasks to queue
[2025-12-14T17:03:28.301+0000] {logging_mixin.py:188} INFO - [2025-12-14T17:03:28.301+0000] {dagbag.py:540} INFO - Filling up the DagBag from /home/airflow/.local/lib/python3.12/site-packages/airflow/example_dags/example_sensors.py
[2025-12-14T17:03:28.311+0000] {processor.py:840} INFO - DAG(s) 'example_sensors' retrieved from /home/airflow/.local/lib/python3.12/site-packages/airflow/example_dags/example_sensors.py
[2025-12-14T17:03:28.341+0000] {logging_mixin.py:188} INFO - [2025-12-14T17:03:28.341+0000] {dag.py:3096} INFO - Sync 1 DAGs
[2025-12-14T17:03:28.355+0000] {logging_mixin.py:188} INFO - [2025-12-14T17:03:28.355+0000] {dag.py:3954} INFO - Setting next_dagrun for example_sensors to None, run_after=None
[2025-12-14T17:03:28.380+0000] {processor.py:183} INFO - Processing /home/airflow/.local/lib/python3.12/site-packages/airflow/example_dags/example_sensors.py took 0.089 seconds
[2025-12-14T17:03:59.179+0000] {processor.py:161} INFO - Started process (PID=295) to work on /home/airflow/.local/lib/python3.12/site-packages/airflow/example_dags/example_sensors.py
[2025-12-14T17:03:59.181+0000] {processor.py:830} INFO - Processing file /home/airflow/.local/lib/python3.12/site-packages/airflow/example_dags/example_sensors.py for tasks to queue
[2025-12-14T17:03:59.183+0000] {logging_mixin.py:188} INFO - [2025-12-14T17:03:59.183+0000] {dagbag.py:540} INFO - Filling up the DagBag from /home/airflow/.local/lib/python3.12/site-packages/airflow/example_dags/example_sensors.py
[2025-12-14T17:03:59.197+0000] {processor.py:840} INFO - DAG(s) 'example_sensors' retrieved from /home/airflow/.local/lib/python3.12/site-packages/airflow/example_dags/example_sensors.py
[2025-12-14T17:03:59.230+0000] {logging_mixin.py:188} INFO - [2025-12-14T17:03:59.230+0000] {dag.py:3096} INFO - Sync 1 DAGs
[2025-12-14T17:03:59.246+0000] {logging_mixin.py:188} INFO - [2025-12-14T17:03:59.246+0000] {dag.py:3954} INFO - Setting next_dagrun for example_sensors to None, run_after=None
[2025-12-14T17:03:59.269+0000] {processor.py:183} INFO - Processing /home/airflow/.local/lib/python3.12/site-packages/airflow/example_dags/example_sensors.py took 0.097 seconds
[2025-12-14T17:04:29.837+0000] {processor.py:161} INFO - Started process (PID=366) to work on /home/airflow/.local/lib/python3.12/site-packages/airflow/example_dags/example_sensors.py
[2025-12-14T17:04:29.839+0000] {processor.py:830} INFO - Processing file /home/airflow/.local/lib/python3.12/site-packages/airflow/example_dags/example_sensors.py for tasks to queue
[2025-12-14T17:04:29.842+0000] {logging_mixin.py:188} INFO - [2025-12-14T17:04:29.842+0000] {dagbag.py:540} INFO - Filling up the DagBag from /home/airflow/.local/lib/python3.12/site-packages/airflow/example_dags/example_sensors.py
[2025-12-14T17:04:29.863+0000] {processor.py:840} INFO - DAG(s) 'example_sensors' retrieved from /home/airflow/.local/lib/python3.12/site-packages/airflow/example_dags/example_sensors.py
[2025-12-14T17:04:29.907+0000] {logging_mixin.py:188} INFO - [2025-12-14T17:04:29.906+0000] {dag.py:3096} INFO - Sync 1 DAGs
[2025-12-14T17:04:29.929+0000] {logging_mixin.py:188} INFO - [2025-12-14T17:04:29.928+0000] {dag.py:3954} INFO - Setting next_dagrun for example_sensors to None, run_after=None
[2025-12-14T17:04:29.962+0000] {processor.py:183} INFO - Processing /home/airflow/.local/lib/python3.12/site-packages/airflow/example_dags/example_sensors.py took 0.137 seconds
[2025-12-14T17:07:20.472+0000] {processor.py:161} INFO - Started process (PID=144) to work on /home/airflow/.local/lib/python3.12/site-packages/airflow/example_dags/example_sensors.py
[2025-12-14T17:07:20.474+0000] {processor.py:830} INFO - Processing file /home/airflow/.local/lib/python3.12/site-packages/airflow/example_dags/example_sensors.py for tasks to queue
[2025-12-14T17:07:20.476+0000] {logging_mixin.py:188} INFO - [2025-12-14T17:07:20.476+0000] {dagbag.py:540} INFO - Filling up the DagBag from /home/airflow/.local/lib/python3.12/site-packages/airflow/example_dags/example_sensors.py
[2025-12-14T17:07:20.490+0000] {processor.py:840} INFO - DAG(s) 'example_sensors' retrieved from /home/airflow/.local/lib/python3.12/site-packages/airflow/example_dags/example_sensors.py
[2025-12-14T17:07:20.637+0000] {logging_mixin.py:188} INFO - [2025-12-14T17:07:20.637+0000] {dag.py:3096} INFO - Sync 1 DAGs
[2025-12-14T17:07:20.652+0000] {logging_mixin.py:188} INFO - [2025-12-14T17:07:20.652+0000] {dag.py:3954} INFO - Setting next_dagrun for example_sensors to None, run_after=None
[2025-12-14T17:07:20.682+0000] {processor.py:183} INFO - Processing /home/airflow/.local/lib/python3.12/site-packages/airflow/example_dags/example_sensors.py took 0.217 seconds
[2025-12-14T17:07:50.917+0000] {processor.py:161} INFO - Started process (PID=215) to work on /home/airflow/.local/lib/python3.12/site-packages/airflow/example_dags/example_sensors.py
[2025-12-14T17:07:50.918+0000] {processor.py:830} INFO - Processing file /home/airflow/.local/lib/python3.12/site-packages/airflow/example_dags/example_sensors.py for tasks to queue
[2025-12-14T17:07:50.921+0000] {logging_mixin.py:188} INFO - [2025-12-14T17:07:50.920+0000] {dagbag.py:540} INFO - Filling up the DagBag from /home/airflow/.local/lib/python3.12/site-packages/airflow/example_dags/example_sensors.py
[2025-12-14T17:07:50.933+0000] {processor.py:840} INFO - DAG(s) 'example_sensors' retrieved from /home/airflow/.local/lib/python3.12/site-packages/airflow/example_dags/example_sensors.py
[2025-12-14T17:07:50.964+0000] {logging_mixin.py:188} INFO - [2025-12-14T17:07:50.963+0000] {dag.py:3096} INFO - Sync 1 DAGs
[2025-12-14T17:07:50.977+0000] {logging_mixin.py:188} INFO - [2025-12-14T17:07:50.977+0000] {dag.py:3954} INFO - Setting next_dagrun for example_sensors to None, run_after=None
[2025-12-14T17:07:51.001+0000] {processor.py:183} INFO - Processing /home/airflow/.local/lib/python3.12/site-packages/airflow/example_dags/example_sensors.py took 0.093 seconds
[2025-12-14T17:08:22.095+0000] {processor.py:161} INFO - Started process (PID=286) to work on /home/airflow/.local/lib/python3.12/site-packages/airflow/example_dags/example_sensors.py
[2025-12-14T17:08:22.096+0000] {processor.py:830} INFO - Processing file /home/airflow/.local/lib/python3.12/site-packages/airflow/example_dags/example_sensors.py for tasks to queue
[2025-12-14T17:08:22.099+0000] {logging_mixin.py:188} INFO - [2025-12-14T17:08:22.099+0000] {dagbag.py:540} INFO - Filling up the DagBag from /home/airflow/.local/lib/python3.12/site-packages/airflow/example_dags/example_sensors.py
[2025-12-14T17:08:22.113+0000] {processor.py:840} INFO - DAG(s) 'example_sensors' retrieved from /home/airflow/.local/lib/python3.12/site-packages/airflow/example_dags/example_sensors.py
[2025-12-14T17:08:22.158+0000] {logging_mixin.py:188} INFO - [2025-12-14T17:08:22.158+0000] {dag.py:3096} INFO - Sync 1 DAGs
[2025-12-14T17:08:22.185+0000] {logging_mixin.py:188} INFO - [2025-12-14T17:08:22.184+0000] {dag.py:3954} INFO - Setting next_dagrun for example_sensors to None, run_after=None
[2025-12-14T17:08:22.232+0000] {processor.py:183} INFO - Processing /home/airflow/.local/lib/python3.12/site-packages/airflow/example_dags/example_sensors.py took 0.146 seconds
[2025-12-14T17:08:54.345+0000] {processor.py:161} INFO - Started process (PID=358) to work on /home/airflow/.local/lib/python3.12/site-packages/airflow/example_dags/example_sensors.py
[2025-12-14T17:08:54.347+0000] {processor.py:830} INFO - Processing file /home/airflow/.local/lib/python3.12/site-packages/airflow/example_dags/example_sensors.py for tasks to queue
[2025-12-14T17:08:54.349+0000] {logging_mixin.py:188} INFO - [2025-12-14T17:08:54.349+0000] {dagbag.py:540} INFO - Filling up the DagBag from /home/airflow/.local/lib/python3.12/site-packages/airflow/example_dags/example_sensors.py
[2025-12-14T17:08:54.360+0000] {processor.py:840} INFO - DAG(s) 'example_sensors' retrieved from /home/airflow/.local/lib/python3.12/site-packages/airflow/example_dags/example_sensors.py
[2025-12-14T17:08:54.392+0000] {logging_mixin.py:188} INFO - [2025-12-14T17:08:54.391+0000] {dag.py:3096} INFO - Sync 1 DAGs
[2025-12-14T17:08:54.411+0000] {logging_mixin.py:188} INFO - [2025-12-14T17:08:54.411+0000] {dag.py:3954} INFO - Setting next_dagrun for example_sensors to None, run_after=None
[2025-12-14T17:08:54.435+0000] {processor.py:183} INFO - Processing /home/airflow/.local/lib/python3.12/site-packages/airflow/example_dags/example_sensors.py took 0.097 seconds
[2025-12-14T17:09:26.025+0000] {processor.py:161} INFO - Started process (PID=429) to work on /home/airflow/.local/lib/python3.12/site-packages/airflow/example_dags/example_sensors.py
[2025-12-14T17:09:26.027+0000] {processor.py:830} INFO - Processing file /home/airflow/.local/lib/python3.12/site-packages/airflow/example_dags/example_sensors.py for tasks to queue
[2025-12-14T17:09:26.031+0000] {logging_mixin.py:188} INFO - [2025-12-14T17:09:26.030+0000] {dagbag.py:540} INFO - Filling up the DagBag from /home/airflow/.local/lib/python3.12/site-packages/airflow/example_dags/example_sensors.py
[2025-12-14T17:09:26.043+0000] {processor.py:840} INFO - DAG(s) 'example_sensors' retrieved from /home/airflow/.local/lib/python3.12/site-packages/airflow/example_dags/example_sensors.py
[2025-12-14T17:09:26.085+0000] {logging_mixin.py:188} INFO - [2025-12-14T17:09:26.085+0000] {dag.py:3096} INFO - Sync 1 DAGs
[2025-12-14T17:09:26.104+0000] {logging_mixin.py:188} INFO - [2025-12-14T17:09:26.104+0000] {dag.py:3954} INFO - Setting next_dagrun for example_sensors to None, run_after=None
[2025-12-14T17:09:26.133+0000] {processor.py:183} INFO - Processing /home/airflow/.local/lib/python3.12/site-packages/airflow/example_dags/example_sensors.py took 0.117 seconds
[2025-12-14T17:09:57.420+0000] {processor.py:161} INFO - Started process (PID=500) to work on /home/airflow/.local/lib/python3.12/site-packages/airflow/example_dags/example_sensors.py
[2025-12-14T17:09:57.421+0000] {processor.py:830} INFO - Processing file /home/airflow/.local/lib/python3.12/site-packages/airflow/example_dags/example_sensors.py for tasks to queue
[2025-12-14T17:09:57.424+0000] {logging_mixin.py:188} INFO - [2025-12-14T17:09:57.424+0000] {dagbag.py:540} INFO - Filling up the DagBag from /home/airflow/.local/lib/python3.12/site-packages/airflow/example_dags/example_sensors.py
[2025-12-14T17:09:57.436+0000] {processor.py:840} INFO - DAG(s) 'example_sensors' retrieved from /home/airflow/.local/lib/python3.12/site-packages/airflow/example_dags/example_sensors.py
[2025-12-14T17:09:57.474+0000] {logging_mixin.py:188} INFO - [2025-12-14T17:09:57.473+0000] {dag.py:3096} INFO - Sync 1 DAGs
[2025-12-14T17:09:57.490+0000] {logging_mixin.py:188} INFO - [2025-12-14T17:09:57.489+0000] {dag.py:3954} INFO - Setting next_dagrun for example_sensors to None, run_after=None
[2025-12-14T17:09:57.513+0000] {processor.py:183} INFO - Processing /home/airflow/.local/lib/python3.12/site-packages/airflow/example_dags/example_sensors.py took 0.101 seconds
[2025-12-14T17:10:27.743+0000] {processor.py:161} INFO - Started process (PID=571) to work on /home/airflow/.local/lib/python3.12/site-packages/airflow/example_dags/example_sensors.py
[2025-12-14T17:10:27.745+0000] {processor.py:830} INFO - Processing file /home/airflow/.local/lib/python3.12/site-packages/airflow/example_dags/example_sensors.py for tasks to queue
[2025-12-14T17:10:27.747+0000] {logging_mixin.py:188} INFO - [2025-12-14T17:10:27.747+0000] {dagbag.py:540} INFO - Filling up the DagBag from /home/airflow/.local/lib/python3.12/site-packages/airflow/example_dags/example_sensors.py
[2025-12-14T17:10:27.758+0000] {processor.py:840} INFO - DAG(s) 'example_sensors' retrieved from /home/airflow/.local/lib/python3.12/site-packages/airflow/example_dags/example_sensors.py
[2025-12-14T17:10:27.792+0000] {logging_mixin.py:188} INFO - [2025-12-14T17:10:27.792+0000] {dag.py:3096} INFO - Sync 1 DAGs
[2025-12-14T17:10:27.808+0000] {logging_mixin.py:188} INFO - [2025-12-14T17:10:27.807+0000] {dag.py:3954} INFO - Setting next_dagrun for example_sensors to None, run_after=None
[2025-12-14T17:10:27.832+0000] {processor.py:183} INFO - Processing /home/airflow/.local/lib/python3.12/site-packages/airflow/example_dags/example_sensors.py took 0.097 seconds
[2025-12-14T17:10:58.337+0000] {processor.py:161} INFO - Started process (PID=642) to work on /home/airflow/.local/lib/python3.12/site-packages/airflow/example_dags/example_sensors.py
[2025-12-14T17:10:58.339+0000] {processor.py:830} INFO - Processing file /home/airflow/.local/lib/python3.12/site-packages/airflow/example_dags/example_sensors.py for tasks to queue
[2025-12-14T17:10:58.341+0000] {logging_mixin.py:188} INFO - [2025-12-14T17:10:58.341+0000] {dagbag.py:540} INFO - Filling up the DagBag from /home/airflow/.local/lib/python3.12/site-packages/airflow/example_dags/example_sensors.py
[2025-12-14T17:10:58.357+0000] {processor.py:840} INFO - DAG(s) 'example_sensors' retrieved from /home/airflow/.local/lib/python3.12/site-packages/airflow/example_dags/example_sensors.py
[2025-12-14T17:10:58.397+0000] {logging_mixin.py:188} INFO - [2025-12-14T17:10:58.397+0000] {dag.py:3096} INFO - Sync 1 DAGs
[2025-12-14T17:10:58.412+0000] {logging_mixin.py:188} INFO - [2025-12-14T17:10:58.412+0000] {dag.py:3954} INFO - Setting next_dagrun for example_sensors to None, run_after=None
[2025-12-14T17:10:58.440+0000] {processor.py:183} INFO - Processing /home/airflow/.local/lib/python3.12/site-packages/airflow/example_dags/example_sensors.py took 0.111 seconds
[2025-12-14T17:11:29.003+0000] {processor.py:161} INFO - Started process (PID=713) to work on /home/airflow/.local/lib/python3.12/site-packages/airflow/example_dags/example_sensors.py
[2025-12-14T17:11:29.005+0000] {processor.py:830} INFO - Processing file /home/airflow/.local/lib/python3.12/site-packages/airflow/example_dags/example_sensors.py for tasks to queue
[2025-12-14T17:11:29.009+0000] {logging_mixin.py:188} INFO - [2025-12-14T17:11:29.008+0000] {dagbag.py:540} INFO - Filling up the DagBag from /home/airflow/.local/lib/python3.12/site-packages/airflow/example_dags/example_sensors.py
[2025-12-14T17:11:29.023+0000] {processor.py:840} INFO - DAG(s) 'example_sensors' retrieved from /home/airflow/.local/lib/python3.12/site-packages/airflow/example_dags/example_sensors.py
[2025-12-14T17:11:29.063+0000] {logging_mixin.py:188} INFO - [2025-12-14T17:11:29.062+0000] {dag.py:3096} INFO - Sync 1 DAGs
[2025-12-14T17:11:29.081+0000] {logging_mixin.py:188} INFO - [2025-12-14T17:11:29.080+0000] {dag.py:3954} INFO - Setting next_dagrun for example_sensors to None, run_after=None
[2025-12-14T17:11:29.112+0000] {processor.py:183} INFO - Processing /home/airflow/.local/lib/python3.12/site-packages/airflow/example_dags/example_sensors.py took 0.117 seconds
[2025-12-14T17:11:59.243+0000] {processor.py:161} INFO - Started process (PID=784) to work on /home/airflow/.local/lib/python3.12/site-packages/airflow/example_dags/example_sensors.py
[2025-12-14T17:11:59.245+0000] {processor.py:830} INFO - Processing file /home/airflow/.local/lib/python3.12/site-packages/airflow/example_dags/example_sensors.py for tasks to queue
[2025-12-14T17:11:59.248+0000] {logging_mixin.py:188} INFO - [2025-12-14T17:11:59.248+0000] {dagbag.py:540} INFO - Filling up the DagBag from /home/airflow/.local/lib/python3.12/site-packages/airflow/example_dags/example_sensors.py
[2025-12-14T17:11:59.262+0000] {processor.py:840} INFO - DAG(s) 'example_sensors' retrieved from /home/airflow/.local/lib/python3.12/site-packages/airflow/example_dags/example_sensors.py
[2025-12-14T17:11:59.298+0000] {logging_mixin.py:188} INFO - [2025-12-14T17:11:59.297+0000] {dag.py:3096} INFO - Sync 1 DAGs
[2025-12-14T17:11:59.320+0000] {logging_mixin.py:188} INFO - [2025-12-14T17:11:59.319+0000] {dag.py:3954} INFO - Setting next_dagrun for example_sensors to None, run_after=None
[2025-12-14T17:11:59.351+0000] {processor.py:183} INFO - Processing /home/airflow/.local/lib/python3.12/site-packages/airflow/example_dags/example_sensors.py took 0.116 seconds
[2025-12-14T17:12:29.672+0000] {processor.py:161} INFO - Started process (PID=855) to work on /home/airflow/.local/lib/python3.12/site-packages/airflow/example_dags/example_sensors.py
[2025-12-14T17:12:29.674+0000] {processor.py:830} INFO - Processing file /home/airflow/.local/lib/python3.12/site-packages/airflow/example_dags/example_sensors.py for tasks to queue
[2025-12-14T17:12:29.677+0000] {logging_mixin.py:188} INFO - [2025-12-14T17:12:29.677+0000] {dagbag.py:540} INFO - Filling up the DagBag from /home/airflow/.local/lib/python3.12/site-packages/airflow/example_dags/example_sensors.py
[2025-12-14T17:12:29.691+0000] {processor.py:840} INFO - DAG(s) 'example_sensors' retrieved from /home/airflow/.local/lib/python3.12/site-packages/airflow/example_dags/example_sensors.py
[2025-12-14T17:12:29.730+0000] {logging_mixin.py:188} INFO - [2025-12-14T17:12:29.730+0000] {dag.py:3096} INFO - Sync 1 DAGs
[2025-12-14T17:12:29.749+0000] {logging_mixin.py:188} INFO - [2025-12-14T17:12:29.748+0000] {dag.py:3954} INFO - Setting next_dagrun for example_sensors to None, run_after=None
[2025-12-14T17:12:29.779+0000] {processor.py:183} INFO - Processing /home/airflow/.local/lib/python3.12/site-packages/airflow/example_dags/example_sensors.py took 0.117 seconds
[2025-12-14T17:13:00.398+0000] {processor.py:161} INFO - Started process (PID=927) to work on /home/airflow/.local/lib/python3.12/site-packages/airflow/example_dags/example_sensors.py
[2025-12-14T17:13:00.400+0000] {processor.py:830} INFO - Processing file /home/airflow/.local/lib/python3.12/site-packages/airflow/example_dags/example_sensors.py for tasks to queue
[2025-12-14T17:13:00.403+0000] {logging_mixin.py:188} INFO - [2025-12-14T17:13:00.402+0000] {dagbag.py:540} INFO - Filling up the DagBag from /home/airflow/.local/lib/python3.12/site-packages/airflow/example_dags/example_sensors.py
[2025-12-14T17:13:00.423+0000] {processor.py:840} INFO - DAG(s) 'example_sensors' retrieved from /home/airflow/.local/lib/python3.12/site-packages/airflow/example_dags/example_sensors.py
[2025-12-14T17:13:00.468+0000] {logging_mixin.py:188} INFO - [2025-12-14T17:13:00.468+0000] {dag.py:3096} INFO - Sync 1 DAGs
[2025-12-14T17:13:00.486+0000] {logging_mixin.py:188} INFO - [2025-12-14T17:13:00.486+0000] {dag.py:3954} INFO - Setting next_dagrun for example_sensors to None, run_after=None
[2025-12-14T17:13:00.510+0000] {processor.py:183} INFO - Processing /home/airflow/.local/lib/python3.12/site-packages/airflow/example_dags/example_sensors.py took 0.120 seconds
[2025-12-14T17:13:30.815+0000] {processor.py:161} INFO - Started process (PID=998) to work on /home/airflow/.local/lib/python3.12/site-packages/airflow/example_dags/example_sensors.py
[2025-12-14T17:13:30.816+0000] {processor.py:830} INFO - Processing file /home/airflow/.local/lib/python3.12/site-packages/airflow/example_dags/example_sensors.py for tasks to queue
[2025-12-14T17:13:30.819+0000] {logging_mixin.py:188} INFO - [2025-12-14T17:13:30.819+0000] {dagbag.py:540} INFO - Filling up the DagBag from /home/airflow/.local/lib/python3.12/site-packages/airflow/example_dags/example_sensors.py
[2025-12-14T17:13:30.830+0000] {processor.py:840} INFO - DAG(s) 'example_sensors' retrieved from /home/airflow/.local/lib/python3.12/site-packages/airflow/example_dags/example_sensors.py
[2025-12-14T17:13:30.864+0000] {logging_mixin.py:188} INFO - [2025-12-14T17:13:30.863+0000] {dag.py:3096} INFO - Sync 1 DAGs
[2025-12-14T17:13:30.880+0000] {logging_mixin.py:188} INFO - [2025-12-14T17:13:30.879+0000] {dag.py:3954} INFO - Setting next_dagrun for example_sensors to None, run_after=None
[2025-12-14T17:13:30.908+0000] {processor.py:183} INFO - Processing /home/airflow/.local/lib/python3.12/site-packages/airflow/example_dags/example_sensors.py took 0.102 seconds
[2025-12-14T17:14:01.662+0000] {processor.py:161} INFO - Started process (PID=1069) to work on /home/airflow/.local/lib/python3.12/site-packages/airflow/example_dags/example_sensors.py
[2025-12-14T17:14:01.663+0000] {processor.py:830} INFO - Processing file /home/airflow/.local/lib/python3.12/site-packages/airflow/example_dags/example_sensors.py for tasks to queue
[2025-12-14T17:14:01.666+0000] {logging_mixin.py:188} INFO - [2025-12-14T17:14:01.666+0000] {dagbag.py:540} INFO - Filling up the DagBag from /home/airflow/.local/lib/python3.12/site-packages/airflow/example_dags/example_sensors.py
[2025-12-14T17:14:01.677+0000] {processor.py:840} INFO - DAG(s) 'example_sensors' retrieved from /home/airflow/.local/lib/python3.12/site-packages/airflow/example_dags/example_sensors.py
[2025-12-14T17:14:01.708+0000] {logging_mixin.py:188} INFO - [2025-12-14T17:14:01.708+0000] {dag.py:3096} INFO - Sync 1 DAGs
[2025-12-14T17:14:01.724+0000] {logging_mixin.py:188} INFO - [2025-12-14T17:14:01.724+0000] {dag.py:3954} INFO - Setting next_dagrun for example_sensors to None, run_after=None
[2025-12-14T17:14:01.749+0000] {processor.py:183} INFO - Processing /home/airflow/.local/lib/python3.12/site-packages/airflow/example_dags/example_sensors.py took 0.094 seconds
[2025-12-14T17:14:32.250+0000] {processor.py:161} INFO - Started process (PID=1141) to work on /home/airflow/.local/lib/python3.12/site-packages/airflow/example_dags/example_sensors.py
[2025-12-14T17:14:32.252+0000] {processor.py:830} INFO - Processing file /home/airflow/.local/lib/python3.12/site-packages/airflow/example_dags/example_sensors.py for tasks to queue
[2025-12-14T17:14:32.254+0000] {logging_mixin.py:188} INFO - [2025-12-14T17:14:32.254+0000] {dagbag.py:540} INFO - Filling up the DagBag from /home/airflow/.local/lib/python3.12/site-packages/airflow/example_dags/example_sensors.py
[2025-12-14T17:14:32.265+0000] {processor.py:840} INFO - DAG(s) 'example_sensors' retrieved from /home/airflow/.local/lib/python3.12/site-packages/airflow/example_dags/example_sensors.py
[2025-12-14T17:14:32.294+0000] {logging_mixin.py:188} INFO - [2025-12-14T17:14:32.294+0000] {dag.py:3096} INFO - Sync 1 DAGs
[2025-12-14T17:14:32.307+0000] {logging_mixin.py:188} INFO - [2025-12-14T17:14:32.307+0000] {dag.py:3954} INFO - Setting next_dagrun for example_sensors to None, run_after=None
[2025-12-14T17:14:32.332+0000] {processor.py:183} INFO - Processing /home/airflow/.local/lib/python3.12/site-packages/airflow/example_dags/example_sensors.py took 0.089 seconds
[2025-12-14T17:15:03.189+0000] {processor.py:161} INFO - Started process (PID=1212) to work on /home/airflow/.local/lib/python3.12/site-packages/airflow/example_dags/example_sensors.py
[2025-12-14T17:15:03.190+0000] {processor.py:830} INFO - Processing file /home/airflow/.local/lib/python3.12/site-packages/airflow/example_dags/example_sensors.py for tasks to queue
[2025-12-14T17:15:03.193+0000] {logging_mixin.py:188} INFO - [2025-12-14T17:15:03.193+0000] {dagbag.py:540} INFO - Filling up the DagBag from /home/airflow/.local/lib/python3.12/site-packages/airflow/example_dags/example_sensors.py
[2025-12-14T17:15:03.204+0000] {processor.py:840} INFO - DAG(s) 'example_sensors' retrieved from /home/airflow/.local/lib/python3.12/site-packages/airflow/example_dags/example_sensors.py
[2025-12-14T17:15:03.384+0000] {logging_mixin.py:188} INFO - [2025-12-14T17:15:03.384+0000] {dag.py:3096} INFO - Sync 1 DAGs
[2025-12-14T17:15:03.395+0000] {logging_mixin.py:188} INFO - [2025-12-14T17:15:03.395+0000] {dag.py:3954} INFO - Setting next_dagrun for example_sensors to None, run_after=None
[2025-12-14T17:15:03.417+0000] {processor.py:183} INFO - Processing /home/airflow/.local/lib/python3.12/site-packages/airflow/example_dags/example_sensors.py took 0.236 seconds
[2025-12-14T17:15:34.208+0000] {processor.py:161} INFO - Started process (PID=1284) to work on /home/airflow/.local/lib/python3.12/site-packages/airflow/example_dags/example_sensors.py
[2025-12-14T17:15:34.209+0000] {processor.py:830} INFO - Processing file /home/airflow/.local/lib/python3.12/site-packages/airflow/example_dags/example_sensors.py for tasks to queue
[2025-12-14T17:15:34.211+0000] {logging_mixin.py:188} INFO - [2025-12-14T17:15:34.211+0000] {dagbag.py:540} INFO - Filling up the DagBag from /home/airflow/.local/lib/python3.12/site-packages/airflow/example_dags/example_sensors.py
[2025-12-14T17:15:34.221+0000] {processor.py:840} INFO - DAG(s) 'example_sensors' retrieved from /home/airflow/.local/lib/python3.12/site-packages/airflow/example_dags/example_sensors.py
[2025-12-14T17:15:34.250+0000] {logging_mixin.py:188} INFO - [2025-12-14T17:15:34.250+0000] {dag.py:3096} INFO - Sync 1 DAGs
[2025-12-14T17:15:34.264+0000] {logging_mixin.py:188} INFO - [2025-12-14T17:15:34.264+0000] {dag.py:3954} INFO - Setting next_dagrun for example_sensors to None, run_after=None
[2025-12-14T17:15:34.288+0000] {processor.py:183} INFO - Processing /home/airflow/.local/lib/python3.12/site-packages/airflow/example_dags/example_sensors.py took 0.087 seconds
[2025-12-14T17:16:04.475+0000] {processor.py:161} INFO - Started process (PID=1355) to work on /home/airflow/.local/lib/python3.12/site-packages/airflow/example_dags/example_sensors.py
[2025-12-14T17:16:04.477+0000] {processor.py:830} INFO - Processing file /home/airflow/.local/lib/python3.12/site-packages/airflow/example_dags/example_sensors.py for tasks to queue
[2025-12-14T17:16:04.480+0000] {logging_mixin.py:188} INFO - [2025-12-14T17:16:04.480+0000] {dagbag.py:540} INFO - Filling up the DagBag from /home/airflow/.local/lib/python3.12/site-packages/airflow/example_dags/example_sensors.py
[2025-12-14T17:16:04.491+0000] {processor.py:840} INFO - DAG(s) 'example_sensors' retrieved from /home/airflow/.local/lib/python3.12/site-packages/airflow/example_dags/example_sensors.py
[2025-12-14T17:16:04.522+0000] {logging_mixin.py:188} INFO - [2025-12-14T17:16:04.522+0000] {dag.py:3096} INFO - Sync 1 DAGs
[2025-12-14T17:16:04.539+0000] {logging_mixin.py:188} INFO - [2025-12-14T17:16:04.539+0000] {dag.py:3954} INFO - Setting next_dagrun for example_sensors to None, run_after=None
[2025-12-14T17:16:04.564+0000] {processor.py:183} INFO - Processing /home/airflow/.local/lib/python3.12/site-packages/airflow/example_dags/example_sensors.py took 0.099 seconds
