[2025-12-14T17:11:48.019+0000] {local_task_job_runner.py:120} INFO - ::group::Pre task execution logs
[2025-12-14T17:11:48.043+0000] {taskinstance.py:2073} INFO - Dependencies all met for dep_context=non-requeueable deps ti=<TaskInstance: mlops_train_pipeline.log_results manual__2025-12-14T17:11:37.061932+00:00 [queued]>
[2025-12-14T17:11:48.050+0000] {taskinstance.py:2073} INFO - Dependencies all met for dep_context=requeueable deps ti=<TaskInstance: mlops_train_pipeline.log_results manual__2025-12-14T17:11:37.061932+00:00 [queued]>
[2025-12-14T17:11:48.054+0000] {taskinstance.py:2303} INFO - Starting attempt 1 of 2
[2025-12-14T17:11:48.076+0000] {taskinstance.py:2327} INFO - Executing <Task(PythonOperator): log_results> on 2025-12-14 17:11:37.061932+00:00
[2025-12-14T17:11:48.096+0000] {warnings.py:110} WARNING - /home/***/.local/lib/python3.12/site-packages/***/task/task_runner/standard_task_runner.py:61: DeprecationWarning: This process (pid=210) is multi-threaded, use of fork() may lead to deadlocks in the child.
  pid = os.fork()

[2025-12-14T17:11:48.102+0000] {standard_task_runner.py:63} INFO - Started process 223 to run task
[2025-12-14T17:11:48.103+0000] {standard_task_runner.py:90} INFO - Running: ['***', 'tasks', 'run', 'mlops_train_pipeline', 'log_results', 'manual__2025-12-14T17:11:37.061932+00:00', '--job-id', '13', '--raw', '--subdir', 'DAGS_FOLDER/train_pipeline.py', '--cfg-path', '/tmp/tmpb2gtmrpe']
[2025-12-14T17:11:48.105+0000] {standard_task_runner.py:91} INFO - Job 13: Subtask log_results
[2025-12-14T17:11:48.210+0000] {task_command.py:426} INFO - Running <TaskInstance: mlops_train_pipeline.log_results manual__2025-12-14T17:11:37.061932+00:00 [running]> on host 744f631df68a
[2025-12-14T17:11:48.305+0000] {taskinstance.py:2644} INFO - Exporting env vars: AIRFLOW_CTX_DAG_OWNER='***' AIRFLOW_CTX_DAG_ID='mlops_train_pipeline' AIRFLOW_CTX_TASK_ID='log_results' AIRFLOW_CTX_EXECUTION_DATE='2025-12-14T17:11:37.061932+00:00' AIRFLOW_CTX_TRY_NUMBER='1' AIRFLOW_CTX_DAG_RUN_ID='manual__2025-12-14T17:11:37.061932+00:00'
[2025-12-14T17:11:48.307+0000] {taskinstance.py:430} INFO - ::endgroup::
[2025-12-14T17:11:48.310+0000] {logging_mixin.py:188} INFO - SUCCESS: Model found at /opt/***/dags/model.pkl
[2025-12-14T17:11:48.311+0000] {python.py:237} INFO - Done. Returned value was: None
[2025-12-14T17:11:48.311+0000] {taskinstance.py:441} INFO - ::group::Post task execution logs
[2025-12-14T17:11:48.325+0000] {taskinstance.py:1205} INFO - Marking task as SUCCESS. dag_id=mlops_train_pipeline, task_id=log_results, execution_date=20251214T171137, start_date=20251214T171148, end_date=20251214T171148
[2025-12-14T17:11:48.360+0000] {local_task_job_runner.py:240} INFO - Task exited with return code 0
[2025-12-14T17:11:48.382+0000] {taskinstance.py:3482} INFO - 0 downstream tasks scheduled from follow-on schedule check
[2025-12-14T17:11:48.385+0000] {local_task_job_runner.py:222} INFO - ::endgroup::
